#
# A fatal error has been detected by the Java Runtime Environment:
#
#  SIGSEGV (0xb) at pc=0x00007f6ac15ae060, pid=13820, tid=140097914566400
#
# JRE version: Java(TM) SE Runtime Environment (8.0_66-b17) (build 1.8.0_66-b17)
# Java VM: Java HotSpot(TM) 64-Bit Server VM (25.66-b17 mixed mode linux-amd64 compressed oops)
# Problematic frame:
# C  0x00007f6ac15ae060
#
# Failed to write core dump. Core dumps have been disabled. To enable core dumping, try "ulimit -c unlimited" before starting Java again
#
# If you would like to submit a bug report, please visit:
#   http://bugreport.java.com/bugreport/crash.jsp
#

---------------  T H R E A D  ---------------

Current thread (0x00007f6b1000a000):  JavaThread "main" [_thread_in_Java, id=13822, stack(0x00007f6b165e7000,0x00007f6b166e8000)]

siginfo: si_signo: 11 (SIGSEGV), si_code: 1 (SEGV_MAPERR), si_addr: 0x00007f6ac15ae060

Registers:
RAX=0x00007f6afd37ccb8, RBX=0x00007f6afd37ccb8, RCX=0x00000000ebee7140, RDX=0x0000000000000000
RSP=0x00007f6b166e59e8, RBP=0x00007f6b166e5a48, RSI=0x00000000ebee7140, RDI=0x0000000000000791
R8 =0x0000000000000000, R9 =0x00000000ebfad478, R10=0x00007f6b15ac2260, R11=0x00007f6b00766d40
R12=0x0000000000000000, R13=0x00007f6b166e5a00, R14=0x0000000000000000, R15=0x00007f6b1000a000
RIP=0x00007f6ac15ae060, EFLAGS=0x0000000000010206, CSGSFS=0x0000000000000033, ERR=0x0000000000000014
  TRAPNO=0x000000000000000e

Top of Stack: (sp=0x00007f6b166e59e8)
0x00007f6b166e59e8:   00007f6b005b03d0 00007f6b005b03d0
0x00007f6b166e59f8:   00007f6b005b03d0 00000000ebee7140
0x00007f6b166e5a08:   00007f6b166e5a08 00007f6afd6f1645
0x00007f6b166e5a18:   00007f6b166e5ac0 00007f6afd6f1e80
0x00007f6b166e5a28:   0000000000000000 00007f6afd6f1738
0x00007f6b166e5a38:   00007f6b166e5a00 00007f6b166e5ab0
0x00007f6b166e5a48:   00007f6b166e5b08 00007f6b005b098d
0x00007f6b166e5a58:   00000000ebee70c8 00000000ebfaff00
0x00007f6b166e5a68:   00000000ebfafee8 00000000ebfa54b8
0x00007f6b166e5a78:   00000000eaf46ef8 00000000eaf46ef8
0x00007f6b166e5a88:   00000000ebf67d50 00000000ebee70b0
0x00007f6b166e5a98:   0000000000000059 00000000ebfabf88
0x00007f6b166e5aa8:   00000000ebfa55d8 0000000000000108
0x00007f6b166e5ab8:   00000000ebfa53d8 00000000ebfa4928
0x00007f6b166e5ac8:   00007f6b166e5ac8 00007f6afd6f0eb0
0x00007f6b166e5ad8:   00007f6b166e5b88 00007f6afd6f1e80
0x00007f6b166e5ae8:   0000000000000000 00007f6afd6f0f88
0x00007f6b166e5af8:   00007f6b166e5ab0 00007f6b166e5b88
0x00007f6b166e5b08:   00007f6b166e5bd0 00007f6b005b098d
0x00007f6b166e5b18:   0000000000000000 0000000000000000
0x00007f6b166e5b28:   0000000000000000 0000000000000000
0x00007f6b166e5b38:   0000000000000000 00000000eaf38020
0x00007f6b166e5b48:   00000000ebfa5548 00000000eaf46ee8
0x00007f6b166e5b58:   0000000000000003 00000000ebfa53d8
0x00007f6b166e5b68:   00000000ebf16638 0000000000000003
0x00007f6b166e5b78:   00000000ebfa5338 0000000000000108
0x00007f6b166e5b88:   00000000ebfa4928 00007f6b166e5b90
0x00007f6b166e5b98:   00007f6afd6f0c62 00007f6b166e5be8
0x00007f6b166e5ba8:   00007f6afd6f1e80 0000000000000000
0x00007f6b166e5bb8:   00007f6afd6f0c88 00007f6b166e5b88
0x00007f6b166e5bc8:   00007f6b166e5be8 00007f6b166e5c30
0x00007f6b166e5bd8:   00007f6b005b098d 00000000ebfa4928 

Instructions: (pc=0x00007f6ac15ae060)
0x00007f6ac15ae040:   
[error occurred during error reporting (printing registers, top of stack, instructions near pc), id 0xb]

Register to memory mapping:

RAX={method} {0x00007f6afd37ccb8} 'cardinality' '()I' in 'java/util/BitSet'
RBX={method} {0x00007f6afd37ccb8} 'cardinality' '()I' in 'java/util/BitSet'
RCX=0x00000000ebee7140 is an oop
java.util.BitSet 
 - klass: 'java/util/BitSet'
RDX=0x0000000000000000 is an unknown value
RSP=0x00007f6b166e59e8 is pointing into the stack for thread: 0x00007f6b1000a000
RBP=0x00007f6b166e5a48 is pointing into the stack for thread: 0x00007f6b1000a000
RSI=0x00000000ebee7140 is an oop
java.util.BitSet 
 - klass: 'java/util/BitSet'
RDI=0x0000000000000791 is an unknown value
R8 =0x0000000000000000 is an unknown value
R9 =0x00000000ebfad478 is an oop
[Ljava.lang.Object; 
 - klass: 'java/lang/Object'[]
 - length: 1
R10=0x00007f6b15ac2260: <offset 0xfb1260> in /usr/lib/jvm/java-8-oracle/jre/lib/amd64/server/libjvm.so at 0x00007f6b14b11000
R11=0x00007f6b00766d40 is at entry_point+32 in (nmethod*)0x00007f6b00766b90
R12=0x0000000000000000 is an unknown value
R13=0x00007f6b166e5a00 is pointing into the stack for thread: 0x00007f6b1000a000
R14=0x0000000000000000 is an unknown value
R15=0x00007f6b1000a000 is a thread


Stack: [0x00007f6b165e7000,0x00007f6b166e8000],  sp=0x00007f6b166e59e8,  free space=1018k
Native frames: (J=compiled Java code, j=interpreted, Vv=VM code, C=native code)
C  0x00007f6ac15ae060
j  com.android.dx.ssa.ConstCollector.run()V+232
j  com.android.dx.ssa.ConstCollector.process(Lcom/android/dx/ssa/SsaMethod;)V+10
j  com.android.dx.ssa.Optimizer.runSsaFormSteps(Lcom/android/dx/ssa/SsaMethod;Ljava/util/EnumSet;)V+95
j  com.android.dx.ssa.Optimizer.optimize(Lcom/android/dx/rop/code/RopMethod;IZZLcom/android/dx/rop/code/TranslationAdvice;Ljava/util/EnumSet;)Lcom/android/dx/rop/code/RopMethod;+24
j  com.android.dx.ssa.Optimizer.optimize(Lcom/android/dx/rop/code/RopMethod;IZZLcom/android/dx/rop/code/TranslationAdvice;)Lcom/android/dx/rop/code/RopMethod;+12
j  com.android.dx.dex.cf.CfTranslator.processMethods(Lcom/android/dx/cf/direct/DirectClassFile;Lcom/android/dx/dex/cf/CfOptions;Lcom/android/dx/dex/DexOptions;Lcom/android/dx/dex/file/ClassDefItem;Lcom/android/dx/dex/file/DexFile;)V+265
j  com.android.dx.dex.cf.CfTranslator.translate0(Lcom/android/dx/cf/direct/DirectClassFile;[BLcom/android/dx/dex/cf/CfOptions;Lcom/android/dx/dex/DexOptions;Lcom/android/dx/dex/file/DexFile;)Lcom/android/dx/dex/file/ClassDefItem;+120
j  com.android.dx.dex.cf.CfTranslator.translate(Lcom/android/dx/cf/direct/DirectClassFile;[BLcom/android/dx/dex/cf/CfOptions;Lcom/android/dx/dex/DexOptions;Lcom/android/dx/dex/file/DexFile;)Lcom/android/dx/dex/file/ClassDefItem;+6
j  com.android.dx.command.dexer.Main.processClass(Ljava/lang/String;[B)Z+251
j  com.android.dx.command.dexer.Main.processFileBytes(Ljava/lang/String;J[B)Z+188
j  com.android.dx.command.dexer.Main.access$300(Ljava/lang/String;J[B)Z+3
j  com.android.dx.command.dexer.Main$1.processFileBytes(Ljava/lang/String;J[B)Z+4
j  com.android.dx.cf.direct.ClassPathOpener.processOne(Ljava/io/File;Z)Z+82
j  com.android.dx.cf.direct.ClassPathOpener.processDirectory(Ljava/io/File;Z)Z+64
j  com.android.dx.cf.direct.ClassPathOpener.processOne(Ljava/io/File;Z)Z+10
j  com.android.dx.cf.direct.ClassPathOpener.processDirectory(Ljava/io/File;Z)Z+64
j  com.android.dx.cf.direct.ClassPathOpener.processOne(Ljava/io/File;Z)Z+10
j  com.android.dx.cf.direct.ClassPathOpener.processDirectory(Ljava/io/File;Z)Z+64
j  com.android.dx.cf.direct.ClassPathOpener.processOne(Ljava/io/File;Z)Z+10
j  com.android.dx.cf.direct.ClassPathOpener.processDirectory(Ljava/io/File;Z)Z+64
j  com.android.dx.cf.direct.ClassPathOpener.processOne(Ljava/io/File;Z)Z+10
j  com.android.dx.cf.direct.ClassPathOpener.process()Z+15
j  com.android.dx.command.dexer.Main.processOne(Ljava/lang/String;Lcom/android/dx/cf/direct/ClassPathOpener$FileNameFilter;)V+58
j  com.android.dx.command.dexer.Main.processAllFiles()Z+202
j  com.android.dx.command.dexer.Main.runMonoDex()I+58
j  com.android.dx.command.dexer.Main.run(Lcom/android/dx/command/dexer/Main$Arguments;)I+76
j  com.android.dx.command.dexer.Main.main([Ljava/lang/String;)V+14
j  com.android.dx.command.Main.main([Ljava/lang/String;)V+61
v  ~StubRoutines::call_stub
V  [libjvm.so+0x68bc46]  JavaCalls::call_helper(JavaValue*, methodHandle*, JavaCallArguments*, Thread*)+0x1056
V  [libjvm.so+0x6cd262]  jni_invoke_static(JNIEnv_*, JavaValue*, _jobject*, JNICallType, _jmethodID*, JNI_ArgumentPusher*, Thread*)+0x362
V  [libjvm.so+0x6e9c6a]  jni_CallStaticVoidMethod+0x17a
C  [libjli.so+0x7bcc]  JavaMain+0x80c
C  [libpthread.so.0+0x76aa]  start_thread+0xca


---------------  P R O C E S S  ---------------

Java Threads: ( => current thread )
  0x00007f6b100c2800 JavaThread "Service Thread" daemon [_thread_blocked, id=13840, stack(0x00007f6aef0d6000,0x00007f6aef1d7000)]
  0x00007f6b100bd800 JavaThread "C1 CompilerThread2" daemon [_thread_blocked, id=13839, stack(0x00007f6aef1d7000,0x00007f6aef2d8000)]
  0x00007f6b100bb800 JavaThread "C2 CompilerThread1" daemon [_thread_in_native, id=13838, stack(0x00007f6aef2d8000,0x00007f6aef3d9000)]
  0x00007f6b100b9000 JavaThread "C2 CompilerThread0" daemon [_thread_in_native, id=13837, stack(0x00007f6aef3d9000,0x00007f6aef4da000)]
  0x00007f6b100b7000 JavaThread "Signal Dispatcher" daemon [_thread_blocked, id=13836, stack(0x00007f6aef4da000,0x00007f6aef5db000)]
  0x00007f6b1007f800 JavaThread "Finalizer" daemon [_thread_blocked, id=13835, stack(0x00007f6aefcfd000,0x00007f6aefdfe000)]
  0x00007f6b1007d000 JavaThread "Reference Handler" daemon [_thread_blocked, id=13834, stack(0x00007f6aefdfe000,0x00007f6aefeff000)]
=>0x00007f6b1000a000 JavaThread "main" [_thread_in_Java, id=13822, stack(0x00007f6b165e7000,0x00007f6b166e8000)]

Other Threads:
  0x00007f6b10078000 VMThread [stack: 0x00007f6aefeff000,0x00007f6af0000000] [id=13833]
  0x00007f6b100c5800 WatcherThread [stack: 0x00007f6aeefd5000,0x00007f6aef0d6000] [id=13841]

VM state:not at safepoint (normal execution)

VM Mutex/Monitor currently owned by a thread: None

Heap:
 PSYoungGen      total 37888K, used 21250K [0x00000000eab00000, 0x00000000ed500000, 0x0000000100000000)
  eden space 32768K, 64% used [0x00000000eab00000,0x00000000ebfc0918,0x00000000ecb00000)
  from space 5120K, 0% used [0x00000000ed000000,0x00000000ed000000,0x00000000ed500000)
  to   space 5120K, 0% used [0x00000000ecb00000,0x00000000ecb00000,0x00000000ed000000)
 ParOldGen       total 86016K, used 0K [0x00000000c0000000, 0x00000000c5400000, 0x00000000eab00000)
  object space 86016K, 0% used [0x00000000c0000000,0x00000000c0000000,0x00000000c5400000)
 Metaspace       used 5232K, capacity 6768K, committed 7040K, reserved 1056768K
  class space    used 532K, capacity 616K, committed 640K, reserved 1048576K

Card table byte_map: [0x00007f6afffe8000,0x00007f6b001e9000] byte_map_base: 0x00007f6aff9e8000

Marking Bits: (ParMarkBitMap*) 0x00007f6b15ac0020
 Begin Bits: [0x00007f6afdbe4000, 0x00007f6afebe4000)
 End Bits:   [0x00007f6afebe4000, 0x00007f6affbe4000)

Polling page: 0x00007f6b1670d000

CodeCache: size=245760Kb used=3734Kb max_used=3746Kb free=242025Kb
 bounds [0x00007f6b005a9000, 0x00007f6b00959000, 0x00007f6b0f5a9000]
 total_blobs=1186 nmethods=932 adapters=170
 compilation: enabled

Compilation events (10 events):
Event: 1.074 Thread 0x00007f6b100bd800  937       3       com.android.dx.util.ByteArray::getByte0 (12 bytes)
Event: 1.074 Thread 0x00007f6b100bd800 nmethod 937 0x00007f6b00939710 code [0x00007f6b00939880, 0x00007f6b009399f0]
Event: 1.074 Thread 0x00007f6b100bd800  941       3       com.android.dx.rop.type.Type::isUninitialized (13 bytes)
Event: 1.074 Thread 0x00007f6b100bd800 nmethod 941 0x00007f6b00949d10 code [0x00007f6b00949e80, 0x00007f6b0094a030]
Event: 1.074 Thread 0x00007f6b100bd800  942       3       com.android.dx.ssa.SsaMethod::getEntryBlock (15 bytes)
Event: 1.074 Thread 0x00007f6b100bd800 nmethod 942 0x00007f6b0094cc90 code [0x00007f6b0094ce40, 0x00007f6b0094d318]
Event: 1.076 Thread 0x00007f6b100bd800  950       3       com.android.dx.ssa.ConstCollector$2::map (28 bytes)
Event: 1.076 Thread 0x00007f6b100bd800 nmethod 950 0x00007f6b00955590 code [0x00007f6b00955700, 0x00007f6b00955b28]
Event: 1.076 Thread 0x00007f6b100bb800 nmethod 943 0x00007f6b009498d0 code [0x00007f6b00949a20, 0x00007f6b00949c98]
Event: 1.076 Thread 0x00007f6b100bb800  861       4       com.android.dx.ssa.DeadCodeRemover$NoSideEffectVisitor::visitNonMoveInsn (28 bytes)

GC Heap History (0 events):
No events

Deoptimization events (10 events):
Event: 0.874 Thread 0x00007f6b1000a000 Uncommon trap: reason=class_check action=maybe_recompile pc=0x00007f6b007b4490 method=com.android.dx.ssa.NormalSsaInsn.accept(Lcom/android/dx/ssa/SsaInsn$Visitor;)V @ 9
Event: 0.874 Thread 0x00007f6b1000a000 Uncommon trap: reason=class_check action=maybe_recompile pc=0x00007f6b007c63d4 method=com.android.dx.ssa.NormalSsaInsn.accept(Lcom/android/dx/ssa/SsaInsn$Visitor;)V @ 9
Event: 0.903 Thread 0x00007f6b1000a000 Uncommon trap: reason=class_check action=maybe_recompile pc=0x00007f6b00822e94 method=java.util.Collections$UnmodifiableCollection$1.hasNext()Z @ 4
Event: 0.903 Thread 0x00007f6b1000a000 Uncommon trap: reason=class_check action=maybe_recompile pc=0x00007f6b00822e94 method=java.util.Collections$UnmodifiableCollection$1.hasNext()Z @ 4
Event: 0.903 Thread 0x00007f6b1000a000 Uncommon trap: reason=class_check action=maybe_recompile pc=0x00007f6b00822e94 method=java.util.Collections$UnmodifiableCollection$1.hasNext()Z @ 4
Event: 0.905 Thread 0x00007f6b1000a000 Uncommon trap: reason=class_check action=maybe_recompile pc=0x00007f6b00822e94 method=java.util.Collections$UnmodifiableCollection$1.hasNext()Z @ 4
Event: 0.916 Thread 0x00007f6b1000a000 Uncommon trap: reason=unstable_if action=reinterpret pc=0x00007f6b00823290 method=com.android.dx.rop.code.RegisterSpecSet.put(Lcom/android/dx/rop/code/RegisterSpec;)V @ 77
Event: 0.916 Thread 0x00007f6b1000a000 Uncommon trap: reason=unstable_if action=reinterpret pc=0x00007f6b00869c84 method=com.android.dx.rop.code.RegisterSpecSet.put(Lcom/android/dx/rop/code/RegisterSpec;)V @ 77
Event: 1.037 Thread 0x00007f6b1000a000 Uncommon trap: reason=bimorphic action=maybe_recompile pc=0x00007f6b007a45e0 method=java.util.HashMap.getNode(ILjava/lang/Object;)Ljava/util/HashMap$Node; @ 126
Event: 1.039 Thread 0x00007f6b1000a000 Uncommon trap: reason=bimorphic action=maybe_recompile pc=0x00007f6b007a45e0 method=java.util.HashMap.getNode(ILjava/lang/Object;)Ljava/util/HashMap$Node; @ 126

Internal exceptions (2 events):
Event: 0.127 Thread 0x00007f6b1000a000 Exception <a 'java/lang/NoSuchMethodError': Method sun.misc.Unsafe.defineClass(Ljava/lang/String;[BII)Ljava/lang/Class; name or signature does not match> (0x00000000eab12b90) thrown at [/HUDSON/workspace/8-2-build-linux-amd64/jdk8u66/4988/hotspot/src/shar
Event: 0.127 Thread 0x00007f6b1000a000 Exception <a 'java/lang/NoSuchMethodError': Method sun.misc.Unsafe.prefetchRead(Ljava/lang/Object;J)V name or signature does not match> (0x00000000eab12e78) thrown at [/HUDSON/workspace/8-2-build-linux-amd64/jdk8u66/4988/hotspot/src/share/vm/prims/jni.cpp

Events (10 events):
Event: 0.935 Thread 0x00007f6b1000a000 DEOPT PACKING pc=0x00007f6b0075b1e2 sp=0x00007f6b166e5a30
Event: 0.935 Thread 0x00007f6b1000a000 DEOPT UNPACKING pc=0x00007f6b005eff73 sp=0x00007f6b166e57c8 mode 0
Event: 1.008 loading class com/android/dx/dex/file/FieldAnnotationStruct
Event: 1.008 loading class com/android/dx/dex/file/FieldAnnotationStruct done
Event: 1.037 Thread 0x00007f6b1000a000 Uncommon trap: trap_request=0xffffffc6 fr.pc=0x00007f6b007a45e0
Event: 1.037 Thread 0x00007f6b1000a000 DEOPT PACKING pc=0x00007f6b007a45e0 sp=0x00007f6b166e59b0
Event: 1.037 Thread 0x00007f6b1000a000 DEOPT UNPACKING pc=0x00007f6b005adf69 sp=0x00007f6b166e58e8 mode 2
Event: 1.039 Thread 0x00007f6b1000a000 Uncommon trap: trap_request=0xffffffc6 fr.pc=0x00007f6b007a45e0
Event: 1.039 Thread 0x00007f6b1000a000 DEOPT PACKING pc=0x00007f6b007a45e0 sp=0x00007f6b166e59b0
Event: 1.039 Thread 0x00007f6b1000a000 DEOPT UNPACKING pc=0x00007f6b005adf69 sp=0x00007f6b166e58e8 mode 2


Dynamic libraries:
00400000-00401000 r-xp 00000000 08:12 4072075                            /usr/lib/jvm/java-8-oracle/bin/java
00600000-00601000 rw-p 00000000 08:12 4072075                            /usr/lib/jvm/java-8-oracle/bin/java
008ce000-008ef000 rw-p 00000000 00:00 0                                  [heap]
c0000000-c5400000 rw-p 00000000 00:00 0 
c5400000-eab00000 ---p 00000000 00:00 0 
eab00000-ed500000 rw-p 00000000 00:00 0 
ed500000-100000000 ---p 00000000 00:00 0 
100000000-1000a0000 rw-p 00000000 00:00 0 
1000a0000-140000000 ---p 00000000 00:00 0 
7f6ac4000000-7f6ac4021000 rw-p 00000000 00:00 0 
7f6ac4021000-7f6ac8000000 ---p 00000000 00:00 0 
7f6ac8000000-7f6ac8021000 rw-p 00000000 00:00 0 
7f6ac8021000-7f6acc000000 ---p 00000000 00:00 0 
7f6acc000000-7f6acc37d000 rw-p 00000000 00:00 0 
7f6acc37d000-7f6ad0000000 ---p 00000000 00:00 0 
7f6ad0000000-7f6ad054c000 rw-p 00000000 00:00 0 
7f6ad054c000-7f6ad4000000 ---p 00000000 00:00 0 
7f6ad4000000-7f6ad4021000 rw-p 00000000 00:00 0 
7f6ad4021000-7f6ad8000000 ---p 00000000 00:00 0 
7f6ad8000000-7f6ad82e3000 rw-p 00000000 00:00 0 
7f6ad82e3000-7f6adc000000 ---p 00000000 00:00 0 
7f6adc000000-7f6adc021000 rw-p 00000000 00:00 0 
7f6adc021000-7f6ae0000000 ---p 00000000 00:00 0 
7f6ae0000000-7f6ae0021000 rw-p 00000000 00:00 0 
7f6ae0021000-7f6ae4000000 ---p 00000000 00:00 0 
7f6ae4000000-7f6ae4021000 rw-p 00000000 00:00 0 
7f6ae4021000-7f6ae8000000 ---p 00000000 00:00 0 
7f6ae8000000-7f6ae8021000 rw-p 00000000 00:00 0 
7f6ae8021000-7f6aec000000 ---p 00000000 00:00 0 
7f6aeefd5000-7f6aeefd6000 ---p 00000000 00:00 0 
7f6aeefd6000-7f6aef0d6000 rw-p 00000000 00:00 0                          [stack:13841]
7f6aef0d6000-7f6aef0d9000 ---p 00000000 00:00 0 
7f6aef0d9000-7f6aef1d7000 rw-p 00000000 00:00 0                          [stack:13840]
7f6aef1d7000-7f6aef1da000 ---p 00000000 00:00 0 
7f6aef1da000-7f6aef2d8000 rw-p 00000000 00:00 0                          [stack:13839]
7f6aef2d8000-7f6aef2db000 ---p 00000000 00:00 0 
7f6aef2db000-7f6aef3d9000 rw-p 00000000 00:00 0                          [stack:13838]
7f6aef3d9000-7f6aef3dc000 ---p 00000000 00:00 0 
7f6aef3dc000-7f6aef4da000 rw-p 00000000 00:00 0                          [stack:13837]
7f6aef4da000-7f6aef4dd000 ---p 00000000 00:00 0 
7f6aef4dd000-7f6aef5db000 rw-p 00000000 00:00 0                          [stack:13836]
7f6aef5db000-7f6aefcfd000 r--p 00000000 08:12 3546878                    /usr/lib/locale/locale-archive
7f6aefcfd000-7f6aefd00000 ---p 00000000 00:00 0 
7f6aefd00000-7f6aefdfe000 rw-p 00000000 00:00 0                          [stack:13835]
7f6aefdfe000-7f6aefe01000 ---p 00000000 00:00 0 
7f6aefe01000-7f6aefeff000 rw-p 00000000 00:00 0                          [stack:13834]
7f6aefeff000-7f6aeff00000 ---p 00000000 00:00 0 
7f6aeff00000-7f6af0000000 rw-p 00000000 00:00 0                          [stack:13833]
7f6af0000000-7f6af0021000 rw-p 00000000 00:00 0 
7f6af0021000-7f6af4000000 ---p 00000000 00:00 0 
7f6af4000000-7f6af4021000 rw-p 00000000 00:00 0 
7f6af4021000-7f6af8000000 ---p 00000000 00:00 0 
7f6af8000000-7f6af8021000 rw-p 00000000 00:00 0 
7f6af8021000-7f6afc000000 ---p 00000000 00:00 0 
7f6afc023000-7f6afc032000 r--s 000dd000 08:12 1706690                    /opt/android-sdk-linux/build-tools/22.0.1/lib/dx.jar
7f6afc032000-7f6afc044000 r--s 001fc000 08:12 4196211                    /usr/lib/jvm/java-8-oracle/jre/lib/ext/ojdbc6.jar
7f6afc044000-7f6afcf95000 rw-p 00000000 00:00 0 
7f6afcf95000-7f6afd16e000 r--s 03d20000 08:12 4198918                    /usr/lib/jvm/java-8-oracle/jre/lib/rt.jar
7f6afd16e000-7f6afd824000 rw-p 00000000 00:00 0 
7f6afd824000-7f6afd9e4000 ---p 00000000 00:00 0 
7f6afd9e4000-7f6affbe4000 rw-p 00000000 00:00 0 
7f6affbe4000-7f6affbe5000 ---p 00000000 00:00 0 
7f6affbe5000-7f6affce5000 rw-p 00000000 00:00 0                          [stack:13832]
7f6affce5000-7f6affce6000 ---p 00000000 00:00 0 
7f6affce6000-7f6affde6000 rw-p 00000000 00:00 0                          [stack:13831]
7f6affde6000-7f6affde7000 ---p 00000000 00:00 0 
7f6affde7000-7f6affee7000 rw-p 00000000 00:00 0                          [stack:13830]
7f6affee7000-7f6affee8000 ---p 00000000 00:00 0 
7f6affee8000-7f6b00012000 rw-p 00000000 00:00 0                          [stack:13827]
7f6b00012000-7f6b0013d000 ---p 00000000 00:00 0 
7f6b0013d000-7f6b00153000 rw-p 00000000 00:00 0 
7f6b00153000-7f6b001e8000 ---p 00000000 00:00 0 
7f6b001e8000-7f6b001f8000 rw-p 00000000 00:00 0 
7f6b001f8000-7f6b005a9000 ---p 00000000 00:00 0 
7f6b005a9000-7f6b00959000 rwxp 00000000 00:00 0 
7f6b00959000-7f6b0f5a9000 ---p 00000000 00:00 0 
7f6b0f5a9000-7f6b0f5c3000 r-xp 00000000 08:12 4203595                    /usr/lib/jvm/java-8-oracle/jre/lib/amd64/libzip.so
7f6b0f5c3000-7f6b0f7c3000 ---p 0001a000 08:12 4203595                    /usr/lib/jvm/java-8-oracle/jre/lib/amd64/libzip.so
7f6b0f7c3000-7f6b0f7c4000 rw-p 0001a000 08:12 4203595                    /usr/lib/jvm/java-8-oracle/jre/lib/amd64/libzip.so
7f6b0f7c4000-7f6b0f7d0000 r-xp 00000000 08:12 265436                     /lib/x86_64-linux-gnu/libnss_files-2.21.so
7f6b0f7d0000-7f6b0f9cf000 ---p 0000c000 08:12 265436                     /lib/x86_64-linux-gnu/libnss_files-2.21.so
7f6b0f9cf000-7f6b0f9d0000 r--p 0000b000 08:12 265436                     /lib/x86_64-linux-gnu/libnss_files-2.21.so
7f6b0f9d0000-7f6b0f9d1000 rw-p 0000c000 08:12 265436                     /lib/x86_64-linux-gnu/libnss_files-2.21.so
7f6b0f9d1000-7f6b0f9dc000 r-xp 00000000 08:12 265447                     /lib/x86_64-linux-gnu/libnss_nis-2.21.so
7f6b0f9dc000-7f6b0fbdb000 ---p 0000b000 08:12 265447                     /lib/x86_64-linux-gnu/libnss_nis-2.21.so
7f6b0fbdb000-7f6b0fbdc000 r--p 0000a000 08:12 265447                     /lib/x86_64-linux-gnu/libnss_nis-2.21.so
7f6b0fbdc000-7f6b0fbdd000 rw-p 0000b000 08:12 265447                     /lib/x86_64-linux-gnu/libnss_nis-2.21.so
7f6b0fbdd000-7f6b0fbf4000 r-xp 00000000 08:12 265441                     /lib/x86_64-linux-gnu/libnsl-2.21.so
7f6b0fbf4000-7f6b0fdf3000 ---p 00017000 08:12 265441                     /lib/x86_64-linux-gnu/libnsl-2.21.so
7f6b0fdf3000-7f6b0fdf4000 r--p 00016000 08:12 265441                     /lib/x86_64-linux-gnu/libnsl-2.21.so
7f6b0fdf4000-7f6b0fdf5000 rw-p 00017000 08:12 265441                     /lib/x86_64-linux-gnu/libnsl-2.21.so
7f6b0fdf5000-7f6b0fdf7000 rw-p 00000000 00:00 0 
7f6b0fdf7000-7f6b0fdff000 r-xp 00000000 08:12 265437                     /lib/x86_64-linux-gnu/libnss_compat-2.21.so
7f6b0fdff000-7f6b0fffe000 ---p 00008000 08:12 265437                     /lib/x86_64-linux-gnu/libnss_compat-2.21.so
7f6b0fffe000-7f6b0ffff000 r--p 00007000 08:12 265437                     /lib/x86_64-linux-gnu/libnss_compat-2.21.so
7f6b0ffff000-7f6b10000000 rw-p 00008000 08:12 265437                     /lib/x86_64-linux-gnu/libnss_compat-2.21.so
7f6b10000000-7f6b10493000 rw-p 00000000 00:00 0 
7f6b10493000-7f6b14000000 ---p 00000000 00:00 0 
7f6b1400d000-7f6b1409a000 rw-p 00000000 00:00 0 
7f6b1409a000-7f6b141c6000 ---p 00000000 00:00 0 
7f6b141c6000-7f6b141f0000 r-xp 00000000 08:12 4203590                    /usr/lib/jvm/java-8-oracle/jre/lib/amd64/libjava.so
7f6b141f0000-7f6b143f0000 ---p 0002a000 08:12 4203590                    /usr/lib/jvm/java-8-oracle/jre/lib/amd64/libjava.so
7f6b143f0000-7f6b143f2000 rw-p 0002a000 08:12 4203590                    /usr/lib/jvm/java-8-oracle/jre/lib/amd64/libjava.so
7f6b143f2000-7f6b143ff000 r-xp 00000000 08:12 4203594                    /usr/lib/jvm/java-8-oracle/jre/lib/amd64/libverify.so
7f6b143ff000-7f6b145ff000 ---p 0000d000 08:12 4203594                    /usr/lib/jvm/java-8-oracle/jre/lib/amd64/libverify.so
7f6b145ff000-7f6b14601000 rw-p 0000d000 08:12 4203594                    /usr/lib/jvm/java-8-oracle/jre/lib/amd64/libverify.so
7f6b14601000-7f6b14608000 r-xp 00000000 08:12 265431                     /lib/x86_64-linux-gnu/librt-2.21.so
7f6b14608000-7f6b14807000 ---p 00007000 08:12 265431                     /lib/x86_64-linux-gnu/librt-2.21.so
7f6b14807000-7f6b14808000 r--p 00006000 08:12 265431                     /lib/x86_64-linux-gnu/librt-2.21.so
7f6b14808000-7f6b14809000 rw-p 00007000 08:12 265431                     /lib/x86_64-linux-gnu/librt-2.21.so
7f6b14809000-7f6b14910000 r-xp 00000000 08:12 265449                     /lib/x86_64-linux-gnu/libm-2.21.so
7f6b14910000-7f6b14b0f000 ---p 00107000 08:12 265449                     /lib/x86_64-linux-gnu/libm-2.21.so
7f6b14b0f000-7f6b14b10000 r--p 00106000 08:12 265449                     /lib/x86_64-linux-gnu/libm-2.21.so
7f6b14b10000-7f6b14b11000 rw-p 00107000 08:12 265449                     /lib/x86_64-linux-gnu/libm-2.21.so
7f6b14b11000-7f6b157cf000 r-xp 00000000 08:12 4201549                    /usr/lib/jvm/java-8-oracle/jre/lib/amd64/server/libjvm.so
7f6b157cf000-7f6b159ce000 ---p 00cbe000 08:12 4201549                    /usr/lib/jvm/java-8-oracle/jre/lib/amd64/server/libjvm.so
7f6b159ce000-7f6b15aa7000 rw-p 00cbd000 08:12 4201549                    /usr/lib/jvm/java-8-oracle/jre/lib/amd64/server/libjvm.so
7f6b15aa7000-7f6b15aeb000 rw-p 00000000 00:00 0 
7f6b15aeb000-7f6b15cab000 r-xp 00000000 08:12 265450                     /lib/x86_64-linux-gnu/libc-2.21.so
7f6b15cab000-7f6b15eab000 ---p 001c0000 08:12 265450                     /lib/x86_64-linux-gnu/libc-2.21.so
7f6b15eab000-7f6b15eaf000 r--p 001c0000 08:12 265450                     /lib/x86_64-linux-gnu/libc-2.21.so
7f6b15eaf000-7f6b15eb1000 rw-p 001c4000 08:12 265450                     /lib/x86_64-linux-gnu/libc-2.21.so
7f6b15eb1000-7f6b15eb5000 rw-p 00000000 00:00 0 
7f6b15eb5000-7f6b15eb8000 r-xp 00000000 08:12 265446                     /lib/x86_64-linux-gnu/libdl-2.21.so
7f6b15eb8000-7f6b160b7000 ---p 00003000 08:12 265446                     /lib/x86_64-linux-gnu/libdl-2.21.so
7f6b160b7000-7f6b160b8000 r--p 00002000 08:12 265446                     /lib/x86_64-linux-gnu/libdl-2.21.so
7f6b160b8000-7f6b160b9000 rw-p 00003000 08:12 265446                     /lib/x86_64-linux-gnu/libdl-2.21.so
7f6b160b9000-7f6b160ce000 r-xp 00000000 08:12 4198721                    /usr/lib/jvm/java-8-oracle/lib/amd64/jli/libjli.so
7f6b160ce000-7f6b162ce000 ---p 00015000 08:12 4198721                    /usr/lib/jvm/java-8-oracle/lib/amd64/jli/libjli.so
7f6b162ce000-7f6b162cf000 rw-p 00015000 08:12 4198721                    /usr/lib/jvm/java-8-oracle/lib/amd64/jli/libjli.so
7f6b162cf000-7f6b162e7000 r-xp 00000000 08:12 265432                     /lib/x86_64-linux-gnu/libpthread-2.21.so
7f6b162e7000-7f6b164e7000 ---p 00018000 08:12 265432                     /lib/x86_64-linux-gnu/libpthread-2.21.so
7f6b164e7000-7f6b164e8000 r--p 00018000 08:12 265432                     /lib/x86_64-linux-gnu/libpthread-2.21.so
7f6b164e8000-7f6b164e9000 rw-p 00019000 08:12 265432                     /lib/x86_64-linux-gnu/libpthread-2.21.so
7f6b164e9000-7f6b164ed000 rw-p 00000000 00:00 0 
7f6b164ed000-7f6b16511000 r-xp 00000000 08:12 265444                     /lib/x86_64-linux-gnu/ld-2.21.so
7f6b16515000-7f6b165e7000 rw-p 00000000 00:00 0 
7f6b165e7000-7f6b165ea000 ---p 00000000 00:00 0 
7f6b165ea000-7f6b166ec000 rw-p 00000000 00:00 0                          [stack:13822]
7f6b166ed000-7f6b16704000 rw-p 00000000 00:00 0 
7f6b16704000-7f6b1670c000 rw-s 00000000 08:12 4326301                    /tmp/hsperfdata_duke/13820
7f6b1670c000-7f6b1670d000 rw-p 00000000 00:00 0 
7f6b1670d000-7f6b1670e000 r--p 00000000 00:00 0 
7f6b1670e000-7f6b16710000 rw-p 00000000 00:00 0 
7f6b16710000-7f6b16711000 r--p 00023000 08:12 265444                     /lib/x86_64-linux-gnu/ld-2.21.so
7f6b16711000-7f6b16712000 rw-p 00024000 08:12 265444                     /lib/x86_64-linux-gnu/ld-2.21.so
7f6b16712000-7f6b16713000 rw-p 00000000 00:00 0 
7ffc13a2d000-7ffc13a4e000 rw-p 00000000 00:00 0                          [stack]
7ffc13b8b000-7ffc13b8d000 r--p 00000000 00:00 0                          [vvar]
7ffc13b8d000-7ffc13b8f000 r-xp 00000000 00:00 0                          [vdso]
ffffffffff600000-ffffffffff601000 r-xp 00000000 00:00 0                  [vsyscall]

VM Arguments:
jvm_args: -Xmx1024M -Dfile.encoding=UTF-8 -Duser.country=US -Duser.language=en -Duser.variant 
java_command: com.android.dx.command.Main --dex --output /home/duke/AndroidStudioProjects/MasterSahab/app/build/intermediates/dex/debug /home/duke/AndroidStudioProjects/MasterSahab/app/build/intermediates/classes/debug /home/duke/AndroidStudioProjects/MasterSahab/app/build/intermediates/pre-dexed/debug/support-annotations-23.1.0-149131c491be35e3d124446278d503abb54ec58a.jar /home/duke/AndroidStudioProjects/MasterSahab/app/build/intermediates/pre-dexed/debug/internal_impl-23.1.0-68dd1a7f8574ec1010780d01224e7f7f961b609d.jar /home/duke/AndroidStudioProjects/MasterSahab/app/build/intermediates/pre-dexed/debug/classes-a7978fbca45cb556bc78ba92279a75d463b5966e.jar /home/duke/AndroidStudioProjects/MasterSahab/app/build/intermediates/pre-dexed/debug/classes-15119f3aee5b6d8304b65a7150ff66c3b1b298bc.jar
java_class_path (initial): /opt/android-sdk-linux/build-tools/22.0.1/lib/dx.jar
Launcher Type: SUN_STANDARD

Environment Variables:
JAVA_HOME=/usr/lib/jvm/java-8-oracle
PATH=/usr/local/sbin:/usr/local/bin:/usr/sbin:/usr/bin:/sbin:/bin:/usr/games:/usr/local/games:/usr/lib/jvm/java-8-oracle/bin:/usr/lib/jvm/java-8-oracle/db/bin:/usr/lib/jvm/java-8-oracle/jre/bin
LD_LIBRARY_PATH=/home/duke/Apps/android-studio/bin:
SHELL=/bin/bash
DISPLAY=:0

Signal Handlers:
SIGSEGV: [libjvm.so+0xaba2a0], sa_mask[0]=11111111011111111101111111111110, sa_flags=SA_RESTART|SA_SIGINFO
SIGBUS: [libjvm.so+0xaba2a0], sa_mask[0]=11111111011111111101111111111110, sa_flags=SA_RESTART|SA_SIGINFO
SIGFPE: [libjvm.so+0x917710], sa_mask[0]=11111111011111111101111111111110, sa_flags=SA_RESTART|SA_SIGINFO
SIGPIPE: [libjvm.so+0x917710], sa_mask[0]=11111111011111111101111111111110, sa_flags=SA_RESTART|SA_SIGINFO
SIGXFSZ: [libjvm.so+0x917710], sa_mask[0]=11111111011111111101111111111110, sa_flags=SA_RESTART|SA_SIGINFO
SIGILL: [libjvm.so+0x917710], sa_mask[0]=11111111011111111101111111111110, sa_flags=SA_RESTART|SA_SIGINFO
SIGUSR1: SIG_DFL, sa_mask[0]=00000000000000000000000000000000, sa_flags=none
SIGUSR2: [libjvm.so+0x918d40], sa_mask[0]=00100000000000000000000000000000, sa_flags=SA_RESTART|SA_SIGINFO
SIGHUP: [libjvm.so+0x91a140], sa_mask[0]=11111111011111111101111111111110, sa_flags=SA_RESTART|SA_SIGINFO
SIGINT: [libjvm.so+0x91a140], sa_mask[0]=11111111011111111101111111111110, sa_flags=SA_RESTART|SA_SIGINFO
SIGTERM: [libjvm.so+0x91a140], sa_mask[0]=11111111011111111101111111111110, sa_flags=SA_RESTART|SA_SIGINFO
SIGQUIT: [libjvm.so+0x91a140], sa_mask[0]=11111111011111111101111111111110, sa_flags=SA_RESTART|SA_SIGINFO


---------------  S Y S T E M  ---------------

OS:DISTRIB_ID=Ubuntu
DISTRIB_RELEASE=15.10
DISTRIB_CODENAME=wily
DISTRIB_DESCRIPTION="Ubuntu 15.10"

uname:Linux 4.2.0-30-generic #36-Ubuntu SMP Fri Feb 26 00:58:07 UTC 2016 x86_64
libc:glibc 2.21 NPTL 2.21 
rlimit: STACK 8192k, CORE 0k, NPROC 31796, NOFILE 65536, AS infinity
load average:1.45 2.86 2.25

/proc/meminfo:
MemTotal:        8174560 kB
MemFree:          355048 kB
MemAvailable:    3804296 kB
Buffers:          349068 kB
Cached:          2941512 kB
SwapCached:           28 kB
Active:          5441100 kB
Inactive:        1827184 kB
Active(anon):    3598712 kB
Inactive(anon):   427252 kB
Active(file):    1842388 kB
Inactive(file):  1399932 kB
Unevictable:          32 kB
Mlocked:              32 kB
SwapTotal:       1998844 kB
SwapFree:        1998724 kB
Dirty:             12564 kB
Writeback:             0 kB
AnonPages:       3977740 kB
Mapped:           565248 kB
Shmem:             48272 kB
Slab:             301772 kB
SReclaimable:     249504 kB
SUnreclaim:        52268 kB
KernelStack:        9328 kB
PageTables:        34220 kB
NFS_Unstable:          0 kB
Bounce:                0 kB
WritebackTmp:          0 kB
CommitLimit:     6086124 kB
Committed_AS:    7401668 kB
VmallocTotal:   34359738367 kB
VmallocUsed:       90624 kB
VmallocChunk:   34359586812 kB
HardwareCorrupted:     0 kB
AnonHugePages:   2447360 kB
CmaTotal:              0 kB
CmaFree:               0 kB
HugePages_Total:       0
HugePages_Free:        0
HugePages_Rsvd:        0
HugePages_Surp:        0
Hugepagesize:       2048 kB
DirectMap4k:      385984 kB
DirectMap2M:     8001536 kB


CPU:total 4 (4 cores per cpu, 1 threads per core) family 6 model 15 stepping 11, cmov, cx8, fxsr, mmx, sse, sse2, sse3, ssse3, tsc

/proc/cpuinfo:
processor	: 0
vendor_id	: GenuineIntel
cpu family	: 6
model		: 15
model name	: Intel(R) Core(TM)2 Quad CPU    Q6600  @ 2.40GHz
stepping	: 11
microcode	: 0xba
cpu MHz		: 2400.000
cache size	: 4096 KB
physical id	: 0
siblings	: 4
core id		: 0
cpu cores	: 4
apicid		: 0
initial apicid	: 0
fpu		: yes
fpu_exception	: yes
cpuid level	: 10
wp		: yes
flags		: fpu vme de pse tsc msr pae mce cx8 apic sep mtrr pge mca cmov pat pse36 clflush dts acpi mmx fxsr sse sse2 ss ht tm pbe syscall nx lm constant_tsc arch_perfmon pebs bts rep_good nopl aperfmperf pni dtes64 monitor ds_cpl vmx est tm2 ssse3 cx16 xtpr pdcm lahf_lm dtherm tpr_shadow vnmi flexpriority
bugs		:
bogomips	: 4799.99
clflush size	: 64
cache_alignment	: 64
address sizes	: 36 bits physical, 48 bits virtual
power management:

processor	: 1
vendor_id	: GenuineIntel
cpu family	: 6
model		: 15
model name	: Intel(R) Core(TM)2 Quad CPU    Q6600  @ 2.40GHz
stepping	: 11
microcode	: 0xba
cpu MHz		: 2400.000
cache size	: 4096 KB
physical id	: 0
siblings	: 4
core id		: 3
cpu cores	: 4
apicid		: 3
initial apicid	: 3
fpu		: yes
fpu_exception	: yes
cpuid level	: 10
wp		: yes
flags		: fpu vme de pse tsc msr pae mce cx8 apic sep mtrr pge mca cmov pat pse36 clflush dts acpi mmx fxsr sse sse2 ss ht tm pbe syscall nx lm constant_tsc arch_perfmon pebs bts rep_good nopl aperfmperf pni dtes64 monitor ds_cpl vmx est tm2 ssse3 cx16 xtpr pdcm lahf_lm dtherm tpr_shadow vnmi flexpriority
bugs		:
bogomips	: 4799.99
clflush size	: 64
cache_alignment	: 64
address sizes	: 36 bits physical, 48 bits virtual
power management:

processor	: 2
vendor_id	: GenuineIntel
cpu family	: 6
model		: 15
model name	: Intel(R) Core(TM)2 Quad CPU    Q6600  @ 2.40GHz
stepping	: 11
microcode	: 0xba
cpu MHz		: 2400.000
cache size	: 4096 KB
physical id	: 0
siblings	: 4
core id		: 1
cpu cores	: 4
apicid		: 1
initial apicid	: 1
fpu		: yes
fpu_exception	: yes
cpuid level	: 10
wp		: yes
flags		: fpu vme de pse tsc msr pae mce cx8 apic sep mtrr pge mca cmov pat pse36 clflush dts acpi mmx fxsr sse sse2 ss ht tm pbe syscall nx lm constant_tsc arch_perfmon pebs bts rep_good nopl aperfmperf pni dtes64 monitor ds_cpl vmx est tm2 ssse3 cx16 xtpr pdcm lahf_lm dtherm tpr_shadow vnmi flexpriority
bugs		:
bogomips	: 4799.99
clflush size	: 64
cache_alignment	: 64
address sizes	: 36 bits physical, 48 bits virtual
power management:

processor	: 3
vendor_id	: GenuineIntel
cpu family	: 6
model		: 15
model name	: Intel(R) Core(TM)2 Quad CPU    Q6600  @ 2.40GHz
stepping	: 11
microcode	: 0xba
cpu MHz		: 2400.000
cache size	: 4096 KB
physical id	: 0
siblings	: 4
core id		: 2
cpu cores	: 4
apicid		: 2
initial apicid	: 2
fpu		: yes
fpu_exception	: yes
cpuid level	: 10
wp		: yes
flags		: fpu vme de pse tsc msr pae mce cx8 apic sep mtrr pge mca cmov pat pse36 clflush dts acpi mmx fxsr sse sse2 ss ht tm pbe syscall nx lm constant_tsc arch_perfmon pebs bts rep_good nopl aperfmperf pni dtes64 monitor ds_cpl vmx est tm2 ssse3 cx16 xtpr pdcm lahf_lm dtherm tpr_shadow vnmi flexpriority
bugs		:
bogomips	: 4799.99
clflush size	: 64
cache_alignment	: 64
address sizes	: 36 bits physical, 48 bits virtual
power management:



Memory: 4k page, physical 8174560k(355048k free), swap 1998844k(1998724k free)

vm_info: Java HotSpot(TM) 64-Bit Server VM (25.66-b17) for linux-amd64 JRE (1.8.0_66-b17), built on Oct  6 2015 17:28:34 by "java_re" with gcc 4.3.0 20080428 (Red Hat 4.3.0-8)

time: Wed Mar  9 08:32:32 2016
elapsed time: 1 seconds (0d 0h 0m 1s)

