#
# A fatal error has been detected by the Java Runtime Environment:
#
#  SIGSEGV (0xb) at pc=0x00007fccb6005060, pid=16667, tid=140518676678400
#
# JRE version: Java(TM) SE Runtime Environment (8.0_66-b17) (build 1.8.0_66-b17)
# Java VM: Java HotSpot(TM) 64-Bit Server VM (25.66-b17 mixed mode linux-amd64 compressed oops)
# Problematic frame:
# C  0x00007fccb6005060
#
# Failed to write core dump. Core dumps have been disabled. To enable core dumping, try "ulimit -c unlimited" before starting Java again
#
# If you would like to submit a bug report, please visit:
#   http://bugreport.java.com/bugreport/crash.jsp
#

---------------  T H R E A D  ---------------

Current thread (0x00007fcd0400a000):  JavaThread "main" [_thread_in_Java, id=16673, stack(0x00007fcd0dbec000,0x00007fcd0dced000)]

siginfo: si_signo: 11 (SIGSEGV), si_code: 1 (SEGV_MAPERR), si_addr: 0x00007fccb6005060

Registers:
RAX=0x00007fccf48077f0, RBX=0x00007fccf48077f0, RCX=0x00000000ed83a608, RDX=0x00000000ed83aab8
RSP=0x00007fcd0dceb528, RBP=0x00007fcd0dceb590, RSI=0x00000000ed83a608, RDI=0x00007fccf4ec3278
R8 =0x000000000000000a, R9 =0x000000000000001f, R10=0x00007fcd0d0c72c0, R11=0x00007fccf578d120
R12=0x0000000000000000, R13=0x00007fcd0dceb540, R14=0x00007fcd0dceb610, R15=0x00007fcd0400a000
RIP=0x00007fccb6005060, EFLAGS=0x0000000000010206, CSGSFS=0x0000000000000033, ERR=0x0000000000000014
  TRAPNO=0x000000000000000e

Top of Stack: (sp=0x00007fcd0dceb528)
0x00007fcd0dceb528:   00007fccf5007415 0000000000000a24
0x00007fcd0dceb538:   00007fccf5007415 00000000ed83aab8
0x00007fcd0dceb548:   00000000ed83a608 00007fcd0dceb550
0x00007fcd0dceb558:   00007fccf4ebff6d 00007fcd0dceb610
0x00007fcd0dceb568:   00007fccf4ec07f8 0000000000000000
0x00007fcd0dceb578:   00007fccf4ec0120 00007fcd0dceb540
0x00007fcd0dceb588:   00007fcd0dceb610 00007fcd0dceb658
0x00007fcd0dceb598:   00007fccf500798d 00000000ed83aa18
0x00007fcd0dceb5a8:   0000000000000001 0000000000000000
0x00007fcd0dceb5b8:   00000000ed83aab8 00000000ed83a608
0x00007fcd0dceb5c8:   00000000000013d1 0000000000000a24
0x00007fcd0dceb5d8:   0000000000000a9a 0000000000002900
0x00007fcd0dceb5e8:   0000000000002ad8 00000000ed6a19b8
0x00007fcd0dceb5f8:   00000000ed6a1968 00000000ed694e88
0x00007fcd0dceb608:   00000000ed694908 00000000ed6a1920
0x00007fcd0dceb618:   00007fcd0dceb618 00007fccf4eaf1c4
0x00007fcd0dceb628:   00007fcd0dceb668 00007fccf4eb2568
0x00007fcd0dceb638:   0000000000000000 00007fccf4eaf1e0
0x00007fcd0dceb648:   00007fcd0dceb610 00007fcd0dceb668
0x00007fcd0dceb658:   00007fcd0dceb6b0 00007fccf500798d
0x00007fcd0dceb668:   00000000ed695310 00007fcd0dceb670
0x00007fcd0dceb678:   00007fccf4eaed89 00007fcd0dceb6c0
0x00007fcd0dceb688:   00007fccf4eb2568 0000000000000000
0x00007fcd0dceb698:   00007fccf4eaee20 00007fcd0dceb668
0x00007fcd0dceb6a8:   00007fcd0dceb6c0 00007fcd0dceb708
0x00007fcd0dceb6b8:   00007fccf5007710 00000000ed695310
0x00007fcd0dceb6c8:   00007fcd0dceb6c8 00007fccf4eaeead
0x00007fcd0dceb6d8:   00007fcd0dceb750 00007fccf4eb2568
0x00007fcd0dceb6e8:   0000000000000000 00007fccf4eaf028
0x00007fcd0dceb6f8:   00007fcd0dceb6c0 00007fcd0dceb750
0x00007fcd0dceb708:   00007fcd0dceb798 00007fccf5007710
0x00007fcd0dceb718:   0000000000000000 0000000000000000 

Instructions: (pc=0x00007fccb6005060)
0x00007fccb6005040:   
[error occurred during error reporting (printing registers, top of stack, instructions near pc), id 0xb]

Register to memory mapping:

RAX={method} {0x00007fccf48077f0} 'compareTo' '(Ljava/lang/Object;)I' in 'java/lang/String'
RBX={method} {0x00007fccf48077f0} 'compareTo' '(Ljava/lang/Object;)I' in 'java/lang/String'
RCX=0x00000000ed83a608 is an oop
java.lang.String 
 - klass: 'java/lang/String'
RDX=0x00000000ed83aab8 is an oop
java.lang.String 
 - klass: 'java/lang/String'
RSP=0x00007fcd0dceb528 is pointing into the stack for thread: 0x00007fcd0400a000
RBP=0x00007fcd0dceb590 is pointing into the stack for thread: 0x00007fcd0400a000
RSI=0x00000000ed83a608 is an oop
java.lang.String 
 - klass: 'java/lang/String'
RDI=0x00007fccf4ec3278 is pointing into metadata
R8 =0x000000000000000a is an unknown value
R9 =0x000000000000001f is an unknown value
R10=0x00007fcd0d0c72c0: <offset 0xfb12c0> in /usr/lib/jvm/java-8-oracle/jre/lib/amd64/server/libjvm.so at 0x00007fcd0c116000
R11=0x00007fccf578d120 is at entry_point+32 in (nmethod*)0x00007fccf578cf90
R12=0x0000000000000000 is an unknown value
R13=0x00007fcd0dceb540 is pointing into the stack for thread: 0x00007fcd0400a000
R14=0x00007fcd0dceb610 is pointing into the stack for thread: 0x00007fcd0400a000
R15=0x00007fcd0400a000 is a thread


Stack: [0x00007fcd0dbec000,0x00007fcd0dced000],  sp=0x00007fcd0dceb528,  free space=1021k
Native frames: (J=compiled Java code, j=interpreted, Vv=VM code, C=native code)
C  0x00007fccb6005060
j  com.android.dx.merge.DexMerger.mergeStringIds()V+12
j  com.android.dx.merge.DexMerger.mergeDexes()Lcom/android/dex/Dex;+1
j  com.android.dx.merge.DexMerger.merge()Lcom/android/dex/Dex;+5
j  com.android.dx.command.dexer.Main.mergeLibraryDexBuffers([B)[B+69
j  com.android.dx.command.dexer.Main.runMonoDex()I+129
j  com.android.dx.command.dexer.Main.run(Lcom/android/dx/command/dexer/Main$Arguments;)I+76
j  com.android.dx.command.dexer.Main.main([Ljava/lang/String;)V+14
j  com.android.dx.command.Main.main([Ljava/lang/String;)V+61
v  ~StubRoutines::call_stub
V  [libjvm.so+0x68bc46]  JavaCalls::call_helper(JavaValue*, methodHandle*, JavaCallArguments*, Thread*)+0x1056
V  [libjvm.so+0x6cd262]  jni_invoke_static(JNIEnv_*, JavaValue*, _jobject*, JNICallType, _jmethodID*, JNI_ArgumentPusher*, Thread*)+0x362
V  [libjvm.so+0x6e9c6a]  jni_CallStaticVoidMethod+0x17a
C  [libjli.so+0x7bcc]  JavaMain+0x80c
C  [libpthread.so.0+0x76aa]  start_thread+0xca


---------------  P R O C E S S  ---------------

Java Threads: ( => current thread )
  0x00007fcd040c3000 JavaThread "Service Thread" daemon [_thread_blocked, id=16685, stack(0x00007fccee6cc000,0x00007fccee7cd000)]
  0x00007fcd040bd800 JavaThread "C1 CompilerThread2" daemon [_thread_blocked, id=16684, stack(0x00007fccee7cd000,0x00007fccee8ce000)]
  0x00007fcd040bb800 JavaThread "C2 CompilerThread1" daemon [_thread_in_vm, id=16683, stack(0x00007fccee8ce000,0x00007fccee9cf000)]
  0x00007fcd040b8800 JavaThread "C2 CompilerThread0" daemon [_thread_in_native, id=16682, stack(0x00007fccee9cf000,0x00007fcceead0000)]
  0x00007fcd040b7000 JavaThread "Signal Dispatcher" daemon [_thread_blocked, id=16681, stack(0x00007fcceead0000,0x00007fcceebd1000)]
  0x00007fcd0407f800 JavaThread "Finalizer" daemon [_thread_blocked, id=16680, stack(0x00007fccef2f3000,0x00007fccef3f4000)]
  0x00007fcd0407d000 JavaThread "Reference Handler" daemon [_thread_blocked, id=16679, stack(0x00007fccef3f4000,0x00007fccef4f5000)]
=>0x00007fcd0400a000 JavaThread "main" [_thread_in_Java, id=16673, stack(0x00007fcd0dbec000,0x00007fcd0dced000)]

Other Threads:
  0x00007fcd04078000 VMThread [stack: 0x00007fccef4f5000,0x00007fccef5f6000] [id=16678]
  0x00007fcd040c5800 WatcherThread [stack: 0x00007fccee5cb000,0x00007fccee6cc000] [id=16686]

VM state:not at safepoint (normal execution)

VM Mutex/Monitor currently owned by a thread: None

Heap:
 PSYoungGen      total 70656K, used 52001K [0x00000000eab00000, 0x00000000ef500000, 0x0000000100000000)
  eden space 65536K, 71% used [0x00000000eab00000,0x00000000ed8cbbc8,0x00000000eeb00000)
  from space 5120K, 99% used [0x00000000ef000000,0x00000000ef4fc990,0x00000000ef500000)
  to   space 5120K, 0% used [0x00000000eeb00000,0x00000000eeb00000,0x00000000ef000000)
 ParOldGen       total 86016K, used 4990K [0x00000000c0000000, 0x00000000c5400000, 0x00000000eab00000)
  object space 86016K, 5% used [0x00000000c0000000,0x00000000c04df830,0x00000000c5400000)
 Metaspace       used 7382K, capacity 8056K, committed 8192K, reserved 1056768K
  class space    used 706K, capacity 752K, committed 768K, reserved 1048576K

Card table byte_map: [0x00007fcd0a7b3000,0x00007fcd0a9b4000] byte_map_base: 0x00007fcd0a1b3000

Marking Bits: (ParMarkBitMap*) 0x00007fcd0d0c5020
 Begin Bits: [0x00007fcd08259000, 0x00007fcd09259000)
 End Bits:   [0x00007fcd09259000, 0x00007fcd0a259000)

Polling page: 0x00007fcd0dd12000

CodeCache: size=245760Kb used=8239Kb max_used=8250Kb free=237520Kb
 bounds [0x00007fccf5000000, 0x00007fccf5820000, 0x00007fcd04000000]
 total_blobs=2624 nmethods=2333 adapters=207
 compilation: enabled

Compilation events (10 events):
Event: 2.995 Thread 0x00007fcd040b8800 2363       4       java.nio.Buffer::limit (62 bytes)
Event: 2.995 Thread 0x00007fcd040bd800 nmethod 2361 0x00007fccf5812b50 code [0x00007fccf5812cc0, 0x00007fccf5812fb0]
Event: 2.995 Thread 0x00007fcd040bd800 2362       3       com.android.dex.Dex$Section::<init> (28 bytes)
Event: 2.995 Thread 0x00007fcd040bd800 nmethod 2362 0x00007fccf5812650 code [0x00007fccf58127c0, 0x00007fccf5812a50]
Event: 2.996 Thread 0x00007fcd040b8800 nmethod 2363 0x00007fccf5812310 code [0x00007fccf5812460, 0x00007fccf5812558]
Event: 2.996 Thread 0x00007fcd040bb800 2364       4       com.android.dx.merge.DexMerger$1::read (8 bytes)
Event: 2.996 Thread 0x00007fcd040b8800 2365       4       java.nio.HeapByteBuffer::put (54 bytes)
Event: 3.000 Thread 0x00007fcd040b8800 nmethod 2365 0x00007fccf5811d90 code [0x00007fccf5811f00, 0x00007fccf58120f8]
Event: 3.000 Thread 0x00007fcd040b8800 2366       4       java.lang.String::compareTo (9 bytes)
Event: 3.008 Thread 0x00007fcd040b8800 nmethod 2366 0x00007fccf5814a90 code [0x00007fccf5814be0, 0x00007fccf5814cf8]

GC Heap History (4 events):
Event: 1.082 GC heap before
{Heap before GC invocations=1 (full 0):
 PSYoungGen      total 37888K, used 32768K [0x00000000eab00000, 0x00000000ed500000, 0x0000000100000000)
  eden space 32768K, 100% used [0x00000000eab00000,0x00000000ecb00000,0x00000000ecb00000)
  from space 5120K, 0% used [0x00000000ed000000,0x00000000ed000000,0x00000000ed500000)
  to   space 5120K, 0% used [0x00000000ecb00000,0x00000000ecb00000,0x00000000ed000000)
 ParOldGen       total 86016K, used 0K [0x00000000c0000000, 0x00000000c5400000, 0x00000000eab00000)
  object space 86016K, 0% used [0x00000000c0000000,0x00000000c0000000,0x00000000c5400000)
 Metaspace       used 5346K, capacity 6832K, committed 7040K, reserved 1056768K
  class space    used 534K, capacity 616K, committed 640K, reserved 1048576K
Event: 1.160 GC heap after
Heap after GC invocations=1 (full 0):
 PSYoungGen      total 37888K, used 5099K [0x00000000eab00000, 0x00000000ef500000, 0x0000000100000000)
  eden space 32768K, 0% used [0x00000000eab00000,0x00000000eab00000,0x00000000ecb00000)
  from space 5120K, 99% used [0x00000000ecb00000,0x00000000ecffacc8,0x00000000ed000000)
  to   space 5120K, 0% used [0x00000000ef000000,0x00000000ef000000,0x00000000ef500000)
 ParOldGen       total 86016K, used 1073K [0x00000000c0000000, 0x00000000c5400000, 0x00000000eab00000)
  object space 86016K, 1% used [0x00000000c0000000,0x00000000c010c7d8,0x00000000c5400000)
 Metaspace       used 5346K, capacity 6832K, committed 7040K, reserved 1056768K
  class space    used 534K, capacity 616K, committed 640K, reserved 1048576K
}
Event: 1.820 GC heap before
{Heap before GC invocations=2 (full 0):
 PSYoungGen      total 37888K, used 37867K [0x00000000eab00000, 0x00000000ef500000, 0x0000000100000000)
  eden space 32768K, 100% used [0x00000000eab00000,0x00000000ecb00000,0x00000000ecb00000)
  from space 5120K, 99% used [0x00000000ecb00000,0x00000000ecffacc8,0x00000000ed000000)
  to   space 5120K, 0% used [0x00000000ef000000,0x00000000ef000000,0x00000000ef500000)
 ParOldGen       total 86016K, used 1073K [0x00000000c0000000, 0x00000000c5400000, 0x00000000eab00000)
  object space 86016K, 1% used [0x00000000c0000000,0x00000000c010c7d8,0x00000000c5400000)
 Metaspace       used 5573K, capacity 7024K, committed 7296K, reserved 1056768K
  class space    used 535K, capacity 616K, committed 640K, reserved 1048576K
Event: 1.887 GC heap after
Heap after GC invocations=2 (full 0):
 PSYoungGen      total 70656K, used 5106K [0x00000000eab00000, 0x00000000ef500000, 0x0000000100000000)
  eden space 65536K, 0% used [0x00000000eab00000,0x00000000eab00000,0x00000000eeb00000)
  from space 5120K, 99% used [0x00000000ef000000,0x00000000ef4fc990,0x00000000ef500000)
  to   space 5120K, 0% used [0x00000000eeb00000,0x00000000eeb00000,0x00000000ef000000)
 ParOldGen       total 86016K, used 4990K [0x00000000c0000000, 0x00000000c5400000, 0x00000000eab00000)
  object space 86016K, 5% used [0x00000000c0000000,0x00000000c04df830,0x00000000c5400000)
 Metaspace       used 5573K, capacity 7024K, committed 7296K, reserved 1056768K
  class space    used 535K, capacity 616K, committed 640K, reserved 1048576K
}

Deoptimization events (10 events):
Event: 2.634 Thread 0x00007fcd0400a000 Uncommon trap: reason=unstable_if action=reinterpret pc=0x00007fccf56d937c method=com.android.dx.util.ByteArrayAnnotatedOutput.ensureCapacity(I)V @ 6
Event: 2.674 Thread 0x00007fcd0400a000 Uncommon trap: reason=unstable_if action=reinterpret pc=0x00007fccf56f3910 method=com.android.dx.util.ByteArrayAnnotatedOutput.writeByte(I)V @ 13
Event: 2.718 Thread 0x00007fcd0400a000 Uncommon trap: reason=unstable_if action=reinterpret pc=0x00007fccf5716c60 method=com.android.dx.util.ByteArrayAnnotatedOutput.writeUleb128(I)I @ 4
Event: 2.718 Thread 0x00007fcd0400a000 Uncommon trap: reason=unstable_if action=reinterpret pc=0x00007fccf56ff4fc method=com.android.dx.util.ByteArrayAnnotatedOutput.writeByte(I)V @ 13
Event: 2.735 Thread 0x00007fcd0400a000 Uncommon trap: reason=unstable_if action=reinterpret pc=0x00007fccf5289d94 method=java.util.Arrays.copyOf([Ljava/lang/Object;ILjava/lang/Class;)[Ljava/lang/Object; @ 3
Event: 2.738 Thread 0x00007fcd0400a000 Uncommon trap: reason=class_check action=maybe_recompile pc=0x00007fccf563337c method=java.util.HashMap.putVal(ILjava/lang/Object;Ljava/lang/Object;ZZ)Ljava/lang/Object; @ 56
Event: 2.738 Thread 0x00007fcd0400a000 Uncommon trap: reason=class_check action=maybe_recompile pc=0x00007fccf563337c method=java.util.HashMap.putVal(ILjava/lang/Object;Ljava/lang/Object;ZZ)Ljava/lang/Object; @ 56
Event: 2.740 Thread 0x00007fcd0400a000 Uncommon trap: reason=bimorphic action=maybe_recompile pc=0x00007fccf5204848 method=java.util.HashMap.getNode(ILjava/lang/Object;)Ljava/util/HashMap$Node; @ 126
Event: 2.842 Thread 0x00007fcd0400a000 Uncommon trap: reason=unstable_if action=reinterpret pc=0x00007fccf5774454 method=java.util.HashMap.putVal(ILjava/lang/Object;Ljava/lang/Object;ZZ)Ljava/lang/Object; @ 162
Event: 2.842 Thread 0x00007fcd0400a000 Uncommon trap: reason=unstable_if action=reinterpret pc=0x00007fccf563b5c8 method=java.util.HashMap.resize()[Ljava/util/HashMap$Node; @ 206

Internal exceptions (3 events):
Event: 0.041 Thread 0x00007fcd0400a000 Exception <a 'java/lang/NoSuchMethodError': Method sun.misc.Unsafe.defineClass(Ljava/lang/String;[BII)Ljava/lang/Class; name or signature does not match> (0x00000000eab12b90) thrown at [/HUDSON/workspace/8-2-build-linux-amd64/jdk8u66/4988/hotspot/src/shar
Event: 0.041 Thread 0x00007fcd0400a000 Exception <a 'java/lang/NoSuchMethodError': Method sun.misc.Unsafe.prefetchRead(Ljava/lang/Object;J)V name or signature does not match> (0x00000000eab12e78) thrown at [/HUDSON/workspace/8-2-build-linux-amd64/jdk8u66/4988/hotspot/src/share/vm/prims/jni.cpp
Event: 1.247 Thread 0x00007fcd0400a000 Implicit null exception at 0x00007fccf53d2eb3 to 0x00007fccf53d4321

Events (10 events):
Event: 2.992 loading class java/util/Formatter$Conversion
Event: 2.992 loading class java/util/Formatter$Conversion done
Event: 2.992 loading class sun/misc/FormattedFloatingDecimal$Form
Event: 2.993 loading class sun/misc/FormattedFloatingDecimal$Form done
Event: 2.993 loading class sun/misc/FormattedFloatingDecimal
Event: 2.993 loading class sun/misc/FormattedFloatingDecimal done
Event: 2.993 loading class sun/misc/FormattedFloatingDecimal$1
Event: 2.993 loading class sun/misc/FormattedFloatingDecimal$1 done
Event: 2.993 loading class sun/misc/FormattedFloatingDecimal$2
Event: 2.993 loading class sun/misc/FormattedFloatingDecimal$2 done


Dynamic libraries:
00400000-00401000 r-xp 00000000 08:12 4072075                            /usr/lib/jvm/java-8-oracle/bin/java
00600000-00601000 rw-p 00000000 08:12 4072075                            /usr/lib/jvm/java-8-oracle/bin/java
00a96000-00ab7000 rw-p 00000000 00:00 0                                  [heap]
c0000000-c5400000 rw-p 00000000 00:00 0 
c5400000-eab00000 ---p 00000000 00:00 0 
eab00000-ef500000 rw-p 00000000 00:00 0 
ef500000-100000000 ---p 00000000 00:00 0 
100000000-1000c0000 rw-p 00000000 00:00 0 
1000c0000-140000000 ---p 00000000 00:00 0 
7fccb8000000-7fccb8021000 rw-p 00000000 00:00 0 
7fccb8021000-7fccbc000000 ---p 00000000 00:00 0 
7fccc0000000-7fccc099a000 rw-p 00000000 00:00 0 
7fccc099a000-7fccc4000000 ---p 00000000 00:00 0 
7fccc4000000-7fccc4021000 rw-p 00000000 00:00 0 
7fccc4021000-7fccc8000000 ---p 00000000 00:00 0 
7fccc8000000-7fccc88d1000 rw-p 00000000 00:00 0 
7fccc88d1000-7fcccc000000 ---p 00000000 00:00 0 
7fcccc000000-7fcccca84000 rw-p 00000000 00:00 0 
7fcccca84000-7fccd0000000 ---p 00000000 00:00 0 
7fccd0000000-7fccd0021000 rw-p 00000000 00:00 0 
7fccd0021000-7fccd4000000 ---p 00000000 00:00 0 
7fccd4000000-7fccd4021000 rw-p 00000000 00:00 0 
7fccd4021000-7fccd8000000 ---p 00000000 00:00 0 
7fccd8000000-7fccd8021000 rw-p 00000000 00:00 0 
7fccd8021000-7fccdc000000 ---p 00000000 00:00 0 
7fccdc000000-7fccdc021000 rw-p 00000000 00:00 0 
7fccdc021000-7fcce0000000 ---p 00000000 00:00 0 
7fcce0000000-7fcce0021000 rw-p 00000000 00:00 0 
7fcce0021000-7fcce4000000 ---p 00000000 00:00 0 
7fcce4000000-7fcce4021000 rw-p 00000000 00:00 0 
7fcce4021000-7fcce8000000 ---p 00000000 00:00 0 
7fcce8000000-7fcce8021000 rw-p 00000000 00:00 0 
7fcce8021000-7fccec000000 ---p 00000000 00:00 0 
7fccee5cb000-7fccee5cc000 ---p 00000000 00:00 0 
7fccee5cc000-7fccee6cc000 rw-p 00000000 00:00 0                          [stack:16686]
7fccee6cc000-7fccee6cf000 ---p 00000000 00:00 0 
7fccee6cf000-7fccee7cd000 rw-p 00000000 00:00 0                          [stack:16685]
7fccee7cd000-7fccee7d0000 ---p 00000000 00:00 0 
7fccee7d0000-7fccee8ce000 rw-p 00000000 00:00 0                          [stack:16684]
7fccee8ce000-7fccee8d1000 ---p 00000000 00:00 0 
7fccee8d1000-7fccee9cf000 rw-p 00000000 00:00 0                          [stack:16683]
7fccee9cf000-7fccee9d2000 ---p 00000000 00:00 0 
7fccee9d2000-7fcceead0000 rw-p 00000000 00:00 0                          [stack:16682]
7fcceead0000-7fcceead3000 ---p 00000000 00:00 0 
7fcceead3000-7fcceebd1000 rw-p 00000000 00:00 0                          [stack:16681]
7fcceebd1000-7fccef2f3000 r--p 00000000 08:12 3546878                    /usr/lib/locale/locale-archive
7fccef2f3000-7fccef2f6000 ---p 00000000 00:00 0 
7fccef2f6000-7fccef3f4000 rw-p 00000000 00:00 0                          [stack:16680]
7fccef3f4000-7fccef3f7000 ---p 00000000 00:00 0 
7fccef3f7000-7fccef4f5000 rw-p 00000000 00:00 0                          [stack:16679]
7fccef4f5000-7fccef4f6000 ---p 00000000 00:00 0 
7fccef4f6000-7fccf0000000 rw-p 00000000 00:00 0                          [stack:16678]
7fccf0000000-7fccf0021000 rw-p 00000000 00:00 0 
7fccf0021000-7fccf4000000 ---p 00000000 00:00 0 
7fccf403a000-7fccf4049000 r--s 000dd000 08:12 1706690                    /opt/android-sdk-linux/build-tools/22.0.1/lib/dx.jar
7fccf4049000-7fccf45b1000 rw-p 00000000 00:00 0 
7fccf45b1000-7fccf478a000 r--s 03d20000 08:12 4198918                    /usr/lib/jvm/java-8-oracle/jre/lib/rt.jar
7fccf478a000-7fccf4f40000 rw-p 00000000 00:00 0 
7fccf4f40000-7fccf5000000 ---p 00000000 00:00 0 
7fccf5000000-7fccf5820000 rwxp 00000000 00:00 0 
7fccf5820000-7fcd04000000 ---p 00000000 00:00 0 
7fcd04000000-7fcd04511000 rw-p 00000000 00:00 0 
7fcd04511000-7fcd08000000 ---p 00000000 00:00 0 
7fcd08000000-7fcd08005000 r--s 00096000 08:12 4198968                    /usr/lib/jvm/java-8-oracle/jre/lib/jsse.jar
7fcd08005000-7fcd08017000 r--s 001fc000 08:12 4196211                    /usr/lib/jvm/java-8-oracle/jre/lib/ext/ojdbc6.jar
7fcd08017000-7fcd0a259000 rw-p 00000000 00:00 0 
7fcd0a259000-7fcd0a25a000 ---p 00000000 00:00 0 
7fcd0a25a000-7fcd0a35a000 rw-p 00000000 00:00 0                          [stack:16677]
7fcd0a35a000-7fcd0a35b000 ---p 00000000 00:00 0 
7fcd0a35b000-7fcd0a45b000 rw-p 00000000 00:00 0                          [stack:16676]
7fcd0a45b000-7fcd0a45c000 ---p 00000000 00:00 0 
7fcd0a45c000-7fcd0a55c000 rw-p 00000000 00:00 0                          [stack:16675]
7fcd0a55c000-7fcd0a55d000 ---p 00000000 00:00 0 
7fcd0a55d000-7fcd0a687000 rw-p 00000000 00:00 0                          [stack:16674]
7fcd0a687000-7fcd0a7b3000 ---p 00000000 00:00 0 
7fcd0a7b3000-7fcd0a7dd000 rw-p 00000000 00:00 0 
7fcd0a7dd000-7fcd0a908000 ---p 00000000 00:00 0 
7fcd0a908000-7fcd0a92e000 rw-p 00000000 00:00 0 
7fcd0a92e000-7fcd0a9b3000 ---p 00000000 00:00 0 
7fcd0a9b3000-7fcd0a9d5000 rw-p 00000000 00:00 0 
7fcd0a9d5000-7fcd0ad74000 ---p 00000000 00:00 0 
7fcd0ad74000-7fcd0ad8e000 r-xp 00000000 08:12 4203595                    /usr/lib/jvm/java-8-oracle/jre/lib/amd64/libzip.so
7fcd0ad8e000-7fcd0af8e000 ---p 0001a000 08:12 4203595                    /usr/lib/jvm/java-8-oracle/jre/lib/amd64/libzip.so
7fcd0af8e000-7fcd0af8f000 rw-p 0001a000 08:12 4203595                    /usr/lib/jvm/java-8-oracle/jre/lib/amd64/libzip.so
7fcd0af8f000-7fcd0af9b000 r-xp 00000000 08:12 265436                     /lib/x86_64-linux-gnu/libnss_files-2.21.so
7fcd0af9b000-7fcd0b19a000 ---p 0000c000 08:12 265436                     /lib/x86_64-linux-gnu/libnss_files-2.21.so
7fcd0b19a000-7fcd0b19b000 r--p 0000b000 08:12 265436                     /lib/x86_64-linux-gnu/libnss_files-2.21.so
7fcd0b19b000-7fcd0b19c000 rw-p 0000c000 08:12 265436                     /lib/x86_64-linux-gnu/libnss_files-2.21.so
7fcd0b19c000-7fcd0b1a7000 r-xp 00000000 08:12 265447                     /lib/x86_64-linux-gnu/libnss_nis-2.21.so
7fcd0b1a7000-7fcd0b3a6000 ---p 0000b000 08:12 265447                     /lib/x86_64-linux-gnu/libnss_nis-2.21.so
7fcd0b3a6000-7fcd0b3a7000 r--p 0000a000 08:12 265447                     /lib/x86_64-linux-gnu/libnss_nis-2.21.so
7fcd0b3a7000-7fcd0b3a8000 rw-p 0000b000 08:12 265447                     /lib/x86_64-linux-gnu/libnss_nis-2.21.so
7fcd0b3a8000-7fcd0b3bf000 r-xp 00000000 08:12 265441                     /lib/x86_64-linux-gnu/libnsl-2.21.so
7fcd0b3bf000-7fcd0b5be000 ---p 00017000 08:12 265441                     /lib/x86_64-linux-gnu/libnsl-2.21.so
7fcd0b5be000-7fcd0b5bf000 r--p 00016000 08:12 265441                     /lib/x86_64-linux-gnu/libnsl-2.21.so
7fcd0b5bf000-7fcd0b5c0000 rw-p 00017000 08:12 265441                     /lib/x86_64-linux-gnu/libnsl-2.21.so
7fcd0b5c0000-7fcd0b5c2000 rw-p 00000000 00:00 0 
7fcd0b5c2000-7fcd0b5ca000 r-xp 00000000 08:12 265437                     /lib/x86_64-linux-gnu/libnss_compat-2.21.so
7fcd0b5ca000-7fcd0b7c9000 ---p 00008000 08:12 265437                     /lib/x86_64-linux-gnu/libnss_compat-2.21.so
7fcd0b7c9000-7fcd0b7ca000 r--p 00007000 08:12 265437                     /lib/x86_64-linux-gnu/libnss_compat-2.21.so
7fcd0b7ca000-7fcd0b7cb000 rw-p 00008000 08:12 265437                     /lib/x86_64-linux-gnu/libnss_compat-2.21.so
7fcd0b7cb000-7fcd0b7f5000 r-xp 00000000 08:12 4203590                    /usr/lib/jvm/java-8-oracle/jre/lib/amd64/libjava.so
7fcd0b7f5000-7fcd0b9f5000 ---p 0002a000 08:12 4203590                    /usr/lib/jvm/java-8-oracle/jre/lib/amd64/libjava.so
7fcd0b9f5000-7fcd0b9f7000 rw-p 0002a000 08:12 4203590                    /usr/lib/jvm/java-8-oracle/jre/lib/amd64/libjava.so
7fcd0b9f7000-7fcd0ba04000 r-xp 00000000 08:12 4203594                    /usr/lib/jvm/java-8-oracle/jre/lib/amd64/libverify.so
7fcd0ba04000-7fcd0bc04000 ---p 0000d000 08:12 4203594                    /usr/lib/jvm/java-8-oracle/jre/lib/amd64/libverify.so
7fcd0bc04000-7fcd0bc06000 rw-p 0000d000 08:12 4203594                    /usr/lib/jvm/java-8-oracle/jre/lib/amd64/libverify.so
7fcd0bc06000-7fcd0bc0d000 r-xp 00000000 08:12 265431                     /lib/x86_64-linux-gnu/librt-2.21.so
7fcd0bc0d000-7fcd0be0c000 ---p 00007000 08:12 265431                     /lib/x86_64-linux-gnu/librt-2.21.so
7fcd0be0c000-7fcd0be0d000 r--p 00006000 08:12 265431                     /lib/x86_64-linux-gnu/librt-2.21.so
7fcd0be0d000-7fcd0be0e000 rw-p 00007000 08:12 265431                     /lib/x86_64-linux-gnu/librt-2.21.so
7fcd0be0e000-7fcd0bf15000 r-xp 00000000 08:12 265449                     /lib/x86_64-linux-gnu/libm-2.21.so
7fcd0bf15000-7fcd0c114000 ---p 00107000 08:12 265449                     /lib/x86_64-linux-gnu/libm-2.21.so
7fcd0c114000-7fcd0c115000 r--p 00106000 08:12 265449                     /lib/x86_64-linux-gnu/libm-2.21.so
7fcd0c115000-7fcd0c116000 rw-p 00107000 08:12 265449                     /lib/x86_64-linux-gnu/libm-2.21.so
7fcd0c116000-7fcd0cdd4000 r-xp 00000000 08:12 4201549                    /usr/lib/jvm/java-8-oracle/jre/lib/amd64/server/libjvm.so
7fcd0cdd4000-7fcd0cfd3000 ---p 00cbe000 08:12 4201549                    /usr/lib/jvm/java-8-oracle/jre/lib/amd64/server/libjvm.so
7fcd0cfd3000-7fcd0d0ac000 rw-p 00cbd000 08:12 4201549                    /usr/lib/jvm/java-8-oracle/jre/lib/amd64/server/libjvm.so
7fcd0d0ac000-7fcd0d0f0000 rw-p 00000000 00:00 0 
7fcd0d0f0000-7fcd0d2b0000 r-xp 00000000 08:12 265450                     /lib/x86_64-linux-gnu/libc-2.21.so
7fcd0d2b0000-7fcd0d4b0000 ---p 001c0000 08:12 265450                     /lib/x86_64-linux-gnu/libc-2.21.so
7fcd0d4b0000-7fcd0d4b4000 r--p 001c0000 08:12 265450                     /lib/x86_64-linux-gnu/libc-2.21.so
7fcd0d4b4000-7fcd0d4b6000 rw-p 001c4000 08:12 265450                     /lib/x86_64-linux-gnu/libc-2.21.so
7fcd0d4b6000-7fcd0d4ba000 rw-p 00000000 00:00 0 
7fcd0d4ba000-7fcd0d4bd000 r-xp 00000000 08:12 265446                     /lib/x86_64-linux-gnu/libdl-2.21.so
7fcd0d4bd000-7fcd0d6bc000 ---p 00003000 08:12 265446                     /lib/x86_64-linux-gnu/libdl-2.21.so
7fcd0d6bc000-7fcd0d6bd000 r--p 00002000 08:12 265446                     /lib/x86_64-linux-gnu/libdl-2.21.so
7fcd0d6bd000-7fcd0d6be000 rw-p 00003000 08:12 265446                     /lib/x86_64-linux-gnu/libdl-2.21.so
7fcd0d6be000-7fcd0d6d3000 r-xp 00000000 08:12 4198721                    /usr/lib/jvm/java-8-oracle/lib/amd64/jli/libjli.so
7fcd0d6d3000-7fcd0d8d3000 ---p 00015000 08:12 4198721                    /usr/lib/jvm/java-8-oracle/lib/amd64/jli/libjli.so
7fcd0d8d3000-7fcd0d8d4000 rw-p 00015000 08:12 4198721                    /usr/lib/jvm/java-8-oracle/lib/amd64/jli/libjli.so
7fcd0d8d4000-7fcd0d8ec000 r-xp 00000000 08:12 265432                     /lib/x86_64-linux-gnu/libpthread-2.21.so
7fcd0d8ec000-7fcd0daec000 ---p 00018000 08:12 265432                     /lib/x86_64-linux-gnu/libpthread-2.21.so
7fcd0daec000-7fcd0daed000 r--p 00018000 08:12 265432                     /lib/x86_64-linux-gnu/libpthread-2.21.so
7fcd0daed000-7fcd0daee000 rw-p 00019000 08:12 265432                     /lib/x86_64-linux-gnu/libpthread-2.21.so
7fcd0daee000-7fcd0daf2000 rw-p 00000000 00:00 0 
7fcd0daf2000-7fcd0db16000 r-xp 00000000 08:12 265444                     /lib/x86_64-linux-gnu/ld-2.21.so
7fcd0db1a000-7fcd0dbec000 rw-p 00000000 00:00 0 
7fcd0dbec000-7fcd0dbef000 ---p 00000000 00:00 0 
7fcd0dbef000-7fcd0dcf1000 rw-p 00000000 00:00 0                          [stack:16673]
7fcd0dcf2000-7fcd0dd09000 rw-p 00000000 00:00 0 
7fcd0dd09000-7fcd0dd11000 rw-s 00000000 08:12 3408044                    /tmp/hsperfdata_duke/16667
7fcd0dd11000-7fcd0dd12000 rw-p 00000000 00:00 0 
7fcd0dd12000-7fcd0dd13000 r--p 00000000 00:00 0 
7fcd0dd13000-7fcd0dd15000 rw-p 00000000 00:00 0 
7fcd0dd15000-7fcd0dd16000 r--p 00023000 08:12 265444                     /lib/x86_64-linux-gnu/ld-2.21.so
7fcd0dd16000-7fcd0dd17000 rw-p 00024000 08:12 265444                     /lib/x86_64-linux-gnu/ld-2.21.so
7fcd0dd17000-7fcd0dd18000 rw-p 00000000 00:00 0 
7ffece61f000-7ffece640000 rw-p 00000000 00:00 0                          [stack]
7ffece7d1000-7ffece7d3000 r--p 00000000 00:00 0                          [vvar]
7ffece7d3000-7ffece7d5000 r-xp 00000000 00:00 0                          [vdso]
ffffffffff600000-ffffffffff601000 r-xp 00000000 00:00 0                  [vsyscall]

VM Arguments:
jvm_args: -Xmx1024M -Dfile.encoding=UTF-8 -Duser.country=US -Duser.language=en -Duser.variant 
java_command: com.android.dx.command.Main --dex --output /home/duke/AndroidStudioProjects/MasterSahab/app/build/intermediates/dex/debug /home/duke/AndroidStudioProjects/MasterSahab/app/build/intermediates/classes/debug /home/duke/AndroidStudioProjects/MasterSahab/app/build/intermediates/pre-dexed/debug/support-annotations-23.1.0-149131c491be35e3d124446278d503abb54ec58a.jar /home/duke/AndroidStudioProjects/MasterSahab/app/build/intermediates/pre-dexed/debug/internal_impl-23.1.0-68dd1a7f8574ec1010780d01224e7f7f961b609d.jar /home/duke/AndroidStudioProjects/MasterSahab/app/build/intermediates/pre-dexed/debug/classes-a7978fbca45cb556bc78ba92279a75d463b5966e.jar /home/duke/AndroidStudioProjects/MasterSahab/app/build/intermediates/pre-dexed/debug/classes-15119f3aee5b6d8304b65a7150ff66c3b1b298bc.jar
java_class_path (initial): /opt/android-sdk-linux/build-tools/22.0.1/lib/dx.jar
Launcher Type: SUN_STANDARD

Environment Variables:
JAVA_HOME=/usr/lib/jvm/java-8-oracle
PATH=/usr/local/sbin:/usr/local/bin:/usr/sbin:/usr/bin:/sbin:/bin:/usr/games:/usr/local/games:/usr/lib/jvm/java-8-oracle/bin:/usr/lib/jvm/java-8-oracle/db/bin:/usr/lib/jvm/java-8-oracle/jre/bin
LD_LIBRARY_PATH=/home/duke/Apps/android-studio/bin:
SHELL=/bin/bash
DISPLAY=:0

Signal Handlers:
SIGSEGV: [libjvm.so+0xaba2a0], sa_mask[0]=11111111011111111101111111111110, sa_flags=SA_RESTART|SA_SIGINFO
SIGBUS: [libjvm.so+0xaba2a0], sa_mask[0]=11111111011111111101111111111110, sa_flags=SA_RESTART|SA_SIGINFO
SIGFPE: [libjvm.so+0x917710], sa_mask[0]=11111111011111111101111111111110, sa_flags=SA_RESTART|SA_SIGINFO
SIGPIPE: [libjvm.so+0x917710], sa_mask[0]=11111111011111111101111111111110, sa_flags=SA_RESTART|SA_SIGINFO
SIGXFSZ: [libjvm.so+0x917710], sa_mask[0]=11111111011111111101111111111110, sa_flags=SA_RESTART|SA_SIGINFO
SIGILL: [libjvm.so+0x917710], sa_mask[0]=11111111011111111101111111111110, sa_flags=SA_RESTART|SA_SIGINFO
SIGUSR1: SIG_DFL, sa_mask[0]=00000000000000000000000000000000, sa_flags=none
SIGUSR2: [libjvm.so+0x918d40], sa_mask[0]=00100000000000000000000000000000, sa_flags=SA_RESTART|SA_SIGINFO
SIGHUP: [libjvm.so+0x91a140], sa_mask[0]=11111111011111111101111111111110, sa_flags=SA_RESTART|SA_SIGINFO
SIGINT: [libjvm.so+0x91a140], sa_mask[0]=11111111011111111101111111111110, sa_flags=SA_RESTART|SA_SIGINFO
SIGTERM: [libjvm.so+0x91a140], sa_mask[0]=11111111011111111101111111111110, sa_flags=SA_RESTART|SA_SIGINFO
SIGQUIT: [libjvm.so+0x91a140], sa_mask[0]=11111111011111111101111111111110, sa_flags=SA_RESTART|SA_SIGINFO


---------------  S Y S T E M  ---------------

OS:DISTRIB_ID=Ubuntu
DISTRIB_RELEASE=15.10
DISTRIB_CODENAME=wily
DISTRIB_DESCRIPTION="Ubuntu 15.10"

uname:Linux 4.2.0-34-generic #39-Ubuntu SMP Thu Mar 10 22:13:01 UTC 2016 x86_64
libc:glibc 2.21 NPTL 2.21 
rlimit: STACK 8192k, CORE 0k, NPROC 31796, NOFILE 65536, AS infinity
load average:2.03 1.98 2.05

/proc/meminfo:
MemTotal:        8174560 kB
MemFree:          153972 kB
MemAvailable:    2537056 kB
Buffers:          446856 kB
Cached:          1910952 kB
SwapCached:          684 kB
Active:          5693056 kB
Inactive:        1749780 kB
Active(anon):    4298844 kB
Inactive(anon):   857132 kB
Active(file):    1394212 kB
Inactive(file):   892648 kB
Unevictable:          32 kB
Mlocked:              32 kB
SwapTotal:       1998844 kB
SwapFree:        1990896 kB
Dirty:              9812 kB
Writeback:             0 kB
AnonPages:       5084828 kB
Mapped:           711588 kB
Shmem:             70960 kB
Slab:             189848 kB
SReclaimable:     138800 kB
SUnreclaim:        51048 kB
KernelStack:       10064 kB
PageTables:        39612 kB
NFS_Unstable:          0 kB
Bounce:                0 kB
WritebackTmp:          0 kB
CommitLimit:     6086124 kB
Committed_AS:    8717192 kB
VmallocTotal:   34359738367 kB
VmallocUsed:       92192 kB
VmallocChunk:   34359586812 kB
HardwareCorrupted:     0 kB
AnonHugePages:   3358720 kB
CmaTotal:              0 kB
CmaFree:               0 kB
HugePages_Total:       0
HugePages_Free:        0
HugePages_Rsvd:        0
HugePages_Surp:        0
Hugepagesize:       2048 kB
DirectMap4k:      555968 kB
DirectMap2M:     7831552 kB


CPU:total 4 (4 cores per cpu, 1 threads per core) family 6 model 15 stepping 11, cmov, cx8, fxsr, mmx, sse, sse2, sse3, ssse3, tsc

/proc/cpuinfo:
processor	: 0
vendor_id	: GenuineIntel
cpu family	: 6
model		: 15
model name	: Intel(R) Core(TM)2 Quad CPU    Q6600  @ 2.40GHz
stepping	: 11
microcode	: 0xba
cpu MHz		: 2400.000
cache size	: 4096 KB
physical id	: 0
siblings	: 4
core id		: 0
cpu cores	: 4
apicid		: 0
initial apicid	: 0
fpu		: yes
fpu_exception	: yes
cpuid level	: 10
wp		: yes
flags		: fpu vme de pse tsc msr pae mce cx8 apic sep mtrr pge mca cmov pat pse36 clflush dts acpi mmx fxsr sse sse2 ss ht tm pbe syscall nx lm constant_tsc arch_perfmon pebs bts rep_good nopl aperfmperf pni dtes64 monitor ds_cpl vmx est tm2 ssse3 cx16 xtpr pdcm lahf_lm dtherm tpr_shadow vnmi flexpriority
bugs		:
bogomips	: 4799.74
clflush size	: 64
cache_alignment	: 64
address sizes	: 36 bits physical, 48 bits virtual
power management:

processor	: 1
vendor_id	: GenuineIntel
cpu family	: 6
model		: 15
model name	: Intel(R) Core(TM)2 Quad CPU    Q6600  @ 2.40GHz
stepping	: 11
microcode	: 0xba
cpu MHz		: 2400.000
cache size	: 4096 KB
physical id	: 0
siblings	: 4
core id		: 1
cpu cores	: 4
apicid		: 1
initial apicid	: 1
fpu		: yes
fpu_exception	: yes
cpuid level	: 10
wp		: yes
flags		: fpu vme de pse tsc msr pae mce cx8 apic sep mtrr pge mca cmov pat pse36 clflush dts acpi mmx fxsr sse sse2 ss ht tm pbe syscall nx lm constant_tsc arch_perfmon pebs bts rep_good nopl aperfmperf pni dtes64 monitor ds_cpl vmx est tm2 ssse3 cx16 xtpr pdcm lahf_lm dtherm tpr_shadow vnmi flexpriority
bugs		:
bogomips	: 4799.74
clflush size	: 64
cache_alignment	: 64
address sizes	: 36 bits physical, 48 bits virtual
power management:

processor	: 2
vendor_id	: GenuineIntel
cpu family	: 6
model		: 15
model name	: Intel(R) Core(TM)2 Quad CPU    Q6600  @ 2.40GHz
stepping	: 11
microcode	: 0xba
cpu MHz		: 2400.000
cache size	: 4096 KB
physical id	: 0
siblings	: 4
core id		: 3
cpu cores	: 4
apicid		: 3
initial apicid	: 3
fpu		: yes
fpu_exception	: yes
cpuid level	: 10
wp		: yes
flags		: fpu vme de pse tsc msr pae mce cx8 apic sep mtrr pge mca cmov pat pse36 clflush dts acpi mmx fxsr sse sse2 ss ht tm pbe syscall nx lm constant_tsc arch_perfmon pebs bts rep_good nopl aperfmperf pni dtes64 monitor ds_cpl vmx est tm2 ssse3 cx16 xtpr pdcm lahf_lm dtherm tpr_shadow vnmi flexpriority
bugs		:
bogomips	: 4799.74
clflush size	: 64
cache_alignment	: 64
address sizes	: 36 bits physical, 48 bits virtual
power management:

processor	: 3
vendor_id	: GenuineIntel
cpu family	: 6
model		: 15
model name	: Intel(R) Core(TM)2 Quad CPU    Q6600  @ 2.40GHz
stepping	: 11
microcode	: 0xba
cpu MHz		: 2400.000
cache size	: 4096 KB
physical id	: 0
siblings	: 4
core id		: 2
cpu cores	: 4
apicid		: 2
initial apicid	: 2
fpu		: yes
fpu_exception	: yes
cpuid level	: 10
wp		: yes
flags		: fpu vme de pse tsc msr pae mce cx8 apic sep mtrr pge mca cmov pat pse36 clflush dts acpi mmx fxsr sse sse2 ss ht tm pbe syscall nx lm constant_tsc arch_perfmon pebs bts rep_good nopl aperfmperf pni dtes64 monitor ds_cpl vmx est tm2 ssse3 cx16 xtpr pdcm lahf_lm dtherm tpr_shadow vnmi flexpriority
bugs		:
bogomips	: 4799.74
clflush size	: 64
cache_alignment	: 64
address sizes	: 36 bits physical, 48 bits virtual
power management:



Memory: 4k page, physical 8174560k(154004k free), swap 1998844k(1990896k free)

vm_info: Java HotSpot(TM) 64-Bit Server VM (25.66-b17) for linux-amd64 JRE (1.8.0_66-b17), built on Oct  6 2015 17:28:34 by "java_re" with gcc 4.3.0 20080428 (Red Hat 4.3.0-8)

time: Sat Mar 19 12:01:46 2016
elapsed time: 3 seconds (0d 0h 0m 3s)

