#
# A fatal error has been detected by the Java Runtime Environment:
#
#  SIGSEGV (0xb) at pc=0x00007fa27e005060, pid=8359, tid=140337339750144
#
# JRE version: Java(TM) SE Runtime Environment (8.0_66-b17) (build 1.8.0_66-b17)
# Java VM: Java HotSpot(TM) 64-Bit Server VM (25.66-b17 mixed mode linux-amd64 compressed oops)
# Problematic frame:
# C  0x00007fa27e005060
#
# Failed to write core dump. Core dumps have been disabled. To enable core dumping, try "ulimit -c unlimited" before starting Java again
#
# If you would like to submit a bug report, please visit:
#   http://bugreport.java.com/bugreport/crash.jsp
#

---------------  T H R E A D  ---------------

Current thread (0x00007fa2cc00a000):  JavaThread "main" [_thread_in_Java, id=8361, stack(0x00007fa2d538d000,0x00007fa2d548e000)]

siginfo: si_signo: 11 (SIGSEGV), si_code: 1 (SEGV_MAPERR), si_addr: 0x00007fa27e005060

Registers:
RAX=0x000000010009c2a0, RBX=0x00007fa2d16c4808, RCX=0x00000000ed00a940, RDX=0x0000000030500001
RSP=0x00007fa2d548c328, RBP=0x00007fa2d548c3c0, RSI=0x00000000ed00a960, RDI=0x00000000ed00a960
R8 =0x00000000ed00a8f8, R9 =0x000000000000000e, R10=0x00000001000a0d70, R11=0x0000000000000200
R12=0x0000000000000000, R13=0x00007fa2d548c378, R14=0x00007fa2d548c3f0, R15=0x00007fa2cc00a000
RIP=0x00007fa27e005060, EFLAGS=0x0000000000010246, CSGSFS=0x0000000000000033, ERR=0x0000000000000014
  TRAPNO=0x000000000000000e

Top of Stack: (sp=0x00007fa2d548c328)
0x00007fa2d548c328:   00007fa2bd765f14 00007fa2d16c0f98
0x00007fa2d548c338:   00007fa2d16c6800 00007fa2d548c3c0
0x00007fa2d548c348:   00007fa2bd00798d 00000000ed00a940
0x00007fa2d548c358:   00007fa2bd00798d 00007fa2d548c3c0
0x00007fa2d548c368:   00007fa2bd0073d0 00007fa2bd0073d0
0x00007fa2d548c378:   00000000ed00a940 00007fa2d548c380
0x00007fa2d548c388:   00007fa2d16c3801 00007fa2d548c3f0
0x00007fa2d548c398:   00007fa2d16c3f60 00007fa2d16c7a58
0x00007fa2d548c3a8:   00007fa2d16c3a58 00007fa2d548c378
0x00007fa2d548c3b8:   00007fa2d548c3e8 00007fa2d548c438
0x00007fa2d548c3c8:   00007fa2bd00798d 0000000000000000
0x00007fa2d548c3d8:   0000000000000000 0000000000000000
0x00007fa2d548c3e8:   00000000ed00a940 00000000ed00a928
0x00007fa2d548c3f8:   00007fa2d548c3f8 00007fa2d16c3c66
0x00007fa2d548c408:   00007fa2d548c460 00007fa2d16c3f60
0x00007fa2d548c418:   0000000000000000 00007fa2d16c3cb0
0x00007fa2d548c428:   00007fa2d548c3e8 00007fa2d548c458
0x00007fa2d548c438:   00007fa2d548c4a8 00007fa2bd00798d
0x00007fa2d548c448:   0000000000000005 0000000000000006
0x00007fa2d548c458:   00000000ed00a940 00000000ed00a928
0x00007fa2d548c468:   00007fa2d548c468 00007fa2d16c3e1a
0x00007fa2d548c478:   00007fa2d548c4c0 00007fa2d16c3f60
0x00007fa2d548c488:   0000000000000000 00007fa2d16c3e40
0x00007fa2d548c498:   00007fa2d548c458 00007fa2d548c4b8
0x00007fa2d548c4a8:   00007fa2d548c508 00007fa2bd00798d
0x00007fa2d548c4b8:   00000000ed00a940 00000000ed00a928
0x00007fa2d548c4c8:   00007fa2d548c4c8 00007fa2d16a6545
0x00007fa2d548c4d8:   00007fa2d548c528 00007fa2d16a66f0
0x00007fa2d548c4e8:   0000000000000000 00007fa2d16a6588
0x00007fa2d548c4f8:   00007fa2d548c4b8 00007fa2d548c520
0x00007fa2d548c508:   00007fa2d548c570 00007fa2bd007710
0x00007fa2d548c518:   00000000ed00a8d0 00000000ed00a8a0 

Instructions: (pc=0x00007fa27e005060)
0x00007fa27e005040:   
[error occurred during error reporting (printing registers, top of stack, instructions near pc), id 0xb]

Register to memory mapping:

RAX=0x000000010009c2a0 is pointing into metadata
RBX={method} {0x00007fa2d16c4808} 'readByte' '()B' in 'com/android/dex/util/ByteArrayByteInput'
RCX=0x00000000ed00a940 is an oop
com.android.dex.EncodedValueReader 
 - klass: 'com/android/dex/EncodedValueReader'
RDX=0x0000000030500001 is an unknown value
RSP=0x00007fa2d548c328 is pointing into the stack for thread: 0x00007fa2cc00a000
RBP=0x00007fa2d548c3c0 is pointing into the stack for thread: 0x00007fa2cc00a000
RSI=0x00000000ed00a960 is an oop
com.android.dex.util.ByteArrayByteInput 
 - klass: 'com/android/dex/util/ByteArrayByteInput'
RDI=0x00000000ed00a960 is an oop
com.android.dex.util.ByteArrayByteInput 
 - klass: 'com/android/dex/util/ByteArrayByteInput'
R8 =0x00000000ed00a8f8 is an oop
[B 
 - klass: {type array byte}
 - length: 32
R9 =0x000000000000000e is an unknown value
R10=0x00000001000a0d70 is pointing into metadata
R11=0x0000000000000200 is an unknown value
R12=0x0000000000000000 is an unknown value
R13=0x00007fa2d548c378 is pointing into the stack for thread: 0x00007fa2cc00a000
R14=0x00007fa2d548c3f0 is pointing into the stack for thread: 0x00007fa2cc00a000
R15=0x00007fa2cc00a000 is a thread


Stack: [0x00007fa2d538d000,0x00007fa2d548e000],  sp=0x00007fa2d548c328,  free space=1020k
Native frames: (J=compiled Java code, j=interpreted, Vv=VM code, C=native code)
C  0x00007fa27e005060
j  com.android.dx.merge.IndexMap$EncodedValueTransformer.transformArray(Lcom/android/dex/EncodedValueReader;)V+22
j  com.android.dx.merge.IndexMap$EncodedValueTransformer.access$000(Lcom/android/dx/merge/IndexMap$EncodedValueTransformer;Lcom/android/dex/EncodedValueReader;)V+2
j  com.android.dx.merge.IndexMap.adjustEncodedArray(Lcom/android/dex/EncodedValue;)Lcom/android/dex/EncodedValue;+29
j  com.android.dx.merge.DexMerger.transformStaticValues(Lcom/android/dex/Dex$Section;Lcom/android/dx/merge/IndexMap;)V+36
j  com.android.dx.merge.DexMerger.transformStaticValues(Lcom/android/dex/Dex;Lcom/android/dx/merge/IndexMap;)V+41
j  com.android.dx.merge.DexMerger.unionAnnotationSetsAndDirectories()V+81
j  com.android.dx.merge.DexMerger.mergeDexes()Lcom/android/dex/Dex;+29
j  com.android.dx.merge.DexMerger.merge()Lcom/android/dex/Dex;+5
j  com.android.dx.command.dexer.Main.mergeLibraryDexBuffers([B)[B+69
j  com.android.dx.command.dexer.Main.runMonoDex()I+129
j  com.android.dx.command.dexer.Main.run(Lcom/android/dx/command/dexer/Main$Arguments;)I+76
j  com.android.dx.command.dexer.Main.main([Ljava/lang/String;)V+14
j  com.android.dx.command.Main.main([Ljava/lang/String;)V+61
v  ~StubRoutines::call_stub
V  [libjvm.so+0x68bc46]  JavaCalls::call_helper(JavaValue*, methodHandle*, JavaCallArguments*, Thread*)+0x1056
V  [libjvm.so+0x6cd262]  jni_invoke_static(JNIEnv_*, JavaValue*, _jobject*, JNICallType, _jmethodID*, JNI_ArgumentPusher*, Thread*)+0x362
V  [libjvm.so+0x6e9c6a]  jni_CallStaticVoidMethod+0x17a
C  [libjli.so+0x7bcc]  JavaMain+0x80c
C  [libpthread.so.0+0x76aa]  start_thread+0xca


---------------  P R O C E S S  ---------------

Java Threads: ( => current thread )
  0x00007fa2cc0c2800 JavaThread "Service Thread" daemon [_thread_blocked, id=8376, stack(0x00007fa2b9dd3000,0x00007fa2b9ed4000)]
  0x00007fa2cc0bd800 JavaThread "C1 CompilerThread2" daemon [_thread_in_native, id=8375, stack(0x00007fa2b9ed4000,0x00007fa2b9fd5000)]
  0x00007fa2cc0bb800 JavaThread "C2 CompilerThread1" daemon [_thread_blocked, id=8374, stack(0x00007fa2b9fd5000,0x00007fa2ba0d6000)]
  0x00007fa2cc0b9000 JavaThread "C2 CompilerThread0" daemon [_thread_blocked, id=8373, stack(0x00007fa2ba0d6000,0x00007fa2ba1d7000)]
  0x00007fa2cc0b7000 JavaThread "Signal Dispatcher" daemon [_thread_blocked, id=8372, stack(0x00007fa2ba1d7000,0x00007fa2ba2d8000)]
  0x00007fa2cc07f800 JavaThread "Finalizer" daemon [_thread_blocked, id=8371, stack(0x00007fa2ba9fa000,0x00007fa2baafb000)]
  0x00007fa2cc07d000 JavaThread "Reference Handler" daemon [_thread_blocked, id=8370, stack(0x00007fa2baafb000,0x00007fa2babfc000)]
=>0x00007fa2cc00a000 JavaThread "main" [_thread_in_Java, id=8361, stack(0x00007fa2d538d000,0x00007fa2d548e000)]

Other Threads:
  0x00007fa2cc078000 VMThread [stack: 0x00007fa2babfc000,0x00007fa2bacfd000] [id=8369]
  0x00007fa2cc0c5800 WatcherThread [stack: 0x00007fa2b9cd2000,0x00007fa2b9dd3000] [id=8377]

VM state:not at safepoint (normal execution)

VM Mutex/Monitor currently owned by a thread: None

Heap:
 PSYoungGen      total 70656K, used 44335K [0x00000000eab00000, 0x00000000ef500000, 0x0000000100000000)
  eden space 65536K, 59% used [0x00000000eab00000,0x00000000ed14fe40,0x00000000eeb00000)
  from space 5120K, 99% used [0x00000000ef000000,0x00000000ef4fc038,0x00000000ef500000)
  to   space 5120K, 0% used [0x00000000eeb00000,0x00000000eeb00000,0x00000000ef000000)
 ParOldGen       total 86016K, used 5247K [0x00000000c0000000, 0x00000000c5400000, 0x00000000eab00000)
  object space 86016K, 6% used [0x00000000c0000000,0x00000000c051fed8,0x00000000c5400000)
 Metaspace       used 6818K, capacity 7632K, committed 7936K, reserved 1056768K
  class space    used 639K, capacity 648K, committed 768K, reserved 1048576K

Card table byte_map: [0x00007fa2d1f54000,0x00007fa2d2155000] byte_map_base: 0x00007fa2d1954000

Marking Bits: (ParMarkBitMap*) 0x00007fa2d4866020
 Begin Bits: [0x00007fa2bb000000, 0x00007fa2bc000000)
 End Bits:   [0x00007fa2bc000000, 0x00007fa2bd000000)

Polling page: 0x00007fa2d54b3000

CodeCache: size=245760Kb used=7579Kb max_used=7591Kb free=238180Kb
 bounds [0x00007fa2bd000000, 0x00007fa2bd780000, 0x00007fa2cc000000]
 total_blobs=2370 nmethods=2094 adapters=192
 compilation: enabled

Compilation events (10 events):
Event: 2.611 Thread 0x00007fa2cc0bd800 2118       3       java.util.HashMap::putVal (300 bytes)
Event: 2.612 Thread 0x00007fa2cc0bb800 nmethod 2110 0x00007fa2bd7693d0 code [0x00007fa2bd769520, 0x00007fa2bd769658]
Event: 2.612 Thread 0x00007fa2cc0bb800 2116       4       java.nio.Bits::putIntL (43 bytes)
Event: 2.613 Thread 0x00007fa2cc0bd800 nmethod 2118 0x00007fa2bd762810 code [0x00007fa2bd762a80, 0x00007fa2bd763d18]
Event: 2.613 Thread 0x00007fa2cc0bd800 2119       3       com.android.dex.EncodedValueReader::skipValue (348 bytes)
Event: 2.613 Thread 0x00007fa2cc0bb800 nmethod 2116 0x00007fa2bd768fd0 code [0x00007fa2bd769120, 0x00007fa2bd769278]
Event: 2.615 Thread 0x00007fa2cc0b9000 nmethod 2120 0x00007fa2bd762210 code [0x00007fa2bd762360, 0x00007fa2bd762658]
Event: 2.615 Thread 0x00007fa2cc0b9000 2121       4       com.android.dex.util.ByteArrayByteInput::readByte (17 bytes)
Event: 2.616 Thread 0x00007fa2cc0b9000 nmethod 2121 0x00007fa2bd768d10 code [0x00007fa2bd768e60, 0x00007fa2bd768f18]
Event: 2.616 Thread 0x00007fa2cc0b9000 2125       4       com.android.dex.EncodedValueReader::peek (46 bytes)

GC Heap History (4 events):
Event: 1.048 GC heap before
{Heap before GC invocations=1 (full 0):
 PSYoungGen      total 37888K, used 32768K [0x00000000eab00000, 0x00000000ed500000, 0x0000000100000000)
  eden space 32768K, 100% used [0x00000000eab00000,0x00000000ecb00000,0x00000000ecb00000)
  from space 5120K, 0% used [0x00000000ed000000,0x00000000ed000000,0x00000000ed500000)
  to   space 5120K, 0% used [0x00000000ecb00000,0x00000000ecb00000,0x00000000ed000000)
 ParOldGen       total 86016K, used 0K [0x00000000c0000000, 0x00000000c5400000, 0x00000000eab00000)
  object space 86016K, 0% used [0x00000000c0000000,0x00000000c0000000,0x00000000c5400000)
 Metaspace       used 5281K, capacity 6768K, committed 7040K, reserved 1056768K
  class space    used 534K, capacity 616K, committed 640K, reserved 1048576K
Event: 1.073 GC heap after
Heap after GC invocations=1 (full 0):
 PSYoungGen      total 37888K, used 5088K [0x00000000eab00000, 0x00000000ef500000, 0x0000000100000000)
  eden space 32768K, 0% used [0x00000000eab00000,0x00000000eab00000,0x00000000ecb00000)
  from space 5120K, 99% used [0x00000000ecb00000,0x00000000ecff8048,0x00000000ed000000)
  to   space 5120K, 0% used [0x00000000ef000000,0x00000000ef000000,0x00000000ef500000)
 ParOldGen       total 86016K, used 1237K [0x00000000c0000000, 0x00000000c5400000, 0x00000000eab00000)
  object space 86016K, 1% used [0x00000000c0000000,0x00000000c01356e8,0x00000000c5400000)
 Metaspace       used 5281K, capacity 6768K, committed 7040K, reserved 1056768K
  class space    used 534K, capacity 616K, committed 640K, reserved 1048576K
}
Event: 1.671 GC heap before
{Heap before GC invocations=2 (full 0):
 PSYoungGen      total 37888K, used 37856K [0x00000000eab00000, 0x00000000ef500000, 0x0000000100000000)
  eden space 32768K, 100% used [0x00000000eab00000,0x00000000ecb00000,0x00000000ecb00000)
  from space 5120K, 99% used [0x00000000ecb00000,0x00000000ecff8048,0x00000000ed000000)
  to   space 5120K, 0% used [0x00000000ef000000,0x00000000ef000000,0x00000000ef500000)
 ParOldGen       total 86016K, used 1237K [0x00000000c0000000, 0x00000000c5400000, 0x00000000eab00000)
  object space 86016K, 1% used [0x00000000c0000000,0x00000000c01356e8,0x00000000c5400000)
 Metaspace       used 5532K, capacity 6960K, committed 7040K, reserved 1056768K
  class space    used 535K, capacity 616K, committed 640K, reserved 1048576K
Event: 1.724 GC heap after
Heap after GC invocations=2 (full 0):
 PSYoungGen      total 70656K, used 5104K [0x00000000eab00000, 0x00000000ef500000, 0x0000000100000000)
  eden space 65536K, 0% used [0x00000000eab00000,0x00000000eab00000,0x00000000eeb00000)
  from space 5120K, 99% used [0x00000000ef000000,0x00000000ef4fc038,0x00000000ef500000)
  to   space 5120K, 0% used [0x00000000eeb00000,0x00000000eeb00000,0x00000000ef000000)
 ParOldGen       total 86016K, used 5247K [0x00000000c0000000, 0x00000000c5400000, 0x00000000eab00000)
  object space 86016K, 6% used [0x00000000c0000000,0x00000000c051fed8,0x00000000c5400000)
 Metaspace       used 5532K, capacity 6960K, committed 7040K, reserved 1056768K
  class space    used 535K, capacity 616K, committed 640K, reserved 1048576K
}

Deoptimization events (10 events):
Event: 2.486 Thread 0x00007fa2cc00a000 Uncommon trap: reason=unstable_if action=reinterpret pc=0x00007fa2bd6be260 method=com.android.dx.util.ByteArrayAnnotatedOutput.writeUleb128(I)I @ 4
Event: 2.486 Thread 0x00007fa2cc00a000 Uncommon trap: reason=unstable_if action=reinterpret pc=0x00007fa2bd6c517c method=com.android.dx.util.ByteArrayAnnotatedOutput.writeByte(I)V @ 13
Event: 2.505 Thread 0x00007fa2cc00a000 Uncommon trap: reason=unstable_if action=reinterpret pc=0x00007fa2bd2a4694 method=java.util.Arrays.copyOf([Ljava/lang/Object;ILjava/lang/Class;)[Ljava/lang/Object; @ 3
Event: 2.508 Thread 0x00007fa2cc00a000 Uncommon trap: reason=class_check action=maybe_recompile pc=0x00007fa2bd5eae8c method=java.util.HashMap.putVal(ILjava/lang/Object;Ljava/lang/Object;ZZ)Ljava/lang/Object; @ 56
Event: 2.508 Thread 0x00007fa2cc00a000 Uncommon trap: reason=class_check action=maybe_recompile pc=0x00007fa2bd5eae8c method=java.util.HashMap.putVal(ILjava/lang/Object;Ljava/lang/Object;ZZ)Ljava/lang/Object; @ 56
Event: 2.508 Thread 0x00007fa2cc00a000 Uncommon trap: reason=class_check action=maybe_recompile pc=0x00007fa2bd5eae8c method=java.util.HashMap.putVal(ILjava/lang/Object;Ljava/lang/Object;ZZ)Ljava/lang/Object; @ 56
Event: 2.508 Thread 0x00007fa2cc00a000 Uncommon trap: reason=class_check action=maybe_recompile pc=0x00007fa2bd5eaf2c method=java.util.HashMap.putVal(ILjava/lang/Object;Ljava/lang/Object;ZZ)Ljava/lang/Object; @ 152
Event: 2.508 Thread 0x00007fa2cc00a000 Uncommon trap: reason=class_check action=maybe_recompile pc=0x00007fa2bd5eaf2c method=java.util.HashMap.putVal(ILjava/lang/Object;Ljava/lang/Object;ZZ)Ljava/lang/Object; @ 152
Event: 2.510 Thread 0x00007fa2cc00a000 Uncommon trap: reason=bimorphic action=maybe_recompile pc=0x00007fa2bd221608 method=java.util.HashMap.getNode(ILjava/lang/Object;)Ljava/util/HashMap$Node; @ 126
Event: 2.605 Thread 0x00007fa2cc00a000 Uncommon trap: reason=unstable_if action=reinterpret pc=0x00007fa2bd71aaa4 method=java.util.HashMap.putVal(ILjava/lang/Object;Ljava/lang/Object;ZZ)Ljava/lang/Object; @ 162

Internal exceptions (4 events):
Event: 0.048 Thread 0x00007fa2cc00a000 Exception <a 'java/lang/NoSuchMethodError': Method sun.misc.Unsafe.defineClass(Ljava/lang/String;[BII)Ljava/lang/Class; name or signature does not match> (0x00000000eab12b90) thrown at [/HUDSON/workspace/8-2-build-linux-amd64/jdk8u66/4988/hotspot/src/shar
Event: 0.048 Thread 0x00007fa2cc00a000 Exception <a 'java/lang/NoSuchMethodError': Method sun.misc.Unsafe.prefetchRead(Ljava/lang/Object;J)V name or signature does not match> (0x00000000eab12e78) thrown at [/HUDSON/workspace/8-2-build-linux-amd64/jdk8u66/4988/hotspot/src/share/vm/prims/jni.cpp
Event: 0.847 Thread 0x00007fa2cc00a000 Implicit null exception at 0x00007fa2bd3632dd to 0x00007fa2bd363f01
Event: 0.859 Thread 0x00007fa2cc00a000 Implicit null exception at 0x00007fa2bd369658 to 0x00007fa2bd36a089

Events (10 events):
Event: 2.600 loading class com/android/dex/EncodedValue done
Event: 2.600 loading class com/android/dx/merge/IndexMap$EncodedValueTransformer
Event: 2.600 loading class com/android/dx/merge/IndexMap$EncodedValueTransformer done
Event: 2.601 loading class com/android/dex/util/ByteArrayByteInput
Event: 2.601 loading class com/android/dex/util/ByteArrayByteInput done
Event: 2.601 Executing VM operation: Deoptimize
Event: 2.602 Executing VM operation: Deoptimize done
Event: 2.605 Thread 0x00007fa2cc00a000 Uncommon trap: trap_request=0xffffff65 fr.pc=0x00007fa2bd71aaa4
Event: 2.605 Thread 0x00007fa2cc00a000 DEOPT PACKING pc=0x00007fa2bd71aaa4 sp=0x00007fa2d548c370
Event: 2.605 Thread 0x00007fa2cc00a000 DEOPT UNPACKING pc=0x00007fa2bd004f69 sp=0x00007fa2d548c318 mode 2


Dynamic libraries:
00400000-00401000 r-xp 00000000 08:12 4072075                            /usr/lib/jvm/java-8-oracle/bin/java
00600000-00601000 rw-p 00000000 08:12 4072075                            /usr/lib/jvm/java-8-oracle/bin/java
02312000-02333000 rw-p 00000000 00:00 0                                  [heap]
c0000000-c5400000 rw-p 00000000 00:00 0 
c5400000-eab00000 ---p 00000000 00:00 0 
eab00000-ef500000 rw-p 00000000 00:00 0 
ef500000-100000000 ---p 00000000 00:00 0 
100000000-1000c0000 rw-p 00000000 00:00 0 
1000c0000-140000000 ---p 00000000 00:00 0 
7fa284000000-7fa284021000 rw-p 00000000 00:00 0 
7fa284021000-7fa288000000 ---p 00000000 00:00 0 
7fa288000000-7fa288021000 rw-p 00000000 00:00 0 
7fa288021000-7fa28c000000 ---p 00000000 00:00 0 
7fa28c000000-7fa28c96d000 rw-p 00000000 00:00 0 
7fa28c96d000-7fa290000000 ---p 00000000 00:00 0 
7fa290000000-7fa29071d000 rw-p 00000000 00:00 0 
7fa29071d000-7fa294000000 ---p 00000000 00:00 0 
7fa294000000-7fa294021000 rw-p 00000000 00:00 0 
7fa294021000-7fa298000000 ---p 00000000 00:00 0 
7fa298000000-7fa2987d0000 rw-p 00000000 00:00 0 
7fa2987d0000-7fa29c000000 ---p 00000000 00:00 0 
7fa29c000000-7fa29c021000 rw-p 00000000 00:00 0 
7fa29c021000-7fa2a0000000 ---p 00000000 00:00 0 
7fa2a0000000-7fa2a0021000 rw-p 00000000 00:00 0 
7fa2a0021000-7fa2a4000000 ---p 00000000 00:00 0 
7fa2a4000000-7fa2a4021000 rw-p 00000000 00:00 0 
7fa2a4021000-7fa2a8000000 ---p 00000000 00:00 0 
7fa2a8000000-7fa2a8021000 rw-p 00000000 00:00 0 
7fa2a8021000-7fa2ac000000 ---p 00000000 00:00 0 
7fa2ac000000-7fa2ac021000 rw-p 00000000 00:00 0 
7fa2ac021000-7fa2b0000000 ---p 00000000 00:00 0 
7fa2b0000000-7fa2b0021000 rw-p 00000000 00:00 0 
7fa2b0021000-7fa2b4000000 ---p 00000000 00:00 0 
7fa2b4000000-7fa2b4021000 rw-p 00000000 00:00 0 
7fa2b4021000-7fa2b8000000 ---p 00000000 00:00 0 
7fa2b9cd2000-7fa2b9cd3000 ---p 00000000 00:00 0 
7fa2b9cd3000-7fa2b9dd3000 rw-p 00000000 00:00 0                          [stack:8377]
7fa2b9dd3000-7fa2b9dd6000 ---p 00000000 00:00 0 
7fa2b9dd6000-7fa2b9ed4000 rw-p 00000000 00:00 0                          [stack:8376]
7fa2b9ed4000-7fa2b9ed7000 ---p 00000000 00:00 0 
7fa2b9ed7000-7fa2b9fd5000 rw-p 00000000 00:00 0                          [stack:8375]
7fa2b9fd5000-7fa2b9fd8000 ---p 00000000 00:00 0 
7fa2b9fd8000-7fa2ba0d6000 rw-p 00000000 00:00 0                          [stack:8374]
7fa2ba0d6000-7fa2ba0d9000 ---p 00000000 00:00 0 
7fa2ba0d9000-7fa2ba1d7000 rw-p 00000000 00:00 0                          [stack:8373]
7fa2ba1d7000-7fa2ba1da000 ---p 00000000 00:00 0 
7fa2ba1da000-7fa2ba2d8000 rw-p 00000000 00:00 0                          [stack:8372]
7fa2ba2d8000-7fa2ba9fa000 r--p 00000000 08:12 3546878                    /usr/lib/locale/locale-archive
7fa2ba9fa000-7fa2ba9fd000 ---p 00000000 00:00 0 
7fa2ba9fd000-7fa2baafb000 rw-p 00000000 00:00 0                          [stack:8371]
7fa2baafb000-7fa2baafe000 ---p 00000000 00:00 0 
7fa2baafe000-7fa2babfc000 rw-p 00000000 00:00 0                          [stack:8370]
7fa2babfc000-7fa2babfd000 ---p 00000000 00:00 0 
7fa2babfd000-7fa2bd000000 rw-p 00000000 00:00 0                          [stack:8369]
7fa2bd000000-7fa2bd780000 rwxp 00000000 00:00 0 
7fa2bd780000-7fa2cc000000 ---p 00000000 00:00 0 
7fa2cc000000-7fa2cc505000 rw-p 00000000 00:00 0 
7fa2cc505000-7fa2d0000000 ---p 00000000 00:00 0 
7fa2d00d4000-7fa2d00d9000 r--s 00096000 08:12 4198968                    /usr/lib/jvm/java-8-oracle/jre/lib/jsse.jar
7fa2d00d9000-7fa2d00e8000 r--s 000dd000 08:12 1706690                    /opt/android-sdk-linux/build-tools/22.0.1/lib/dx.jar
7fa2d00e8000-7fa2d00fa000 r--s 001fc000 08:12 4196211                    /usr/lib/jvm/java-8-oracle/jre/lib/ext/ojdbc6.jar
7fa2d00fa000-7fa2d0dab000 rw-p 00000000 00:00 0 
7fa2d0dab000-7fa2d0f84000 r--s 03d20000 08:12 4198918                    /usr/lib/jvm/java-8-oracle/jre/lib/rt.jar
7fa2d0f84000-7fa2d16fa000 rw-p 00000000 00:00 0 
7fa2d16fa000-7fa2d17fa000 ---p 00000000 00:00 0 
7fa2d17fa000-7fa2d19fa000 rw-p 00000000 00:00 0 
7fa2d19fa000-7fa2d19fb000 ---p 00000000 00:00 0 
7fa2d19fb000-7fa2d1afb000 rw-p 00000000 00:00 0                          [stack:8368]
7fa2d1afb000-7fa2d1afc000 ---p 00000000 00:00 0 
7fa2d1afc000-7fa2d1bfc000 rw-p 00000000 00:00 0                          [stack:8367]
7fa2d1bfc000-7fa2d1bfd000 ---p 00000000 00:00 0 
7fa2d1bfd000-7fa2d1cfd000 rw-p 00000000 00:00 0                          [stack:8365]
7fa2d1cfd000-7fa2d1cfe000 ---p 00000000 00:00 0 
7fa2d1cfe000-7fa2d1e28000 rw-p 00000000 00:00 0                          [stack:8364]
7fa2d1e28000-7fa2d1f54000 ---p 00000000 00:00 0 
7fa2d1f54000-7fa2d1f7e000 rw-p 00000000 00:00 0 
7fa2d1f7e000-7fa2d20a9000 ---p 00000000 00:00 0 
7fa2d20a9000-7fa2d20cf000 rw-p 00000000 00:00 0 
7fa2d20cf000-7fa2d2154000 ---p 00000000 00:00 0 
7fa2d2154000-7fa2d2173000 rw-p 00000000 00:00 0 
7fa2d2173000-7fa2d2515000 ---p 00000000 00:00 0 
7fa2d2515000-7fa2d252f000 r-xp 00000000 08:12 4203595                    /usr/lib/jvm/java-8-oracle/jre/lib/amd64/libzip.so
7fa2d252f000-7fa2d272f000 ---p 0001a000 08:12 4203595                    /usr/lib/jvm/java-8-oracle/jre/lib/amd64/libzip.so
7fa2d272f000-7fa2d2730000 rw-p 0001a000 08:12 4203595                    /usr/lib/jvm/java-8-oracle/jre/lib/amd64/libzip.so
7fa2d2730000-7fa2d273c000 r-xp 00000000 08:12 265436                     /lib/x86_64-linux-gnu/libnss_files-2.21.so
7fa2d273c000-7fa2d293b000 ---p 0000c000 08:12 265436                     /lib/x86_64-linux-gnu/libnss_files-2.21.so
7fa2d293b000-7fa2d293c000 r--p 0000b000 08:12 265436                     /lib/x86_64-linux-gnu/libnss_files-2.21.so
7fa2d293c000-7fa2d293d000 rw-p 0000c000 08:12 265436                     /lib/x86_64-linux-gnu/libnss_files-2.21.so
7fa2d293d000-7fa2d2948000 r-xp 00000000 08:12 265447                     /lib/x86_64-linux-gnu/libnss_nis-2.21.so
7fa2d2948000-7fa2d2b47000 ---p 0000b000 08:12 265447                     /lib/x86_64-linux-gnu/libnss_nis-2.21.so
7fa2d2b47000-7fa2d2b48000 r--p 0000a000 08:12 265447                     /lib/x86_64-linux-gnu/libnss_nis-2.21.so
7fa2d2b48000-7fa2d2b49000 rw-p 0000b000 08:12 265447                     /lib/x86_64-linux-gnu/libnss_nis-2.21.so
7fa2d2b49000-7fa2d2b60000 r-xp 00000000 08:12 265441                     /lib/x86_64-linux-gnu/libnsl-2.21.so
7fa2d2b60000-7fa2d2d5f000 ---p 00017000 08:12 265441                     /lib/x86_64-linux-gnu/libnsl-2.21.so
7fa2d2d5f000-7fa2d2d60000 r--p 00016000 08:12 265441                     /lib/x86_64-linux-gnu/libnsl-2.21.so
7fa2d2d60000-7fa2d2d61000 rw-p 00017000 08:12 265441                     /lib/x86_64-linux-gnu/libnsl-2.21.so
7fa2d2d61000-7fa2d2d63000 rw-p 00000000 00:00 0 
7fa2d2d63000-7fa2d2d6b000 r-xp 00000000 08:12 265437                     /lib/x86_64-linux-gnu/libnss_compat-2.21.so
7fa2d2d6b000-7fa2d2f6a000 ---p 00008000 08:12 265437                     /lib/x86_64-linux-gnu/libnss_compat-2.21.so
7fa2d2f6a000-7fa2d2f6b000 r--p 00007000 08:12 265437                     /lib/x86_64-linux-gnu/libnss_compat-2.21.so
7fa2d2f6b000-7fa2d2f6c000 rw-p 00008000 08:12 265437                     /lib/x86_64-linux-gnu/libnss_compat-2.21.so
7fa2d2f6c000-7fa2d2f96000 r-xp 00000000 08:12 4203590                    /usr/lib/jvm/java-8-oracle/jre/lib/amd64/libjava.so
7fa2d2f96000-7fa2d3196000 ---p 0002a000 08:12 4203590                    /usr/lib/jvm/java-8-oracle/jre/lib/amd64/libjava.so
7fa2d3196000-7fa2d3198000 rw-p 0002a000 08:12 4203590                    /usr/lib/jvm/java-8-oracle/jre/lib/amd64/libjava.so
7fa2d3198000-7fa2d31a5000 r-xp 00000000 08:12 4203594                    /usr/lib/jvm/java-8-oracle/jre/lib/amd64/libverify.so
7fa2d31a5000-7fa2d33a5000 ---p 0000d000 08:12 4203594                    /usr/lib/jvm/java-8-oracle/jre/lib/amd64/libverify.so
7fa2d33a5000-7fa2d33a7000 rw-p 0000d000 08:12 4203594                    /usr/lib/jvm/java-8-oracle/jre/lib/amd64/libverify.so
7fa2d33a7000-7fa2d33ae000 r-xp 00000000 08:12 265431                     /lib/x86_64-linux-gnu/librt-2.21.so
7fa2d33ae000-7fa2d35ad000 ---p 00007000 08:12 265431                     /lib/x86_64-linux-gnu/librt-2.21.so
7fa2d35ad000-7fa2d35ae000 r--p 00006000 08:12 265431                     /lib/x86_64-linux-gnu/librt-2.21.so
7fa2d35ae000-7fa2d35af000 rw-p 00007000 08:12 265431                     /lib/x86_64-linux-gnu/librt-2.21.so
7fa2d35af000-7fa2d36b6000 r-xp 00000000 08:12 265449                     /lib/x86_64-linux-gnu/libm-2.21.so
7fa2d36b6000-7fa2d38b5000 ---p 00107000 08:12 265449                     /lib/x86_64-linux-gnu/libm-2.21.so
7fa2d38b5000-7fa2d38b6000 r--p 00106000 08:12 265449                     /lib/x86_64-linux-gnu/libm-2.21.so
7fa2d38b6000-7fa2d38b7000 rw-p 00107000 08:12 265449                     /lib/x86_64-linux-gnu/libm-2.21.so
7fa2d38b7000-7fa2d4575000 r-xp 00000000 08:12 4201549                    /usr/lib/jvm/java-8-oracle/jre/lib/amd64/server/libjvm.so
7fa2d4575000-7fa2d4774000 ---p 00cbe000 08:12 4201549                    /usr/lib/jvm/java-8-oracle/jre/lib/amd64/server/libjvm.so
7fa2d4774000-7fa2d484d000 rw-p 00cbd000 08:12 4201549                    /usr/lib/jvm/java-8-oracle/jre/lib/amd64/server/libjvm.so
7fa2d484d000-7fa2d4891000 rw-p 00000000 00:00 0 
7fa2d4891000-7fa2d4a51000 r-xp 00000000 08:12 265450                     /lib/x86_64-linux-gnu/libc-2.21.so
7fa2d4a51000-7fa2d4c51000 ---p 001c0000 08:12 265450                     /lib/x86_64-linux-gnu/libc-2.21.so
7fa2d4c51000-7fa2d4c55000 r--p 001c0000 08:12 265450                     /lib/x86_64-linux-gnu/libc-2.21.so
7fa2d4c55000-7fa2d4c57000 rw-p 001c4000 08:12 265450                     /lib/x86_64-linux-gnu/libc-2.21.so
7fa2d4c57000-7fa2d4c5b000 rw-p 00000000 00:00 0 
7fa2d4c5b000-7fa2d4c5e000 r-xp 00000000 08:12 265446                     /lib/x86_64-linux-gnu/libdl-2.21.so
7fa2d4c5e000-7fa2d4e5d000 ---p 00003000 08:12 265446                     /lib/x86_64-linux-gnu/libdl-2.21.so
7fa2d4e5d000-7fa2d4e5e000 r--p 00002000 08:12 265446                     /lib/x86_64-linux-gnu/libdl-2.21.so
7fa2d4e5e000-7fa2d4e5f000 rw-p 00003000 08:12 265446                     /lib/x86_64-linux-gnu/libdl-2.21.so
7fa2d4e5f000-7fa2d4e74000 r-xp 00000000 08:12 4198721                    /usr/lib/jvm/java-8-oracle/lib/amd64/jli/libjli.so
7fa2d4e74000-7fa2d5074000 ---p 00015000 08:12 4198721                    /usr/lib/jvm/java-8-oracle/lib/amd64/jli/libjli.so
7fa2d5074000-7fa2d5075000 rw-p 00015000 08:12 4198721                    /usr/lib/jvm/java-8-oracle/lib/amd64/jli/libjli.so
7fa2d5075000-7fa2d508d000 r-xp 00000000 08:12 265432                     /lib/x86_64-linux-gnu/libpthread-2.21.so
7fa2d508d000-7fa2d528d000 ---p 00018000 08:12 265432                     /lib/x86_64-linux-gnu/libpthread-2.21.so
7fa2d528d000-7fa2d528e000 r--p 00018000 08:12 265432                     /lib/x86_64-linux-gnu/libpthread-2.21.so
7fa2d528e000-7fa2d528f000 rw-p 00019000 08:12 265432                     /lib/x86_64-linux-gnu/libpthread-2.21.so
7fa2d528f000-7fa2d5293000 rw-p 00000000 00:00 0 
7fa2d5293000-7fa2d52b7000 r-xp 00000000 08:12 265444                     /lib/x86_64-linux-gnu/ld-2.21.so
7fa2d52bb000-7fa2d538d000 rw-p 00000000 00:00 0 
7fa2d538d000-7fa2d5390000 ---p 00000000 00:00 0 
7fa2d5390000-7fa2d5492000 rw-p 00000000 00:00 0                          [stack:8361]
7fa2d5493000-7fa2d54aa000 rw-p 00000000 00:00 0 
7fa2d54aa000-7fa2d54b2000 rw-s 00000000 08:12 3408596                    /tmp/hsperfdata_duke/8359
7fa2d54b2000-7fa2d54b3000 rw-p 00000000 00:00 0 
7fa2d54b3000-7fa2d54b4000 r--p 00000000 00:00 0 
7fa2d54b4000-7fa2d54b6000 rw-p 00000000 00:00 0 
7fa2d54b6000-7fa2d54b7000 r--p 00023000 08:12 265444                     /lib/x86_64-linux-gnu/ld-2.21.so
7fa2d54b7000-7fa2d54b8000 rw-p 00024000 08:12 265444                     /lib/x86_64-linux-gnu/ld-2.21.so
7fa2d54b8000-7fa2d54b9000 rw-p 00000000 00:00 0 
7ffddd15b000-7ffddd17c000 rw-p 00000000 00:00 0                          [stack]
7ffddd1fb000-7ffddd1fd000 r--p 00000000 00:00 0                          [vvar]
7ffddd1fd000-7ffddd1ff000 r-xp 00000000 00:00 0                          [vdso]
ffffffffff600000-ffffffffff601000 r-xp 00000000 00:00 0                  [vsyscall]

VM Arguments:
jvm_args: -Xmx1024M -Dfile.encoding=UTF-8 -Duser.country=US -Duser.language=en -Duser.variant 
java_command: com.android.dx.command.Main --dex --output /home/duke/AndroidStudioProjects/MasterSahab/app/build/intermediates/dex/debug /home/duke/AndroidStudioProjects/MasterSahab/app/build/intermediates/classes/debug /home/duke/AndroidStudioProjects/MasterSahab/app/build/intermediates/pre-dexed/debug/support-annotations-23.1.0-149131c491be35e3d124446278d503abb54ec58a.jar /home/duke/AndroidStudioProjects/MasterSahab/app/build/intermediates/pre-dexed/debug/internal_impl-23.1.0-68dd1a7f8574ec1010780d01224e7f7f961b609d.jar /home/duke/AndroidStudioProjects/MasterSahab/app/build/intermediates/pre-dexed/debug/classes-a7978fbca45cb556bc78ba92279a75d463b5966e.jar /home/duke/AndroidStudioProjects/MasterSahab/app/build/intermediates/pre-dexed/debug/classes-15119f3aee5b6d8304b65a7150ff66c3b1b298bc.jar
java_class_path (initial): /opt/android-sdk-linux/build-tools/22.0.1/lib/dx.jar
Launcher Type: SUN_STANDARD

Environment Variables:
JAVA_HOME=/usr/lib/jvm/java-8-oracle
PATH=/usr/local/sbin:/usr/local/bin:/usr/sbin:/usr/bin:/sbin:/bin:/usr/games:/usr/local/games:/usr/lib/jvm/java-8-oracle/bin:/usr/lib/jvm/java-8-oracle/db/bin:/usr/lib/jvm/java-8-oracle/jre/bin
LD_LIBRARY_PATH=/home/duke/Apps/android-studio/bin:
SHELL=/bin/bash
DISPLAY=:0

Signal Handlers:
SIGSEGV: [libjvm.so+0xaba2a0], sa_mask[0]=11111111011111111101111111111110, sa_flags=SA_RESTART|SA_SIGINFO
SIGBUS: [libjvm.so+0xaba2a0], sa_mask[0]=11111111011111111101111111111110, sa_flags=SA_RESTART|SA_SIGINFO
SIGFPE: [libjvm.so+0x917710], sa_mask[0]=11111111011111111101111111111110, sa_flags=SA_RESTART|SA_SIGINFO
SIGPIPE: [libjvm.so+0x917710], sa_mask[0]=11111111011111111101111111111110, sa_flags=SA_RESTART|SA_SIGINFO
SIGXFSZ: [libjvm.so+0x917710], sa_mask[0]=11111111011111111101111111111110, sa_flags=SA_RESTART|SA_SIGINFO
SIGILL: [libjvm.so+0x917710], sa_mask[0]=11111111011111111101111111111110, sa_flags=SA_RESTART|SA_SIGINFO
SIGUSR1: SIG_DFL, sa_mask[0]=00000000000000000000000000000000, sa_flags=none
SIGUSR2: [libjvm.so+0x918d40], sa_mask[0]=00100000000000000000000000000000, sa_flags=SA_RESTART|SA_SIGINFO
SIGHUP: [libjvm.so+0x91a140], sa_mask[0]=11111111011111111101111111111110, sa_flags=SA_RESTART|SA_SIGINFO
SIGINT: [libjvm.so+0x91a140], sa_mask[0]=11111111011111111101111111111110, sa_flags=SA_RESTART|SA_SIGINFO
SIGTERM: [libjvm.so+0x91a140], sa_mask[0]=11111111011111111101111111111110, sa_flags=SA_RESTART|SA_SIGINFO
SIGQUIT: [libjvm.so+0x91a140], sa_mask[0]=11111111011111111101111111111110, sa_flags=SA_RESTART|SA_SIGINFO


---------------  S Y S T E M  ---------------

OS:DISTRIB_ID=Ubuntu
DISTRIB_RELEASE=15.10
DISTRIB_CODENAME=wily
DISTRIB_DESCRIPTION="Ubuntu 15.10"

uname:Linux 4.2.0-34-generic #39-Ubuntu SMP Thu Mar 10 22:13:01 UTC 2016 x86_64
libc:glibc 2.21 NPTL 2.21 
rlimit: STACK 8192k, CORE 0k, NPROC 31796, NOFILE 65536, AS infinity
load average:3.12 2.64 1.89

/proc/meminfo:
MemTotal:        8174560 kB
MemFree:         1393648 kB
MemAvailable:    4315820 kB
Buffers:          257780 kB
Cached:          2574020 kB
SwapCached:            0 kB
Active:          4897940 kB
Inactive:        1328752 kB
Active(anon):    3396272 kB
Inactive(anon):    37360 kB
Active(file):    1501668 kB
Inactive(file):  1291392 kB
Unevictable:          32 kB
Mlocked:              32 kB
SwapTotal:       1998844 kB
SwapFree:        1998844 kB
Dirty:            142856 kB
Writeback:             0 kB
AnonPages:       3397080 kB
Mapped:           525232 kB
Shmem:             38724 kB
Slab:             225200 kB
SReclaimable:     171688 kB
SUnreclaim:        53512 kB
KernelStack:        8672 kB
PageTables:        31204 kB
NFS_Unstable:          0 kB
Bounce:                0 kB
WritebackTmp:          0 kB
CommitLimit:     6086124 kB
Committed_AS:    6478368 kB
VmallocTotal:   34359738367 kB
VmallocUsed:       91928 kB
VmallocChunk:   34359586812 kB
HardwareCorrupted:     0 kB
AnonHugePages:   1906688 kB
CmaTotal:              0 kB
CmaFree:               0 kB
HugePages_Total:       0
HugePages_Free:        0
HugePages_Rsvd:        0
HugePages_Surp:        0
Hugepagesize:       2048 kB
DirectMap4k:      400320 kB
DirectMap2M:     7987200 kB


CPU:total 4 (4 cores per cpu, 1 threads per core) family 6 model 15 stepping 11, cmov, cx8, fxsr, mmx, sse, sse2, sse3, ssse3, tsc

/proc/cpuinfo:
processor	: 0
vendor_id	: GenuineIntel
cpu family	: 6
model		: 15
model name	: Intel(R) Core(TM)2 Quad CPU    Q6600  @ 2.40GHz
stepping	: 11
microcode	: 0xba
cpu MHz		: 2400.000
cache size	: 4096 KB
physical id	: 0
siblings	: 4
core id		: 0
cpu cores	: 4
apicid		: 0
initial apicid	: 0
fpu		: yes
fpu_exception	: yes
cpuid level	: 10
wp		: yes
flags		: fpu vme de pse tsc msr pae mce cx8 apic sep mtrr pge mca cmov pat pse36 clflush dts acpi mmx fxsr sse sse2 ss ht tm pbe syscall nx lm constant_tsc arch_perfmon pebs bts rep_good nopl aperfmperf pni dtes64 monitor ds_cpl vmx est tm2 ssse3 cx16 xtpr pdcm lahf_lm dtherm tpr_shadow vnmi flexpriority
bugs		:
bogomips	: 4799.74
clflush size	: 64
cache_alignment	: 64
address sizes	: 36 bits physical, 48 bits virtual
power management:

processor	: 1
vendor_id	: GenuineIntel
cpu family	: 6
model		: 15
model name	: Intel(R) Core(TM)2 Quad CPU    Q6600  @ 2.40GHz
stepping	: 11
microcode	: 0xba
cpu MHz		: 2400.000
cache size	: 4096 KB
physical id	: 0
siblings	: 4
core id		: 1
cpu cores	: 4
apicid		: 1
initial apicid	: 1
fpu		: yes
fpu_exception	: yes
cpuid level	: 10
wp		: yes
flags		: fpu vme de pse tsc msr pae mce cx8 apic sep mtrr pge mca cmov pat pse36 clflush dts acpi mmx fxsr sse sse2 ss ht tm pbe syscall nx lm constant_tsc arch_perfmon pebs bts rep_good nopl aperfmperf pni dtes64 monitor ds_cpl vmx est tm2 ssse3 cx16 xtpr pdcm lahf_lm dtherm tpr_shadow vnmi flexpriority
bugs		:
bogomips	: 4799.74
clflush size	: 64
cache_alignment	: 64
address sizes	: 36 bits physical, 48 bits virtual
power management:

processor	: 2
vendor_id	: GenuineIntel
cpu family	: 6
model		: 15
model name	: Intel(R) Core(TM)2 Quad CPU    Q6600  @ 2.40GHz
stepping	: 11
microcode	: 0xba
cpu MHz		: 2400.000
cache size	: 4096 KB
physical id	: 0
siblings	: 4
core id		: 3
cpu cores	: 4
apicid		: 3
initial apicid	: 3
fpu		: yes
fpu_exception	: yes
cpuid level	: 10
wp		: yes
flags		: fpu vme de pse tsc msr pae mce cx8 apic sep mtrr pge mca cmov pat pse36 clflush dts acpi mmx fxsr sse sse2 ss ht tm pbe syscall nx lm constant_tsc arch_perfmon pebs bts rep_good nopl aperfmperf pni dtes64 monitor ds_cpl vmx est tm2 ssse3 cx16 xtpr pdcm lahf_lm dtherm tpr_shadow vnmi flexpriority
bugs		:
bogomips	: 4799.74
clflush size	: 64
cache_alignment	: 64
address sizes	: 36 bits physical, 48 bits virtual
power management:

processor	: 3
vendor_id	: GenuineIntel
cpu family	: 6
model		: 15
model name	: Intel(R) Core(TM)2 Quad CPU    Q6600  @ 2.40GHz
stepping	: 11
microcode	: 0xba
cpu MHz		: 2400.000
cache size	: 4096 KB
physical id	: 0
siblings	: 4
core id		: 2
cpu cores	: 4
apicid		: 2
initial apicid	: 2
fpu		: yes
fpu_exception	: yes
cpuid level	: 10
wp		: yes
flags		: fpu vme de pse tsc msr pae mce cx8 apic sep mtrr pge mca cmov pat pse36 clflush dts acpi mmx fxsr sse sse2 ss ht tm pbe syscall nx lm constant_tsc arch_perfmon pebs bts rep_good nopl aperfmperf pni dtes64 monitor ds_cpl vmx est tm2 ssse3 cx16 xtpr pdcm lahf_lm dtherm tpr_shadow vnmi flexpriority
bugs		:
bogomips	: 4799.74
clflush size	: 64
cache_alignment	: 64
address sizes	: 36 bits physical, 48 bits virtual
power management:



Memory: 4k page, physical 8174560k(1393524k free), swap 1998844k(1998844k free)

vm_info: Java HotSpot(TM) 64-Bit Server VM (25.66-b17) for linux-amd64 JRE (1.8.0_66-b17), built on Oct  6 2015 17:28:34 by "java_re" with gcc 4.3.0 20080428 (Red Hat 4.3.0-8)

time: Sat Mar 19 09:36:26 2016
elapsed time: 2 seconds (0d 0h 0m 2s)

