#
# A fatal error has been detected by the Java Runtime Environment:
#
#  SIGSEGV (0xb) at pc=0x00007f87a2005060, pid=26787, tid=140221980686080
#
# JRE version: Java(TM) SE Runtime Environment (8.0_66-b17) (build 1.8.0_66-b17)
# Java VM: Java HotSpot(TM) 64-Bit Server VM (25.66-b17 mixed mode linux-amd64 compressed oops)
# Problematic frame:
# C  0x00007f87a2005060
#
# Failed to write core dump. Core dumps have been disabled. To enable core dumping, try "ulimit -c unlimited" before starting Java again
#
# If you would like to submit a bug report, please visit:
#   http://bugreport.java.com/bugreport/crash.jsp
#

---------------  T H R E A D  ---------------

Current thread (0x00007f87f000a000):  JavaThread "main" [_thread_in_Java, id=26789, stack(0x00007f87f9493000,0x00007f87f9594000)]

siginfo: si_signo: 11 (SIGSEGV), si_code: 1 (SEGV_MAPERR), si_addr: 0x00007f87a2005060

Registers:
RAX=0x00007f87f5599e38, RBX=0x00007f87f5599e38, RCX=0x00000000eb38f690, RDX=0x0000000000000000
RSP=0x00007f87f95919a8, RBP=0x00007f87f9591a18, RSI=0x00000000eb38f690, RDI=0x0000000000000006
R8 =0x00000000eb3c08b0, R9 =0x0000000000000000, R10=0x00007f87f896e260, R11=0x00007f87e11771c0
R12=0x0000000000000000, R13=0x00007f87f95919b8, R14=0x00007f87f9591a48, R15=0x00007f87f000a000
RIP=0x00007f87a2005060, EFLAGS=0x0000000000010202, CSGSFS=0x0000000000000033, ERR=0x0000000000000014
  TRAPNO=0x000000000000000e

Top of Stack: (sp=0x00007f87f95919a8)
0x00007f87f95919a8:   00007f87e10073d0 00007f87e10073d0
0x00007f87f95919b8:   0000000000000000 00000000eb38f690
0x00007f87f95919c8:   00000000eb3844b8 00000000eb3c08b0
0x00007f87f95919d8:   00007f87f95919d8 00007f87f55df56e
0x00007f87f95919e8:   00007f87f9591a48 00007f87f55e54c8
0x00007f87f95919f8:   00007f87f56996a8 00007f87f55df5c8
0x00007f87f9591a08:   00007f87f95919b8 00007f87f9591a40
0x00007f87f9591a18:   00007f87f9591a98 00007f87e1007710
0x00007f87f9591a28:   0000000000000001 0000000000000000
0x00007f87f9591a38:   00000000eb3c08b0 00000000eb38f690
0x00007f87f9591a48:   00000000eb3844b8 00000000eb3c06f0
0x00007f87f9591a58:   00007f87f9591a58 00007f87f55e8924
0x00007f87f9591a68:   00007f87f9591ae8 00007f87f55eb4f0
0x00007f87f9591a78:   0000000000000000 00007f87f55e8a00
0x00007f87f9591a88:   00007f87f9591a40 00007f87f9591ad8
0x00007f87f9591a98:   00007f87f9591b30 00007f87e1007710
0x00007f87f9591aa8:   0000000000000002 0000000000000002
0x00007f87f9591ab8:   00000000eb381840 00000000eb3c06f0
0x00007f87f9591ac8:   00000000eb3818e8 00000000eb3844b8
0x00007f87f9591ad8:   00000000eb386828 0000000000000136
0x00007f87f9591ae8:   00000000eb386370 00007f87f9591af0
0x00007f87f9591af8:   00007f87f55df7a5 00007f87f9591b68
0x00007f87f9591b08:   00007f87f55e54c8 0000000000000000
0x00007f87f9591b18:   00007f87f55df860 00007f87f9591ad8
0x00007f87f9591b28:   00007f87f9591b60 00007f87f9591bb0
0x00007f87f9591b38:   00007f87e100798d 00000000eb3c0460
0x00007f87f9591b48:   0000000000000136 000000000000014a
0x00007f87f9591b58:   00000000eb3844b8 00000000eb386370
0x00007f87f9591b68:   00000000eb386828 00007f87f9591b70
0x00007f87f9591b78:   00007f87f55df38d 00007f87f9591bd8
0x00007f87f9591b88:   00007f87f55e54c8 0000000000000000
0x00007f87f9591b98:   00007f87f55df3d0 00007f87f9591b60 

Instructions: (pc=0x00007f87a2005060)
0x00007f87a2005040:   
[error occurred during error reporting (printing registers, top of stack, instructions near pc), id 0xb]

Register to memory mapping:

RAX={method} {0x00007f87f5599e38} 'get' '(I)I' in 'com/android/dx/util/IntList'
RBX={method} {0x00007f87f5599e38} 'get' '(I)I' in 'com/android/dx/util/IntList'
RCX=0x00000000eb38f690 is an oop
com.android.dx.util.IntList 
 - klass: 'com/android/dx/util/IntList'
RDX=0x0000000000000000 is an unknown value
RSP=0x00007f87f95919a8 is pointing into the stack for thread: 0x00007f87f000a000
RBP=0x00007f87f9591a18 is pointing into the stack for thread: 0x00007f87f000a000
RSI=0x00000000eb38f690 is an oop
com.android.dx.util.IntList 
 - klass: 'com/android/dx/util/IntList'
RDI=0x0000000000000006 is an unknown value
R8 =0x00000000eb3c08b0 is an oop
java.util.BitSet 
 - klass: 'java/util/BitSet'
R9 =0x0000000000000000 is an unknown value
R10=0x00007f87f896e260: <offset 0xfb1260> in /usr/lib/jvm/java-8-oracle/jre/lib/amd64/server/libjvm.so at 0x00007f87f79bd000
R11=0x00007f87e11771c0 is at entry_point+32 in (nmethod*)0x00007f87e1177010
R12=0x0000000000000000 is an unknown value
R13=0x00007f87f95919b8 is pointing into the stack for thread: 0x00007f87f000a000
R14=0x00007f87f9591a48 is pointing into the stack for thread: 0x00007f87f000a000
R15=0x00007f87f000a000 is a thread


Stack: [0x00007f87f9493000,0x00007f87f9594000],  sp=0x00007f87f95919a8,  free space=1018k
Native frames: (J=compiled Java code, j=interpreted, Vv=VM code, C=native code)
C  0x00007f87a2005060
j  com.android.dx.ssa.SsaBasicBlock.newFromRop(Lcom/android/dx/rop/code/RopMethod;ILcom/android/dx/ssa/SsaMethod;)Lcom/android/dx/ssa/SsaBasicBlock;+108
j  com.android.dx.ssa.SsaMethod.convertRopToSsaBlocks(Lcom/android/dx/rop/code/RopMethod;)V+37
j  com.android.dx.ssa.SsaMethod.newFromRopMethod(Lcom/android/dx/rop/code/RopMethod;IZ)Lcom/android/dx/ssa/SsaMethod;+13
j  com.android.dx.ssa.SsaConverter.convertToSsaMethod(Lcom/android/dx/rop/code/RopMethod;IZ)Lcom/android/dx/ssa/SsaMethod;+3
j  com.android.dx.ssa.Optimizer.optimize(Lcom/android/dx/rop/code/RopMethod;IZZLcom/android/dx/rop/code/TranslationAdvice;Ljava/util/EnumSet;)Lcom/android/dx/rop/code/RopMethod;+15
j  com.android.dx.ssa.Optimizer.optimize(Lcom/android/dx/rop/code/RopMethod;IZZLcom/android/dx/rop/code/TranslationAdvice;)Lcom/android/dx/rop/code/RopMethod;+12
j  com.android.dx.dex.cf.CfTranslator.processMethods(Lcom/android/dx/cf/direct/DirectClassFile;Lcom/android/dx/dex/cf/CfOptions;Lcom/android/dx/dex/DexOptions;Lcom/android/dx/dex/file/ClassDefItem;Lcom/android/dx/dex/file/DexFile;)V+265
j  com.android.dx.dex.cf.CfTranslator.translate0(Lcom/android/dx/cf/direct/DirectClassFile;[BLcom/android/dx/dex/cf/CfOptions;Lcom/android/dx/dex/DexOptions;Lcom/android/dx/dex/file/DexFile;)Lcom/android/dx/dex/file/ClassDefItem;+120
j  com.android.dx.dex.cf.CfTranslator.translate(Lcom/android/dx/cf/direct/DirectClassFile;[BLcom/android/dx/dex/cf/CfOptions;Lcom/android/dx/dex/DexOptions;Lcom/android/dx/dex/file/DexFile;)Lcom/android/dx/dex/file/ClassDefItem;+6
j  com.android.dx.command.dexer.Main.processClass(Ljava/lang/String;[B)Z+251
j  com.android.dx.command.dexer.Main.processFileBytes(Ljava/lang/String;J[B)Z+188
j  com.android.dx.command.dexer.Main.access$300(Ljava/lang/String;J[B)Z+3
j  com.android.dx.command.dexer.Main$1.processFileBytes(Ljava/lang/String;J[B)Z+4
j  com.android.dx.cf.direct.ClassPathOpener.processOne(Ljava/io/File;Z)Z+82
j  com.android.dx.cf.direct.ClassPathOpener.processDirectory(Ljava/io/File;Z)Z+64
j  com.android.dx.cf.direct.ClassPathOpener.processOne(Ljava/io/File;Z)Z+10
j  com.android.dx.cf.direct.ClassPathOpener.processDirectory(Ljava/io/File;Z)Z+64
j  com.android.dx.cf.direct.ClassPathOpener.processOne(Ljava/io/File;Z)Z+10
j  com.android.dx.cf.direct.ClassPathOpener.processDirectory(Ljava/io/File;Z)Z+64
j  com.android.dx.cf.direct.ClassPathOpener.processOne(Ljava/io/File;Z)Z+10
j  com.android.dx.cf.direct.ClassPathOpener.processDirectory(Ljava/io/File;Z)Z+64
j  com.android.dx.cf.direct.ClassPathOpener.processOne(Ljava/io/File;Z)Z+10
j  com.android.dx.cf.direct.ClassPathOpener.process()Z+15
j  com.android.dx.command.dexer.Main.processOne(Ljava/lang/String;Lcom/android/dx/cf/direct/ClassPathOpener$FileNameFilter;)V+58
j  com.android.dx.command.dexer.Main.processAllFiles()Z+202
j  com.android.dx.command.dexer.Main.runMonoDex()I+58
j  com.android.dx.command.dexer.Main.run(Lcom/android/dx/command/dexer/Main$Arguments;)I+76
j  com.android.dx.command.dexer.Main.main([Ljava/lang/String;)V+14
j  com.android.dx.command.Main.main([Ljava/lang/String;)V+61
v  ~StubRoutines::call_stub
V  [libjvm.so+0x68bc46]  JavaCalls::call_helper(JavaValue*, methodHandle*, JavaCallArguments*, Thread*)+0x1056
V  [libjvm.so+0x6cd262]  jni_invoke_static(JNIEnv_*, JavaValue*, _jobject*, JNICallType, _jmethodID*, JNI_ArgumentPusher*, Thread*)+0x362
V  [libjvm.so+0x6e9c6a]  jni_CallStaticVoidMethod+0x17a
C  [libjli.so+0x7bcc]  JavaMain+0x80c
C  [libpthread.so.0+0x76aa]  start_thread+0xca


---------------  P R O C E S S  ---------------

Java Threads: ( => current thread )
  0x00007f87f00c3000 JavaThread "Service Thread" daemon [_thread_blocked, id=26804, stack(0x00007f87dded4000,0x00007f87ddfd5000)]
  0x00007f87f00bd800 JavaThread "C1 CompilerThread2" daemon [_thread_in_vm, id=26803, stack(0x00007f87ddfd5000,0x00007f87de0d6000)]
  0x00007f87f00bb800 JavaThread "C2 CompilerThread1" daemon [_thread_blocked, id=26802, stack(0x00007f87de0d6000,0x00007f87de1d7000)]
  0x00007f87f00b8800 JavaThread "C2 CompilerThread0" daemon [_thread_blocked, id=26801, stack(0x00007f87de1d7000,0x00007f87de2d8000)]
  0x00007f87f00b7000 JavaThread "Signal Dispatcher" daemon [_thread_blocked, id=26800, stack(0x00007f87de2d8000,0x00007f87de3d9000)]
  0x00007f87f007f800 JavaThread "Finalizer" daemon [_thread_blocked, id=26799, stack(0x00007f87deafb000,0x00007f87debfc000)]
  0x00007f87f007d000 JavaThread "Reference Handler" daemon [_thread_blocked, id=26798, stack(0x00007f87debfc000,0x00007f87decfd000)]
=>0x00007f87f000a000 JavaThread "main" [_thread_in_Java, id=26789, stack(0x00007f87f9493000,0x00007f87f9594000)]

Other Threads:
  0x00007f87f0078000 VMThread [stack: 0x00007f87decfd000,0x00007f87dedfe000] [id=26797]
  0x00007f87f00c5800 WatcherThread [stack: 0x00007f87dddd3000,0x00007f87dded4000] [id=26805]

VM state:not at safepoint (normal execution)

VM Mutex/Monitor currently owned by a thread:  ([mutex/lock_event])
[0x00007f87f0005ad0] CodeCache_lock - owner thread: 0x00007f87f00bd800
[0x00007f87f0007150] Compile_lock - owner thread: 0x00007f87f00bd800
[0x00007f87f0007250] MethodCompileQueue_lock - owner thread: 0x00007f87f00bd800

Heap:
 PSYoungGen      total 37888K, used 9446K [0x00000000eab00000, 0x00000000ed500000, 0x0000000100000000)
  eden space 32768K, 28% used [0x00000000eab00000,0x00000000eb439920,0x00000000ecb00000)
  from space 5120K, 0% used [0x00000000ed000000,0x00000000ed000000,0x00000000ed500000)
  to   space 5120K, 0% used [0x00000000ecb00000,0x00000000ecb00000,0x00000000ed000000)
 ParOldGen       total 86016K, used 0K [0x00000000c0000000, 0x00000000c5400000, 0x00000000eab00000)
  object space 86016K, 0% used [0x00000000c0000000,0x00000000c0000000,0x00000000c5400000)
 Metaspace       used 4834K, capacity 6384K, committed 6528K, reserved 1056768K
  class space    used 525K, capacity 616K, committed 640K, reserved 1048576K

Card table byte_map: [0x00007f87f605a000,0x00007f87f625b000] byte_map_base: 0x00007f87f5a5a000

Marking Bits: (ParMarkBitMap*) 0x00007f87f896c020
 Begin Bits: [0x00007f87df000000, 0x00007f87e0000000)
 End Bits:   [0x00007f87e0000000, 0x00007f87e1000000)

Polling page: 0x00007f87f95b9000

CodeCache: size=245760Kb used=1865Kb max_used=1865Kb free=243894Kb
 bounds [0x00007f87e1000000, 0x00007f87e1270000, 0x00007f87f0000000]
 total_blobs=615 nmethods=362 adapters=169
 compilation: enabled

Compilation events (10 events):
Event: 0.416 Thread 0x00007f87f00bd800  355       1       com.android.dx.rop.type.Type::getBasicType (5 bytes)
Event: 0.416 Thread 0x00007f87f00bd800 nmethod 355 0x00007f87e11a8a50 code [0x00007f87e11a8ba0, 0x00007f87e11a8cb0]
Event: 0.416 Thread 0x00007f87f00b8800 nmethod 358 0x00007f87e11b1a90 code [0x00007f87e11b1be0, 0x00007f87e11b1d18]
Event: 0.416 Thread 0x00007f87f00bd800  359   !   3       com.android.dx.cf.code.BytecodeArray::parseInstruction (2764 bytes)
Event: 0.417 Thread 0x00007f87f00b8800  365       4       com.android.dx.rop.type.Type::getCategory (36 bytes)
Event: 0.418 Thread 0x00007f87f00b8800 nmethod 365 0x00007f87e11b1e90 code [0x00007f87e11b1fe0, 0x00007f87e11b2058]
Event: 0.425 Thread 0x00007f87f00bb800  383       4       com.android.dx.util.Bits::set (19 bytes)
Event: 0.426 Thread 0x00007f87f00bb800 nmethod 383 0x00007f87e11b20d0 code [0x00007f87e11b2220, 0x00007f87e11b22b8]
Event: 0.433 Thread 0x00007f87f00b8800  384   !   4       com.android.dx.util.IntList::get (36 bytes)
Event: 0.434 Thread 0x00007f87f00b8800 nmethod 384 0x00007f87e11b2390 code [0x00007f87e11b24e0, 0x00007f87e11b2598]

GC Heap History (0 events):
No events

Deoptimization events (0 events):
No events

Internal exceptions (2 events):
Event: 0.036 Thread 0x00007f87f000a000 Exception <a 'java/lang/NoSuchMethodError': Method sun.misc.Unsafe.defineClass(Ljava/lang/String;[BII)Ljava/lang/Class; name or signature does not match> (0x00000000eab12b90) thrown at [/HUDSON/workspace/8-2-build-linux-amd64/jdk8u66/4988/hotspot/src/shar
Event: 0.036 Thread 0x00007f87f000a000 Exception <a 'java/lang/NoSuchMethodError': Method sun.misc.Unsafe.prefetchRead(Ljava/lang/Object;J)V name or signature does not match> (0x00000000eab12e78) thrown at [/HUDSON/workspace/8-2-build-linux-amd64/jdk8u66/4988/hotspot/src/share/vm/prims/jni.cpp

Events (10 events):
Event: 0.399 loading class com/android/dx/dex/file/StringIdItem
Event: 0.399 loading class com/android/dx/dex/file/StringIdItem done
Event: 0.399 loading class com/android/dx/dex/file/StringDataItem
Event: 0.399 loading class com/android/dx/dex/file/StringDataItem done
Event: 0.409 loading class com/android/dx/cf/code/Ropper$ExceptionHandlerSetup
Event: 0.409 loading class com/android/dx/cf/code/Ropper$ExceptionHandlerSetup done
Event: 0.430 loading class java/util/HashMap$Values
Event: 0.430 loading class java/util/HashMap$Values done
Event: 0.430 loading class java/util/HashMap$ValueIterator
Event: 0.430 loading class java/util/HashMap$ValueIterator done


Dynamic libraries:
00400000-00401000 r-xp 00000000 08:12 4072075                            /usr/lib/jvm/java-8-oracle/bin/java
00600000-00601000 rw-p 00000000 08:12 4072075                            /usr/lib/jvm/java-8-oracle/bin/java
01015000-01036000 rw-p 00000000 00:00 0                                  [heap]
c0000000-c5400000 rw-p 00000000 00:00 0 
c5400000-eab00000 ---p 00000000 00:00 0 
eab00000-ed500000 rw-p 00000000 00:00 0 
ed500000-100000000 ---p 00000000 00:00 0 
100000000-1000a0000 rw-p 00000000 00:00 0 
1000a0000-140000000 ---p 00000000 00:00 0 
7f87a8000000-7f87a8021000 rw-p 00000000 00:00 0 
7f87a8021000-7f87ac000000 ---p 00000000 00:00 0 
7f87ac000000-7f87ac021000 rw-p 00000000 00:00 0 
7f87ac021000-7f87b0000000 ---p 00000000 00:00 0 
7f87b0000000-7f87b00a7000 rw-p 00000000 00:00 0 
7f87b00a7000-7f87b4000000 ---p 00000000 00:00 0 
7f87b4000000-7f87b435a000 rw-p 00000000 00:00 0 
7f87b435a000-7f87b8000000 ---p 00000000 00:00 0 
7f87b8000000-7f87b8021000 rw-p 00000000 00:00 0 
7f87b8021000-7f87bc000000 ---p 00000000 00:00 0 
7f87bc000000-7f87bc0e3000 rw-p 00000000 00:00 0 
7f87bc0e3000-7f87c0000000 ---p 00000000 00:00 0 
7f87c0000000-7f87c0021000 rw-p 00000000 00:00 0 
7f87c0021000-7f87c4000000 ---p 00000000 00:00 0 
7f87c4000000-7f87c4021000 rw-p 00000000 00:00 0 
7f87c4021000-7f87c8000000 ---p 00000000 00:00 0 
7f87c8000000-7f87c8021000 rw-p 00000000 00:00 0 
7f87c8021000-7f87cc000000 ---p 00000000 00:00 0 
7f87cc000000-7f87cc021000 rw-p 00000000 00:00 0 
7f87cc021000-7f87d0000000 ---p 00000000 00:00 0 
7f87d0000000-7f87d0021000 rw-p 00000000 00:00 0 
7f87d0021000-7f87d4000000 ---p 00000000 00:00 0 
7f87d4000000-7f87d4021000 rw-p 00000000 00:00 0 
7f87d4021000-7f87d8000000 ---p 00000000 00:00 0 
7f87d8000000-7f87d8021000 rw-p 00000000 00:00 0 
7f87d8021000-7f87dc000000 ---p 00000000 00:00 0 
7f87dddd3000-7f87dddd4000 ---p 00000000 00:00 0 
7f87dddd4000-7f87dded4000 rw-p 00000000 00:00 0                          [stack:26805]
7f87dded4000-7f87dded7000 ---p 00000000 00:00 0 
7f87dded7000-7f87ddfd5000 rw-p 00000000 00:00 0                          [stack:26804]
7f87ddfd5000-7f87ddfd8000 ---p 00000000 00:00 0 
7f87ddfd8000-7f87de0d6000 rw-p 00000000 00:00 0                          [stack:26803]
7f87de0d6000-7f87de0d9000 ---p 00000000 00:00 0 
7f87de0d9000-7f87de1d7000 rw-p 00000000 00:00 0                          [stack:26802]
7f87de1d7000-7f87de1da000 ---p 00000000 00:00 0 
7f87de1da000-7f87de2d8000 rw-p 00000000 00:00 0                          [stack:26801]
7f87de2d8000-7f87de2db000 ---p 00000000 00:00 0 
7f87de2db000-7f87de3d9000 rw-p 00000000 00:00 0                          [stack:26800]
7f87de3d9000-7f87deafb000 r--p 00000000 08:12 3546878                    /usr/lib/locale/locale-archive
7f87deafb000-7f87deafe000 ---p 00000000 00:00 0 
7f87deafe000-7f87debfc000 rw-p 00000000 00:00 0                          [stack:26799]
7f87debfc000-7f87debff000 ---p 00000000 00:00 0 
7f87debff000-7f87decfd000 rw-p 00000000 00:00 0                          [stack:26798]
7f87decfd000-7f87decfe000 ---p 00000000 00:00 0 
7f87decfe000-7f87e1000000 rw-p 00000000 00:00 0                          [stack:26797]
7f87e1000000-7f87e1270000 rwxp 00000000 00:00 0 
7f87e1270000-7f87f0000000 ---p 00000000 00:00 0 
7f87f0000000-7f87f0482000 rw-p 00000000 00:00 0 
7f87f0482000-7f87f4000000 ---p 00000000 00:00 0 
7f87f40de000-7f87f40ed000 r--s 000dd000 08:12 1704044                    /opt/android-sdk-linux/build-tools/21.1.2/lib/dx.jar
7f87f40ed000-7f87f40ff000 r--s 001fc000 08:12 4196211                    /usr/lib/jvm/java-8-oracle/jre/lib/ext/ojdbc6.jar
7f87f40ff000-7f87f4eb1000 rw-p 00000000 00:00 0 
7f87f4eb1000-7f87f508a000 r--s 03d20000 08:12 4198918                    /usr/lib/jvm/java-8-oracle/jre/lib/rt.jar
7f87f508a000-7f87f56c0000 rw-p 00000000 00:00 0 
7f87f56c0000-7f87f5900000 ---p 00000000 00:00 0 
7f87f5900000-7f87f5b00000 rw-p 00000000 00:00 0 
7f87f5b00000-7f87f5b01000 ---p 00000000 00:00 0 
7f87f5b01000-7f87f5c01000 rw-p 00000000 00:00 0                          [stack:26795]
7f87f5c01000-7f87f5c02000 ---p 00000000 00:00 0 
7f87f5c02000-7f87f5d02000 rw-p 00000000 00:00 0                          [stack:26794]
7f87f5d02000-7f87f5d03000 ---p 00000000 00:00 0 
7f87f5d03000-7f87f5e03000 rw-p 00000000 00:00 0                          [stack:26793]
7f87f5e03000-7f87f5e04000 ---p 00000000 00:00 0 
7f87f5e04000-7f87f5f2e000 rw-p 00000000 00:00 0                          [stack:26792]
7f87f5f2e000-7f87f605a000 ---p 00000000 00:00 0 
7f87f605a000-7f87f6084000 rw-p 00000000 00:00 0 
7f87f6084000-7f87f61af000 ---p 00000000 00:00 0 
7f87f61af000-7f87f61c5000 rw-p 00000000 00:00 0 
7f87f61c5000-7f87f625a000 ---p 00000000 00:00 0 
7f87f625a000-7f87f6265000 rw-p 00000000 00:00 0 
7f87f6265000-7f87f661b000 ---p 00000000 00:00 0 
7f87f661b000-7f87f6635000 r-xp 00000000 08:12 4203595                    /usr/lib/jvm/java-8-oracle/jre/lib/amd64/libzip.so
7f87f6635000-7f87f6835000 ---p 0001a000 08:12 4203595                    /usr/lib/jvm/java-8-oracle/jre/lib/amd64/libzip.so
7f87f6835000-7f87f6836000 rw-p 0001a000 08:12 4203595                    /usr/lib/jvm/java-8-oracle/jre/lib/amd64/libzip.so
7f87f6836000-7f87f6842000 r-xp 00000000 08:12 266670                     /lib/x86_64-linux-gnu/libnss_files-2.21.so
7f87f6842000-7f87f6a41000 ---p 0000c000 08:12 266670                     /lib/x86_64-linux-gnu/libnss_files-2.21.so
7f87f6a41000-7f87f6a42000 r--p 0000b000 08:12 266670                     /lib/x86_64-linux-gnu/libnss_files-2.21.so
7f87f6a42000-7f87f6a43000 rw-p 0000c000 08:12 266670                     /lib/x86_64-linux-gnu/libnss_files-2.21.so
7f87f6a43000-7f87f6a4e000 r-xp 00000000 08:12 266680                     /lib/x86_64-linux-gnu/libnss_nis-2.21.so
7f87f6a4e000-7f87f6c4d000 ---p 0000b000 08:12 266680                     /lib/x86_64-linux-gnu/libnss_nis-2.21.so
7f87f6c4d000-7f87f6c4e000 r--p 0000a000 08:12 266680                     /lib/x86_64-linux-gnu/libnss_nis-2.21.so
7f87f6c4e000-7f87f6c4f000 rw-p 0000b000 08:12 266680                     /lib/x86_64-linux-gnu/libnss_nis-2.21.so
7f87f6c4f000-7f87f6c66000 r-xp 00000000 08:12 266664                     /lib/x86_64-linux-gnu/libnsl-2.21.so
7f87f6c66000-7f87f6e65000 ---p 00017000 08:12 266664                     /lib/x86_64-linux-gnu/libnsl-2.21.so
7f87f6e65000-7f87f6e66000 r--p 00016000 08:12 266664                     /lib/x86_64-linux-gnu/libnsl-2.21.so
7f87f6e66000-7f87f6e67000 rw-p 00017000 08:12 266664                     /lib/x86_64-linux-gnu/libnsl-2.21.so
7f87f6e67000-7f87f6e69000 rw-p 00000000 00:00 0 
7f87f6e69000-7f87f6e71000 r-xp 00000000 08:12 266666                     /lib/x86_64-linux-gnu/libnss_compat-2.21.so
7f87f6e71000-7f87f7070000 ---p 00008000 08:12 266666                     /lib/x86_64-linux-gnu/libnss_compat-2.21.so
7f87f7070000-7f87f7071000 r--p 00007000 08:12 266666                     /lib/x86_64-linux-gnu/libnss_compat-2.21.so
7f87f7071000-7f87f7072000 rw-p 00008000 08:12 266666                     /lib/x86_64-linux-gnu/libnss_compat-2.21.so
7f87f7072000-7f87f709c000 r-xp 00000000 08:12 4203590                    /usr/lib/jvm/java-8-oracle/jre/lib/amd64/libjava.so
7f87f709c000-7f87f729c000 ---p 0002a000 08:12 4203590                    /usr/lib/jvm/java-8-oracle/jre/lib/amd64/libjava.so
7f87f729c000-7f87f729e000 rw-p 0002a000 08:12 4203590                    /usr/lib/jvm/java-8-oracle/jre/lib/amd64/libjava.so
7f87f729e000-7f87f72ab000 r-xp 00000000 08:12 4203594                    /usr/lib/jvm/java-8-oracle/jre/lib/amd64/libverify.so
7f87f72ab000-7f87f74ab000 ---p 0000d000 08:12 4203594                    /usr/lib/jvm/java-8-oracle/jre/lib/amd64/libverify.so
7f87f74ab000-7f87f74ad000 rw-p 0000d000 08:12 4203594                    /usr/lib/jvm/java-8-oracle/jre/lib/amd64/libverify.so
7f87f74ad000-7f87f74b4000 r-xp 00000000 08:12 266725                     /lib/x86_64-linux-gnu/librt-2.21.so
7f87f74b4000-7f87f76b3000 ---p 00007000 08:12 266725                     /lib/x86_64-linux-gnu/librt-2.21.so
7f87f76b3000-7f87f76b4000 r--p 00006000 08:12 266725                     /lib/x86_64-linux-gnu/librt-2.21.so
7f87f76b4000-7f87f76b5000 rw-p 00007000 08:12 266725                     /lib/x86_64-linux-gnu/librt-2.21.so
7f87f76b5000-7f87f77bc000 r-xp 00000000 08:12 266643                     /lib/x86_64-linux-gnu/libm-2.21.so
7f87f77bc000-7f87f79bb000 ---p 00107000 08:12 266643                     /lib/x86_64-linux-gnu/libm-2.21.so
7f87f79bb000-7f87f79bc000 r--p 00106000 08:12 266643                     /lib/x86_64-linux-gnu/libm-2.21.so
7f87f79bc000-7f87f79bd000 rw-p 00107000 08:12 266643                     /lib/x86_64-linux-gnu/libm-2.21.so
7f87f79bd000-7f87f867b000 r-xp 00000000 08:12 4201549                    /usr/lib/jvm/java-8-oracle/jre/lib/amd64/server/libjvm.so
7f87f867b000-7f87f887a000 ---p 00cbe000 08:12 4201549                    /usr/lib/jvm/java-8-oracle/jre/lib/amd64/server/libjvm.so
7f87f887a000-7f87f8953000 rw-p 00cbd000 08:12 4201549                    /usr/lib/jvm/java-8-oracle/jre/lib/amd64/server/libjvm.so
7f87f8953000-7f87f8997000 rw-p 00000000 00:00 0 
7f87f8997000-7f87f8b57000 r-xp 00000000 08:12 266584                     /lib/x86_64-linux-gnu/libc-2.21.so
7f87f8b57000-7f87f8d57000 ---p 001c0000 08:12 266584                     /lib/x86_64-linux-gnu/libc-2.21.so
7f87f8d57000-7f87f8d5b000 r--p 001c0000 08:12 266584                     /lib/x86_64-linux-gnu/libc-2.21.so
7f87f8d5b000-7f87f8d5d000 rw-p 001c4000 08:12 266584                     /lib/x86_64-linux-gnu/libc-2.21.so
7f87f8d5d000-7f87f8d61000 rw-p 00000000 00:00 0 
7f87f8d61000-7f87f8d64000 r-xp 00000000 08:12 266601                     /lib/x86_64-linux-gnu/libdl-2.21.so
7f87f8d64000-7f87f8f63000 ---p 00003000 08:12 266601                     /lib/x86_64-linux-gnu/libdl-2.21.so
7f87f8f63000-7f87f8f64000 r--p 00002000 08:12 266601                     /lib/x86_64-linux-gnu/libdl-2.21.so
7f87f8f64000-7f87f8f65000 rw-p 00003000 08:12 266601                     /lib/x86_64-linux-gnu/libdl-2.21.so
7f87f8f65000-7f87f8f7a000 r-xp 00000000 08:12 4198721                    /usr/lib/jvm/java-8-oracle/lib/amd64/jli/libjli.so
7f87f8f7a000-7f87f917a000 ---p 00015000 08:12 4198721                    /usr/lib/jvm/java-8-oracle/lib/amd64/jli/libjli.so
7f87f917a000-7f87f917b000 rw-p 00015000 08:12 4198721                    /usr/lib/jvm/java-8-oracle/lib/amd64/jli/libjli.so
7f87f917b000-7f87f9193000 r-xp 00000000 08:12 266717                     /lib/x86_64-linux-gnu/libpthread-2.21.so
7f87f9193000-7f87f9393000 ---p 00018000 08:12 266717                     /lib/x86_64-linux-gnu/libpthread-2.21.so
7f87f9393000-7f87f9394000 r--p 00018000 08:12 266717                     /lib/x86_64-linux-gnu/libpthread-2.21.so
7f87f9394000-7f87f9395000 rw-p 00019000 08:12 266717                     /lib/x86_64-linux-gnu/libpthread-2.21.so
7f87f9395000-7f87f9399000 rw-p 00000000 00:00 0 
7f87f9399000-7f87f93bd000 r-xp 00000000 08:12 266556                     /lib/x86_64-linux-gnu/ld-2.21.so
7f87f93c1000-7f87f9493000 rw-p 00000000 00:00 0 
7f87f9493000-7f87f9496000 ---p 00000000 00:00 0 
7f87f9496000-7f87f9598000 rw-p 00000000 00:00 0                          [stack:26789]
7f87f9599000-7f87f95b0000 rw-p 00000000 00:00 0 
7f87f95b0000-7f87f95b8000 rw-s 00000000 08:12 3408125                    /tmp/hsperfdata_duke/26787
7f87f95b8000-7f87f95b9000 rw-p 00000000 00:00 0 
7f87f95b9000-7f87f95ba000 r--p 00000000 00:00 0 
7f87f95ba000-7f87f95bc000 rw-p 00000000 00:00 0 
7f87f95bc000-7f87f95bd000 r--p 00023000 08:12 266556                     /lib/x86_64-linux-gnu/ld-2.21.so
7f87f95bd000-7f87f95be000 rw-p 00024000 08:12 266556                     /lib/x86_64-linux-gnu/ld-2.21.so
7f87f95be000-7f87f95bf000 rw-p 00000000 00:00 0 
7ffc5c412000-7ffc5c433000 rw-p 00000000 00:00 0                          [stack]
7ffc5c484000-7ffc5c486000 r--p 00000000 00:00 0                          [vvar]
7ffc5c486000-7ffc5c488000 r-xp 00000000 00:00 0                          [vdso]
ffffffffff600000-ffffffffff601000 r-xp 00000000 00:00 0                  [vsyscall]

VM Arguments:
jvm_args: -Xmx1024M -Dfile.encoding=UTF-8 -Duser.country=US -Duser.language=en -Duser.variant 
java_command: com.android.dx.command.Main --dex --output /home/duke/AndroidStudioProjects/MasterSahab/app/build/intermediates/dex/debug /home/duke/AndroidStudioProjects/MasterSahab/app/build/intermediates/classes/debug /home/duke/AndroidStudioProjects/MasterSahab/app/build/intermediates/pre-dexed/debug/support-annotations-22.2.0-d11b86e8a8d5a60125987e55ed19da6fe916ed6c.jar /home/duke/AndroidStudioProjects/MasterSahab/app/build/intermediates/pre-dexed/debug/internal_impl-22.2.0-9fd2cdf11b2cb58a68c8003917e19ca6197745ad.jar /home/duke/AndroidStudioProjects/MasterSahab/app/build/intermediates/pre-dexed/debug/classes-8ef248cfe074cd8203cc4c867f71e14f57d6780a.jar /home/duke/AndroidStudioProjects/MasterSahab/app/build/intermediates/pre-dexed/debug/classes-dccf93463063885d5b233794907a60cd6aefb60c.jar
java_class_path (initial): /opt/android-sdk-linux/build-tools/21.1.2/lib/dx.jar
Launcher Type: SUN_STANDARD

Environment Variables:
JAVA_HOME=/usr/lib/jvm/java-8-oracle
PATH=/usr/local/sbin:/usr/local/bin:/usr/sbin:/usr/bin:/sbin:/bin:/usr/games:/usr/local/games:/usr/lib/jvm/java-8-oracle/bin:/usr/lib/jvm/java-8-oracle/db/bin:/usr/lib/jvm/java-8-oracle/jre/bin
LD_LIBRARY_PATH=/home/duke/Apps/android-studio/bin:
SHELL=/bin/bash
DISPLAY=:0

Signal Handlers:
SIGSEGV: [libjvm.so+0xaba2a0], sa_mask[0]=11111111011111111101111111111110, sa_flags=SA_RESTART|SA_SIGINFO
SIGBUS: [libjvm.so+0xaba2a0], sa_mask[0]=11111111011111111101111111111110, sa_flags=SA_RESTART|SA_SIGINFO
SIGFPE: [libjvm.so+0x917710], sa_mask[0]=11111111011111111101111111111110, sa_flags=SA_RESTART|SA_SIGINFO
SIGPIPE: [libjvm.so+0x917710], sa_mask[0]=11111111011111111101111111111110, sa_flags=SA_RESTART|SA_SIGINFO
SIGXFSZ: [libjvm.so+0x917710], sa_mask[0]=11111111011111111101111111111110, sa_flags=SA_RESTART|SA_SIGINFO
SIGILL: [libjvm.so+0x917710], sa_mask[0]=11111111011111111101111111111110, sa_flags=SA_RESTART|SA_SIGINFO
SIGUSR1: SIG_DFL, sa_mask[0]=00000000000000000000000000000000, sa_flags=none
SIGUSR2: [libjvm.so+0x918d40], sa_mask[0]=00100000000000000000000000000000, sa_flags=SA_RESTART|SA_SIGINFO
SIGHUP: [libjvm.so+0x91a140], sa_mask[0]=11111111011111111101111111111110, sa_flags=SA_RESTART|SA_SIGINFO
SIGINT: [libjvm.so+0x91a140], sa_mask[0]=11111111011111111101111111111110, sa_flags=SA_RESTART|SA_SIGINFO
SIGTERM: [libjvm.so+0x91a140], sa_mask[0]=11111111011111111101111111111110, sa_flags=SA_RESTART|SA_SIGINFO
SIGQUIT: [libjvm.so+0x91a140], sa_mask[0]=11111111011111111101111111111110, sa_flags=SA_RESTART|SA_SIGINFO


---------------  S Y S T E M  ---------------

OS:DISTRIB_ID=Ubuntu
DISTRIB_RELEASE=15.10
DISTRIB_CODENAME=wily
DISTRIB_DESCRIPTION="Ubuntu 15.10"

uname:Linux 4.2.0-27-generic #32-Ubuntu SMP Fri Jan 22 04:49:08 UTC 2016 x86_64
libc:glibc 2.21 NPTL 2.21 
rlimit: STACK 8192k, CORE 0k, NPROC 31796, NOFILE 65536, AS infinity
load average:0.44 0.70 0.86

/proc/meminfo:
MemTotal:        8174564 kB
MemFree:          367728 kB
MemAvailable:    3653392 kB
Buffers:          609664 kB
Cached:          3178844 kB
SwapCached:         1124 kB
Active:          4487400 kB
Inactive:        2976648 kB
Active(anon):    3030660 kB
Inactive(anon):  1280384 kB
Active(file):    1456740 kB
Inactive(file):  1696264 kB
Unevictable:          32 kB
Mlocked:              32 kB
SwapTotal:       1998844 kB
SwapFree:        1966404 kB
Dirty:             24156 kB
Writeback:             0 kB
AnonPages:       3674632 kB
Mapped:           573116 kB
Shmem:            635516 kB
Slab:             217636 kB
SReclaimable:     175236 kB
SUnreclaim:        42400 kB
KernelStack:        9616 kB
PageTables:        45148 kB
NFS_Unstable:          0 kB
Bounce:                0 kB
WritebackTmp:          0 kB
CommitLimit:     6086124 kB
Committed_AS:    7521784 kB
VmallocTotal:   34359738367 kB
VmallocUsed:       87416 kB
VmallocChunk:   34359586812 kB
HardwareCorrupted:     0 kB
AnonHugePages:   2170880 kB
CmaTotal:              0 kB
CmaFree:               0 kB
HugePages_Total:       0
HugePages_Free:        0
HugePages_Rsvd:        0
HugePages_Surp:        0
Hugepagesize:       2048 kB
DirectMap4k:      472000 kB
DirectMap2M:     7915520 kB


CPU:total 4 (4 cores per cpu, 1 threads per core) family 6 model 15 stepping 11, cmov, cx8, fxsr, mmx, sse, sse2, sse3, ssse3, tsc

/proc/cpuinfo:
processor	: 0
vendor_id	: GenuineIntel
cpu family	: 6
model		: 15
model name	: Intel(R) Core(TM)2 Quad CPU    Q6600  @ 2.40GHz
stepping	: 11
microcode	: 0xba
cpu MHz		: 2400.000
cache size	: 4096 KB
physical id	: 0
siblings	: 4
core id		: 0
cpu cores	: 4
apicid		: 0
initial apicid	: 0
fpu		: yes
fpu_exception	: yes
cpuid level	: 10
wp		: yes
flags		: fpu vme de pse tsc msr pae mce cx8 apic sep mtrr pge mca cmov pat pse36 clflush dts acpi mmx fxsr sse sse2 ss ht tm pbe syscall nx lm constant_tsc arch_perfmon pebs bts rep_good nopl aperfmperf pni dtes64 monitor ds_cpl vmx est tm2 ssse3 cx16 xtpr pdcm lahf_lm dtherm tpr_shadow vnmi flexpriority
bugs		:
bogomips	: 4800.34
clflush size	: 64
cache_alignment	: 64
address sizes	: 36 bits physical, 48 bits virtual
power management:

processor	: 1
vendor_id	: GenuineIntel
cpu family	: 6
model		: 15
model name	: Intel(R) Core(TM)2 Quad CPU    Q6600  @ 2.40GHz
stepping	: 11
microcode	: 0xba
cpu MHz		: 2400.000
cache size	: 4096 KB
physical id	: 0
siblings	: 4
core id		: 1
cpu cores	: 4
apicid		: 1
initial apicid	: 1
fpu		: yes
fpu_exception	: yes
cpuid level	: 10
wp		: yes
flags		: fpu vme de pse tsc msr pae mce cx8 apic sep mtrr pge mca cmov pat pse36 clflush dts acpi mmx fxsr sse sse2 ss ht tm pbe syscall nx lm constant_tsc arch_perfmon pebs bts rep_good nopl aperfmperf pni dtes64 monitor ds_cpl vmx est tm2 ssse3 cx16 xtpr pdcm lahf_lm dtherm tpr_shadow vnmi flexpriority
bugs		:
bogomips	: 4800.34
clflush size	: 64
cache_alignment	: 64
address sizes	: 36 bits physical, 48 bits virtual
power management:

processor	: 2
vendor_id	: GenuineIntel
cpu family	: 6
model		: 15
model name	: Intel(R) Core(TM)2 Quad CPU    Q6600  @ 2.40GHz
stepping	: 11
microcode	: 0xba
cpu MHz		: 2400.000
cache size	: 4096 KB
physical id	: 0
siblings	: 4
core id		: 3
cpu cores	: 4
apicid		: 3
initial apicid	: 3
fpu		: yes
fpu_exception	: yes
cpuid level	: 10
wp		: yes
flags		: fpu vme de pse tsc msr pae mce cx8 apic sep mtrr pge mca cmov pat pse36 clflush dts acpi mmx fxsr sse sse2 ss ht tm pbe syscall nx lm constant_tsc arch_perfmon pebs bts rep_good nopl aperfmperf pni dtes64 monitor ds_cpl vmx est tm2 ssse3 cx16 xtpr pdcm lahf_lm dtherm tpr_shadow vnmi flexpriority
bugs		:
bogomips	: 4800.34
clflush size	: 64
cache_alignment	: 64
address sizes	: 36 bits physical, 48 bits virtual
power management:

processor	: 3
vendor_id	: GenuineIntel
cpu family	: 6
model		: 15
model name	: Intel(R) Core(TM)2 Quad CPU    Q6600  @ 2.40GHz
stepping	: 11
microcode	: 0xba
cpu MHz		: 2400.000
cache size	: 4096 KB
physical id	: 0
siblings	: 4
core id		: 2
cpu cores	: 4
apicid		: 2
initial apicid	: 2
fpu		: yes
fpu_exception	: yes
cpuid level	: 10
wp		: yes
flags		: fpu vme de pse tsc msr pae mce cx8 apic sep mtrr pge mca cmov pat pse36 clflush dts acpi mmx fxsr sse sse2 ss ht tm pbe syscall nx lm constant_tsc arch_perfmon pebs bts rep_good nopl aperfmperf pni dtes64 monitor ds_cpl vmx est tm2 ssse3 cx16 xtpr pdcm lahf_lm dtherm tpr_shadow vnmi flexpriority
bugs		:
bogomips	: 4800.34
clflush size	: 64
cache_alignment	: 64
address sizes	: 36 bits physical, 48 bits virtual
power management:



Memory: 4k page, physical 8174564k(367728k free), swap 1998844k(1966404k free)

vm_info: Java HotSpot(TM) 64-Bit Server VM (25.66-b17) for linux-amd64 JRE (1.8.0_66-b17), built on Oct  6 2015 17:28:34 by "java_re" with gcc 4.3.0 20080428 (Red Hat 4.3.0-8)

time: Sat Feb 13 02:16:36 2016
elapsed time: 0 seconds (0d 0h 0m 0s)

