#
# A fatal error has been detected by the Java Runtime Environment:
#
#  SIGSEGV (0xb) at pc=0x00007fd606005060, pid=1062, tid=140558652184320
#
# JRE version: Java(TM) SE Runtime Environment (8.0_66-b17) (build 1.8.0_66-b17)
# Java VM: Java HotSpot(TM) 64-Bit Server VM (25.66-b17 mixed mode linux-amd64 compressed oops)
# Problematic frame:
# C  0x00007fd606005060
#
# Failed to write core dump. Core dumps have been disabled. To enable core dumping, try "ulimit -c unlimited" before starting Java again
#
# If you would like to submit a bug report, please visit:
#   http://bugreport.java.com/bugreport/crash.jsp
#

---------------  T H R E A D  ---------------

Current thread (0x00007fd65400a000):  JavaThread "main" [_thread_in_Java, id=1065, stack(0x00007fd65c789000,0x00007fd65c88a000)]

siginfo: si_signo: 11 (SIGSEGV), si_code: 1 (SEGV_MAPERR), si_addr: 0x00007fd606005060

Registers:
RAX=0x0000000100028e20, RBX=0x00007fd658aa26d0, RCX=0x00000000eae6f1f8, RDX=0x0000000000000002
RSP=0x00007fd65c8882e8, RBP=0x00007fd65c888438, RSI=0x00000000eae6f1c8, RDI=0x00000000eae6f1c8
R8 =0x00000000000088a0, R9 =0x0000000000000346, R10=0x0000000100028e20, R11=0x00007fd6456879e0
R12=0x0000000000000000, R13=0x00007fd65c8883f0, R14=0x00007fd65c888460, R15=0x00007fd65400a000
RIP=0x00007fd606005060, EFLAGS=0x0000000000010202, CSGSFS=0x0000000000000033, ERR=0x0000000000000014
  TRAPNO=0x000000000000000e

Top of Stack: (sp=0x00007fd65c8882e8)
0x00007fd65c8882e8:   00007fd6456859ac 00007fd65c888470
0x00007fd65c8882f8:   00007fd645676d44 0000000100028e20
0x00007fd65c888308:   00000000eadc9170 00007fd65c888350
0x00007fd65c888318:   00007fd65c888340 00007fd65848af70
0x00007fd65c888328:   0000000000000004 00000000eadc91a0
0x00007fd65c888338:   0000034600005358 00000000eadc9170
0x00007fd65c888348:   00000000eadc9170 00007fd65c888470
0x00007fd65c888358:   00007fd645679b9c 00007fd65c888408
0x00007fd65c888368:   00007fd6456846c4 00007fd65400a000
0x00007fd65c888378:   00000000eae6f1c8 00000000eae6f1c8
0x00007fd65c888388:   00007fd65c888388 00007fd65c888438
0x00007fd65c888398:   00007fd645687b8c 00007fd65c888408
0x00007fd65c8883a8:   00000000eadc9170 00007fd600000346
0x00007fd65c8883b8:   0000000000000002 00007fd65c888470
0x00007fd65c8883c8:   00007fd64567a104 00007fd65c888438
0x00007fd65c8883d8:   00007fd6450073d0 00007fd658a844b8
0x00007fd65c8883e8:   00007fd6450073d0 00000000eae6f1f8
0x00007fd65c8883f8:   00007fd65c8883f8 00007fd658a82301
0x00007fd65c888408:   00007fd65c888460 00007fd658a844b8
0x00007fd65c888418:   00007fd658aa53f8 00007fd658a82358
0x00007fd65c888428:   00007fd65c8883f0 00007fd65c888460
0x00007fd65c888438:   00007fd65c8884b0 00007fd645007710
0x00007fd65c888448:   0000000000000000 0000000000000000
0x00007fd65c888458:   0000000000000000 00000000eae6f1f8
0x00007fd65c888468:   00000000eada8380 00007fd65c888470
0x00007fd65c888478:   00007fd658aa3062 00007fd65c8884d8
0x00007fd65c888488:   00007fd658aa3470 00007fd658aa5238
0x00007fd65c888498:   00007fd658aa30a0 00007fd65c888460
0x00007fd65c8884a8:   00007fd65c8884c0 00007fd65c888520
0x00007fd65c8884b8:   00007fd645007710 00000000000003de
0x00007fd65c8884c8:   00000000eada8380 00000000eae6f1f8
0x00007fd65c8884d8:   00000000eae6f1b0 00007fd65c8884e0 

Instructions: (pc=0x00007fd606005060)
0x00007fd606005040:   
[error occurred during error reporting (printing registers, top of stack, instructions near pc), id 0xb]

Register to memory mapping:

RAX=0x0000000100028e20 is pointing into metadata
RBX=0x00007fd658aa26d0 is pointing into metadata
RCX=0x00000000eae6f1f8 is an oop
com.android.dex.Dex$Section 
 - klass: 'com/android/dex/Dex$Section'
RDX=0x0000000000000002 is an unknown value
RSP=0x00007fd65c8882e8 is pointing into the stack for thread: 0x00007fd65400a000
RBP=0x00007fd65c888438 is pointing into the stack for thread: 0x00007fd65400a000
RSI=0x00000000eae6f1c8 is an oop
java.nio.HeapByteBuffer 
 - klass: 'java/nio/HeapByteBuffer'
RDI=0x00000000eae6f1c8 is an oop
java.nio.HeapByteBuffer 
 - klass: 'java/nio/HeapByteBuffer'
R8 =0x00000000000088a0 is an unknown value
R9 =0x0000000000000346 is an unknown value
R10=0x0000000100028e20 is pointing into metadata
R11=0x00007fd6456879e0 is at entry_point+32 in (nmethod*)0x00007fd645687850
R12=0x0000000000000000 is an unknown value
R13=0x00007fd65c8883f0 is pointing into the stack for thread: 0x00007fd65400a000
R14=0x00007fd65c888460 is pointing into the stack for thread: 0x00007fd65400a000
R15=0x00007fd65400a000 is a thread


Stack: [0x00007fd65c789000,0x00007fd65c88a000],  sp=0x00007fd65c8882e8,  free space=1020k
Native frames: (J=compiled Java code, j=interpreted, Vv=VM code, C=native code)
C  0x00007fd606005060
j  com.android.dx.merge.DexMerger$5.read(Lcom/android/dex/Dex$Section;Lcom/android/dx/merge/IndexMap;I)Lcom/android/dex/FieldId;+2
j  com.android.dx.merge.DexMerger$5.read(Lcom/android/dex/Dex$Section;Lcom/android/dx/merge/IndexMap;I)Ljava/lang/Comparable;+4
j  com.android.dx.merge.DexMerger$IdMerger.mergeSorted()V+156
j  com.android.dx.merge.DexMerger.mergeFieldIds()V+12
j  com.android.dx.merge.DexMerger.mergeDexes()Lcom/android/dex/Dex;+17
j  com.android.dx.merge.DexMerger.merge()Lcom/android/dex/Dex;+5
j  com.android.dx.command.dexer.Main.mergeLibraryDexBuffers([B)[B+69
j  com.android.dx.command.dexer.Main.runMonoDex()I+129
j  com.android.dx.command.dexer.Main.run(Lcom/android/dx/command/dexer/Main$Arguments;)I+76
j  com.android.dx.command.dexer.Main.main([Ljava/lang/String;)V+14
j  com.android.dx.command.Main.main([Ljava/lang/String;)V+61
v  ~StubRoutines::call_stub
V  [libjvm.so+0x68bc46]  JavaCalls::call_helper(JavaValue*, methodHandle*, JavaCallArguments*, Thread*)+0x1056
V  [libjvm.so+0x6cd262]  jni_invoke_static(JNIEnv_*, JavaValue*, _jobject*, JNICallType, _jmethodID*, JNI_ArgumentPusher*, Thread*)+0x362
V  [libjvm.so+0x6e9c6a]  jni_CallStaticVoidMethod+0x17a
C  [libjli.so+0x7bcc]  JavaMain+0x80c
C  [libpthread.so.0+0x76aa]  start_thread+0xca


---------------  P R O C E S S  ---------------

Java Threads: ( => current thread )
  0x00007fd6540c2800 JavaThread "Service Thread" daemon [_thread_blocked, id=1082, stack(0x00007fd6412c8000,0x00007fd6413c9000)]
  0x00007fd6540bd800 JavaThread "C1 CompilerThread2" daemon [_thread_blocked, id=1081, stack(0x00007fd6413c9000,0x00007fd6414ca000)]
  0x00007fd6540bb800 JavaThread "C2 CompilerThread1" daemon [_thread_blocked, id=1080, stack(0x00007fd6414ca000,0x00007fd6415cb000)]
  0x00007fd6540b9000 JavaThread "C2 CompilerThread0" daemon [_thread_blocked, id=1079, stack(0x00007fd6415cb000,0x00007fd6416cc000)]
  0x00007fd6540b7000 JavaThread "Signal Dispatcher" daemon [_thread_blocked, id=1078, stack(0x00007fd6416cc000,0x00007fd6417cd000)]
  0x00007fd65407f800 JavaThread "Finalizer" daemon [_thread_blocked, id=1077, stack(0x00007fd641eef000,0x00007fd641ff0000)]
  0x00007fd65407d000 JavaThread "Reference Handler" daemon [_thread_blocked, id=1076, stack(0x00007fd641ff0000,0x00007fd6420f1000)]
=>0x00007fd65400a000 JavaThread "main" [_thread_in_Java, id=1065, stack(0x00007fd65c789000,0x00007fd65c88a000)]

Other Threads:
  0x00007fd654078000 VMThread [stack: 0x00007fd6420f1000,0x00007fd6421f2000] [id=1075]
  0x00007fd6540c5800 WatcherThread [stack: 0x00007fd6411c7000,0x00007fd6412c8000] [id=1083]

VM state:not at safepoint (normal execution)

VM Mutex/Monitor currently owned by a thread: None

Heap:
 PSYoungGen      total 70656K, used 9411K [0x00000000eab00000, 0x00000000ef500000, 0x0000000100000000)
  eden space 65536K, 6% used [0x00000000eab00000,0x00000000eaf362d0,0x00000000eeb00000)
  from space 5120K, 99% used [0x00000000ef000000,0x00000000ef4fa9c8,0x00000000ef500000)
  to   space 5120K, 0% used [0x00000000eeb00000,0x00000000eeb00000,0x00000000ef000000)
 ParOldGen       total 86016K, used 5734K [0x00000000c0000000, 0x00000000c5400000, 0x00000000eab00000)
  object space 86016K, 6% used [0x00000000c0000000,0x00000000c05999a0,0x00000000c5400000)
 Metaspace       used 6681K, capacity 7504K, committed 7680K, reserved 1056768K
  class space    used 634K, capacity 648K, committed 768K, reserved 1048576K

Card table byte_map: [0x00007fd659350000,0x00007fd659551000] byte_map_base: 0x00007fd658d50000

Marking Bits: (ParMarkBitMap*) 0x00007fd65bc62020
 Begin Bits: [0x00007fd643000000, 0x00007fd644000000)
 End Bits:   [0x00007fd644000000, 0x00007fd645000000)

Polling page: 0x00007fd65c8af000

CodeCache: size=245760Kb used=6706Kb max_used=6706Kb free=239054Kb
 bounds [0x00007fd645000000, 0x00007fd6456a0000, 0x00007fd654000000]
 total_blobs=2111 nmethods=1835 adapters=192
 compilation: enabled

Compilation events (10 events):
Event: 2.944 Thread 0x00007fd6540bd800 nmethod 1845 0x00007fd645687450 code [0x00007fd6456875c0, 0x00007fd6456877b0]
Event: 2.944 Thread 0x00007fd6540bd800 1853       3       com.android.dex.Dex$Section::readUnsignedShort (8 bytes)
Event: 2.945 Thread 0x00007fd6540bd800 nmethod 1853 0x00007fd645687850 code [0x00007fd6456879c0, 0x00007fd645687cc8]
Event: 2.945 Thread 0x00007fd6540bd800 1854       3       com.android.dex.FieldId::<init> (26 bytes)
Event: 2.945 Thread 0x00007fd6540bd800 nmethod 1854 0x00007fd645687dd0 code [0x00007fd645687f40, 0x00007fd645688110]
Event: 2.945 Thread 0x00007fd6540bd800 1855       3       com.android.dex.Dex$Section::writeUnsignedShort (44 bytes)
Event: 2.945 Thread 0x00007fd6540bb800 1861       4       java.nio.Buffer::nextGetIndex (38 bytes)
Event: 2.946 Thread 0x00007fd6540b9000 1865       4       java.nio.Buffer::nextPutIndex (38 bytes)
Event: 2.946 Thread 0x00007fd6540b9000 nmethod 1865 0x00007fd645670d10 code [0x00007fd645670e60, 0x00007fd645670ef8]
Event: 2.947 Thread 0x00007fd6540bb800 nmethod 1861 0x00007fd64568a950 code [0x00007fd64568aaa0, 0x00007fd64568ab38]

GC Heap History (4 events):
Event: 1.443 GC heap before
{Heap before GC invocations=1 (full 0):
 PSYoungGen      total 37888K, used 32768K [0x00000000eab00000, 0x00000000ed500000, 0x0000000100000000)
  eden space 32768K, 100% used [0x00000000eab00000,0x00000000ecb00000,0x00000000ecb00000)
  from space 5120K, 0% used [0x00000000ed000000,0x00000000ed000000,0x00000000ed500000)
  to   space 5120K, 0% used [0x00000000ecb00000,0x00000000ecb00000,0x00000000ed000000)
 ParOldGen       total 86016K, used 0K [0x00000000c0000000, 0x00000000c5400000, 0x00000000eab00000)
  object space 86016K, 0% used [0x00000000c0000000,0x00000000c0000000,0x00000000c5400000)
 Metaspace       used 5338K, capacity 6832K, committed 7040K, reserved 1056768K
  class space    used 534K, capacity 616K, committed 640K, reserved 1048576K
Event: 1.497 GC heap after
Heap after GC invocations=1 (full 0):
 PSYoungGen      total 37888K, used 5116K [0x00000000eab00000, 0x00000000ef500000, 0x0000000100000000)
  eden space 32768K, 0% used [0x00000000eab00000,0x00000000eab00000,0x00000000ecb00000)
  from space 5120K, 99% used [0x00000000ecb00000,0x00000000ecfff178,0x00000000ed000000)
  to   space 5120K, 0% used [0x00000000ef000000,0x00000000ef000000,0x00000000ef500000)
 ParOldGen       total 86016K, used 2416K [0x00000000c0000000, 0x00000000c5400000, 0x00000000eab00000)
  object space 86016K, 2% used [0x00000000c0000000,0x00000000c025c068,0x00000000c5400000)
 Metaspace       used 5338K, capacity 6832K, committed 7040K, reserved 1056768K
  class space    used 534K, capacity 616K, committed 640K, reserved 1048576K
}
Event: 2.540 GC heap before
{Heap before GC invocations=2 (full 0):
 PSYoungGen      total 37888K, used 37884K [0x00000000eab00000, 0x00000000ef500000, 0x0000000100000000)
  eden space 32768K, 100% used [0x00000000eab00000,0x00000000ecb00000,0x00000000ecb00000)
  from space 5120K, 99% used [0x00000000ecb00000,0x00000000ecfff178,0x00000000ed000000)
  to   space 5120K, 0% used [0x00000000ef000000,0x00000000ef000000,0x00000000ef500000)
 ParOldGen       total 86016K, used 2416K [0x00000000c0000000, 0x00000000c5400000, 0x00000000eab00000)
  object space 86016K, 2% used [0x00000000c0000000,0x00000000c025c068,0x00000000c5400000)
 Metaspace       used 5958K, capacity 7152K, committed 7296K, reserved 1056768K
  class space    used 571K, capacity 616K, committed 640K, reserved 1048576K
Event: 2.609 GC heap after
Heap after GC invocations=2 (full 0):
 PSYoungGen      total 70656K, used 5098K [0x00000000eab00000, 0x00000000ef500000, 0x0000000100000000)
  eden space 65536K, 0% used [0x00000000eab00000,0x00000000eab00000,0x00000000eeb00000)
  from space 5120K, 99% used [0x00000000ef000000,0x00000000ef4fa9c8,0x00000000ef500000)
  to   space 5120K, 0% used [0x00000000eeb00000,0x00000000eeb00000,0x00000000ef000000)
 ParOldGen       total 86016K, used 5734K [0x00000000c0000000, 0x00000000c5400000, 0x00000000eab00000)
  object space 86016K, 6% used [0x00000000c0000000,0x00000000c05999a0,0x00000000c5400000)
 Metaspace       used 5958K, capacity 7152K, committed 7296K, reserved 1056768K
  class space    used 571K, capacity 616K, committed 640K, reserved 1048576K
}

Deoptimization events (10 events):
Event: 2.524 Thread 0x00007fd65400a000 Uncommon trap: reason=unstable_if action=reinterpret pc=0x00007fd64559be9c method=java.util.TreeMap.put(Ljava/lang/Object;Ljava/lang/Object;)Ljava/lang/Object; @ 163
Event: 2.642 Thread 0x00007fd65400a000 Uncommon trap: reason=unstable_if action=reinterpret pc=0x00007fd6454582c4 method=com.android.dx.rop.code.RegisterSpecSet.equals(Ljava/lang/Object;)Z @ 30
Event: 2.705 Thread 0x00007fd65400a000 Uncommon trap: reason=unstable_if action=reinterpret pc=0x00007fd6455ee8f4 method=com.android.dx.util.ByteArrayAnnotatedOutput.ensureCapacity(I)V @ 6
Event: 2.707 Thread 0x00007fd65400a000 Uncommon trap: reason=unstable_if action=reinterpret pc=0x00007fd6455f137c method=com.android.dx.util.ByteArrayAnnotatedOutput.ensureCapacity(I)V @ 6
Event: 2.756 Thread 0x00007fd65400a000 Uncommon trap: reason=unstable_if action=reinterpret pc=0x00007fd6455feb90 method=com.android.dx.util.ByteArrayAnnotatedOutput.writeByte(I)V @ 13
Event: 2.815 Thread 0x00007fd65400a000 Uncommon trap: reason=unstable_if action=reinterpret pc=0x00007fd645602f40 method=com.android.dx.util.ByteArrayAnnotatedOutput.writeUleb128(I)I @ 4
Event: 2.815 Thread 0x00007fd65400a000 Uncommon trap: reason=unstable_if action=reinterpret pc=0x00007fd645615df0 method=com.android.dx.util.ByteArrayAnnotatedOutput.writeByte(I)V @ 13
Event: 2.852 Thread 0x00007fd65400a000 Uncommon trap: reason=unstable_if action=reinterpret pc=0x00007fd6452d3f54 method=java.util.Arrays.copyOf([Ljava/lang/Object;ILjava/lang/Class;)[Ljava/lang/Object; @ 3
Event: 2.857 Thread 0x00007fd65400a000 Uncommon trap: reason=class_check action=maybe_recompile pc=0x00007fd64558b56c method=java.util.HashMap.putVal(ILjava/lang/Object;Ljava/lang/Object;ZZ)Ljava/lang/Object; @ 56
Event: 2.858 Thread 0x00007fd65400a000 Uncommon trap: reason=class_check action=maybe_recompile pc=0x00007fd64558b56c method=java.util.HashMap.putVal(ILjava/lang/Object;Ljava/lang/Object;ZZ)Ljava/lang/Object; @ 56

Internal exceptions (3 events):
Event: 0.046 Thread 0x00007fd65400a000 Exception <a 'java/lang/NoSuchMethodError': Method sun.misc.Unsafe.defineClass(Ljava/lang/String;[BII)Ljava/lang/Class; name or signature does not match> (0x00000000eab12b90) thrown at [/HUDSON/workspace/8-2-build-linux-amd64/jdk8u66/4988/hotspot/src/shar
Event: 0.046 Thread 0x00007fd65400a000 Exception <a 'java/lang/NoSuchMethodError': Method sun.misc.Unsafe.prefetchRead(Ljava/lang/Object;J)V name or signature does not match> (0x00000000eab12e78) thrown at [/HUDSON/workspace/8-2-build-linux-amd64/jdk8u66/4988/hotspot/src/share/vm/prims/jni.cpp
Event: 1.304 Thread 0x00007fd65400a000 Implicit null exception at 0x00007fd64520f9e2 to 0x00007fd64520fa82

Events (10 events):
Event: 2.935 loading class com/android/dex/util/Unsigned
Event: 2.935 loading class com/android/dex/util/Unsigned done
Event: 2.937 loading class com/android/dx/merge/DexMerger$4
Event: 2.937 loading class com/android/dx/merge/DexMerger$4 done
Event: 2.937 loading class com/android/dex/ProtoId
Event: 2.937 loading class com/android/dex/ProtoId done
Event: 2.941 loading class com/android/dx/merge/DexMerger$5
Event: 2.941 loading class com/android/dx/merge/DexMerger$5 done
Event: 2.942 loading class com/android/dex/FieldId
Event: 2.942 loading class com/android/dex/FieldId done


Dynamic libraries:
00400000-00401000 r-xp 00000000 08:12 4072075                            /usr/lib/jvm/java-8-oracle/bin/java
00600000-00601000 rw-p 00000000 08:12 4072075                            /usr/lib/jvm/java-8-oracle/bin/java
019b6000-019d7000 rw-p 00000000 00:00 0                                  [heap]
c0000000-c5400000 rw-p 00000000 00:00 0 
c5400000-eab00000 ---p 00000000 00:00 0 
eab00000-ef500000 rw-p 00000000 00:00 0 
ef500000-100000000 ---p 00000000 00:00 0 
100000000-1000c0000 rw-p 00000000 00:00 0 
1000c0000-140000000 ---p 00000000 00:00 0 
7fd60c000000-7fd60c021000 rw-p 00000000 00:00 0 
7fd60c021000-7fd610000000 ---p 00000000 00:00 0 
7fd610000000-7fd610021000 rw-p 00000000 00:00 0 
7fd610021000-7fd614000000 ---p 00000000 00:00 0 
7fd614000000-7fd6146cd000 rw-p 00000000 00:00 0 
7fd6146cd000-7fd618000000 ---p 00000000 00:00 0 
7fd618000000-7fd6186b3000 rw-p 00000000 00:00 0 
7fd6186b3000-7fd61c000000 ---p 00000000 00:00 0 
7fd61c000000-7fd61c021000 rw-p 00000000 00:00 0 
7fd61c021000-7fd620000000 ---p 00000000 00:00 0 
7fd620000000-7fd6207b3000 rw-p 00000000 00:00 0 
7fd6207b3000-7fd624000000 ---p 00000000 00:00 0 
7fd624000000-7fd624021000 rw-p 00000000 00:00 0 
7fd624021000-7fd628000000 ---p 00000000 00:00 0 
7fd628000000-7fd628021000 rw-p 00000000 00:00 0 
7fd628021000-7fd62c000000 ---p 00000000 00:00 0 
7fd62c000000-7fd62c021000 rw-p 00000000 00:00 0 
7fd62c021000-7fd630000000 ---p 00000000 00:00 0 
7fd630000000-7fd630021000 rw-p 00000000 00:00 0 
7fd630021000-7fd634000000 ---p 00000000 00:00 0 
7fd634000000-7fd634021000 rw-p 00000000 00:00 0 
7fd634021000-7fd638000000 ---p 00000000 00:00 0 
7fd638000000-7fd638021000 rw-p 00000000 00:00 0 
7fd638021000-7fd63c000000 ---p 00000000 00:00 0 
7fd63c000000-7fd63c021000 rw-p 00000000 00:00 0 
7fd63c021000-7fd640000000 ---p 00000000 00:00 0 
7fd6411b3000-7fd6411b8000 r--s 00096000 08:12 4198968                    /usr/lib/jvm/java-8-oracle/jre/lib/jsse.jar
7fd6411b8000-7fd6411c7000 r--s 000dd000 08:12 1704044                    /opt/android-sdk-linux/build-tools/21.1.2/lib/dx.jar
7fd6411c7000-7fd6411c8000 ---p 00000000 00:00 0 
7fd6411c8000-7fd6412c8000 rw-p 00000000 00:00 0                          [stack:1083]
7fd6412c8000-7fd6412cb000 ---p 00000000 00:00 0 
7fd6412cb000-7fd6413c9000 rw-p 00000000 00:00 0                          [stack:1082]
7fd6413c9000-7fd6413cc000 ---p 00000000 00:00 0 
7fd6413cc000-7fd6414ca000 rw-p 00000000 00:00 0                          [stack:1081]
7fd6414ca000-7fd6414cd000 ---p 00000000 00:00 0 
7fd6414cd000-7fd6415cb000 rw-p 00000000 00:00 0                          [stack:1080]
7fd6415cb000-7fd6415ce000 ---p 00000000 00:00 0 
7fd6415ce000-7fd6416cc000 rw-p 00000000 00:00 0                          [stack:1079]
7fd6416cc000-7fd6416cf000 ---p 00000000 00:00 0 
7fd6416cf000-7fd6417cd000 rw-p 00000000 00:00 0                          [stack:1078]
7fd6417cd000-7fd641eef000 r--p 00000000 08:12 3546878                    /usr/lib/locale/locale-archive
7fd641eef000-7fd641ef2000 ---p 00000000 00:00 0 
7fd641ef2000-7fd641ff0000 rw-p 00000000 00:00 0                          [stack:1077]
7fd641ff0000-7fd641ff3000 ---p 00000000 00:00 0 
7fd641ff3000-7fd6420f1000 rw-p 00000000 00:00 0                          [stack:1076]
7fd6420f1000-7fd6420f2000 ---p 00000000 00:00 0 
7fd6420f2000-7fd645000000 rw-p 00000000 00:00 0                          [stack:1075]
7fd645000000-7fd6456a0000 rwxp 00000000 00:00 0 
7fd6456a0000-7fd654000000 ---p 00000000 00:00 0 
7fd654000000-7fd65447d000 rw-p 00000000 00:00 0 
7fd65447d000-7fd658000000 ---p 00000000 00:00 0 
7fd658001000-7fd6581a7000 rw-p 00000000 00:00 0 
7fd6581a7000-7fd658380000 r--s 03d20000 08:12 4198918                    /usr/lib/jvm/java-8-oracle/jre/lib/rt.jar
7fd658380000-7fd658ab6000 rw-p 00000000 00:00 0 
7fd658ab6000-7fd658bf6000 ---p 00000000 00:00 0 
7fd658bf6000-7fd658df6000 rw-p 00000000 00:00 0 
7fd658df6000-7fd658df7000 ---p 00000000 00:00 0 
7fd658df7000-7fd658ef7000 rw-p 00000000 00:00 0                          [stack:1073]
7fd658ef7000-7fd658ef8000 ---p 00000000 00:00 0 
7fd658ef8000-7fd658ff8000 rw-p 00000000 00:00 0                          [stack:1072]
7fd658ff8000-7fd658ff9000 ---p 00000000 00:00 0 
7fd658ff9000-7fd6590f9000 rw-p 00000000 00:00 0                          [stack:1070]
7fd6590f9000-7fd6590fa000 ---p 00000000 00:00 0 
7fd6590fa000-7fd659224000 rw-p 00000000 00:00 0                          [stack:1066]
7fd659224000-7fd659350000 ---p 00000000 00:00 0 
7fd659350000-7fd65937a000 rw-p 00000000 00:00 0 
7fd65937a000-7fd6594a5000 ---p 00000000 00:00 0 
7fd6594a5000-7fd6594cb000 rw-p 00000000 00:00 0 
7fd6594cb000-7fd659550000 ---p 00000000 00:00 0 
7fd659550000-7fd65956c000 rw-p 00000000 00:00 0 
7fd65956c000-7fd659911000 ---p 00000000 00:00 0 
7fd659911000-7fd65992b000 r-xp 00000000 08:12 4203595                    /usr/lib/jvm/java-8-oracle/jre/lib/amd64/libzip.so
7fd65992b000-7fd659b2b000 ---p 0001a000 08:12 4203595                    /usr/lib/jvm/java-8-oracle/jre/lib/amd64/libzip.so
7fd659b2b000-7fd659b2c000 rw-p 0001a000 08:12 4203595                    /usr/lib/jvm/java-8-oracle/jre/lib/amd64/libzip.so
7fd659b2c000-7fd659b38000 r-xp 00000000 08:12 266670                     /lib/x86_64-linux-gnu/libnss_files-2.21.so
7fd659b38000-7fd659d37000 ---p 0000c000 08:12 266670                     /lib/x86_64-linux-gnu/libnss_files-2.21.so
7fd659d37000-7fd659d38000 r--p 0000b000 08:12 266670                     /lib/x86_64-linux-gnu/libnss_files-2.21.so
7fd659d38000-7fd659d39000 rw-p 0000c000 08:12 266670                     /lib/x86_64-linux-gnu/libnss_files-2.21.so
7fd659d39000-7fd659d44000 r-xp 00000000 08:12 266680                     /lib/x86_64-linux-gnu/libnss_nis-2.21.so
7fd659d44000-7fd659f43000 ---p 0000b000 08:12 266680                     /lib/x86_64-linux-gnu/libnss_nis-2.21.so
7fd659f43000-7fd659f44000 r--p 0000a000 08:12 266680                     /lib/x86_64-linux-gnu/libnss_nis-2.21.so
7fd659f44000-7fd659f45000 rw-p 0000b000 08:12 266680                     /lib/x86_64-linux-gnu/libnss_nis-2.21.so
7fd659f45000-7fd659f5c000 r-xp 00000000 08:12 266664                     /lib/x86_64-linux-gnu/libnsl-2.21.so
7fd659f5c000-7fd65a15b000 ---p 00017000 08:12 266664                     /lib/x86_64-linux-gnu/libnsl-2.21.so
7fd65a15b000-7fd65a15c000 r--p 00016000 08:12 266664                     /lib/x86_64-linux-gnu/libnsl-2.21.so
7fd65a15c000-7fd65a15d000 rw-p 00017000 08:12 266664                     /lib/x86_64-linux-gnu/libnsl-2.21.so
7fd65a15d000-7fd65a15f000 rw-p 00000000 00:00 0 
7fd65a15f000-7fd65a167000 r-xp 00000000 08:12 266666                     /lib/x86_64-linux-gnu/libnss_compat-2.21.so
7fd65a167000-7fd65a366000 ---p 00008000 08:12 266666                     /lib/x86_64-linux-gnu/libnss_compat-2.21.so
7fd65a366000-7fd65a367000 r--p 00007000 08:12 266666                     /lib/x86_64-linux-gnu/libnss_compat-2.21.so
7fd65a367000-7fd65a368000 rw-p 00008000 08:12 266666                     /lib/x86_64-linux-gnu/libnss_compat-2.21.so
7fd65a368000-7fd65a392000 r-xp 00000000 08:12 4203590                    /usr/lib/jvm/java-8-oracle/jre/lib/amd64/libjava.so
7fd65a392000-7fd65a592000 ---p 0002a000 08:12 4203590                    /usr/lib/jvm/java-8-oracle/jre/lib/amd64/libjava.so
7fd65a592000-7fd65a594000 rw-p 0002a000 08:12 4203590                    /usr/lib/jvm/java-8-oracle/jre/lib/amd64/libjava.so
7fd65a594000-7fd65a5a1000 r-xp 00000000 08:12 4203594                    /usr/lib/jvm/java-8-oracle/jre/lib/amd64/libverify.so
7fd65a5a1000-7fd65a7a1000 ---p 0000d000 08:12 4203594                    /usr/lib/jvm/java-8-oracle/jre/lib/amd64/libverify.so
7fd65a7a1000-7fd65a7a3000 rw-p 0000d000 08:12 4203594                    /usr/lib/jvm/java-8-oracle/jre/lib/amd64/libverify.so
7fd65a7a3000-7fd65a7aa000 r-xp 00000000 08:12 266725                     /lib/x86_64-linux-gnu/librt-2.21.so
7fd65a7aa000-7fd65a9a9000 ---p 00007000 08:12 266725                     /lib/x86_64-linux-gnu/librt-2.21.so
7fd65a9a9000-7fd65a9aa000 r--p 00006000 08:12 266725                     /lib/x86_64-linux-gnu/librt-2.21.so
7fd65a9aa000-7fd65a9ab000 rw-p 00007000 08:12 266725                     /lib/x86_64-linux-gnu/librt-2.21.so
7fd65a9ab000-7fd65aab2000 r-xp 00000000 08:12 266643                     /lib/x86_64-linux-gnu/libm-2.21.so
7fd65aab2000-7fd65acb1000 ---p 00107000 08:12 266643                     /lib/x86_64-linux-gnu/libm-2.21.so
7fd65acb1000-7fd65acb2000 r--p 00106000 08:12 266643                     /lib/x86_64-linux-gnu/libm-2.21.so
7fd65acb2000-7fd65acb3000 rw-p 00107000 08:12 266643                     /lib/x86_64-linux-gnu/libm-2.21.so
7fd65acb3000-7fd65b971000 r-xp 00000000 08:12 4201549                    /usr/lib/jvm/java-8-oracle/jre/lib/amd64/server/libjvm.so
7fd65b971000-7fd65bb70000 ---p 00cbe000 08:12 4201549                    /usr/lib/jvm/java-8-oracle/jre/lib/amd64/server/libjvm.so
7fd65bb70000-7fd65bc49000 rw-p 00cbd000 08:12 4201549                    /usr/lib/jvm/java-8-oracle/jre/lib/amd64/server/libjvm.so
7fd65bc49000-7fd65bc8d000 rw-p 00000000 00:00 0 
7fd65bc8d000-7fd65be4d000 r-xp 00000000 08:12 266584                     /lib/x86_64-linux-gnu/libc-2.21.so
7fd65be4d000-7fd65c04d000 ---p 001c0000 08:12 266584                     /lib/x86_64-linux-gnu/libc-2.21.so
7fd65c04d000-7fd65c051000 r--p 001c0000 08:12 266584                     /lib/x86_64-linux-gnu/libc-2.21.so
7fd65c051000-7fd65c053000 rw-p 001c4000 08:12 266584                     /lib/x86_64-linux-gnu/libc-2.21.so
7fd65c053000-7fd65c057000 rw-p 00000000 00:00 0 
7fd65c057000-7fd65c05a000 r-xp 00000000 08:12 266601                     /lib/x86_64-linux-gnu/libdl-2.21.so
7fd65c05a000-7fd65c259000 ---p 00003000 08:12 266601                     /lib/x86_64-linux-gnu/libdl-2.21.so
7fd65c259000-7fd65c25a000 r--p 00002000 08:12 266601                     /lib/x86_64-linux-gnu/libdl-2.21.so
7fd65c25a000-7fd65c25b000 rw-p 00003000 08:12 266601                     /lib/x86_64-linux-gnu/libdl-2.21.so
7fd65c25b000-7fd65c270000 r-xp 00000000 08:12 4198721                    /usr/lib/jvm/java-8-oracle/lib/amd64/jli/libjli.so
7fd65c270000-7fd65c470000 ---p 00015000 08:12 4198721                    /usr/lib/jvm/java-8-oracle/lib/amd64/jli/libjli.so
7fd65c470000-7fd65c471000 rw-p 00015000 08:12 4198721                    /usr/lib/jvm/java-8-oracle/lib/amd64/jli/libjli.so
7fd65c471000-7fd65c489000 r-xp 00000000 08:12 266717                     /lib/x86_64-linux-gnu/libpthread-2.21.so
7fd65c489000-7fd65c689000 ---p 00018000 08:12 266717                     /lib/x86_64-linux-gnu/libpthread-2.21.so
7fd65c689000-7fd65c68a000 r--p 00018000 08:12 266717                     /lib/x86_64-linux-gnu/libpthread-2.21.so
7fd65c68a000-7fd65c68b000 rw-p 00019000 08:12 266717                     /lib/x86_64-linux-gnu/libpthread-2.21.so
7fd65c68b000-7fd65c68f000 rw-p 00000000 00:00 0 
7fd65c68f000-7fd65c6b3000 r-xp 00000000 08:12 266556                     /lib/x86_64-linux-gnu/ld-2.21.so
7fd65c6b7000-7fd65c789000 rw-p 00000000 00:00 0 
7fd65c789000-7fd65c78c000 ---p 00000000 00:00 0 
7fd65c78c000-7fd65c88e000 rw-p 00000000 00:00 0                          [stack:1065]
7fd65c88f000-7fd65c8a6000 rw-p 00000000 00:00 0 
7fd65c8a6000-7fd65c8ae000 rw-s 00000000 08:12 4063908                    /tmp/hsperfdata_duke/1062
7fd65c8ae000-7fd65c8af000 rw-p 00000000 00:00 0 
7fd65c8af000-7fd65c8b0000 r--p 00000000 00:00 0 
7fd65c8b0000-7fd65c8b2000 rw-p 00000000 00:00 0 
7fd65c8b2000-7fd65c8b3000 r--p 00023000 08:12 266556                     /lib/x86_64-linux-gnu/ld-2.21.so
7fd65c8b3000-7fd65c8b4000 rw-p 00024000 08:12 266556                     /lib/x86_64-linux-gnu/ld-2.21.so
7fd65c8b4000-7fd65c8b5000 rw-p 00000000 00:00 0 
7ffc8c5c3000-7ffc8c5e4000 rw-p 00000000 00:00 0                          [stack]
7ffc8c5f8000-7ffc8c5fa000 r--p 00000000 00:00 0                          [vvar]
7ffc8c5fa000-7ffc8c5fc000 r-xp 00000000 00:00 0                          [vdso]
ffffffffff600000-ffffffffff601000 r-xp 00000000 00:00 0                  [vsyscall]

VM Arguments:
jvm_args: -Xmx1024M -Dfile.encoding=UTF-8 -Duser.country=US -Duser.language=en -Duser.variant 
java_command: com.android.dx.command.Main --dex --output /home/duke/AndroidStudioProjects/MasterSahab/app/build/intermediates/dex/debug /home/duke/AndroidStudioProjects/MasterSahab/app/build/intermediates/classes/debug /home/duke/AndroidStudioProjects/MasterSahab/app/build/intermediates/pre-dexed/debug/support-annotations-22.2.0-d11b86e8a8d5a60125987e55ed19da6fe916ed6c.jar /home/duke/AndroidStudioProjects/MasterSahab/app/build/intermediates/pre-dexed/debug/internal_impl-22.2.0-9fd2cdf11b2cb58a68c8003917e19ca6197745ad.jar /home/duke/AndroidStudioProjects/MasterSahab/app/build/intermediates/pre-dexed/debug/classes-8ef248cfe074cd8203cc4c867f71e14f57d6780a.jar /home/duke/AndroidStudioProjects/MasterSahab/app/build/intermediates/pre-dexed/debug/classes-dccf93463063885d5b233794907a60cd6aefb60c.jar
java_class_path (initial): /opt/android-sdk-linux/build-tools/21.1.2/lib/dx.jar
Launcher Type: SUN_STANDARD

Environment Variables:
JAVA_HOME=/usr/lib/jvm/java-8-oracle
PATH=/usr/local/sbin:/usr/local/bin:/usr/sbin:/usr/bin:/sbin:/bin:/usr/games:/usr/local/games:/usr/lib/jvm/java-8-oracle/bin:/usr/lib/jvm/java-8-oracle/db/bin:/usr/lib/jvm/java-8-oracle/jre/bin
LD_LIBRARY_PATH=/home/duke/Apps/android-studio/bin:
SHELL=/bin/bash
DISPLAY=:0

Signal Handlers:
SIGSEGV: [libjvm.so+0xaba2a0], sa_mask[0]=11111111011111111101111111111110, sa_flags=SA_RESTART|SA_SIGINFO
SIGBUS: [libjvm.so+0xaba2a0], sa_mask[0]=11111111011111111101111111111110, sa_flags=SA_RESTART|SA_SIGINFO
SIGFPE: [libjvm.so+0x917710], sa_mask[0]=11111111011111111101111111111110, sa_flags=SA_RESTART|SA_SIGINFO
SIGPIPE: [libjvm.so+0x917710], sa_mask[0]=11111111011111111101111111111110, sa_flags=SA_RESTART|SA_SIGINFO
SIGXFSZ: [libjvm.so+0x917710], sa_mask[0]=11111111011111111101111111111110, sa_flags=SA_RESTART|SA_SIGINFO
SIGILL: [libjvm.so+0x917710], sa_mask[0]=11111111011111111101111111111110, sa_flags=SA_RESTART|SA_SIGINFO
SIGUSR1: SIG_DFL, sa_mask[0]=00000000000000000000000000000000, sa_flags=none
SIGUSR2: [libjvm.so+0x918d40], sa_mask[0]=00100000000000000000000000000000, sa_flags=SA_RESTART|SA_SIGINFO
SIGHUP: [libjvm.so+0x91a140], sa_mask[0]=11111111011111111101111111111110, sa_flags=SA_RESTART|SA_SIGINFO
SIGINT: [libjvm.so+0x91a140], sa_mask[0]=11111111011111111101111111111110, sa_flags=SA_RESTART|SA_SIGINFO
SIGTERM: [libjvm.so+0x91a140], sa_mask[0]=11111111011111111101111111111110, sa_flags=SA_RESTART|SA_SIGINFO
SIGQUIT: [libjvm.so+0x91a140], sa_mask[0]=11111111011111111101111111111110, sa_flags=SA_RESTART|SA_SIGINFO


---------------  S Y S T E M  ---------------

OS:DISTRIB_ID=Ubuntu
DISTRIB_RELEASE=15.10
DISTRIB_CODENAME=wily
DISTRIB_DESCRIPTION="Ubuntu 15.10"

uname:Linux 4.2.0-18-generic #22-Ubuntu SMP Fri Nov 6 18:25:50 UTC 2015 x86_64
libc:glibc 2.21 NPTL 2.21 
rlimit: STACK 8192k, CORE 0k, NPROC 31796, NOFILE 65536, AS infinity
load average:2.47 1.86 1.81

/proc/meminfo:
MemTotal:        8174580 kB
MemFree:          554008 kB
MemAvailable:    2271956 kB
Buffers:          181688 kB
Cached:          2023128 kB
SwapCached:         8996 kB
Active:          4632648 kB
Inactive:        2556804 kB
Active(anon):    3781140 kB
Inactive(anon):  1727868 kB
Active(file):     851508 kB
Inactive(file):   828936 kB
Unevictable:          32 kB
Mlocked:              32 kB
SwapTotal:       1998844 kB
SwapFree:        1613440 kB
Dirty:             13284 kB
Writeback:             0 kB
AnonPages:       4976560 kB
Mapped:           614160 kB
Shmem:            524372 kB
Slab:             137148 kB
SReclaimable:      80080 kB
SUnreclaim:        57068 kB
KernelStack:       10480 kB
PageTables:        49888 kB
NFS_Unstable:          0 kB
Bounce:                0 kB
WritebackTmp:          0 kB
CommitLimit:     6086132 kB
Committed_AS:    9905368 kB
VmallocTotal:   34359738367 kB
VmallocUsed:       92064 kB
VmallocChunk:   34359586812 kB
HardwareCorrupted:     0 kB
AnonHugePages:   3069952 kB
CmaTotal:              0 kB
CmaFree:               0 kB
HugePages_Total:       0
HugePages_Free:        0
HugePages_Rsvd:        0
HugePages_Surp:        0
Hugepagesize:       2048 kB
DirectMap4k:     1178560 kB
DirectMap2M:     7208960 kB


CPU:total 4 (4 cores per cpu, 1 threads per core) family 6 model 15 stepping 11, cmov, cx8, fxsr, mmx, sse, sse2, sse3, ssse3, tsc

/proc/cpuinfo:
processor	: 0
vendor_id	: GenuineIntel
cpu family	: 6
model		: 15
model name	: Intel(R) Core(TM)2 Quad CPU    Q6600  @ 2.40GHz
stepping	: 11
microcode	: 0xba
cpu MHz		: 2400.000
cache size	: 4096 KB
physical id	: 0
siblings	: 4
core id		: 0
cpu cores	: 4
apicid		: 0
initial apicid	: 0
fpu		: yes
fpu_exception	: yes
cpuid level	: 10
wp		: yes
flags		: fpu vme de pse tsc msr pae mce cx8 apic sep mtrr pge mca cmov pat pse36 clflush dts acpi mmx fxsr sse sse2 ss ht tm pbe syscall nx lm constant_tsc arch_perfmon pebs bts rep_good nopl aperfmperf pni dtes64 monitor ds_cpl vmx est tm2 ssse3 cx16 xtpr pdcm lahf_lm dtherm tpr_shadow vnmi flexpriority
bugs		:
bogomips	: 4800.17
clflush size	: 64
cache_alignment	: 64
address sizes	: 36 bits physical, 48 bits virtual
power management:

processor	: 1
vendor_id	: GenuineIntel
cpu family	: 6
model		: 15
model name	: Intel(R) Core(TM)2 Quad CPU    Q6600  @ 2.40GHz
stepping	: 11
microcode	: 0xba
cpu MHz		: 2400.000
cache size	: 4096 KB
physical id	: 0
siblings	: 4
core id		: 3
cpu cores	: 4
apicid		: 3
initial apicid	: 3
fpu		: yes
fpu_exception	: yes
cpuid level	: 10
wp		: yes
flags		: fpu vme de pse tsc msr pae mce cx8 apic sep mtrr pge mca cmov pat pse36 clflush dts acpi mmx fxsr sse sse2 ss ht tm pbe syscall nx lm constant_tsc arch_perfmon pebs bts rep_good nopl aperfmperf pni dtes64 monitor ds_cpl vmx est tm2 ssse3 cx16 xtpr pdcm lahf_lm dtherm tpr_shadow vnmi flexpriority
bugs		:
bogomips	: 4800.17
clflush size	: 64
cache_alignment	: 64
address sizes	: 36 bits physical, 48 bits virtual
power management:

processor	: 2
vendor_id	: GenuineIntel
cpu family	: 6
model		: 15
model name	: Intel(R) Core(TM)2 Quad CPU    Q6600  @ 2.40GHz
stepping	: 11
microcode	: 0xba
cpu MHz		: 2400.000
cache size	: 4096 KB
physical id	: 0
siblings	: 4
core id		: 1
cpu cores	: 4
apicid		: 1
initial apicid	: 1
fpu		: yes
fpu_exception	: yes
cpuid level	: 10
wp		: yes
flags		: fpu vme de pse tsc msr pae mce cx8 apic sep mtrr pge mca cmov pat pse36 clflush dts acpi mmx fxsr sse sse2 ss ht tm pbe syscall nx lm constant_tsc arch_perfmon pebs bts rep_good nopl aperfmperf pni dtes64 monitor ds_cpl vmx est tm2 ssse3 cx16 xtpr pdcm lahf_lm dtherm tpr_shadow vnmi flexpriority
bugs		:
bogomips	: 4800.17
clflush size	: 64
cache_alignment	: 64
address sizes	: 36 bits physical, 48 bits virtual
power management:

processor	: 3
vendor_id	: GenuineIntel
cpu family	: 6
model		: 15
model name	: Intel(R) Core(TM)2 Quad CPU    Q6600  @ 2.40GHz
stepping	: 11
microcode	: 0xba
cpu MHz		: 2400.000
cache size	: 4096 KB
physical id	: 0
siblings	: 4
core id		: 2
cpu cores	: 4
apicid		: 2
initial apicid	: 2
fpu		: yes
fpu_exception	: yes
cpuid level	: 10
wp		: yes
flags		: fpu vme de pse tsc msr pae mce cx8 apic sep mtrr pge mca cmov pat pse36 clflush dts acpi mmx fxsr sse sse2 ss ht tm pbe syscall nx lm constant_tsc arch_perfmon pebs bts rep_good nopl aperfmperf pni dtes64 monitor ds_cpl vmx est tm2 ssse3 cx16 xtpr pdcm lahf_lm dtherm tpr_shadow vnmi flexpriority
bugs		:
bogomips	: 4800.17
clflush size	: 64
cache_alignment	: 64
address sizes	: 36 bits physical, 48 bits virtual
power management:



Memory: 4k page, physical 8174580k(554008k free), swap 1998844k(1613440k free)

vm_info: Java HotSpot(TM) 64-Bit Server VM (25.66-b17) for linux-amd64 JRE (1.8.0_66-b17), built on Oct  6 2015 17:28:34 by "java_re" with gcc 4.3.0 20080428 (Red Hat 4.3.0-8)

time: Sun Nov 29 20:44:04 2015
elapsed time: 2 seconds (0d 0h 0m 2s)

