#
# A fatal error has been detected by the Java Runtime Environment:
#
#  SIGSEGV (0xb) at pc=0x00007f9e1a005060, pid=25138, tid=140318470608640
#
# JRE version: Java(TM) SE Runtime Environment (8.0_66-b17) (build 1.8.0_66-b17)
# Java VM: Java HotSpot(TM) 64-Bit Server VM (25.66-b17 mixed mode linux-amd64 compressed oops)
# Problematic frame:
# C  0x00007f9e1a005060
#
# Failed to write core dump. Core dumps have been disabled. To enable core dumping, try "ulimit -c unlimited" before starting Java again
#
# If you would like to submit a bug report, please visit:
#   http://bugreport.java.com/bugreport/crash.jsp
#

---------------  T H R E A D  ---------------

Current thread (0x00007f9e6800a000):  JavaThread "main" [_thread_in_Java, id=25140, stack(0x00007f9e70889000,0x00007f9e7098a000)]

siginfo: si_signo: 11 (SIGSEGV), si_code: 2 (SEGV_ACCERR), si_addr: 0x00007f9e1a005060

Registers:
RAX=0x00000000eb9ff940, RBX=0x0000000000001003, RCX=0x00000000eb5557f8, RDX=0x00000000eb9ff940
RSP=0x00007f9e70988448, RBP=0x00007f9e70988590, RSI=0x00000000eb5557f8, RDI=0x00000000eb9ff960
R8 =0x0000000000000003, R9 =0x00000000000007c1, R10=0x00000000eb54a1f8, R11=0x00007f9e59725540
R12=0x0000000000000000, R13=0x00007f9e70988530, R14=0x0000000000000000, R15=0x00007f9e6800a000
RIP=0x00007f9e1a005060, EFLAGS=0x0000000000010216, CSGSFS=0x0000000000000033, ERR=0x0000000000000014
  TRAPNO=0x000000000000000e

Top of Stack: (sp=0x00007f9e70988448)
0x00007f9e70988448:   00007f9e59725694 00007f9e6cbb5bd0
0x00007f9e70988458:   00000000eb9da8c8 00007f9e6800a000
0x00007f9e70988468:   00007f9e70988610 00007f9e70988540
0x00007f9e70988478:   00000000eb55fec8 00007f9e00001d27
0x00007f9e70988488:   00007f9e6fd642c0 00007f9e70988590
0x00007f9e70988498:   00007f9e59727144 00007f9e6cbb6a98
0x00007f9e709884a8:   00000000eb9f6de0 00007f9e709884e0
0x00007f9e709884b8:   00007f9e709884e0 0000000000000000
0x00007f9e709884c8:   00000000eb9f6e20 00000000eb9f6de0
0x00007f9e709884d8:   00007f9e6cbb6a98 00007f9e70988590
0x00007f9e709884e8:   00007f9e59725c8c 00000000eb9da960
0x00007f9e709884f8:   00000000eb5557f8 0000028f00000119
0x00007f9e70988508:   00000000eb55fef8 00007f9e70988590
0x00007f9e70988518:   00007f9e59007710 00007f9e70988590
0x00007f9e70988528:   00007f9e59007710 00000000000002fb
0x00007f9e70988538:   00000000eb5557f8 00000000eb9da960
0x00007f9e70988548:   00000000eb9da8c8 00007f9e70988550
0x00007f9e70988558:   00007f9e6cbaba42 00007f9e70988610
0x00007f9e70988568:   00007f9e6cbac2e0 0000000000000000
0x00007f9e70988578:   00007f9e6cbabc08 00007f9e70988530
0x00007f9e70988588:   00007f9e70988610 00007f9e70988658
0x00007f9e70988598:   00007f9e5900798d 00000000eb9ff920
0x00007f9e709885a8:   0000000000000001 0000000000000000
0x00007f9e709885b8:   0000000000000000 00000000eb9fea60
0x00007f9e709885c8:   00000000000007c2 00000000000002fb
0x00007f9e709885d8:   0000000000000643 000000000000b278
0x00007f9e709885e8:   000000000000d410 00000000eb9da960
0x00007f9e709885f8:   00000000eb9da910 00000000eb54a350
0x00007f9e70988608:   00000000eb549dd0 00000000eb9da8c8
0x00007f9e70988618:   00007f9e70988618 00007f9e6cb9af54
0x00007f9e70988628:   00007f9e70988668 00007f9e6cb9dfe0
0x00007f9e70988638:   0000000000000000 00007f9e6cb9af70 

Instructions: (pc=0x00007f9e1a005060)
0x00007f9e1a005040:   
[error occurred during error reporting (printing registers, top of stack, instructions near pc), id 0xb]

Register to memory mapping:

RAX=0x00000000eb9ff940 is an oop
com.android.dex.FieldId 
 - klass: 'com/android/dex/FieldId'
RBX=0x0000000000001003 is an unknown value
RCX=0x00000000eb5557f8 is an oop
com.android.dx.merge.IndexMap 
 - klass: 'com/android/dx/merge/IndexMap'
RDX=0x00000000eb9ff940 is an oop
com.android.dex.FieldId 
 - klass: 'com/android/dex/FieldId'
RSP=0x00007f9e70988448 is pointing into the stack for thread: 0x00007f9e6800a000
RBP=0x00007f9e70988590 is pointing into the stack for thread: 0x00007f9e6800a000
RSI=0x00000000eb5557f8 is an oop
com.android.dx.merge.IndexMap 
 - klass: 'com/android/dx/merge/IndexMap'
RDI=0x00000000eb9ff960 is an oop

[error occurred during error reporting (printing register info), id 0xb]

Stack: [0x00007f9e70889000,0x00007f9e7098a000],  sp=0x00007f9e70988448,  free space=1021k
Native frames: (J=compiled Java code, j=interpreted, Vv=VM code, C=native code)
C  0x00007f9e1a005060
j  com.android.dx.merge.DexMerger.mergeFieldIds()V+12
j  com.android.dx.merge.DexMerger.mergeDexes()Lcom/android/dex/Dex;+17
j  com.android.dx.merge.DexMerger.merge()Lcom/android/dex/Dex;+5
j  com.android.dx.command.dexer.Main.mergeLibraryDexBuffers([B)[B+69
j  com.android.dx.command.dexer.Main.runMonoDex()I+129
j  com.android.dx.command.dexer.Main.run(Lcom/android/dx/command/dexer/Main$Arguments;)I+76
j  com.android.dx.command.dexer.Main.main([Ljava/lang/String;)V+14
j  com.android.dx.command.Main.main([Ljava/lang/String;)V+61
v  ~StubRoutines::call_stub
V  [libjvm.so+0x68bc46]  JavaCalls::call_helper(JavaValue*, methodHandle*, JavaCallArguments*, Thread*)+0x1056
V  [libjvm.so+0x6cd262]  jni_invoke_static(JNIEnv_*, JavaValue*, _jobject*, JNICallType, _jmethodID*, JNI_ArgumentPusher*, Thread*)+0x362
V  [libjvm.so+0x6e9c6a]  jni_CallStaticVoidMethod+0x17a
C  [libjli.so+0x7bcc]  JavaMain+0x80c
C  [libpthread.so.0+0x76aa]  start_thread+0xca


---------------  P R O C E S S  ---------------

Java Threads: ( => current thread )
  0x00007f9e680c3000 JavaThread "Service Thread" daemon [_thread_blocked, id=25156, stack(0x00007f9e532d8000,0x00007f9e533d9000)]
  0x00007f9e680bd800 JavaThread "C1 CompilerThread2" daemon [_thread_in_native, id=25155, stack(0x00007f9e533d9000,0x00007f9e534da000)]
  0x00007f9e680bb800 JavaThread "C2 CompilerThread1" daemon [_thread_blocked, id=25154, stack(0x00007f9e534da000,0x00007f9e535db000)]
  0x00007f9e680b8800 JavaThread "C2 CompilerThread0" daemon [_thread_blocked, id=25153, stack(0x00007f9e535db000,0x00007f9e536dc000)]
  0x00007f9e680b7000 JavaThread "Signal Dispatcher" daemon [_thread_blocked, id=25152, stack(0x00007f9e536dc000,0x00007f9e537dd000)]
  0x00007f9e6807f800 JavaThread "Finalizer" daemon [_thread_blocked, id=25151, stack(0x00007f9e53eff000,0x00007f9e54000000)]
  0x00007f9e6807d000 JavaThread "Reference Handler" daemon [_thread_blocked, id=25150, stack(0x00007f9e580f1000,0x00007f9e581f2000)]
=>0x00007f9e6800a000 JavaThread "main" [_thread_in_Java, id=25140, stack(0x00007f9e70889000,0x00007f9e7098a000)]

Other Threads:
  0x00007f9e68078000 VMThread [stack: 0x00007f9e581f2000,0x00007f9e582f3000] [id=25149]
  0x00007f9e680c6000 WatcherThread [stack: 0x00007f9e531d7000,0x00007f9e532d8000] [id=25157]

VM state:not at safepoint (normal execution)

VM Mutex/Monitor currently owned by a thread: None

Heap:
 PSYoungGen      total 70656K, used 21557K [0x00000000eab00000, 0x00000000f3500000, 0x0000000100000000)
  eden space 65536K, 25% used [0x00000000eab00000,0x00000000ebb13e48,0x00000000eeb00000)
  from space 5120K, 99% used [0x00000000eeb00000,0x00000000eeff96a8,0x00000000ef000000)
  to   space 5120K, 0% used [0x00000000f3000000,0x00000000f3000000,0x00000000f3500000)
 ParOldGen       total 86016K, used 6426K [0x00000000c0000000, 0x00000000c5400000, 0x00000000eab00000)
  object space 86016K, 7% used [0x00000000c0000000,0x00000000c0646bb8,0x00000000c5400000)
 Metaspace       used 7385K, capacity 8056K, committed 8192K, reserved 1056768K
  class space    used 706K, capacity 752K, committed 768K, reserved 1048576K

Card table byte_map: [0x00007f9e6d450000,0x00007f9e6d651000] byte_map_base: 0x00007f9e6ce50000

Marking Bits: (ParMarkBitMap*) 0x00007f9e6fd62020
 Begin Bits: [0x00007f9e4f000000, 0x00007f9e50000000)
 End Bits:   [0x00007f9e50000000, 0x00007f9e51000000)

Polling page: 0x00007f9e709af000

CodeCache: size=245760Kb used=7998Kb max_used=7998Kb free=237761Kb
 bounds [0x00007f9e59000000, 0x00007f9e597e0000, 0x00007f9e68000000]
 total_blobs=2628 nmethods=2336 adapters=207
 compilation: enabled

Compilation events (10 events):
Event: 4.017 Thread 0x00007f9e680bd800 2373       3       java.lang.Integer::valueOf (32 bytes)
Event: 4.018 Thread 0x00007f9e680bd800 nmethod 2373 0x00007f9e597b7510 code [0x00007f9e597b76a0, 0x00007f9e597b79f0]
Event: 4.018 Thread 0x00007f9e680bd800 2381       3       com.android.dx.merge.DexMerger$4::read (8 bytes)
Event: 4.018 Thread 0x00007f9e680bd800 nmethod 2381 0x00007f9e597b4e90 code [0x00007f9e597b5080, 0x00007f9e597b5a38]
Event: 4.018 Thread 0x00007f9e680bd800 2382       3       com.android.dx.merge.IndexMap::adjust (36 bytes)
Event: 4.018 Thread 0x00007f9e680b8800 nmethod 2348 0x00007f9e597cf910 code [0x00007f9e597cfa80, 0x00007f9e597cfd78]
Event: 4.019 Thread 0x00007f9e680b8800 2372       4       java.util.HashMap::newNode (13 bytes)
Event: 4.019 Thread 0x00007f9e680bd800 nmethod 2382 0x00007f9e597b63d0 code [0x00007f9e597b65a0, 0x00007f9e597b7058]
Event: 4.019 Thread 0x00007f9e680bd800 2391       3       com.android.dx.merge.IndexMap::adjust (36 bytes)
Event: 4.020 Thread 0x00007f9e680bd800 nmethod 2391 0x00007f9e597cead0 code [0x00007f9e597cec80, 0x00007f9e597cf4f0]

GC Heap History (6 events):
Event: 1.287 GC heap before
{Heap before GC invocations=1 (full 0):
 PSYoungGen      total 37888K, used 32768K [0x00000000eab00000, 0x00000000ed500000, 0x0000000100000000)
  eden space 32768K, 100% used [0x00000000eab00000,0x00000000ecb00000,0x00000000ecb00000)
  from space 5120K, 0% used [0x00000000ed000000,0x00000000ed000000,0x00000000ed500000)
  to   space 5120K, 0% used [0x00000000ecb00000,0x00000000ecb00000,0x00000000ed000000)
 ParOldGen       total 86016K, used 0K [0x00000000c0000000, 0x00000000c5400000, 0x00000000eab00000)
  object space 86016K, 0% used [0x00000000c0000000,0x00000000c0000000,0x00000000c5400000)
 Metaspace       used 5282K, capacity 6768K, committed 7040K, reserved 1056768K
  class space    used 532K, capacity 616K, committed 640K, reserved 1048576K
Event: 1.317 GC heap after
Heap after GC invocations=1 (full 0):
 PSYoungGen      total 37888K, used 5088K [0x00000000eab00000, 0x00000000ef500000, 0x0000000100000000)
  eden space 32768K, 0% used [0x00000000eab00000,0x00000000eab00000,0x00000000ecb00000)
  from space 5120K, 99% used [0x00000000ecb00000,0x00000000ecff8048,0x00000000ed000000)
  to   space 5120K, 0% used [0x00000000ef000000,0x00000000ef000000,0x00000000ef500000)
 ParOldGen       total 86016K, used 1951K [0x00000000c0000000, 0x00000000c5400000, 0x00000000eab00000)
  object space 86016K, 2% used [0x00000000c0000000,0x00000000c01e7fd0,0x00000000c5400000)
 Metaspace       used 5282K, capacity 6768K, committed 7040K, reserved 1056768K
  class space    used 532K, capacity 616K, committed 640K, reserved 1048576K
}
Event: 1.656 GC heap before
{Heap before GC invocations=2 (full 0):
 PSYoungGen      total 37888K, used 37856K [0x00000000eab00000, 0x00000000ef500000, 0x0000000100000000)
  eden space 32768K, 100% used [0x00000000eab00000,0x00000000ecb00000,0x00000000ecb00000)
  from space 5120K, 99% used [0x00000000ecb00000,0x00000000ecff8048,0x00000000ed000000)
  to   space 5120K, 0% used [0x00000000ef000000,0x00000000ef000000,0x00000000ef500000)
 ParOldGen       total 86016K, used 1951K [0x00000000c0000000, 0x00000000c5400000, 0x00000000eab00000)
  object space 86016K, 2% used [0x00000000c0000000,0x00000000c01e7fd0,0x00000000c5400000)
 Metaspace       used 5298K, capacity 6768K, committed 7040K, reserved 1056768K
  class space    used 532K, capacity 616K, committed 640K, reserved 1048576K
Event: 1.681 GC heap after
Heap after GC invocations=2 (full 0):
 PSYoungGen      total 70656K, used 3312K [0x00000000eab00000, 0x00000000ef500000, 0x0000000100000000)
  eden space 65536K, 0% used [0x00000000eab00000,0x00000000eab00000,0x00000000eeb00000)
  from space 5120K, 64% used [0x00000000ef000000,0x00000000ef33c038,0x00000000ef500000)
  to   space 5120K, 0% used [0x00000000eeb00000,0x00000000eeb00000,0x00000000ef000000)
 ParOldGen       total 86016K, used 1951K [0x00000000c0000000, 0x00000000c5400000, 0x00000000eab00000)
  object space 86016K, 2% used [0x00000000c0000000,0x00000000c01e7fd0,0x00000000c5400000)
 Metaspace       used 5298K, capacity 6768K, committed 7040K, reserved 1056768K
  class space    used 532K, capacity 616K, committed 640K, reserved 1048576K
}
Event: 3.494 GC heap before
{Heap before GC invocations=3 (full 0):
 PSYoungGen      total 70656K, used 68848K [0x00000000eab00000, 0x00000000ef500000, 0x0000000100000000)
  eden space 65536K, 100% used [0x00000000eab00000,0x00000000eeb00000,0x00000000eeb00000)
  from space 5120K, 64% used [0x00000000ef000000,0x00000000ef33c038,0x00000000ef500000)
  to   space 5120K, 0% used [0x00000000eeb00000,0x00000000eeb00000,0x00000000ef000000)
 ParOldGen       total 86016K, used 1951K [0x00000000c0000000, 0x00000000c5400000, 0x00000000eab00000)
  object space 86016K, 2% used [0x00000000c0000000,0x00000000c01e7fd0,0x00000000c5400000)
 Metaspace       used 6533K, capacity 7440K, committed 7680K, reserved 1056768K
  class space    used 612K, capacity 648K, committed 768K, reserved 1048576K
Event: 3.561 GC heap after
Heap after GC invocations=3 (full 0):
 PSYoungGen      total 70656K, used 5093K [0x00000000eab00000, 0x00000000f3500000, 0x0000000100000000)
  eden space 65536K, 0% used [0x00000000eab00000,0x00000000eab00000,0x00000000eeb00000)
  from space 5120K, 99% used [0x00000000eeb00000,0x00000000eeff96a8,0x00000000ef000000)
  to   space 5120K, 0% used [0x00000000f3000000,0x00000000f3000000,0x00000000f3500000)
 ParOldGen       total 86016K, used 6426K [0x00000000c0000000, 0x00000000c5400000, 0x00000000eab00000)
  object space 86016K, 7% used [0x00000000c0000000,0x00000000c0646bb8,0x00000000c5400000)
 Metaspace       used 6533K, capacity 7440K, committed 7680K, reserved 1056768K
  class space    used 612K, capacity 648K, committed 768K, reserved 1048576K
}

Deoptimization events (10 events):
Event: 3.459 Thread 0x00007f9e6800a000 Uncommon trap: reason=unstable_if action=reinterpret pc=0x00007f9e592e2354 method=java.util.Arrays.copyOf([Ljava/lang/Object;ILjava/lang/Class;)[Ljava/lang/Object; @ 3
Event: 3.462 Thread 0x00007f9e6800a000 Uncommon trap: reason=class_check action=maybe_recompile pc=0x00007f9e59623a44 method=java.util.HashMap.putVal(ILjava/lang/Object;Ljava/lang/Object;ZZ)Ljava/lang/Object; @ 56
Event: 3.462 Thread 0x00007f9e6800a000 Uncommon trap: reason=class_check action=maybe_recompile pc=0x00007f9e59623a44 method=java.util.HashMap.putVal(ILjava/lang/Object;Ljava/lang/Object;ZZ)Ljava/lang/Object; @ 56
Event: 3.462 Thread 0x00007f9e6800a000 Uncommon trap: reason=class_check action=maybe_recompile pc=0x00007f9e59623a44 method=java.util.HashMap.putVal(ILjava/lang/Object;Ljava/lang/Object;ZZ)Ljava/lang/Object; @ 56
Event: 3.462 Thread 0x00007f9e6800a000 Uncommon trap: reason=class_check action=maybe_recompile pc=0x00007f9e59623b00 method=java.util.HashMap.putVal(ILjava/lang/Object;Ljava/lang/Object;ZZ)Ljava/lang/Object; @ 152
Event: 3.462 Thread 0x00007f9e6800a000 Uncommon trap: reason=class_check action=maybe_recompile pc=0x00007f9e59623b00 method=java.util.HashMap.putVal(ILjava/lang/Object;Ljava/lang/Object;ZZ)Ljava/lang/Object; @ 152
Event: 3.692 Thread 0x00007f9e6800a000 Uncommon trap: reason=unstable_if action=reinterpret pc=0x00007f9e596ff19c method=java.util.HashMap.putVal(ILjava/lang/Object;Ljava/lang/Object;ZZ)Ljava/lang/Object; @ 162
Event: 3.694 Thread 0x00007f9e6800a000 Uncommon trap: reason=unstable_if action=reinterpret pc=0x00007f9e59608508 method=java.util.HashMap.resize()[Ljava/util/HashMap$Node; @ 206
Event: 3.902 Thread 0x00007f9e6800a000 Uncommon trap: reason=unstable_if action=reinterpret pc=0x00007f9e5961add8 method=java.util.HashMap.getNode(ILjava/lang/Object;)Ljava/util/HashMap$Node; @ 84
Event: 3.903 Thread 0x00007f9e6800a000 Uncommon trap: reason=unstable_if action=reinterpret pc=0x00007f9e596201a8 method=java.util.HashMap.getNode(ILjava/lang/Object;)Ljava/util/HashMap$Node; @ 84

Internal exceptions (4 events):
Event: 0.083 Thread 0x00007f9e6800a000 Exception <a 'java/lang/NoSuchMethodError': Method sun.misc.Unsafe.defineClass(Ljava/lang/String;[BII)Ljava/lang/Class; name or signature does not match> (0x00000000eab12b90) thrown at [/HUDSON/workspace/8-2-build-linux-amd64/jdk8u66/4988/hotspot/src/shar
Event: 0.083 Thread 0x00007f9e6800a000 Exception <a 'java/lang/NoSuchMethodError': Method sun.misc.Unsafe.prefetchRead(Ljava/lang/Object;J)V name or signature does not match> (0x00000000eab12e78) thrown at [/HUDSON/workspace/8-2-build-linux-amd64/jdk8u66/4988/hotspot/src/share/vm/prims/jni.cpp
Event: 1.129 Thread 0x00007f9e6800a000 Implicit null exception at 0x00007f9e593d763b to 0x00007f9e593d8a45
Event: 1.214 Thread 0x00007f9e6800a000 Implicit null exception at 0x00007f9e59416fa0 to 0x00007f9e594184c5

Events (10 events):
Event: 3.970 Thread 0x00007f9e6800a000 DEOPT PACKING pc=0x00007f9e59772664 sp=0x00007f9e70988380
Event: 3.970 Thread 0x00007f9e6800a000 DEOPT UNPACKING pc=0x00007f9e59046f73 sp=0x00007f9e709880f0 mode 0
Event: 3.971 Thread 0x00007f9e6800a000 DEOPT PACKING pc=0x00007f9e59772664 sp=0x00007f9e70988380
Event: 3.971 Thread 0x00007f9e6800a000 DEOPT UNPACKING pc=0x00007f9e59046f73 sp=0x00007f9e709880f0 mode 0
Event: 3.973 Thread 0x00007f9e6800a000 DEOPT PACKING pc=0x00007f9e59772664 sp=0x00007f9e70988380
Event: 3.973 Thread 0x00007f9e6800a000 DEOPT UNPACKING pc=0x00007f9e59046f73 sp=0x00007f9e709880f0 mode 0
Event: 3.975 Thread 0x00007f9e6800a000 DEOPT PACKING pc=0x00007f9e59772664 sp=0x00007f9e70988380
Event: 3.975 Thread 0x00007f9e6800a000 DEOPT UNPACKING pc=0x00007f9e59046f73 sp=0x00007f9e709880f0 mode 0
Event: 3.976 Thread 0x00007f9e6800a000 DEOPT PACKING pc=0x00007f9e59772664 sp=0x00007f9e70988380
Event: 3.976 Thread 0x00007f9e6800a000 DEOPT UNPACKING pc=0x00007f9e59046f73 sp=0x00007f9e709880f0 mode 0


Dynamic libraries:
00400000-00401000 r-xp 00000000 08:12 4072075                            /usr/lib/jvm/java-8-oracle/bin/java
00600000-00601000 rw-p 00000000 08:12 4072075                            /usr/lib/jvm/java-8-oracle/bin/java
013cc000-013ed000 rw-p 00000000 00:00 0                                  [heap]
c0000000-c5400000 rw-p 00000000 00:00 0 
c5400000-eab00000 ---p 00000000 00:00 0 
eab00000-f3500000 rw-p 00000000 00:00 0 
f3500000-100000000 ---p 00000000 00:00 0 
100000000-1000c0000 rw-p 00000000 00:00 0 
1000c0000-140000000 ---p 00000000 00:00 0 
7f9e18000000-7f9e18021000 rw-p 00000000 00:00 0 
7f9e18021000-7f9e1c000000 ---p 00000000 00:00 0 
7f9e1c000000-7f9e1c021000 rw-p 00000000 00:00 0 
7f9e1c021000-7f9e20000000 ---p 00000000 00:00 0 
7f9e20000000-7f9e210dd000 rw-p 00000000 00:00 0 
7f9e210dd000-7f9e24000000 ---p 00000000 00:00 0 
7f9e24000000-7f9e24a77000 rw-p 00000000 00:00 0 
7f9e24a77000-7f9e28000000 ---p 00000000 00:00 0 
7f9e28000000-7f9e28021000 rw-p 00000000 00:00 0 
7f9e28021000-7f9e2c000000 ---p 00000000 00:00 0 
7f9e2c000000-7f9e2cbbf000 rw-p 00000000 00:00 0 
7f9e2cbbf000-7f9e30000000 ---p 00000000 00:00 0 
7f9e30000000-7f9e30021000 rw-p 00000000 00:00 0 
7f9e30021000-7f9e34000000 ---p 00000000 00:00 0 
7f9e34000000-7f9e34021000 rw-p 00000000 00:00 0 
7f9e34021000-7f9e38000000 ---p 00000000 00:00 0 
7f9e38000000-7f9e38021000 rw-p 00000000 00:00 0 
7f9e38021000-7f9e3c000000 ---p 00000000 00:00 0 
7f9e40000000-7f9e40021000 rw-p 00000000 00:00 0 
7f9e40021000-7f9e44000000 ---p 00000000 00:00 0 
7f9e44000000-7f9e44021000 rw-p 00000000 00:00 0 
7f9e44021000-7f9e48000000 ---p 00000000 00:00 0 
7f9e48000000-7f9e48021000 rw-p 00000000 00:00 0 
7f9e48021000-7f9e4c000000 ---p 00000000 00:00 0 
7f9e4f000000-7f9e51000000 rw-p 00000000 00:00 0 
7f9e531d7000-7f9e531d8000 ---p 00000000 00:00 0 
7f9e531d8000-7f9e532d8000 rw-p 00000000 00:00 0                          [stack:25157]
7f9e532d8000-7f9e532db000 ---p 00000000 00:00 0 
7f9e532db000-7f9e533d9000 rw-p 00000000 00:00 0                          [stack:25156]
7f9e533d9000-7f9e533dc000 ---p 00000000 00:00 0 
7f9e533dc000-7f9e534da000 rw-p 00000000 00:00 0                          [stack:25155]
7f9e534da000-7f9e534dd000 ---p 00000000 00:00 0 
7f9e534dd000-7f9e535db000 rw-p 00000000 00:00 0                          [stack:25154]
7f9e535db000-7f9e535de000 ---p 00000000 00:00 0 
7f9e535de000-7f9e536dc000 rw-p 00000000 00:00 0                          [stack:25153]
7f9e536dc000-7f9e536df000 ---p 00000000 00:00 0 
7f9e536df000-7f9e537dd000 rw-p 00000000 00:00 0                          [stack:25152]
7f9e537dd000-7f9e53eff000 r--p 00000000 08:12 3546878                    /usr/lib/locale/locale-archive
7f9e53eff000-7f9e53f02000 ---p 00000000 00:00 0 
7f9e53f02000-7f9e54000000 rw-p 00000000 00:00 0                          [stack:25151]
7f9e54000000-7f9e54021000 rw-p 00000000 00:00 0 
7f9e54021000-7f9e58000000 ---p 00000000 00:00 0 
7f9e580cb000-7f9e580d0000 r--s 00096000 08:12 4198968                    /usr/lib/jvm/java-8-oracle/jre/lib/jsse.jar
7f9e580d0000-7f9e580df000 r--s 000dd000 08:12 1706690                    /opt/android-sdk-linux/build-tools/22.0.1/lib/dx.jar
7f9e580df000-7f9e580f1000 r--s 001fc000 08:12 4196211                    /usr/lib/jvm/java-8-oracle/jre/lib/ext/ojdbc6.jar
7f9e580f1000-7f9e580f4000 ---p 00000000 00:00 0 
7f9e580f4000-7f9e581f2000 rw-p 00000000 00:00 0                          [stack:25150]
7f9e581f2000-7f9e581f3000 ---p 00000000 00:00 0 
7f9e581f3000-7f9e59000000 rw-p 00000000 00:00 0                          [stack:25149]
7f9e59000000-7f9e597e0000 rwxp 00000000 00:00 0 
7f9e597e0000-7f9e68000000 ---p 00000000 00:00 0 
7f9e68000000-7f9e684e8000 rw-p 00000000 00:00 0 
7f9e684e8000-7f9e6c000000 ---p 00000000 00:00 0 
7f9e6c000000-7f9e6c2a7000 rw-p 00000000 00:00 0 
7f9e6c2a7000-7f9e6c480000 r--s 03d20000 08:12 4198918                    /usr/lib/jvm/java-8-oracle/jre/lib/rt.jar
7f9e6c480000-7f9e6cc36000 rw-p 00000000 00:00 0 
7f9e6cc36000-7f9e6ccf6000 ---p 00000000 00:00 0 
7f9e6ccf6000-7f9e6cef6000 rw-p 00000000 00:00 0 
7f9e6cef6000-7f9e6cef7000 ---p 00000000 00:00 0 
7f9e6cef7000-7f9e6cff7000 rw-p 00000000 00:00 0                          [stack:25148]
7f9e6cff7000-7f9e6cff8000 ---p 00000000 00:00 0 
7f9e6cff8000-7f9e6d0f8000 rw-p 00000000 00:00 0                          [stack:25147]
7f9e6d0f8000-7f9e6d0f9000 ---p 00000000 00:00 0 
7f9e6d0f9000-7f9e6d1f9000 rw-p 00000000 00:00 0                          [stack:25146]
7f9e6d1f9000-7f9e6d1fa000 ---p 00000000 00:00 0 
7f9e6d1fa000-7f9e6d324000 rw-p 00000000 00:00 0                          [stack:25143]
7f9e6d324000-7f9e6d450000 ---p 00000000 00:00 0 
7f9e6d450000-7f9e6d47a000 rw-p 00000000 00:00 0 
7f9e6d47a000-7f9e6d5a5000 ---p 00000000 00:00 0 
7f9e6d5a5000-7f9e6d5eb000 rw-p 00000000 00:00 0 
7f9e6d5eb000-7f9e6d650000 ---p 00000000 00:00 0 
7f9e6d650000-7f9e6d671000 rw-p 00000000 00:00 0 
7f9e6d671000-7f9e6da11000 ---p 00000000 00:00 0 
7f9e6da11000-7f9e6da2b000 r-xp 00000000 08:12 4203595                    /usr/lib/jvm/java-8-oracle/jre/lib/amd64/libzip.so
7f9e6da2b000-7f9e6dc2b000 ---p 0001a000 08:12 4203595                    /usr/lib/jvm/java-8-oracle/jre/lib/amd64/libzip.so
7f9e6dc2b000-7f9e6dc2c000 rw-p 0001a000 08:12 4203595                    /usr/lib/jvm/java-8-oracle/jre/lib/amd64/libzip.so
7f9e6dc2c000-7f9e6dc38000 r-xp 00000000 08:12 265436                     /lib/x86_64-linux-gnu/libnss_files-2.21.so
7f9e6dc38000-7f9e6de37000 ---p 0000c000 08:12 265436                     /lib/x86_64-linux-gnu/libnss_files-2.21.so
7f9e6de37000-7f9e6de38000 r--p 0000b000 08:12 265436                     /lib/x86_64-linux-gnu/libnss_files-2.21.so
7f9e6de38000-7f9e6de39000 rw-p 0000c000 08:12 265436                     /lib/x86_64-linux-gnu/libnss_files-2.21.so
7f9e6de39000-7f9e6de44000 r-xp 00000000 08:12 265447                     /lib/x86_64-linux-gnu/libnss_nis-2.21.so
7f9e6de44000-7f9e6e043000 ---p 0000b000 08:12 265447                     /lib/x86_64-linux-gnu/libnss_nis-2.21.so
7f9e6e043000-7f9e6e044000 r--p 0000a000 08:12 265447                     /lib/x86_64-linux-gnu/libnss_nis-2.21.so
7f9e6e044000-7f9e6e045000 rw-p 0000b000 08:12 265447                     /lib/x86_64-linux-gnu/libnss_nis-2.21.so
7f9e6e045000-7f9e6e05c000 r-xp 00000000 08:12 265441                     /lib/x86_64-linux-gnu/libnsl-2.21.so
7f9e6e05c000-7f9e6e25b000 ---p 00017000 08:12 265441                     /lib/x86_64-linux-gnu/libnsl-2.21.so
7f9e6e25b000-7f9e6e25c000 r--p 00016000 08:12 265441                     /lib/x86_64-linux-gnu/libnsl-2.21.so
7f9e6e25c000-7f9e6e25d000 rw-p 00017000 08:12 265441                     /lib/x86_64-linux-gnu/libnsl-2.21.so
7f9e6e25d000-7f9e6e25f000 rw-p 00000000 00:00 0 
7f9e6e25f000-7f9e6e267000 r-xp 00000000 08:12 265437                     /lib/x86_64-linux-gnu/libnss_compat-2.21.so
7f9e6e267000-7f9e6e466000 ---p 00008000 08:12 265437                     /lib/x86_64-linux-gnu/libnss_compat-2.21.so
7f9e6e466000-7f9e6e467000 r--p 00007000 08:12 265437                     /lib/x86_64-linux-gnu/libnss_compat-2.21.so
7f9e6e467000-7f9e6e468000 rw-p 00008000 08:12 265437                     /lib/x86_64-linux-gnu/libnss_compat-2.21.so
7f9e6e468000-7f9e6e492000 r-xp 00000000 08:12 4203590                    /usr/lib/jvm/java-8-oracle/jre/lib/amd64/libjava.so
7f9e6e492000-7f9e6e692000 ---p 0002a000 08:12 4203590                    /usr/lib/jvm/java-8-oracle/jre/lib/amd64/libjava.so
7f9e6e692000-7f9e6e694000 rw-p 0002a000 08:12 4203590                    /usr/lib/jvm/java-8-oracle/jre/lib/amd64/libjava.so
7f9e6e694000-7f9e6e6a1000 r-xp 00000000 08:12 4203594                    /usr/lib/jvm/java-8-oracle/jre/lib/amd64/libverify.so
7f9e6e6a1000-7f9e6e8a1000 ---p 0000d000 08:12 4203594                    /usr/lib/jvm/java-8-oracle/jre/lib/amd64/libverify.so
7f9e6e8a1000-7f9e6e8a3000 rw-p 0000d000 08:12 4203594                    /usr/lib/jvm/java-8-oracle/jre/lib/amd64/libverify.so
7f9e6e8a3000-7f9e6e8aa000 r-xp 00000000 08:12 265431                     /lib/x86_64-linux-gnu/librt-2.21.so
7f9e6e8aa000-7f9e6eaa9000 ---p 00007000 08:12 265431                     /lib/x86_64-linux-gnu/librt-2.21.so
7f9e6eaa9000-7f9e6eaaa000 r--p 00006000 08:12 265431                     /lib/x86_64-linux-gnu/librt-2.21.so
7f9e6eaaa000-7f9e6eaab000 rw-p 00007000 08:12 265431                     /lib/x86_64-linux-gnu/librt-2.21.so
7f9e6eaab000-7f9e6ebb2000 r-xp 00000000 08:12 265449                     /lib/x86_64-linux-gnu/libm-2.21.so
7f9e6ebb2000-7f9e6edb1000 ---p 00107000 08:12 265449                     /lib/x86_64-linux-gnu/libm-2.21.so
7f9e6edb1000-7f9e6edb2000 r--p 00106000 08:12 265449                     /lib/x86_64-linux-gnu/libm-2.21.so
7f9e6edb2000-7f9e6edb3000 rw-p 00107000 08:12 265449                     /lib/x86_64-linux-gnu/libm-2.21.so
7f9e6edb3000-7f9e6fa71000 r-xp 00000000 08:12 4201549                    /usr/lib/jvm/java-8-oracle/jre/lib/amd64/server/libjvm.so
7f9e6fa71000-7f9e6fc70000 ---p 00cbe000 08:12 4201549                    /usr/lib/jvm/java-8-oracle/jre/lib/amd64/server/libjvm.so
7f9e6fc70000-7f9e6fd49000 rw-p 00cbd000 08:12 4201549                    /usr/lib/jvm/java-8-oracle/jre/lib/amd64/server/libjvm.so
7f9e6fd49000-7f9e6fd8d000 rw-p 00000000 00:00 0 
7f9e6fd8d000-7f9e6ff4d000 r-xp 00000000 08:12 265450                     /lib/x86_64-linux-gnu/libc-2.21.so
7f9e6ff4d000-7f9e7014d000 ---p 001c0000 08:12 265450                     /lib/x86_64-linux-gnu/libc-2.21.so
7f9e7014d000-7f9e70151000 r--p 001c0000 08:12 265450                     /lib/x86_64-linux-gnu/libc-2.21.so
7f9e70151000-7f9e70153000 rw-p 001c4000 08:12 265450                     /lib/x86_64-linux-gnu/libc-2.21.so
7f9e70153000-7f9e70157000 rw-p 00000000 00:00 0 
7f9e70157000-7f9e7015a000 r-xp 00000000 08:12 265446                     /lib/x86_64-linux-gnu/libdl-2.21.so
7f9e7015a000-7f9e70359000 ---p 00003000 08:12 265446                     /lib/x86_64-linux-gnu/libdl-2.21.so
7f9e70359000-7f9e7035a000 r--p 00002000 08:12 265446                     /lib/x86_64-linux-gnu/libdl-2.21.so
7f9e7035a000-7f9e7035b000 rw-p 00003000 08:12 265446                     /lib/x86_64-linux-gnu/libdl-2.21.so
7f9e7035b000-7f9e70370000 r-xp 00000000 08:12 4198721                    /usr/lib/jvm/java-8-oracle/lib/amd64/jli/libjli.so
7f9e70370000-7f9e70570000 ---p 00015000 08:12 4198721                    /usr/lib/jvm/java-8-oracle/lib/amd64/jli/libjli.so
7f9e70570000-7f9e70571000 rw-p 00015000 08:12 4198721                    /usr/lib/jvm/java-8-oracle/lib/amd64/jli/libjli.so
7f9e70571000-7f9e70589000 r-xp 00000000 08:12 265432                     /lib/x86_64-linux-gnu/libpthread-2.21.so
7f9e70589000-7f9e70789000 ---p 00018000 08:12 265432                     /lib/x86_64-linux-gnu/libpthread-2.21.so
7f9e70789000-7f9e7078a000 r--p 00018000 08:12 265432                     /lib/x86_64-linux-gnu/libpthread-2.21.so
7f9e7078a000-7f9e7078b000 rw-p 00019000 08:12 265432                     /lib/x86_64-linux-gnu/libpthread-2.21.so
7f9e7078b000-7f9e7078f000 rw-p 00000000 00:00 0 
7f9e7078f000-7f9e707b3000 r-xp 00000000 08:12 265444                     /lib/x86_64-linux-gnu/ld-2.21.so
7f9e707b7000-7f9e70889000 rw-p 00000000 00:00 0 
7f9e70889000-7f9e7088c000 ---p 00000000 00:00 0 
7f9e7088c000-7f9e7098e000 rw-p 00000000 00:00 0                          [stack:25140]
7f9e7098f000-7f9e709a6000 rw-p 00000000 00:00 0 
7f9e709a6000-7f9e709ae000 rw-s 00000000 08:12 3408084                    /tmp/hsperfdata_duke/25138
7f9e709ae000-7f9e709af000 rw-p 00000000 00:00 0 
7f9e709af000-7f9e709b0000 r--p 00000000 00:00 0 
7f9e709b0000-7f9e709b2000 rw-p 00000000 00:00 0 
7f9e709b2000-7f9e709b3000 r--p 00023000 08:12 265444                     /lib/x86_64-linux-gnu/ld-2.21.so
7f9e709b3000-7f9e709b4000 rw-p 00024000 08:12 265444                     /lib/x86_64-linux-gnu/ld-2.21.so
7f9e709b4000-7f9e709b5000 rw-p 00000000 00:00 0 
7ffd643b3000-7ffd643d4000 rw-p 00000000 00:00 0                          [stack]
7ffd643d4000-7ffd643d6000 r--p 00000000 00:00 0                          [vvar]
7ffd643d6000-7ffd643d8000 r-xp 00000000 00:00 0                          [vdso]
ffffffffff600000-ffffffffff601000 r-xp 00000000 00:00 0                  [vsyscall]

VM Arguments:
jvm_args: -Xmx1024M -Dfile.encoding=UTF-8 -Duser.country=US -Duser.language=en -Duser.variant 
java_command: com.android.dx.command.Main --dex --output /home/duke/AndroidStudioProjects/MasterSahab/app/build/intermediates/dex/debug /home/duke/AndroidStudioProjects/MasterSahab/app/build/intermediates/classes/debug /home/duke/AndroidStudioProjects/MasterSahab/app/build/intermediates/pre-dexed/debug/support-annotations-23.1.0-149131c491be35e3d124446278d503abb54ec58a.jar /home/duke/AndroidStudioProjects/MasterSahab/app/build/intermediates/pre-dexed/debug/internal_impl-23.1.0-68dd1a7f8574ec1010780d01224e7f7f961b609d.jar /home/duke/AndroidStudioProjects/MasterSahab/app/build/intermediates/pre-dexed/debug/classes-a7978fbca45cb556bc78ba92279a75d463b5966e.jar /home/duke/AndroidStudioProjects/MasterSahab/app/build/intermediates/pre-dexed/debug/classes-15119f3aee5b6d8304b65a7150ff66c3b1b298bc.jar
java_class_path (initial): /opt/android-sdk-linux/build-tools/22.0.1/lib/dx.jar
Launcher Type: SUN_STANDARD

Environment Variables:
JAVA_HOME=/usr/lib/jvm/java-8-oracle
PATH=/usr/local/sbin:/usr/local/bin:/usr/sbin:/usr/bin:/sbin:/bin:/usr/games:/usr/local/games:/usr/lib/jvm/java-8-oracle/bin:/usr/lib/jvm/java-8-oracle/db/bin:/usr/lib/jvm/java-8-oracle/jre/bin
LD_LIBRARY_PATH=/home/duke/Apps/android-studio/bin:
SHELL=/bin/bash
DISPLAY=:0

Signal Handlers:
SIGSEGV: [libjvm.so+0xaba2a0], sa_mask[0]=11111111011111111101111111111110, sa_flags=SA_RESTART|SA_SIGINFO
SIGBUS: [libjvm.so+0xaba2a0], sa_mask[0]=11111111011111111101111111111110, sa_flags=SA_RESTART|SA_SIGINFO
SIGFPE: [libjvm.so+0x917710], sa_mask[0]=11111111011111111101111111111110, sa_flags=SA_RESTART|SA_SIGINFO
SIGPIPE: [libjvm.so+0x917710], sa_mask[0]=11111111011111111101111111111110, sa_flags=SA_RESTART|SA_SIGINFO
SIGXFSZ: [libjvm.so+0x917710], sa_mask[0]=11111111011111111101111111111110, sa_flags=SA_RESTART|SA_SIGINFO
SIGILL: [libjvm.so+0x917710], sa_mask[0]=11111111011111111101111111111110, sa_flags=SA_RESTART|SA_SIGINFO
SIGUSR1: SIG_DFL, sa_mask[0]=00000000000000000000000000000000, sa_flags=none
SIGUSR2: [libjvm.so+0x918d40], sa_mask[0]=00100000000000000000000000000000, sa_flags=SA_RESTART|SA_SIGINFO
SIGHUP: [libjvm.so+0x91a140], sa_mask[0]=11111111011111111101111111111110, sa_flags=SA_RESTART|SA_SIGINFO
SIGINT: [libjvm.so+0x91a140], sa_mask[0]=11111111011111111101111111111110, sa_flags=SA_RESTART|SA_SIGINFO
SIGTERM: [libjvm.so+0x91a140], sa_mask[0]=11111111011111111101111111111110, sa_flags=SA_RESTART|SA_SIGINFO
SIGQUIT: [libjvm.so+0x91a140], sa_mask[0]=11111111011111111101111111111110, sa_flags=SA_RESTART|SA_SIGINFO


---------------  S Y S T E M  ---------------

OS:DISTRIB_ID=Ubuntu
DISTRIB_RELEASE=15.10
DISTRIB_CODENAME=wily
DISTRIB_DESCRIPTION="Ubuntu 15.10"

uname:Linux 4.2.0-27-generic #32-Ubuntu SMP Fri Jan 22 04:49:08 UTC 2016 x86_64
libc:glibc 2.21 NPTL 2.21 
rlimit: STACK 8192k, CORE 0k, NPROC 31796, NOFILE 65536, AS infinity
load average:3.71 2.95 2.49

/proc/meminfo:
MemTotal:        8174564 kB
MemFree:           63032 kB
MemAvailable:    2626976 kB
Buffers:          297152 kB
Cached:          2873416 kB
SwapCached:           24 kB
Active:          4662204 kB
Inactive:        3030732 kB
Active(anon):    3536596 kB
Inactive(anon):  1649820 kB
Active(file):    1125608 kB
Inactive(file):  1380912 kB
Unevictable:          32 kB
Mlocked:              32 kB
SwapTotal:       1998844 kB
SwapFree:        1993068 kB
Dirty:             20288 kB
Writeback:             0 kB
AnonPages:       4522456 kB
Mapped:           669616 kB
Shmem:            664060 kB
Slab:             162936 kB
SReclaimable:     100000 kB
SUnreclaim:        62936 kB
KernelStack:       10208 kB
PageTables:        49292 kB
NFS_Unstable:          0 kB
Bounce:                0 kB
WritebackTmp:          0 kB
CommitLimit:     6086124 kB
Committed_AS:    9611700 kB
VmallocTotal:   34359738367 kB
VmallocUsed:       91272 kB
VmallocChunk:   34359586812 kB
HardwareCorrupted:     0 kB
AnonHugePages:   2031616 kB
CmaTotal:              0 kB
CmaFree:               0 kB
HugePages_Total:       0
HugePages_Free:        0
HugePages_Rsvd:        0
HugePages_Surp:        0
Hugepagesize:       2048 kB
DirectMap4k:      836544 kB
DirectMap2M:     7550976 kB


CPU:total 4 (4 cores per cpu, 1 threads per core) family 6 model 15 stepping 11, cmov, cx8, fxsr, mmx, sse, sse2, sse3, ssse3, tsc

/proc/cpuinfo:
processor	: 0
vendor_id	: GenuineIntel
cpu family	: 6
model		: 15
model name	: Intel(R) Core(TM)2 Quad CPU    Q6600  @ 2.40GHz
stepping	: 11
microcode	: 0xba
cpu MHz		: 2400.000
cache size	: 4096 KB
physical id	: 0
siblings	: 4
core id		: 0
cpu cores	: 4
apicid		: 0
initial apicid	: 0
fpu		: yes
fpu_exception	: yes
cpuid level	: 10
wp		: yes
flags		: fpu vme de pse tsc msr pae mce cx8 apic sep mtrr pge mca cmov pat pse36 clflush dts acpi mmx fxsr sse sse2 ss ht tm pbe syscall nx lm constant_tsc arch_perfmon pebs bts rep_good nopl aperfmperf pni dtes64 monitor ds_cpl vmx est tm2 ssse3 cx16 xtpr pdcm lahf_lm dtherm tpr_shadow vnmi flexpriority
bugs		:
bogomips	: 4799.99
clflush size	: 64
cache_alignment	: 64
address sizes	: 36 bits physical, 48 bits virtual
power management:

processor	: 1
vendor_id	: GenuineIntel
cpu family	: 6
model		: 15
model name	: Intel(R) Core(TM)2 Quad CPU    Q6600  @ 2.40GHz
stepping	: 11
microcode	: 0xba
cpu MHz		: 2400.000
cache size	: 4096 KB
physical id	: 0
siblings	: 4
core id		: 1
cpu cores	: 4
apicid		: 1
initial apicid	: 1
fpu		: yes
fpu_exception	: yes
cpuid level	: 10
wp		: yes
flags		: fpu vme de pse tsc msr pae mce cx8 apic sep mtrr pge mca cmov pat pse36 clflush dts acpi mmx fxsr sse sse2 ss ht tm pbe syscall nx lm constant_tsc arch_perfmon pebs bts rep_good nopl aperfmperf pni dtes64 monitor ds_cpl vmx est tm2 ssse3 cx16 xtpr pdcm lahf_lm dtherm tpr_shadow vnmi flexpriority
bugs		:
bogomips	: 4799.99
clflush size	: 64
cache_alignment	: 64
address sizes	: 36 bits physical, 48 bits virtual
power management:

processor	: 2
vendor_id	: GenuineIntel
cpu family	: 6
model		: 15
model name	: Intel(R) Core(TM)2 Quad CPU    Q6600  @ 2.40GHz
stepping	: 11
microcode	: 0xba
cpu MHz		: 2400.000
cache size	: 4096 KB
physical id	: 0
siblings	: 4
core id		: 3
cpu cores	: 4
apicid		: 3
initial apicid	: 3
fpu		: yes
fpu_exception	: yes
cpuid level	: 10
wp		: yes
flags		: fpu vme de pse tsc msr pae mce cx8 apic sep mtrr pge mca cmov pat pse36 clflush dts acpi mmx fxsr sse sse2 ss ht tm pbe syscall nx lm constant_tsc arch_perfmon pebs bts rep_good nopl aperfmperf pni dtes64 monitor ds_cpl vmx est tm2 ssse3 cx16 xtpr pdcm lahf_lm dtherm tpr_shadow vnmi flexpriority
bugs		:
bogomips	: 4799.99
clflush size	: 64
cache_alignment	: 64
address sizes	: 36 bits physical, 48 bits virtual
power management:

processor	: 3
vendor_id	: GenuineIntel
cpu family	: 6
model		: 15
model name	: Intel(R) Core(TM)2 Quad CPU    Q6600  @ 2.40GHz
stepping	: 11
microcode	: 0xba
cpu MHz		: 2400.000
cache size	: 4096 KB
physical id	: 0
siblings	: 4
core id		: 2
cpu cores	: 4
apicid		: 2
initial apicid	: 2
fpu		: yes
fpu_exception	: yes
cpuid level	: 10
wp		: yes
flags		: fpu vme de pse tsc msr pae mce cx8 apic sep mtrr pge mca cmov pat pse36 clflush dts acpi mmx fxsr sse sse2 ss ht tm pbe syscall nx lm constant_tsc arch_perfmon pebs bts rep_good nopl aperfmperf pni dtes64 monitor ds_cpl vmx est tm2 ssse3 cx16 xtpr pdcm lahf_lm dtherm tpr_shadow vnmi flexpriority
bugs		:
bogomips	: 4799.99
clflush size	: 64
cache_alignment	: 64
address sizes	: 36 bits physical, 48 bits virtual
power management:



Memory: 4k page, physical 8174564k(63032k free), swap 1998844k(1993068k free)

vm_info: Java HotSpot(TM) 64-Bit Server VM (25.66-b17) for linux-amd64 JRE (1.8.0_66-b17), built on Oct  6 2015 17:28:34 by "java_re" with gcc 4.3.0 20080428 (Red Hat 4.3.0-8)

time: Sun Feb 21 16:16:13 2016
elapsed time: 4 seconds (0d 0h 0m 4s)

