#
# A fatal error has been detected by the Java Runtime Environment:
#
#  SIGSEGV (0xb) at pc=0x00007fa582005060, pid=17157, tid=140350262900480
#
# JRE version: Java(TM) SE Runtime Environment (8.0_66-b17) (build 1.8.0_66-b17)
# Java VM: Java HotSpot(TM) 64-Bit Server VM (25.66-b17 mixed mode linux-amd64 compressed oops)
# Problematic frame:
# C  0x00007fa582005060
#
# Failed to write core dump. Core dumps have been disabled. To enable core dumping, try "ulimit -c unlimited" before starting Java again
#
# If you would like to submit a bug report, please visit:
#   http://bugreport.java.com/bugreport/crash.jsp
#

---------------  T H R E A D  ---------------

Current thread (0x00007fa5d000a000):  JavaThread "main" [_thread_in_Java, id=17160, stack(0x00007fa5d7807000,0x00007fa5d7908000)]

siginfo: si_signo: 11 (SIGSEGV), si_code: 1 (SEGV_MAPERR), si_addr: 0x00007fa582005060

Registers:
RAX=0x00007fa5be8962b8, RBX=0x00007fa5be8962b8, RCX=0x00007fa5be8f5d70, RDX=0x00007fa5c10073d0
RSP=0x00007fa5d7905968, RBP=0x00007fa5d79059d0, RSI=0x00000000eb451b10, RDI=0x00007fa5be974bf8
R8 =0x00000000eb451aa0, R9 =0x0000000000000014, R10=0x00007fa5d6ce2260, R11=0x00007fa5c11859e0
R12=0x0000000000000000, R13=0x00007fa5d7905980, R14=0x00007fa5d79059e8, R15=0x00007fa5d000a000
RIP=0x00007fa582005060, EFLAGS=0x0000000000010202, CSGSFS=0x0000000000000033, ERR=0x0000000000000014
  TRAPNO=0x000000000000000e

Top of Stack: (sp=0x00007fa5d7905968)
0x00007fa5d7905968:   00007fa5c10073d0 00007fa500000147
0x00007fa5d7905978:   00007fa5c10073d0 00000000eb451b10
0x00007fa5d7905988:   0000000000000147 00007fa5d7905990
0x00007fa5d7905998:   00007fa5be8f565d 00007fa5d79059e8
0x00007fa5d79059a8:   00007fa5be8f5d70 00007fa5be99a4a0
0x00007fa5d79059b8:   00007fa5be8f5698 00007fa5d7905980
0x00007fa5d79059c8:   00007fa5d79059e0 00007fa5d7905a30
0x00007fa5d79059d8:   00007fa5c10071a5 0000000000000147
0x00007fa5d79059e8:   00000000eb451b00 00007fa5d79059f0
0x00007fa5d79059f8:   00007fa5be8f10bd 00007fa5d7905a80
0x00007fa5d7905a08:   00007fa5be8f12d0 0000000000000000
0x00007fa5d7905a18:   00007fa5be8f1180 00007fa5d79059e0
0x00007fa5d7905a28:   00007fa5d7905a80 00007fa5d7905ac8
0x00007fa5d7905a38:   00007fa5c100798d 00000000eb41b230
0x00007fa5d7905a48:   00000000000000a7 0000000000000215
0x00007fa5d7905a58:   00000000eb3c36a8 00000000eb41c130
0x00007fa5d7905a68:   00000000eb3c34d8 0000000000000147
0x00007fa5d7905a78:   0000000000000280 00000000eb419860
0x00007fa5d7905a88:   00007fa5d7905a88 00007fa5be8f0bab
0x00007fa5d7905a98:   00007fa5d7905af8 00007fa5be8f12d0
0x00007fa5d7905aa8:   0000000000000000 00007fa5be8f0c88
0x00007fa5d7905ab8:   00007fa5d7905a80 00007fa5d7905af8
0x00007fa5d7905ac8:   00007fa5d7905b40 00007fa5c1007710
0x00007fa5d7905ad8:   0000000000000000 0000000000000280
0x00007fa5d7905ae8:   00000000eb41de88 0000000000000280
0x00007fa5d7905af8:   00000000eb419860 00007fa5d7905b00
0x00007fa5d7905b08:   00007fa5be8db3a7 00007fa5d7905bd8
0x00007fa5d7905b18:   00007fa5be8db778 0000000000000000
0x00007fa5d7905b28:   00007fa5be8db680 00007fa5d7905af8
0x00007fa5d7905b38:   00007fa5d7905bc8 00007fa5d7905c20
0x00007fa5d7905b48:   00007fa5c100798d 0000000000000000
0x00007fa5d7905b58:   0000000000000000 0000000000000000 

Instructions: (pc=0x00007fa582005060)
0x00007fa582005040:   
[error occurred during error reporting (printing registers, top of stack, instructions near pc), id 0xb]

Register to memory mapping:

RAX={method} {0x00007fa5be8962b8} 'getMax' '([I)I' in 'com/android/dx/util/Bits'
RBX={method} {0x00007fa5be8962b8} 'getMax' '([I)I' in 'com/android/dx/util/Bits'
RCX=0x00007fa5be8f5d70 is pointing into metadata
RDX=0x00007fa5c10073d0 is at code_begin+624 in an Interpreter codelet
invoke return entry points  [0x00007fa5c1007160, 0x00007fa5c1007a60]  2304 bytes
RSP=0x00007fa5d7905968 is pointing into the stack for thread: 0x00007fa5d000a000
RBP=0x00007fa5d79059d0 is pointing into the stack for thread: 0x00007fa5d000a000
RSI=0x00000000eb451b10 is an oop
[I 
 - klass: {type array int}
 - length: 20
RDI=0x00007fa5be974bf8 is pointing into metadata
R8 =0x00000000eb451aa0 is an oop
[I 
 - klass: {type array int}
 - length: 20
R9 =0x0000000000000014 is an unknown value
R10=0x00007fa5d6ce2260: <offset 0xfb1260> in /usr/lib/jvm/java-8-oracle/jre/lib/amd64/server/libjvm.so at 0x00007fa5d5d31000
R11=0x00007fa5c11859e0 is at entry_point+0 in (nmethod*)0x00007fa5c1185890
R12=0x0000000000000000 is an unknown value
R13=0x00007fa5d7905980 is pointing into the stack for thread: 0x00007fa5d000a000
R14=0x00007fa5d79059e8 is pointing into the stack for thread: 0x00007fa5d000a000
R15=0x00007fa5d000a000 is a thread


Stack: [0x00007fa5d7807000,0x00007fa5d7908000],  sp=0x00007fa5d7905968,  free space=1018k
Native frames: (J=compiled Java code, j=interpreted, Vv=VM code, C=native code)
C  0x00007fa582005060
j  com.android.dx.ssa.DomFront.calcDomFronts()V+101
j  com.android.dx.ssa.DomFront.run()[Lcom/android/dx/ssa/DomFront$DomInfo;+195
j  com.android.dx.ssa.SsaConverter.placePhiFunctions(Lcom/android/dx/ssa/SsaMethod;Lcom/android/dx/ssa/LocalVariableInfo;I)V+31
j  com.android.dx.ssa.SsaConverter.convertToSsaMethod(Lcom/android/dx/rop/code/RopMethod;IZ)Lcom/android/dx/ssa/SsaMethod;+21
j  com.android.dx.ssa.Optimizer.optimize(Lcom/android/dx/rop/code/RopMethod;IZZLcom/android/dx/rop/code/TranslationAdvice;Ljava/util/EnumSet;)Lcom/android/dx/rop/code/RopMethod;+15
j  com.android.dx.ssa.Optimizer.optimize(Lcom/android/dx/rop/code/RopMethod;IZZLcom/android/dx/rop/code/TranslationAdvice;)Lcom/android/dx/rop/code/RopMethod;+12
j  com.android.dx.dex.cf.CfTranslator.processMethods(Lcom/android/dx/cf/direct/DirectClassFile;Lcom/android/dx/dex/cf/CfOptions;Lcom/android/dx/dex/DexOptions;Lcom/android/dx/dex/file/ClassDefItem;Lcom/android/dx/dex/file/DexFile;)V+265
j  com.android.dx.dex.cf.CfTranslator.translate0(Lcom/android/dx/cf/direct/DirectClassFile;[BLcom/android/dx/dex/cf/CfOptions;Lcom/android/dx/dex/DexOptions;Lcom/android/dx/dex/file/DexFile;)Lcom/android/dx/dex/file/ClassDefItem;+120
j  com.android.dx.dex.cf.CfTranslator.translate(Lcom/android/dx/cf/direct/DirectClassFile;[BLcom/android/dx/dex/cf/CfOptions;Lcom/android/dx/dex/DexOptions;Lcom/android/dx/dex/file/DexFile;)Lcom/android/dx/dex/file/ClassDefItem;+6
j  com.android.dx.command.dexer.Main.processClass(Ljava/lang/String;[B)Z+251
j  com.android.dx.command.dexer.Main.processFileBytes(Ljava/lang/String;J[B)Z+188
j  com.android.dx.command.dexer.Main.access$300(Ljava/lang/String;J[B)Z+3
j  com.android.dx.command.dexer.Main$1.processFileBytes(Ljava/lang/String;J[B)Z+4
j  com.android.dx.cf.direct.ClassPathOpener.processOne(Ljava/io/File;Z)Z+82
j  com.android.dx.cf.direct.ClassPathOpener.processDirectory(Ljava/io/File;Z)Z+64
j  com.android.dx.cf.direct.ClassPathOpener.processOne(Ljava/io/File;Z)Z+10
j  com.android.dx.cf.direct.ClassPathOpener.processDirectory(Ljava/io/File;Z)Z+64
j  com.android.dx.cf.direct.ClassPathOpener.processOne(Ljava/io/File;Z)Z+10
j  com.android.dx.cf.direct.ClassPathOpener.processDirectory(Ljava/io/File;Z)Z+64
j  com.android.dx.cf.direct.ClassPathOpener.processOne(Ljava/io/File;Z)Z+10
j  com.android.dx.cf.direct.ClassPathOpener.processDirectory(Ljava/io/File;Z)Z+64
j  com.android.dx.cf.direct.ClassPathOpener.processOne(Ljava/io/File;Z)Z+10
j  com.android.dx.cf.direct.ClassPathOpener.process()Z+15
j  com.android.dx.command.dexer.Main.processOne(Ljava/lang/String;Lcom/android/dx/cf/direct/ClassPathOpener$FileNameFilter;)V+58
j  com.android.dx.command.dexer.Main.processAllFiles()Z+202
j  com.android.dx.command.dexer.Main.runMonoDex()I+58
j  com.android.dx.command.dexer.Main.run(Lcom/android/dx/command/dexer/Main$Arguments;)I+76
j  com.android.dx.command.dexer.Main.main([Ljava/lang/String;)V+14
j  com.android.dx.command.Main.main([Ljava/lang/String;)V+61
v  ~StubRoutines::call_stub
V  [libjvm.so+0x68bc46]  JavaCalls::call_helper(JavaValue*, methodHandle*, JavaCallArguments*, Thread*)+0x1056
V  [libjvm.so+0x6cd262]  jni_invoke_static(JNIEnv_*, JavaValue*, _jobject*, JNICallType, _jmethodID*, JNI_ArgumentPusher*, Thread*)+0x362
V  [libjvm.so+0x6e9c6a]  jni_CallStaticVoidMethod+0x17a
C  [libjli.so+0x7bcc]  JavaMain+0x80c
C  [libpthread.so.0+0x76aa]  start_thread+0xca


---------------  P R O C E S S  ---------------

Java Threads: ( => current thread )
  0x00007fa5d00c0800 JavaThread "Service Thread" daemon [_thread_blocked, id=17174, stack(0x00007fa5bc347000,0x00007fa5bc448000)]
  0x00007fa5d00bb800 JavaThread "C1 CompilerThread2" daemon [_thread_in_native, id=17173, stack(0x00007fa5bc448000,0x00007fa5bc549000)]
  0x00007fa5d00b9800 JavaThread "C2 CompilerThread1" daemon [_thread_blocked, id=17172, stack(0x00007fa5bc549000,0x00007fa5bc64a000)]
  0x00007fa5d00b6800 JavaThread "C2 CompilerThread0" daemon [_thread_blocked, id=17171, stack(0x00007fa5bc64a000,0x00007fa5bc74b000)]
  0x00007fa5d00b5000 JavaThread "Signal Dispatcher" daemon [_thread_blocked, id=17170, stack(0x00007fa5bc74b000,0x00007fa5bc84c000)]
  0x00007fa5d007f800 JavaThread "Finalizer" daemon [_thread_blocked, id=17169, stack(0x00007fa5bcf6e000,0x00007fa5bd06f000)]
  0x00007fa5d007d000 JavaThread "Reference Handler" daemon [_thread_blocked, id=17168, stack(0x00007fa5bd06f000,0x00007fa5bd170000)]
=>0x00007fa5d000a000 JavaThread "main" [_thread_in_Java, id=17160, stack(0x00007fa5d7807000,0x00007fa5d7908000)]

Other Threads:
  0x00007fa5d0078000 VMThread [stack: 0x00007fa5bd170000,0x00007fa5bd271000] [id=17167]
  0x00007fa5d00c3800 WatcherThread [stack: 0x00007fa5bc246000,0x00007fa5bc347000] [id=17175]

VM state:not at safepoint (normal execution)

VM Mutex/Monitor currently owned by a thread: None

Heap:
 PSYoungGen      total 37888K, used 10101K [0x00000000eab00000, 0x00000000ed500000, 0x0000000100000000)
  eden space 32768K, 30% used [0x00000000eab00000,0x00000000eb4dd700,0x00000000ecb00000)
  from space 5120K, 0% used [0x00000000ed000000,0x00000000ed000000,0x00000000ed500000)
  to   space 5120K, 0% used [0x00000000ecb00000,0x00000000ecb00000,0x00000000ed000000)
 ParOldGen       total 86016K, used 0K [0x00000000c0000000, 0x00000000c5400000, 0x00000000eab00000)
  object space 86016K, 0% used [0x00000000c0000000,0x00000000c0000000,0x00000000c5400000)
 Metaspace       used 4849K, capacity 6384K, committed 6528K, reserved 1056768K
  class space    used 525K, capacity 616K, committed 640K, reserved 1048576K

Card table byte_map: [0x00007fa5d43ce000,0x00007fa5d45cf000] byte_map_base: 0x00007fa5d3dce000

Marking Bits: (ParMarkBitMap*) 0x00007fa5d6ce0020
 Begin Bits: [0x00007fa5bedfe000, 0x00007fa5bfdfe000)
 End Bits:   [0x00007fa5bfdfe000, 0x00007fa5c0dfe000)

Polling page: 0x00007fa5d792d000

CodeCache: size=245760Kb used=1984Kb max_used=1984Kb free=243775Kb
 bounds [0x00007fa5c1000000, 0x00007fa5c1270000, 0x00007fa5d0000000]
 total_blobs=686 nmethods=433 adapters=169
 compilation: enabled

Compilation events (10 events):
Event: 0.466 Thread 0x00007fa5d00bb800 nmethod 432 0x00007fa5c11c0890 code [0x00007fa5c11c09e0, 0x00007fa5c11c0af0]
Event: 0.466 Thread 0x00007fa5d00bb800  408       3       com.android.dx.ssa.SsaMethod::bitSetFromLabelList (47 bytes)
Event: 0.467 Thread 0x00007fa5d00bb800 nmethod 408 0x00007fa5c11c4550 code [0x00007fa5c11c4720, 0x00007fa5c11c4e98]
Event: 0.467 Thread 0x00007fa5d00bb800  418       3       java.util.BitSet::recalculateWordsInUse (39 bytes)
Event: 0.468 Thread 0x00007fa5d00bb800 nmethod 418 0x00007fa5c11c0350 code [0x00007fa5c11c04c0, 0x00007fa5c11c0730]
Event: 0.468 Thread 0x00007fa5d00bb800  406       3       com.android.dx.rop.code.BasicBlockList$RegCountVisitor::visit (52 bytes)
Event: 0.468 Thread 0x00007fa5d00bb800 nmethod 406 0x00007fa5c11c2d50 code [0x00007fa5c11c2f60, 0x00007fa5c11c3e28]
Event: 0.468 Thread 0x00007fa5d00bb800  433       1       com.android.dx.util.Bits::getMax (6 bytes)
Event: 0.468 Thread 0x00007fa5d00bb800 nmethod 433 0x00007fa5c11c2a90 code [0x00007fa5c11c2be0, 0x00007fa5c11c2cd0]
Event: 0.469 Thread 0x00007fa5d00bb800  409       2       java.lang.Long::bitCount (61 bytes)

GC Heap History (0 events):
No events

Deoptimization events (0 events):
No events

Internal exceptions (2 events):
Event: 0.051 Thread 0x00007fa5d000a000 Exception <a 'java/lang/NoSuchMethodError': Method sun.misc.Unsafe.defineClass(Ljava/lang/String;[BII)Ljava/lang/Class; name or signature does not match> (0x00000000eab12b90) thrown at [/HUDSON/workspace/8-2-build-linux-amd64/jdk8u66/4988/hotspot/src/shar
Event: 0.051 Thread 0x00007fa5d000a000 Exception <a 'java/lang/NoSuchMethodError': Method sun.misc.Unsafe.prefetchRead(Ljava/lang/Object;J)V name or signature does not match> (0x00000000eab12e78) thrown at [/HUDSON/workspace/8-2-build-linux-amd64/jdk8u66/4988/hotspot/src/share/vm/prims/jni.cpp

Events (10 events):
Event: 0.413 loading class com/android/dx/dex/file/StringIdItem
Event: 0.413 loading class com/android/dx/dex/file/StringIdItem done
Event: 0.413 loading class com/android/dx/dex/file/StringDataItem
Event: 0.413 loading class com/android/dx/dex/file/StringDataItem done
Event: 0.423 loading class com/android/dx/cf/code/Ropper$ExceptionHandlerSetup
Event: 0.423 loading class com/android/dx/cf/code/Ropper$ExceptionHandlerSetup done
Event: 0.444 loading class java/util/HashMap$Values
Event: 0.445 loading class java/util/HashMap$Values done
Event: 0.445 loading class java/util/HashMap$ValueIterator
Event: 0.445 loading class java/util/HashMap$ValueIterator done


Dynamic libraries:
00400000-00401000 r-xp 00000000 08:12 4072075                            /usr/lib/jvm/java-8-oracle/bin/java
00600000-00601000 rw-p 00000000 08:12 4072075                            /usr/lib/jvm/java-8-oracle/bin/java
01469000-0148a000 rw-p 00000000 00:00 0                                  [heap]
c0000000-c5400000 rw-p 00000000 00:00 0 
c5400000-eab00000 ---p 00000000 00:00 0 
eab00000-ed500000 rw-p 00000000 00:00 0 
ed500000-100000000 ---p 00000000 00:00 0 
100000000-1000a0000 rw-p 00000000 00:00 0 
1000a0000-140000000 ---p 00000000 00:00 0 
7fa588000000-7fa588021000 rw-p 00000000 00:00 0 
7fa588021000-7fa58c000000 ---p 00000000 00:00 0 
7fa58c000000-7fa58c021000 rw-p 00000000 00:00 0 
7fa58c021000-7fa590000000 ---p 00000000 00:00 0 
7fa590000000-7fa5901a6000 rw-p 00000000 00:00 0 
7fa5901a6000-7fa594000000 ---p 00000000 00:00 0 
7fa594000000-7fa5942a5000 rw-p 00000000 00:00 0 
7fa5942a5000-7fa598000000 ---p 00000000 00:00 0 
7fa598000000-7fa598021000 rw-p 00000000 00:00 0 
7fa598021000-7fa59c000000 ---p 00000000 00:00 0 
7fa59c000000-7fa59c11a000 rw-p 00000000 00:00 0 
7fa59c11a000-7fa5a0000000 ---p 00000000 00:00 0 
7fa5a0000000-7fa5a0021000 rw-p 00000000 00:00 0 
7fa5a0021000-7fa5a4000000 ---p 00000000 00:00 0 
7fa5a4000000-7fa5a4021000 rw-p 00000000 00:00 0 
7fa5a4021000-7fa5a8000000 ---p 00000000 00:00 0 
7fa5a8000000-7fa5a8021000 rw-p 00000000 00:00 0 
7fa5a8021000-7fa5ac000000 ---p 00000000 00:00 0 
7fa5ac000000-7fa5ac021000 rw-p 00000000 00:00 0 
7fa5ac021000-7fa5b0000000 ---p 00000000 00:00 0 
7fa5b0000000-7fa5b0021000 rw-p 00000000 00:00 0 
7fa5b0021000-7fa5b4000000 ---p 00000000 00:00 0 
7fa5b4000000-7fa5b4021000 rw-p 00000000 00:00 0 
7fa5b4021000-7fa5b8000000 ---p 00000000 00:00 0 
7fa5b8000000-7fa5b8021000 rw-p 00000000 00:00 0 
7fa5b8021000-7fa5bc000000 ---p 00000000 00:00 0 
7fa5bc225000-7fa5bc234000 r--s 000dd000 08:12 1706690                    /opt/android-sdk-linux/build-tools/22.0.1/lib/dx.jar
7fa5bc234000-7fa5bc246000 r--s 001fc000 08:12 4196211                    /usr/lib/jvm/java-8-oracle/jre/lib/ext/ojdbc6.jar
7fa5bc246000-7fa5bc247000 ---p 00000000 00:00 0 
7fa5bc247000-7fa5bc347000 rw-p 00000000 00:00 0                          [stack:17175]
7fa5bc347000-7fa5bc34a000 ---p 00000000 00:00 0 
7fa5bc34a000-7fa5bc448000 rw-p 00000000 00:00 0                          [stack:17174]
7fa5bc448000-7fa5bc44b000 ---p 00000000 00:00 0 
7fa5bc44b000-7fa5bc549000 rw-p 00000000 00:00 0                          [stack:17173]
7fa5bc549000-7fa5bc54c000 ---p 00000000 00:00 0 
7fa5bc54c000-7fa5bc64a000 rw-p 00000000 00:00 0                          [stack:17172]
7fa5bc64a000-7fa5bc64d000 ---p 00000000 00:00 0 
7fa5bc64d000-7fa5bc74b000 rw-p 00000000 00:00 0                          [stack:17171]
7fa5bc74b000-7fa5bc74e000 ---p 00000000 00:00 0 
7fa5bc74e000-7fa5bc84c000 rw-p 00000000 00:00 0                          [stack:17170]
7fa5bc84c000-7fa5bcf6e000 r--p 00000000 08:12 3546878                    /usr/lib/locale/locale-archive
7fa5bcf6e000-7fa5bcf71000 ---p 00000000 00:00 0 
7fa5bcf71000-7fa5bd06f000 rw-p 00000000 00:00 0                          [stack:17169]
7fa5bd06f000-7fa5bd072000 ---p 00000000 00:00 0 
7fa5bd072000-7fa5bd170000 rw-p 00000000 00:00 0                          [stack:17168]
7fa5bd170000-7fa5bd171000 ---p 00000000 00:00 0 
7fa5bd171000-7fa5be225000 rw-p 00000000 00:00 0                          [stack:17167]
7fa5be225000-7fa5be3fe000 r--s 03d20000 08:12 4198918                    /usr/lib/jvm/java-8-oracle/jre/lib/rt.jar
7fa5be3fe000-7fa5be9be000 rw-p 00000000 00:00 0 
7fa5be9be000-7fa5bebfe000 ---p 00000000 00:00 0 
7fa5bebfe000-7fa5c0dfe000 rw-p 00000000 00:00 0 
7fa5c0dfe000-7fa5c0dff000 ---p 00000000 00:00 0 
7fa5c0dff000-7fa5c0eff000 rw-p 00000000 00:00 0                          [stack:17166]
7fa5c0eff000-7fa5c0f00000 ---p 00000000 00:00 0 
7fa5c0f00000-7fa5c1000000 rw-p 00000000 00:00 0                          [stack:17164]
7fa5c1000000-7fa5c1270000 rwxp 00000000 00:00 0 
7fa5c1270000-7fa5d0000000 ---p 00000000 00:00 0 
7fa5d0000000-7fa5d0461000 rw-p 00000000 00:00 0 
7fa5d0461000-7fa5d4000000 ---p 00000000 00:00 0 
7fa5d4000000-7fa5d4076000 rw-p 00000000 00:00 0 
7fa5d4076000-7fa5d4077000 ---p 00000000 00:00 0 
7fa5d4077000-7fa5d4177000 rw-p 00000000 00:00 0                          [stack:17163]
7fa5d4177000-7fa5d4178000 ---p 00000000 00:00 0 
7fa5d4178000-7fa5d42a2000 rw-p 00000000 00:00 0                          [stack:17161]
7fa5d42a2000-7fa5d43ce000 ---p 00000000 00:00 0 
7fa5d43ce000-7fa5d43f8000 rw-p 00000000 00:00 0 
7fa5d43f8000-7fa5d4523000 ---p 00000000 00:00 0 
7fa5d4523000-7fa5d4539000 rw-p 00000000 00:00 0 
7fa5d4539000-7fa5d45ce000 ---p 00000000 00:00 0 
7fa5d45ce000-7fa5d45d9000 rw-p 00000000 00:00 0 
7fa5d45d9000-7fa5d498f000 ---p 00000000 00:00 0 
7fa5d498f000-7fa5d49a9000 r-xp 00000000 08:12 4203595                    /usr/lib/jvm/java-8-oracle/jre/lib/amd64/libzip.so
7fa5d49a9000-7fa5d4ba9000 ---p 0001a000 08:12 4203595                    /usr/lib/jvm/java-8-oracle/jre/lib/amd64/libzip.so
7fa5d4ba9000-7fa5d4baa000 rw-p 0001a000 08:12 4203595                    /usr/lib/jvm/java-8-oracle/jre/lib/amd64/libzip.so
7fa5d4baa000-7fa5d4bb6000 r-xp 00000000 08:12 265436                     /lib/x86_64-linux-gnu/libnss_files-2.21.so
7fa5d4bb6000-7fa5d4db5000 ---p 0000c000 08:12 265436                     /lib/x86_64-linux-gnu/libnss_files-2.21.so
7fa5d4db5000-7fa5d4db6000 r--p 0000b000 08:12 265436                     /lib/x86_64-linux-gnu/libnss_files-2.21.so
7fa5d4db6000-7fa5d4db7000 rw-p 0000c000 08:12 265436                     /lib/x86_64-linux-gnu/libnss_files-2.21.so
7fa5d4db7000-7fa5d4dc2000 r-xp 00000000 08:12 265447                     /lib/x86_64-linux-gnu/libnss_nis-2.21.so
7fa5d4dc2000-7fa5d4fc1000 ---p 0000b000 08:12 265447                     /lib/x86_64-linux-gnu/libnss_nis-2.21.so
7fa5d4fc1000-7fa5d4fc2000 r--p 0000a000 08:12 265447                     /lib/x86_64-linux-gnu/libnss_nis-2.21.so
7fa5d4fc2000-7fa5d4fc3000 rw-p 0000b000 08:12 265447                     /lib/x86_64-linux-gnu/libnss_nis-2.21.so
7fa5d4fc3000-7fa5d4fda000 r-xp 00000000 08:12 265441                     /lib/x86_64-linux-gnu/libnsl-2.21.so
7fa5d4fda000-7fa5d51d9000 ---p 00017000 08:12 265441                     /lib/x86_64-linux-gnu/libnsl-2.21.so
7fa5d51d9000-7fa5d51da000 r--p 00016000 08:12 265441                     /lib/x86_64-linux-gnu/libnsl-2.21.so
7fa5d51da000-7fa5d51db000 rw-p 00017000 08:12 265441                     /lib/x86_64-linux-gnu/libnsl-2.21.so
7fa5d51db000-7fa5d51dd000 rw-p 00000000 00:00 0 
7fa5d51dd000-7fa5d51e5000 r-xp 00000000 08:12 265437                     /lib/x86_64-linux-gnu/libnss_compat-2.21.so
7fa5d51e5000-7fa5d53e4000 ---p 00008000 08:12 265437                     /lib/x86_64-linux-gnu/libnss_compat-2.21.so
7fa5d53e4000-7fa5d53e5000 r--p 00007000 08:12 265437                     /lib/x86_64-linux-gnu/libnss_compat-2.21.so
7fa5d53e5000-7fa5d53e6000 rw-p 00008000 08:12 265437                     /lib/x86_64-linux-gnu/libnss_compat-2.21.so
7fa5d53e6000-7fa5d5410000 r-xp 00000000 08:12 4203590                    /usr/lib/jvm/java-8-oracle/jre/lib/amd64/libjava.so
7fa5d5410000-7fa5d5610000 ---p 0002a000 08:12 4203590                    /usr/lib/jvm/java-8-oracle/jre/lib/amd64/libjava.so
7fa5d5610000-7fa5d5612000 rw-p 0002a000 08:12 4203590                    /usr/lib/jvm/java-8-oracle/jre/lib/amd64/libjava.so
7fa5d5612000-7fa5d561f000 r-xp 00000000 08:12 4203594                    /usr/lib/jvm/java-8-oracle/jre/lib/amd64/libverify.so
7fa5d561f000-7fa5d581f000 ---p 0000d000 08:12 4203594                    /usr/lib/jvm/java-8-oracle/jre/lib/amd64/libverify.so
7fa5d581f000-7fa5d5821000 rw-p 0000d000 08:12 4203594                    /usr/lib/jvm/java-8-oracle/jre/lib/amd64/libverify.so
7fa5d5821000-7fa5d5828000 r-xp 00000000 08:12 265431                     /lib/x86_64-linux-gnu/librt-2.21.so
7fa5d5828000-7fa5d5a27000 ---p 00007000 08:12 265431                     /lib/x86_64-linux-gnu/librt-2.21.so
7fa5d5a27000-7fa5d5a28000 r--p 00006000 08:12 265431                     /lib/x86_64-linux-gnu/librt-2.21.so
7fa5d5a28000-7fa5d5a29000 rw-p 00007000 08:12 265431                     /lib/x86_64-linux-gnu/librt-2.21.so
7fa5d5a29000-7fa5d5b30000 r-xp 00000000 08:12 265449                     /lib/x86_64-linux-gnu/libm-2.21.so
7fa5d5b30000-7fa5d5d2f000 ---p 00107000 08:12 265449                     /lib/x86_64-linux-gnu/libm-2.21.so
7fa5d5d2f000-7fa5d5d30000 r--p 00106000 08:12 265449                     /lib/x86_64-linux-gnu/libm-2.21.so
7fa5d5d30000-7fa5d5d31000 rw-p 00107000 08:12 265449                     /lib/x86_64-linux-gnu/libm-2.21.so
7fa5d5d31000-7fa5d69ef000 r-xp 00000000 08:12 4201549                    /usr/lib/jvm/java-8-oracle/jre/lib/amd64/server/libjvm.so
7fa5d69ef000-7fa5d6bee000 ---p 00cbe000 08:12 4201549                    /usr/lib/jvm/java-8-oracle/jre/lib/amd64/server/libjvm.so
7fa5d6bee000-7fa5d6cc7000 rw-p 00cbd000 08:12 4201549                    /usr/lib/jvm/java-8-oracle/jre/lib/amd64/server/libjvm.so
7fa5d6cc7000-7fa5d6d0b000 rw-p 00000000 00:00 0 
7fa5d6d0b000-7fa5d6ecb000 r-xp 00000000 08:12 265450                     /lib/x86_64-linux-gnu/libc-2.21.so
7fa5d6ecb000-7fa5d70cb000 ---p 001c0000 08:12 265450                     /lib/x86_64-linux-gnu/libc-2.21.so
7fa5d70cb000-7fa5d70cf000 r--p 001c0000 08:12 265450                     /lib/x86_64-linux-gnu/libc-2.21.so
7fa5d70cf000-7fa5d70d1000 rw-p 001c4000 08:12 265450                     /lib/x86_64-linux-gnu/libc-2.21.so
7fa5d70d1000-7fa5d70d5000 rw-p 00000000 00:00 0 
7fa5d70d5000-7fa5d70d8000 r-xp 00000000 08:12 265446                     /lib/x86_64-linux-gnu/libdl-2.21.so
7fa5d70d8000-7fa5d72d7000 ---p 00003000 08:12 265446                     /lib/x86_64-linux-gnu/libdl-2.21.so
7fa5d72d7000-7fa5d72d8000 r--p 00002000 08:12 265446                     /lib/x86_64-linux-gnu/libdl-2.21.so
7fa5d72d8000-7fa5d72d9000 rw-p 00003000 08:12 265446                     /lib/x86_64-linux-gnu/libdl-2.21.so
7fa5d72d9000-7fa5d72ee000 r-xp 00000000 08:12 4198721                    /usr/lib/jvm/java-8-oracle/lib/amd64/jli/libjli.so
7fa5d72ee000-7fa5d74ee000 ---p 00015000 08:12 4198721                    /usr/lib/jvm/java-8-oracle/lib/amd64/jli/libjli.so
7fa5d74ee000-7fa5d74ef000 rw-p 00015000 08:12 4198721                    /usr/lib/jvm/java-8-oracle/lib/amd64/jli/libjli.so
7fa5d74ef000-7fa5d7507000 r-xp 00000000 08:12 265432                     /lib/x86_64-linux-gnu/libpthread-2.21.so
7fa5d7507000-7fa5d7707000 ---p 00018000 08:12 265432                     /lib/x86_64-linux-gnu/libpthread-2.21.so
7fa5d7707000-7fa5d7708000 r--p 00018000 08:12 265432                     /lib/x86_64-linux-gnu/libpthread-2.21.so
7fa5d7708000-7fa5d7709000 rw-p 00019000 08:12 265432                     /lib/x86_64-linux-gnu/libpthread-2.21.so
7fa5d7709000-7fa5d770d000 rw-p 00000000 00:00 0 
7fa5d770d000-7fa5d7731000 r-xp 00000000 08:12 265444                     /lib/x86_64-linux-gnu/ld-2.21.so
7fa5d7735000-7fa5d7807000 rw-p 00000000 00:00 0 
7fa5d7807000-7fa5d780a000 ---p 00000000 00:00 0 
7fa5d780a000-7fa5d790c000 rw-p 00000000 00:00 0                          [stack:17160]
7fa5d790d000-7fa5d7924000 rw-p 00000000 00:00 0 
7fa5d7924000-7fa5d792c000 rw-s 00000000 08:12 4326301                    /tmp/hsperfdata_duke/17157
7fa5d792c000-7fa5d792d000 rw-p 00000000 00:00 0 
7fa5d792d000-7fa5d792e000 r--p 00000000 00:00 0 
7fa5d792e000-7fa5d7930000 rw-p 00000000 00:00 0 
7fa5d7930000-7fa5d7931000 r--p 00023000 08:12 265444                     /lib/x86_64-linux-gnu/ld-2.21.so
7fa5d7931000-7fa5d7932000 rw-p 00024000 08:12 265444                     /lib/x86_64-linux-gnu/ld-2.21.so
7fa5d7932000-7fa5d7933000 rw-p 00000000 00:00 0 
7ffee852b000-7ffee854c000 rw-p 00000000 00:00 0                          [stack]
7ffee8567000-7ffee8569000 r--p 00000000 00:00 0                          [vvar]
7ffee8569000-7ffee856b000 r-xp 00000000 00:00 0                          [vdso]
ffffffffff600000-ffffffffff601000 r-xp 00000000 00:00 0                  [vsyscall]

VM Arguments:
jvm_args: -Xmx1024M -Dfile.encoding=UTF-8 -Duser.country=US -Duser.language=en -Duser.variant 
java_command: com.android.dx.command.Main --dex --output /home/duke/AndroidStudioProjects/MasterSahab/app/build/intermediates/dex/debug /home/duke/AndroidStudioProjects/MasterSahab/app/build/intermediates/classes/debug /home/duke/AndroidStudioProjects/MasterSahab/app/build/intermediates/pre-dexed/debug/support-annotations-23.1.0-149131c491be35e3d124446278d503abb54ec58a.jar /home/duke/AndroidStudioProjects/MasterSahab/app/build/intermediates/pre-dexed/debug/internal_impl-23.1.0-68dd1a7f8574ec1010780d01224e7f7f961b609d.jar /home/duke/AndroidStudioProjects/MasterSahab/app/build/intermediates/pre-dexed/debug/classes-a7978fbca45cb556bc78ba92279a75d463b5966e.jar /home/duke/AndroidStudioProjects/MasterSahab/app/build/intermediates/pre-dexed/debug/classes-15119f3aee5b6d8304b65a7150ff66c3b1b298bc.jar
java_class_path (initial): /opt/android-sdk-linux/build-tools/22.0.1/lib/dx.jar
Launcher Type: SUN_STANDARD

Environment Variables:
JAVA_HOME=/usr/lib/jvm/java-8-oracle
PATH=/usr/local/sbin:/usr/local/bin:/usr/sbin:/usr/bin:/sbin:/bin:/usr/games:/usr/local/games:/usr/lib/jvm/java-8-oracle/bin:/usr/lib/jvm/java-8-oracle/db/bin:/usr/lib/jvm/java-8-oracle/jre/bin
LD_LIBRARY_PATH=/home/duke/Apps/android-studio/bin:
SHELL=/bin/bash
DISPLAY=:0

Signal Handlers:
SIGSEGV: [libjvm.so+0xaba2a0], sa_mask[0]=11111111011111111101111111111110, sa_flags=SA_RESTART|SA_SIGINFO
SIGBUS: [libjvm.so+0xaba2a0], sa_mask[0]=11111111011111111101111111111110, sa_flags=SA_RESTART|SA_SIGINFO
SIGFPE: [libjvm.so+0x917710], sa_mask[0]=11111111011111111101111111111110, sa_flags=SA_RESTART|SA_SIGINFO
SIGPIPE: [libjvm.so+0x917710], sa_mask[0]=11111111011111111101111111111110, sa_flags=SA_RESTART|SA_SIGINFO
SIGXFSZ: [libjvm.so+0x917710], sa_mask[0]=11111111011111111101111111111110, sa_flags=SA_RESTART|SA_SIGINFO
SIGILL: [libjvm.so+0x917710], sa_mask[0]=11111111011111111101111111111110, sa_flags=SA_RESTART|SA_SIGINFO
SIGUSR1: SIG_DFL, sa_mask[0]=00000000000000000000000000000000, sa_flags=none
SIGUSR2: [libjvm.so+0x918d40], sa_mask[0]=00100000000000000000000000000000, sa_flags=SA_RESTART|SA_SIGINFO
SIGHUP: [libjvm.so+0x91a140], sa_mask[0]=11111111011111111101111111111110, sa_flags=SA_RESTART|SA_SIGINFO
SIGINT: [libjvm.so+0x91a140], sa_mask[0]=11111111011111111101111111111110, sa_flags=SA_RESTART|SA_SIGINFO
SIGTERM: [libjvm.so+0x91a140], sa_mask[0]=11111111011111111101111111111110, sa_flags=SA_RESTART|SA_SIGINFO
SIGQUIT: [libjvm.so+0x91a140], sa_mask[0]=11111111011111111101111111111110, sa_flags=SA_RESTART|SA_SIGINFO


---------------  S Y S T E M  ---------------

OS:DISTRIB_ID=Ubuntu
DISTRIB_RELEASE=15.10
DISTRIB_CODENAME=wily
DISTRIB_DESCRIPTION="Ubuntu 15.10"

uname:Linux 4.2.0-30-generic #36-Ubuntu SMP Fri Feb 26 00:58:07 UTC 2016 x86_64
libc:glibc 2.21 NPTL 2.21 
rlimit: STACK 8192k, CORE 0k, NPROC 31796, NOFILE 65536, AS infinity
load average:2.80 2.40 2.19

/proc/meminfo:
MemTotal:        8174560 kB
MemFree:          235352 kB
MemAvailable:    3667956 kB
Buffers:          357760 kB
Cached:          2913204 kB
SwapCached:           20 kB
Active:          5546652 kB
Inactive:        1799304 kB
Active(anon):    3696452 kB
Inactive(anon):   423120 kB
Active(file):    1850200 kB
Inactive(file):  1376184 kB
Unevictable:          32 kB
Mlocked:              32 kB
SwapTotal:       1998844 kB
SwapFree:        1998736 kB
Dirty:              2748 kB
Writeback:             0 kB
AnonPages:       4075100 kB
Mapped:           561252 kB
Shmem:             44592 kB
Slab:             301468 kB
SReclaimable:     248796 kB
SUnreclaim:        52672 kB
KernelStack:        9264 kB
PageTables:        33800 kB
NFS_Unstable:          0 kB
Bounce:                0 kB
WritebackTmp:          0 kB
CommitLimit:     6086124 kB
Committed_AS:    7372752 kB
VmallocTotal:   34359738367 kB
VmallocUsed:       91020 kB
VmallocChunk:   34359586812 kB
HardwareCorrupted:     0 kB
AnonHugePages:   2519040 kB
CmaTotal:              0 kB
CmaFree:               0 kB
HugePages_Total:       0
HugePages_Free:        0
HugePages_Rsvd:        0
HugePages_Surp:        0
Hugepagesize:       2048 kB
DirectMap4k:      426944 kB
DirectMap2M:     7960576 kB


CPU:total 4 (4 cores per cpu, 1 threads per core) family 6 model 15 stepping 11, cmov, cx8, fxsr, mmx, sse, sse2, sse3, ssse3, tsc

/proc/cpuinfo:
processor	: 0
vendor_id	: GenuineIntel
cpu family	: 6
model		: 15
model name	: Intel(R) Core(TM)2 Quad CPU    Q6600  @ 2.40GHz
stepping	: 11
microcode	: 0xba
cpu MHz		: 2400.000
cache size	: 4096 KB
physical id	: 0
siblings	: 4
core id		: 0
cpu cores	: 4
apicid		: 0
initial apicid	: 0
fpu		: yes
fpu_exception	: yes
cpuid level	: 10
wp		: yes
flags		: fpu vme de pse tsc msr pae mce cx8 apic sep mtrr pge mca cmov pat pse36 clflush dts acpi mmx fxsr sse sse2 ss ht tm pbe syscall nx lm constant_tsc arch_perfmon pebs bts rep_good nopl aperfmperf pni dtes64 monitor ds_cpl vmx est tm2 ssse3 cx16 xtpr pdcm lahf_lm dtherm tpr_shadow vnmi flexpriority
bugs		:
bogomips	: 4799.99
clflush size	: 64
cache_alignment	: 64
address sizes	: 36 bits physical, 48 bits virtual
power management:

processor	: 1
vendor_id	: GenuineIntel
cpu family	: 6
model		: 15
model name	: Intel(R) Core(TM)2 Quad CPU    Q6600  @ 2.40GHz
stepping	: 11
microcode	: 0xba
cpu MHz		: 2400.000
cache size	: 4096 KB
physical id	: 0
siblings	: 4
core id		: 3
cpu cores	: 4
apicid		: 3
initial apicid	: 3
fpu		: yes
fpu_exception	: yes
cpuid level	: 10
wp		: yes
flags		: fpu vme de pse tsc msr pae mce cx8 apic sep mtrr pge mca cmov pat pse36 clflush dts acpi mmx fxsr sse sse2 ss ht tm pbe syscall nx lm constant_tsc arch_perfmon pebs bts rep_good nopl aperfmperf pni dtes64 monitor ds_cpl vmx est tm2 ssse3 cx16 xtpr pdcm lahf_lm dtherm tpr_shadow vnmi flexpriority
bugs		:
bogomips	: 4799.99
clflush size	: 64
cache_alignment	: 64
address sizes	: 36 bits physical, 48 bits virtual
power management:

processor	: 2
vendor_id	: GenuineIntel
cpu family	: 6
model		: 15
model name	: Intel(R) Core(TM)2 Quad CPU    Q6600  @ 2.40GHz
stepping	: 11
microcode	: 0xba
cpu MHz		: 2400.000
cache size	: 4096 KB
physical id	: 0
siblings	: 4
core id		: 1
cpu cores	: 4
apicid		: 1
initial apicid	: 1
fpu		: yes
fpu_exception	: yes
cpuid level	: 10
wp		: yes
flags		: fpu vme de pse tsc msr pae mce cx8 apic sep mtrr pge mca cmov pat pse36 clflush dts acpi mmx fxsr sse sse2 ss ht tm pbe syscall nx lm constant_tsc arch_perfmon pebs bts rep_good nopl aperfmperf pni dtes64 monitor ds_cpl vmx est tm2 ssse3 cx16 xtpr pdcm lahf_lm dtherm tpr_shadow vnmi flexpriority
bugs		:
bogomips	: 4799.99
clflush size	: 64
cache_alignment	: 64
address sizes	: 36 bits physical, 48 bits virtual
power management:

processor	: 3
vendor_id	: GenuineIntel
cpu family	: 6
model		: 15
model name	: Intel(R) Core(TM)2 Quad CPU    Q6600  @ 2.40GHz
stepping	: 11
microcode	: 0xba
cpu MHz		: 2400.000
cache size	: 4096 KB
physical id	: 0
siblings	: 4
core id		: 2
cpu cores	: 4
apicid		: 2
initial apicid	: 2
fpu		: yes
fpu_exception	: yes
cpuid level	: 10
wp		: yes
flags		: fpu vme de pse tsc msr pae mce cx8 apic sep mtrr pge mca cmov pat pse36 clflush dts acpi mmx fxsr sse sse2 ss ht tm pbe syscall nx lm constant_tsc arch_perfmon pebs bts rep_good nopl aperfmperf pni dtes64 monitor ds_cpl vmx est tm2 ssse3 cx16 xtpr pdcm lahf_lm dtherm tpr_shadow vnmi flexpriority
bugs		:
bogomips	: 4799.99
clflush size	: 64
cache_alignment	: 64
address sizes	: 36 bits physical, 48 bits virtual
power management:



Memory: 4k page, physical 8174560k(235352k free), swap 1998844k(1998736k free)

vm_info: Java HotSpot(TM) 64-Bit Server VM (25.66-b17) for linux-amd64 JRE (1.8.0_66-b17), built on Oct  6 2015 17:28:34 by "java_re" with gcc 4.3.0 20080428 (Red Hat 4.3.0-8)

time: Wed Mar  9 08:44:24 2016
elapsed time: 0 seconds (0d 0h 0m 0s)

