#
# A fatal error has been detected by the Java Runtime Environment:
#
#  SIGSEGV (0xb) at pc=0x00007f9d56005060, pid=3138, tid=140315180623616
#
# JRE version: Java(TM) SE Runtime Environment (8.0_66-b17) (build 1.8.0_66-b17)
# Java VM: Java HotSpot(TM) 64-Bit Server VM (25.66-b17 mixed mode linux-amd64 compressed oops)
# Problematic frame:
# C  0x00007f9d56005060
#
# Failed to write core dump. Core dumps have been disabled. To enable core dumping, try "ulimit -c unlimited" before starting Java again
#
# If you would like to submit a bug report, please visit:
#   http://bugreport.java.com/bugreport/crash.jsp
#

---------------  T H R E A D  ---------------

Current thread (0x00007f9da400a000):  JavaThread "main" [_thread_in_Java, id=3143, stack(0x00007f9dac6f6000,0x00007f9dac7f7000)]

siginfo: si_signo: 11 (SIGSEGV), si_code: 1 (SEGV_MAPERR), si_addr: 0x00007f9d56005060

Registers:
RAX=0x00007f9da89f1068, RBX=0x00007f9da89f1068, RCX=0x00000000eb361a98, RDX=0x00000000000001dd
RSP=0x00007f9dac7f53f8, RBP=0x00007f9dac7f5460, RSI=0x00000000eb361a98, RDI=0x00007f9da8a2d058
R8 =0x00000000000158ce, R9 =0x00000000eb361ae8, R10=0x00007f9dabbd1260, R11=0x00007f9d956e53a0
R12=0x0000000000000000, R13=0x00007f9dac7f5410, R14=0x00007f9dac7f54b8, R15=0x00007f9da400a000
RIP=0x00007f9d56005060, EFLAGS=0x0000000000010206, CSGSFS=0x0000000000000033, ERR=0x0000000000000014
  TRAPNO=0x000000000000000e

Top of Stack: (sp=0x00007f9dac7f53f8)
0x00007f9dac7f53f8:   00007f9d9500798d 00000000eb33f588
0x00007f9dac7f5408:   00007f9d9500798d 00000000000001dd
0x00007f9dac7f5418:   00000000eb361a98 00007f9dac7f5420
0x00007f9dac7f5428:   00007f9da89f6dd0 00007f9dac7f54b8
0x00007f9dac7f5438:   00007f9da89f87e0 0000000000000000
0x00007f9dac7f5448:   00007f9da89f6eb0 00007f9dac7f5410
0x00007f9dac7f5458:   00007f9dac7f54a0 00007f9dac7f5500
0x00007f9dac7f5468:   00007f9d9500798d 00000000000001dd
0x00007f9dac7f5478:   00000000eb6651d8 0000000000000000
0x00007f9dac7f5488:   0000000000000002 00000000eb6651c0
0x00007f9dac7f5498:   0000000000000000 00000000eb6651c0
0x00007f9dac7f54a8:   00000000eb33f588 00000000eb2c2d80
0x00007f9dac7f54b8:   00000000eb2fcaa8 00007f9dac7f54c0
0x00007f9dac7f54c8:   00007f9da89f6b23 00007f9dac7f5548
0x00007f9dac7f54d8:   00007f9da89f87e0 0000000000000000
0x00007f9dac7f54e8:   00007f9da89f6ba0 00007f9dac7f54a0
0x00007f9dac7f54f8:   00007f9dac7f5530 00007f9dac7f5590
0x00007f9dac7f5508:   00007f9d9500798d 00000000eb6651c0
0x00007f9dac7f5518:   00000000eb665178 00000000eb665168
0x00007f9dac7f5528:   00000000eb665120 00000000eb33f588
0x00007f9dac7f5538:   00000000eb665208 00000000eb2c2d80
0x00007f9dac7f5548:   00000000eb2fcaa8 00007f9dac7f5550
0x00007f9dac7f5558:   00007f9da89f64a9 00007f9dac7f55d8
0x00007f9dac7f5568:   00007f9da89f87e0 0000000000000000
0x00007f9dac7f5578:   00007f9da89f6548 00007f9dac7f5530
0x00007f9dac7f5588:   00007f9dac7f55c0 00007f9dac7f5620
0x00007f9dac7f5598:   00007f9d9500798d 00000000eb665208
0x00007f9dac7f55a8:   0000000000029d98 0000000000000000
0x00007f9dac7f55b8:   00000000000003e0 00000000eb33f588
0x00007f9dac7f55c8:   00000000eb498f90 00000000eb2c2d80
0x00007f9dac7f55d8:   00000000eb2fcaa8 00007f9dac7f55e0
0x00007f9dac7f55e8:   00007f9da89f59b5 00007f9dac7f5668 

Instructions: (pc=0x00007f9d56005060)
0x00007f9d56005040:   
[error occurred during error reporting (printing registers, top of stack, instructions near pc), id 0xb]

Register to memory mapping:

RAX={method} {0x00007f9da89f1068} 'writeUleb128' '(I)V' in 'com/android/dex/Dex$Section'
RBX={method} {0x00007f9da89f1068} 'writeUleb128' '(I)V' in 'com/android/dex/Dex$Section'
RCX=0x00000000eb361a98 is an oop
com.android.dex.Dex$Section 
 - klass: 'com/android/dex/Dex$Section'
RDX=0x00000000000001dd is an unknown value
RSP=0x00007f9dac7f53f8 is pointing into the stack for thread: 0x00007f9da400a000
RBP=0x00007f9dac7f5460 is pointing into the stack for thread: 0x00007f9da400a000
RSI=0x00000000eb361a98 is an oop
com.android.dex.Dex$Section 
 - klass: 'com/android/dex/Dex$Section'
RDI={method} {0x00007f9da8a2d058} 'advance' '(I)V' in 'com/android/dx/io/instructions/BaseCodeCursor'
R8 =0x00000000000158ce is an unknown value
R9 =0x00000000eb361ae8 is an oop
java.nio.HeapByteBuffer 
 - klass: 'java/nio/HeapByteBuffer'
R10=0x00007f9dabbd1260: <offset 0xfb1260> in /usr/lib/jvm/java-8-oracle/jre/lib/amd64/server/libjvm.so at 0x00007f9daac20000
R11=0x00007f9d956e53a0 is at entry_point+32 in (nmethod*)0x00007f9d956e5150
R12=0x0000000000000000 is an unknown value
R13=0x00007f9dac7f5410 is pointing into the stack for thread: 0x00007f9da400a000
R14=0x00007f9dac7f54b8 is pointing into the stack for thread: 0x00007f9da400a000
R15=0x00007f9da400a000 is a thread


Stack: [0x00007f9dac6f6000,0x00007f9dac7f7000],  sp=0x00007f9dac7f53f8,  free space=1020k
Native frames: (J=compiled Java code, j=interpreted, Vv=VM code, C=native code)
C  0x00007f9d56005060
j  com.android.dx.merge.DexMerger.transformClassData(Lcom/android/dex/Dex;Lcom/android/dex/ClassData;Lcom/android/dx/merge/IndexMap;)V+107
j  com.android.dx.merge.DexMerger.transformClassDef(Lcom/android/dex/Dex;Lcom/android/dex/ClassDef;Lcom/android/dx/merge/IndexMap;)V+137
j  com.android.dx.merge.DexMerger.mergeClassDefs()V+93
j  com.android.dx.merge.DexMerger.mergeDexes()Lcom/android/dex/Dex;+33
j  com.android.dx.merge.DexMerger.merge()Lcom/android/dex/Dex;+5
j  com.android.dx.command.dexer.Main.mergeLibraryDexBuffers([B)[B+69
j  com.android.dx.command.dexer.Main.runMonoDex()I+129
j  com.android.dx.command.dexer.Main.run(Lcom/android/dx/command/dexer/Main$Arguments;)I+76
j  com.android.dx.command.dexer.Main.main([Ljava/lang/String;)V+14
j  com.android.dx.command.Main.main([Ljava/lang/String;)V+61
v  ~StubRoutines::call_stub
V  [libjvm.so+0x68bc46]  JavaCalls::call_helper(JavaValue*, methodHandle*, JavaCallArguments*, Thread*)+0x1056
V  [libjvm.so+0x6cd262]  jni_invoke_static(JNIEnv_*, JavaValue*, _jobject*, JNICallType, _jmethodID*, JNI_ArgumentPusher*, Thread*)+0x362
V  [libjvm.so+0x6e9c6a]  jni_CallStaticVoidMethod+0x17a
C  [libjli.so+0x7bcc]  JavaMain+0x80c
C  [libpthread.so.0+0x76aa]  start_thread+0xca


---------------  P R O C E S S  ---------------

Java Threads: ( => current thread )
  0x00007f9da40ca800 JavaThread "Service Thread" daemon [_thread_blocked, id=3158, stack(0x00007f9d8d1d7000,0x00007f9d8d2d8000)]
  0x00007f9da40bd800 JavaThread "C1 CompilerThread2" daemon [_thread_blocked, id=3157, stack(0x00007f9d8d2d8000,0x00007f9d8d3d9000)]
  0x00007f9da40bb800 JavaThread "C2 CompilerThread1" daemon [_thread_blocked, id=3156, stack(0x00007f9d8d3d9000,0x00007f9d8d4da000)]
  0x00007f9da40b8800 JavaThread "C2 CompilerThread0" daemon [_thread_blocked, id=3155, stack(0x00007f9d8d4da000,0x00007f9d8d5db000)]
  0x00007f9da40b7000 JavaThread "Signal Dispatcher" daemon [_thread_blocked, id=3154, stack(0x00007f9d8d5db000,0x00007f9d8d6dc000)]
  0x00007f9da407f800 JavaThread "Finalizer" daemon [_thread_blocked, id=3153, stack(0x00007f9d8ddfe000,0x00007f9d8deff000)]
  0x00007f9da407d000 JavaThread "Reference Handler" daemon [_thread_blocked, id=3152, stack(0x00007f9d8deff000,0x00007f9d8e000000)]
=>0x00007f9da400a000 JavaThread "main" [_thread_in_Java, id=3143, stack(0x00007f9dac6f6000,0x00007f9dac7f7000)]

Other Threads:
  0x00007f9da4078000 VMThread [stack: 0x00007f9d9404c000,0x00007f9d9414d000] [id=3151]
  0x00007f9da40cd800 WatcherThread [stack: 0x00007f9d8d0d6000,0x00007f9d8d1d7000] [id=3159]

VM state:not at safepoint (normal execution)

VM Mutex/Monitor currently owned by a thread: None

Heap:
 PSYoungGen      total 70656K, used 16929K [0x00000000eab00000, 0x00000000f3500000, 0x0000000100000000)
  eden space 65536K, 18% used [0x00000000eab00000,0x00000000eb68edd0,0x00000000eeb00000)
  from space 5120K, 99% used [0x00000000eeb00000,0x00000000eeff97b8,0x00000000ef000000)
  to   space 5120K, 0% used [0x00000000f3000000,0x00000000f3000000,0x00000000f3500000)
 ParOldGen       total 86016K, used 13990K [0x00000000c0000000, 0x00000000c5400000, 0x00000000eab00000)
  object space 86016K, 16% used [0x00000000c0000000,0x00000000c0da9910,0x00000000c5400000)
 Metaspace       used 7081K, capacity 7888K, committed 8192K, reserved 1056768K
  class space    used 681K, capacity 712K, committed 768K, reserved 1048576K

Card table byte_map: [0x00007f9da92bd000,0x00007f9da94be000] byte_map_base: 0x00007f9da8cbd000

Marking Bits: (ParMarkBitMap*) 0x00007f9dabbcf020
 Begin Bits: [0x00007f9d8e000000, 0x00007f9d8f000000)
 End Bits:   [0x00007f9d8f000000, 0x00007f9d90000000)

Polling page: 0x00007f9dac81c000

CodeCache: size=245760Kb used=7481Kb max_used=7493Kb free=238278Kb
 bounds [0x00007f9d95000000, 0x00007f9d95760000, 0x00007f9da4000000]
 total_blobs=2445 nmethods=2162 adapters=199
 compilation: enabled

Compilation events (10 events):
Event: 3.541 Thread 0x00007f9da40bd800 2169       3       com.android.dx.io.instructions.InstructionCodec::access$500 (6 bytes)
Event: 3.541 Thread 0x00007f9da40bd800 nmethod 2169 0x00007f9d9574ce90 code [0x00007f9d9574d000, 0x00007f9d9574d168]
Event: 3.541 Thread 0x00007f9da40bd800 2145       1       com.android.dx.io.instructions.ThreeRegisterDecodedInstruction::getA (5 bytes)
Event: 3.541 Thread 0x00007f9da40bd800 nmethod 2145 0x00007f9d9574d210 code [0x00007f9d9574d360, 0x00007f9d9574d470]
Event: 3.541 Thread 0x00007f9da40bd800 2146       1       com.android.dx.io.instructions.ThreeRegisterDecodedInstruction::getB (5 bytes)
Event: 3.541 Thread 0x00007f9da40bd800 nmethod 2146 0x00007f9d9574d4d0 code [0x00007f9d9574d620, 0x00007f9d9574d730]
Event: 3.541 Thread 0x00007f9da40bd800 2173       3       com.android.dx.io.instructions.InstructionCodec$5::encode (18 bytes)
Event: 3.541 Thread 0x00007f9da40bb800 nmethod 2103 0x00007f9d9574d790 code [0x00007f9d9574d940, 0x00007f9d9574e1f8]
Event: 3.541 Thread 0x00007f9da40bb800 2105       4       com.android.dex.Leb128::readUnsignedLeb128 (69 bytes)
Event: 3.542 Thread 0x00007f9da40b8800 nmethod 2090 0x00007f9d9574e810 code [0x00007f9d9574e980, 0x00007f9d9574ebf8]

GC Heap History (6 events):
Event: 1.456 GC heap before
{Heap before GC invocations=1 (full 0):
 PSYoungGen      total 37888K, used 32768K [0x00000000eab00000, 0x00000000ed500000, 0x0000000100000000)
  eden space 32768K, 100% used [0x00000000eab00000,0x00000000ecb00000,0x00000000ecb00000)
  from space 5120K, 0% used [0x00000000ed000000,0x00000000ed000000,0x00000000ed500000)
  to   space 5120K, 0% used [0x00000000ecb00000,0x00000000ecb00000,0x00000000ed000000)
 ParOldGen       total 86016K, used 0K [0x00000000c0000000, 0x00000000c5400000, 0x00000000eab00000)
  object space 86016K, 0% used [0x00000000c0000000,0x00000000c0000000,0x00000000c5400000)
 Metaspace       used 5261K, capacity 6768K, committed 7040K, reserved 1056768K
  class space    used 531K, capacity 616K, committed 640K, reserved 1048576K
Event: 1.504 GC heap after
Heap after GC invocations=1 (full 0):
 PSYoungGen      total 37888K, used 5104K [0x00000000eab00000, 0x00000000ef500000, 0x0000000100000000)
  eden space 32768K, 0% used [0x00000000eab00000,0x00000000eab00000,0x00000000ecb00000)
  from space 5120K, 99% used [0x00000000ecb00000,0x00000000ecffc038,0x00000000ed000000)
  to   space 5120K, 0% used [0x00000000ef000000,0x00000000ef000000,0x00000000ef500000)
 ParOldGen       total 86016K, used 2467K [0x00000000c0000000, 0x00000000c5400000, 0x00000000eab00000)
  object space 86016K, 2% used [0x00000000c0000000,0x00000000c0268ea0,0x00000000c5400000)
 Metaspace       used 5261K, capacity 6768K, committed 7040K, reserved 1056768K
  class space    used 531K, capacity 616K, committed 640K, reserved 1048576K
}
Event: 1.755 GC heap before
{Heap before GC invocations=2 (full 0):
 PSYoungGen      total 37888K, used 37872K [0x00000000eab00000, 0x00000000ef500000, 0x0000000100000000)
  eden space 32768K, 100% used [0x00000000eab00000,0x00000000ecb00000,0x00000000ecb00000)
  from space 5120K, 99% used [0x00000000ecb00000,0x00000000ecffc038,0x00000000ed000000)
  to   space 5120K, 0% used [0x00000000ef000000,0x00000000ef000000,0x00000000ef500000)
 ParOldGen       total 86016K, used 2467K [0x00000000c0000000, 0x00000000c5400000, 0x00000000eab00000)
  object space 86016K, 2% used [0x00000000c0000000,0x00000000c0268ea0,0x00000000c5400000)
 Metaspace       used 5292K, capacity 6768K, committed 7040K, reserved 1056768K
  class space    used 531K, capacity 616K, committed 640K, reserved 1048576K
Event: 1.809 GC heap after
Heap after GC invocations=2 (full 0):
 PSYoungGen      total 70656K, used 5088K [0x00000000eab00000, 0x00000000ef500000, 0x0000000100000000)
  eden space 65536K, 0% used [0x00000000eab00000,0x00000000eab00000,0x00000000eeb00000)
  from space 5120K, 99% used [0x00000000ef000000,0x00000000ef4f8028,0x00000000ef500000)
  to   space 5120K, 0% used [0x00000000eeb00000,0x00000000eeb00000,0x00000000ef000000)
 ParOldGen       total 86016K, used 6086K [0x00000000c0000000, 0x00000000c5400000, 0x00000000eab00000)
  object space 86016K, 7% used [0x00000000c0000000,0x00000000c05f1b98,0x00000000c5400000)
 Metaspace       used 5292K, capacity 6768K, committed 7040K, reserved 1056768K
  class space    used 531K, capacity 616K, committed 640K, reserved 1048576K
}
Event: 2.789 GC heap before
{Heap before GC invocations=3 (full 0):
 PSYoungGen      total 70656K, used 70331K [0x00000000eab00000, 0x00000000ef500000, 0x0000000100000000)
  eden space 65536K, 99% used [0x00000000eab00000,0x00000000eeab6e00,0x00000000eeb00000)
  from space 5120K, 99% used [0x00000000ef000000,0x00000000ef4f8028,0x00000000ef500000)
  to   space 5120K, 0% used [0x00000000eeb00000,0x00000000eeb00000,0x00000000ef000000)
 ParOldGen       total 86016K, used 6086K [0x00000000c0000000, 0x00000000c5400000, 0x00000000eab00000)
  object space 86016K, 7% used [0x00000000c0000000,0x00000000c05f1b98,0x00000000c5400000)
 Metaspace       used 5739K, capacity 7024K, committed 7296K, reserved 1056768K
  class space    used 553K, capacity 616K, committed 640K, reserved 1048576K
Event: 2.858 GC heap after
Heap after GC invocations=3 (full 0):
 PSYoungGen      total 70656K, used 5093K [0x00000000eab00000, 0x00000000f3500000, 0x0000000100000000)
  eden space 65536K, 0% used [0x00000000eab00000,0x00000000eab00000,0x00000000eeb00000)
  from space 5120K, 99% used [0x00000000eeb00000,0x00000000eeff97b8,0x00000000ef000000)
  to   space 5120K, 0% used [0x00000000f3000000,0x00000000f3000000,0x00000000f3500000)
 ParOldGen       total 86016K, used 13990K [0x00000000c0000000, 0x00000000c5400000, 0x00000000eab00000)
  object space 86016K, 16% used [0x00000000c0000000,0x00000000c0da9910,0x00000000c5400000)
 Metaspace       used 5739K, capacity 7024K, committed 7296K, reserved 1056768K
  class space    used 553K, capacity 616K, committed 640K, reserved 1048576K
}

Deoptimization events (10 events):
Event: 3.006 Thread 0x00007f9da400a000 Uncommon trap: reason=speculate_class_check action=maybe_recompile pc=0x00007f9d952eae2c method=com.android.dx.util.FixedSizeList.equals(Ljava/lang/Object;)Z @ 25
Event: 3.022 Thread 0x00007f9da400a000 Uncommon trap: reason=unstable_if action=reinterpret pc=0x00007f9d956085dc method=java.util.TreeMap.put(Ljava/lang/Object;Ljava/lang/Object;)Ljava/lang/Object; @ 163
Event: 3.058 Thread 0x00007f9da400a000 Uncommon trap: reason=unstable_if action=reinterpret pc=0x00007f9d953b8240 method=com.android.dx.rop.code.RegisterSpecSet.equals(Ljava/lang/Object;)Z @ 30
Event: 3.337 Thread 0x00007f9da400a000 Uncommon trap: reason=unstable_if action=reinterpret pc=0x00007f9d952a0b54 method=java.util.Arrays.copyOf([Ljava/lang/Object;ILjava/lang/Class;)[Ljava/lang/Object; @ 3
Event: 3.349 Thread 0x00007f9da400a000 Uncommon trap: reason=class_check action=maybe_recompile pc=0x00007f9d955e2c0c method=java.util.HashMap.putVal(ILjava/lang/Object;Ljava/lang/Object;ZZ)Ljava/lang/Object; @ 56
Event: 3.349 Thread 0x00007f9da400a000 Uncommon trap: reason=class_check action=maybe_recompile pc=0x00007f9d955e2c0c method=java.util.HashMap.putVal(ILjava/lang/Object;Ljava/lang/Object;ZZ)Ljava/lang/Object; @ 56
Event: 3.349 Thread 0x00007f9da400a000 Uncommon trap: reason=class_check action=maybe_recompile pc=0x00007f9d955e2c0c method=java.util.HashMap.putVal(ILjava/lang/Object;Ljava/lang/Object;ZZ)Ljava/lang/Object; @ 56
Event: 3.349 Thread 0x00007f9da400a000 Uncommon trap: reason=class_check action=maybe_recompile pc=0x00007f9d955e2ca8 method=java.util.HashMap.putVal(ILjava/lang/Object;Ljava/lang/Object;ZZ)Ljava/lang/Object; @ 152
Event: 3.349 Thread 0x00007f9da400a000 Uncommon trap: reason=class_check action=maybe_recompile pc=0x00007f9d955e2ca8 method=java.util.HashMap.putVal(ILjava/lang/Object;Ljava/lang/Object;ZZ)Ljava/lang/Object; @ 152
Event: 3.469 Thread 0x00007f9da400a000 Uncommon trap: reason=unstable_if action=reinterpret pc=0x00007f9d9568e91c method=java.util.HashMap.putVal(ILjava/lang/Object;Ljava/lang/Object;ZZ)Ljava/lang/Object; @ 162

Internal exceptions (3 events):
Event: 0.200 Thread 0x00007f9da400a000 Exception <a 'java/lang/NoSuchMethodError': Method sun.misc.Unsafe.defineClass(Ljava/lang/String;[BII)Ljava/lang/Class; name or signature does not match> (0x00000000eab12b20) thrown at [/HUDSON/workspace/8-2-build-linux-amd64/jdk8u66/4988/hotspot/src/shar
Event: 0.200 Thread 0x00007f9da400a000 Exception <a 'java/lang/NoSuchMethodError': Method sun.misc.Unsafe.prefetchRead(Ljava/lang/Object;J)V name or signature does not match> (0x00000000eab12e08) thrown at [/HUDSON/workspace/8-2-build-linux-amd64/jdk8u66/4988/hotspot/src/share/vm/prims/jni.cpp
Event: 1.311 Thread 0x00007f9da400a000 Implicit null exception at 0x00007f9d9537c5b3 to 0x00007f9d9537da09

Events (10 events):
Event: 3.503 loading class com/android/dx/io/instructions/SparseSwitchPayloadDecodedInstruction
Event: 3.503 loading class com/android/dx/io/instructions/SparseSwitchPayloadDecodedInstruction done
Event: 3.503 loading class com/android/dx/io/instructions/FillArrayDataPayloadDecodedInstruction
Event: 3.503 loading class com/android/dx/io/instructions/FillArrayDataPayloadDecodedInstruction done
Event: 3.504 loading class com/android/dx/io/IndexType
Event: 3.504 loading class com/android/dx/io/IndexType done
Event: 3.507 loading class com/android/dx/io/CodeReader$1
Event: 3.507 loading class com/android/dx/io/CodeReader$1 done
Event: 3.507 loading class com/android/dx/io/instructions/ShortArrayCodeOutput
Event: 3.507 loading class com/android/dx/io/instructions/ShortArrayCodeOutput done


Dynamic libraries:
00400000-00401000 r-xp 00000000 08:12 4072075                            /usr/lib/jvm/java-8-oracle/bin/java
00600000-00601000 rw-p 00000000 08:12 4072075                            /usr/lib/jvm/java-8-oracle/bin/java
01a00000-01a21000 rw-p 00000000 00:00 0                                  [heap]
c0000000-c5400000 rw-p 00000000 00:00 0 
c5400000-eab00000 ---p 00000000 00:00 0 
eab00000-f3500000 rw-p 00000000 00:00 0 
f3500000-100000000 ---p 00000000 00:00 0 
100000000-1000c0000 rw-p 00000000 00:00 0 
1000c0000-140000000 ---p 00000000 00:00 0 
7f9d58000000-7f9d58021000 rw-p 00000000 00:00 0 
7f9d58021000-7f9d5c000000 ---p 00000000 00:00 0 
7f9d60000000-7f9d60861000 rw-p 00000000 00:00 0 
7f9d60861000-7f9d64000000 ---p 00000000 00:00 0 
7f9d64000000-7f9d64021000 rw-p 00000000 00:00 0 
7f9d64021000-7f9d68000000 ---p 00000000 00:00 0 
7f9d68000000-7f9d68d6c000 rw-p 00000000 00:00 0 
7f9d68d6c000-7f9d6c000000 ---p 00000000 00:00 0 
7f9d6c000000-7f9d6cb81000 rw-p 00000000 00:00 0 
7f9d6cb81000-7f9d70000000 ---p 00000000 00:00 0 
7f9d70000000-7f9d70021000 rw-p 00000000 00:00 0 
7f9d70021000-7f9d74000000 ---p 00000000 00:00 0 
7f9d74000000-7f9d74021000 rw-p 00000000 00:00 0 
7f9d74021000-7f9d78000000 ---p 00000000 00:00 0 
7f9d78000000-7f9d78021000 rw-p 00000000 00:00 0 
7f9d78021000-7f9d7c000000 ---p 00000000 00:00 0 
7f9d7c000000-7f9d7c021000 rw-p 00000000 00:00 0 
7f9d7c021000-7f9d80000000 ---p 00000000 00:00 0 
7f9d80000000-7f9d80021000 rw-p 00000000 00:00 0 
7f9d80021000-7f9d84000000 ---p 00000000 00:00 0 
7f9d84000000-7f9d84021000 rw-p 00000000 00:00 0 
7f9d84021000-7f9d88000000 ---p 00000000 00:00 0 
7f9d88000000-7f9d88021000 rw-p 00000000 00:00 0 
7f9d88021000-7f9d8c000000 ---p 00000000 00:00 0 
7f9d8d0d6000-7f9d8d0d7000 ---p 00000000 00:00 0 
7f9d8d0d7000-7f9d8d1d7000 rw-p 00000000 00:00 0                          [stack:3159]
7f9d8d1d7000-7f9d8d1da000 ---p 00000000 00:00 0 
7f9d8d1da000-7f9d8d2d8000 rw-p 00000000 00:00 0                          [stack:3158]
7f9d8d2d8000-7f9d8d2db000 ---p 00000000 00:00 0 
7f9d8d2db000-7f9d8d3d9000 rw-p 00000000 00:00 0                          [stack:3157]
7f9d8d3d9000-7f9d8d3dc000 ---p 00000000 00:00 0 
7f9d8d3dc000-7f9d8d4da000 rw-p 00000000 00:00 0                          [stack:3156]
7f9d8d4da000-7f9d8d4dd000 ---p 00000000 00:00 0 
7f9d8d4dd000-7f9d8d5db000 rw-p 00000000 00:00 0                          [stack:3155]
7f9d8d5db000-7f9d8d5de000 ---p 00000000 00:00 0 
7f9d8d5de000-7f9d8d6dc000 rw-p 00000000 00:00 0                          [stack:3154]
7f9d8d6dc000-7f9d8ddfe000 r--p 00000000 08:12 3546878                    /usr/lib/locale/locale-archive
7f9d8ddfe000-7f9d8de01000 ---p 00000000 00:00 0 
7f9d8de01000-7f9d8deff000 rw-p 00000000 00:00 0                          [stack:3153]
7f9d8deff000-7f9d8df02000 ---p 00000000 00:00 0 
7f9d8df02000-7f9d90000000 rw-p 00000000 00:00 0                          [stack:3152]
7f9d90000000-7f9d90021000 rw-p 00000000 00:00 0 
7f9d90021000-7f9d94000000 ---p 00000000 00:00 0 
7f9d94038000-7f9d9403d000 r--s 00096000 08:12 4198968                    /usr/lib/jvm/java-8-oracle/jre/lib/jsse.jar
7f9d9403d000-7f9d9404c000 r--s 000dd000 08:12 1704044                    /opt/android-sdk-linux/build-tools/21.1.2/lib/dx.jar
7f9d9404c000-7f9d9404d000 ---p 00000000 00:00 0 
7f9d9404d000-7f9d95000000 rw-p 00000000 00:00 0                          [stack:3151]
7f9d95000000-7f9d95760000 rwxp 00000000 00:00 0 
7f9d95760000-7f9da4000000 ---p 00000000 00:00 0 
7f9da4000000-7f9da4528000 rw-p 00000000 00:00 0 
7f9da4528000-7f9da8000000 ---p 00000000 00:00 0 
7f9da8001000-7f9da8013000 r--s 001fc000 08:12 4196211                    /usr/lib/jvm/java-8-oracle/jre/lib/ext/ojdbc6.jar
7f9da8013000-7f9da8114000 rw-p 00000000 00:00 0 
7f9da8114000-7f9da82ed000 r--s 03d20000 08:12 4198918                    /usr/lib/jvm/java-8-oracle/jre/lib/rt.jar
7f9da82ed000-7f9da8aa3000 rw-p 00000000 00:00 0 
7f9da8aa3000-7f9da8b63000 ---p 00000000 00:00 0 
7f9da8b63000-7f9da8d63000 rw-p 00000000 00:00 0 
7f9da8d63000-7f9da8d64000 ---p 00000000 00:00 0 
7f9da8d64000-7f9da8e64000 rw-p 00000000 00:00 0                          [stack:3150]
7f9da8e64000-7f9da8e65000 ---p 00000000 00:00 0 
7f9da8e65000-7f9da8f65000 rw-p 00000000 00:00 0                          [stack:3149]
7f9da8f65000-7f9da8f66000 ---p 00000000 00:00 0 
7f9da8f66000-7f9da9066000 rw-p 00000000 00:00 0                          [stack:3148]
7f9da9066000-7f9da9067000 ---p 00000000 00:00 0 
7f9da9067000-7f9da9191000 rw-p 00000000 00:00 0                          [stack:3144]
7f9da9191000-7f9da92bd000 ---p 00000000 00:00 0 
7f9da92bd000-7f9da92e7000 rw-p 00000000 00:00 0 
7f9da92e7000-7f9da9412000 ---p 00000000 00:00 0 
7f9da9412000-7f9da9458000 rw-p 00000000 00:00 0 
7f9da9458000-7f9da94bd000 ---p 00000000 00:00 0 
7f9da94bd000-7f9da94dc000 rw-p 00000000 00:00 0 
7f9da94dc000-7f9da987e000 ---p 00000000 00:00 0 
7f9da987e000-7f9da9898000 r-xp 00000000 08:12 4203595                    /usr/lib/jvm/java-8-oracle/jre/lib/amd64/libzip.so
7f9da9898000-7f9da9a98000 ---p 0001a000 08:12 4203595                    /usr/lib/jvm/java-8-oracle/jre/lib/amd64/libzip.so
7f9da9a98000-7f9da9a99000 rw-p 0001a000 08:12 4203595                    /usr/lib/jvm/java-8-oracle/jre/lib/amd64/libzip.so
7f9da9a99000-7f9da9aa5000 r-xp 00000000 08:12 266670                     /lib/x86_64-linux-gnu/libnss_files-2.21.so
7f9da9aa5000-7f9da9ca4000 ---p 0000c000 08:12 266670                     /lib/x86_64-linux-gnu/libnss_files-2.21.so
7f9da9ca4000-7f9da9ca5000 r--p 0000b000 08:12 266670                     /lib/x86_64-linux-gnu/libnss_files-2.21.so
7f9da9ca5000-7f9da9ca6000 rw-p 0000c000 08:12 266670                     /lib/x86_64-linux-gnu/libnss_files-2.21.so
7f9da9ca6000-7f9da9cb1000 r-xp 00000000 08:12 266680                     /lib/x86_64-linux-gnu/libnss_nis-2.21.so
7f9da9cb1000-7f9da9eb0000 ---p 0000b000 08:12 266680                     /lib/x86_64-linux-gnu/libnss_nis-2.21.so
7f9da9eb0000-7f9da9eb1000 r--p 0000a000 08:12 266680                     /lib/x86_64-linux-gnu/libnss_nis-2.21.so
7f9da9eb1000-7f9da9eb2000 rw-p 0000b000 08:12 266680                     /lib/x86_64-linux-gnu/libnss_nis-2.21.so
7f9da9eb2000-7f9da9ec9000 r-xp 00000000 08:12 266664                     /lib/x86_64-linux-gnu/libnsl-2.21.so
7f9da9ec9000-7f9daa0c8000 ---p 00017000 08:12 266664                     /lib/x86_64-linux-gnu/libnsl-2.21.so
7f9daa0c8000-7f9daa0c9000 r--p 00016000 08:12 266664                     /lib/x86_64-linux-gnu/libnsl-2.21.so
7f9daa0c9000-7f9daa0ca000 rw-p 00017000 08:12 266664                     /lib/x86_64-linux-gnu/libnsl-2.21.so
7f9daa0ca000-7f9daa0cc000 rw-p 00000000 00:00 0 
7f9daa0cc000-7f9daa0d4000 r-xp 00000000 08:12 266666                     /lib/x86_64-linux-gnu/libnss_compat-2.21.so
7f9daa0d4000-7f9daa2d3000 ---p 00008000 08:12 266666                     /lib/x86_64-linux-gnu/libnss_compat-2.21.so
7f9daa2d3000-7f9daa2d4000 r--p 00007000 08:12 266666                     /lib/x86_64-linux-gnu/libnss_compat-2.21.so
7f9daa2d4000-7f9daa2d5000 rw-p 00008000 08:12 266666                     /lib/x86_64-linux-gnu/libnss_compat-2.21.so
7f9daa2d5000-7f9daa2ff000 r-xp 00000000 08:12 4203590                    /usr/lib/jvm/java-8-oracle/jre/lib/amd64/libjava.so
7f9daa2ff000-7f9daa4ff000 ---p 0002a000 08:12 4203590                    /usr/lib/jvm/java-8-oracle/jre/lib/amd64/libjava.so
7f9daa4ff000-7f9daa501000 rw-p 0002a000 08:12 4203590                    /usr/lib/jvm/java-8-oracle/jre/lib/amd64/libjava.so
7f9daa501000-7f9daa50e000 r-xp 00000000 08:12 4203594                    /usr/lib/jvm/java-8-oracle/jre/lib/amd64/libverify.so
7f9daa50e000-7f9daa70e000 ---p 0000d000 08:12 4203594                    /usr/lib/jvm/java-8-oracle/jre/lib/amd64/libverify.so
7f9daa70e000-7f9daa710000 rw-p 0000d000 08:12 4203594                    /usr/lib/jvm/java-8-oracle/jre/lib/amd64/libverify.so
7f9daa710000-7f9daa717000 r-xp 00000000 08:12 266725                     /lib/x86_64-linux-gnu/librt-2.21.so
7f9daa717000-7f9daa916000 ---p 00007000 08:12 266725                     /lib/x86_64-linux-gnu/librt-2.21.so
7f9daa916000-7f9daa917000 r--p 00006000 08:12 266725                     /lib/x86_64-linux-gnu/librt-2.21.so
7f9daa917000-7f9daa918000 rw-p 00007000 08:12 266725                     /lib/x86_64-linux-gnu/librt-2.21.so
7f9daa918000-7f9daaa1f000 r-xp 00000000 08:12 266643                     /lib/x86_64-linux-gnu/libm-2.21.so
7f9daaa1f000-7f9daac1e000 ---p 00107000 08:12 266643                     /lib/x86_64-linux-gnu/libm-2.21.so
7f9daac1e000-7f9daac1f000 r--p 00106000 08:12 266643                     /lib/x86_64-linux-gnu/libm-2.21.so
7f9daac1f000-7f9daac20000 rw-p 00107000 08:12 266643                     /lib/x86_64-linux-gnu/libm-2.21.so
7f9daac20000-7f9dab8de000 r-xp 00000000 08:12 4201549                    /usr/lib/jvm/java-8-oracle/jre/lib/amd64/server/libjvm.so
7f9dab8de000-7f9dabadd000 ---p 00cbe000 08:12 4201549                    /usr/lib/jvm/java-8-oracle/jre/lib/amd64/server/libjvm.so
7f9dabadd000-7f9dabbb6000 rw-p 00cbd000 08:12 4201549                    /usr/lib/jvm/java-8-oracle/jre/lib/amd64/server/libjvm.so
7f9dabbb6000-7f9dabbfa000 rw-p 00000000 00:00 0 
7f9dabbfa000-7f9dabdba000 r-xp 00000000 08:12 266584                     /lib/x86_64-linux-gnu/libc-2.21.so
7f9dabdba000-7f9dabfba000 ---p 001c0000 08:12 266584                     /lib/x86_64-linux-gnu/libc-2.21.so
7f9dabfba000-7f9dabfbe000 r--p 001c0000 08:12 266584                     /lib/x86_64-linux-gnu/libc-2.21.so
7f9dabfbe000-7f9dabfc0000 rw-p 001c4000 08:12 266584                     /lib/x86_64-linux-gnu/libc-2.21.so
7f9dabfc0000-7f9dabfc4000 rw-p 00000000 00:00 0 
7f9dabfc4000-7f9dabfc7000 r-xp 00000000 08:12 266601                     /lib/x86_64-linux-gnu/libdl-2.21.so
7f9dabfc7000-7f9dac1c6000 ---p 00003000 08:12 266601                     /lib/x86_64-linux-gnu/libdl-2.21.so
7f9dac1c6000-7f9dac1c7000 r--p 00002000 08:12 266601                     /lib/x86_64-linux-gnu/libdl-2.21.so
7f9dac1c7000-7f9dac1c8000 rw-p 00003000 08:12 266601                     /lib/x86_64-linux-gnu/libdl-2.21.so
7f9dac1c8000-7f9dac1dd000 r-xp 00000000 08:12 4198721                    /usr/lib/jvm/java-8-oracle/lib/amd64/jli/libjli.so
7f9dac1dd000-7f9dac3dd000 ---p 00015000 08:12 4198721                    /usr/lib/jvm/java-8-oracle/lib/amd64/jli/libjli.so
7f9dac3dd000-7f9dac3de000 rw-p 00015000 08:12 4198721                    /usr/lib/jvm/java-8-oracle/lib/amd64/jli/libjli.so
7f9dac3de000-7f9dac3f6000 r-xp 00000000 08:12 266717                     /lib/x86_64-linux-gnu/libpthread-2.21.so
7f9dac3f6000-7f9dac5f6000 ---p 00018000 08:12 266717                     /lib/x86_64-linux-gnu/libpthread-2.21.so
7f9dac5f6000-7f9dac5f7000 r--p 00018000 08:12 266717                     /lib/x86_64-linux-gnu/libpthread-2.21.so
7f9dac5f7000-7f9dac5f8000 rw-p 00019000 08:12 266717                     /lib/x86_64-linux-gnu/libpthread-2.21.so
7f9dac5f8000-7f9dac5fc000 rw-p 00000000 00:00 0 
7f9dac5fc000-7f9dac620000 r-xp 00000000 08:12 266556                     /lib/x86_64-linux-gnu/ld-2.21.so
7f9dac624000-7f9dac6f6000 rw-p 00000000 00:00 0 
7f9dac6f6000-7f9dac6f9000 ---p 00000000 00:00 0 
7f9dac6f9000-7f9dac7fb000 rw-p 00000000 00:00 0                          [stack:3143]
7f9dac7fc000-7f9dac813000 rw-p 00000000 00:00 0 
7f9dac813000-7f9dac81b000 rw-s 00000000 08:12 3408124                    /tmp/hsperfdata_duke/3138
7f9dac81b000-7f9dac81c000 rw-p 00000000 00:00 0 
7f9dac81c000-7f9dac81d000 r--p 00000000 00:00 0 
7f9dac81d000-7f9dac81f000 rw-p 00000000 00:00 0 
7f9dac81f000-7f9dac820000 r--p 00023000 08:12 266556                     /lib/x86_64-linux-gnu/ld-2.21.so
7f9dac820000-7f9dac821000 rw-p 00024000 08:12 266556                     /lib/x86_64-linux-gnu/ld-2.21.so
7f9dac821000-7f9dac822000 rw-p 00000000 00:00 0 
7ffd7414c000-7ffd7416d000 rw-p 00000000 00:00 0                          [stack]
7ffd74194000-7ffd74196000 r--p 00000000 00:00 0                          [vvar]
7ffd74196000-7ffd74198000 r-xp 00000000 00:00 0                          [vdso]
ffffffffff600000-ffffffffff601000 r-xp 00000000 00:00 0                  [vsyscall]

VM Arguments:
jvm_args: -Xmx1024M -Dfile.encoding=UTF-8 -Duser.country=US -Duser.language=en -Duser.variant 
java_command: com.android.dx.command.Main --dex --output /home/duke/AndroidStudioProjects/MasterSahab/app/build/intermediates/dex/debug /home/duke/AndroidStudioProjects/MasterSahab/app/build/intermediates/classes/debug /home/duke/AndroidStudioProjects/MasterSahab/app/build/intermediates/pre-dexed/debug/support-annotations-22.2.0-d11b86e8a8d5a60125987e55ed19da6fe916ed6c.jar /home/duke/AndroidStudioProjects/MasterSahab/app/build/intermediates/pre-dexed/debug/internal_impl-22.2.0-9fd2cdf11b2cb58a68c8003917e19ca6197745ad.jar /home/duke/AndroidStudioProjects/MasterSahab/app/build/intermediates/pre-dexed/debug/classes-8ef248cfe074cd8203cc4c867f71e14f57d6780a.jar /home/duke/AndroidStudioProjects/MasterSahab/app/build/intermediates/pre-dexed/debug/classes-dccf93463063885d5b233794907a60cd6aefb60c.jar
java_class_path (initial): /opt/android-sdk-linux/build-tools/21.1.2/lib/dx.jar
Launcher Type: SUN_STANDARD

Environment Variables:
JAVA_HOME=/usr/lib/jvm/java-8-oracle
PATH=/usr/local/sbin:/usr/local/bin:/usr/sbin:/usr/bin:/sbin:/bin:/usr/games:/usr/local/games:/usr/lib/jvm/java-8-oracle/bin:/usr/lib/jvm/java-8-oracle/db/bin:/usr/lib/jvm/java-8-oracle/jre/bin
LD_LIBRARY_PATH=/home/duke/Apps/android-studio/bin:
SHELL=/bin/bash
DISPLAY=:0

Signal Handlers:
SIGSEGV: [libjvm.so+0xaba2a0], sa_mask[0]=11111111011111111101111111111110, sa_flags=SA_RESTART|SA_SIGINFO
SIGBUS: [libjvm.so+0xaba2a0], sa_mask[0]=11111111011111111101111111111110, sa_flags=SA_RESTART|SA_SIGINFO
SIGFPE: [libjvm.so+0x917710], sa_mask[0]=11111111011111111101111111111110, sa_flags=SA_RESTART|SA_SIGINFO
SIGPIPE: [libjvm.so+0x917710], sa_mask[0]=11111111011111111101111111111110, sa_flags=SA_RESTART|SA_SIGINFO
SIGXFSZ: [libjvm.so+0x917710], sa_mask[0]=11111111011111111101111111111110, sa_flags=SA_RESTART|SA_SIGINFO
SIGILL: [libjvm.so+0x917710], sa_mask[0]=11111111011111111101111111111110, sa_flags=SA_RESTART|SA_SIGINFO
SIGUSR1: SIG_DFL, sa_mask[0]=00000000000000000000000000000000, sa_flags=none
SIGUSR2: [libjvm.so+0x918d40], sa_mask[0]=00100000000000000000000000000000, sa_flags=SA_RESTART|SA_SIGINFO
SIGHUP: [libjvm.so+0x91a140], sa_mask[0]=11111111011111111101111111111110, sa_flags=SA_RESTART|SA_SIGINFO
SIGINT: [libjvm.so+0x91a140], sa_mask[0]=11111111011111111101111111111110, sa_flags=SA_RESTART|SA_SIGINFO
SIGTERM: [libjvm.so+0x91a140], sa_mask[0]=11111111011111111101111111111110, sa_flags=SA_RESTART|SA_SIGINFO
SIGQUIT: [libjvm.so+0x91a140], sa_mask[0]=11111111011111111101111111111110, sa_flags=SA_RESTART|SA_SIGINFO


---------------  S Y S T E M  ---------------

OS:DISTRIB_ID=Ubuntu
DISTRIB_RELEASE=15.10
DISTRIB_CODENAME=wily
DISTRIB_DESCRIPTION="Ubuntu 15.10"

uname:Linux 4.2.0-27-generic #32-Ubuntu SMP Fri Jan 22 04:49:08 UTC 2016 x86_64
libc:glibc 2.21 NPTL 2.21 
rlimit: STACK 8192k, CORE 0k, NPROC 31796, NOFILE 65536, AS infinity
load average:2.36 1.96 1.90

/proc/meminfo:
MemTotal:        8174564 kB
MemFree:           50388 kB
MemAvailable:    2710468 kB
Buffers:          751052 kB
Cached:          2273592 kB
SwapCached:         2112 kB
Active:          4673368 kB
Inactive:        2971948 kB
Active(anon):    3366176 kB
Inactive(anon):  1685736 kB
Active(file):    1307192 kB
Inactive(file):  1286212 kB
Unevictable:          32 kB
Mlocked:              32 kB
SwapTotal:       1998844 kB
SwapFree:        1667544 kB
Dirty:             25036 kB
Writeback:             0 kB
AnonPages:       4619072 kB
Mapped:           632744 kB
Shmem:            431456 kB
Slab:             181576 kB
SReclaimable:     109252 kB
SUnreclaim:        72324 kB
KernelStack:        9968 kB
PageTables:        50476 kB
NFS_Unstable:          0 kB
Bounce:                0 kB
WritebackTmp:          0 kB
CommitLimit:     6086124 kB
Committed_AS:   10000480 kB
VmallocTotal:   34359738367 kB
VmallocUsed:       91944 kB
VmallocChunk:   34359586812 kB
HardwareCorrupted:     0 kB
AnonHugePages:   1341440 kB
CmaTotal:              0 kB
CmaFree:               0 kB
HugePages_Total:       0
HugePages_Free:        0
HugePages_Rsvd:        0
HugePages_Surp:        0
Hugepagesize:       2048 kB
DirectMap4k:     1524672 kB
DirectMap2M:     6862848 kB


CPU:total 4 (4 cores per cpu, 1 threads per core) family 6 model 15 stepping 11, cmov, cx8, fxsr, mmx, sse, sse2, sse3, ssse3, tsc

/proc/cpuinfo:
processor	: 0
vendor_id	: GenuineIntel
cpu family	: 6
model		: 15
model name	: Intel(R) Core(TM)2 Quad CPU    Q6600  @ 2.40GHz
stepping	: 11
microcode	: 0xba
cpu MHz		: 2400.000
cache size	: 4096 KB
physical id	: 0
siblings	: 4
core id		: 0
cpu cores	: 4
apicid		: 0
initial apicid	: 0
fpu		: yes
fpu_exception	: yes
cpuid level	: 10
wp		: yes
flags		: fpu vme de pse tsc msr pae mce cx8 apic sep mtrr pge mca cmov pat pse36 clflush dts acpi mmx fxsr sse sse2 ss ht tm pbe syscall nx lm constant_tsc arch_perfmon pebs bts rep_good nopl aperfmperf pni dtes64 monitor ds_cpl vmx est tm2 ssse3 cx16 xtpr pdcm lahf_lm dtherm tpr_shadow vnmi flexpriority
bugs		:
bogomips	: 4799.83
clflush size	: 64
cache_alignment	: 64
address sizes	: 36 bits physical, 48 bits virtual
power management:

processor	: 1
vendor_id	: GenuineIntel
cpu family	: 6
model		: 15
model name	: Intel(R) Core(TM)2 Quad CPU    Q6600  @ 2.40GHz
stepping	: 11
microcode	: 0xba
cpu MHz		: 2400.000
cache size	: 4096 KB
physical id	: 0
siblings	: 4
core id		: 1
cpu cores	: 4
apicid		: 1
initial apicid	: 1
fpu		: yes
fpu_exception	: yes
cpuid level	: 10
wp		: yes
flags		: fpu vme de pse tsc msr pae mce cx8 apic sep mtrr pge mca cmov pat pse36 clflush dts acpi mmx fxsr sse sse2 ss ht tm pbe syscall nx lm constant_tsc arch_perfmon pebs bts rep_good nopl aperfmperf pni dtes64 monitor ds_cpl vmx est tm2 ssse3 cx16 xtpr pdcm lahf_lm dtherm tpr_shadow vnmi flexpriority
bugs		:
bogomips	: 4799.83
clflush size	: 64
cache_alignment	: 64
address sizes	: 36 bits physical, 48 bits virtual
power management:

processor	: 2
vendor_id	: GenuineIntel
cpu family	: 6
model		: 15
model name	: Intel(R) Core(TM)2 Quad CPU    Q6600  @ 2.40GHz
stepping	: 11
microcode	: 0xba
cpu MHz		: 2400.000
cache size	: 4096 KB
physical id	: 0
siblings	: 4
core id		: 3
cpu cores	: 4
apicid		: 3
initial apicid	: 3
fpu		: yes
fpu_exception	: yes
cpuid level	: 10
wp		: yes
flags		: fpu vme de pse tsc msr pae mce cx8 apic sep mtrr pge mca cmov pat pse36 clflush dts acpi mmx fxsr sse sse2 ss ht tm pbe syscall nx lm constant_tsc arch_perfmon pebs bts rep_good nopl aperfmperf pni dtes64 monitor ds_cpl vmx est tm2 ssse3 cx16 xtpr pdcm lahf_lm dtherm tpr_shadow vnmi flexpriority
bugs		:
bogomips	: 4799.83
clflush size	: 64
cache_alignment	: 64
address sizes	: 36 bits physical, 48 bits virtual
power management:

processor	: 3
vendor_id	: GenuineIntel
cpu family	: 6
model		: 15
model name	: Intel(R) Core(TM)2 Quad CPU    Q6600  @ 2.40GHz
stepping	: 11
microcode	: 0xba
cpu MHz		: 2400.000
cache size	: 4096 KB
physical id	: 0
siblings	: 4
core id		: 2
cpu cores	: 4
apicid		: 2
initial apicid	: 2
fpu		: yes
fpu_exception	: yes
cpuid level	: 10
wp		: yes
flags		: fpu vme de pse tsc msr pae mce cx8 apic sep mtrr pge mca cmov pat pse36 clflush dts acpi mmx fxsr sse sse2 ss ht tm pbe syscall nx lm constant_tsc arch_perfmon pebs bts rep_good nopl aperfmperf pni dtes64 monitor ds_cpl vmx est tm2 ssse3 cx16 xtpr pdcm lahf_lm dtherm tpr_shadow vnmi flexpriority
bugs		:
bogomips	: 4799.83
clflush size	: 64
cache_alignment	: 64
address sizes	: 36 bits physical, 48 bits virtual
power management:



Memory: 4k page, physical 8174564k(50388k free), swap 1998844k(1667544k free)

vm_info: Java HotSpot(TM) 64-Bit Server VM (25.66-b17) for linux-amd64 JRE (1.8.0_66-b17), built on Oct  6 2015 17:28:34 by "java_re" with gcc 4.3.0 20080428 (Red Hat 4.3.0-8)

time: Sun Feb 14 13:03:38 2016
elapsed time: 3 seconds (0d 0h 0m 3s)

