#
# A fatal error has been detected by the Java Runtime Environment:
#
#  SIGSEGV (0xb) at pc=0x00007fe472005060, pid=28796, tid=140620579534592
#
# JRE version: Java(TM) SE Runtime Environment (8.0_66-b17) (build 1.8.0_66-b17)
# Java VM: Java HotSpot(TM) 64-Bit Server VM (25.66-b17 mixed mode linux-amd64 compressed oops)
# Problematic frame:
# C  0x00007fe472005060
#
# Failed to write core dump. Core dumps have been disabled. To enable core dumping, try "ulimit -c unlimited" before starting Java again
#
# If you would like to submit a bug report, please visit:
#   http://bugreport.java.com/bugreport/crash.jsp
#

---------------  T H R E A D  ---------------

Current thread (0x00007fe4c000a000):  JavaThread "main" [_thread_in_Java, id=28805, stack(0x00007fe4c7a0f000,0x00007fe4c7b10000)]

siginfo: si_signo: 11 (SIGSEGV), si_code: 1 (SEGV_MAPERR), si_addr: 0x00007fe472005060

Registers:
RAX=0x00007fe4b0871e08, RBX=0x00000000eb142f20, RCX=0x0000000000000000, RDX=0x00000000ffffffff
RSP=0x00007fe4c7b0e198, RBP=0x00007fe4c7b0e620, RSI=0x00000000eb142f20, RDI=0x00000000c0b68368
R8 =0x0000000000080ee4, R9 =0x0000000000080ee4, R10=0x0000000100028e20, R11=0x00007fe4b0940120
R12=0x0000000000000000, R13=0x0000000000149d8c, R14=0x00000000c0e26dd8, R15=0x00007fe4c000a000
RIP=0x00007fe472005060, EFLAGS=0x0000000000010202, CSGSFS=0x0000000000000033, ERR=0x0000000000000014
  TRAPNO=0x000000000000000e

Top of Stack: (sp=0x00007fe4c7b0e198)
0x00007fe4c7b0e198:   00007fe4b179378c 00000000c0fbf610
0x00007fe4c7b0e1a8:   00000000eb142e78 000000000000006e
0x00007fe4c7b0e1b8:   00000000eb142ea8 0000195e0000106e
0x00007fe4c7b0e1c8:   0000000000000000 0000000000000000
0x00007fe4c7b0e1d8:   00000000eb142e78 0000000000000001
0x00007fe4c7b0e1e8:   00007fe4b1764484 00000000eb142f20
0x00007fe4c7b0e1f8:   00000000c0b68368 00000000eb142e20
0x00007fe4c7b0e208:   00000000eb142e78 00007fe4c7b0e620
0x00007fe4c7b0e218:   00007fe4b1793324 0000000000000000
0x00007fe4c7b0e228:   00000000eb142b70 0000000000000002
0x00007fe4c7b0e238:   00007fe4b17cb23c 00000000eb142ea8
0x00007fe4c7b0e248:   00000006eb142e20 00000000eb142e20
0x00007fe4c7b0e258:   00000000eb142d18 00000000c0fbf5f0
0x00007fe4c7b0e268:   000000010001dea8 00000005c0fbf610
0x00007fe4c7b0e278:   00000000c0fbf610 000000010000000e
0x00007fe4c7b0e288:   00000000eb142df8 0000000000000005
0x00007fe4c7b0e298:   0000000000000001 0000000000000000
0x00007fe4c7b0e2a8:   00000000eb142f20 00007fe4c7b0e620
0x00007fe4c7b0e2b8:   00007fe4b17b0044 00007fe4c7b0e620
0x00007fe4c7b0e2c8:   00007fe4b1793edc ffffffffffffffff
0x00007fe4c7b0e2d8:   00007fe4b0c86f38 00007fe4c7b0e620
0x00007fe4c7b0e2e8:   00007fe4b179378c 0000000000000000
0x00007fe4c7b0e2f8:   000000000000002a 00007fe4c7b0e320
0x00007fe4c7b0e308:   00007fe4c680f81f 000000010009c6b0
0x00007fe4c7b0e318:   00000000c0a35f18 00000000eb142ca0
0x00007fe4c7b0e328:   00000000c0a35fd8 00000000c0fb21c8
0x00007fe4c7b0e338:   0007901b00000000 00000000eb142c90
0x00007fe4c7b0e348:   00000000eb142c80 0000000500000006
0x00007fe4c7b0e358:   00000000000483d4 00000000c0a35fd8
0x00007fe4c7b0e368:   00000000eb142c10 00000000000006cd
0x00007fe4c7b0e378:   00000000eb142ca0 000000000000ff00
0x00007fe4c7b0e388:   0000002a00000000 00007fe4c7b0e620 

Instructions: (pc=0x00007fe472005060)
0x00007fe472005040:   
[error occurred during error reporting (printing registers, top of stack, instructions near pc), id 0xb]

Register to memory mapping:

RAX=0x00007fe4b0871e08 is pointing into metadata
RBX=0x00000000eb142f20 is an oop
java.nio.HeapByteBuffer 
 - klass: 'java/nio/HeapByteBuffer'
RCX=0x0000000000000000 is an unknown value
RDX=0x00000000ffffffff is an unallocated location in the heap
RSP=0x00007fe4c7b0e198 is pointing into the stack for thread: 0x00007fe4c000a000
RBP=0x00007fe4c7b0e620 is pointing into the stack for thread: 0x00007fe4c000a000
RSI=0x00000000eb142f20 is an oop
java.nio.HeapByteBuffer 
 - klass: 'java/nio/HeapByteBuffer'
RDI=0x00000000c0b68368 is an oop
[B 
 - klass: {type array byte}
 - length: 528100
R8 =0x0000000000080ee4 is an unknown value
R9 =0x0000000000080ee4 is an unknown value
R10=0x0000000100028e20 is pointing into metadata
R11=0x00007fe4b0940120 is pointing into metadata
R12=0x0000000000000000 is an unknown value
R13=0x0000000000149d8c is an unknown value
R14=0x00000000c0e26dd8 is an oop
com.android.dex.Dex$Section 
 - klass: 'com/android/dex/Dex$Section'
R15=0x00007fe4c000a000 is a thread


Stack: [0x00007fe4c7a0f000,0x00007fe4c7b10000],  sp=0x00007fe4c7b0e198,  free space=1020k
Native frames: (J=compiled Java code, j=interpreted, Vv=VM code, C=native code)
C  0x00007fe472005060
j  com.android.dx.merge.DexMerger.mergeDexes()Lcom/android/dex/Dex;+33
j  com.android.dx.merge.DexMerger.merge()Lcom/android/dex/Dex;+5
j  com.android.dx.command.dexer.Main.mergeLibraryDexBuffers([B)[B+69
j  com.android.dx.command.dexer.Main.runMonoDex()I+129
j  com.android.dx.command.dexer.Main.run(Lcom/android/dx/command/dexer/Main$Arguments;)I+76
j  com.android.dx.command.dexer.Main.main([Ljava/lang/String;)V+14
j  com.android.dx.command.Main.main([Ljava/lang/String;)V+61
v  ~StubRoutines::call_stub
V  [libjvm.so+0x68bc46]  JavaCalls::call_helper(JavaValue*, methodHandle*, JavaCallArguments*, Thread*)+0x1056
V  [libjvm.so+0x6cd262]  jni_invoke_static(JNIEnv_*, JavaValue*, _jobject*, JNICallType, _jmethodID*, JNI_ArgumentPusher*, Thread*)+0x362
V  [libjvm.so+0x6e9c6a]  jni_CallStaticVoidMethod+0x17a
C  [libjli.so+0x7bcc]  JavaMain+0x80c
C  [libpthread.so.0+0x76aa]  start_thread+0xca


---------------  P R O C E S S  ---------------

Java Threads: ( => current thread )
  0x00007fe4c00c3000 JavaThread "Service Thread" daemon [_thread_blocked, id=28817, stack(0x00007fe4a8547000,0x00007fe4a8648000)]
  0x00007fe4c00bd800 JavaThread "C1 CompilerThread2" daemon [_thread_blocked, id=28816, stack(0x00007fe4a8648000,0x00007fe4a8749000)]
  0x00007fe4c00bb800 JavaThread "C2 CompilerThread1" daemon [_thread_in_native, id=28815, stack(0x00007fe4a8749000,0x00007fe4a884a000)]
  0x00007fe4c00b8800 JavaThread "C2 CompilerThread0" daemon [_thread_in_native, id=28814, stack(0x00007fe4a884a000,0x00007fe4a894b000)]
  0x00007fe4c00b7800 JavaThread "Signal Dispatcher" daemon [_thread_blocked, id=28813, stack(0x00007fe4a894b000,0x00007fe4a8a4c000)]
  0x00007fe4c007f800 JavaThread "Finalizer" daemon [_thread_blocked, id=28812, stack(0x00007fe4a916e000,0x00007fe4a926f000)]
  0x00007fe4c007d000 JavaThread "Reference Handler" daemon [_thread_blocked, id=28811, stack(0x00007fe4a926f000,0x00007fe4a9370000)]
=>0x00007fe4c000a000 JavaThread "main" [_thread_in_Java, id=28805, stack(0x00007fe4c7a0f000,0x00007fe4c7b10000)]

Other Threads:
  0x00007fe4c0078000 VMThread [stack: 0x00007fe4a9370000,0x00007fe4a9471000] [id=28810]
  0x00007fe4c00c5800 WatcherThread [stack: 0x00007fe4a8446000,0x00007fe4a8547000] [id=28818]

VM state:not at safepoint (normal execution)

VM Mutex/Monitor currently owned by a thread: None

Heap:
 PSYoungGen      total 136192K, used 12912K [0x00000000eab00000, 0x00000000f3500000, 0x0000000100000000)
  eden space 131072K, 5% used [0x00000000eab00000,0x00000000eb2a2800,0x00000000f2b00000)
  from space 5120K, 99% used [0x00000000f3000000,0x00000000f34f9848,0x00000000f3500000)
  to   space 5120K, 0% used [0x00000000f2b00000,0x00000000f2b00000,0x00000000f3000000)
 ParOldGen       total 86016K, used 16614K [0x00000000c0000000, 0x00000000c5400000, 0x00000000eab00000)
  object space 86016K, 19% used [0x00000000c0000000,0x00000000c1039938,0x00000000c5400000)
 Metaspace       used 7356K, capacity 7992K, committed 8192K, reserved 1056768K
  class space    used 706K, capacity 752K, committed 768K, reserved 1048576K

Card table byte_map: [0x00007fe4c45d6000,0x00007fe4c47d7000] byte_map_base: 0x00007fe4c3fd6000

Marking Bits: (ParMarkBitMap*) 0x00007fe4c6ee8020
 Begin Bits: [0x00007fe4aa000000, 0x00007fe4ab000000)
 End Bits:   [0x00007fe4ab000000, 0x00007fe4ac000000)

Polling page: 0x00007fe4c7b35000

CodeCache: size=245760Kb used=8245Kb max_used=8256Kb free=237514Kb
 bounds [0x00007fe4b1000000, 0x00007fe4b1820000, 0x00007fe4c0000000]
 total_blobs=2769 nmethods=2478 adapters=207
 compilation: enabled

Compilation events (10 events):
Event: 4.177 Thread 0x00007fe4c00bd800 nmethod 2502 0x00007fe4b180b4d0 code [0x00007fe4b180b620, 0x00007fe4b180b730]
Event: 4.177 Thread 0x00007fe4c00bd800 2503       1       com.android.dx.io.instructions.FiveRegisterDecodedInstruction::getA (5 bytes)
Event: 4.177 Thread 0x00007fe4c00bd800 nmethod 2503 0x00007fe4b180b210 code [0x00007fe4b180b360, 0x00007fe4b180b470]
Event: 4.177 Thread 0x00007fe4c00bd800 2504       1       com.android.dx.io.instructions.FiveRegisterDecodedInstruction::getB (5 bytes)
Event: 4.177 Thread 0x00007fe4c00bd800 nmethod 2504 0x00007fe4b180af50 code [0x00007fe4b180b0a0, 0x00007fe4b180b1b0]
Event: 4.177 Thread 0x00007fe4c00bd800 2505       1       com.android.dx.io.instructions.FiveRegisterDecodedInstruction::getC (5 bytes)
Event: 4.177 Thread 0x00007fe4c00bd800 nmethod 2505 0x00007fe4b180ac90 code [0x00007fe4b180ade0, 0x00007fe4b180aef0]
Event: 4.177 Thread 0x00007fe4c00bd800 2506       1       com.android.dx.io.instructions.FiveRegisterDecodedInstruction::getD (5 bytes)
Event: 4.177 Thread 0x00007fe4c00bd800 nmethod 2506 0x00007fe4b1811e10 code [0x00007fe4b1811f60, 0x00007fe4b1812070]
Event: 4.178 Thread 0x00007fe4c00b8800 nmethod 2509 0x00007fe4b1810410 code [0x00007fe4b1810580, 0x00007fe4b1810738]

GC Heap History (8 events):
Event: 1.425 GC heap before
{Heap before GC invocations=1 (full 0):
 PSYoungGen      total 37888K, used 32768K [0x00000000eab00000, 0x00000000ed500000, 0x0000000100000000)
  eden space 32768K, 100% used [0x00000000eab00000,0x00000000ecb00000,0x00000000ecb00000)
  from space 5120K, 0% used [0x00000000ed000000,0x00000000ed000000,0x00000000ed500000)
  to   space 5120K, 0% used [0x00000000ecb00000,0x00000000ecb00000,0x00000000ed000000)
 ParOldGen       total 86016K, used 0K [0x00000000c0000000, 0x00000000c5400000, 0x00000000eab00000)
  object space 86016K, 0% used [0x00000000c0000000,0x00000000c0000000,0x00000000c5400000)
 Metaspace       used 5255K, capacity 6768K, committed 7040K, reserved 1056768K
  class space    used 532K, capacity 616K, committed 640K, reserved 1048576K
Event: 1.493 GC heap after
Heap after GC invocations=1 (full 0):
 PSYoungGen      total 37888K, used 5106K [0x00000000eab00000, 0x00000000ef500000, 0x0000000100000000)
  eden space 32768K, 0% used [0x00000000eab00000,0x00000000eab00000,0x00000000ecb00000)
  from space 5120K, 99% used [0x00000000ecb00000,0x00000000ecffc998,0x00000000ed000000)
  to   space 5120K, 0% used [0x00000000ef000000,0x00000000ef000000,0x00000000ef500000)
 ParOldGen       total 86016K, used 3423K [0x00000000c0000000, 0x00000000c5400000, 0x00000000eab00000)
  object space 86016K, 3% used [0x00000000c0000000,0x00000000c0357d58,0x00000000c5400000)
 Metaspace       used 5255K, capacity 6768K, committed 7040K, reserved 1056768K
  class space    used 532K, capacity 616K, committed 640K, reserved 1048576K
}
Event: 1.718 GC heap before
{Heap before GC invocations=2 (full 0):
 PSYoungGen      total 37888K, used 37874K [0x00000000eab00000, 0x00000000ef500000, 0x0000000100000000)
  eden space 32768K, 100% used [0x00000000eab00000,0x00000000ecb00000,0x00000000ecb00000)
  from space 5120K, 99% used [0x00000000ecb00000,0x00000000ecffc998,0x00000000ed000000)
  to   space 5120K, 0% used [0x00000000ef000000,0x00000000ef000000,0x00000000ef500000)
 ParOldGen       total 86016K, used 3423K [0x00000000c0000000, 0x00000000c5400000, 0x00000000eab00000)
  object space 86016K, 3% used [0x00000000c0000000,0x00000000c0357d58,0x00000000c5400000)
 Metaspace       used 5269K, capacity 6768K, committed 7040K, reserved 1056768K
  class space    used 532K, capacity 616K, committed 640K, reserved 1048576K
Event: 1.759 GC heap after
Heap after GC invocations=2 (full 0):
 PSYoungGen      total 70656K, used 5088K [0x00000000eab00000, 0x00000000ef500000, 0x0000000100000000)
  eden space 65536K, 0% used [0x00000000eab00000,0x00000000eab00000,0x00000000eeb00000)
  from space 5120K, 99% used [0x00000000ef000000,0x00000000ef4f8038,0x00000000ef500000)
  to   space 5120K, 0% used [0x00000000eeb00000,0x00000000eeb00000,0x00000000ef000000)
 ParOldGen       total 86016K, used 5344K [0x00000000c0000000, 0x00000000c5400000, 0x00000000eab00000)
  object space 86016K, 6% used [0x00000000c0000000,0x00000000c05383f8,0x00000000c5400000)
 Metaspace       used 5269K, capacity 6768K, committed 7040K, reserved 1056768K
  class space    used 532K, capacity 616K, committed 640K, reserved 1048576K
}
Event: 2.490 GC heap before
{Heap before GC invocations=3 (full 0):
 PSYoungGen      total 70656K, used 70624K [0x00000000eab00000, 0x00000000ef500000, 0x0000000100000000)
  eden space 65536K, 100% used [0x00000000eab00000,0x00000000eeb00000,0x00000000eeb00000)
  from space 5120K, 99% used [0x00000000ef000000,0x00000000ef4f8038,0x00000000ef500000)
  to   space 5120K, 0% used [0x00000000eeb00000,0x00000000eeb00000,0x00000000ef000000)
 ParOldGen       total 86016K, used 5344K [0x00000000c0000000, 0x00000000c5400000, 0x00000000eab00000)
  object space 86016K, 6% used [0x00000000c0000000,0x00000000c05383f8,0x00000000c5400000)
 Metaspace       used 5355K, capacity 6832K, committed 7040K, reserved 1056768K
  class space    used 534K, capacity 616K, committed 640K, reserved 1048576K
Event: 2.530 GC heap after
Heap after GC invocations=3 (full 0):
 PSYoungGen      total 70656K, used 5088K [0x00000000eab00000, 0x00000000f3500000, 0x0000000100000000)
  eden space 65536K, 0% used [0x00000000eab00000,0x00000000eab00000,0x00000000eeb00000)
  from space 5120K, 99% used [0x00000000eeb00000,0x00000000eeff8018,0x00000000ef000000)
  to   space 5120K, 0% used [0x00000000f3000000,0x00000000f3000000,0x00000000f3500000)
 ParOldGen       total 86016K, used 7445K [0x00000000c0000000, 0x00000000c5400000, 0x00000000eab00000)
  object space 86016K, 8% used [0x00000000c0000000,0x00000000c0745730,0x00000000c5400000)
 Metaspace       used 5355K, capacity 6832K, committed 7040K, reserved 1056768K
  class space    used 534K, capacity 616K, committed 640K, reserved 1048576K
}
Event: 4.056 GC heap before
{Heap before GC invocations=4 (full 0):
 PSYoungGen      total 70656K, used 70624K [0x00000000eab00000, 0x00000000f3500000, 0x0000000100000000)
  eden space 65536K, 100% used [0x00000000eab00000,0x00000000eeb00000,0x00000000eeb00000)
  from space 5120K, 99% used [0x00000000eeb00000,0x00000000eeff8018,0x00000000ef000000)
  to   space 5120K, 0% used [0x00000000f3000000,0x00000000f3000000,0x00000000f3500000)
 ParOldGen       total 86016K, used 7445K [0x00000000c0000000, 0x00000000c5400000, 0x00000000eab00000)
  object space 86016K, 8% used [0x00000000c0000000,0x00000000c0745730,0x00000000c5400000)
 Metaspace       used 7337K, capacity 7992K, committed 8192K, reserved 1056768K
  class space    used 706K, capacity 752K, committed 768K, reserved 1048576K
Event: 4.117 GC heap after
Heap after GC invocations=4 (full 0):
 PSYoungGen      total 136192K, used 5094K [0x00000000eab00000, 0x00000000f3500000, 0x0000000100000000)
  eden space 131072K, 0% used [0x00000000eab00000,0x00000000eab00000,0x00000000f2b00000)
  from space 5120K, 99% used [0x00000000f3000000,0x00000000f34f9848,0x00000000f3500000)
  to   space 5120K, 0% used [0x00000000f2b00000,0x00000000f2b00000,0x00000000f3000000)
 ParOldGen       total 86016K, used 16614K [0x00000000c0000000, 0x00000000c5400000, 0x00000000eab00000)
  object space 86016K, 19% used [0x00000000c0000000,0x00000000c1039938,0x00000000c5400000)
 Metaspace       used 7337K, capacity 7992K, committed 8192K, reserved 1056768K
  class space    used 706K, capacity 752K, committed 768K, reserved 1048576K
}

Deoptimization events (10 events):
Event: 3.667 Thread 0x00007fe4c000a000 Uncommon trap: reason=class_check action=maybe_recompile pc=0x00007fe4b161614c method=java.util.HashMap.putVal(ILjava/lang/Object;Ljava/lang/Object;ZZ)Ljava/lang/Object; @ 56
Event: 3.667 Thread 0x00007fe4c000a000 Uncommon trap: reason=class_check action=maybe_recompile pc=0x00007fe4b161614c method=java.util.HashMap.putVal(ILjava/lang/Object;Ljava/lang/Object;ZZ)Ljava/lang/Object; @ 56
Event: 3.667 Thread 0x00007fe4c000a000 Uncommon trap: reason=class_check action=maybe_recompile pc=0x00007fe4b161614c method=java.util.HashMap.putVal(ILjava/lang/Object;Ljava/lang/Object;ZZ)Ljava/lang/Object; @ 56
Event: 3.667 Thread 0x00007fe4c000a000 Uncommon trap: reason=class_check action=maybe_recompile pc=0x00007fe4b16161e4 method=java.util.HashMap.putVal(ILjava/lang/Object;Ljava/lang/Object;ZZ)Ljava/lang/Object; @ 152
Event: 3.667 Thread 0x00007fe4c000a000 Uncommon trap: reason=class_check action=maybe_recompile pc=0x00007fe4b16161e4 method=java.util.HashMap.putVal(ILjava/lang/Object;Ljava/lang/Object;ZZ)Ljava/lang/Object; @ 152
Event: 3.801 Thread 0x00007fe4c000a000 Uncommon trap: reason=unstable_if action=reinterpret pc=0x00007fe4b16d35d4 method=java.util.HashMap.putVal(ILjava/lang/Object;Ljava/lang/Object;ZZ)Ljava/lang/Object; @ 162
Event: 3.802 Thread 0x00007fe4c000a000 Uncommon trap: reason=unstable_if action=reinterpret pc=0x00007fe4b15a7c08 method=java.util.HashMap.resize()[Ljava/util/HashMap$Node; @ 206
Event: 3.944 Thread 0x00007fe4c000a000 Uncommon trap: reason=predicate action=maybe_recompile pc=0x00007fe4b1769890 method=com.android.dex.Leb128.readUnsignedLeb128(Lcom/android/dex/util/ByteInput;)I @ 41
Event: 3.958 Thread 0x00007fe4c000a000 Uncommon trap: reason=unstable_if action=reinterpret pc=0x00007fe4b15ce858 method=java.util.HashMap.getNode(ILjava/lang/Object;)Ljava/util/HashMap$Node; @ 84
Event: 3.961 Thread 0x00007fe4c000a000 Uncommon trap: reason=unstable_if action=reinterpret pc=0x00007fe4b15cb9ec method=java.util.HashMap.getNode(ILjava/lang/Object;)Ljava/util/HashMap$Node; @ 84

Internal exceptions (3 events):
Event: 0.231 Thread 0x00007fe4c000a000 Exception <a 'java/lang/NoSuchMethodError': Method sun.misc.Unsafe.defineClass(Ljava/lang/String;[BII)Ljava/lang/Class; name or signature does not match> (0x00000000eab12b90) thrown at [/HUDSON/workspace/8-2-build-linux-amd64/jdk8u66/4988/hotspot/src/shar
Event: 0.231 Thread 0x00007fe4c000a000 Exception <a 'java/lang/NoSuchMethodError': Method sun.misc.Unsafe.prefetchRead(Ljava/lang/Object;J)V name or signature does not match> (0x00000000eab12e78) thrown at [/HUDSON/workspace/8-2-build-linux-amd64/jdk8u66/4988/hotspot/src/share/vm/prims/jni.cpp
Event: 1.302 Thread 0x00007fe4c000a000 Implicit null exception at 0x00007fe4b13b6bd8 to 0x00007fe4b13b7605

Events (10 events):
Event: 4.047 Thread 0x00007fe4c000a000 DEOPT PACKING pc=0x00007fe4b16cdbbe sp=0x00007fe4c7b0e350
Event: 4.047 Thread 0x00007fe4c000a000 DEOPT UNPACKING pc=0x00007fe4b1046f73 sp=0x00007fe4c7b0e088 mode 0
Event: 4.055 Executing VM operation: ParallelGCFailedAllocation
Event: 4.118 Executing VM operation: ParallelGCFailedAllocation done
Event: 4.146 Thread 0x00007fe4c000a000 DEOPT PACKING pc=0x00007fe4b17a5f54 sp=0x00007fe4c7b0e2e0
Event: 4.146 Thread 0x00007fe4c000a000 DEOPT UNPACKING pc=0x00007fe4b1046f73 sp=0x00007fe4c7b0e018 mode 0
Event: 4.156 Thread 0x00007fe4c000a000 DEOPT PACKING pc=0x00007fe4b17632a5 sp=0x00007fe4c7b0e230
Event: 4.156 Thread 0x00007fe4c000a000 DEOPT UNPACKING pc=0x00007fe4b1046f73 sp=0x00007fe4c7b0df80 mode 0
Event: 4.161 Thread 0x00007fe4c000a000 DEOPT PACKING pc=0x00007fe4b17632a5 sp=0x00007fe4c7b0e260
Event: 4.161 Thread 0x00007fe4c000a000 DEOPT UNPACKING pc=0x00007fe4b1046f73 sp=0x00007fe4c7b0dfb0 mode 0


Dynamic libraries:
00400000-00401000 r-xp 00000000 08:12 4072075                            /usr/lib/jvm/java-8-oracle/bin/java
00600000-00601000 rw-p 00000000 08:12 4072075                            /usr/lib/jvm/java-8-oracle/bin/java
0207d000-0209e000 rw-p 00000000 00:00 0                                  [heap]
c0000000-c5400000 rw-p 00000000 00:00 0 
c5400000-eab00000 ---p 00000000 00:00 0 
eab00000-f3500000 rw-p 00000000 00:00 0 
f3500000-100000000 ---p 00000000 00:00 0 
100000000-1000c0000 rw-p 00000000 00:00 0 
1000c0000-140000000 ---p 00000000 00:00 0 
7fe474000000-7fe474021000 rw-p 00000000 00:00 0 
7fe474021000-7fe478000000 ---p 00000000 00:00 0 
7fe478000000-7fe478021000 rw-p 00000000 00:00 0 
7fe478021000-7fe47c000000 ---p 00000000 00:00 0 
7fe47c000000-7fe47c6cc000 rw-p 00000000 00:00 0 
7fe47c6cc000-7fe480000000 ---p 00000000 00:00 0 
7fe480000000-7fe48067f000 rw-p 00000000 00:00 0 
7fe48067f000-7fe484000000 ---p 00000000 00:00 0 
7fe484000000-7fe484021000 rw-p 00000000 00:00 0 
7fe484021000-7fe488000000 ---p 00000000 00:00 0 
7fe488000000-7fe488c99000 rw-p 00000000 00:00 0 
7fe488c99000-7fe48c000000 ---p 00000000 00:00 0 
7fe48c000000-7fe48c021000 rw-p 00000000 00:00 0 
7fe48c021000-7fe490000000 ---p 00000000 00:00 0 
7fe490000000-7fe490021000 rw-p 00000000 00:00 0 
7fe490021000-7fe494000000 ---p 00000000 00:00 0 
7fe494000000-7fe494021000 rw-p 00000000 00:00 0 
7fe494021000-7fe498000000 ---p 00000000 00:00 0 
7fe498000000-7fe498021000 rw-p 00000000 00:00 0 
7fe498021000-7fe49c000000 ---p 00000000 00:00 0 
7fe49c000000-7fe49c021000 rw-p 00000000 00:00 0 
7fe49c021000-7fe4a0000000 ---p 00000000 00:00 0 
7fe4a4000000-7fe4a4021000 rw-p 00000000 00:00 0 
7fe4a4021000-7fe4a8000000 ---p 00000000 00:00 0 
7fe4a8425000-7fe4a8434000 r--s 000dd000 08:12 1704044                    /opt/android-sdk-linux/build-tools/21.1.2/lib/dx.jar
7fe4a8434000-7fe4a8446000 r--s 001fc000 08:12 4196211                    /usr/lib/jvm/java-8-oracle/jre/lib/ext/ojdbc6.jar
7fe4a8446000-7fe4a8447000 ---p 00000000 00:00 0 
7fe4a8447000-7fe4a8547000 rw-p 00000000 00:00 0                          [stack:28818]
7fe4a8547000-7fe4a854a000 ---p 00000000 00:00 0 
7fe4a854a000-7fe4a8648000 rw-p 00000000 00:00 0                          [stack:28817]
7fe4a8648000-7fe4a864b000 ---p 00000000 00:00 0 
7fe4a864b000-7fe4a8749000 rw-p 00000000 00:00 0                          [stack:28816]
7fe4a8749000-7fe4a874c000 ---p 00000000 00:00 0 
7fe4a874c000-7fe4a884a000 rw-p 00000000 00:00 0                          [stack:28815]
7fe4a884a000-7fe4a884d000 ---p 00000000 00:00 0 
7fe4a884d000-7fe4a894b000 rw-p 00000000 00:00 0                          [stack:28814]
7fe4a894b000-7fe4a894e000 ---p 00000000 00:00 0 
7fe4a894e000-7fe4a8a4c000 rw-p 00000000 00:00 0                          [stack:28813]
7fe4a8a4c000-7fe4a916e000 r--p 00000000 08:12 3546878                    /usr/lib/locale/locale-archive
7fe4a916e000-7fe4a9171000 ---p 00000000 00:00 0 
7fe4a9171000-7fe4a926f000 rw-p 00000000 00:00 0                          [stack:28812]
7fe4a926f000-7fe4a9272000 ---p 00000000 00:00 0 
7fe4a9272000-7fe4a9370000 rw-p 00000000 00:00 0                          [stack:28811]
7fe4a9370000-7fe4a9371000 ---p 00000000 00:00 0 
7fe4a9371000-7fe4ac000000 rw-p 00000000 00:00 0                          [stack:28810]
7fe4ac000000-7fe4ac021000 rw-p 00000000 00:00 0 
7fe4ac021000-7fe4b0000000 ---p 00000000 00:00 0 
7fe4b0002000-7fe4b0427000 rw-p 00000000 00:00 0 
7fe4b0427000-7fe4b0600000 r--s 03d20000 08:12 4198918                    /usr/lib/jvm/java-8-oracle/jre/lib/rt.jar
7fe4b0600000-7fe4b0d40000 rw-p 00000000 00:00 0 
7fe4b0d40000-7fe4b0e00000 ---p 00000000 00:00 0 
7fe4b0e00000-7fe4b1000000 rw-p 00000000 00:00 0 
7fe4b1000000-7fe4b1820000 rwxp 00000000 00:00 0 
7fe4b1820000-7fe4c0000000 ---p 00000000 00:00 0 
7fe4c0000000-7fe4c04d5000 rw-p 00000000 00:00 0 
7fe4c04d5000-7fe4c4000000 ---p 00000000 00:00 0 
7fe4c4001000-7fe4c4006000 r--s 00096000 08:12 4198968                    /usr/lib/jvm/java-8-oracle/jre/lib/jsse.jar
7fe4c4006000-7fe4c407c000 rw-p 00000000 00:00 0 
7fe4c407c000-7fe4c407d000 ---p 00000000 00:00 0 
7fe4c407d000-7fe4c417d000 rw-p 00000000 00:00 0                          [stack:28809]
7fe4c417d000-7fe4c417e000 ---p 00000000 00:00 0 
7fe4c417e000-7fe4c427e000 rw-p 00000000 00:00 0                          [stack:28808]
7fe4c427e000-7fe4c427f000 ---p 00000000 00:00 0 
7fe4c427f000-7fe4c437f000 rw-p 00000000 00:00 0                          [stack:28807]
7fe4c437f000-7fe4c4380000 ---p 00000000 00:00 0 
7fe4c4380000-7fe4c44aa000 rw-p 00000000 00:00 0                          [stack:28806]
7fe4c44aa000-7fe4c45d6000 ---p 00000000 00:00 0 
7fe4c45d6000-7fe4c4600000 rw-p 00000000 00:00 0 
7fe4c4600000-7fe4c472b000 ---p 00000000 00:00 0 
7fe4c472b000-7fe4c4771000 rw-p 00000000 00:00 0 
7fe4c4771000-7fe4c47d6000 ---p 00000000 00:00 0 
7fe4c47d6000-7fe4c47f8000 rw-p 00000000 00:00 0 
7fe4c47f8000-7fe4c4b97000 ---p 00000000 00:00 0 
7fe4c4b97000-7fe4c4bb1000 r-xp 00000000 08:12 4203595                    /usr/lib/jvm/java-8-oracle/jre/lib/amd64/libzip.so
7fe4c4bb1000-7fe4c4db1000 ---p 0001a000 08:12 4203595                    /usr/lib/jvm/java-8-oracle/jre/lib/amd64/libzip.so
7fe4c4db1000-7fe4c4db2000 rw-p 0001a000 08:12 4203595                    /usr/lib/jvm/java-8-oracle/jre/lib/amd64/libzip.so
7fe4c4db2000-7fe4c4dbe000 r-xp 00000000 08:12 266670                     /lib/x86_64-linux-gnu/libnss_files-2.21.so
7fe4c4dbe000-7fe4c4fbd000 ---p 0000c000 08:12 266670                     /lib/x86_64-linux-gnu/libnss_files-2.21.so
7fe4c4fbd000-7fe4c4fbe000 r--p 0000b000 08:12 266670                     /lib/x86_64-linux-gnu/libnss_files-2.21.so
7fe4c4fbe000-7fe4c4fbf000 rw-p 0000c000 08:12 266670                     /lib/x86_64-linux-gnu/libnss_files-2.21.so
7fe4c4fbf000-7fe4c4fca000 r-xp 00000000 08:12 266680                     /lib/x86_64-linux-gnu/libnss_nis-2.21.so
7fe4c4fca000-7fe4c51c9000 ---p 0000b000 08:12 266680                     /lib/x86_64-linux-gnu/libnss_nis-2.21.so
7fe4c51c9000-7fe4c51ca000 r--p 0000a000 08:12 266680                     /lib/x86_64-linux-gnu/libnss_nis-2.21.so
7fe4c51ca000-7fe4c51cb000 rw-p 0000b000 08:12 266680                     /lib/x86_64-linux-gnu/libnss_nis-2.21.so
7fe4c51cb000-7fe4c51e2000 r-xp 00000000 08:12 266664                     /lib/x86_64-linux-gnu/libnsl-2.21.so
7fe4c51e2000-7fe4c53e1000 ---p 00017000 08:12 266664                     /lib/x86_64-linux-gnu/libnsl-2.21.so
7fe4c53e1000-7fe4c53e2000 r--p 00016000 08:12 266664                     /lib/x86_64-linux-gnu/libnsl-2.21.so
7fe4c53e2000-7fe4c53e3000 rw-p 00017000 08:12 266664                     /lib/x86_64-linux-gnu/libnsl-2.21.so
7fe4c53e3000-7fe4c53e5000 rw-p 00000000 00:00 0 
7fe4c53e5000-7fe4c53ed000 r-xp 00000000 08:12 266666                     /lib/x86_64-linux-gnu/libnss_compat-2.21.so
7fe4c53ed000-7fe4c55ec000 ---p 00008000 08:12 266666                     /lib/x86_64-linux-gnu/libnss_compat-2.21.so
7fe4c55ec000-7fe4c55ed000 r--p 00007000 08:12 266666                     /lib/x86_64-linux-gnu/libnss_compat-2.21.so
7fe4c55ed000-7fe4c55ee000 rw-p 00008000 08:12 266666                     /lib/x86_64-linux-gnu/libnss_compat-2.21.so
7fe4c55ee000-7fe4c5618000 r-xp 00000000 08:12 4203590                    /usr/lib/jvm/java-8-oracle/jre/lib/amd64/libjava.so
7fe4c5618000-7fe4c5818000 ---p 0002a000 08:12 4203590                    /usr/lib/jvm/java-8-oracle/jre/lib/amd64/libjava.so
7fe4c5818000-7fe4c581a000 rw-p 0002a000 08:12 4203590                    /usr/lib/jvm/java-8-oracle/jre/lib/amd64/libjava.so
7fe4c581a000-7fe4c5827000 r-xp 00000000 08:12 4203594                    /usr/lib/jvm/java-8-oracle/jre/lib/amd64/libverify.so
7fe4c5827000-7fe4c5a27000 ---p 0000d000 08:12 4203594                    /usr/lib/jvm/java-8-oracle/jre/lib/amd64/libverify.so
7fe4c5a27000-7fe4c5a29000 rw-p 0000d000 08:12 4203594                    /usr/lib/jvm/java-8-oracle/jre/lib/amd64/libverify.so
7fe4c5a29000-7fe4c5a30000 r-xp 00000000 08:12 266725                     /lib/x86_64-linux-gnu/librt-2.21.so
7fe4c5a30000-7fe4c5c2f000 ---p 00007000 08:12 266725                     /lib/x86_64-linux-gnu/librt-2.21.so
7fe4c5c2f000-7fe4c5c30000 r--p 00006000 08:12 266725                     /lib/x86_64-linux-gnu/librt-2.21.so
7fe4c5c30000-7fe4c5c31000 rw-p 00007000 08:12 266725                     /lib/x86_64-linux-gnu/librt-2.21.so
7fe4c5c31000-7fe4c5d38000 r-xp 00000000 08:12 266643                     /lib/x86_64-linux-gnu/libm-2.21.so
7fe4c5d38000-7fe4c5f37000 ---p 00107000 08:12 266643                     /lib/x86_64-linux-gnu/libm-2.21.so
7fe4c5f37000-7fe4c5f38000 r--p 00106000 08:12 266643                     /lib/x86_64-linux-gnu/libm-2.21.so
7fe4c5f38000-7fe4c5f39000 rw-p 00107000 08:12 266643                     /lib/x86_64-linux-gnu/libm-2.21.so
7fe4c5f39000-7fe4c6bf7000 r-xp 00000000 08:12 4201549                    /usr/lib/jvm/java-8-oracle/jre/lib/amd64/server/libjvm.so
7fe4c6bf7000-7fe4c6df6000 ---p 00cbe000 08:12 4201549                    /usr/lib/jvm/java-8-oracle/jre/lib/amd64/server/libjvm.so
7fe4c6df6000-7fe4c6ecf000 rw-p 00cbd000 08:12 4201549                    /usr/lib/jvm/java-8-oracle/jre/lib/amd64/server/libjvm.so
7fe4c6ecf000-7fe4c6f13000 rw-p 00000000 00:00 0 
7fe4c6f13000-7fe4c70d3000 r-xp 00000000 08:12 266584                     /lib/x86_64-linux-gnu/libc-2.21.so
7fe4c70d3000-7fe4c72d3000 ---p 001c0000 08:12 266584                     /lib/x86_64-linux-gnu/libc-2.21.so
7fe4c72d3000-7fe4c72d7000 r--p 001c0000 08:12 266584                     /lib/x86_64-linux-gnu/libc-2.21.so
7fe4c72d7000-7fe4c72d9000 rw-p 001c4000 08:12 266584                     /lib/x86_64-linux-gnu/libc-2.21.so
7fe4c72d9000-7fe4c72dd000 rw-p 00000000 00:00 0 
7fe4c72dd000-7fe4c72e0000 r-xp 00000000 08:12 266601                     /lib/x86_64-linux-gnu/libdl-2.21.so
7fe4c72e0000-7fe4c74df000 ---p 00003000 08:12 266601                     /lib/x86_64-linux-gnu/libdl-2.21.so
7fe4c74df000-7fe4c74e0000 r--p 00002000 08:12 266601                     /lib/x86_64-linux-gnu/libdl-2.21.so
7fe4c74e0000-7fe4c74e1000 rw-p 00003000 08:12 266601                     /lib/x86_64-linux-gnu/libdl-2.21.so
7fe4c74e1000-7fe4c74f6000 r-xp 00000000 08:12 4198721                    /usr/lib/jvm/java-8-oracle/lib/amd64/jli/libjli.so
7fe4c74f6000-7fe4c76f6000 ---p 00015000 08:12 4198721                    /usr/lib/jvm/java-8-oracle/lib/amd64/jli/libjli.so
7fe4c76f6000-7fe4c76f7000 rw-p 00015000 08:12 4198721                    /usr/lib/jvm/java-8-oracle/lib/amd64/jli/libjli.so
7fe4c76f7000-7fe4c770f000 r-xp 00000000 08:12 266717                     /lib/x86_64-linux-gnu/libpthread-2.21.so
7fe4c770f000-7fe4c790f000 ---p 00018000 08:12 266717                     /lib/x86_64-linux-gnu/libpthread-2.21.so
7fe4c790f000-7fe4c7910000 r--p 00018000 08:12 266717                     /lib/x86_64-linux-gnu/libpthread-2.21.so
7fe4c7910000-7fe4c7911000 rw-p 00019000 08:12 266717                     /lib/x86_64-linux-gnu/libpthread-2.21.so
7fe4c7911000-7fe4c7915000 rw-p 00000000 00:00 0 
7fe4c7915000-7fe4c7939000 r-xp 00000000 08:12 266556                     /lib/x86_64-linux-gnu/ld-2.21.so
7fe4c793d000-7fe4c7a0f000 rw-p 00000000 00:00 0 
7fe4c7a0f000-7fe4c7a12000 ---p 00000000 00:00 0 
7fe4c7a12000-7fe4c7b14000 rw-p 00000000 00:00 0                          [stack:28805]
7fe4c7b15000-7fe4c7b2c000 rw-p 00000000 00:00 0 
7fe4c7b2c000-7fe4c7b34000 rw-s 00000000 08:12 3408195                    /tmp/hsperfdata_duke/28796
7fe4c7b34000-7fe4c7b35000 rw-p 00000000 00:00 0 
7fe4c7b35000-7fe4c7b36000 r--p 00000000 00:00 0 
7fe4c7b36000-7fe4c7b38000 rw-p 00000000 00:00 0 
7fe4c7b38000-7fe4c7b39000 r--p 00023000 08:12 266556                     /lib/x86_64-linux-gnu/ld-2.21.so
7fe4c7b39000-7fe4c7b3a000 rw-p 00024000 08:12 266556                     /lib/x86_64-linux-gnu/ld-2.21.so
7fe4c7b3a000-7fe4c7b3b000 rw-p 00000000 00:00 0 
7fffb2672000-7fffb2693000 rw-p 00000000 00:00 0                          [stack]
7fffb26f1000-7fffb26f3000 r--p 00000000 00:00 0                          [vvar]
7fffb26f3000-7fffb26f5000 r-xp 00000000 00:00 0                          [vdso]
ffffffffff600000-ffffffffff601000 r-xp 00000000 00:00 0                  [vsyscall]

VM Arguments:
jvm_args: -Xmx1024M -Dfile.encoding=UTF-8 -Duser.country=US -Duser.language=en -Duser.variant 
java_command: com.android.dx.command.Main --dex --output /home/duke/AndroidStudioProjects/MasterSahab/app/build/intermediates/dex/debug /home/duke/AndroidStudioProjects/MasterSahab/app/build/intermediates/classes/debug /home/duke/AndroidStudioProjects/MasterSahab/app/build/intermediates/pre-dexed/debug/support-annotations-22.2.0-d11b86e8a8d5a60125987e55ed19da6fe916ed6c.jar /home/duke/AndroidStudioProjects/MasterSahab/app/build/intermediates/pre-dexed/debug/internal_impl-22.2.0-9fd2cdf11b2cb58a68c8003917e19ca6197745ad.jar /home/duke/AndroidStudioProjects/MasterSahab/app/build/intermediates/pre-dexed/debug/classes-8ef248cfe074cd8203cc4c867f71e14f57d6780a.jar /home/duke/AndroidStudioProjects/MasterSahab/app/build/intermediates/pre-dexed/debug/classes-dccf93463063885d5b233794907a60cd6aefb60c.jar
java_class_path (initial): /opt/android-sdk-linux/build-tools/21.1.2/lib/dx.jar
Launcher Type: SUN_STANDARD

Environment Variables:
JAVA_HOME=/usr/lib/jvm/java-8-oracle
PATH=/usr/local/sbin:/usr/local/bin:/usr/sbin:/usr/bin:/sbin:/bin:/usr/games:/usr/local/games:/usr/lib/jvm/java-8-oracle/bin:/usr/lib/jvm/java-8-oracle/db/bin:/usr/lib/jvm/java-8-oracle/jre/bin
LD_LIBRARY_PATH=/home/duke/Apps/android-studio/bin:
SHELL=/bin/bash
DISPLAY=:0

Signal Handlers:
SIGSEGV: [libjvm.so+0xaba2a0], sa_mask[0]=11111111011111111101111111111110, sa_flags=SA_RESTART|SA_SIGINFO
SIGBUS: [libjvm.so+0xaba2a0], sa_mask[0]=11111111011111111101111111111110, sa_flags=SA_RESTART|SA_SIGINFO
SIGFPE: [libjvm.so+0x917710], sa_mask[0]=11111111011111111101111111111110, sa_flags=SA_RESTART|SA_SIGINFO
SIGPIPE: [libjvm.so+0x917710], sa_mask[0]=11111111011111111101111111111110, sa_flags=SA_RESTART|SA_SIGINFO
SIGXFSZ: [libjvm.so+0x917710], sa_mask[0]=11111111011111111101111111111110, sa_flags=SA_RESTART|SA_SIGINFO
SIGILL: [libjvm.so+0x917710], sa_mask[0]=11111111011111111101111111111110, sa_flags=SA_RESTART|SA_SIGINFO
SIGUSR1: SIG_DFL, sa_mask[0]=00000000000000000000000000000000, sa_flags=none
SIGUSR2: [libjvm.so+0x918d40], sa_mask[0]=00100000000000000000000000000000, sa_flags=SA_RESTART|SA_SIGINFO
SIGHUP: [libjvm.so+0x91a140], sa_mask[0]=11111111011111111101111111111110, sa_flags=SA_RESTART|SA_SIGINFO
SIGINT: [libjvm.so+0x91a140], sa_mask[0]=11111111011111111101111111111110, sa_flags=SA_RESTART|SA_SIGINFO
SIGTERM: [libjvm.so+0x91a140], sa_mask[0]=11111111011111111101111111111110, sa_flags=SA_RESTART|SA_SIGINFO
SIGQUIT: [libjvm.so+0x91a140], sa_mask[0]=11111111011111111101111111111110, sa_flags=SA_RESTART|SA_SIGINFO


---------------  S Y S T E M  ---------------

OS:DISTRIB_ID=Ubuntu
DISTRIB_RELEASE=15.10
DISTRIB_CODENAME=wily
DISTRIB_DESCRIPTION="Ubuntu 15.10"

uname:Linux 4.2.0-27-generic #32-Ubuntu SMP Fri Jan 22 04:49:08 UTC 2016 x86_64
libc:glibc 2.21 NPTL 2.21 
rlimit: STACK 8192k, CORE 0k, NPROC 31796, NOFILE 65536, AS infinity
load average:1.89 1.87 1.96

/proc/meminfo:
MemTotal:        8174564 kB
MemFree:           65012 kB
MemAvailable:    3046180 kB
Buffers:         1297848 kB
Cached:          1807144 kB
SwapCached:        48024 kB
Active:          4597048 kB
Inactive:        3030292 kB
Active(anon):    3192232 kB
Inactive(anon):  1531288 kB
Active(file):    1404816 kB
Inactive(file):  1499004 kB
Unevictable:          32 kB
Mlocked:              32 kB
SwapTotal:       1998844 kB
SwapFree:        1036364 kB
Dirty:             32068 kB
Writeback:             0 kB
AnonPages:       4479220 kB
Mapped:           514856 kB
Shmem:            201036 kB
Slab:             175456 kB
SReclaimable:     119924 kB
SUnreclaim:        55532 kB
KernelStack:       10224 kB
PageTables:        51988 kB
NFS_Unstable:          0 kB
Bounce:                0 kB
WritebackTmp:          0 kB
CommitLimit:     6086124 kB
Committed_AS:    8582152 kB
VmallocTotal:   34359738367 kB
VmallocUsed:       91580 kB
VmallocChunk:   34359586812 kB
HardwareCorrupted:     0 kB
AnonHugePages:    915456 kB
CmaTotal:              0 kB
CmaFree:               0 kB
HugePages_Total:       0
HugePages_Free:        0
HugePages_Rsvd:        0
HugePages_Surp:        0
Hugepagesize:       2048 kB
DirectMap4k:     1889216 kB
DirectMap2M:     6498304 kB


CPU:total 4 (4 cores per cpu, 1 threads per core) family 6 model 15 stepping 11, cmov, cx8, fxsr, mmx, sse, sse2, sse3, ssse3, tsc

/proc/cpuinfo:
processor	: 0
vendor_id	: GenuineIntel
cpu family	: 6
model		: 15
model name	: Intel(R) Core(TM)2 Quad CPU    Q6600  @ 2.40GHz
stepping	: 11
microcode	: 0xba
cpu MHz		: 2400.000
cache size	: 4096 KB
physical id	: 0
siblings	: 4
core id		: 0
cpu cores	: 4
apicid		: 0
initial apicid	: 0
fpu		: yes
fpu_exception	: yes
cpuid level	: 10
wp		: yes
flags		: fpu vme de pse tsc msr pae mce cx8 apic sep mtrr pge mca cmov pat pse36 clflush dts acpi mmx fxsr sse sse2 ss ht tm pbe syscall nx lm constant_tsc arch_perfmon pebs bts rep_good nopl aperfmperf pni dtes64 monitor ds_cpl vmx est tm2 ssse3 cx16 xtpr pdcm lahf_lm dtherm tpr_shadow vnmi flexpriority
bugs		:
bogomips	: 4800.04
clflush size	: 64
cache_alignment	: 64
address sizes	: 36 bits physical, 48 bits virtual
power management:

processor	: 1
vendor_id	: GenuineIntel
cpu family	: 6
model		: 15
model name	: Intel(R) Core(TM)2 Quad CPU    Q6600  @ 2.40GHz
stepping	: 11
microcode	: 0xba
cpu MHz		: 2400.000
cache size	: 4096 KB
physical id	: 0
siblings	: 4
core id		: 3
cpu cores	: 4
apicid		: 3
initial apicid	: 3
fpu		: yes
fpu_exception	: yes
cpuid level	: 10
wp		: yes
flags		: fpu vme de pse tsc msr pae mce cx8 apic sep mtrr pge mca cmov pat pse36 clflush dts acpi mmx fxsr sse sse2 ss ht tm pbe syscall nx lm constant_tsc arch_perfmon pebs bts rep_good nopl aperfmperf pni dtes64 monitor ds_cpl vmx est tm2 ssse3 cx16 xtpr pdcm lahf_lm dtherm tpr_shadow vnmi flexpriority
bugs		:
bogomips	: 4800.04
clflush size	: 64
cache_alignment	: 64
address sizes	: 36 bits physical, 48 bits virtual
power management:

processor	: 2
vendor_id	: GenuineIntel
cpu family	: 6
model		: 15
model name	: Intel(R) Core(TM)2 Quad CPU    Q6600  @ 2.40GHz
stepping	: 11
microcode	: 0xba
cpu MHz		: 2400.000
cache size	: 4096 KB
physical id	: 0
siblings	: 4
core id		: 1
cpu cores	: 4
apicid		: 1
initial apicid	: 1
fpu		: yes
fpu_exception	: yes
cpuid level	: 10
wp		: yes
flags		: fpu vme de pse tsc msr pae mce cx8 apic sep mtrr pge mca cmov pat pse36 clflush dts acpi mmx fxsr sse sse2 ss ht tm pbe syscall nx lm constant_tsc arch_perfmon pebs bts rep_good nopl aperfmperf pni dtes64 monitor ds_cpl vmx est tm2 ssse3 cx16 xtpr pdcm lahf_lm dtherm tpr_shadow vnmi flexpriority
bugs		:
bogomips	: 4800.04
clflush size	: 64
cache_alignment	: 64
address sizes	: 36 bits physical, 48 bits virtual
power management:

processor	: 3
vendor_id	: GenuineIntel
cpu family	: 6
model		: 15
model name	: Intel(R) Core(TM)2 Quad CPU    Q6600  @ 2.40GHz
stepping	: 11
microcode	: 0xba
cpu MHz		: 2400.000
cache size	: 4096 KB
physical id	: 0
siblings	: 4
core id		: 2
cpu cores	: 4
apicid		: 2
initial apicid	: 2
fpu		: yes
fpu_exception	: yes
cpuid level	: 10
wp		: yes
flags		: fpu vme de pse tsc msr pae mce cx8 apic sep mtrr pge mca cmov pat pse36 clflush dts acpi mmx fxsr sse sse2 ss ht tm pbe syscall nx lm constant_tsc arch_perfmon pebs bts rep_good nopl aperfmperf pni dtes64 monitor ds_cpl vmx est tm2 ssse3 cx16 xtpr pdcm lahf_lm dtherm tpr_shadow vnmi flexpriority
bugs		:
bogomips	: 4800.04
clflush size	: 64
cache_alignment	: 64
address sizes	: 36 bits physical, 48 bits virtual
power management:



Memory: 4k page, physical 8174564k(65012k free), swap 1998844k(1036364k free)

vm_info: Java HotSpot(TM) 64-Bit Server VM (25.66-b17) for linux-amd64 JRE (1.8.0_66-b17), built on Oct  6 2015 17:28:34 by "java_re" with gcc 4.3.0 20080428 (Red Hat 4.3.0-8)

time: Mon Feb 15 23:48:43 2016
elapsed time: 4 seconds (0d 0h 0m 4s)

