#
# A fatal error has been detected by the Java Runtime Environment:
#
#  SIGSEGV (0xb) at pc=0x00007efd195ae060, pid=22388, tid=139626943891200
#
# JRE version: Java(TM) SE Runtime Environment (8.0_66-b17) (build 1.8.0_66-b17)
# Java VM: Java HotSpot(TM) 64-Bit Server VM (25.66-b17 mixed mode linux-amd64 compressed oops)
# Problematic frame:
# C  0x00007efd195ae060
#
# Failed to write core dump. Core dumps have been disabled. To enable core dumping, try "ulimit -c unlimited" before starting Java again
#
# If you would like to submit a bug report, please visit:
#   http://bugreport.java.com/bugreport/crash.jsp
#

---------------  T H R E A D  ---------------

Current thread (0x00007efd6800a000):  JavaThread "main" [_thread_in_Java, id=22394, stack(0x00007efd6e544000,0x00007efd6e645000)]

siginfo: si_signo: 11 (SIGSEGV), si_code: 2 (SEGV_ACCERR), si_addr: 0x00007efd195ae060

Registers:
RAX=0x00007efd557f9c88, RBX=0x00000000ed93e6d0, RCX=0x00000000ed93e6d0, RDX=0x0000000000000038
RSP=0x00007efd6e643088, RBP=0x00007efd6e643140, RSI=0x00000000ed93e6d0, RDI=0x00000000ed93e6d0
R8 =0x00000000ef0f6c80, R9 =0x00000000000000cd, R10=0x00007efd6da1f260, R11=0x00007efd58bfc4e0
R12=0x0000000000000000, R13=0x00007efd6e6430f0, R14=0x00007efd6e643158, R15=0x00007efd6800a000
RIP=0x00007efd195ae060, EFLAGS=0x0000000000010202, CSGSFS=0x0000000000000033, ERR=0x0000000000000014
  TRAPNO=0x000000000000000e

Top of Stack: (sp=0x00007efd6e643088)
0x00007efd6e643088:   00007efd58bfc594 00007efd555b3705
0x00007efd6e643098:   00007efd6e6430e8 00007efd555b38c0
0x00007efd6e6430a8:   00007efd557fdbb8 00000000ed93e6d0
0x00007efd6e6430b8:   000000000000081a 00007efd6e6430e0
0x00007efd6e6430c8:   00007efd6e643140 00007efd6e643140
0x00007efd6e6430d8:   00007efd585b03d0 00000000ef0f6c50
0x00007efd6e6430e8:   00007efd585b03d0 000000000000081a
0x00007efd6e6430f8:   00000000ed93e6d0 00007efd6e643100
0x00007efd6e643108:   00007efd557f6960 00007efd6e643158
0x00007efd6e643118:   00007efd557f7618 00007efd557fd7a0
0x00007efd6e643128:   00007efd557f6990 00007efd6e6430f0
0x00007efd6e643138:   00007efd6e643150 00007efd6e6431a0
0x00007efd6e643148:   00007efd585b098d 00000000ef0f6c50
0x00007efd6e643158:   00000000ed93e688 00007efd6e643160
0x00007efd6e643168:   00007efd557f6b52 00007efd6e6431c0
0x00007efd6e643178:   00007efd557f7618 00007efd557fab90
0x00007efd6e643188:   00007efd557f6bd0 00007efd6e643150
0x00007efd6e643198:   00007efd6e6431d0 00007efd6e6432e8
0x00007efd6e6431a8:   00007efd58bf9444 0000000000000031
0x00007efd6e6431b8:   00000000ed88f4f8 00000000ed93e688
0x00007efd6e6431c8:   00007efd58bf9444 00007efd6e643230
0x00007efd6e6431d8:   00007efd585b0710 00007efd585b0710
0x00007efd6e6431e8:   000000000000000e 00007efd6e6431f0
0x00007efd6e6431f8:   00007efd557f6063 00007efd6e6432e8
0x00007efd6e643208:   00007efd58bf243c 0000000000000000
0x00007efd6e643218:   00007efd557f61d0 0000000000000000
0x00007efd6e643228:   00007efd6e643290 0000000d00000008
0x00007efd6e643238:   00000000ed93e688 000000130000000a
0x00007efd6e643248:   00007efd0000000b 00000000ed93e6d0
0x00007efd6e643258:   0000000b00000007 00000000ed88f4f8
0x00007efd6e643268:   0000000000000004 00007efd6e6432e8
0x00007efd6e643278:   00007efd585b0710 00007efd6e6432e8 

Instructions: (pc=0x00007efd195ae060)
0x00007efd195ae040:   
[error occurred during error reporting (printing registers, top of stack, instructions near pc), id 0xb]

Register to memory mapping:

RAX=0x00007efd557f9c88 is pointing into metadata
RBX=0x00000000ed93e6d0 is an oop
com.android.dx.util.ByteArrayAnnotatedOutput 
 - klass: 'com/android/dx/util/ByteArrayAnnotatedOutput'
RCX=0x00000000ed93e6d0 is an oop
com.android.dx.util.ByteArrayAnnotatedOutput 
 - klass: 'com/android/dx/util/ByteArrayAnnotatedOutput'
RDX=0x0000000000000038 is an unknown value
RSP=0x00007efd6e643088 is pointing into the stack for thread: 0x00007efd6800a000
RBP=0x00007efd6e643140 is pointing into the stack for thread: 0x00007efd6800a000
RSI=0x00000000ed93e6d0 is an oop
com.android.dx.util.ByteArrayAnnotatedOutput 
 - klass: 'com/android/dx/util/ByteArrayAnnotatedOutput'
RDI=0x00000000ed93e6d0 is an oop
com.android.dx.util.ByteArrayAnnotatedOutput 
 - klass: 'com/android/dx/util/ByteArrayAnnotatedOutput'
R8 =0x00000000ef0f6c80 is an oop
[C 
 - klass: {type array char}
 - length: 13
R9 =0x00000000000000cd is an unknown value
R10=0x00007efd6da1f260: <offset 0xfb1260> in /usr/lib/jvm/java-8-oracle/jre/lib/amd64/server/libjvm.so at 0x00007efd6ca6e000
R11=0x00007efd58bfc4e0 is at entry_point+32 in (nmethod*)0x00007efd58bfc350
R12=0x0000000000000000 is an unknown value
R13=0x00007efd6e6430f0 is pointing into the stack for thread: 0x00007efd6800a000
R14=0x00007efd6e643158 is pointing into the stack for thread: 0x00007efd6800a000
R15=0x00007efd6800a000 is a thread


Stack: [0x00007efd6e544000,0x00007efd6e645000],  sp=0x00007efd6e643088,  free space=1020k
Native frames: (J=compiled Java code, j=interpreted, Vv=VM code, C=native code)
C  0x00007efd195ae060
j  com.android.dx.dex.file.DebugInfoEncoder.emitLocalStart(Lcom/android/dx/dex/code/LocalList$Entry;)V+42
J 1717 C1 com.android.dx.dex.file.DebugInfoEncoder.emitLocalsAtAddress(I)I (150 bytes) @ 0x00007efd58bf9444 [0x00007efd58bf86c0+0xd84]
j  com.android.dx.dex.file.DebugInfoEncoder.convert0()[B+86
j  com.android.dx.dex.file.DebugInfoEncoder.convert()[B+1
j  com.android.dx.dex.file.DebugInfoItem.encode0(Lcom/android/dx/dex/file/DexFile;Ljava/lang/String;Ljava/io/PrintWriter;Lcom/android/dx/util/AnnotatedOutput;Z)[B+78
j  com.android.dx.dex.file.DebugInfoItem.encode(Lcom/android/dx/dex/file/DexFile;Ljava/lang/String;Ljava/io/PrintWriter;Lcom/android/dx/util/AnnotatedOutput;Z)[B+8
j  com.android.dx.dex.file.DebugInfoItem.place0(Lcom/android/dx/dex/file/Section;I)V+10
J 1697 C1 com.android.dx.dex.file.OffsettedItem.place(Lcom/android/dx/dex/file/Section;I)I (78 bytes) @ 0x00007efd58befda4 [0x00007efd58befbc0+0x1e4]
j  com.android.dx.dex.file.MixedItemSection.placeItems()V+94
j  com.android.dx.dex.file.DexFile.toDex0(ZZ)Lcom/android/dx/util/ByteArrayAnnotatedOutput;+195
j  com.android.dx.dex.file.DexFile.toDex(Ljava/io/Writer;Z)[B+13
j  com.android.dx.command.dexer.Main.writeDex()[B+50
j  com.android.dx.command.dexer.Main.runMonoDex()I+103
j  com.android.dx.command.dexer.Main.run(Lcom/android/dx/command/dexer/Main$Arguments;)I+76
j  com.android.dx.command.dexer.Main.main([Ljava/lang/String;)V+14
j  com.android.dx.command.Main.main([Ljava/lang/String;)V+61
v  ~StubRoutines::call_stub
V  [libjvm.so+0x68bc46]  JavaCalls::call_helper(JavaValue*, methodHandle*, JavaCallArguments*, Thread*)+0x1056
V  [libjvm.so+0x6cd262]  jni_invoke_static(JNIEnv_*, JavaValue*, _jobject*, JNICallType, _jmethodID*, JNI_ArgumentPusher*, Thread*)+0x362
V  [libjvm.so+0x6e9c6a]  jni_CallStaticVoidMethod+0x17a
C  [libjli.so+0x7bcc]  JavaMain+0x80c
C  [libpthread.so.0+0x76aa]  start_thread+0xca


---------------  P R O C E S S  ---------------

Java Threads: ( => current thread )
  0x00007efd680c2800 JavaThread "Service Thread" daemon [_thread_blocked, id=22406, stack(0x00007efd4efd5000,0x00007efd4f0d6000)]
  0x00007efd680bd800 JavaThread "C1 CompilerThread2" daemon [_thread_blocked, id=22405, stack(0x00007efd4f0d6000,0x00007efd4f1d7000)]
  0x00007efd680bb800 JavaThread "C2 CompilerThread1" daemon [_thread_in_vm, id=22404, stack(0x00007efd4f1d7000,0x00007efd4f2d8000)]
  0x00007efd680b8800 JavaThread "C2 CompilerThread0" daemon [_thread_blocked, id=22403, stack(0x00007efd4f2d8000,0x00007efd4f3d9000)]
  0x00007efd680b7000 JavaThread "Signal Dispatcher" daemon [_thread_blocked, id=22402, stack(0x00007efd4f3d9000,0x00007efd4f4da000)]
  0x00007efd6807f800 JavaThread "Finalizer" daemon [_thread_blocked, id=22401, stack(0x00007efd4fbfc000,0x00007efd4fcfd000)]
  0x00007efd6807d000 JavaThread "Reference Handler" daemon [_thread_blocked, id=22400, stack(0x00007efd4fcfd000,0x00007efd4fdfe000)]
=>0x00007efd6800a000 JavaThread "main" [_thread_in_Java, id=22394, stack(0x00007efd6e544000,0x00007efd6e645000)]

Other Threads:
  0x00007efd68078000 VMThread [stack: 0x00007efd4fdfe000,0x00007efd4feff000] [id=22399]
  0x00007efd680c5800 WatcherThread [stack: 0x00007efd4eed4000,0x00007efd4efd5000] [id=22407]

VM state:not at safepoint (normal execution)

VM Mutex/Monitor currently owned by a thread: None

Heap:
 PSYoungGen      total 70656K, used 53270K [0x00000000eab00000, 0x00000000ef500000, 0x0000000100000000)
  eden space 65536K, 73% used [0x00000000eab00000,0x00000000eda0d340,0x00000000eeb00000)
  from space 5120K, 99% used [0x00000000ef000000,0x00000000ef4f86b8,0x00000000ef500000)
  to   space 5120K, 0% used [0x00000000eeb00000,0x00000000eeb00000,0x00000000ef000000)
 ParOldGen       total 86016K, used 5003K [0x00000000c0000000, 0x00000000c5400000, 0x00000000eab00000)
  object space 86016K, 5% used [0x00000000c0000000,0x00000000c04e2e10,0x00000000c5400000)
 Metaspace       used 6027K, capacity 7216K, committed 7296K, reserved 1056768K
  class space    used 573K, capacity 616K, committed 640K, reserved 1048576K

Card table byte_map: [0x00007efd57fe8000,0x00007efd581e9000] byte_map_base: 0x00007efd579e8000

Marking Bits: (ParMarkBitMap*) 0x00007efd6da1d020
 Begin Bits: [0x00007efd55b8f000, 0x00007efd56b8f000)
 End Bits:   [0x00007efd56b8f000, 0x00007efd57b8f000)

Polling page: 0x00007efd6e66a000

CodeCache: size=245760Kb used=6502Kb max_used=6502Kb free=239257Kb
 bounds [0x00007efd585a9000, 0x00007efd58c09000, 0x00007efd675a9000]
 total_blobs=1967 nmethods=1704 adapters=179
 compilation: enabled

Compilation events (10 events):
Event: 2.942 Thread 0x00007efd680bd800 1729       3       com.android.dx.dex.file.DebugInfoEncoder$1::compare (10 bytes)
Event: 2.942 Thread 0x00007efd680bd800 nmethod 1729 0x00007efd58bfd710 code [0x00007efd58bfd880, 0x00007efd58bfda10]
Event: 2.942 Thread 0x00007efd680bd800 1719       3       java.util.Collections::sort (8 bytes)
Event: 2.942 Thread 0x00007efd680bd800 nmethod 1719 0x00007efd58bfd2d0 code [0x00007efd58bfd440, 0x00007efd58bfd648]
Event: 2.942 Thread 0x00007efd680bd800 1733       3       com.android.dx.dex.file.Section::throwIfNotPrepared (18 bytes)
Event: 2.942 Thread 0x00007efd680bd800 nmethod 1733 0x00007efd58c02f50 code [0x00007efd58c030c0, 0x00007efd58c03308]
Event: 2.942 Thread 0x00007efd680bd800 1724       3       com.android.dx.dex.file.OffsettedItem::setWriteSize (37 bytes)
Event: 2.942 Thread 0x00007efd680b8800 1730       4       com.android.dx.util.ByteArrayAnnotatedOutput::ensureCapacity (39 bytes)
Event: 2.943 Thread 0x00007efd680b8800 nmethod 1730 0x00007efd58bfcfd0 code [0x00007efd58bfd120, 0x00007efd58bfd1b8]
Event: 2.943 Thread 0x00007efd680b8800 1734       4       com.android.dx.util.ByteArrayAnnotatedOutput::writeByte (51 bytes)

GC Heap History (4 events):
Event: 1.699 GC heap before
{Heap before GC invocations=1 (full 0):
 PSYoungGen      total 37888K, used 32768K [0x00000000eab00000, 0x00000000ed500000, 0x0000000100000000)
  eden space 32768K, 100% used [0x00000000eab00000,0x00000000ecb00000,0x00000000ecb00000)
  from space 5120K, 0% used [0x00000000ed000000,0x00000000ed000000,0x00000000ed500000)
  to   space 5120K, 0% used [0x00000000ecb00000,0x00000000ecb00000,0x00000000ed000000)
 ParOldGen       total 86016K, used 0K [0x00000000c0000000, 0x00000000c5400000, 0x00000000eab00000)
  object space 86016K, 0% used [0x00000000c0000000,0x00000000c0000000,0x00000000c5400000)
 Metaspace       used 5369K, capacity 6832K, committed 7040K, reserved 1056768K
  class space    used 534K, capacity 616K, committed 640K, reserved 1048576K
Event: 1.725 GC heap after
Heap after GC invocations=1 (full 0):
 PSYoungGen      total 37888K, used 5110K [0x00000000eab00000, 0x00000000ef500000, 0x0000000100000000)
  eden space 32768K, 0% used [0x00000000eab00000,0x00000000eab00000,0x00000000ecb00000)
  from space 5120K, 99% used [0x00000000ecb00000,0x00000000ecffda50,0x00000000ed000000)
  to   space 5120K, 0% used [0x00000000ef000000,0x00000000ef000000,0x00000000ef500000)
 ParOldGen       total 86016K, used 497K [0x00000000c0000000, 0x00000000c5400000, 0x00000000eab00000)
  object space 86016K, 0% used [0x00000000c0000000,0x00000000c007c4a0,0x00000000c5400000)
 Metaspace       used 5369K, capacity 6832K, committed 7040K, reserved 1056768K
  class space    used 534K, capacity 616K, committed 640K, reserved 1048576K
}
Event: 2.092 GC heap before
{Heap before GC invocations=2 (full 0):
 PSYoungGen      total 37888K, used 37878K [0x00000000eab00000, 0x00000000ef500000, 0x0000000100000000)
  eden space 32768K, 100% used [0x00000000eab00000,0x00000000ecb00000,0x00000000ecb00000)
  from space 5120K, 99% used [0x00000000ecb00000,0x00000000ecffda50,0x00000000ed000000)
  to   space 5120K, 0% used [0x00000000ef000000,0x00000000ef000000,0x00000000ef500000)
 ParOldGen       total 86016K, used 497K [0x00000000c0000000, 0x00000000c5400000, 0x00000000eab00000)
  object space 86016K, 0% used [0x00000000c0000000,0x00000000c007c4a0,0x00000000c5400000)
 Metaspace       used 5514K, capacity 6960K, committed 7040K, reserved 1056768K
  class space    used 538K, capacity 616K, committed 640K, reserved 1048576K
Event: 2.141 GC heap after
Heap after GC invocations=2 (full 0):
 PSYoungGen      total 70656K, used 5089K [0x00000000eab00000, 0x00000000ef500000, 0x0000000100000000)
  eden space 65536K, 0% used [0x00000000eab00000,0x00000000eab00000,0x00000000eeb00000)
  from space 5120K, 99% used [0x00000000ef000000,0x00000000ef4f86b8,0x00000000ef500000)
  to   space 5120K, 0% used [0x00000000eeb00000,0x00000000eeb00000,0x00000000ef000000)
 ParOldGen       total 86016K, used 5003K [0x00000000c0000000, 0x00000000c5400000, 0x00000000eab00000)
  object space 86016K, 5% used [0x00000000c0000000,0x00000000c04e2e10,0x00000000c5400000)
 Metaspace       used 5514K, capacity 6960K, committed 7040K, reserved 1056768K
  class space    used 538K, capacity 616K, committed 640K, reserved 1048576K
}

Deoptimization events (10 events):
Event: 2.693 Thread 0x00007efd6800a000 Uncommon trap: reason=bimorphic action=maybe_recompile pc=0x00007efd58b59d80 method=java.util.HashMap.putVal(ILjava/lang/Object;Ljava/lang/Object;ZZ)Ljava/lang/Object; @ 203
Event: 2.693 Thread 0x00007efd6800a000 Uncommon trap: reason=bimorphic action=maybe_recompile pc=0x00007efd58b59d80 method=java.util.HashMap.putVal(ILjava/lang/Object;Ljava/lang/Object;ZZ)Ljava/lang/Object; @ 203
Event: 2.693 Thread 0x00007efd6800a000 Uncommon trap: reason=bimorphic action=maybe_recompile pc=0x00007efd58b59d80 method=java.util.HashMap.putVal(ILjava/lang/Object;Ljava/lang/Object;ZZ)Ljava/lang/Object; @ 203
Event: 2.693 Thread 0x00007efd6800a000 Uncommon trap: reason=bimorphic action=maybe_recompile pc=0x00007efd58b59d80 method=java.util.HashMap.putVal(ILjava/lang/Object;Ljava/lang/Object;ZZ)Ljava/lang/Object; @ 203
Event: 2.781 Thread 0x00007efd6800a000 Uncommon trap: reason=speculate_class_check action=maybe_recompile pc=0x00007efd5885f56c method=com.android.dx.util.FixedSizeList.equals(Ljava/lang/Object;)Z @ 25
Event: 2.782 Thread 0x00007efd6800a000 Uncommon trap: reason=speculate_class_check action=maybe_recompile pc=0x00007efd5885f56c method=com.android.dx.util.FixedSizeList.equals(Ljava/lang/Object;)Z @ 25
Event: 2.782 Thread 0x00007efd6800a000 Uncommon trap: reason=speculate_class_check action=maybe_recompile pc=0x00007efd5885f56c method=com.android.dx.util.FixedSizeList.equals(Ljava/lang/Object;)Z @ 25
Event: 2.782 Thread 0x00007efd6800a000 Uncommon trap: reason=speculate_class_check action=maybe_recompile pc=0x00007efd5885f56c method=com.android.dx.util.FixedSizeList.equals(Ljava/lang/Object;)Z @ 25
Event: 2.791 Thread 0x00007efd6800a000 Uncommon trap: reason=unstable_if action=reinterpret pc=0x00007efd58b8dda0 method=java.util.TreeMap.put(Ljava/lang/Object;Ljava/lang/Object;)Ljava/lang/Object; @ 163
Event: 2.856 Thread 0x00007efd6800a000 Uncommon trap: reason=unstable_if action=reinterpret pc=0x00007efd58af35c4 method=com.android.dx.rop.code.RegisterSpecSet.equals(Ljava/lang/Object;)Z @ 30

Internal exceptions (3 events):
Event: 0.149 Thread 0x00007efd6800a000 Exception <a 'java/lang/NoSuchMethodError': Method sun.misc.Unsafe.defineClass(Ljava/lang/String;[BII)Ljava/lang/Class; name or signature does not match> (0x00000000eab12b90) thrown at [/HUDSON/workspace/8-2-build-linux-amd64/jdk8u66/4988/hotspot/src/shar
Event: 0.149 Thread 0x00007efd6800a000 Exception <a 'java/lang/NoSuchMethodError': Method sun.misc.Unsafe.prefetchRead(Ljava/lang/Object;J)V name or signature does not match> (0x00000000eab12e78) thrown at [/HUDSON/workspace/8-2-build-linux-amd64/jdk8u66/4988/hotspot/src/share/vm/prims/jni.cpp
Event: 1.440 Thread 0x00007efd6800a000 Implicit null exception at 0x00007efd58921c01 to 0x00007efd58922f9d

Events (10 events):
Event: 2.856 Thread 0x00007efd6800a000 DEOPT PACKING pc=0x00007efd58af35c4 sp=0x00007efd6e6430f0
Event: 2.856 Thread 0x00007efd6800a000 DEOPT UNPACKING pc=0x00007efd585adf69 sp=0x00007efd6e643090 mode 2
Event: 2.889 loading class com/android/dx/rop/code/RegisterSpec$1
Event: 2.889 loading class com/android/dx/rop/code/RegisterSpec$1 done
Event: 2.926 loading class com/android/dx/dex/file/DebugInfoEncoder
Event: 2.926 loading class com/android/dx/dex/file/DebugInfoEncoder done
Event: 2.928 loading class com/android/dx/dex/file/DebugInfoEncoder$1
Event: 2.928 loading class com/android/dx/dex/file/DebugInfoEncoder$1 done
Event: 2.928 loading class com/android/dx/dex/file/DebugInfoEncoder$2
Event: 2.928 loading class com/android/dx/dex/file/DebugInfoEncoder$2 done


Dynamic libraries:
00400000-00401000 r-xp 00000000 08:12 4072075                            /usr/lib/jvm/java-8-oracle/bin/java
00600000-00601000 rw-p 00000000 08:12 4072075                            /usr/lib/jvm/java-8-oracle/bin/java
01c09000-01c2a000 rw-p 00000000 00:00 0                                  [heap]
c0000000-c5400000 rw-p 00000000 00:00 0 
c5400000-eab00000 ---p 00000000 00:00 0 
eab00000-ef500000 rw-p 00000000 00:00 0 
ef500000-100000000 ---p 00000000 00:00 0 
100000000-1000a0000 rw-p 00000000 00:00 0 
1000a0000-140000000 ---p 00000000 00:00 0 
7efd18000000-7efd18021000 rw-p 00000000 00:00 0 
7efd18021000-7efd1c000000 ---p 00000000 00:00 0 
7efd1c000000-7efd1c021000 rw-p 00000000 00:00 0 
7efd1c021000-7efd20000000 ---p 00000000 00:00 0 
7efd20000000-7efd20b35000 rw-p 00000000 00:00 0 
7efd20b35000-7efd24000000 ---p 00000000 00:00 0 
7efd24000000-7efd24663000 rw-p 00000000 00:00 0 
7efd24663000-7efd28000000 ---p 00000000 00:00 0 
7efd28000000-7efd28021000 rw-p 00000000 00:00 0 
7efd28021000-7efd2c000000 ---p 00000000 00:00 0 
7efd2c000000-7efd2cbb3000 rw-p 00000000 00:00 0 
7efd2cbb3000-7efd30000000 ---p 00000000 00:00 0 
7efd30000000-7efd30021000 rw-p 00000000 00:00 0 
7efd30021000-7efd34000000 ---p 00000000 00:00 0 
7efd34000000-7efd34021000 rw-p 00000000 00:00 0 
7efd34021000-7efd38000000 ---p 00000000 00:00 0 
7efd38000000-7efd38021000 rw-p 00000000 00:00 0 
7efd38021000-7efd3c000000 ---p 00000000 00:00 0 
7efd3c000000-7efd3c021000 rw-p 00000000 00:00 0 
7efd3c021000-7efd40000000 ---p 00000000 00:00 0 
7efd40000000-7efd40021000 rw-p 00000000 00:00 0 
7efd40021000-7efd44000000 ---p 00000000 00:00 0 
7efd48000000-7efd48021000 rw-p 00000000 00:00 0 
7efd48021000-7efd4c000000 ---p 00000000 00:00 0 
7efd4eed4000-7efd4eed5000 ---p 00000000 00:00 0 
7efd4eed5000-7efd4efd5000 rw-p 00000000 00:00 0                          [stack:22407]
7efd4efd5000-7efd4efd8000 ---p 00000000 00:00 0 
7efd4efd8000-7efd4f0d6000 rw-p 00000000 00:00 0                          [stack:22406]
7efd4f0d6000-7efd4f0d9000 ---p 00000000 00:00 0 
7efd4f0d9000-7efd4f1d7000 rw-p 00000000 00:00 0                          [stack:22405]
7efd4f1d7000-7efd4f1da000 ---p 00000000 00:00 0 
7efd4f1da000-7efd4f2d8000 rw-p 00000000 00:00 0                          [stack:22404]
7efd4f2d8000-7efd4f2db000 ---p 00000000 00:00 0 
7efd4f2db000-7efd4f3d9000 rw-p 00000000 00:00 0                          [stack:22403]
7efd4f3d9000-7efd4f3dc000 ---p 00000000 00:00 0 
7efd4f3dc000-7efd4f4da000 rw-p 00000000 00:00 0                          [stack:22402]
7efd4f4da000-7efd4fbfc000 r--p 00000000 08:12 3546878                    /usr/lib/locale/locale-archive
7efd4fbfc000-7efd4fbff000 ---p 00000000 00:00 0 
7efd4fbff000-7efd4fcfd000 rw-p 00000000 00:00 0                          [stack:22401]
7efd4fcfd000-7efd4fd00000 ---p 00000000 00:00 0 
7efd4fd00000-7efd4fdfe000 rw-p 00000000 00:00 0                          [stack:22400]
7efd4fdfe000-7efd4fdff000 ---p 00000000 00:00 0 
7efd4fdff000-7efd50000000 rw-p 00000000 00:00 0                          [stack:22399]
7efd50000000-7efd50021000 rw-p 00000000 00:00 0 
7efd50021000-7efd54000000 ---p 00000000 00:00 0 
7efd5408d000-7efd5409c000 r--s 000dd000 08:12 1704044                    /opt/android-sdk-linux/build-tools/21.1.2/lib/dx.jar
7efd5409c000-7efd540ae000 r--s 001fc000 08:12 4196211                    /usr/lib/jvm/java-8-oracle/jre/lib/ext/ojdbc6.jar
7efd540ae000-7efd54f40000 rw-p 00000000 00:00 0 
7efd54f40000-7efd55119000 r--s 03d20000 08:12 4198918                    /usr/lib/jvm/java-8-oracle/jre/lib/rt.jar
7efd55119000-7efd5580f000 rw-p 00000000 00:00 0 
7efd5580f000-7efd5598f000 ---p 00000000 00:00 0 
7efd5598f000-7efd57b8f000 rw-p 00000000 00:00 0 
7efd57b8f000-7efd57b90000 ---p 00000000 00:00 0 
7efd57b90000-7efd57c90000 rw-p 00000000 00:00 0                          [stack:22398]
7efd57c90000-7efd57c91000 ---p 00000000 00:00 0 
7efd57c91000-7efd57d91000 rw-p 00000000 00:00 0                          [stack:22397]
7efd57d91000-7efd57d92000 ---p 00000000 00:00 0 
7efd57d92000-7efd57ebc000 rw-p 00000000 00:00 0                          [stack:22396]
7efd57ebc000-7efd57fe8000 ---p 00000000 00:00 0 
7efd57fe8000-7efd58012000 rw-p 00000000 00:00 0 
7efd58012000-7efd5813d000 ---p 00000000 00:00 0 
7efd5813d000-7efd58163000 rw-p 00000000 00:00 0 
7efd58163000-7efd581e8000 ---p 00000000 00:00 0 
7efd581e8000-7efd58203000 rw-p 00000000 00:00 0 
7efd58203000-7efd585a9000 ---p 00000000 00:00 0 
7efd585a9000-7efd58c09000 rwxp 00000000 00:00 0 
7efd58c09000-7efd675a9000 ---p 00000000 00:00 0 
7efd675a9000-7efd675c3000 r-xp 00000000 08:12 4203595                    /usr/lib/jvm/java-8-oracle/jre/lib/amd64/libzip.so
7efd675c3000-7efd677c3000 ---p 0001a000 08:12 4203595                    /usr/lib/jvm/java-8-oracle/jre/lib/amd64/libzip.so
7efd677c3000-7efd677c4000 rw-p 0001a000 08:12 4203595                    /usr/lib/jvm/java-8-oracle/jre/lib/amd64/libzip.so
7efd677c4000-7efd677d0000 r-xp 00000000 08:12 266670                     /lib/x86_64-linux-gnu/libnss_files-2.21.so
7efd677d0000-7efd679cf000 ---p 0000c000 08:12 266670                     /lib/x86_64-linux-gnu/libnss_files-2.21.so
7efd679cf000-7efd679d0000 r--p 0000b000 08:12 266670                     /lib/x86_64-linux-gnu/libnss_files-2.21.so
7efd679d0000-7efd679d1000 rw-p 0000c000 08:12 266670                     /lib/x86_64-linux-gnu/libnss_files-2.21.so
7efd679d1000-7efd679dc000 r-xp 00000000 08:12 266680                     /lib/x86_64-linux-gnu/libnss_nis-2.21.so
7efd679dc000-7efd67bdb000 ---p 0000b000 08:12 266680                     /lib/x86_64-linux-gnu/libnss_nis-2.21.so
7efd67bdb000-7efd67bdc000 r--p 0000a000 08:12 266680                     /lib/x86_64-linux-gnu/libnss_nis-2.21.so
7efd67bdc000-7efd67bdd000 rw-p 0000b000 08:12 266680                     /lib/x86_64-linux-gnu/libnss_nis-2.21.so
7efd67bdd000-7efd67bf4000 r-xp 00000000 08:12 266664                     /lib/x86_64-linux-gnu/libnsl-2.21.so
7efd67bf4000-7efd67df3000 ---p 00017000 08:12 266664                     /lib/x86_64-linux-gnu/libnsl-2.21.so
7efd67df3000-7efd67df4000 r--p 00016000 08:12 266664                     /lib/x86_64-linux-gnu/libnsl-2.21.so
7efd67df4000-7efd67df5000 rw-p 00017000 08:12 266664                     /lib/x86_64-linux-gnu/libnsl-2.21.so
7efd67df5000-7efd67df7000 rw-p 00000000 00:00 0 
7efd67df7000-7efd67dff000 r-xp 00000000 08:12 266666                     /lib/x86_64-linux-gnu/libnss_compat-2.21.so
7efd67dff000-7efd67ffe000 ---p 00008000 08:12 266666                     /lib/x86_64-linux-gnu/libnss_compat-2.21.so
7efd67ffe000-7efd67fff000 r--p 00007000 08:12 266666                     /lib/x86_64-linux-gnu/libnss_compat-2.21.so
7efd67fff000-7efd68000000 rw-p 00008000 08:12 266666                     /lib/x86_64-linux-gnu/libnss_compat-2.21.so
7efd68000000-7efd684a8000 rw-p 00000000 00:00 0 
7efd684a8000-7efd6c000000 ---p 00000000 00:00 0 
7efd6c001000-7efd6c022000 rw-p 00000000 00:00 0 
7efd6c022000-7efd6c023000 ---p 00000000 00:00 0 
7efd6c023000-7efd6c123000 rw-p 00000000 00:00 0                          [stack:22395]
7efd6c123000-7efd6c14d000 r-xp 00000000 08:12 4203590                    /usr/lib/jvm/java-8-oracle/jre/lib/amd64/libjava.so
7efd6c14d000-7efd6c34d000 ---p 0002a000 08:12 4203590                    /usr/lib/jvm/java-8-oracle/jre/lib/amd64/libjava.so
7efd6c34d000-7efd6c34f000 rw-p 0002a000 08:12 4203590                    /usr/lib/jvm/java-8-oracle/jre/lib/amd64/libjava.so
7efd6c34f000-7efd6c35c000 r-xp 00000000 08:12 4203594                    /usr/lib/jvm/java-8-oracle/jre/lib/amd64/libverify.so
7efd6c35c000-7efd6c55c000 ---p 0000d000 08:12 4203594                    /usr/lib/jvm/java-8-oracle/jre/lib/amd64/libverify.so
7efd6c55c000-7efd6c55e000 rw-p 0000d000 08:12 4203594                    /usr/lib/jvm/java-8-oracle/jre/lib/amd64/libverify.so
7efd6c55e000-7efd6c565000 r-xp 00000000 08:12 266725                     /lib/x86_64-linux-gnu/librt-2.21.so
7efd6c565000-7efd6c764000 ---p 00007000 08:12 266725                     /lib/x86_64-linux-gnu/librt-2.21.so
7efd6c764000-7efd6c765000 r--p 00006000 08:12 266725                     /lib/x86_64-linux-gnu/librt-2.21.so
7efd6c765000-7efd6c766000 rw-p 00007000 08:12 266725                     /lib/x86_64-linux-gnu/librt-2.21.so
7efd6c766000-7efd6c86d000 r-xp 00000000 08:12 266643                     /lib/x86_64-linux-gnu/libm-2.21.so
7efd6c86d000-7efd6ca6c000 ---p 00107000 08:12 266643                     /lib/x86_64-linux-gnu/libm-2.21.so
7efd6ca6c000-7efd6ca6d000 r--p 00106000 08:12 266643                     /lib/x86_64-linux-gnu/libm-2.21.so
7efd6ca6d000-7efd6ca6e000 rw-p 00107000 08:12 266643                     /lib/x86_64-linux-gnu/libm-2.21.so
7efd6ca6e000-7efd6d72c000 r-xp 00000000 08:12 4201549                    /usr/lib/jvm/java-8-oracle/jre/lib/amd64/server/libjvm.so
7efd6d72c000-7efd6d92b000 ---p 00cbe000 08:12 4201549                    /usr/lib/jvm/java-8-oracle/jre/lib/amd64/server/libjvm.so
7efd6d92b000-7efd6da04000 rw-p 00cbd000 08:12 4201549                    /usr/lib/jvm/java-8-oracle/jre/lib/amd64/server/libjvm.so
7efd6da04000-7efd6da48000 rw-p 00000000 00:00 0 
7efd6da48000-7efd6dc08000 r-xp 00000000 08:12 266584                     /lib/x86_64-linux-gnu/libc-2.21.so
7efd6dc08000-7efd6de08000 ---p 001c0000 08:12 266584                     /lib/x86_64-linux-gnu/libc-2.21.so
7efd6de08000-7efd6de0c000 r--p 001c0000 08:12 266584                     /lib/x86_64-linux-gnu/libc-2.21.so
7efd6de0c000-7efd6de0e000 rw-p 001c4000 08:12 266584                     /lib/x86_64-linux-gnu/libc-2.21.so
7efd6de0e000-7efd6de12000 rw-p 00000000 00:00 0 
7efd6de12000-7efd6de15000 r-xp 00000000 08:12 266601                     /lib/x86_64-linux-gnu/libdl-2.21.so
7efd6de15000-7efd6e014000 ---p 00003000 08:12 266601                     /lib/x86_64-linux-gnu/libdl-2.21.so
7efd6e014000-7efd6e015000 r--p 00002000 08:12 266601                     /lib/x86_64-linux-gnu/libdl-2.21.so
7efd6e015000-7efd6e016000 rw-p 00003000 08:12 266601                     /lib/x86_64-linux-gnu/libdl-2.21.so
7efd6e016000-7efd6e02b000 r-xp 00000000 08:12 4198721                    /usr/lib/jvm/java-8-oracle/lib/amd64/jli/libjli.so
7efd6e02b000-7efd6e22b000 ---p 00015000 08:12 4198721                    /usr/lib/jvm/java-8-oracle/lib/amd64/jli/libjli.so
7efd6e22b000-7efd6e22c000 rw-p 00015000 08:12 4198721                    /usr/lib/jvm/java-8-oracle/lib/amd64/jli/libjli.so
7efd6e22c000-7efd6e244000 r-xp 00000000 08:12 266717                     /lib/x86_64-linux-gnu/libpthread-2.21.so
7efd6e244000-7efd6e444000 ---p 00018000 08:12 266717                     /lib/x86_64-linux-gnu/libpthread-2.21.so
7efd6e444000-7efd6e445000 r--p 00018000 08:12 266717                     /lib/x86_64-linux-gnu/libpthread-2.21.so
7efd6e445000-7efd6e446000 rw-p 00019000 08:12 266717                     /lib/x86_64-linux-gnu/libpthread-2.21.so
7efd6e446000-7efd6e44a000 rw-p 00000000 00:00 0 
7efd6e44a000-7efd6e46e000 r-xp 00000000 08:12 266556                     /lib/x86_64-linux-gnu/ld-2.21.so
7efd6e472000-7efd6e544000 rw-p 00000000 00:00 0 
7efd6e544000-7efd6e547000 ---p 00000000 00:00 0 
7efd6e547000-7efd6e649000 rw-p 00000000 00:00 0                          [stack:22394]
7efd6e64a000-7efd6e661000 rw-p 00000000 00:00 0 
7efd6e661000-7efd6e669000 rw-s 00000000 08:12 3408123                    /tmp/hsperfdata_duke/22388
7efd6e669000-7efd6e66a000 rw-p 00000000 00:00 0 
7efd6e66a000-7efd6e66b000 r--p 00000000 00:00 0 
7efd6e66b000-7efd6e66d000 rw-p 00000000 00:00 0 
7efd6e66d000-7efd6e66e000 r--p 00023000 08:12 266556                     /lib/x86_64-linux-gnu/ld-2.21.so
7efd6e66e000-7efd6e66f000 rw-p 00024000 08:12 266556                     /lib/x86_64-linux-gnu/ld-2.21.so
7efd6e66f000-7efd6e670000 rw-p 00000000 00:00 0 
7fff86e69000-7fff86e8a000 rw-p 00000000 00:00 0                          [stack]
7fff86eaf000-7fff86eb1000 r--p 00000000 00:00 0                          [vvar]
7fff86eb1000-7fff86eb3000 r-xp 00000000 00:00 0                          [vdso]
ffffffffff600000-ffffffffff601000 r-xp 00000000 00:00 0                  [vsyscall]

VM Arguments:
jvm_args: -Xmx1024M -Dfile.encoding=UTF-8 -Duser.country=US -Duser.language=en -Duser.variant 
java_command: com.android.dx.command.Main --dex --output /home/duke/AndroidStudioProjects/MasterSahab/app/build/intermediates/dex/debug /home/duke/AndroidStudioProjects/MasterSahab/app/build/intermediates/classes/debug /home/duke/AndroidStudioProjects/MasterSahab/app/build/intermediates/pre-dexed/debug/support-annotations-22.2.0-d11b86e8a8d5a60125987e55ed19da6fe916ed6c.jar /home/duke/AndroidStudioProjects/MasterSahab/app/build/intermediates/pre-dexed/debug/internal_impl-22.2.0-9fd2cdf11b2cb58a68c8003917e19ca6197745ad.jar /home/duke/AndroidStudioProjects/MasterSahab/app/build/intermediates/pre-dexed/debug/classes-8ef248cfe074cd8203cc4c867f71e14f57d6780a.jar /home/duke/AndroidStudioProjects/MasterSahab/app/build/intermediates/pre-dexed/debug/classes-dccf93463063885d5b233794907a60cd6aefb60c.jar
java_class_path (initial): /opt/android-sdk-linux/build-tools/21.1.2/lib/dx.jar
Launcher Type: SUN_STANDARD

Environment Variables:
JAVA_HOME=/usr/lib/jvm/java-8-oracle
PATH=/usr/local/sbin:/usr/local/bin:/usr/sbin:/usr/bin:/sbin:/bin:/usr/games:/usr/local/games:/usr/lib/jvm/java-8-oracle/bin:/usr/lib/jvm/java-8-oracle/db/bin:/usr/lib/jvm/java-8-oracle/jre/bin
LD_LIBRARY_PATH=/home/duke/Apps/android-studio/bin:
SHELL=/bin/bash
DISPLAY=:0

Signal Handlers:
SIGSEGV: [libjvm.so+0xaba2a0], sa_mask[0]=11111111011111111101111111111110, sa_flags=SA_RESTART|SA_SIGINFO
SIGBUS: [libjvm.so+0xaba2a0], sa_mask[0]=11111111011111111101111111111110, sa_flags=SA_RESTART|SA_SIGINFO
SIGFPE: [libjvm.so+0x917710], sa_mask[0]=11111111011111111101111111111110, sa_flags=SA_RESTART|SA_SIGINFO
SIGPIPE: [libjvm.so+0x917710], sa_mask[0]=11111111011111111101111111111110, sa_flags=SA_RESTART|SA_SIGINFO
SIGXFSZ: [libjvm.so+0x917710], sa_mask[0]=11111111011111111101111111111110, sa_flags=SA_RESTART|SA_SIGINFO
SIGILL: [libjvm.so+0x917710], sa_mask[0]=11111111011111111101111111111110, sa_flags=SA_RESTART|SA_SIGINFO
SIGUSR1: SIG_DFL, sa_mask[0]=00000000000000000000000000000000, sa_flags=none
SIGUSR2: [libjvm.so+0x918d40], sa_mask[0]=00100000000000000000000000000000, sa_flags=SA_RESTART|SA_SIGINFO
SIGHUP: [libjvm.so+0x91a140], sa_mask[0]=11111111011111111101111111111110, sa_flags=SA_RESTART|SA_SIGINFO
SIGINT: [libjvm.so+0x91a140], sa_mask[0]=11111111011111111101111111111110, sa_flags=SA_RESTART|SA_SIGINFO
SIGTERM: [libjvm.so+0x91a140], sa_mask[0]=11111111011111111101111111111110, sa_flags=SA_RESTART|SA_SIGINFO
SIGQUIT: [libjvm.so+0x91a140], sa_mask[0]=11111111011111111101111111111110, sa_flags=SA_RESTART|SA_SIGINFO


---------------  S Y S T E M  ---------------

OS:DISTRIB_ID=Ubuntu
DISTRIB_RELEASE=15.10
DISTRIB_CODENAME=wily
DISTRIB_DESCRIPTION="Ubuntu 15.10"

uname:Linux 4.2.0-27-generic #32-Ubuntu SMP Fri Jan 22 04:49:08 UTC 2016 x86_64
libc:glibc 2.21 NPTL 2.21 
rlimit: STACK 8192k, CORE 0k, NPROC 31796, NOFILE 65536, AS infinity
load average:2.54 2.70 2.55

/proc/meminfo:
MemTotal:        8174564 kB
MemFree:           53388 kB
MemAvailable:    2413136 kB
Buffers:          643776 kB
Cached:          2183372 kB
SwapCached:         4048 kB
Active:          4679124 kB
Inactive:        2946856 kB
Active(anon):    3545204 kB
Inactive(anon):  1774400 kB
Active(file):    1133920 kB
Inactive(file):  1172456 kB
Unevictable:          32 kB
Mlocked:              32 kB
SwapTotal:       1998844 kB
SwapFree:        1749756 kB
Dirty:              8060 kB
Writeback:             0 kB
AnonPages:       4795236 kB
Mapped:           635044 kB
Shmem:            520888 kB
Slab:             172036 kB
SReclaimable:      95948 kB
SUnreclaim:        76088 kB
KernelStack:       11040 kB
PageTables:        51404 kB
NFS_Unstable:          0 kB
Bounce:                0 kB
WritebackTmp:          0 kB
CommitLimit:     6086124 kB
Committed_AS:   10171984 kB
VmallocTotal:   34359738367 kB
VmallocUsed:       92456 kB
VmallocChunk:   34359586812 kB
HardwareCorrupted:     0 kB
AnonHugePages:   1112064 kB
CmaTotal:              0 kB
CmaFree:               0 kB
HugePages_Total:       0
HugePages_Free:        0
HugePages_Rsvd:        0
HugePages_Surp:        0
Hugepagesize:       2048 kB
DirectMap4k:     1573824 kB
DirectMap2M:     6813696 kB


CPU:total 4 (4 cores per cpu, 1 threads per core) family 6 model 15 stepping 11, cmov, cx8, fxsr, mmx, sse, sse2, sse3, ssse3, tsc

/proc/cpuinfo:
processor	: 0
vendor_id	: GenuineIntel
cpu family	: 6
model		: 15
model name	: Intel(R) Core(TM)2 Quad CPU    Q6600  @ 2.40GHz
stepping	: 11
microcode	: 0xba
cpu MHz		: 2400.000
cache size	: 4096 KB
physical id	: 0
siblings	: 4
core id		: 0
cpu cores	: 4
apicid		: 0
initial apicid	: 0
fpu		: yes
fpu_exception	: yes
cpuid level	: 10
wp		: yes
flags		: fpu vme de pse tsc msr pae mce cx8 apic sep mtrr pge mca cmov pat pse36 clflush dts acpi mmx fxsr sse sse2 ss ht tm pbe syscall nx lm constant_tsc arch_perfmon pebs bts rep_good nopl aperfmperf pni dtes64 monitor ds_cpl vmx est tm2 ssse3 cx16 xtpr pdcm lahf_lm dtherm tpr_shadow vnmi flexpriority
bugs		:
bogomips	: 4800.31
clflush size	: 64
cache_alignment	: 64
address sizes	: 36 bits physical, 48 bits virtual
power management:

processor	: 1
vendor_id	: GenuineIntel
cpu family	: 6
model		: 15
model name	: Intel(R) Core(TM)2 Quad CPU    Q6600  @ 2.40GHz
stepping	: 11
microcode	: 0xba
cpu MHz		: 2400.000
cache size	: 4096 KB
physical id	: 0
siblings	: 4
core id		: 3
cpu cores	: 4
apicid		: 3
initial apicid	: 3
fpu		: yes
fpu_exception	: yes
cpuid level	: 10
wp		: yes
flags		: fpu vme de pse tsc msr pae mce cx8 apic sep mtrr pge mca cmov pat pse36 clflush dts acpi mmx fxsr sse sse2 ss ht tm pbe syscall nx lm constant_tsc arch_perfmon pebs bts rep_good nopl aperfmperf pni dtes64 monitor ds_cpl vmx est tm2 ssse3 cx16 xtpr pdcm lahf_lm dtherm tpr_shadow vnmi flexpriority
bugs		:
bogomips	: 4800.31
clflush size	: 64
cache_alignment	: 64
address sizes	: 36 bits physical, 48 bits virtual
power management:

processor	: 2
vendor_id	: GenuineIntel
cpu family	: 6
model		: 15
model name	: Intel(R) Core(TM)2 Quad CPU    Q6600  @ 2.40GHz
stepping	: 11
microcode	: 0xba
cpu MHz		: 2400.000
cache size	: 4096 KB
physical id	: 0
siblings	: 4
core id		: 1
cpu cores	: 4
apicid		: 1
initial apicid	: 1
fpu		: yes
fpu_exception	: yes
cpuid level	: 10
wp		: yes
flags		: fpu vme de pse tsc msr pae mce cx8 apic sep mtrr pge mca cmov pat pse36 clflush dts acpi mmx fxsr sse sse2 ss ht tm pbe syscall nx lm constant_tsc arch_perfmon pebs bts rep_good nopl aperfmperf pni dtes64 monitor ds_cpl vmx est tm2 ssse3 cx16 xtpr pdcm lahf_lm dtherm tpr_shadow vnmi flexpriority
bugs		:
bogomips	: 4800.31
clflush size	: 64
cache_alignment	: 64
address sizes	: 36 bits physical, 48 bits virtual
power management:

processor	: 3
vendor_id	: GenuineIntel
cpu family	: 6
model		: 15
model name	: Intel(R) Core(TM)2 Quad CPU    Q6600  @ 2.40GHz
stepping	: 11
microcode	: 0xba
cpu MHz		: 2400.000
cache size	: 4096 KB
physical id	: 0
siblings	: 4
core id		: 2
cpu cores	: 4
apicid		: 2
initial apicid	: 2
fpu		: yes
fpu_exception	: yes
cpuid level	: 10
wp		: yes
flags		: fpu vme de pse tsc msr pae mce cx8 apic sep mtrr pge mca cmov pat pse36 clflush dts acpi mmx fxsr sse sse2 ss ht tm pbe syscall nx lm constant_tsc arch_perfmon pebs bts rep_good nopl aperfmperf pni dtes64 monitor ds_cpl vmx est tm2 ssse3 cx16 xtpr pdcm lahf_lm dtherm tpr_shadow vnmi flexpriority
bugs		:
bogomips	: 4800.31
clflush size	: 64
cache_alignment	: 64
address sizes	: 36 bits physical, 48 bits virtual
power management:



Memory: 4k page, physical 8174564k(53388k free), swap 1998844k(1749756k free)

vm_info: Java HotSpot(TM) 64-Bit Server VM (25.66-b17) for linux-amd64 JRE (1.8.0_66-b17), built on Oct  6 2015 17:28:34 by "java_re" with gcc 4.3.0 20080428 (Red Hat 4.3.0-8)

time: Fri Feb 12 22:37:33 2016
elapsed time: 2 seconds (0d 0h 0m 2s)

