#
# A fatal error has been detected by the Java Runtime Environment:
#
#  SIGSEGV (0xb) at pc=0x00007f770d173060, pid=10588, tid=140150723012352
#
# JRE version: Java(TM) SE Runtime Environment (8.0_66-b17) (build 1.8.0_66-b17)
# Java VM: Java HotSpot(TM) 64-Bit Server VM (25.66-b17 mixed mode linux-amd64 compressed oops)
# Problematic frame:
# C  0x00007f770d173060
#
# Failed to write core dump. Core dumps have been disabled. To enable core dumping, try "ulimit -c unlimited" before starting Java again
#
# If you would like to submit a bug report, please visit:
#   http://bugreport.java.com/bugreport/crash.jsp
#

---------------  T H R E A D  ---------------

Current thread (0x00007f775c00a000):  JavaThread "main" [_thread_in_Java, id=10594, stack(0x00007f7761ff6000,0x00007f77620f7000)]

siginfo: si_signo: 11 (SIGSEGV), si_code: 2 (SEGV_ACCERR), si_addr: 0x00007f770d173060

Registers:
RAX=0x00007f7749073238, RBX=0x00007f7749073238, RCX=0x00000000eded7c88, RDX=0x0000000030500001
RSP=0x00007f77620f5068, RBP=0x00007f77620f50c8, RSI=0x00000000eded7c88, RDI=0x00000000eeee35a0
R8 =0x00000000eeee3590, R9 =0x0000000000000073, R10=0x00007f77614d1260, R11=0x00007f774c7b3860
R12=0x0000000000000000, R13=0x00007f77620f5080, R14=0x00007f77620f50e8, R15=0x00007f775c00a000
RIP=0x00007f770d173060, EFLAGS=0x0000000000010202, CSGSFS=0x0000000000000033, ERR=0x0000000000000014
  TRAPNO=0x000000000000000e

Top of Stack: (sp=0x00007f77620f5068)
0x00007f77620f5068:   00007f774c1753d0 00007f774c175710
0x00007f77620f5078:   00007f774c1753d0 00000000eded7c88
0x00007f77620f5088:   00007f77620f5088 00007f7749077705
0x00007f77620f5098:   00007f77620f50e8 00007f77490778c0
0x00007f77620f50a8:   0000000000000000 00007f7749077740
0x00007f77620f50b8:   00007f77620f5080 00007f77620f50e0
0x00007f77620f50c8:   00007f77620f5140 00007f774c1753d0
0x00007f77620f50d8:   00000000eded7c88 00000000eeee3560
0x00007f77620f50e8:   00000000eeefbaa0 0000000000000001
0x00007f77620f50f8:   00000000ee1fb490 00007f77620f5100
0x00007f77620f5108:   00007f77492c13bc 00007f77620f5158
0x00007f77620f5118:   00007f77492c2500 00007f77492c8790
0x00007f77620f5128:   00007f77492c13f0 00007f77620f50e0
0x00007f77620f5138:   00007f77620f5150 00007f77620f51a0
0x00007f77620f5148:   00007f774c17598d 00000000eeee3560
0x00007f77620f5158:   00000000ee1fb448 00007f77620f5160
0x00007f77620f5168:   00007f77492c15b2 00007f77620f51c0
0x00007f77620f5178:   00007f77492c2500 00007f77492c60f0
0x00007f77620f5188:   00007f77492c1630 00007f77620f5150
0x00007f77620f5198:   00007f77620f51d0 00007f77620f52e8
0x00007f77620f51a8:   00007f774c8317c4 0000000000000025
0x00007f77620f51b8:   00000000ee0889c8 00000000ee1fb448
0x00007f77620f51c8:   00007f774c8317c4 00007f77620f5230
0x00007f77620f51d8:   00007f774c175710 00007f774c175710
0x00007f77620f51e8:   0000000000000013 00007f77620f51f0
0x00007f77620f51f8:   00007f77492c0ac3 00007f77620f52e8
0x00007f77620f5208:   00007f774c8263bc 0000000000000000
0x00007f77620f5218:   00007f77492c0c30 0000000000000000
0x00007f77620f5228:   00007f77620f5290 0000000100000017
0x00007f77620f5238:   00000000ee1fb448 0000006700000006
0x00007f77620f5248:   00007f7700000007 00000000ee1fb490
0x00007f77620f5258:   0000000500000007 00000000ee0889c8 

Instructions: (pc=0x00007f770d173060)
0x00007f770d173040:   
[error occurred during error reporting (printing registers, top of stack, instructions near pc), id 0xb]

Register to memory mapping:

RAX={method} {0x00007f7749073238} 'getIndex' '()I' in 'com/android/dx/dex/file/IndexedItem'
RBX={method} {0x00007f7749073238} 'getIndex' '()I' in 'com/android/dx/dex/file/IndexedItem'
RCX=0x00000000eded7c88 is an oop
com.android.dx.dex.file.StringIdItem 
 - klass: 'com/android/dx/dex/file/StringIdItem'
RDX=0x0000000030500001 is an unknown value
RSP=0x00007f77620f5068 is pointing into the stack for thread: 0x00007f775c00a000
RBP=0x00007f77620f50c8 is pointing into the stack for thread: 0x00007f775c00a000
RSI=0x00000000eded7c88 is an oop
com.android.dx.dex.file.StringIdItem 
 - klass: 'com/android/dx/dex/file/StringIdItem'
RDI=0x00000000eeee35a0 is an oop

[error occurred during error reporting (printing register info), id 0xb]

Stack: [0x00007f7761ff6000,0x00007f77620f7000],  sp=0x00007f77620f5068,  free space=1020k
Native frames: (J=compiled Java code, j=interpreted, Vv=VM code, C=native code)
C  0x00007f770d173060
j  com.android.dx.dex.file.DebugInfoEncoder.emitStringIndex(Lcom/android/dx/rop/cst/CstString;)V+36
j  com.android.dx.dex.file.DebugInfoEncoder.emitLocalStart(Lcom/android/dx/dex/code/LocalList$Entry;)V+42
J 1859 C1 com.android.dx.dex.file.DebugInfoEncoder.emitLocalsAtAddress(I)I (150 bytes) @ 0x00007f774c8317c4 [0x00007f774c830a40+0xd84]
j  com.android.dx.dex.file.DebugInfoEncoder.convert0()[B+86
j  com.android.dx.dex.file.DebugInfoEncoder.convert()[B+1
j  com.android.dx.dex.file.DebugInfoItem.encode0(Lcom/android/dx/dex/file/DexFile;Ljava/lang/String;Ljava/io/PrintWriter;Lcom/android/dx/util/AnnotatedOutput;Z)[B+78
j  com.android.dx.dex.file.DebugInfoItem.encode(Lcom/android/dx/dex/file/DexFile;Ljava/lang/String;Ljava/io/PrintWriter;Lcom/android/dx/util/AnnotatedOutput;Z)[B+8
j  com.android.dx.dex.file.DebugInfoItem.place0(Lcom/android/dx/dex/file/Section;I)V+10
J 1832 C1 com.android.dx.dex.file.OffsettedItem.place(Lcom/android/dx/dex/file/Section;I)I (78 bytes) @ 0x00007f774c8193e4 [0x00007f774c819200+0x1e4]
j  com.android.dx.dex.file.MixedItemSection.placeItems()V+94
j  com.android.dx.dex.file.DexFile.toDex0(ZZ)Lcom/android/dx/util/ByteArrayAnnotatedOutput;+195
j  com.android.dx.dex.file.DexFile.toDex(Ljava/io/Writer;Z)[B+13
j  com.android.dx.command.dexer.Main.writeDex()[B+50
j  com.android.dx.command.dexer.Main.runMonoDex()I+103
j  com.android.dx.command.dexer.Main.run(Lcom/android/dx/command/dexer/Main$Arguments;)I+76
j  com.android.dx.command.dexer.Main.main([Ljava/lang/String;)V+14
j  com.android.dx.command.Main.main([Ljava/lang/String;)V+61
v  ~StubRoutines::call_stub
V  [libjvm.so+0x68bc46]  JavaCalls::call_helper(JavaValue*, methodHandle*, JavaCallArguments*, Thread*)+0x1056
V  [libjvm.so+0x6cd262]  jni_invoke_static(JNIEnv_*, JavaValue*, _jobject*, JNICallType, _jmethodID*, JNI_ArgumentPusher*, Thread*)+0x362
V  [libjvm.so+0x6e9c6a]  jni_CallStaticVoidMethod+0x17a
C  [libjli.so+0x7bcc]  JavaMain+0x80c
C  [libpthread.so.0+0x76aa]  start_thread+0xca


---------------  P R O C E S S  ---------------

Java Threads: ( => current thread )
  0x00007f775c0db000 JavaThread "Service Thread" daemon [_thread_blocked, id=10609, stack(0x00007f7742ad0000,0x00007f7742bd1000)]
  0x00007f775c0bd800 JavaThread "C1 CompilerThread2" daemon [_thread_blocked, id=10607, stack(0x00007f7742bd1000,0x00007f7742cd2000)]
  0x00007f775c0bb800 JavaThread "C2 CompilerThread1" daemon [_thread_blocked, id=10605, stack(0x00007f7742cd2000,0x00007f7742dd3000)]
  0x00007f775c0b8800 JavaThread "C2 CompilerThread0" daemon [_thread_blocked, id=10604, stack(0x00007f7742dd3000,0x00007f7742ed4000)]
  0x00007f775c0b7000 JavaThread "Signal Dispatcher" daemon [_thread_blocked, id=10602, stack(0x00007f7742ed4000,0x00007f7742fd5000)]
  0x00007f775c07f800 JavaThread "Finalizer" daemon [_thread_blocked, id=10601, stack(0x00007f77436f7000,0x00007f77437f8000)]
  0x00007f775c07d000 JavaThread "Reference Handler" daemon [_thread_blocked, id=10600, stack(0x00007f77437f8000,0x00007f77438f9000)]
=>0x00007f775c00a000 JavaThread "main" [_thread_in_Java, id=10594, stack(0x00007f7761ff6000,0x00007f77620f7000)]

Other Threads:
  0x00007f775c078000 VMThread [stack: 0x00007f77438f9000,0x00007f77439fa000] [id=10599]
  0x00007f775c0dd800 WatcherThread [stack: 0x00007f77429cf000,0x00007f7742ad0000] [id=10611]

VM state:not at safepoint (normal execution)

VM Mutex/Monitor currently owned by a thread: None

Heap:
 PSYoungGen      total 70656K, used 61841K [0x00000000eab00000, 0x00000000f3500000, 0x0000000100000000)
  eden space 65536K, 86% used [0x00000000eab00000,0x00000000ee26c4f0,0x00000000eeb00000)
  from space 5120K, 99% used [0x00000000eeb00000,0x00000000eeff8048,0x00000000ef000000)
  to   space 5120K, 0% used [0x00000000f3000000,0x00000000f3000000,0x00000000f3500000)
 ParOldGen       total 86016K, used 6195K [0x00000000c0000000, 0x00000000c5400000, 0x00000000eab00000)
  object space 86016K, 7% used [0x00000000c0000000,0x00000000c060cf10,0x00000000c5400000)
 Metaspace       used 6071K, capacity 7280K, committed 7552K, reserved 1056768K
  class space    used 574K, capacity 616K, committed 640K, reserved 1048576K

Card table byte_map: [0x00007f774bbad000,0x00007f774bdae000] byte_map_base: 0x00007f774b5ad000

Marking Bits: (ParMarkBitMap*) 0x00007f77614cf020
 Begin Bits: [0x00007f7749653000, 0x00007f774a653000)
 End Bits:   [0x00007f774a653000, 0x00007f774b653000)

Polling page: 0x00007f776211c000

CodeCache: size=245760Kb used=6945Kb max_used=6945Kb free=238814Kb
 bounds [0x00007f774c16e000, 0x00007f774c83e000, 0x00007f775b16e000]
 total_blobs=2074 nmethods=1810 adapters=179
 compilation: enabled

Compilation events (10 events):
Event: 4.607 Thread 0x00007f775c0bd800 1845       3       java.util.ArrayDeque::addLast (53 bytes)
Event: 4.607 Thread 0x00007f775c0bd800 nmethod 1845 0x00007f774c8383d0 code [0x00007f774c838560, 0x00007f774c838978]
Event: 4.607 Thread 0x00007f775c0bd800 1872       3       com.android.dx.dex.file.OffsettedItem::setWriteSize (37 bytes)
Event: 4.607 Thread 0x00007f775c0b8800 nmethod 1869 0x00007f774c83a290 code [0x00007f774c83a3e0, 0x00007f774c83a478]
Event: 4.607 Thread 0x00007f775c0b8800 1870       4       com.android.dx.dex.file.IndexedItem::getIndex (22 bytes)
Event: 4.607 Thread 0x00007f775c0bd800 nmethod 1872 0x00007f774c837d90 code [0x00007f774c837f20, 0x00007f774c838278]
Event: 4.607 Thread 0x00007f775c0bd800 1873       3       java.util.Collections::sort (8 bytes)
Event: 4.607 Thread 0x00007f775c0bd800 nmethod 1873 0x00007f774c837950 code [0x00007f774c837ac0, 0x00007f774c837cc8]
Event: 4.607 Thread 0x00007f775c0bd800 1871       3       com.android.dx.dex.file.DebugInfoEncoder::emitStringIndex (45 bytes)
Event: 4.607 Thread 0x00007f775c0b8800 nmethod 1870 0x00007f774c825690 code [0x00007f774c8257e0, 0x00007f774c825858]

GC Heap History (6 events):
Event: 1.617 GC heap before
{Heap before GC invocations=1 (full 0):
 PSYoungGen      total 37888K, used 32768K [0x00000000eab00000, 0x00000000ed500000, 0x0000000100000000)
  eden space 32768K, 100% used [0x00000000eab00000,0x00000000ecb00000,0x00000000ecb00000)
  from space 5120K, 0% used [0x00000000ed000000,0x00000000ed000000,0x00000000ed500000)
  to   space 5120K, 0% used [0x00000000ecb00000,0x00000000ecb00000,0x00000000ed000000)
 ParOldGen       total 86016K, used 0K [0x00000000c0000000, 0x00000000c5400000, 0x00000000eab00000)
  object space 86016K, 0% used [0x00000000c0000000,0x00000000c0000000,0x00000000c5400000)
 Metaspace       used 5272K, capacity 6768K, committed 7040K, reserved 1056768K
  class space    used 532K, capacity 616K, committed 640K, reserved 1048576K
Event: 1.665 GC heap after
Heap after GC invocations=1 (full 0):
 PSYoungGen      total 37888K, used 5088K [0x00000000eab00000, 0x00000000ef500000, 0x0000000100000000)
  eden space 32768K, 0% used [0x00000000eab00000,0x00000000eab00000,0x00000000ecb00000)
  from space 5120K, 99% used [0x00000000ecb00000,0x00000000ecff8048,0x00000000ed000000)
  to   space 5120K, 0% used [0x00000000ef000000,0x00000000ef000000,0x00000000ef500000)
 ParOldGen       total 86016K, used 3125K [0x00000000c0000000, 0x00000000c5400000, 0x00000000eab00000)
  object space 86016K, 3% used [0x00000000c0000000,0x00000000c030d530,0x00000000c5400000)
 Metaspace       used 5272K, capacity 6768K, committed 7040K, reserved 1056768K
  class space    used 532K, capacity 616K, committed 640K, reserved 1048576K
}
Event: 2.087 GC heap before
{Heap before GC invocations=2 (full 0):
 PSYoungGen      total 37888K, used 37856K [0x00000000eab00000, 0x00000000ef500000, 0x0000000100000000)
  eden space 32768K, 100% used [0x00000000eab00000,0x00000000ecb00000,0x00000000ecb00000)
  from space 5120K, 99% used [0x00000000ecb00000,0x00000000ecff8048,0x00000000ed000000)
  to   space 5120K, 0% used [0x00000000ef000000,0x00000000ef000000,0x00000000ef500000)
 ParOldGen       total 86016K, used 3125K [0x00000000c0000000, 0x00000000c5400000, 0x00000000eab00000)
  object space 86016K, 3% used [0x00000000c0000000,0x00000000c030d530,0x00000000c5400000)
 Metaspace       used 5283K, capacity 6768K, committed 7040K, reserved 1056768K
  class space    used 532K, capacity 616K, committed 640K, reserved 1048576K
Event: 2.136 GC heap after
Heap after GC invocations=2 (full 0):
 PSYoungGen      total 70656K, used 5088K [0x00000000eab00000, 0x00000000ef500000, 0x0000000100000000)
  eden space 65536K, 0% used [0x00000000eab00000,0x00000000eab00000,0x00000000eeb00000)
  from space 5120K, 99% used [0x00000000ef000000,0x00000000ef4f8028,0x00000000ef500000)
  to   space 5120K, 0% used [0x00000000eeb00000,0x00000000eeb00000,0x00000000ef000000)
 ParOldGen       total 86016K, used 5081K [0x00000000c0000000, 0x00000000c5400000, 0x00000000eab00000)
  object space 86016K, 5% used [0x00000000c0000000,0x00000000c04f6518,0x00000000c5400000)
 Metaspace       used 5283K, capacity 6768K, committed 7040K, reserved 1056768K
  class space    used 532K, capacity 616K, committed 640K, reserved 1048576K
}
Event: 3.182 GC heap before
{Heap before GC invocations=3 (full 0):
 PSYoungGen      total 70656K, used 70624K [0x00000000eab00000, 0x00000000ef500000, 0x0000000100000000)
  eden space 65536K, 100% used [0x00000000eab00000,0x00000000eeb00000,0x00000000eeb00000)
  from space 5120K, 99% used [0x00000000ef000000,0x00000000ef4f8028,0x00000000ef500000)
  to   space 5120K, 0% used [0x00000000eeb00000,0x00000000eeb00000,0x00000000ef000000)
 ParOldGen       total 86016K, used 5081K [0x00000000c0000000, 0x00000000c5400000, 0x00000000eab00000)
  object space 86016K, 5% used [0x00000000c0000000,0x00000000c04f6518,0x00000000c5400000)
 Metaspace       used 5310K, capacity 6768K, committed 7040K, reserved 1056768K
  class space    used 532K, capacity 616K, committed 640K, reserved 1048576K
Event: 3.207 GC heap after
Heap after GC invocations=3 (full 0):
 PSYoungGen      total 70656K, used 5088K [0x00000000eab00000, 0x00000000f3500000, 0x0000000100000000)
  eden space 65536K, 0% used [0x00000000eab00000,0x00000000eab00000,0x00000000eeb00000)
  from space 5120K, 99% used [0x00000000eeb00000,0x00000000eeff8048,0x00000000ef000000)
  to   space 5120K, 0% used [0x00000000f3000000,0x00000000f3000000,0x00000000f3500000)
 ParOldGen       total 86016K, used 6195K [0x00000000c0000000, 0x00000000c5400000, 0x00000000eab00000)
  object space 86016K, 7% used [0x00000000c0000000,0x00000000c060cf10,0x00000000c5400000)
 Metaspace       used 5310K, capacity 6768K, committed 7040K, reserved 1056768K
  class space    used 532K, capacity 616K, committed 640K, reserved 1048576K
}

Deoptimization events (10 events):
Event: 4.489 Thread 0x00007f775c00a000 Uncommon trap: reason=class_check action=maybe_recompile pc=0x00007f774c4633bc method=java.util.Arrays.equals([Ljava/lang/Object;[Ljava/lang/Object;)Z @ 62
Event: 4.489 Thread 0x00007f775c00a000 Uncommon trap: reason=speculate_class_check action=maybe_recompile pc=0x00007f774c4781fc method=com.android.dx.util.FixedSizeList.equals(Ljava/lang/Object;)Z @ 25
Event: 4.489 Thread 0x00007f775c00a000 Uncommon trap: reason=class_check action=maybe_recompile pc=0x00007f774c4633bc method=java.util.Arrays.equals([Ljava/lang/Object;[Ljava/lang/Object;)Z @ 62
Event: 4.489 Thread 0x00007f775c00a000 Uncommon trap: reason=speculate_class_check action=maybe_recompile pc=0x00007f774c4781fc method=com.android.dx.util.FixedSizeList.equals(Ljava/lang/Object;)Z @ 25
Event: 4.489 Thread 0x00007f775c00a000 Uncommon trap: reason=class_check action=maybe_recompile pc=0x00007f774c4633bc method=java.util.Arrays.equals([Ljava/lang/Object;[Ljava/lang/Object;)Z @ 62
Event: 4.489 Thread 0x00007f775c00a000 Uncommon trap: reason=speculate_class_check action=maybe_recompile pc=0x00007f774c4781fc method=com.android.dx.util.FixedSizeList.equals(Ljava/lang/Object;)Z @ 25
Event: 4.489 Thread 0x00007f775c00a000 Uncommon trap: reason=class_check action=maybe_recompile pc=0x00007f774c4633bc method=java.util.Arrays.equals([Ljava/lang/Object;[Ljava/lang/Object;)Z @ 62
Event: 4.495 Thread 0x00007f775c00a000 Uncommon trap: reason=unstable_if action=reinterpret pc=0x00007f774c7a9044 method=java.util.TreeMap.put(Ljava/lang/Object;Ljava/lang/Object;)Ljava/lang/Object; @ 163
Event: 4.511 Thread 0x00007f775c00a000 Uncommon trap: reason=unstable_if action=reinterpret pc=0x00007f774c5ac600 method=com.android.dx.rop.code.RegisterSpecSet.equals(Ljava/lang/Object;)Z @ 30
Event: 4.526 Thread 0x00007f775c00a000 Uncommon trap: reason=unstable_if action=reinterpret pc=0x00007f774c7cc268 method=com.android.dx.dex.code.OutputFinisher.findOpcodeForInsn(Lcom/android/dx/dex/code/DalvInsn;Lcom/android/dx/dex/code/Dop;)Lcom/android/dx/dex/code/Dop; @ 1

Internal exceptions (3 events):
Event: 0.124 Thread 0x00007f775c00a000 Exception <a 'java/lang/NoSuchMethodError': Method sun.misc.Unsafe.defineClass(Ljava/lang/String;[BII)Ljava/lang/Class; name or signature does not match> (0x00000000eab12b90) thrown at [/HUDSON/workspace/8-2-build-linux-amd64/jdk8u66/4988/hotspot/src/shar
Event: 0.124 Thread 0x00007f775c00a000 Exception <a 'java/lang/NoSuchMethodError': Method sun.misc.Unsafe.prefetchRead(Ljava/lang/Object;J)V name or signature does not match> (0x00000000eab12e78) thrown at [/HUDSON/workspace/8-2-build-linux-amd64/jdk8u66/4988/hotspot/src/share/vm/prims/jni.cpp
Event: 1.468 Thread 0x00007f775c00a000 Implicit null exception at 0x00007f774c4f3772 to 0x00007f774c4f4bd5

Events (10 events):
Event: 4.526 Thread 0x00007f775c00a000 DEOPT PACKING pc=0x00007f774c7cc268 sp=0x00007f77620f5120
Event: 4.526 Thread 0x00007f775c00a000 DEOPT UNPACKING pc=0x00007f774c172f69 sp=0x00007f77620f50f8 mode 2
Event: 4.526 loading class com/android/dx/rop/code/RegisterSpecList$Expander
Event: 4.526 loading class com/android/dx/rop/code/RegisterSpecList$Expander done
Event: 4.593 loading class com/android/dx/dex/file/DebugInfoEncoder
Event: 4.593 loading class com/android/dx/dex/file/DebugInfoEncoder done
Event: 4.595 loading class com/android/dx/dex/file/DebugInfoEncoder$1
Event: 4.595 loading class com/android/dx/dex/file/DebugInfoEncoder$1 done
Event: 4.596 loading class com/android/dx/dex/file/DebugInfoEncoder$2
Event: 4.596 loading class com/android/dx/dex/file/DebugInfoEncoder$2 done


Dynamic libraries:
00400000-00401000 r-xp 00000000 08:12 4072075                            /usr/lib/jvm/java-8-oracle/bin/java
00600000-00601000 rw-p 00000000 08:12 4072075                            /usr/lib/jvm/java-8-oracle/bin/java
01034000-01055000 rw-p 00000000 00:00 0                                  [heap]
c0000000-c5400000 rw-p 00000000 00:00 0 
c5400000-eab00000 ---p 00000000 00:00 0 
eab00000-f3500000 rw-p 00000000 00:00 0 
f3500000-100000000 ---p 00000000 00:00 0 
100000000-1000a0000 rw-p 00000000 00:00 0 
1000a0000-140000000 ---p 00000000 00:00 0 
7f770c000000-7f770c021000 rw-p 00000000 00:00 0 
7f770c021000-7f7710000000 ---p 00000000 00:00 0 
7f7714000000-7f77145e8000 rw-p 00000000 00:00 0 
7f77145e8000-7f7718000000 ---p 00000000 00:00 0 
7f7718000000-7f7718021000 rw-p 00000000 00:00 0 
7f7718021000-7f771c000000 ---p 00000000 00:00 0 
7f771c000000-7f771c978000 rw-p 00000000 00:00 0 
7f771c978000-7f7720000000 ---p 00000000 00:00 0 
7f7720000000-7f7720ddb000 rw-p 00000000 00:00 0 
7f7720ddb000-7f7724000000 ---p 00000000 00:00 0 
7f7724000000-7f7724021000 rw-p 00000000 00:00 0 
7f7724021000-7f7728000000 ---p 00000000 00:00 0 
7f7728000000-7f7728021000 rw-p 00000000 00:00 0 
7f7728021000-7f772c000000 ---p 00000000 00:00 0 
7f772c000000-7f772c021000 rw-p 00000000 00:00 0 
7f772c021000-7f7730000000 ---p 00000000 00:00 0 
7f7730000000-7f7730021000 rw-p 00000000 00:00 0 
7f7730021000-7f7734000000 ---p 00000000 00:00 0 
7f7734000000-7f7734021000 rw-p 00000000 00:00 0 
7f7734021000-7f7738000000 ---p 00000000 00:00 0 
7f7738000000-7f7738021000 rw-p 00000000 00:00 0 
7f7738021000-7f773c000000 ---p 00000000 00:00 0 
7f773c000000-7f773c021000 rw-p 00000000 00:00 0 
7f773c021000-7f7740000000 ---p 00000000 00:00 0 
7f77429cf000-7f77429d0000 ---p 00000000 00:00 0 
7f77429d0000-7f7742ad0000 rw-p 00000000 00:00 0                          [stack:10611]
7f7742ad0000-7f7742ad3000 ---p 00000000 00:00 0 
7f7742ad3000-7f7742bd1000 rw-p 00000000 00:00 0                          [stack:10609]
7f7742bd1000-7f7742bd4000 ---p 00000000 00:00 0 
7f7742bd4000-7f7742cd2000 rw-p 00000000 00:00 0                          [stack:10607]
7f7742cd2000-7f7742cd5000 ---p 00000000 00:00 0 
7f7742cd5000-7f7742dd3000 rw-p 00000000 00:00 0                          [stack:10605]
7f7742dd3000-7f7742dd6000 ---p 00000000 00:00 0 
7f7742dd6000-7f7742ed4000 rw-p 00000000 00:00 0                          [stack:10604]
7f7742ed4000-7f7742ed7000 ---p 00000000 00:00 0 
7f7742ed7000-7f7742fd5000 rw-p 00000000 00:00 0                          [stack:10602]
7f7742fd5000-7f77436f7000 r--p 00000000 08:12 3546878                    /usr/lib/locale/locale-archive
7f77436f7000-7f77436fa000 ---p 00000000 00:00 0 
7f77436fa000-7f77437f8000 rw-p 00000000 00:00 0                          [stack:10601]
7f77437f8000-7f77437fb000 ---p 00000000 00:00 0 
7f77437fb000-7f77438f9000 rw-p 00000000 00:00 0                          [stack:10600]
7f77438f9000-7f77438fa000 ---p 00000000 00:00 0 
7f77438fa000-7f7744000000 rw-p 00000000 00:00 0                          [stack:10599]
7f7744000000-7f7744021000 rw-p 00000000 00:00 0 
7f7744021000-7f7748000000 ---p 00000000 00:00 0 
7f7748044000-7f7748056000 r--s 001fc000 08:12 4196211                    /usr/lib/jvm/java-8-oracle/jre/lib/ext/ojdbc6.jar
7f7748056000-7f7748a04000 rw-p 00000000 00:00 0 
7f7748a04000-7f7748bdd000 r--s 03d20000 08:12 4198918                    /usr/lib/jvm/java-8-oracle/jre/lib/rt.jar
7f7748bdd000-7f7749313000 rw-p 00000000 00:00 0 
7f7749313000-7f7749453000 ---p 00000000 00:00 0 
7f7749453000-7f774b653000 rw-p 00000000 00:00 0 
7f774b653000-7f774b654000 ---p 00000000 00:00 0 
7f774b654000-7f774b754000 rw-p 00000000 00:00 0                          [stack:10598]
7f774b754000-7f774b755000 ---p 00000000 00:00 0 
7f774b755000-7f774b855000 rw-p 00000000 00:00 0                          [stack:10597]
7f774b855000-7f774b856000 ---p 00000000 00:00 0 
7f774b856000-7f774b956000 rw-p 00000000 00:00 0                          [stack:10596]
7f774b956000-7f774b957000 ---p 00000000 00:00 0 
7f774b957000-7f774ba81000 rw-p 00000000 00:00 0                          [stack:10595]
7f774ba81000-7f774bbad000 ---p 00000000 00:00 0 
7f774bbad000-7f774bbd7000 rw-p 00000000 00:00 0 
7f774bbd7000-7f774bd02000 ---p 00000000 00:00 0 
7f774bd02000-7f774bd48000 rw-p 00000000 00:00 0 
7f774bd48000-7f774bdad000 ---p 00000000 00:00 0 
7f774bdad000-7f774bdca000 rw-p 00000000 00:00 0 
7f774bdca000-7f774c16e000 ---p 00000000 00:00 0 
7f774c16e000-7f774c83e000 rwxp 00000000 00:00 0 
7f774c83e000-7f775b16e000 ---p 00000000 00:00 0 
7f775b16e000-7f775b188000 r-xp 00000000 08:12 4203595                    /usr/lib/jvm/java-8-oracle/jre/lib/amd64/libzip.so
7f775b188000-7f775b388000 ---p 0001a000 08:12 4203595                    /usr/lib/jvm/java-8-oracle/jre/lib/amd64/libzip.so
7f775b388000-7f775b389000 rw-p 0001a000 08:12 4203595                    /usr/lib/jvm/java-8-oracle/jre/lib/amd64/libzip.so
7f775b389000-7f775b395000 r-xp 00000000 08:12 265436                     /lib/x86_64-linux-gnu/libnss_files-2.21.so
7f775b395000-7f775b594000 ---p 0000c000 08:12 265436                     /lib/x86_64-linux-gnu/libnss_files-2.21.so
7f775b594000-7f775b595000 r--p 0000b000 08:12 265436                     /lib/x86_64-linux-gnu/libnss_files-2.21.so
7f775b595000-7f775b596000 rw-p 0000c000 08:12 265436                     /lib/x86_64-linux-gnu/libnss_files-2.21.so
7f775b596000-7f775b5a1000 r-xp 00000000 08:12 265447                     /lib/x86_64-linux-gnu/libnss_nis-2.21.so
7f775b5a1000-7f775b7a0000 ---p 0000b000 08:12 265447                     /lib/x86_64-linux-gnu/libnss_nis-2.21.so
7f775b7a0000-7f775b7a1000 r--p 0000a000 08:12 265447                     /lib/x86_64-linux-gnu/libnss_nis-2.21.so
7f775b7a1000-7f775b7a2000 rw-p 0000b000 08:12 265447                     /lib/x86_64-linux-gnu/libnss_nis-2.21.so
7f775b7a2000-7f775b7b9000 r-xp 00000000 08:12 265441                     /lib/x86_64-linux-gnu/libnsl-2.21.so
7f775b7b9000-7f775b9b8000 ---p 00017000 08:12 265441                     /lib/x86_64-linux-gnu/libnsl-2.21.so
7f775b9b8000-7f775b9b9000 r--p 00016000 08:12 265441                     /lib/x86_64-linux-gnu/libnsl-2.21.so
7f775b9b9000-7f775b9ba000 rw-p 00017000 08:12 265441                     /lib/x86_64-linux-gnu/libnsl-2.21.so
7f775b9ba000-7f775b9bc000 rw-p 00000000 00:00 0 
7f775b9bc000-7f775b9c4000 r-xp 00000000 08:12 265437                     /lib/x86_64-linux-gnu/libnss_compat-2.21.so
7f775b9c4000-7f775bbc3000 ---p 00008000 08:12 265437                     /lib/x86_64-linux-gnu/libnss_compat-2.21.so
7f775bbc3000-7f775bbc4000 r--p 00007000 08:12 265437                     /lib/x86_64-linux-gnu/libnss_compat-2.21.so
7f775bbc4000-7f775bbc5000 rw-p 00008000 08:12 265437                     /lib/x86_64-linux-gnu/libnss_compat-2.21.so
7f775bbc5000-7f775bbef000 r-xp 00000000 08:12 4203590                    /usr/lib/jvm/java-8-oracle/jre/lib/amd64/libjava.so
7f775bbef000-7f775bdef000 ---p 0002a000 08:12 4203590                    /usr/lib/jvm/java-8-oracle/jre/lib/amd64/libjava.so
7f775bdef000-7f775bdf1000 rw-p 0002a000 08:12 4203590                    /usr/lib/jvm/java-8-oracle/jre/lib/amd64/libjava.so
7f775bdf1000-7f775bdfe000 r-xp 00000000 08:12 4203594                    /usr/lib/jvm/java-8-oracle/jre/lib/amd64/libverify.so
7f775bdfe000-7f775bffe000 ---p 0000d000 08:12 4203594                    /usr/lib/jvm/java-8-oracle/jre/lib/amd64/libverify.so
7f775bffe000-7f775c000000 rw-p 0000d000 08:12 4203594                    /usr/lib/jvm/java-8-oracle/jre/lib/amd64/libverify.so
7f775c000000-7f775c4b9000 rw-p 00000000 00:00 0 
7f775c4b9000-7f7760000000 ---p 00000000 00:00 0 
7f7760001000-7f7760010000 r--s 000dd000 08:12 1704044                    /opt/android-sdk-linux/build-tools/21.1.2/lib/dx.jar
7f7760010000-7f7760017000 r-xp 00000000 08:12 265431                     /lib/x86_64-linux-gnu/librt-2.21.so
7f7760017000-7f7760216000 ---p 00007000 08:12 265431                     /lib/x86_64-linux-gnu/librt-2.21.so
7f7760216000-7f7760217000 r--p 00006000 08:12 265431                     /lib/x86_64-linux-gnu/librt-2.21.so
7f7760217000-7f7760218000 rw-p 00007000 08:12 265431                     /lib/x86_64-linux-gnu/librt-2.21.so
7f7760218000-7f776031f000 r-xp 00000000 08:12 265449                     /lib/x86_64-linux-gnu/libm-2.21.so
7f776031f000-7f776051e000 ---p 00107000 08:12 265449                     /lib/x86_64-linux-gnu/libm-2.21.so
7f776051e000-7f776051f000 r--p 00106000 08:12 265449                     /lib/x86_64-linux-gnu/libm-2.21.so
7f776051f000-7f7760520000 rw-p 00107000 08:12 265449                     /lib/x86_64-linux-gnu/libm-2.21.so
7f7760520000-7f77611de000 r-xp 00000000 08:12 4201549                    /usr/lib/jvm/java-8-oracle/jre/lib/amd64/server/libjvm.so
7f77611de000-7f77613dd000 ---p 00cbe000 08:12 4201549                    /usr/lib/jvm/java-8-oracle/jre/lib/amd64/server/libjvm.so
7f77613dd000-7f77614b6000 rw-p 00cbd000 08:12 4201549                    /usr/lib/jvm/java-8-oracle/jre/lib/amd64/server/libjvm.so
7f77614b6000-7f77614fa000 rw-p 00000000 00:00 0 
7f77614fa000-7f77616ba000 r-xp 00000000 08:12 265450                     /lib/x86_64-linux-gnu/libc-2.21.so
7f77616ba000-7f77618ba000 ---p 001c0000 08:12 265450                     /lib/x86_64-linux-gnu/libc-2.21.so
7f77618ba000-7f77618be000 r--p 001c0000 08:12 265450                     /lib/x86_64-linux-gnu/libc-2.21.so
7f77618be000-7f77618c0000 rw-p 001c4000 08:12 265450                     /lib/x86_64-linux-gnu/libc-2.21.so
7f77618c0000-7f77618c4000 rw-p 00000000 00:00 0 
7f77618c4000-7f77618c7000 r-xp 00000000 08:12 265446                     /lib/x86_64-linux-gnu/libdl-2.21.so
7f77618c7000-7f7761ac6000 ---p 00003000 08:12 265446                     /lib/x86_64-linux-gnu/libdl-2.21.so
7f7761ac6000-7f7761ac7000 r--p 00002000 08:12 265446                     /lib/x86_64-linux-gnu/libdl-2.21.so
7f7761ac7000-7f7761ac8000 rw-p 00003000 08:12 265446                     /lib/x86_64-linux-gnu/libdl-2.21.so
7f7761ac8000-7f7761add000 r-xp 00000000 08:12 4198721                    /usr/lib/jvm/java-8-oracle/lib/amd64/jli/libjli.so
7f7761add000-7f7761cdd000 ---p 00015000 08:12 4198721                    /usr/lib/jvm/java-8-oracle/lib/amd64/jli/libjli.so
7f7761cdd000-7f7761cde000 rw-p 00015000 08:12 4198721                    /usr/lib/jvm/java-8-oracle/lib/amd64/jli/libjli.so
7f7761cde000-7f7761cf6000 r-xp 00000000 08:12 265432                     /lib/x86_64-linux-gnu/libpthread-2.21.so
7f7761cf6000-7f7761ef6000 ---p 00018000 08:12 265432                     /lib/x86_64-linux-gnu/libpthread-2.21.so
7f7761ef6000-7f7761ef7000 r--p 00018000 08:12 265432                     /lib/x86_64-linux-gnu/libpthread-2.21.so
7f7761ef7000-7f7761ef8000 rw-p 00019000 08:12 265432                     /lib/x86_64-linux-gnu/libpthread-2.21.so
7f7761ef8000-7f7761efc000 rw-p 00000000 00:00 0 
7f7761efc000-7f7761f20000 r-xp 00000000 08:12 265444                     /lib/x86_64-linux-gnu/ld-2.21.so
7f7761f24000-7f7761ff6000 rw-p 00000000 00:00 0 
7f7761ff6000-7f7761ff9000 ---p 00000000 00:00 0 
7f7761ff9000-7f77620fb000 rw-p 00000000 00:00 0                          [stack:10594]
7f77620fc000-7f7762113000 rw-p 00000000 00:00 0 
7f7762113000-7f776211b000 rw-s 00000000 08:12 3408074                    /tmp/hsperfdata_duke/10588
7f776211b000-7f776211c000 rw-p 00000000 00:00 0 
7f776211c000-7f776211d000 r--p 00000000 00:00 0 
7f776211d000-7f776211f000 rw-p 00000000 00:00 0 
7f776211f000-7f7762120000 r--p 00023000 08:12 265444                     /lib/x86_64-linux-gnu/ld-2.21.so
7f7762120000-7f7762121000 rw-p 00024000 08:12 265444                     /lib/x86_64-linux-gnu/ld-2.21.so
7f7762121000-7f7762122000 rw-p 00000000 00:00 0 
7ffec8786000-7ffec87a7000 rw-p 00000000 00:00 0                          [stack]
7ffec87d9000-7ffec87db000 r--p 00000000 00:00 0                          [vvar]
7ffec87db000-7ffec87dd000 r-xp 00000000 00:00 0                          [vdso]
ffffffffff600000-ffffffffff601000 r-xp 00000000 00:00 0                  [vsyscall]

VM Arguments:
jvm_args: -Xmx1024M -Dfile.encoding=UTF-8 -Duser.country=US -Duser.language=en -Duser.variant 
java_command: com.android.dx.command.Main --dex --output /home/duke/AndroidStudioProjects/MasterSahab/app/build/intermediates/dex/debug /home/duke/AndroidStudioProjects/MasterSahab/app/build/intermediates/classes/debug /home/duke/AndroidStudioProjects/MasterSahab/app/build/intermediates/pre-dexed/debug/support-annotations-22.2.0-d11b86e8a8d5a60125987e55ed19da6fe916ed6c.jar /home/duke/AndroidStudioProjects/MasterSahab/app/build/intermediates/pre-dexed/debug/internal_impl-22.2.0-9fd2cdf11b2cb58a68c8003917e19ca6197745ad.jar /home/duke/AndroidStudioProjects/MasterSahab/app/build/intermediates/pre-dexed/debug/classes-8ef248cfe074cd8203cc4c867f71e14f57d6780a.jar /home/duke/AndroidStudioProjects/MasterSahab/app/build/intermediates/pre-dexed/debug/classes-dccf93463063885d5b233794907a60cd6aefb60c.jar
java_class_path (initial): /opt/android-sdk-linux/build-tools/21.1.2/lib/dx.jar
Launcher Type: SUN_STANDARD

Environment Variables:
JAVA_HOME=/usr/lib/jvm/java-8-oracle
PATH=/usr/local/sbin:/usr/local/bin:/usr/sbin:/usr/bin:/sbin:/bin:/usr/games:/usr/local/games:/usr/lib/jvm/java-8-oracle/bin:/usr/lib/jvm/java-8-oracle/db/bin:/usr/lib/jvm/java-8-oracle/jre/bin
LD_LIBRARY_PATH=/home/duke/Apps/android-studio/bin:
SHELL=/bin/bash
DISPLAY=:0

Signal Handlers:
SIGSEGV: [libjvm.so+0xaba2a0], sa_mask[0]=11111111011111111101111111111110, sa_flags=SA_RESTART|SA_SIGINFO
SIGBUS: [libjvm.so+0xaba2a0], sa_mask[0]=11111111011111111101111111111110, sa_flags=SA_RESTART|SA_SIGINFO
SIGFPE: [libjvm.so+0x917710], sa_mask[0]=11111111011111111101111111111110, sa_flags=SA_RESTART|SA_SIGINFO
SIGPIPE: [libjvm.so+0x917710], sa_mask[0]=11111111011111111101111111111110, sa_flags=SA_RESTART|SA_SIGINFO
SIGXFSZ: [libjvm.so+0x917710], sa_mask[0]=11111111011111111101111111111110, sa_flags=SA_RESTART|SA_SIGINFO
SIGILL: [libjvm.so+0x917710], sa_mask[0]=11111111011111111101111111111110, sa_flags=SA_RESTART|SA_SIGINFO
SIGUSR1: SIG_DFL, sa_mask[0]=00000000000000000000000000000000, sa_flags=none
SIGUSR2: [libjvm.so+0x918d40], sa_mask[0]=00100000000000000000000000000000, sa_flags=SA_RESTART|SA_SIGINFO
SIGHUP: [libjvm.so+0x91a140], sa_mask[0]=11111111011111111101111111111110, sa_flags=SA_RESTART|SA_SIGINFO
SIGINT: [libjvm.so+0x91a140], sa_mask[0]=11111111011111111101111111111110, sa_flags=SA_RESTART|SA_SIGINFO
SIGTERM: [libjvm.so+0x91a140], sa_mask[0]=11111111011111111101111111111110, sa_flags=SA_RESTART|SA_SIGINFO
SIGQUIT: [libjvm.so+0x91a140], sa_mask[0]=11111111011111111101111111111110, sa_flags=SA_RESTART|SA_SIGINFO


---------------  S Y S T E M  ---------------

OS:DISTRIB_ID=Ubuntu
DISTRIB_RELEASE=15.10
DISTRIB_CODENAME=wily
DISTRIB_DESCRIPTION="Ubuntu 15.10"

uname:Linux 4.2.0-27-generic #32-Ubuntu SMP Fri Jan 22 04:49:08 UTC 2016 x86_64
libc:glibc 2.21 NPTL 2.21 
rlimit: STACK 8192k, CORE 0k, NPROC 31796, NOFILE 65536, AS infinity
load average:4.81 3.34 2.02

/proc/meminfo:
MemTotal:        8174564 kB
MemFree:           58956 kB
MemAvailable:    3238468 kB
Buffers:          378744 kB
Cached:          3248096 kB
SwapCached:          232 kB
Active:          4637656 kB
Inactive:        2881116 kB
Active(anon):    3149112 kB
Inactive(anon):  1403060 kB
Active(file):    1488544 kB
Inactive(file):  1478056 kB
Unevictable:          32 kB
Mlocked:              32 kB
SwapTotal:       1998844 kB
SwapFree:        1990744 kB
Dirty:             26912 kB
Writeback:             0 kB
AnonPages:       3891692 kB
Mapped:           688876 kB
Shmem:            660252 kB
Slab:             328004 kB
SReclaimable:     255488 kB
SUnreclaim:        72516 kB
KernelStack:       10320 kB
PageTables:        47976 kB
NFS_Unstable:          0 kB
Bounce:                0 kB
WritebackTmp:          0 kB
CommitLimit:     6086124 kB
Committed_AS:    8542076 kB
VmallocTotal:   34359738367 kB
VmallocUsed:       91696 kB
VmallocChunk:   34359586812 kB
HardwareCorrupted:     0 kB
AnonHugePages:   1589248 kB
CmaTotal:              0 kB
CmaFree:               0 kB
HugePages_Total:       0
HugePages_Free:        0
HugePages_Rsvd:        0
HugePages_Surp:        0
Hugepagesize:       2048 kB
DirectMap4k:      531392 kB
DirectMap2M:     7856128 kB


CPU:total 4 (4 cores per cpu, 1 threads per core) family 6 model 15 stepping 11, cmov, cx8, fxsr, mmx, sse, sse2, sse3, ssse3, tsc

/proc/cpuinfo:
processor	: 0
vendor_id	: GenuineIntel
cpu family	: 6
model		: 15
model name	: Intel(R) Core(TM)2 Quad CPU    Q6600  @ 2.40GHz
stepping	: 11
microcode	: 0xba
cpu MHz		: 2400.000
cache size	: 4096 KB
physical id	: 0
siblings	: 4
core id		: 0
cpu cores	: 4
apicid		: 0
initial apicid	: 0
fpu		: yes
fpu_exception	: yes
cpuid level	: 10
wp		: yes
flags		: fpu vme de pse tsc msr pae mce cx8 apic sep mtrr pge mca cmov pat pse36 clflush dts acpi mmx fxsr sse sse2 ss ht tm pbe syscall nx lm constant_tsc arch_perfmon pebs bts rep_good nopl aperfmperf pni dtes64 monitor ds_cpl vmx est tm2 ssse3 cx16 xtpr pdcm lahf_lm dtherm tpr_shadow vnmi flexpriority
bugs		:
bogomips	: 4799.96
clflush size	: 64
cache_alignment	: 64
address sizes	: 36 bits physical, 48 bits virtual
power management:

processor	: 1
vendor_id	: GenuineIntel
cpu family	: 6
model		: 15
model name	: Intel(R) Core(TM)2 Quad CPU    Q6600  @ 2.40GHz
stepping	: 11
microcode	: 0xba
cpu MHz		: 2400.000
cache size	: 4096 KB
physical id	: 0
siblings	: 4
core id		: 1
cpu cores	: 4
apicid		: 1
initial apicid	: 1
fpu		: yes
fpu_exception	: yes
cpuid level	: 10
wp		: yes
flags		: fpu vme de pse tsc msr pae mce cx8 apic sep mtrr pge mca cmov pat pse36 clflush dts acpi mmx fxsr sse sse2 ss ht tm pbe syscall nx lm constant_tsc arch_perfmon pebs bts rep_good nopl aperfmperf pni dtes64 monitor ds_cpl vmx est tm2 ssse3 cx16 xtpr pdcm lahf_lm dtherm tpr_shadow vnmi flexpriority
bugs		:
bogomips	: 4799.96
clflush size	: 64
cache_alignment	: 64
address sizes	: 36 bits physical, 48 bits virtual
power management:

processor	: 2
vendor_id	: GenuineIntel
cpu family	: 6
model		: 15
model name	: Intel(R) Core(TM)2 Quad CPU    Q6600  @ 2.40GHz
stepping	: 11
microcode	: 0xba
cpu MHz		: 2400.000
cache size	: 4096 KB
physical id	: 0
siblings	: 4
core id		: 3
cpu cores	: 4
apicid		: 3
initial apicid	: 3
fpu		: yes
fpu_exception	: yes
cpuid level	: 10
wp		: yes
flags		: fpu vme de pse tsc msr pae mce cx8 apic sep mtrr pge mca cmov pat pse36 clflush dts acpi mmx fxsr sse sse2 ss ht tm pbe syscall nx lm constant_tsc arch_perfmon pebs bts rep_good nopl aperfmperf pni dtes64 monitor ds_cpl vmx est tm2 ssse3 cx16 xtpr pdcm lahf_lm dtherm tpr_shadow vnmi flexpriority
bugs		:
bogomips	: 4799.96
clflush size	: 64
cache_alignment	: 64
address sizes	: 36 bits physical, 48 bits virtual
power management:

processor	: 3
vendor_id	: GenuineIntel
cpu family	: 6
model		: 15
model name	: Intel(R) Core(TM)2 Quad CPU    Q6600  @ 2.40GHz
stepping	: 11
microcode	: 0xba
cpu MHz		: 2400.000
cache size	: 4096 KB
physical id	: 0
siblings	: 4
core id		: 2
cpu cores	: 4
apicid		: 2
initial apicid	: 2
fpu		: yes
fpu_exception	: yes
cpuid level	: 10
wp		: yes
flags		: fpu vme de pse tsc msr pae mce cx8 apic sep mtrr pge mca cmov pat pse36 clflush dts acpi mmx fxsr sse sse2 ss ht tm pbe syscall nx lm constant_tsc arch_perfmon pebs bts rep_good nopl aperfmperf pni dtes64 monitor ds_cpl vmx est tm2 ssse3 cx16 xtpr pdcm lahf_lm dtherm tpr_shadow vnmi flexpriority
bugs		:
bogomips	: 4799.96
clflush size	: 64
cache_alignment	: 64
address sizes	: 36 bits physical, 48 bits virtual
power management:



Memory: 4k page, physical 8174564k(58956k free), swap 1998844k(1990744k free)

vm_info: Java HotSpot(TM) 64-Bit Server VM (25.66-b17) for linux-amd64 JRE (1.8.0_66-b17), built on Oct  6 2015 17:28:34 by "java_re" with gcc 4.3.0 20080428 (Red Hat 4.3.0-8)

time: Sun Feb 21 00:33:42 2016
elapsed time: 4 seconds (0d 0h 0m 4s)

