#
# A fatal error has been detected by the Java Runtime Environment:
#
#  SIGSEGV (0xb) at pc=0x00007ff95e005060, pid=15718, tid=140710449116928
#
# JRE version: Java(TM) SE Runtime Environment (8.0_66-b17) (build 1.8.0_66-b17)
# Java VM: Java HotSpot(TM) 64-Bit Server VM (25.66-b17 mixed mode linux-amd64 compressed oops)
# Problematic frame:
# C  0x00007ff95e005060
#
# Failed to write core dump. Core dumps have been disabled. To enable core dumping, try "ulimit -c unlimited" before starting Java again
#
# If you would like to submit a bug report, please visit:
#   http://bugreport.java.com/bugreport/crash.jsp
#

---------------  T H R E A D  ---------------

Current thread (0x00007ff9ac00a000):  JavaThread "main" [_thread_in_Java, id=15721, stack(0x00007ff9b445f000,0x00007ff9b4560000)]

siginfo: si_signo: 11 (SIGSEGV), si_code: 1 (SEGV_MAPERR), si_addr: 0x00007ff95e005060

Registers:
RAX=0x0000000000000049, RBX=0x00000000ef033678, RCX=0x00000000ef033678, RDX=0x0000000000000049
RSP=0x00007ff9b455e3a8, RBP=0x00007ff9b455e5d8, RSI=0x00000000c0002830, RDI=0x0000000000000049
R8 =0x00000000ef135458, R9 =0x00000000ef08c258, R10=0x00000000ef135458, R11=0x00000000ef135458
R12=0x0000000000000000, R13=0x00007ff9b455e588, R14=0x0000000000000000, R15=0x00007ff9ac00a000
RIP=0x00007ff95e005060, EFLAGS=0x0000000000010212, CSGSFS=0x0000000000000033, ERR=0x0000000000000014
  TRAPNO=0x000000000000000e

Top of Stack: (sp=0x00007ff9b455e3a8)
0x00007ff9b455e3a8:   00007ff99d2b869c 00000000ef2b14d0
0x00007ff9b455e3b8:   0000000000000000 00000000ef08c218
0x00007ff9b455e3c8:   00007ff99d56a04c 00000000ef033650
0x00007ff9b455e3d8:   00007ff9b455e4a0 00000000eb384620
0x00007ff9b455e3e8:   00007ff99d435910 00007ff9b455e5d8
0x00007ff9b455e3f8:   00007ff99d5b1bbc 00000000eb374928
0x00007ff9b455e408:   000000010004b768 00000000ef10ee78
0x00007ff9b455e418:   00000000ef033678 00000000eb384620
0x00007ff9b455e428:   00007ff99d56a04c 00000000ef135428
0x00007ff9b455e438:   0000000000000000 00000000ef02bc50
0x00007ff9b455e448:   000000000000000d 00007ff9b455e5d8
0x00007ff9b455e458:   00007ff99d58e0c4 00007ff9b455e490
0x00007ff9b455e468:   00007ff9b455e490 00007ff9b455e598
0x00007ff9b455e478:   00000000ef08c200 00000000ef2b1120
0x00007ff9b455e488:   00000000ef08c218 00007ff9b455e5d8
0x00007ff9b455e498:   00000000ef033650 00000000ef2b1ac0
0x00007ff9b455e4a8:   00000000ef135428 0000000000000001
0x00007ff9b455e4b8:   00000000c0002830 00007ff9b04ea6a0
0x00007ff9b455e4c8:   00007ff9ac00a000 00007ff9b455e5d8
0x00007ff9b455e4d8:   00007ff99d5b3684 00007ff9ac00a000
0x00007ff9b455e4e8:   00007ff9b0349080 00007ff9ac00a000
0x00007ff9b455e4f8:   00000000eb383090 00007ff9b455e530
0x00007ff9b455e508:   00000000eb383090 00000000ef1353d0
0x00007ff9b455e518:   00007ff9b04ea643 00007ff9b455e600
0x00007ff9b455e528:   00007ff9ac00a000 00007ff9b455e5d8
0x00007ff9b455e538:   00000000ef003358 00000000ef1354a0
0x00007ff9b455e548:   00000000ef2b1ac0 00000000eb398158
0x00007ff9b455e558:   00000000ef2b1120 0000000000000000
0x00007ff9b455e568:   00007ff9b455e588 00007ff9b455e5d8
0x00007ff9b455e578:   00007ff99d00798d 00007ff99d00798d
0x00007ff9b455e588:   00000000ef003358 00000000ef1354a0
0x00007ff9b455e598:   00007ff9b455e598 00007ff9b04ea658 

Instructions: (pc=0x00007ff95e005060)
0x00007ff95e005040:   
[error occurred during error reporting (printing registers, top of stack, instructions near pc), id 0xb]

Register to memory mapping:

RAX=0x0000000000000049 is an unknown value
RBX=0x00000000ef033678 is an oop
java.lang.String 
 - klass: 'java/lang/String'
RCX=0x00000000ef033678 is an oop
java.lang.String 
 - klass: 'java/lang/String'
RDX=0x0000000000000049 is an unknown value
RSP=0x00007ff9b455e3a8 is pointing into the stack for thread: 0x00007ff9ac00a000
RBP=0x00007ff9b455e5d8 is pointing into the stack for thread: 0x00007ff9ac00a000
RSI=0x00000000c0002830 is an oop
java.util.HashMap 
 - klass: 'java/util/HashMap'
RDI=0x0000000000000049 is an unknown value
R8 =0x00000000ef135458 is an oop
[C 
 - klass: {type array char}
 - length: 16
R9 =0x00000000ef08c258 is an oop
[C 
 - klass: {type array char}
 - length: 34
R10=0x00000000ef135458 is an oop
[C 
 - klass: {type array char}
 - length: 16
R11=0x00000000ef135458 is an oop
[C 
 - klass: {type array char}
 - length: 16
R12=0x0000000000000000 is an unknown value
R13=0x00007ff9b455e588 is pointing into the stack for thread: 0x00007ff9ac00a000
R14=0x0000000000000000 is an unknown value
R15=0x00007ff9ac00a000 is a thread


Stack: [0x00007ff9b445f000,0x00007ff9b4560000],  sp=0x00007ff9b455e3a8,  free space=1020k
Native frames: (J=compiled Java code, j=interpreted, Vv=VM code, C=native code)
C  0x00007ff95e005060
j  com.android.dx.dex.file.Section.prepare()V+5
j  com.android.dx.dex.file.DexFile.toDex0(ZZ)Lcom/android/dx/util/ByteArrayAnnotatedOutput;+39
j  com.android.dx.dex.file.DexFile.toDex(Ljava/io/Writer;Z)[B+13
j  com.android.dx.command.dexer.Main.writeDex()[B+50
j  com.android.dx.command.dexer.Main.runMonoDex()I+103
j  com.android.dx.command.dexer.Main.run(Lcom/android/dx/command/dexer/Main$Arguments;)I+76
j  com.android.dx.command.dexer.Main.main([Ljava/lang/String;)V+14
j  com.android.dx.command.Main.main([Ljava/lang/String;)V+61
v  ~StubRoutines::call_stub
V  [libjvm.so+0x68bc46]  JavaCalls::call_helper(JavaValue*, methodHandle*, JavaCallArguments*, Thread*)+0x1056
V  [libjvm.so+0x6cd262]  jni_invoke_static(JNIEnv_*, JavaValue*, _jobject*, JNICallType, _jmethodID*, JNI_ArgumentPusher*, Thread*)+0x362
V  [libjvm.so+0x6e9c6a]  jni_CallStaticVoidMethod+0x17a
C  [libjli.so+0x7bcc]  JavaMain+0x80c
C  [libpthread.so.0+0x76aa]  start_thread+0xca


---------------  P R O C E S S  ---------------

Java Threads: ( => current thread )
  0x00007ff9ac0c2800 JavaThread "Service Thread" daemon [_thread_blocked, id=15736, stack(0x00007ff998f8b000,0x00007ff99908c000)]
  0x00007ff9ac0bd800 JavaThread "C1 CompilerThread2" daemon [_thread_blocked, id=15735, stack(0x00007ff99908c000,0x00007ff99918d000)]
  0x00007ff9ac0bb800 JavaThread "C2 CompilerThread1" daemon [_thread_in_native, id=15734, stack(0x00007ff99918d000,0x00007ff99928e000)]
  0x00007ff9ac0b9000 JavaThread "C2 CompilerThread0" daemon [_thread_in_native, id=15733, stack(0x00007ff99928e000,0x00007ff99938f000)]
  0x00007ff9ac0b7000 JavaThread "Signal Dispatcher" daemon [_thread_blocked, id=15732, stack(0x00007ff99938f000,0x00007ff999490000)]
  0x00007ff9ac07f800 JavaThread "Finalizer" daemon [_thread_blocked, id=15731, stack(0x00007ff999bb2000,0x00007ff999cb3000)]
  0x00007ff9ac07d000 JavaThread "Reference Handler" daemon [_thread_blocked, id=15730, stack(0x00007ff999cb3000,0x00007ff999db4000)]
=>0x00007ff9ac00a000 JavaThread "main" [_thread_in_Java, id=15721, stack(0x00007ff9b445f000,0x00007ff9b4560000)]

Other Threads:
  0x00007ff9ac078000 VMThread [stack: 0x00007ff999db4000,0x00007ff999eb5000] [id=15729]
  0x00007ff9ac0c5800 WatcherThread [stack: 0x00007ff998e8a000,0x00007ff998f8b000] [id=15737]

VM state:not at safepoint (normal execution)

VM Mutex/Monitor currently owned by a thread: None

Heap:
 PSYoungGen      total 70656K, used 14541K [0x00000000eab00000, 0x00000000ef500000, 0x0000000100000000)
  eden space 65536K, 14% used [0x00000000eab00000,0x00000000eb43a6e0,0x00000000eeb00000)
  from space 5120K, 99% used [0x00000000ef000000,0x00000000ef4f8fd0,0x00000000ef500000)
  to   space 5120K, 0% used [0x00000000eeb00000,0x00000000eeb00000,0x00000000ef000000)
 ParOldGen       total 86016K, used 3477K [0x00000000c0000000, 0x00000000c5400000, 0x00000000eab00000)
  object space 86016K, 4% used [0x00000000c0000000,0x00000000c0365590,0x00000000c5400000)
 Metaspace       used 5855K, capacity 7088K, committed 7296K, reserved 1056768K
  class space    used 560K, capacity 616K, committed 640K, reserved 1048576K

Card table byte_map: [0x00007ff9b1026000,0x00007ff9b1227000] byte_map_base: 0x00007ff9b0a26000

Marking Bits: (ParMarkBitMap*) 0x00007ff9b3938020
 Begin Bits: [0x00007ff99b000000, 0x00007ff99c000000)
 End Bits:   [0x00007ff99c000000, 0x00007ff99d000000)

Polling page: 0x00007ff9b4585000

CodeCache: size=245760Kb used=5829Kb max_used=5840Kb free=239930Kb
 bounds [0x00007ff99d000000, 0x00007ff99d5c0000, 0x00007ff9ac000000]
 total_blobs=1794 nmethods=1532 adapters=178
 compilation: enabled

Compilation events (10 events):
Event: 2.668 Thread 0x00007ff9ac0bd800 nmethod 1560 0x00007ff99d5b1310 code [0x00007ff99d5b1480, 0x00007ff99d5b1628]
Event: 2.669 Thread 0x00007ff9ac0bd800 1564       3       com.android.dx.dex.file.TypeIdsSection::intern (62 bytes)
Event: 2.670 Thread 0x00007ff9ac0bd800 nmethod 1564 0x00007ff99d5b1710 code [0x00007ff99d5b1920, 0x00007ff99d5b2368]
Event: 2.670 Thread 0x00007ff9ac0bd800 1565       3       com.android.dx.dex.file.FieldIdItem::addContents (23 bytes)
Event: 2.671 Thread 0x00007ff9ac0bd800 nmethod 1565 0x00007ff99d5b2850 code [0x00007ff99d5b2a60, 0x00007ff99d5b3948]
Event: 2.671 Thread 0x00007ff9ac0bd800 1566       3       com.android.dx.dex.file.FieldIdItem::getFieldRef (8 bytes)
Event: 2.671 Thread 0x00007ff9ac0bd800 nmethod 1566 0x00007ff99d5b3e90 code [0x00007ff99d5b4000, 0x00007ff99d5b42d0]
Event: 2.679 Thread 0x00007ff9ac0bb800 nmethod 1539 0x00007ff99d5b7790 code [0x00007ff99d5b7960, 0x00007ff99d5b8178]
Event: 2.679 Thread 0x00007ff9ac0bb800 1542       4       java.util.HashMap::getNode (148 bytes)
Event: 2.683 Thread 0x00007ff9ac0bb800 nmethod 1542 0x00007ff99d5b4350 code [0x00007ff99d5b44c0, 0x00007ff99d5b46f8]

GC Heap History (4 events):
Event: 1.670 GC heap before
{Heap before GC invocations=1 (full 0):
 PSYoungGen      total 37888K, used 32768K [0x00000000eab00000, 0x00000000ed500000, 0x0000000100000000)
  eden space 32768K, 100% used [0x00000000eab00000,0x00000000ecb00000,0x00000000ecb00000)
  from space 5120K, 0% used [0x00000000ed000000,0x00000000ed000000,0x00000000ed500000)
  to   space 5120K, 0% used [0x00000000ecb00000,0x00000000ecb00000,0x00000000ed000000)
 ParOldGen       total 86016K, used 0K [0x00000000c0000000, 0x00000000c5400000, 0x00000000eab00000)
  object space 86016K, 0% used [0x00000000c0000000,0x00000000c0000000,0x00000000c5400000)
 Metaspace       used 5360K, capacity 6832K, committed 7040K, reserved 1056768K
  class space    used 533K, capacity 616K, committed 640K, reserved 1048576K
Event: 1.732 GC heap after
Heap after GC invocations=1 (full 0):
 PSYoungGen      total 37888K, used 4885K [0x00000000eab00000, 0x00000000ef500000, 0x0000000100000000)
  eden space 32768K, 0% used [0x00000000eab00000,0x00000000eab00000,0x00000000ecb00000)
  from space 5120K, 95% used [0x00000000ecb00000,0x00000000ecfc5710,0x00000000ed000000)
  to   space 5120K, 0% used [0x00000000ef000000,0x00000000ef000000,0x00000000ef500000)
 ParOldGen       total 86016K, used 16K [0x00000000c0000000, 0x00000000c5400000, 0x00000000eab00000)
  object space 86016K, 0% used [0x00000000c0000000,0x00000000c0004000,0x00000000c5400000)
 Metaspace       used 5360K, capacity 6832K, committed 7040K, reserved 1056768K
  class space    used 533K, capacity 616K, committed 640K, reserved 1048576K
}
Event: 2.412 GC heap before
{Heap before GC invocations=2 (full 0):
 PSYoungGen      total 37888K, used 37653K [0x00000000eab00000, 0x00000000ef500000, 0x0000000100000000)
  eden space 32768K, 100% used [0x00000000eab00000,0x00000000ecb00000,0x00000000ecb00000)
  from space 5120K, 95% used [0x00000000ecb00000,0x00000000ecfc5710,0x00000000ed000000)
  to   space 5120K, 0% used [0x00000000ef000000,0x00000000ef000000,0x00000000ef500000)
 ParOldGen       total 86016K, used 16K [0x00000000c0000000, 0x00000000c5400000, 0x00000000eab00000)
  object space 86016K, 0% used [0x00000000c0000000,0x00000000c0004000,0x00000000c5400000)
 Metaspace       used 5560K, capacity 6960K, committed 7040K, reserved 1056768K
  class space    used 538K, capacity 616K, committed 640K, reserved 1048576K
Event: 2.458 GC heap after
Heap after GC invocations=2 (full 0):
 PSYoungGen      total 70656K, used 5091K [0x00000000eab00000, 0x00000000ef500000, 0x0000000100000000)
  eden space 65536K, 0% used [0x00000000eab00000,0x00000000eab00000,0x00000000eeb00000)
  from space 5120K, 99% used [0x00000000ef000000,0x00000000ef4f8fd0,0x00000000ef500000)
  to   space 5120K, 0% used [0x00000000eeb00000,0x00000000eeb00000,0x00000000ef000000)
 ParOldGen       total 86016K, used 3477K [0x00000000c0000000, 0x00000000c5400000, 0x00000000eab00000)
  object space 86016K, 4% used [0x00000000c0000000,0x00000000c0365590,0x00000000c5400000)
 Metaspace       used 5560K, capacity 6960K, committed 7040K, reserved 1056768K
  class space    used 538K, capacity 616K, committed 640K, reserved 1048576K
}

Deoptimization events (10 events):
Event: 2.575 Thread 0x00007ff9ac00a000 Uncommon trap: reason=bimorphic action=maybe_recompile pc=0x00007ff99d21b020 method=java.util.HashMap.getNode(ILjava/lang/Object;)Ljava/util/HashMap$Node; @ 126
Event: 2.575 Thread 0x00007ff9ac00a000 Uncommon trap: reason=bimorphic action=maybe_recompile pc=0x00007ff99d258cd0 method=java.util.HashMap.getNode(ILjava/lang/Object;)Ljava/util/HashMap$Node; @ 126
Event: 2.584 Thread 0x00007ff9ac00a000 Uncommon trap: reason=class_check action=maybe_recompile pc=0x00007ff99d437a7c method=java.util.HashMap.putVal(ILjava/lang/Object;Ljava/lang/Object;ZZ)Ljava/lang/Object; @ 203
Event: 2.585 Thread 0x00007ff9ac00a000 Uncommon trap: reason=class_check action=maybe_recompile pc=0x00007ff99d437a7c method=java.util.HashMap.putVal(ILjava/lang/Object;Ljava/lang/Object;ZZ)Ljava/lang/Object; @ 203
Event: 2.586 Thread 0x00007ff9ac00a000 Uncommon trap: reason=class_check action=maybe_recompile pc=0x00007ff99d437a7c method=java.util.HashMap.putVal(ILjava/lang/Object;Ljava/lang/Object;ZZ)Ljava/lang/Object; @ 203
Event: 2.586 Thread 0x00007ff9ac00a000 Uncommon trap: reason=class_check action=maybe_recompile pc=0x00007ff99d437a7c method=java.util.HashMap.putVal(ILjava/lang/Object;Ljava/lang/Object;ZZ)Ljava/lang/Object; @ 203
Event: 2.616 Thread 0x00007ff9ac00a000 Uncommon trap: reason=bimorphic action=maybe_recompile pc=0x00007ff99d59c180 method=java.util.HashMap.putVal(ILjava/lang/Object;Ljava/lang/Object;ZZ)Ljava/lang/Object; @ 203
Event: 2.626 Thread 0x00007ff9ac00a000 Uncommon trap: reason=bimorphic action=maybe_recompile pc=0x00007ff99d59c180 method=java.util.HashMap.putVal(ILjava/lang/Object;Ljava/lang/Object;ZZ)Ljava/lang/Object; @ 203
Event: 2.627 Thread 0x00007ff9ac00a000 Uncommon trap: reason=bimorphic action=maybe_recompile pc=0x00007ff99d59c180 method=java.util.HashMap.putVal(ILjava/lang/Object;Ljava/lang/Object;ZZ)Ljava/lang/Object; @ 203
Event: 2.627 Thread 0x00007ff9ac00a000 Uncommon trap: reason=bimorphic action=maybe_recompile pc=0x00007ff99d59c180 method=java.util.HashMap.putVal(ILjava/lang/Object;Ljava/lang/Object;ZZ)Ljava/lang/Object; @ 203

Internal exceptions (2 events):
Event: 0.047 Thread 0x00007ff9ac00a000 Exception <a 'java/lang/NoSuchMethodError': Method sun.misc.Unsafe.defineClass(Ljava/lang/String;[BII)Ljava/lang/Class; name or signature does not match> (0x00000000eab12b90) thrown at [/HUDSON/workspace/8-2-build-linux-amd64/jdk8u66/4988/hotspot/src/shar
Event: 0.047 Thread 0x00007ff9ac00a000 Exception <a 'java/lang/NoSuchMethodError': Method sun.misc.Unsafe.prefetchRead(Ljava/lang/Object;J)V name or signature does not match> (0x00000000eab12e78) thrown at [/HUDSON/workspace/8-2-build-linux-amd64/jdk8u66/4988/hotspot/src/share/vm/prims/jni.cpp

Events (10 events):
Event: 2.626 Thread 0x00007ff9ac00a000 DEOPT PACKING pc=0x00007ff99d59c180 sp=0x00007ff9b455e290
Event: 2.626 Thread 0x00007ff9ac00a000 DEOPT UNPACKING pc=0x00007ff99d004f69 sp=0x00007ff9b455e228 mode 2
Event: 2.627 Thread 0x00007ff9ac00a000 Uncommon trap: trap_request=0xffffffc6 fr.pc=0x00007ff99d59c180
Event: 2.627 Thread 0x00007ff9ac00a000 DEOPT PACKING pc=0x00007ff99d59c180 sp=0x00007ff9b455e190
Event: 2.627 Thread 0x00007ff9ac00a000 DEOPT UNPACKING pc=0x00007ff99d004f69 sp=0x00007ff9b455e128 mode 2
Event: 2.627 Thread 0x00007ff9ac00a000 Uncommon trap: trap_request=0xffffffc6 fr.pc=0x00007ff99d59c180
Event: 2.627 Thread 0x00007ff9ac00a000 DEOPT PACKING pc=0x00007ff99d59c180 sp=0x00007ff9b455e190
Event: 2.627 Thread 0x00007ff9ac00a000 DEOPT UNPACKING pc=0x00007ff99d004f69 sp=0x00007ff9b455e128 mode 2
Event: 2.661 loading class com/android/dx/dex/file/ProtoIdItem
Event: 2.661 loading class com/android/dx/dex/file/ProtoIdItem done


Dynamic libraries:
00400000-00401000 r-xp 00000000 08:12 4072075                            /usr/lib/jvm/java-8-oracle/bin/java
00600000-00601000 rw-p 00000000 08:12 4072075                            /usr/lib/jvm/java-8-oracle/bin/java
02126000-02147000 rw-p 00000000 00:00 0                                  [heap]
c0000000-c5400000 rw-p 00000000 00:00 0 
c5400000-eab00000 ---p 00000000 00:00 0 
eab00000-ef500000 rw-p 00000000 00:00 0 
ef500000-100000000 ---p 00000000 00:00 0 
100000000-1000a0000 rw-p 00000000 00:00 0 
1000a0000-140000000 ---p 00000000 00:00 0 
7ff964000000-7ff964021000 rw-p 00000000 00:00 0 
7ff964021000-7ff968000000 ---p 00000000 00:00 0 
7ff968000000-7ff968021000 rw-p 00000000 00:00 0 
7ff968021000-7ff96c000000 ---p 00000000 00:00 0 
7ff96c000000-7ff96c617000 rw-p 00000000 00:00 0 
7ff96c617000-7ff970000000 ---p 00000000 00:00 0 
7ff970000000-7ff97077e000 rw-p 00000000 00:00 0 
7ff97077e000-7ff974000000 ---p 00000000 00:00 0 
7ff974000000-7ff974021000 rw-p 00000000 00:00 0 
7ff974021000-7ff978000000 ---p 00000000 00:00 0 
7ff978000000-7ff9788ff000 rw-p 00000000 00:00 0 
7ff9788ff000-7ff97c000000 ---p 00000000 00:00 0 
7ff97c000000-7ff97c021000 rw-p 00000000 00:00 0 
7ff97c021000-7ff980000000 ---p 00000000 00:00 0 
7ff980000000-7ff980021000 rw-p 00000000 00:00 0 
7ff980021000-7ff984000000 ---p 00000000 00:00 0 
7ff984000000-7ff984021000 rw-p 00000000 00:00 0 
7ff984021000-7ff988000000 ---p 00000000 00:00 0 
7ff988000000-7ff988021000 rw-p 00000000 00:00 0 
7ff988021000-7ff98c000000 ---p 00000000 00:00 0 
7ff98c000000-7ff98c021000 rw-p 00000000 00:00 0 
7ff98c021000-7ff990000000 ---p 00000000 00:00 0 
7ff990000000-7ff990021000 rw-p 00000000 00:00 0 
7ff990021000-7ff994000000 ---p 00000000 00:00 0 
7ff994000000-7ff994021000 rw-p 00000000 00:00 0 
7ff994021000-7ff998000000 ---p 00000000 00:00 0 
7ff998e8a000-7ff998e8b000 ---p 00000000 00:00 0 
7ff998e8b000-7ff998f8b000 rw-p 00000000 00:00 0                          [stack:15737]
7ff998f8b000-7ff998f8e000 ---p 00000000 00:00 0 
7ff998f8e000-7ff99908c000 rw-p 00000000 00:00 0                          [stack:15736]
7ff99908c000-7ff99908f000 ---p 00000000 00:00 0 
7ff99908f000-7ff99918d000 rw-p 00000000 00:00 0                          [stack:15735]
7ff99918d000-7ff999190000 ---p 00000000 00:00 0 
7ff999190000-7ff99928e000 rw-p 00000000 00:00 0                          [stack:15734]
7ff99928e000-7ff999291000 ---p 00000000 00:00 0 
7ff999291000-7ff99938f000 rw-p 00000000 00:00 0                          [stack:15733]
7ff99938f000-7ff999392000 ---p 00000000 00:00 0 
7ff999392000-7ff999490000 rw-p 00000000 00:00 0                          [stack:15732]
7ff999490000-7ff999bb2000 r--p 00000000 08:12 3546878                    /usr/lib/locale/locale-archive
7ff999bb2000-7ff999bb5000 ---p 00000000 00:00 0 
7ff999bb5000-7ff999cb3000 rw-p 00000000 00:00 0                          [stack:15731]
7ff999cb3000-7ff999cb6000 ---p 00000000 00:00 0 
7ff999cb6000-7ff999db4000 rw-p 00000000 00:00 0                          [stack:15730]
7ff999db4000-7ff999db5000 ---p 00000000 00:00 0 
7ff999db5000-7ff99ae27000 rw-p 00000000 00:00 0                          [stack:15729]
7ff99ae27000-7ff99b000000 r--s 03d20000 08:12 4198918                    /usr/lib/jvm/java-8-oracle/jre/lib/rt.jar
7ff99b000000-7ff99d000000 rw-p 00000000 00:00 0 
7ff99d000000-7ff99d5c0000 rwxp 00000000 00:00 0 
7ff99d5c0000-7ff9ac000000 ---p 00000000 00:00 0 
7ff9ac000000-7ff9ac438000 rw-p 00000000 00:00 0 
7ff9ac438000-7ff9b0000000 ---p 00000000 00:00 0 
7ff9b0005000-7ff9b0014000 r--s 000dd000 08:12 1704044                    /opt/android-sdk-linux/build-tools/21.1.2/lib/dx.jar
7ff9b0014000-7ff9b074c000 rw-p 00000000 00:00 0 
7ff9b074c000-7ff9b08cc000 ---p 00000000 00:00 0 
7ff9b08cc000-7ff9b0acc000 rw-p 00000000 00:00 0 
7ff9b0acc000-7ff9b0acd000 ---p 00000000 00:00 0 
7ff9b0acd000-7ff9b0bcd000 rw-p 00000000 00:00 0                          [stack:15728]
7ff9b0bcd000-7ff9b0bce000 ---p 00000000 00:00 0 
7ff9b0bce000-7ff9b0cce000 rw-p 00000000 00:00 0                          [stack:15727]
7ff9b0cce000-7ff9b0ccf000 ---p 00000000 00:00 0 
7ff9b0ccf000-7ff9b0dcf000 rw-p 00000000 00:00 0                          [stack:15726]
7ff9b0dcf000-7ff9b0dd0000 ---p 00000000 00:00 0 
7ff9b0dd0000-7ff9b0efa000 rw-p 00000000 00:00 0                          [stack:15725]
7ff9b0efa000-7ff9b1026000 ---p 00000000 00:00 0 
7ff9b1026000-7ff9b1050000 rw-p 00000000 00:00 0 
7ff9b1050000-7ff9b117b000 ---p 00000000 00:00 0 
7ff9b117b000-7ff9b11a1000 rw-p 00000000 00:00 0 
7ff9b11a1000-7ff9b1226000 ---p 00000000 00:00 0 
7ff9b1226000-7ff9b123e000 rw-p 00000000 00:00 0 
7ff9b123e000-7ff9b15e7000 ---p 00000000 00:00 0 
7ff9b15e7000-7ff9b1601000 r-xp 00000000 08:12 4203595                    /usr/lib/jvm/java-8-oracle/jre/lib/amd64/libzip.so
7ff9b1601000-7ff9b1801000 ---p 0001a000 08:12 4203595                    /usr/lib/jvm/java-8-oracle/jre/lib/amd64/libzip.so
7ff9b1801000-7ff9b1802000 rw-p 0001a000 08:12 4203595                    /usr/lib/jvm/java-8-oracle/jre/lib/amd64/libzip.so
7ff9b1802000-7ff9b180e000 r-xp 00000000 08:12 266670                     /lib/x86_64-linux-gnu/libnss_files-2.21.so
7ff9b180e000-7ff9b1a0d000 ---p 0000c000 08:12 266670                     /lib/x86_64-linux-gnu/libnss_files-2.21.so
7ff9b1a0d000-7ff9b1a0e000 r--p 0000b000 08:12 266670                     /lib/x86_64-linux-gnu/libnss_files-2.21.so
7ff9b1a0e000-7ff9b1a0f000 rw-p 0000c000 08:12 266670                     /lib/x86_64-linux-gnu/libnss_files-2.21.so
7ff9b1a0f000-7ff9b1a1a000 r-xp 00000000 08:12 266680                     /lib/x86_64-linux-gnu/libnss_nis-2.21.so
7ff9b1a1a000-7ff9b1c19000 ---p 0000b000 08:12 266680                     /lib/x86_64-linux-gnu/libnss_nis-2.21.so
7ff9b1c19000-7ff9b1c1a000 r--p 0000a000 08:12 266680                     /lib/x86_64-linux-gnu/libnss_nis-2.21.so
7ff9b1c1a000-7ff9b1c1b000 rw-p 0000b000 08:12 266680                     /lib/x86_64-linux-gnu/libnss_nis-2.21.so
7ff9b1c1b000-7ff9b1c32000 r-xp 00000000 08:12 266664                     /lib/x86_64-linux-gnu/libnsl-2.21.so
7ff9b1c32000-7ff9b1e31000 ---p 00017000 08:12 266664                     /lib/x86_64-linux-gnu/libnsl-2.21.so
7ff9b1e31000-7ff9b1e32000 r--p 00016000 08:12 266664                     /lib/x86_64-linux-gnu/libnsl-2.21.so
7ff9b1e32000-7ff9b1e33000 rw-p 00017000 08:12 266664                     /lib/x86_64-linux-gnu/libnsl-2.21.so
7ff9b1e33000-7ff9b1e35000 rw-p 00000000 00:00 0 
7ff9b1e35000-7ff9b1e3d000 r-xp 00000000 08:12 266666                     /lib/x86_64-linux-gnu/libnss_compat-2.21.so
7ff9b1e3d000-7ff9b203c000 ---p 00008000 08:12 266666                     /lib/x86_64-linux-gnu/libnss_compat-2.21.so
7ff9b203c000-7ff9b203d000 r--p 00007000 08:12 266666                     /lib/x86_64-linux-gnu/libnss_compat-2.21.so
7ff9b203d000-7ff9b203e000 rw-p 00008000 08:12 266666                     /lib/x86_64-linux-gnu/libnss_compat-2.21.so
7ff9b203e000-7ff9b2068000 r-xp 00000000 08:12 4203590                    /usr/lib/jvm/java-8-oracle/jre/lib/amd64/libjava.so
7ff9b2068000-7ff9b2268000 ---p 0002a000 08:12 4203590                    /usr/lib/jvm/java-8-oracle/jre/lib/amd64/libjava.so
7ff9b2268000-7ff9b226a000 rw-p 0002a000 08:12 4203590                    /usr/lib/jvm/java-8-oracle/jre/lib/amd64/libjava.so
7ff9b226a000-7ff9b2277000 r-xp 00000000 08:12 4203594                    /usr/lib/jvm/java-8-oracle/jre/lib/amd64/libverify.so
7ff9b2277000-7ff9b2477000 ---p 0000d000 08:12 4203594                    /usr/lib/jvm/java-8-oracle/jre/lib/amd64/libverify.so
7ff9b2477000-7ff9b2479000 rw-p 0000d000 08:12 4203594                    /usr/lib/jvm/java-8-oracle/jre/lib/amd64/libverify.so
7ff9b2479000-7ff9b2480000 r-xp 00000000 08:12 266725                     /lib/x86_64-linux-gnu/librt-2.21.so
7ff9b2480000-7ff9b267f000 ---p 00007000 08:12 266725                     /lib/x86_64-linux-gnu/librt-2.21.so
7ff9b267f000-7ff9b2680000 r--p 00006000 08:12 266725                     /lib/x86_64-linux-gnu/librt-2.21.so
7ff9b2680000-7ff9b2681000 rw-p 00007000 08:12 266725                     /lib/x86_64-linux-gnu/librt-2.21.so
7ff9b2681000-7ff9b2788000 r-xp 00000000 08:12 266643                     /lib/x86_64-linux-gnu/libm-2.21.so
7ff9b2788000-7ff9b2987000 ---p 00107000 08:12 266643                     /lib/x86_64-linux-gnu/libm-2.21.so
7ff9b2987000-7ff9b2988000 r--p 00106000 08:12 266643                     /lib/x86_64-linux-gnu/libm-2.21.so
7ff9b2988000-7ff9b2989000 rw-p 00107000 08:12 266643                     /lib/x86_64-linux-gnu/libm-2.21.so
7ff9b2989000-7ff9b3647000 r-xp 00000000 08:12 4201549                    /usr/lib/jvm/java-8-oracle/jre/lib/amd64/server/libjvm.so
7ff9b3647000-7ff9b3846000 ---p 00cbe000 08:12 4201549                    /usr/lib/jvm/java-8-oracle/jre/lib/amd64/server/libjvm.so
7ff9b3846000-7ff9b391f000 rw-p 00cbd000 08:12 4201549                    /usr/lib/jvm/java-8-oracle/jre/lib/amd64/server/libjvm.so
7ff9b391f000-7ff9b3963000 rw-p 00000000 00:00 0 
7ff9b3963000-7ff9b3b23000 r-xp 00000000 08:12 266584                     /lib/x86_64-linux-gnu/libc-2.21.so
7ff9b3b23000-7ff9b3d23000 ---p 001c0000 08:12 266584                     /lib/x86_64-linux-gnu/libc-2.21.so
7ff9b3d23000-7ff9b3d27000 r--p 001c0000 08:12 266584                     /lib/x86_64-linux-gnu/libc-2.21.so
7ff9b3d27000-7ff9b3d29000 rw-p 001c4000 08:12 266584                     /lib/x86_64-linux-gnu/libc-2.21.so
7ff9b3d29000-7ff9b3d2d000 rw-p 00000000 00:00 0 
7ff9b3d2d000-7ff9b3d30000 r-xp 00000000 08:12 266601                     /lib/x86_64-linux-gnu/libdl-2.21.so
7ff9b3d30000-7ff9b3f2f000 ---p 00003000 08:12 266601                     /lib/x86_64-linux-gnu/libdl-2.21.so
7ff9b3f2f000-7ff9b3f30000 r--p 00002000 08:12 266601                     /lib/x86_64-linux-gnu/libdl-2.21.so
7ff9b3f30000-7ff9b3f31000 rw-p 00003000 08:12 266601                     /lib/x86_64-linux-gnu/libdl-2.21.so
7ff9b3f31000-7ff9b3f46000 r-xp 00000000 08:12 4198721                    /usr/lib/jvm/java-8-oracle/lib/amd64/jli/libjli.so
7ff9b3f46000-7ff9b4146000 ---p 00015000 08:12 4198721                    /usr/lib/jvm/java-8-oracle/lib/amd64/jli/libjli.so
7ff9b4146000-7ff9b4147000 rw-p 00015000 08:12 4198721                    /usr/lib/jvm/java-8-oracle/lib/amd64/jli/libjli.so
7ff9b4147000-7ff9b415f000 r-xp 00000000 08:12 266717                     /lib/x86_64-linux-gnu/libpthread-2.21.so
7ff9b415f000-7ff9b435f000 ---p 00018000 08:12 266717                     /lib/x86_64-linux-gnu/libpthread-2.21.so
7ff9b435f000-7ff9b4360000 r--p 00018000 08:12 266717                     /lib/x86_64-linux-gnu/libpthread-2.21.so
7ff9b4360000-7ff9b4361000 rw-p 00019000 08:12 266717                     /lib/x86_64-linux-gnu/libpthread-2.21.so
7ff9b4361000-7ff9b4365000 rw-p 00000000 00:00 0 
7ff9b4365000-7ff9b4389000 r-xp 00000000 08:12 266556                     /lib/x86_64-linux-gnu/ld-2.21.so
7ff9b438d000-7ff9b445f000 rw-p 00000000 00:00 0 
7ff9b445f000-7ff9b4462000 ---p 00000000 00:00 0 
7ff9b4462000-7ff9b4564000 rw-p 00000000 00:00 0                          [stack:15721]
7ff9b4565000-7ff9b457c000 rw-p 00000000 00:00 0 
7ff9b457c000-7ff9b4584000 rw-s 00000000 08:12 3547975                    /tmp/hsperfdata_duke/15718
7ff9b4584000-7ff9b4585000 rw-p 00000000 00:00 0 
7ff9b4585000-7ff9b4586000 r--p 00000000 00:00 0 
7ff9b4586000-7ff9b4588000 rw-p 00000000 00:00 0 
7ff9b4588000-7ff9b4589000 r--p 00023000 08:12 266556                     /lib/x86_64-linux-gnu/ld-2.21.so
7ff9b4589000-7ff9b458a000 rw-p 00024000 08:12 266556                     /lib/x86_64-linux-gnu/ld-2.21.so
7ff9b458a000-7ff9b458b000 rw-p 00000000 00:00 0 
7ffcd80de000-7ffcd80ff000 rw-p 00000000 00:00 0                          [stack]
7ffcd81de000-7ffcd81e0000 r--p 00000000 00:00 0                          [vvar]
7ffcd81e0000-7ffcd81e2000 r-xp 00000000 00:00 0                          [vdso]
ffffffffff600000-ffffffffff601000 r-xp 00000000 00:00 0                  [vsyscall]

VM Arguments:
jvm_args: -Xmx1024M -Dfile.encoding=UTF-8 -Duser.country=US -Duser.language=en -Duser.variant 
java_command: com.android.dx.command.Main --dex --output /home/duke/AndroidStudioProjects/MasterSahab/app/build/intermediates/dex/debug /home/duke/AndroidStudioProjects/MasterSahab/app/build/intermediates/classes/debug /home/duke/AndroidStudioProjects/MasterSahab/app/build/intermediates/pre-dexed/debug/support-annotations-22.2.0-d11b86e8a8d5a60125987e55ed19da6fe916ed6c.jar /home/duke/AndroidStudioProjects/MasterSahab/app/build/intermediates/pre-dexed/debug/internal_impl-22.2.0-9fd2cdf11b2cb58a68c8003917e19ca6197745ad.jar /home/duke/AndroidStudioProjects/MasterSahab/app/build/intermediates/pre-dexed/debug/classes-8ef248cfe074cd8203cc4c867f71e14f57d6780a.jar /home/duke/AndroidStudioProjects/MasterSahab/app/build/intermediates/pre-dexed/debug/classes-dccf93463063885d5b233794907a60cd6aefb60c.jar
java_class_path (initial): /opt/android-sdk-linux/build-tools/21.1.2/lib/dx.jar
Launcher Type: SUN_STANDARD

Environment Variables:
JAVA_HOME=/usr/lib/jvm/java-8-oracle
PATH=/usr/local/sbin:/usr/local/bin:/usr/sbin:/usr/bin:/sbin:/bin:/usr/games:/usr/local/games:/usr/lib/jvm/java-8-oracle/bin:/usr/lib/jvm/java-8-oracle/db/bin:/usr/lib/jvm/java-8-oracle/jre/bin
LD_LIBRARY_PATH=/home/duke/Apps/android-studio/bin:
SHELL=/bin/bash
DISPLAY=:0

Signal Handlers:
SIGSEGV: [libjvm.so+0xaba2a0], sa_mask[0]=11111111011111111101111111111110, sa_flags=SA_RESTART|SA_SIGINFO
SIGBUS: [libjvm.so+0xaba2a0], sa_mask[0]=11111111011111111101111111111110, sa_flags=SA_RESTART|SA_SIGINFO
SIGFPE: [libjvm.so+0x917710], sa_mask[0]=11111111011111111101111111111110, sa_flags=SA_RESTART|SA_SIGINFO
SIGPIPE: [libjvm.so+0x917710], sa_mask[0]=11111111011111111101111111111110, sa_flags=SA_RESTART|SA_SIGINFO
SIGXFSZ: [libjvm.so+0x917710], sa_mask[0]=11111111011111111101111111111110, sa_flags=SA_RESTART|SA_SIGINFO
SIGILL: [libjvm.so+0x917710], sa_mask[0]=11111111011111111101111111111110, sa_flags=SA_RESTART|SA_SIGINFO
SIGUSR1: SIG_DFL, sa_mask[0]=00000000000000000000000000000000, sa_flags=none
SIGUSR2: [libjvm.so+0x918d40], sa_mask[0]=00100000000000000000000000000000, sa_flags=SA_RESTART|SA_SIGINFO
SIGHUP: [libjvm.so+0x91a140], sa_mask[0]=11111111011111111101111111111110, sa_flags=SA_RESTART|SA_SIGINFO
SIGINT: [libjvm.so+0x91a140], sa_mask[0]=11111111011111111101111111111110, sa_flags=SA_RESTART|SA_SIGINFO
SIGTERM: [libjvm.so+0x91a140], sa_mask[0]=11111111011111111101111111111110, sa_flags=SA_RESTART|SA_SIGINFO
SIGQUIT: [libjvm.so+0x91a140], sa_mask[0]=11111111011111111101111111111110, sa_flags=SA_RESTART|SA_SIGINFO


---------------  S Y S T E M  ---------------

OS:DISTRIB_ID=Ubuntu
DISTRIB_RELEASE=15.10
DISTRIB_CODENAME=wily
DISTRIB_DESCRIPTION="Ubuntu 15.10"

uname:Linux 4.2.0-19-generic #23-Ubuntu SMP Wed Nov 11 11:39:30 UTC 2015 x86_64
libc:glibc 2.21 NPTL 2.21 
rlimit: STACK 8192k, CORE 0k, NPROC 31796, NOFILE 65536, AS infinity
load average:2.39 2.08 2.11

/proc/meminfo:
MemTotal:        8174576 kB
MemFree:           52516 kB
MemAvailable:    2336684 kB
Buffers:          723212 kB
Cached:          1716612 kB
SwapCached:         9588 kB
Active:          5050008 kB
Inactive:        2539876 kB
Active(anon):    3904220 kB
Inactive(anon):  1494988 kB
Active(file):    1145788 kB
Inactive(file):  1044888 kB
Unevictable:          32 kB
Mlocked:              32 kB
SwapTotal:       1998844 kB
SwapFree:        1384120 kB
Dirty:             15868 kB
Writeback:             0 kB
AnonPages:       5141840 kB
Mapped:           608648 kB
Shmem:            249152 kB
Slab:             210164 kB
SReclaimable:     136068 kB
SUnreclaim:        74096 kB
KernelStack:       11280 kB
PageTables:        53540 kB
NFS_Unstable:          0 kB
Bounce:                0 kB
WritebackTmp:          0 kB
CommitLimit:     6086132 kB
Committed_AS:   10470164 kB
VmallocTotal:   34359738367 kB
VmallocUsed:       92556 kB
VmallocChunk:   34359586812 kB
HardwareCorrupted:     0 kB
AnonHugePages:    509952 kB
CmaTotal:              0 kB
CmaFree:               0 kB
HugePages_Total:       0
HugePages_Free:        0
HugePages_Rsvd:        0
HugePages_Surp:        0
Hugepagesize:       2048 kB
DirectMap4k:     2849728 kB
DirectMap2M:     5537792 kB


CPU:total 4 (4 cores per cpu, 1 threads per core) family 6 model 15 stepping 11, cmov, cx8, fxsr, mmx, sse, sse2, sse3, ssse3, tsc

/proc/cpuinfo:
processor	: 0
vendor_id	: GenuineIntel
cpu family	: 6
model		: 15
model name	: Intel(R) Core(TM)2 Quad CPU    Q6600  @ 2.40GHz
stepping	: 11
microcode	: 0xba
cpu MHz		: 2400.000
cache size	: 4096 KB
physical id	: 0
siblings	: 4
core id		: 0
cpu cores	: 4
apicid		: 0
initial apicid	: 0
fpu		: yes
fpu_exception	: yes
cpuid level	: 10
wp		: yes
flags		: fpu vme de pse tsc msr pae mce cx8 apic sep mtrr pge mca cmov pat pse36 clflush dts acpi mmx fxsr sse sse2 ss ht tm pbe syscall nx lm constant_tsc arch_perfmon pebs bts rep_good nopl aperfmperf pni dtes64 monitor ds_cpl vmx est tm2 ssse3 cx16 xtpr pdcm lahf_lm dtherm tpr_shadow vnmi flexpriority
bugs		:
bogomips	: 4800.12
clflush size	: 64
cache_alignment	: 64
address sizes	: 36 bits physical, 48 bits virtual
power management:

processor	: 1
vendor_id	: GenuineIntel
cpu family	: 6
model		: 15
model name	: Intel(R) Core(TM)2 Quad CPU    Q6600  @ 2.40GHz
stepping	: 11
microcode	: 0xba
cpu MHz		: 2400.000
cache size	: 4096 KB
physical id	: 0
siblings	: 4
core id		: 3
cpu cores	: 4
apicid		: 3
initial apicid	: 3
fpu		: yes
fpu_exception	: yes
cpuid level	: 10
wp		: yes
flags		: fpu vme de pse tsc msr pae mce cx8 apic sep mtrr pge mca cmov pat pse36 clflush dts acpi mmx fxsr sse sse2 ss ht tm pbe syscall nx lm constant_tsc arch_perfmon pebs bts rep_good nopl aperfmperf pni dtes64 monitor ds_cpl vmx est tm2 ssse3 cx16 xtpr pdcm lahf_lm dtherm tpr_shadow vnmi flexpriority
bugs		:
bogomips	: 4800.12
clflush size	: 64
cache_alignment	: 64
address sizes	: 36 bits physical, 48 bits virtual
power management:

processor	: 2
vendor_id	: GenuineIntel
cpu family	: 6
model		: 15
model name	: Intel(R) Core(TM)2 Quad CPU    Q6600  @ 2.40GHz
stepping	: 11
microcode	: 0xba
cpu MHz		: 2400.000
cache size	: 4096 KB
physical id	: 0
siblings	: 4
core id		: 1
cpu cores	: 4
apicid		: 1
initial apicid	: 1
fpu		: yes
fpu_exception	: yes
cpuid level	: 10
wp		: yes
flags		: fpu vme de pse tsc msr pae mce cx8 apic sep mtrr pge mca cmov pat pse36 clflush dts acpi mmx fxsr sse sse2 ss ht tm pbe syscall nx lm constant_tsc arch_perfmon pebs bts rep_good nopl aperfmperf pni dtes64 monitor ds_cpl vmx est tm2 ssse3 cx16 xtpr pdcm lahf_lm dtherm tpr_shadow vnmi flexpriority
bugs		:
bogomips	: 4800.12
clflush size	: 64
cache_alignment	: 64
address sizes	: 36 bits physical, 48 bits virtual
power management:

processor	: 3
vendor_id	: GenuineIntel
cpu family	: 6
model		: 15
model name	: Intel(R) Core(TM)2 Quad CPU    Q6600  @ 2.40GHz
stepping	: 11
microcode	: 0xba
cpu MHz		: 2400.000
cache size	: 4096 KB
physical id	: 0
siblings	: 4
core id		: 2
cpu cores	: 4
apicid		: 2
initial apicid	: 2
fpu		: yes
fpu_exception	: yes
cpuid level	: 10
wp		: yes
flags		: fpu vme de pse tsc msr pae mce cx8 apic sep mtrr pge mca cmov pat pse36 clflush dts acpi mmx fxsr sse sse2 ss ht tm pbe syscall nx lm constant_tsc arch_perfmon pebs bts rep_good nopl aperfmperf pni dtes64 monitor ds_cpl vmx est tm2 ssse3 cx16 xtpr pdcm lahf_lm dtherm tpr_shadow vnmi flexpriority
bugs		:
bogomips	: 4800.12
clflush size	: 64
cache_alignment	: 64
address sizes	: 36 bits physical, 48 bits virtual
power management:



Memory: 4k page, physical 8174576k(52516k free), swap 1998844k(1384120k free)

vm_info: Java HotSpot(TM) 64-Bit Server VM (25.66-b17) for linux-amd64 JRE (1.8.0_66-b17), built on Oct  6 2015 17:28:34 by "java_re" with gcc 4.3.0 20080428 (Red Hat 4.3.0-8)

time: Sat Dec  5 12:52:21 2015
elapsed time: 2 seconds (0d 0h 0m 2s)

