#
# A fatal error has been detected by the Java Runtime Environment:
#
#  SIGSEGV (0xb) at pc=0x00007f28a6005060, pid=16784, tid=139814017337088
#
# JRE version: Java(TM) SE Runtime Environment (8.0_66-b17) (build 1.8.0_66-b17)
# Java VM: Java HotSpot(TM) 64-Bit Server VM (25.66-b17 mixed mode linux-amd64 compressed oops)
# Problematic frame:
# C  0x00007f28a6005060
#
# Failed to write core dump. Core dumps have been disabled. To enable core dumping, try "ulimit -c unlimited" before starting Java again
#
# If you would like to submit a bug report, please visit:
#   http://bugreport.java.com/bugreport/crash.jsp
#

---------------  T H R E A D  ---------------

Current thread (0x00007f28f400a000):  JavaThread "main" [_thread_in_Java, id=16787, stack(0x00007f28fcc68000,0x00007f28fcd69000)]

siginfo: si_signo: 11 (SIGSEGV), si_code: 1 (SEGV_MAPERR), si_addr: 0x00007f28a6005060

Registers:
RAX=0x00007f28f8da62d0, RBX=0x00007f28f8da62d0, RCX=0x00000000eb4c95d0, RDX=0x0000000000000023
RSP=0x00007f28fcd669e8, RBP=0x00007f28fcd66a50, RSI=0x00000000eb4c95d0, RDI=0x000000010008fde8
R8 =0x0000000000000008, R9 =0x0000000000000004, R10=0x00007f28fc143260, R11=0x00007f28e5192ce0
R12=0x0000000000000000, R13=0x00007f28fcd66a00, R14=0x00007f28fcd66ab0, R15=0x00007f28f400a000
RIP=0x00007f28a6005060, EFLAGS=0x0000000000010206, CSGSFS=0x0000000000000033, ERR=0x0000000000000014
  TRAPNO=0x000000000000000e

Top of Stack: (sp=0x00007f28fcd669e8)
0x00007f28fcd669e8:   00007f28e5007710 00007f28fcd66a50
0x00007f28fcd669f8:   00007f28e5007710 0000000000000023
0x00007f28fcd66a08:   00000000eb4c95d0 00007f28fcd66a10
0x00007f28fcd66a18:   00007f28f8dd9301 00007f28fcd66ab0
0x00007f28fcd66a28:   00007f28f8ddaaf8 0000000000000000
0x00007f28fcd66a38:   00007f28f8dd9420 00007f28fcd66a00
0x00007f28fcd66a48:   00007f28fcd66aa8 00007f28fcd66af8
0x00007f28fcd66a58:   00007f28e500798d 0000000000000001
0x00007f28fcd66a68:   000000000000001f 000000000000020f
0x00007f28fcd66a78:   0000000000000023 0000000000000054
0x00007f28fcd66a88:   00000000eafead08 0000000000000001
0x00007f28fcd66a98:   00000000eb4c95d0 000000000000012a
0x00007f28fcd66aa8:   00000000eb468f78 00000000eb4be0c0
0x00007f28fcd66ab8:   00007f28fcd66ab8 00007f28f8dd9627
0x00007f28fcd66ac8:   00007f28fcd66b20 00007f28f8ddaaf8
0x00007f28fcd66ad8:   0000000000000000 00007f28f8dd9670
0x00007f28fcd66ae8:   00007f28fcd66aa8 00007f28fcd66b18
0x00007f28fcd66af8:   00007f28fcd66b68 00007f28e500798d
0x00007f28fcd66b08:   00000000eb468f78 00000000eb4edcd8
0x00007f28fcd66b18:   00000000eb3c3498 00000000eb4be0c0
0x00007f28fcd66b28:   00007f28fcd66b28 00007f28f8dda4ef
0x00007f28fcd66b38:   00007f28fcd66b90 00007f28f8ddaaf8
0x00007f28fcd66b48:   0000000000000000 00007f28f8dda640
0x00007f28fcd66b58:   00007f28fcd66b18 00007f28fcd66b90
0x00007f28fcd66b68:   00007f28fcd66bd8 00007f28e500798d
0x00007f28fcd66b78:   00000000eb3c3498 0000000000000118
0x00007f28fcd66b88:   00000000eb3c3cc0 00000000eb4be0c0
0x00007f28fcd66b98:   00007f28fcd66b98 00007f28f8dd8e90
0x00007f28fcd66ba8:   00007f28fcd66be8 00007f28f8ddaaf8
0x00007f28fcd66bb8:   0000000000000000 00007f28f8dd8ea8
0x00007f28fcd66bc8:   00007f28fcd66b90 00007f28fcd66be8
0x00007f28fcd66bd8:   00007f28fcd66c30 00007f28e500798d 

Instructions: (pc=0x00007f28a6005060)
0x00007f28a6005040:   
[error occurred during error reporting (printing registers, top of stack, instructions near pc), id 0xb]

Register to memory mapping:

RAX={method} {0x00007f28f8da62d0} 'get' '(I)Lcom/android/dx/rop/code/RegisterSpec;' in 'com/android/dx/rop/code/RegisterSpecList'
RBX={method} {0x00007f28f8da62d0} 'get' '(I)Lcom/android/dx/rop/code/RegisterSpec;' in 'com/android/dx/rop/code/RegisterSpecList'
RCX=0x00000000eb4c95d0 is an oop
com.android.dx.rop.code.RegisterSpecList 
 - klass: 'com/android/dx/rop/code/RegisterSpecList'
RDX=0x0000000000000023 is an unknown value
RSP=0x00007f28fcd669e8 is pointing into the stack for thread: 0x00007f28f400a000
RBP=0x00007f28fcd66a50 is pointing into the stack for thread: 0x00007f28f400a000
RSI=0x00000000eb4c95d0 is an oop
com.android.dx.rop.code.RegisterSpecList 
 - klass: 'com/android/dx/rop/code/RegisterSpecList'
RDI=0x000000010008fde8 is pointing into metadata
R8 =0x0000000000000008 is an unknown value
R9 =0x0000000000000004 is an unknown value
R10=0x00007f28fc143260: <offset 0xfb1260> in /usr/lib/jvm/java-8-oracle/jre/lib/amd64/server/libjvm.so at 0x00007f28fb192000
R11=0x00007f28e5192ce0 is at entry_point+32 in (nmethod*)0x00007f28e5192b50
R12=0x0000000000000000 is an unknown value
R13=0x00007f28fcd66a00 is pointing into the stack for thread: 0x00007f28f400a000
R14=0x00007f28fcd66ab0 is pointing into the stack for thread: 0x00007f28f400a000
R15=0x00007f28f400a000 is a thread


Stack: [0x00007f28fcc68000,0x00007f28fcd69000],  sp=0x00007f28fcd669e8,  free space=1018k
Native frames: (J=compiled Java code, j=interpreted, Vv=VM code, C=native code)
C  0x00007f28a6005060
j  com.android.dx.ssa.SCCP.simulatePhiBlock(Lcom/android/dx/ssa/SsaBasicBlock;)V+39
j  com.android.dx.ssa.SCCP.run()V+127
j  com.android.dx.ssa.SCCP.process(Lcom/android/dx/ssa/SsaMethod;)V+8
j  com.android.dx.ssa.Optimizer.runSsaFormSteps(Lcom/android/dx/ssa/SsaMethod;Ljava/util/EnumSet;)V+27
j  com.android.dx.ssa.Optimizer.optimize(Lcom/android/dx/rop/code/RopMethod;IZZLcom/android/dx/rop/code/TranslationAdvice;Ljava/util/EnumSet;)Lcom/android/dx/rop/code/RopMethod;+24
j  com.android.dx.ssa.Optimizer.optimize(Lcom/android/dx/rop/code/RopMethod;IZZLcom/android/dx/rop/code/TranslationAdvice;)Lcom/android/dx/rop/code/RopMethod;+12
j  com.android.dx.dex.cf.CfTranslator.processMethods(Lcom/android/dx/cf/direct/DirectClassFile;Lcom/android/dx/dex/cf/CfOptions;Lcom/android/dx/dex/DexOptions;Lcom/android/dx/dex/file/ClassDefItem;Lcom/android/dx/dex/file/DexFile;)V+265
j  com.android.dx.dex.cf.CfTranslator.translate0(Lcom/android/dx/cf/direct/DirectClassFile;[BLcom/android/dx/dex/cf/CfOptions;Lcom/android/dx/dex/DexOptions;Lcom/android/dx/dex/file/DexFile;)Lcom/android/dx/dex/file/ClassDefItem;+120
j  com.android.dx.dex.cf.CfTranslator.translate(Lcom/android/dx/cf/direct/DirectClassFile;[BLcom/android/dx/dex/cf/CfOptions;Lcom/android/dx/dex/DexOptions;Lcom/android/dx/dex/file/DexFile;)Lcom/android/dx/dex/file/ClassDefItem;+6
j  com.android.dx.command.dexer.Main.processClass(Ljava/lang/String;[B)Z+251
j  com.android.dx.command.dexer.Main.processFileBytes(Ljava/lang/String;J[B)Z+188
j  com.android.dx.command.dexer.Main.access$300(Ljava/lang/String;J[B)Z+3
j  com.android.dx.command.dexer.Main$1.processFileBytes(Ljava/lang/String;J[B)Z+4
j  com.android.dx.cf.direct.ClassPathOpener.processOne(Ljava/io/File;Z)Z+82
j  com.android.dx.cf.direct.ClassPathOpener.processDirectory(Ljava/io/File;Z)Z+64
j  com.android.dx.cf.direct.ClassPathOpener.processOne(Ljava/io/File;Z)Z+10
j  com.android.dx.cf.direct.ClassPathOpener.processDirectory(Ljava/io/File;Z)Z+64
j  com.android.dx.cf.direct.ClassPathOpener.processOne(Ljava/io/File;Z)Z+10
j  com.android.dx.cf.direct.ClassPathOpener.processDirectory(Ljava/io/File;Z)Z+64
j  com.android.dx.cf.direct.ClassPathOpener.processOne(Ljava/io/File;Z)Z+10
j  com.android.dx.cf.direct.ClassPathOpener.processDirectory(Ljava/io/File;Z)Z+64
j  com.android.dx.cf.direct.ClassPathOpener.processOne(Ljava/io/File;Z)Z+10
j  com.android.dx.cf.direct.ClassPathOpener.process()Z+15
j  com.android.dx.command.dexer.Main.processOne(Ljava/lang/String;Lcom/android/dx/cf/direct/ClassPathOpener$FileNameFilter;)V+58
j  com.android.dx.command.dexer.Main.processAllFiles()Z+202
j  com.android.dx.command.dexer.Main.runMonoDex()I+58
j  com.android.dx.command.dexer.Main.run(Lcom/android/dx/command/dexer/Main$Arguments;)I+76
j  com.android.dx.command.dexer.Main.main([Ljava/lang/String;)V+14
j  com.android.dx.command.Main.main([Ljava/lang/String;)V+61
v  ~StubRoutines::call_stub
V  [libjvm.so+0x68bc46]  JavaCalls::call_helper(JavaValue*, methodHandle*, JavaCallArguments*, Thread*)+0x1056
V  [libjvm.so+0x6cd262]  jni_invoke_static(JNIEnv_*, JavaValue*, _jobject*, JNICallType, _jmethodID*, JNI_ArgumentPusher*, Thread*)+0x362
V  [libjvm.so+0x6e9c6a]  jni_CallStaticVoidMethod+0x17a
C  [libjli.so+0x7bcc]  JavaMain+0x80c
C  [libpthread.so.0+0x76aa]  start_thread+0xca


---------------  P R O C E S S  ---------------

Java Threads: ( => current thread )
  0x00007f28f40cb000 JavaThread "Service Thread" daemon [_thread_blocked, id=16801, stack(0x00007f28dd6dc000,0x00007f28dd7dd000)]
  0x00007f28f40bd800 JavaThread "C1 CompilerThread2" daemon [_thread_blocked, id=16800, stack(0x00007f28dd7dd000,0x00007f28dd8de000)]
  0x00007f28f40bb800 JavaThread "C2 CompilerThread1" daemon [_thread_blocked, id=16799, stack(0x00007f28e40af000,0x00007f28e41b0000)]
  0x00007f28f40b8800 JavaThread "C2 CompilerThread0" daemon [_thread_blocked, id=16798, stack(0x00007f28e41b0000,0x00007f28e42b1000)]
  0x00007f28f40b7000 JavaThread "Signal Dispatcher" daemon [_thread_blocked, id=16797, stack(0x00007f28e42b1000,0x00007f28e43b2000)]
  0x00007f28f407f800 JavaThread "Finalizer" daemon [_thread_blocked, id=16796, stack(0x00007f28e43b2000,0x00007f28e44b3000)]
  0x00007f28f407d000 JavaThread "Reference Handler" daemon [_thread_blocked, id=16795, stack(0x00007f28e44b3000,0x00007f28e45b4000)]
=>0x00007f28f400a000 JavaThread "main" [_thread_in_Java, id=16787, stack(0x00007f28fcc68000,0x00007f28fcd69000)]

Other Threads:
  0x00007f28f4078000 VMThread [stack: 0x00007f28e45b4000,0x00007f28e46b5000] [id=16794]
  0x00007f28f40cd800 WatcherThread [stack: 0x00007f28dd5db000,0x00007f28dd6dc000] [id=16802]

VM state:not at safepoint (normal execution)

VM Mutex/Monitor currently owned by a thread: None

Heap:
 PSYoungGen      total 37888K, used 10757K [0x00000000eab00000, 0x00000000ed500000, 0x0000000100000000)
  eden space 32768K, 32% used [0x00000000eab00000,0x00000000eb5814d8,0x00000000ecb00000)
  from space 5120K, 0% used [0x00000000ed000000,0x00000000ed000000,0x00000000ed500000)
  to   space 5120K, 0% used [0x00000000ecb00000,0x00000000ecb00000,0x00000000ed000000)
 ParOldGen       total 86016K, used 0K [0x00000000c0000000, 0x00000000c5400000, 0x00000000eab00000)
  object space 86016K, 0% used [0x00000000c0000000,0x00000000c0000000,0x00000000c5400000)
 Metaspace       used 4913K, capacity 6448K, committed 6528K, reserved 1056768K
  class space    used 525K, capacity 616K, committed 640K, reserved 1048576K

Card table byte_map: [0x00007f28f982f000,0x00007f28f9a30000] byte_map_base: 0x00007f28f922f000

Marking Bits: (ParMarkBitMap*) 0x00007f28fc141020
 Begin Bits: [0x00007f28de000000, 0x00007f28df000000)
 End Bits:   [0x00007f28df000000, 0x00007f28e0000000)

Polling page: 0x00007f28fcd8e000

CodeCache: size=245760Kb used=2198Kb max_used=2198Kb free=243561Kb
 bounds [0x00007f28e5000000, 0x00007f28e5270000, 0x00007f28f4000000]
 total_blobs=754 nmethods=501 adapters=169
 compilation: enabled

Compilation events (10 events):
Event: 0.413 Thread 0x00007f28f40bd800 nmethod 487 0x00007f28e521bd10 code [0x00007f28e521c000, 0x00007f28e521ddf8]
Event: 0.413 Thread 0x00007f28f40bd800  496       3       java.util.Collections$UnmodifiableCollection$1::next (10 bytes)
Event: 0.413 Thread 0x00007f28f40bd800 nmethod 496 0x00007f28e52193d0 code [0x00007f28e5219540, 0x00007f28e5219768]
Event: 0.413 Thread 0x00007f28f40bd800  497       3       com.android.dx.ssa.PhiInsn::predBlockIndexForSourcesIndex (15 bytes)
Event: 0.414 Thread 0x00007f28f40b8800  500       4       com.android.dx.rop.code.RegisterSpecList::get (9 bytes)
Event: 0.414 Thread 0x00007f28f40bd800 nmethod 497 0x00007f28e52189d0 code [0x00007f28e5218b80, 0x00007f28e5219058]
Event: 0.414 Thread 0x00007f28f40bd800  490       3       com.android.dx.ssa.SsaMethod$2::visitNonMoveInsn (6 bytes)
Event: 0.414 Thread 0x00007f28f40bd800 nmethod 490 0x00007f28e5218650 code [0x00007f28e52187c0, 0x00007f28e5218948]
Event: 0.414 Thread 0x00007f28f40bd800  498       3       com.android.dx.ssa.SCCP::simulateStmt (481 bytes)
Event: 0.415 Thread 0x00007f28f40b8800 nmethod 500 0x00007f28e52182d0 code [0x00007f28e5218420, 0x00007f28e52184f8]

GC Heap History (0 events):
No events

Deoptimization events (0 events):
No events

Internal exceptions (2 events):
Event: 0.042 Thread 0x00007f28f400a000 Exception <a 'java/lang/NoSuchMethodError': Method sun.misc.Unsafe.defineClass(Ljava/lang/String;[BII)Ljava/lang/Class; name or signature does not match> (0x00000000eab12b90) thrown at [/HUDSON/workspace/8-2-build-linux-amd64/jdk8u66/4988/hotspot/src/shar
Event: 0.043 Thread 0x00007f28f400a000 Exception <a 'java/lang/NoSuchMethodError': Method sun.misc.Unsafe.prefetchRead(Ljava/lang/Object;J)V name or signature does not match> (0x00000000eab12e78) thrown at [/HUDSON/workspace/8-2-build-linux-amd64/jdk8u66/4988/hotspot/src/share/vm/prims/jni.cpp

Events (10 events):
Event: 0.337 loading class com/android/dx/dex/file/StringIdItem
Event: 0.337 loading class com/android/dx/dex/file/StringIdItem done
Event: 0.337 loading class com/android/dx/dex/file/StringDataItem
Event: 0.337 loading class com/android/dx/dex/file/StringDataItem done
Event: 0.349 loading class com/android/dx/cf/code/Ropper$ExceptionHandlerSetup
Event: 0.349 loading class com/android/dx/cf/code/Ropper$ExceptionHandlerSetup done
Event: 0.369 loading class java/util/HashMap$Values
Event: 0.369 loading class java/util/HashMap$Values done
Event: 0.370 loading class java/util/HashMap$ValueIterator
Event: 0.370 loading class java/util/HashMap$ValueIterator done


Dynamic libraries:
00400000-00401000 r-xp 00000000 08:12 4072075                            /usr/lib/jvm/java-8-oracle/bin/java
00600000-00601000 rw-p 00000000 08:12 4072075                            /usr/lib/jvm/java-8-oracle/bin/java
0176f000-01790000 rw-p 00000000 00:00 0                                  [heap]
c0000000-c5400000 rw-p 00000000 00:00 0 
c5400000-eab00000 ---p 00000000 00:00 0 
eab00000-ed500000 rw-p 00000000 00:00 0 
ed500000-100000000 ---p 00000000 00:00 0 
100000000-1000a0000 rw-p 00000000 00:00 0 
1000a0000-140000000 ---p 00000000 00:00 0 
7f28a8000000-7f28a8021000 rw-p 00000000 00:00 0 
7f28a8021000-7f28ac000000 ---p 00000000 00:00 0 
7f28b0000000-7f28b037d000 rw-p 00000000 00:00 0 
7f28b037d000-7f28b4000000 ---p 00000000 00:00 0 
7f28b4000000-7f28b4021000 rw-p 00000000 00:00 0 
7f28b4021000-7f28b8000000 ---p 00000000 00:00 0 
7f28b8000000-7f28b8100000 rw-p 00000000 00:00 0 
7f28b8100000-7f28bc000000 ---p 00000000 00:00 0 
7f28bc000000-7f28bc052000 rw-p 00000000 00:00 0 
7f28bc052000-7f28c0000000 ---p 00000000 00:00 0 
7f28c0000000-7f28c0021000 rw-p 00000000 00:00 0 
7f28c0021000-7f28c4000000 ---p 00000000 00:00 0 
7f28c4000000-7f28c4021000 rw-p 00000000 00:00 0 
7f28c4021000-7f28c8000000 ---p 00000000 00:00 0 
7f28c8000000-7f28c8021000 rw-p 00000000 00:00 0 
7f28c8021000-7f28cc000000 ---p 00000000 00:00 0 
7f28cc000000-7f28cc021000 rw-p 00000000 00:00 0 
7f28cc021000-7f28d0000000 ---p 00000000 00:00 0 
7f28d0000000-7f28d0021000 rw-p 00000000 00:00 0 
7f28d0021000-7f28d4000000 ---p 00000000 00:00 0 
7f28d4000000-7f28d4021000 rw-p 00000000 00:00 0 
7f28d4021000-7f28d8000000 ---p 00000000 00:00 0 
7f28d8000000-7f28d8021000 rw-p 00000000 00:00 0 
7f28d8021000-7f28dc000000 ---p 00000000 00:00 0 
7f28dd5db000-7f28dd5dc000 ---p 00000000 00:00 0 
7f28dd5dc000-7f28dd6dc000 rw-p 00000000 00:00 0                          [stack:16802]
7f28dd6dc000-7f28dd6df000 ---p 00000000 00:00 0 
7f28dd6df000-7f28dd7dd000 rw-p 00000000 00:00 0                          [stack:16801]
7f28dd7dd000-7f28dd7e0000 ---p 00000000 00:00 0 
7f28dd7e0000-7f28dd8de000 rw-p 00000000 00:00 0                          [stack:16800]
7f28dd8de000-7f28de000000 r--p 00000000 08:12 3546878                    /usr/lib/locale/locale-archive
7f28de000000-7f28e0000000 rw-p 00000000 00:00 0 
7f28e0000000-7f28e0021000 rw-p 00000000 00:00 0 
7f28e0021000-7f28e4000000 ---p 00000000 00:00 0 
7f28e40a0000-7f28e40af000 r--s 000dd000 08:12 1706690                    /opt/android-sdk-linux/build-tools/22.0.1/lib/dx.jar
7f28e40af000-7f28e40b2000 ---p 00000000 00:00 0 
7f28e40b2000-7f28e41b0000 rw-p 00000000 00:00 0                          [stack:16799]
7f28e41b0000-7f28e41b3000 ---p 00000000 00:00 0 
7f28e41b3000-7f28e42b1000 rw-p 00000000 00:00 0                          [stack:16798]
7f28e42b1000-7f28e42b4000 ---p 00000000 00:00 0 
7f28e42b4000-7f28e43b2000 rw-p 00000000 00:00 0                          [stack:16797]
7f28e43b2000-7f28e43b5000 ---p 00000000 00:00 0 
7f28e43b5000-7f28e44b3000 rw-p 00000000 00:00 0                          [stack:16796]
7f28e44b3000-7f28e44b6000 ---p 00000000 00:00 0 
7f28e44b6000-7f28e45b4000 rw-p 00000000 00:00 0                          [stack:16795]
7f28e45b4000-7f28e45b5000 ---p 00000000 00:00 0 
7f28e45b5000-7f28e5000000 rw-p 00000000 00:00 0                          [stack:16794]
7f28e5000000-7f28e5270000 rwxp 00000000 00:00 0 
7f28e5270000-7f28f4000000 ---p 00000000 00:00 0 
7f28f4000000-7f28f44b2000 rw-p 00000000 00:00 0 
7f28f44b2000-7f28f8000000 ---p 00000000 00:00 0 
7f28f800b000-7f28f801d000 r--s 001fc000 08:12 4196211                    /usr/lib/jvm/java-8-oracle/jre/lib/ext/ojdbc6.jar
7f28f801d000-7f28f8686000 rw-p 00000000 00:00 0 
7f28f8686000-7f28f885f000 r--s 03d20000 08:12 4198918                    /usr/lib/jvm/java-8-oracle/jre/lib/rt.jar
7f28f885f000-7f28f8e95000 rw-p 00000000 00:00 0 
7f28f8e95000-7f28f90d5000 ---p 00000000 00:00 0 
7f28f90d5000-7f28f92d5000 rw-p 00000000 00:00 0 
7f28f92d5000-7f28f92d6000 ---p 00000000 00:00 0 
7f28f92d6000-7f28f93d6000 rw-p 00000000 00:00 0                          [stack:16793]
7f28f93d6000-7f28f93d7000 ---p 00000000 00:00 0 
7f28f93d7000-7f28f94d7000 rw-p 00000000 00:00 0                          [stack:16792]
7f28f94d7000-7f28f94d8000 ---p 00000000 00:00 0 
7f28f94d8000-7f28f95d8000 rw-p 00000000 00:00 0                          [stack:16791]
7f28f95d8000-7f28f95d9000 ---p 00000000 00:00 0 
7f28f95d9000-7f28f9703000 rw-p 00000000 00:00 0                          [stack:16790]
7f28f9703000-7f28f982f000 ---p 00000000 00:00 0 
7f28f982f000-7f28f9859000 rw-p 00000000 00:00 0 
7f28f9859000-7f28f9984000 ---p 00000000 00:00 0 
7f28f9984000-7f28f999a000 rw-p 00000000 00:00 0 
7f28f999a000-7f28f9a2f000 ---p 00000000 00:00 0 
7f28f9a2f000-7f28f9a3a000 rw-p 00000000 00:00 0 
7f28f9a3a000-7f28f9df0000 ---p 00000000 00:00 0 
7f28f9df0000-7f28f9e0a000 r-xp 00000000 08:12 4203595                    /usr/lib/jvm/java-8-oracle/jre/lib/amd64/libzip.so
7f28f9e0a000-7f28fa00a000 ---p 0001a000 08:12 4203595                    /usr/lib/jvm/java-8-oracle/jre/lib/amd64/libzip.so
7f28fa00a000-7f28fa00b000 rw-p 0001a000 08:12 4203595                    /usr/lib/jvm/java-8-oracle/jre/lib/amd64/libzip.so
7f28fa00b000-7f28fa017000 r-xp 00000000 08:12 265436                     /lib/x86_64-linux-gnu/libnss_files-2.21.so
7f28fa017000-7f28fa216000 ---p 0000c000 08:12 265436                     /lib/x86_64-linux-gnu/libnss_files-2.21.so
7f28fa216000-7f28fa217000 r--p 0000b000 08:12 265436                     /lib/x86_64-linux-gnu/libnss_files-2.21.so
7f28fa217000-7f28fa218000 rw-p 0000c000 08:12 265436                     /lib/x86_64-linux-gnu/libnss_files-2.21.so
7f28fa218000-7f28fa223000 r-xp 00000000 08:12 265447                     /lib/x86_64-linux-gnu/libnss_nis-2.21.so
7f28fa223000-7f28fa422000 ---p 0000b000 08:12 265447                     /lib/x86_64-linux-gnu/libnss_nis-2.21.so
7f28fa422000-7f28fa423000 r--p 0000a000 08:12 265447                     /lib/x86_64-linux-gnu/libnss_nis-2.21.so
7f28fa423000-7f28fa424000 rw-p 0000b000 08:12 265447                     /lib/x86_64-linux-gnu/libnss_nis-2.21.so
7f28fa424000-7f28fa43b000 r-xp 00000000 08:12 265441                     /lib/x86_64-linux-gnu/libnsl-2.21.so
7f28fa43b000-7f28fa63a000 ---p 00017000 08:12 265441                     /lib/x86_64-linux-gnu/libnsl-2.21.so
7f28fa63a000-7f28fa63b000 r--p 00016000 08:12 265441                     /lib/x86_64-linux-gnu/libnsl-2.21.so
7f28fa63b000-7f28fa63c000 rw-p 00017000 08:12 265441                     /lib/x86_64-linux-gnu/libnsl-2.21.so
7f28fa63c000-7f28fa63e000 rw-p 00000000 00:00 0 
7f28fa63e000-7f28fa646000 r-xp 00000000 08:12 265437                     /lib/x86_64-linux-gnu/libnss_compat-2.21.so
7f28fa646000-7f28fa845000 ---p 00008000 08:12 265437                     /lib/x86_64-linux-gnu/libnss_compat-2.21.so
7f28fa845000-7f28fa846000 r--p 00007000 08:12 265437                     /lib/x86_64-linux-gnu/libnss_compat-2.21.so
7f28fa846000-7f28fa847000 rw-p 00008000 08:12 265437                     /lib/x86_64-linux-gnu/libnss_compat-2.21.so
7f28fa847000-7f28fa871000 r-xp 00000000 08:12 4203590                    /usr/lib/jvm/java-8-oracle/jre/lib/amd64/libjava.so
7f28fa871000-7f28faa71000 ---p 0002a000 08:12 4203590                    /usr/lib/jvm/java-8-oracle/jre/lib/amd64/libjava.so
7f28faa71000-7f28faa73000 rw-p 0002a000 08:12 4203590                    /usr/lib/jvm/java-8-oracle/jre/lib/amd64/libjava.so
7f28faa73000-7f28faa80000 r-xp 00000000 08:12 4203594                    /usr/lib/jvm/java-8-oracle/jre/lib/amd64/libverify.so
7f28faa80000-7f28fac80000 ---p 0000d000 08:12 4203594                    /usr/lib/jvm/java-8-oracle/jre/lib/amd64/libverify.so
7f28fac80000-7f28fac82000 rw-p 0000d000 08:12 4203594                    /usr/lib/jvm/java-8-oracle/jre/lib/amd64/libverify.so
7f28fac82000-7f28fac89000 r-xp 00000000 08:12 265431                     /lib/x86_64-linux-gnu/librt-2.21.so
7f28fac89000-7f28fae88000 ---p 00007000 08:12 265431                     /lib/x86_64-linux-gnu/librt-2.21.so
7f28fae88000-7f28fae89000 r--p 00006000 08:12 265431                     /lib/x86_64-linux-gnu/librt-2.21.so
7f28fae89000-7f28fae8a000 rw-p 00007000 08:12 265431                     /lib/x86_64-linux-gnu/librt-2.21.so
7f28fae8a000-7f28faf91000 r-xp 00000000 08:12 265449                     /lib/x86_64-linux-gnu/libm-2.21.so
7f28faf91000-7f28fb190000 ---p 00107000 08:12 265449                     /lib/x86_64-linux-gnu/libm-2.21.so
7f28fb190000-7f28fb191000 r--p 00106000 08:12 265449                     /lib/x86_64-linux-gnu/libm-2.21.so
7f28fb191000-7f28fb192000 rw-p 00107000 08:12 265449                     /lib/x86_64-linux-gnu/libm-2.21.so
7f28fb192000-7f28fbe50000 r-xp 00000000 08:12 4201549                    /usr/lib/jvm/java-8-oracle/jre/lib/amd64/server/libjvm.so
7f28fbe50000-7f28fc04f000 ---p 00cbe000 08:12 4201549                    /usr/lib/jvm/java-8-oracle/jre/lib/amd64/server/libjvm.so
7f28fc04f000-7f28fc128000 rw-p 00cbd000 08:12 4201549                    /usr/lib/jvm/java-8-oracle/jre/lib/amd64/server/libjvm.so
7f28fc128000-7f28fc16c000 rw-p 00000000 00:00 0 
7f28fc16c000-7f28fc32c000 r-xp 00000000 08:12 265450                     /lib/x86_64-linux-gnu/libc-2.21.so
7f28fc32c000-7f28fc52c000 ---p 001c0000 08:12 265450                     /lib/x86_64-linux-gnu/libc-2.21.so
7f28fc52c000-7f28fc530000 r--p 001c0000 08:12 265450                     /lib/x86_64-linux-gnu/libc-2.21.so
7f28fc530000-7f28fc532000 rw-p 001c4000 08:12 265450                     /lib/x86_64-linux-gnu/libc-2.21.so
7f28fc532000-7f28fc536000 rw-p 00000000 00:00 0 
7f28fc536000-7f28fc539000 r-xp 00000000 08:12 265446                     /lib/x86_64-linux-gnu/libdl-2.21.so
7f28fc539000-7f28fc738000 ---p 00003000 08:12 265446                     /lib/x86_64-linux-gnu/libdl-2.21.so
7f28fc738000-7f28fc739000 r--p 00002000 08:12 265446                     /lib/x86_64-linux-gnu/libdl-2.21.so
7f28fc739000-7f28fc73a000 rw-p 00003000 08:12 265446                     /lib/x86_64-linux-gnu/libdl-2.21.so
7f28fc73a000-7f28fc74f000 r-xp 00000000 08:12 4198721                    /usr/lib/jvm/java-8-oracle/lib/amd64/jli/libjli.so
7f28fc74f000-7f28fc94f000 ---p 00015000 08:12 4198721                    /usr/lib/jvm/java-8-oracle/lib/amd64/jli/libjli.so
7f28fc94f000-7f28fc950000 rw-p 00015000 08:12 4198721                    /usr/lib/jvm/java-8-oracle/lib/amd64/jli/libjli.so
7f28fc950000-7f28fc968000 r-xp 00000000 08:12 265432                     /lib/x86_64-linux-gnu/libpthread-2.21.so
7f28fc968000-7f28fcb68000 ---p 00018000 08:12 265432                     /lib/x86_64-linux-gnu/libpthread-2.21.so
7f28fcb68000-7f28fcb69000 r--p 00018000 08:12 265432                     /lib/x86_64-linux-gnu/libpthread-2.21.so
7f28fcb69000-7f28fcb6a000 rw-p 00019000 08:12 265432                     /lib/x86_64-linux-gnu/libpthread-2.21.so
7f28fcb6a000-7f28fcb6e000 rw-p 00000000 00:00 0 
7f28fcb6e000-7f28fcb92000 r-xp 00000000 08:12 265444                     /lib/x86_64-linux-gnu/ld-2.21.so
7f28fcb96000-7f28fcc68000 rw-p 00000000 00:00 0 
7f28fcc68000-7f28fcc6b000 ---p 00000000 00:00 0 
7f28fcc6b000-7f28fcd6d000 rw-p 00000000 00:00 0                          [stack:16787]
7f28fcd6e000-7f28fcd85000 rw-p 00000000 00:00 0 
7f28fcd85000-7f28fcd8d000 rw-s 00000000 08:12 4330840                    /tmp/hsperfdata_duke/16784
7f28fcd8d000-7f28fcd8e000 rw-p 00000000 00:00 0 
7f28fcd8e000-7f28fcd8f000 r--p 00000000 00:00 0 
7f28fcd8f000-7f28fcd91000 rw-p 00000000 00:00 0 
7f28fcd91000-7f28fcd92000 r--p 00023000 08:12 265444                     /lib/x86_64-linux-gnu/ld-2.21.so
7f28fcd92000-7f28fcd93000 rw-p 00024000 08:12 265444                     /lib/x86_64-linux-gnu/ld-2.21.so
7f28fcd93000-7f28fcd94000 rw-p 00000000 00:00 0 
7ffee1872000-7ffee1893000 rw-p 00000000 00:00 0                          [stack]
7ffee1911000-7ffee1913000 r--p 00000000 00:00 0                          [vvar]
7ffee1913000-7ffee1915000 r-xp 00000000 00:00 0                          [vdso]
ffffffffff600000-ffffffffff601000 r-xp 00000000 00:00 0                  [vsyscall]

VM Arguments:
jvm_args: -Xmx1024M -Dfile.encoding=UTF-8 -Duser.country=US -Duser.language=en -Duser.variant 
java_command: com.android.dx.command.Main --dex --output /home/duke/AndroidStudioProjects/MasterSahab/app/build/intermediates/dex/debug /home/duke/AndroidStudioProjects/MasterSahab/app/build/intermediates/classes/debug /home/duke/AndroidStudioProjects/MasterSahab/app/build/intermediates/pre-dexed/debug/support-annotations-23.1.0-149131c491be35e3d124446278d503abb54ec58a.jar /home/duke/AndroidStudioProjects/MasterSahab/app/build/intermediates/pre-dexed/debug/internal_impl-23.1.0-68dd1a7f8574ec1010780d01224e7f7f961b609d.jar /home/duke/AndroidStudioProjects/MasterSahab/app/build/intermediates/pre-dexed/debug/classes-a7978fbca45cb556bc78ba92279a75d463b5966e.jar /home/duke/AndroidStudioProjects/MasterSahab/app/build/intermediates/pre-dexed/debug/classes-15119f3aee5b6d8304b65a7150ff66c3b1b298bc.jar
java_class_path (initial): /opt/android-sdk-linux/build-tools/22.0.1/lib/dx.jar
Launcher Type: SUN_STANDARD

Environment Variables:
JAVA_HOME=/usr/lib/jvm/java-8-oracle
PATH=/usr/local/sbin:/usr/local/bin:/usr/sbin:/usr/bin:/sbin:/bin:/usr/games:/usr/local/games:/usr/lib/jvm/java-8-oracle/bin:/usr/lib/jvm/java-8-oracle/db/bin:/usr/lib/jvm/java-8-oracle/jre/bin
LD_LIBRARY_PATH=/home/duke/Apps/android-studio/bin:
SHELL=/bin/bash
DISPLAY=:0

Signal Handlers:
SIGSEGV: [libjvm.so+0xaba2a0], sa_mask[0]=11111111011111111101111111111110, sa_flags=SA_RESTART|SA_SIGINFO
SIGBUS: [libjvm.so+0xaba2a0], sa_mask[0]=11111111011111111101111111111110, sa_flags=SA_RESTART|SA_SIGINFO
SIGFPE: [libjvm.so+0x917710], sa_mask[0]=11111111011111111101111111111110, sa_flags=SA_RESTART|SA_SIGINFO
SIGPIPE: [libjvm.so+0x917710], sa_mask[0]=11111111011111111101111111111110, sa_flags=SA_RESTART|SA_SIGINFO
SIGXFSZ: [libjvm.so+0x917710], sa_mask[0]=11111111011111111101111111111110, sa_flags=SA_RESTART|SA_SIGINFO
SIGILL: [libjvm.so+0x917710], sa_mask[0]=11111111011111111101111111111110, sa_flags=SA_RESTART|SA_SIGINFO
SIGUSR1: SIG_DFL, sa_mask[0]=00000000000000000000000000000000, sa_flags=none
SIGUSR2: [libjvm.so+0x918d40], sa_mask[0]=00100000000000000000000000000000, sa_flags=SA_RESTART|SA_SIGINFO
SIGHUP: [libjvm.so+0x91a140], sa_mask[0]=11111111011111111101111111111110, sa_flags=SA_RESTART|SA_SIGINFO
SIGINT: [libjvm.so+0x91a140], sa_mask[0]=11111111011111111101111111111110, sa_flags=SA_RESTART|SA_SIGINFO
SIGTERM: [libjvm.so+0x91a140], sa_mask[0]=11111111011111111101111111111110, sa_flags=SA_RESTART|SA_SIGINFO
SIGQUIT: [libjvm.so+0x91a140], sa_mask[0]=11111111011111111101111111111110, sa_flags=SA_RESTART|SA_SIGINFO


---------------  S Y S T E M  ---------------

OS:DISTRIB_ID=Ubuntu
DISTRIB_RELEASE=15.10
DISTRIB_CODENAME=wily
DISTRIB_DESCRIPTION="Ubuntu 15.10"

uname:Linux 4.2.0-30-generic #36-Ubuntu SMP Fri Feb 26 00:58:07 UTC 2016 x86_64
libc:glibc 2.21 NPTL 2.21 
rlimit: STACK 8192k, CORE 0k, NPROC 31796, NOFILE 65536, AS infinity
load average:0.83 1.07 1.25

/proc/meminfo:
MemTotal:        8174560 kB
MemFree:           58988 kB
MemAvailable:    4592032 kB
Buffers:         1577412 kB
Cached:          2732528 kB
SwapCached:            0 kB
Active:          3713964 kB
Inactive:        3945876 kB
Active(anon):    2331592 kB
Inactive(anon):  1059236 kB
Active(file):    1382372 kB
Inactive(file):  2886640 kB
Unevictable:          32 kB
Mlocked:              32 kB
SwapTotal:       1998844 kB
SwapFree:        1998780 kB
Dirty:             29956 kB
Writeback:             0 kB
AnonPages:       3350036 kB
Mapped:           345800 kB
Shmem:             40940 kB
Slab:             346804 kB
SReclaimable:     306608 kB
SUnreclaim:        40196 kB
KernelStack:        8928 kB
PageTables:        32476 kB
NFS_Unstable:          0 kB
Bounce:                0 kB
WritebackTmp:          0 kB
CommitLimit:     6086124 kB
Committed_AS:    6417476 kB
VmallocTotal:   34359738367 kB
VmallocUsed:       87368 kB
VmallocChunk:   34359586812 kB
HardwareCorrupted:     0 kB
AnonHugePages:    679936 kB
CmaTotal:              0 kB
CmaFree:               0 kB
HugePages_Total:       0
HugePages_Free:        0
HugePages_Rsvd:        0
HugePages_Surp:        0
Hugepagesize:       2048 kB
DirectMap4k:      811968 kB
DirectMap2M:     7575552 kB


CPU:total 4 (4 cores per cpu, 1 threads per core) family 6 model 15 stepping 11, cmov, cx8, fxsr, mmx, sse, sse2, sse3, ssse3, tsc

/proc/cpuinfo:
processor	: 0
vendor_id	: GenuineIntel
cpu family	: 6
model		: 15
model name	: Intel(R) Core(TM)2 Quad CPU    Q6600  @ 2.40GHz
stepping	: 11
microcode	: 0xba
cpu MHz		: 2400.000
cache size	: 4096 KB
physical id	: 0
siblings	: 4
core id		: 0
cpu cores	: 4
apicid		: 0
initial apicid	: 0
fpu		: yes
fpu_exception	: yes
cpuid level	: 10
wp		: yes
flags		: fpu vme de pse tsc msr pae mce cx8 apic sep mtrr pge mca cmov pat pse36 clflush dts acpi mmx fxsr sse sse2 ss ht tm pbe syscall nx lm constant_tsc arch_perfmon pebs bts rep_good nopl aperfmperf pni dtes64 monitor ds_cpl vmx est tm2 ssse3 cx16 xtpr pdcm lahf_lm dtherm tpr_shadow vnmi flexpriority
bugs		:
bogomips	: 4799.76
clflush size	: 64
cache_alignment	: 64
address sizes	: 36 bits physical, 48 bits virtual
power management:

processor	: 1
vendor_id	: GenuineIntel
cpu family	: 6
model		: 15
model name	: Intel(R) Core(TM)2 Quad CPU    Q6600  @ 2.40GHz
stepping	: 11
microcode	: 0xba
cpu MHz		: 2400.000
cache size	: 4096 KB
physical id	: 0
siblings	: 4
core id		: 1
cpu cores	: 4
apicid		: 1
initial apicid	: 1
fpu		: yes
fpu_exception	: yes
cpuid level	: 10
wp		: yes
flags		: fpu vme de pse tsc msr pae mce cx8 apic sep mtrr pge mca cmov pat pse36 clflush dts acpi mmx fxsr sse sse2 ss ht tm pbe syscall nx lm constant_tsc arch_perfmon pebs bts rep_good nopl aperfmperf pni dtes64 monitor ds_cpl vmx est tm2 ssse3 cx16 xtpr pdcm lahf_lm dtherm tpr_shadow vnmi flexpriority
bugs		:
bogomips	: 4799.76
clflush size	: 64
cache_alignment	: 64
address sizes	: 36 bits physical, 48 bits virtual
power management:

processor	: 2
vendor_id	: GenuineIntel
cpu family	: 6
model		: 15
model name	: Intel(R) Core(TM)2 Quad CPU    Q6600  @ 2.40GHz
stepping	: 11
microcode	: 0xba
cpu MHz		: 2400.000
cache size	: 4096 KB
physical id	: 0
siblings	: 4
core id		: 3
cpu cores	: 4
apicid		: 3
initial apicid	: 3
fpu		: yes
fpu_exception	: yes
cpuid level	: 10
wp		: yes
flags		: fpu vme de pse tsc msr pae mce cx8 apic sep mtrr pge mca cmov pat pse36 clflush dts acpi mmx fxsr sse sse2 ss ht tm pbe syscall nx lm constant_tsc arch_perfmon pebs bts rep_good nopl aperfmperf pni dtes64 monitor ds_cpl vmx est tm2 ssse3 cx16 xtpr pdcm lahf_lm dtherm tpr_shadow vnmi flexpriority
bugs		:
bogomips	: 4799.76
clflush size	: 64
cache_alignment	: 64
address sizes	: 36 bits physical, 48 bits virtual
power management:

processor	: 3
vendor_id	: GenuineIntel
cpu family	: 6
model		: 15
model name	: Intel(R) Core(TM)2 Quad CPU    Q6600  @ 2.40GHz
stepping	: 11
microcode	: 0xba
cpu MHz		: 2400.000
cache size	: 4096 KB
physical id	: 0
siblings	: 4
core id		: 2
cpu cores	: 4
apicid		: 2
initial apicid	: 2
fpu		: yes
fpu_exception	: yes
cpuid level	: 10
wp		: yes
flags		: fpu vme de pse tsc msr pae mce cx8 apic sep mtrr pge mca cmov pat pse36 clflush dts acpi mmx fxsr sse sse2 ss ht tm pbe syscall nx lm constant_tsc arch_perfmon pebs bts rep_good nopl aperfmperf pni dtes64 monitor ds_cpl vmx est tm2 ssse3 cx16 xtpr pdcm lahf_lm dtherm tpr_shadow vnmi flexpriority
bugs		:
bogomips	: 4799.76
clflush size	: 64
cache_alignment	: 64
address sizes	: 36 bits physical, 48 bits virtual
power management:



Memory: 4k page, physical 8174560k(58988k free), swap 1998844k(1998780k free)

vm_info: Java HotSpot(TM) 64-Bit Server VM (25.66-b17) for linux-amd64 JRE (1.8.0_66-b17), built on Oct  6 2015 17:28:34 by "java_re" with gcc 4.3.0 20080428 (Red Hat 4.3.0-8)

time: Sun Mar 13 13:13:18 2016
elapsed time: 0 seconds (0d 0h 0m 0s)

