#
# A fatal error has been detected by the Java Runtime Environment:
#
#  SIGSEGV (0xb) at pc=0x00007faf02005060, pid=22771, tid=140391087675136
#
# JRE version: Java(TM) SE Runtime Environment (8.0_66-b17) (build 1.8.0_66-b17)
# Java VM: Java HotSpot(TM) 64-Bit Server VM (25.66-b17 mixed mode linux-amd64 compressed oops)
# Problematic frame:
# C  0x00007faf02005060
#
# Failed to write core dump. Core dumps have been disabled. To enable core dumping, try "ulimit -c unlimited" before starting Java again
#
# If you would like to submit a bug report, please visit:
#   http://bugreport.java.com/bugreport/crash.jsp
#

---------------  T H R E A D  ---------------

Current thread (0x00007faf5000a000):  JavaThread "main" [_thread_in_Java, id=22773, stack(0x00007faf58d91000,0x00007faf58e92000)]

siginfo: si_signo: 11 (SIGSEGV), si_code: 1 (SEGV_MAPERR), si_addr: 0x00007faf02005060

Registers:
RAX=0x00007faf54b96410, RBX=0x00007faf54b96410, RCX=0x00000000eb4bf178, RDX=0x0000000000000269
RSP=0x00007faf58e8f9e8, RBP=0x00007faf58e8fa50, RSI=0x00000000eb4bf178, RDI=0x00007faf54f777e0
R8 =0x0000000000000000, R9 =0x0000000000000004, R10=0x00007faf5826c260, R11=0x00007faf41160bc0
R12=0x0000000000000000, R13=0x00007faf58e8fa00, R14=0x0000000000000000, R15=0x00007faf5000a000
RIP=0x00007faf02005060, EFLAGS=0x0000000000010206, CSGSFS=0x0000000000000033, ERR=0x0000000000000014
  TRAPNO=0x000000000000000e

Top of Stack: (sp=0x00007faf58e8f9e8)
0x00007faf58e8f9e8:   00007faf41007160 00007faf58e8fa50
0x00007faf58e8f9f8:   00007faf41007160 0000000000000269
0x00007faf58e8fa08:   00000000eb4bf178 00007faf58e8fa10
0x00007faf58e8fa18:   00007faf54f02318 00007faf58e8fab0
0x00007faf58e8fa28:   00007faf54f03af8 0000000000000000
0x00007faf58e8fa38:   00007faf54f02420 00007faf58e8fa00
0x00007faf58e8fa48:   00007faf58e8faa8 00007faf58e8faf8
0x00007faf58e8fa58:   00007faf4100798d 0000000000000001
0x00007faf58e8fa68:   000000000000001f 0000000000000269
0x00007faf58e8fa78:   000000000000001e 0000000000000054
0x00007faf58e8fa88:   00000000eafead28 0000000000000001
0x00007faf58e8fa98:   00000000eb4c5bf8 0000000000000122
0x00007faf58e8faa8:   00000000eb468f20 00000000eb4be0a0
0x00007faf58e8fab8:   00007faf58e8fab8 00007faf54f02627
0x00007faf58e8fac8:   00007faf58e8fb20 00007faf54f03af8
0x00007faf58e8fad8:   0000000000000000 00007faf54f02670
0x00007faf58e8fae8:   00007faf58e8faa8 00007faf58e8fb18
0x00007faf58e8faf8:   00007faf58e8fb68 00007faf4100798d
0x00007faf58e8fb08:   00000000eb468f20 00000000eb4eda08
0x00007faf58e8fb18:   00000000eb3c31b0 00000000eb4be0a0
0x00007faf58e8fb28:   00007faf58e8fb28 00007faf54f034ef
0x00007faf58e8fb38:   00007faf58e8fb90 00007faf54f03af8
0x00007faf58e8fb48:   0000000000000000 00007faf54f03640
0x00007faf58e8fb58:   00007faf58e8fb18 00007faf58e8fb90
0x00007faf58e8fb68:   00007faf58e8fbd8 00007faf4100798d
0x00007faf58e8fb78:   00000000eb3c31b0 0000000000000129
0x00007faf58e8fb88:   00000000eb3c3c90 00000000eb4be0a0
0x00007faf58e8fb98:   00007faf58e8fb98 00007faf54f01e90
0x00007faf58e8fba8:   00007faf58e8fbe8 00007faf54f03af8
0x00007faf58e8fbb8:   0000000000000000 00007faf54f01ea8
0x00007faf58e8fbc8:   00007faf58e8fb90 00007faf58e8fbe8
0x00007faf58e8fbd8:   00007faf58e8fc30 00007faf4100798d 

Instructions: (pc=0x00007faf02005060)
0x00007faf02005040:   
[error occurred during error reporting (printing registers, top of stack, instructions near pc), id 0xb]

Register to memory mapping:

RAX={method} {0x00007faf54b96410} 'get' '(I)Z' in 'java/util/BitSet'
RBX={method} {0x00007faf54b96410} 'get' '(I)Z' in 'java/util/BitSet'
RCX=0x00000000eb4bf178 is an oop
java.util.BitSet 
 - klass: 'java/util/BitSet'
RDX=0x0000000000000269 is an unknown value
RSP=0x00007faf58e8f9e8 is pointing into the stack for thread: 0x00007faf5000a000
RBP=0x00007faf58e8fa50 is pointing into the stack for thread: 0x00007faf5000a000
RSI=0x00000000eb4bf178 is an oop
java.util.BitSet 
 - klass: 'java/util/BitSet'
RDI=0x00007faf54f777e0 is pointing into metadata
R8 =0x0000000000000000 is an unknown value
R9 =0x0000000000000004 is an unknown value
R10=0x00007faf5826c260: <offset 0xfb1260> in /usr/lib/jvm/java-8-oracle/jre/lib/amd64/server/libjvm.so at 0x00007faf572bb000
R11=0x00007faf41160bc0 is at entry_point+32 in (nmethod*)0x00007faf41160990
R12=0x0000000000000000 is an unknown value
R13=0x00007faf58e8fa00 is pointing into the stack for thread: 0x00007faf5000a000
R14=0x0000000000000000 is an unknown value
R15=0x00007faf5000a000 is a thread


Stack: [0x00007faf58d91000,0x00007faf58e92000],  sp=0x00007faf58e8f9e8,  free space=1018k
Native frames: (J=compiled Java code, j=interpreted, Vv=VM code, C=native code)
C  0x00007faf02005060
j  com.android.dx.ssa.SCCP.simulatePhiBlock(Lcom/android/dx/ssa/SsaBasicBlock;)V+39
j  com.android.dx.ssa.SCCP.run()V+127
j  com.android.dx.ssa.SCCP.process(Lcom/android/dx/ssa/SsaMethod;)V+8
j  com.android.dx.ssa.Optimizer.runSsaFormSteps(Lcom/android/dx/ssa/SsaMethod;Ljava/util/EnumSet;)V+27
j  com.android.dx.ssa.Optimizer.optimize(Lcom/android/dx/rop/code/RopMethod;IZZLcom/android/dx/rop/code/TranslationAdvice;Ljava/util/EnumSet;)Lcom/android/dx/rop/code/RopMethod;+24
j  com.android.dx.ssa.Optimizer.optimize(Lcom/android/dx/rop/code/RopMethod;IZZLcom/android/dx/rop/code/TranslationAdvice;)Lcom/android/dx/rop/code/RopMethod;+12
j  com.android.dx.dex.cf.CfTranslator.processMethods(Lcom/android/dx/cf/direct/DirectClassFile;Lcom/android/dx/dex/cf/CfOptions;Lcom/android/dx/dex/DexOptions;Lcom/android/dx/dex/file/ClassDefItem;Lcom/android/dx/dex/file/DexFile;)V+265
j  com.android.dx.dex.cf.CfTranslator.translate0(Lcom/android/dx/cf/direct/DirectClassFile;[BLcom/android/dx/dex/cf/CfOptions;Lcom/android/dx/dex/DexOptions;Lcom/android/dx/dex/file/DexFile;)Lcom/android/dx/dex/file/ClassDefItem;+120
j  com.android.dx.dex.cf.CfTranslator.translate(Lcom/android/dx/cf/direct/DirectClassFile;[BLcom/android/dx/dex/cf/CfOptions;Lcom/android/dx/dex/DexOptions;Lcom/android/dx/dex/file/DexFile;)Lcom/android/dx/dex/file/ClassDefItem;+6
j  com.android.dx.command.dexer.Main.processClass(Ljava/lang/String;[B)Z+251
j  com.android.dx.command.dexer.Main.processFileBytes(Ljava/lang/String;J[B)Z+188
j  com.android.dx.command.dexer.Main.access$300(Ljava/lang/String;J[B)Z+3
j  com.android.dx.command.dexer.Main$1.processFileBytes(Ljava/lang/String;J[B)Z+4
j  com.android.dx.cf.direct.ClassPathOpener.processOne(Ljava/io/File;Z)Z+82
j  com.android.dx.cf.direct.ClassPathOpener.processDirectory(Ljava/io/File;Z)Z+64
j  com.android.dx.cf.direct.ClassPathOpener.processOne(Ljava/io/File;Z)Z+10
j  com.android.dx.cf.direct.ClassPathOpener.processDirectory(Ljava/io/File;Z)Z+64
j  com.android.dx.cf.direct.ClassPathOpener.processOne(Ljava/io/File;Z)Z+10
j  com.android.dx.cf.direct.ClassPathOpener.processDirectory(Ljava/io/File;Z)Z+64
j  com.android.dx.cf.direct.ClassPathOpener.processOne(Ljava/io/File;Z)Z+10
j  com.android.dx.cf.direct.ClassPathOpener.processDirectory(Ljava/io/File;Z)Z+64
j  com.android.dx.cf.direct.ClassPathOpener.processOne(Ljava/io/File;Z)Z+10
j  com.android.dx.cf.direct.ClassPathOpener.process()Z+15
j  com.android.dx.command.dexer.Main.processOne(Ljava/lang/String;Lcom/android/dx/cf/direct/ClassPathOpener$FileNameFilter;)V+58
j  com.android.dx.command.dexer.Main.processAllFiles()Z+202
j  com.android.dx.command.dexer.Main.runMonoDex()I+58
j  com.android.dx.command.dexer.Main.run(Lcom/android/dx/command/dexer/Main$Arguments;)I+76
j  com.android.dx.command.dexer.Main.main([Ljava/lang/String;)V+14
j  com.android.dx.command.Main.main([Ljava/lang/String;)V+61
v  ~StubRoutines::call_stub
V  [libjvm.so+0x68bc46]  JavaCalls::call_helper(JavaValue*, methodHandle*, JavaCallArguments*, Thread*)+0x1056
V  [libjvm.so+0x6cd262]  jni_invoke_static(JNIEnv_*, JavaValue*, _jobject*, JNICallType, _jmethodID*, JNI_ArgumentPusher*, Thread*)+0x362
V  [libjvm.so+0x6e9c6a]  jni_CallStaticVoidMethod+0x17a
C  [libjli.so+0x7bcc]  JavaMain+0x80c
C  [libpthread.so.0+0x76aa]  start_thread+0xca


---------------  P R O C E S S  ---------------

Java Threads: ( => current thread )
  0x00007faf500c3000 JavaThread "Service Thread" daemon [_thread_blocked, id=22789, stack(0x00007faf3d8ce000,0x00007faf3d9cf000)]
  0x00007faf500bd800 JavaThread "C1 CompilerThread2" daemon [_thread_in_native, id=22788, stack(0x00007faf3d9cf000,0x00007faf3dad0000)]
  0x00007faf500bb800 JavaThread "C2 CompilerThread1" daemon [_thread_blocked, id=22787, stack(0x00007faf3dad0000,0x00007faf3dbd1000)]
  0x00007faf500b8800 JavaThread "C2 CompilerThread0" daemon [_thread_blocked, id=22786, stack(0x00007faf3dbd1000,0x00007faf3dcd2000)]
  0x00007faf500b7000 JavaThread "Signal Dispatcher" daemon [_thread_blocked, id=22785, stack(0x00007faf3dcd2000,0x00007faf3ddd3000)]
  0x00007faf5007f800 JavaThread "Finalizer" daemon [_thread_blocked, id=22784, stack(0x00007faf3e4f5000,0x00007faf3e5f6000)]
  0x00007faf5007d000 JavaThread "Reference Handler" daemon [_thread_blocked, id=22783, stack(0x00007faf3e5f6000,0x00007faf3e6f7000)]
=>0x00007faf5000a000 JavaThread "main" [_thread_in_Java, id=22773, stack(0x00007faf58d91000,0x00007faf58e92000)]

Other Threads:
  0x00007faf50078000 VMThread [stack: 0x00007faf3e6f7000,0x00007faf3e7f8000] [id=22782]
  0x00007faf500c5800 WatcherThread [stack: 0x00007faf3d7cd000,0x00007faf3d8ce000] [id=22790]

VM state:not at safepoint (normal execution)

VM Mutex/Monitor currently owned by a thread: None

Heap:
 PSYoungGen      total 37888K, used 10757K [0x00000000eab00000, 0x00000000ed500000, 0x0000000100000000)
  eden space 32768K, 32% used [0x00000000eab00000,0x00000000eb581430,0x00000000ecb00000)
  from space 5120K, 0% used [0x00000000ed000000,0x00000000ed000000,0x00000000ed500000)
  to   space 5120K, 0% used [0x00000000ecb00000,0x00000000ecb00000,0x00000000ed000000)
 ParOldGen       total 86016K, used 0K [0x00000000c0000000, 0x00000000c5400000, 0x00000000eab00000)
  object space 86016K, 0% used [0x00000000c0000000,0x00000000c0000000,0x00000000c5400000)
 Metaspace       used 4897K, capacity 6448K, committed 6528K, reserved 1056768K
  class space    used 525K, capacity 616K, committed 640K, reserved 1048576K

Card table byte_map: [0x00007faf55958000,0x00007faf55b59000] byte_map_base: 0x00007faf55358000

Marking Bits: (ParMarkBitMap*) 0x00007faf5826a020
 Begin Bits: [0x00007faf3f000000, 0x00007faf40000000)
 End Bits:   [0x00007faf40000000, 0x00007faf41000000)

Polling page: 0x00007faf58eb7000

CodeCache: size=245760Kb used=2089Kb max_used=2089Kb free=243670Kb
 bounds [0x00007faf41000000, 0x00007faf41270000, 0x00007faf50000000]
 total_blobs=728 nmethods=475 adapters=169
 compilation: enabled

Compilation events (10 events):
Event: 0.841 Thread 0x00007faf500bd800 nmethod 457 0x00007faf411fd710 code [0x00007faf411fd860, 0x00007faf411fd970]
Event: 0.841 Thread 0x00007faf500bd800  467       3       com.android.dx.ssa.SsaRenamer$BlockRenamer$1::visitPhiInsn (60 bytes)
Event: 0.841 Thread 0x00007faf500bb800  471       4       java.util.HashMap::get (23 bytes)
Event: 0.850 Thread 0x00007faf500bb800 nmethod 471 0x00007faf412009d0 code [0x00007faf41200b60, 0x00007faf41200f28]
Event: 0.853 Thread 0x00007faf500bd800 nmethod 467 0x00007faf411ff490 code [0x00007faf411ff6a0, 0x00007faf41200328]
Event: 0.853 Thread 0x00007faf500bd800  473       3       com.android.dx.ssa.RegisterMapper::map (63 bytes)
Event: 0.859 Thread 0x00007faf500b8800 nmethod 460 0x00007faf41202d50 code [0x00007faf41202ee0, 0x00007faf41203268]
Event: 0.859 Thread 0x00007faf500b8800  483       4       java.util.BitSet::get (69 bytes)
Event: 0.861 Thread 0x00007faf500b8800 nmethod 483 0x00007faf411fd9d0 code [0x00007faf411fdb20, 0x00007faf411fdbf8]
Event: 0.861 Thread 0x00007faf500b8800  479   !   4       com.android.dx.util.FixedSizeList::set0 (22 bytes)

GC Heap History (0 events):
No events

Deoptimization events (0 events):
No events

Internal exceptions (2 events):
Event: 0.058 Thread 0x00007faf5000a000 Exception <a 'java/lang/NoSuchMethodError': Method sun.misc.Unsafe.defineClass(Ljava/lang/String;[BII)Ljava/lang/Class; name or signature does not match> (0x00000000eab12b90) thrown at [/HUDSON/workspace/8-2-build-linux-amd64/jdk8u66/4988/hotspot/src/shar
Event: 0.058 Thread 0x00007faf5000a000 Exception <a 'java/lang/NoSuchMethodError': Method sun.misc.Unsafe.prefetchRead(Ljava/lang/Object;J)V name or signature does not match> (0x00000000eab12e78) thrown at [/HUDSON/workspace/8-2-build-linux-amd64/jdk8u66/4988/hotspot/src/share/vm/prims/jni.cpp

Events (10 events):
Event: 0.714 loading class com/android/dx/dex/file/StringIdItem
Event: 0.714 loading class com/android/dx/dex/file/StringIdItem done
Event: 0.714 loading class com/android/dx/dex/file/StringDataItem
Event: 0.714 loading class com/android/dx/dex/file/StringDataItem done
Event: 0.727 loading class com/android/dx/cf/code/Ropper$ExceptionHandlerSetup
Event: 0.727 loading class com/android/dx/cf/code/Ropper$ExceptionHandlerSetup done
Event: 0.764 loading class java/util/HashMap$Values
Event: 0.765 loading class java/util/HashMap$Values done
Event: 0.765 loading class java/util/HashMap$ValueIterator
Event: 0.765 loading class java/util/HashMap$ValueIterator done


Dynamic libraries:
00400000-00401000 r-xp 00000000 08:12 4072075                            /usr/lib/jvm/java-8-oracle/bin/java
00600000-00601000 rw-p 00000000 08:12 4072075                            /usr/lib/jvm/java-8-oracle/bin/java
00637000-00658000 rw-p 00000000 00:00 0                                  [heap]
c0000000-c5400000 rw-p 00000000 00:00 0 
c5400000-eab00000 ---p 00000000 00:00 0 
eab00000-ed500000 rw-p 00000000 00:00 0 
ed500000-100000000 ---p 00000000 00:00 0 
100000000-1000a0000 rw-p 00000000 00:00 0 
1000a0000-140000000 ---p 00000000 00:00 0 
7faf08000000-7faf08021000 rw-p 00000000 00:00 0 
7faf08021000-7faf0c000000 ---p 00000000 00:00 0 
7faf0c000000-7faf0c021000 rw-p 00000000 00:00 0 
7faf0c021000-7faf10000000 ---p 00000000 00:00 0 
7faf10000000-7faf10099000 rw-p 00000000 00:00 0 
7faf10099000-7faf14000000 ---p 00000000 00:00 0 
7faf14000000-7faf1438c000 rw-p 00000000 00:00 0 
7faf1438c000-7faf18000000 ---p 00000000 00:00 0 
7faf18000000-7faf18021000 rw-p 00000000 00:00 0 
7faf18021000-7faf1c000000 ---p 00000000 00:00 0 
7faf1c000000-7faf1c0e5000 rw-p 00000000 00:00 0 
7faf1c0e5000-7faf20000000 ---p 00000000 00:00 0 
7faf20000000-7faf20021000 rw-p 00000000 00:00 0 
7faf20021000-7faf24000000 ---p 00000000 00:00 0 
7faf24000000-7faf24021000 rw-p 00000000 00:00 0 
7faf24021000-7faf28000000 ---p 00000000 00:00 0 
7faf28000000-7faf28021000 rw-p 00000000 00:00 0 
7faf28021000-7faf2c000000 ---p 00000000 00:00 0 
7faf2c000000-7faf2c021000 rw-p 00000000 00:00 0 
7faf2c021000-7faf30000000 ---p 00000000 00:00 0 
7faf30000000-7faf30021000 rw-p 00000000 00:00 0 
7faf30021000-7faf34000000 ---p 00000000 00:00 0 
7faf34000000-7faf34021000 rw-p 00000000 00:00 0 
7faf34021000-7faf38000000 ---p 00000000 00:00 0 
7faf38000000-7faf38021000 rw-p 00000000 00:00 0 
7faf38021000-7faf3c000000 ---p 00000000 00:00 0 
7faf3d7ac000-7faf3d7bb000 r--s 000dd000 08:12 1706690                    /opt/android-sdk-linux/build-tools/22.0.1/lib/dx.jar
7faf3d7bb000-7faf3d7cd000 r--s 001fc000 08:12 4196211                    /usr/lib/jvm/java-8-oracle/jre/lib/ext/ojdbc6.jar
7faf3d7cd000-7faf3d7ce000 ---p 00000000 00:00 0 
7faf3d7ce000-7faf3d8ce000 rw-p 00000000 00:00 0                          [stack:22790]
7faf3d8ce000-7faf3d8d1000 ---p 00000000 00:00 0 
7faf3d8d1000-7faf3d9cf000 rw-p 00000000 00:00 0                          [stack:22789]
7faf3d9cf000-7faf3d9d2000 ---p 00000000 00:00 0 
7faf3d9d2000-7faf3dad0000 rw-p 00000000 00:00 0                          [stack:22788]
7faf3dad0000-7faf3dad3000 ---p 00000000 00:00 0 
7faf3dad3000-7faf3dbd1000 rw-p 00000000 00:00 0                          [stack:22787]
7faf3dbd1000-7faf3dbd4000 ---p 00000000 00:00 0 
7faf3dbd4000-7faf3dcd2000 rw-p 00000000 00:00 0                          [stack:22786]
7faf3dcd2000-7faf3dcd5000 ---p 00000000 00:00 0 
7faf3dcd5000-7faf3ddd3000 rw-p 00000000 00:00 0                          [stack:22785]
7faf3ddd3000-7faf3e4f5000 r--p 00000000 08:12 3546878                    /usr/lib/locale/locale-archive
7faf3e4f5000-7faf3e4f8000 ---p 00000000 00:00 0 
7faf3e4f8000-7faf3e5f6000 rw-p 00000000 00:00 0                          [stack:22784]
7faf3e5f6000-7faf3e5f9000 ---p 00000000 00:00 0 
7faf3e5f9000-7faf3e6f7000 rw-p 00000000 00:00 0                          [stack:22783]
7faf3e6f7000-7faf3e6f8000 ---p 00000000 00:00 0 
7faf3e6f8000-7faf41000000 rw-p 00000000 00:00 0                          [stack:22782]
7faf41000000-7faf41270000 rwxp 00000000 00:00 0 
7faf41270000-7faf50000000 ---p 00000000 00:00 0 
7faf50000000-7faf5047b000 rw-p 00000000 00:00 0 
7faf5047b000-7faf54000000 ---p 00000000 00:00 0 
7faf54003000-7faf547af000 rw-p 00000000 00:00 0 
7faf547af000-7faf54988000 r--s 03d20000 08:12 4198918                    /usr/lib/jvm/java-8-oracle/jre/lib/rt.jar
7faf54988000-7faf54fbe000 rw-p 00000000 00:00 0 
7faf54fbe000-7faf551fe000 ---p 00000000 00:00 0 
7faf551fe000-7faf553fe000 rw-p 00000000 00:00 0 
7faf553fe000-7faf553ff000 ---p 00000000 00:00 0 
7faf553ff000-7faf554ff000 rw-p 00000000 00:00 0                          [stack:22778]
7faf554ff000-7faf55500000 ---p 00000000 00:00 0 
7faf55500000-7faf55600000 rw-p 00000000 00:00 0                          [stack:22777]
7faf55600000-7faf55601000 ---p 00000000 00:00 0 
7faf55601000-7faf55701000 rw-p 00000000 00:00 0                          [stack:22776]
7faf55701000-7faf55702000 ---p 00000000 00:00 0 
7faf55702000-7faf5582c000 rw-p 00000000 00:00 0                          [stack:22775]
7faf5582c000-7faf55958000 ---p 00000000 00:00 0 
7faf55958000-7faf55982000 rw-p 00000000 00:00 0 
7faf55982000-7faf55aad000 ---p 00000000 00:00 0 
7faf55aad000-7faf55ac3000 rw-p 00000000 00:00 0 
7faf55ac3000-7faf55b58000 ---p 00000000 00:00 0 
7faf55b58000-7faf55b63000 rw-p 00000000 00:00 0 
7faf55b63000-7faf55f19000 ---p 00000000 00:00 0 
7faf55f19000-7faf55f33000 r-xp 00000000 08:12 4203595                    /usr/lib/jvm/java-8-oracle/jre/lib/amd64/libzip.so
7faf55f33000-7faf56133000 ---p 0001a000 08:12 4203595                    /usr/lib/jvm/java-8-oracle/jre/lib/amd64/libzip.so
7faf56133000-7faf56134000 rw-p 0001a000 08:12 4203595                    /usr/lib/jvm/java-8-oracle/jre/lib/amd64/libzip.so
7faf56134000-7faf56140000 r-xp 00000000 08:12 265436                     /lib/x86_64-linux-gnu/libnss_files-2.21.so
7faf56140000-7faf5633f000 ---p 0000c000 08:12 265436                     /lib/x86_64-linux-gnu/libnss_files-2.21.so
7faf5633f000-7faf56340000 r--p 0000b000 08:12 265436                     /lib/x86_64-linux-gnu/libnss_files-2.21.so
7faf56340000-7faf56341000 rw-p 0000c000 08:12 265436                     /lib/x86_64-linux-gnu/libnss_files-2.21.so
7faf56341000-7faf5634c000 r-xp 00000000 08:12 265447                     /lib/x86_64-linux-gnu/libnss_nis-2.21.so
7faf5634c000-7faf5654b000 ---p 0000b000 08:12 265447                     /lib/x86_64-linux-gnu/libnss_nis-2.21.so
7faf5654b000-7faf5654c000 r--p 0000a000 08:12 265447                     /lib/x86_64-linux-gnu/libnss_nis-2.21.so
7faf5654c000-7faf5654d000 rw-p 0000b000 08:12 265447                     /lib/x86_64-linux-gnu/libnss_nis-2.21.so
7faf5654d000-7faf56564000 r-xp 00000000 08:12 265441                     /lib/x86_64-linux-gnu/libnsl-2.21.so
7faf56564000-7faf56763000 ---p 00017000 08:12 265441                     /lib/x86_64-linux-gnu/libnsl-2.21.so
7faf56763000-7faf56764000 r--p 00016000 08:12 265441                     /lib/x86_64-linux-gnu/libnsl-2.21.so
7faf56764000-7faf56765000 rw-p 00017000 08:12 265441                     /lib/x86_64-linux-gnu/libnsl-2.21.so
7faf56765000-7faf56767000 rw-p 00000000 00:00 0 
7faf56767000-7faf5676f000 r-xp 00000000 08:12 265437                     /lib/x86_64-linux-gnu/libnss_compat-2.21.so
7faf5676f000-7faf5696e000 ---p 00008000 08:12 265437                     /lib/x86_64-linux-gnu/libnss_compat-2.21.so
7faf5696e000-7faf5696f000 r--p 00007000 08:12 265437                     /lib/x86_64-linux-gnu/libnss_compat-2.21.so
7faf5696f000-7faf56970000 rw-p 00008000 08:12 265437                     /lib/x86_64-linux-gnu/libnss_compat-2.21.so
7faf56970000-7faf5699a000 r-xp 00000000 08:12 4203590                    /usr/lib/jvm/java-8-oracle/jre/lib/amd64/libjava.so
7faf5699a000-7faf56b9a000 ---p 0002a000 08:12 4203590                    /usr/lib/jvm/java-8-oracle/jre/lib/amd64/libjava.so
7faf56b9a000-7faf56b9c000 rw-p 0002a000 08:12 4203590                    /usr/lib/jvm/java-8-oracle/jre/lib/amd64/libjava.so
7faf56b9c000-7faf56ba9000 r-xp 00000000 08:12 4203594                    /usr/lib/jvm/java-8-oracle/jre/lib/amd64/libverify.so
7faf56ba9000-7faf56da9000 ---p 0000d000 08:12 4203594                    /usr/lib/jvm/java-8-oracle/jre/lib/amd64/libverify.so
7faf56da9000-7faf56dab000 rw-p 0000d000 08:12 4203594                    /usr/lib/jvm/java-8-oracle/jre/lib/amd64/libverify.so
7faf56dab000-7faf56db2000 r-xp 00000000 08:12 265431                     /lib/x86_64-linux-gnu/librt-2.21.so
7faf56db2000-7faf56fb1000 ---p 00007000 08:12 265431                     /lib/x86_64-linux-gnu/librt-2.21.so
7faf56fb1000-7faf56fb2000 r--p 00006000 08:12 265431                     /lib/x86_64-linux-gnu/librt-2.21.so
7faf56fb2000-7faf56fb3000 rw-p 00007000 08:12 265431                     /lib/x86_64-linux-gnu/librt-2.21.so
7faf56fb3000-7faf570ba000 r-xp 00000000 08:12 265449                     /lib/x86_64-linux-gnu/libm-2.21.so
7faf570ba000-7faf572b9000 ---p 00107000 08:12 265449                     /lib/x86_64-linux-gnu/libm-2.21.so
7faf572b9000-7faf572ba000 r--p 00106000 08:12 265449                     /lib/x86_64-linux-gnu/libm-2.21.so
7faf572ba000-7faf572bb000 rw-p 00107000 08:12 265449                     /lib/x86_64-linux-gnu/libm-2.21.so
7faf572bb000-7faf57f79000 r-xp 00000000 08:12 4201549                    /usr/lib/jvm/java-8-oracle/jre/lib/amd64/server/libjvm.so
7faf57f79000-7faf58178000 ---p 00cbe000 08:12 4201549                    /usr/lib/jvm/java-8-oracle/jre/lib/amd64/server/libjvm.so
7faf58178000-7faf58251000 rw-p 00cbd000 08:12 4201549                    /usr/lib/jvm/java-8-oracle/jre/lib/amd64/server/libjvm.so
7faf58251000-7faf58295000 rw-p 00000000 00:00 0 
7faf58295000-7faf58455000 r-xp 00000000 08:12 265450                     /lib/x86_64-linux-gnu/libc-2.21.so
7faf58455000-7faf58655000 ---p 001c0000 08:12 265450                     /lib/x86_64-linux-gnu/libc-2.21.so
7faf58655000-7faf58659000 r--p 001c0000 08:12 265450                     /lib/x86_64-linux-gnu/libc-2.21.so
7faf58659000-7faf5865b000 rw-p 001c4000 08:12 265450                     /lib/x86_64-linux-gnu/libc-2.21.so
7faf5865b000-7faf5865f000 rw-p 00000000 00:00 0 
7faf5865f000-7faf58662000 r-xp 00000000 08:12 265446                     /lib/x86_64-linux-gnu/libdl-2.21.so
7faf58662000-7faf58861000 ---p 00003000 08:12 265446                     /lib/x86_64-linux-gnu/libdl-2.21.so
7faf58861000-7faf58862000 r--p 00002000 08:12 265446                     /lib/x86_64-linux-gnu/libdl-2.21.so
7faf58862000-7faf58863000 rw-p 00003000 08:12 265446                     /lib/x86_64-linux-gnu/libdl-2.21.so
7faf58863000-7faf58878000 r-xp 00000000 08:12 4198721                    /usr/lib/jvm/java-8-oracle/lib/amd64/jli/libjli.so
7faf58878000-7faf58a78000 ---p 00015000 08:12 4198721                    /usr/lib/jvm/java-8-oracle/lib/amd64/jli/libjli.so
7faf58a78000-7faf58a79000 rw-p 00015000 08:12 4198721                    /usr/lib/jvm/java-8-oracle/lib/amd64/jli/libjli.so
7faf58a79000-7faf58a91000 r-xp 00000000 08:12 265432                     /lib/x86_64-linux-gnu/libpthread-2.21.so
7faf58a91000-7faf58c91000 ---p 00018000 08:12 265432                     /lib/x86_64-linux-gnu/libpthread-2.21.so
7faf58c91000-7faf58c92000 r--p 00018000 08:12 265432                     /lib/x86_64-linux-gnu/libpthread-2.21.so
7faf58c92000-7faf58c93000 rw-p 00019000 08:12 265432                     /lib/x86_64-linux-gnu/libpthread-2.21.so
7faf58c93000-7faf58c97000 rw-p 00000000 00:00 0 
7faf58c97000-7faf58cbb000 r-xp 00000000 08:12 265444                     /lib/x86_64-linux-gnu/ld-2.21.so
7faf58cbf000-7faf58d91000 rw-p 00000000 00:00 0 
7faf58d91000-7faf58d94000 ---p 00000000 00:00 0 
7faf58d94000-7faf58e96000 rw-p 00000000 00:00 0                          [stack:22773]
7faf58e97000-7faf58eae000 rw-p 00000000 00:00 0 
7faf58eae000-7faf58eb6000 rw-s 00000000 08:12 3408604                    /tmp/hsperfdata_duke/22771
7faf58eb6000-7faf58eb7000 rw-p 00000000 00:00 0 
7faf58eb7000-7faf58eb8000 r--p 00000000 00:00 0 
7faf58eb8000-7faf58eba000 rw-p 00000000 00:00 0 
7faf58eba000-7faf58ebb000 r--p 00023000 08:12 265444                     /lib/x86_64-linux-gnu/ld-2.21.so
7faf58ebb000-7faf58ebc000 rw-p 00024000 08:12 265444                     /lib/x86_64-linux-gnu/ld-2.21.so
7faf58ebc000-7faf58ebd000 rw-p 00000000 00:00 0 
7ffdfc28e000-7ffdfc2af000 rw-p 00000000 00:00 0                          [stack]
7ffdfc359000-7ffdfc35b000 r--p 00000000 00:00 0                          [vvar]
7ffdfc35b000-7ffdfc35d000 r-xp 00000000 00:00 0                          [vdso]
ffffffffff600000-ffffffffff601000 r-xp 00000000 00:00 0                  [vsyscall]

VM Arguments:
jvm_args: -Xmx1024M -Dfile.encoding=UTF-8 -Duser.country=US -Duser.language=en -Duser.variant 
java_command: com.android.dx.command.Main --dex --output /home/duke/AndroidStudioProjects/MasterSahab/app/build/intermediates/dex/debug /home/duke/AndroidStudioProjects/MasterSahab/app/build/intermediates/classes/debug /home/duke/AndroidStudioProjects/MasterSahab/app/build/intermediates/pre-dexed/debug/support-annotations-23.1.0-149131c491be35e3d124446278d503abb54ec58a.jar /home/duke/AndroidStudioProjects/MasterSahab/app/build/intermediates/pre-dexed/debug/internal_impl-23.1.0-68dd1a7f8574ec1010780d01224e7f7f961b609d.jar /home/duke/AndroidStudioProjects/MasterSahab/app/build/intermediates/pre-dexed/debug/classes-a7978fbca45cb556bc78ba92279a75d463b5966e.jar /home/duke/AndroidStudioProjects/MasterSahab/app/build/intermediates/pre-dexed/debug/classes-15119f3aee5b6d8304b65a7150ff66c3b1b298bc.jar
java_class_path (initial): /opt/android-sdk-linux/build-tools/22.0.1/lib/dx.jar
Launcher Type: SUN_STANDARD

Environment Variables:
JAVA_HOME=/usr/lib/jvm/java-8-oracle
PATH=/usr/local/sbin:/usr/local/bin:/usr/sbin:/usr/bin:/sbin:/bin:/usr/games:/usr/local/games:/usr/lib/jvm/java-8-oracle/bin:/usr/lib/jvm/java-8-oracle/db/bin:/usr/lib/jvm/java-8-oracle/jre/bin
LD_LIBRARY_PATH=/home/duke/Apps/android-studio/bin:
SHELL=/bin/bash
DISPLAY=:0

Signal Handlers:
SIGSEGV: [libjvm.so+0xaba2a0], sa_mask[0]=11111111011111111101111111111110, sa_flags=SA_RESTART|SA_SIGINFO
SIGBUS: [libjvm.so+0xaba2a0], sa_mask[0]=11111111011111111101111111111110, sa_flags=SA_RESTART|SA_SIGINFO
SIGFPE: [libjvm.so+0x917710], sa_mask[0]=11111111011111111101111111111110, sa_flags=SA_RESTART|SA_SIGINFO
SIGPIPE: [libjvm.so+0x917710], sa_mask[0]=11111111011111111101111111111110, sa_flags=SA_RESTART|SA_SIGINFO
SIGXFSZ: [libjvm.so+0x917710], sa_mask[0]=11111111011111111101111111111110, sa_flags=SA_RESTART|SA_SIGINFO
SIGILL: [libjvm.so+0x917710], sa_mask[0]=11111111011111111101111111111110, sa_flags=SA_RESTART|SA_SIGINFO
SIGUSR1: SIG_DFL, sa_mask[0]=00000000000000000000000000000000, sa_flags=none
SIGUSR2: [libjvm.so+0x918d40], sa_mask[0]=00100000000000000000000000000000, sa_flags=SA_RESTART|SA_SIGINFO
SIGHUP: [libjvm.so+0x91a140], sa_mask[0]=11111111011111111101111111111110, sa_flags=SA_RESTART|SA_SIGINFO
SIGINT: [libjvm.so+0x91a140], sa_mask[0]=11111111011111111101111111111110, sa_flags=SA_RESTART|SA_SIGINFO
SIGTERM: [libjvm.so+0x91a140], sa_mask[0]=11111111011111111101111111111110, sa_flags=SA_RESTART|SA_SIGINFO
SIGQUIT: [libjvm.so+0x91a140], sa_mask[0]=11111111011111111101111111111110, sa_flags=SA_RESTART|SA_SIGINFO


---------------  S Y S T E M  ---------------

OS:DISTRIB_ID=Ubuntu
DISTRIB_RELEASE=15.10
DISTRIB_CODENAME=wily
DISTRIB_DESCRIPTION="Ubuntu 15.10"

uname:Linux 4.2.0-34-generic #39-Ubuntu SMP Thu Mar 10 22:13:01 UTC 2016 x86_64
libc:glibc 2.21 NPTL 2.21 
rlimit: STACK 8192k, CORE 0k, NPROC 31796, NOFILE 65536, AS infinity
load average:2.51 2.15 2.06

/proc/meminfo:
MemTotal:        8174560 kB
MemFree:          150996 kB
MemAvailable:    3498036 kB
Buffers:          398760 kB
Cached:          2790780 kB
SwapCached:            0 kB
Active:          5911528 kB
Inactive:        1447824 kB
Active(anon):    4171560 kB
Inactive(anon):    37784 kB
Active(file):    1739968 kB
Inactive(file):  1410040 kB
Unevictable:          32 kB
Mlocked:              32 kB
SwapTotal:       1998844 kB
SwapFree:        1998844 kB
Dirty:              9860 kB
Writeback:             0 kB
AnonPages:       4169888 kB
Mapped:           630500 kB
Shmem:             39544 kB
Slab:             294840 kB
SReclaimable:     239608 kB
SUnreclaim:        55232 kB
KernelStack:        9488 kB
PageTables:        33796 kB
NFS_Unstable:          0 kB
Bounce:                0 kB
WritebackTmp:          0 kB
CommitLimit:     6086124 kB
Committed_AS:    7504060 kB
VmallocTotal:   34359738367 kB
VmallocUsed:       92060 kB
VmallocChunk:   34359586812 kB
HardwareCorrupted:     0 kB
AnonHugePages:   2836480 kB
CmaTotal:              0 kB
CmaFree:               0 kB
HugePages_Total:       0
HugePages_Free:        0
HugePages_Rsvd:        0
HugePages_Surp:        0
Hugepagesize:       2048 kB
DirectMap4k:      504768 kB
DirectMap2M:     7882752 kB


CPU:total 4 (4 cores per cpu, 1 threads per core) family 6 model 15 stepping 11, cmov, cx8, fxsr, mmx, sse, sse2, sse3, ssse3, tsc

/proc/cpuinfo:
processor	: 0
vendor_id	: GenuineIntel
cpu family	: 6
model		: 15
model name	: Intel(R) Core(TM)2 Quad CPU    Q6600  @ 2.40GHz
stepping	: 11
microcode	: 0xba
cpu MHz		: 1600.000
cache size	: 4096 KB
physical id	: 0
siblings	: 4
core id		: 0
cpu cores	: 4
apicid		: 0
initial apicid	: 0
fpu		: yes
fpu_exception	: yes
cpuid level	: 10
wp		: yes
flags		: fpu vme de pse tsc msr pae mce cx8 apic sep mtrr pge mca cmov pat pse36 clflush dts acpi mmx fxsr sse sse2 ss ht tm pbe syscall nx lm constant_tsc arch_perfmon pebs bts rep_good nopl aperfmperf pni dtes64 monitor ds_cpl vmx est tm2 ssse3 cx16 xtpr pdcm lahf_lm dtherm tpr_shadow vnmi flexpriority
bugs		:
bogomips	: 4799.74
clflush size	: 64
cache_alignment	: 64
address sizes	: 36 bits physical, 48 bits virtual
power management:

processor	: 1
vendor_id	: GenuineIntel
cpu family	: 6
model		: 15
model name	: Intel(R) Core(TM)2 Quad CPU    Q6600  @ 2.40GHz
stepping	: 11
microcode	: 0xba
cpu MHz		: 1600.000
cache size	: 4096 KB
physical id	: 0
siblings	: 4
core id		: 1
cpu cores	: 4
apicid		: 1
initial apicid	: 1
fpu		: yes
fpu_exception	: yes
cpuid level	: 10
wp		: yes
flags		: fpu vme de pse tsc msr pae mce cx8 apic sep mtrr pge mca cmov pat pse36 clflush dts acpi mmx fxsr sse sse2 ss ht tm pbe syscall nx lm constant_tsc arch_perfmon pebs bts rep_good nopl aperfmperf pni dtes64 monitor ds_cpl vmx est tm2 ssse3 cx16 xtpr pdcm lahf_lm dtherm tpr_shadow vnmi flexpriority
bugs		:
bogomips	: 4799.74
clflush size	: 64
cache_alignment	: 64
address sizes	: 36 bits physical, 48 bits virtual
power management:

processor	: 2
vendor_id	: GenuineIntel
cpu family	: 6
model		: 15
model name	: Intel(R) Core(TM)2 Quad CPU    Q6600  @ 2.40GHz
stepping	: 11
microcode	: 0xba
cpu MHz		: 1600.000
cache size	: 4096 KB
physical id	: 0
siblings	: 4
core id		: 3
cpu cores	: 4
apicid		: 3
initial apicid	: 3
fpu		: yes
fpu_exception	: yes
cpuid level	: 10
wp		: yes
flags		: fpu vme de pse tsc msr pae mce cx8 apic sep mtrr pge mca cmov pat pse36 clflush dts acpi mmx fxsr sse sse2 ss ht tm pbe syscall nx lm constant_tsc arch_perfmon pebs bts rep_good nopl aperfmperf pni dtes64 monitor ds_cpl vmx est tm2 ssse3 cx16 xtpr pdcm lahf_lm dtherm tpr_shadow vnmi flexpriority
bugs		:
bogomips	: 4799.74
clflush size	: 64
cache_alignment	: 64
address sizes	: 36 bits physical, 48 bits virtual
power management:

processor	: 3
vendor_id	: GenuineIntel
cpu family	: 6
model		: 15
model name	: Intel(R) Core(TM)2 Quad CPU    Q6600  @ 2.40GHz
stepping	: 11
microcode	: 0xba
cpu MHz		: 1600.000
cache size	: 4096 KB
physical id	: 0
siblings	: 4
core id		: 2
cpu cores	: 4
apicid		: 2
initial apicid	: 2
fpu		: yes
fpu_exception	: yes
cpuid level	: 10
wp		: yes
flags		: fpu vme de pse tsc msr pae mce cx8 apic sep mtrr pge mca cmov pat pse36 clflush dts acpi mmx fxsr sse sse2 ss ht tm pbe syscall nx lm constant_tsc arch_perfmon pebs bts rep_good nopl aperfmperf pni dtes64 monitor ds_cpl vmx est tm2 ssse3 cx16 xtpr pdcm lahf_lm dtherm tpr_shadow vnmi flexpriority
bugs		:
bogomips	: 4799.74
clflush size	: 64
cache_alignment	: 64
address sizes	: 36 bits physical, 48 bits virtual
power management:



Memory: 4k page, physical 8174560k(150996k free), swap 1998844k(1998844k free)

vm_info: Java HotSpot(TM) 64-Bit Server VM (25.66-b17) for linux-amd64 JRE (1.8.0_66-b17), built on Oct  6 2015 17:28:34 by "java_re" with gcc 4.3.0 20080428 (Red Hat 4.3.0-8)

time: Sat Mar 19 10:29:13 2016
elapsed time: 0 seconds (0d 0h 0m 0s)

