#
# A fatal error has been detected by the Java Runtime Environment:
#
#  SIGSEGV (0xb) at pc=0x00007fe416005060, pid=11909, tid=140619029964544
#
# JRE version: Java(TM) SE Runtime Environment (8.0_66-b17) (build 1.8.0_66-b17)
# Java VM: Java HotSpot(TM) 64-Bit Server VM (25.66-b17 mixed mode linux-amd64 compressed oops)
# Problematic frame:
# C  0x00007fe416005060
#
# Failed to write core dump. Core dumps have been disabled. To enable core dumping, try "ulimit -c unlimited" before starting Java again
#
# If you would like to submit a bug report, please visit:
#   http://bugreport.java.com/bugreport/crash.jsp
#

---------------  T H R E A D  ---------------

Current thread (0x00007fe46400a000):  JavaThread "main" [_thread_in_Java, id=11911, stack(0x00007fe46b446000,0x00007fe46b547000)]

siginfo: si_signo: 11 (SIGSEGV), si_code: 1 (SEGV_MAPERR), si_addr: 0x00007fe416005060

Registers:
RAX=0x00000000eb5a04f8, RBX=0x0000000000000037, RCX=0x0000000000000037, RDX=0x0000000000000024
RSP=0x00007fe46b542af8, RBP=0x00007fe46b542ed0, RSI=0x00000000eab3bf20, RDI=0x0000000000000046
R8 =0x00000000eb5a03b0, R9 =0x0000000000000024, R10=0x00000001000329a8, R11=0x00000000eab3bf20
R12=0x0000000000000000, R13=0x00007fe45431db08, R14=0x00007fe46b542bd0, R15=0x00007fe46400a000
RIP=0x00007fe416005060, EFLAGS=0x0000000000010206, CSGSFS=0x0000000000000033, ERR=0x0000000000000014
  TRAPNO=0x000000000000000e

Top of Stack: (sp=0x00007fe46b542af8)
0x00007fe46b542af8:   00007fe455141f54 00007fe464205af0
0x00007fe46b542b08:   00007fe46b542bd0 00007fe46400a000
0x00007fe46b542b18:   00007fe46b542b80 00007fe46b542be0
0x00007fe46b542b28:   0000000000000000 00007fe455162f54
0x00007fe46b542b38:   00007fe46b542bd0 00007fe46400a000
0x00007fe46b542b48:   00007fe46a9ce83c 00007fe46b542b90
0x00007fe46b542b58:   00007fe4642059c0 00000000eb5a00c8
0x00007fe46b542b68:   00000000eb5a03b0 00000000eb5a04f8
0x00007fe46b542b78:   0000002400000000 00000000eb5a03b0
0x00007fe46b542b88:   0000003700000037 00007fe400000046
0x00007fe46b542b98:   00007fe4551571f6 00000000eb5a0268
0x00007fe46b542ba8:   00000000eb5a0268 00007fe46b542ed0
0x00007fe46b542bb8:   00007fe455171af4 00000000eb5a02c0
0x00007fe46b542bc8:   00000000eb5a00c8 00000000eab53e20
0x00007fe46b542bd8:   00000000eab4cd08 00007fe46b542ed0
0x00007fe46b542be8:   00007fe45513e4cc 00007fe46b542c30
0x00007fe46b542bf8:   00007fe46a3aa31d 00007fe4545c56d8
0x00007fe46b542c08:   00007fe46400a000 00000000eab4bc30
0x00007fe46b542c18:   00000000eab5eb88 00000000eb5a00c8
0x00007fe46b542c28:   00000000eb5a0370 00000000eab5e5f0
0x00007fe46b542c38:   0000000000000000 00000000eab5e5c0
0x00007fe46b542c48:   00000000eb5a00c8 00000000eb5a0310
0x00007fe46b542c58:   00007fe46b542c90 00007fe46b542ed0
0x00007fe46b542c68:   00007fe455122144 00007fe40000000a
0x00007fe46b542c78:   0000000000000002 00007fe46b542cc0
0x00007fe46b542c88:   00007fe46400a000 00007fe46b542ed0
0x00007fe46b542c98:   00007fe4551173dc 000000000000000a
0x00007fe46b542ca8:   00000000eb59ff18 00007fe46b542d00
0x00007fe46b542cb8:   00007fe46a3ef9f9 00007fe40000000a
0x00007fe46b542cc8:   00007fe46a15eaee 00007fe46b542d70
0x00007fe46b542cd8:   00007fe4640079d8 00007fe46400a000
0x00007fe46b542ce8:   00007fe4640079d8 00007fe46b542ed0 

Instructions: (pc=0x00007fe416005060)
0x00007fe416005040:   
[error occurred during error reporting (printing registers, top of stack, instructions near pc), id 0xb]

Register to memory mapping:

RAX=0x00000000eb5a04f8 is an oop
[C 
 - klass: {type array char}
 - length: 70
RBX=0x0000000000000037 is an unknown value
RCX=0x0000000000000037 is an unknown value
RDX=0x0000000000000024 is an unknown value
RSP=0x00007fe46b542af8 is pointing into the stack for thread: 0x00007fe46400a000
RBP=0x00007fe46b542ed0 is pointing into the stack for thread: 0x00007fe46400a000
RSI=0x00000000eab3bf20 is an oop
java.util.BitSet 
 - klass: 'java/util/BitSet'
RDI=0x0000000000000046 is an unknown value
R8 =0x00000000eb5a03b0 is an oop
[C 
 - klass: {type array char}
 - length: 156
R9 =0x0000000000000024 is an unknown value
R10=0x00000001000329a8 is pointing into metadata
R11=0x00000000eab3bf20 is an oop
java.util.BitSet 
 - klass: 'java/util/BitSet'
R12=0x0000000000000000 is an unknown value
R13=0x00007fe45431db08 is pointing into metadata
R14=0x00007fe46b542bd0 is pointing into the stack for thread: 0x00007fe46400a000
R15=0x00007fe46400a000 is a thread


Stack: [0x00007fe46b446000,0x00007fe46b547000],  sp=0x00007fe46b542af8,  free space=1010k
Native frames: (J=compiled Java code, j=interpreted, Vv=VM code, C=native code)
C  0x00007fe416005060
V  [libjvm.so+0x68bc46]  JavaCalls::call_helper(JavaValue*, methodHandle*, JavaCallArguments*, Thread*)+0x1056
V  [libjvm.so+0x72490c]  JVM_DoPrivileged+0x27c
J 168  java.security.AccessController.doPrivileged(Ljava/security/PrivilegedExceptionAction;Ljava/security/AccessControlContext;)Ljava/lang/Object; (0 bytes) @ 0x00007fe455159255 [0x00007fe455159180+0xd5]
J 131 C1 java.net.URLClassLoader.findClass(Ljava/lang/String;)Ljava/lang/Class; (47 bytes) @ 0x00007fe45514c144 [0x00007fe45514bfc0+0x184]
J 90 C1 java.lang.ClassLoader.loadClass(Ljava/lang/String;Z)Ljava/lang/Class; (122 bytes) @ 0x00007fe455131e3c [0x00007fe4551314e0+0x95c]
J 175 C1 sun.misc.Launcher$AppClassLoader.loadClass(Ljava/lang/String;Z)Ljava/lang/Class; (85 bytes) @ 0x00007fe45515de0c [0x00007fe45515d480+0x98c]
J 174 C1 java.lang.ClassLoader.loadClass(Ljava/lang/String;)Ljava/lang/Class; (7 bytes) @ 0x00007fe45515d0c4 [0x00007fe45515cfc0+0x104]
v  ~StubRoutines::call_stub
V  [libjvm.so+0x68bc46]  JavaCalls::call_helper(JavaValue*, methodHandle*, JavaCallArguments*, Thread*)+0x1056
V  [libjvm.so+0x68c151]  JavaCalls::call_virtual(JavaValue*, KlassHandle, Symbol*, Symbol*, JavaCallArguments*, Thread*)+0x321
V  [libjvm.so+0x68c5a6]  JavaCalls::call_virtual(JavaValue*, Handle, KlassHandle, Symbol*, Symbol*, Handle, Thread*)+0x56
V  [libjvm.so+0xa30c60]  SystemDictionary::load_instance_class(Symbol*, Handle, Thread*)+0x3f0
V  [libjvm.so+0xa2fb4c]  SystemDictionary::resolve_instance_class_or_null(Symbol*, Handle, Handle, Thread*)+0x7cc
V  [libjvm.so+0xa31083]  SystemDictionary::resolve_or_fail(Symbol*, Handle, Handle, bool, Thread*)+0x33
V  [libjvm.so+0x4f0cb8]  ConstantPool::klass_at_impl(constantPoolHandle, int, Thread*)+0x158
V  [libjvm.so+0x680101]  InterpreterRuntime::_new(JavaThread*, ConstantPool*, int)+0x71
j  com.android.dx.ssa.back.FirstFitLocalCombiningAllocator.processPhiInsn(Lcom/android/dx/ssa/PhiInsn;)V+38
j  com.android.dx.ssa.back.FirstFitLocalCombiningAllocator.handlePhiInsns()V+29
j  com.android.dx.ssa.back.FirstFitLocalCombiningAllocator.allocateRegisters()Lcom/android/dx/ssa/RegisterMapper;+25
j  com.android.dx.ssa.back.SsaToRop.convert()Lcom/android/dx/rop/code/RopMethod;+21
j  com.android.dx.ssa.back.SsaToRop.convertToRopMethod(Lcom/android/dx/ssa/SsaMethod;Z)Lcom/android/dx/rop/code/RopMethod;+9
j  com.android.dx.ssa.Optimizer.optimize(Lcom/android/dx/rop/code/RopMethod;IZZLcom/android/dx/rop/code/TranslationAdvice;Ljava/util/EnumSet;)Lcom/android/dx/rop/code/RopMethod;+30
j  com.android.dx.ssa.Optimizer.optimize(Lcom/android/dx/rop/code/RopMethod;IZZLcom/android/dx/rop/code/TranslationAdvice;)Lcom/android/dx/rop/code/RopMethod;+12
j  com.android.dx.dex.cf.CfTranslator.processMethods(Lcom/android/dx/cf/direct/DirectClassFile;Lcom/android/dx/dex/cf/CfOptions;Lcom/android/dx/dex/DexOptions;Lcom/android/dx/dex/file/ClassDefItem;Lcom/android/dx/dex/file/DexFile;)V+265
j  com.android.dx.dex.cf.CfTranslator.translate0(Lcom/android/dx/cf/direct/DirectClassFile;[BLcom/android/dx/dex/cf/CfOptions;Lcom/android/dx/dex/DexOptions;Lcom/android/dx/dex/file/DexFile;)Lcom/android/dx/dex/file/ClassDefItem;+120
j  com.android.dx.dex.cf.CfTranslator.translate(Lcom/android/dx/cf/direct/DirectClassFile;[BLcom/android/dx/dex/cf/CfOptions;Lcom/android/dx/dex/DexOptions;Lcom/android/dx/dex/file/DexFile;)Lcom/android/dx/dex/file/ClassDefItem;+6
j  com.android.dx.command.dexer.Main.processClass(Ljava/lang/String;[B)Z+251
j  com.android.dx.command.dexer.Main.processFileBytes(Ljava/lang/String;J[B)Z+188
j  com.android.dx.command.dexer.Main.access$300(Ljava/lang/String;J[B)Z+3
j  com.android.dx.command.dexer.Main$1.processFileBytes(Ljava/lang/String;J[B)Z+4
j  com.android.dx.cf.direct.ClassPathOpener.processOne(Ljava/io/File;Z)Z+82
j  com.android.dx.cf.direct.ClassPathOpener.processDirectory(Ljava/io/File;Z)Z+64
j  com.android.dx.cf.direct.ClassPathOpener.processOne(Ljava/io/File;Z)Z+10
j  com.android.dx.cf.direct.ClassPathOpener.processDirectory(Ljava/io/File;Z)Z+64
j  com.android.dx.cf.direct.ClassPathOpener.processOne(Ljava/io/File;Z)Z+10
j  com.android.dx.cf.direct.ClassPathOpener.processDirectory(Ljava/io/File;Z)Z+64
j  com.android.dx.cf.direct.ClassPathOpener.processOne(Ljava/io/File;Z)Z+10
j  com.android.dx.cf.direct.ClassPathOpener.processDirectory(Ljava/io/File;Z)Z+64
j  com.android.dx.cf.direct.ClassPathOpener.processOne(Ljava/io/File;Z)Z+10
j  com.android.dx.cf.direct.ClassPathOpener.process()Z+15
j  com.android.dx.command.dexer.Main.processOne(Ljava/lang/String;Lcom/android/dx/cf/direct/ClassPathOpener$FileNameFilter;)V+58
j  com.android.dx.command.dexer.Main.processAllFiles()Z+202
j  com.android.dx.command.dexer.Main.runMonoDex()I+58
j  com.android.dx.command.dexer.Main.run(Lcom/android/dx/command/dexer/Main$Arguments;)I+76
j  com.android.dx.command.dexer.Main.main([Ljava/lang/String;)V+14
j  com.android.dx.command.Main.main([Ljava/lang/String;)V+61
v  ~StubRoutines::call_stub
V  [libjvm.so+0x68bc46]  JavaCalls::call_helper(JavaValue*, methodHandle*, JavaCallArguments*, Thread*)+0x1056
V  [libjvm.so+0x6cd262]  jni_invoke_static(JNIEnv_*, JavaValue*, _jobject*, JNICallType, _jmethodID*, JNI_ArgumentPusher*, Thread*)+0x362
V  [libjvm.so+0x6e9c6a]  jni_CallStaticVoidMethod+0x17a
C  [libjli.so+0x7bcc]  JavaMain+0x80c
C  [libpthread.so.0+0x76aa]  start_thread+0xca


---------------  P R O C E S S  ---------------

Java Threads: ( => current thread )
  0x00007fe4640c0800 JavaThread "Service Thread" daemon [_thread_blocked, id=11927, stack(0x00007fe44df6a000,0x00007fe44e06b000)]
  0x00007fe4640bb800 JavaThread "C1 CompilerThread2" daemon [_thread_in_vm, id=11926, stack(0x00007fe44e06b000,0x00007fe44e16c000)]
  0x00007fe4640b9800 JavaThread "C2 CompilerThread1" daemon [_thread_blocked, id=11925, stack(0x00007fe44e16c000,0x00007fe44e26d000)]
  0x00007fe4640b6800 JavaThread "C2 CompilerThread0" daemon [_thread_in_native, id=11924, stack(0x00007fe44e26d000,0x00007fe44e36e000)]
  0x00007fe4640b5000 JavaThread "Signal Dispatcher" daemon [_thread_blocked, id=11923, stack(0x00007fe44e36e000,0x00007fe44e46f000)]
  0x00007fe46407f800 JavaThread "Finalizer" daemon [_thread_blocked, id=11922, stack(0x00007fe44eb91000,0x00007fe44ec92000)]
  0x00007fe46407d000 JavaThread "Reference Handler" daemon [_thread_blocked, id=11921, stack(0x00007fe44ec92000,0x00007fe44ed93000)]
=>0x00007fe46400a000 JavaThread "main" [_thread_in_Java, id=11911, stack(0x00007fe46b446000,0x00007fe46b547000)]

Other Threads:
  0x00007fe464078000 VMThread [stack: 0x00007fe44ed93000,0x00007fe44ee94000] [id=11920]
  0x00007fe4640c3000 WatcherThread [stack: 0x00007fe44de69000,0x00007fe44df6a000] [id=11928]

VM state:not at safepoint (normal execution)

VM Mutex/Monitor currently owned by a thread: None

Heap:
 PSYoungGen      total 37888K, used 11412K [0x00000000eab00000, 0x00000000ed500000, 0x0000000100000000)
  eden space 32768K, 34% used [0x00000000eab00000,0x00000000eb625248,0x00000000ecb00000)
  from space 5120K, 0% used [0x00000000ed000000,0x00000000ed000000,0x00000000ed500000)
  to   space 5120K, 0% used [0x00000000ecb00000,0x00000000ecb00000,0x00000000ed000000)
 ParOldGen       total 86016K, used 0K [0x00000000c0000000, 0x00000000c5400000, 0x00000000eab00000)
  object space 86016K, 0% used [0x00000000c0000000,0x00000000c0000000,0x00000000c5400000)
 Metaspace       used 4938K, capacity 6448K, committed 6528K, reserved 1056768K
  class space    used 525K, capacity 616K, committed 640K, reserved 1048576K

Card table byte_map: [0x00007fe46800d000,0x00007fe46820e000] byte_map_base: 0x00007fe467a0d000

Marking Bits: (ParMarkBitMap*) 0x00007fe46a91f020
 Begin Bits: [0x00007fe446000000, 0x00007fe447000000)
 End Bits:   [0x00007fe447000000, 0x00007fe448000000)

Polling page: 0x00007fe46b56c000

CodeCache: size=245760Kb used=2316Kb max_used=2316Kb free=243443Kb
 bounds [0x00007fe455000000, 0x00007fe455270000, 0x00007fe464000000]
 total_blobs=807 nmethods=554 adapters=169
 compilation: enabled

Compilation events (10 events):
Event: 0.471 Thread 0x00007fe4640bb800 nmethod 541 0x00007fe455230250 code [0x00007fe455230440, 0x00007fe455230dc8]
Event: 0.471 Thread 0x00007fe4640bb800  542       3       com.android.dx.ssa.SsaInsn::isResultReg (24 bytes)
Event: 0.471 Thread 0x00007fe4640bb800 nmethod 542 0x00007fe45522fd90 code [0x00007fe45522ff00, 0x00007fe455230190]
Event: 0.471 Thread 0x00007fe4640bb800  539       3       com.android.dx.ssa.back.LivenessAnalyzer::liveInAtStatement (55 bytes)
Event: 0.472 Thread 0x00007fe4640bb800 nmethod 539 0x00007fe455238bd0 code [0x00007fe455238dc0, 0x00007fe4552396f8]
Event: 0.472 Thread 0x00007fe4640bb800  544       3       com.android.dx.ssa.back.LivenessAnalyzer::liveOutAtBlock (68 bytes)
Event: 0.473 Thread 0x00007fe4640bb800 nmethod 544 0x00007fe455239c50 code [0x00007fe455239e60, 0x00007fe45523a908]
Event: 0.473 Thread 0x00007fe4640bb800  551       3       com.android.dx.ssa.SsaBasicBlock::getCountPhiInsns (45 bytes)
Event: 0.473 Thread 0x00007fe4640bb800 nmethod 551 0x00007fe45523af10 code [0x00007fe45523b0e0, 0x00007fe45523b7b8]
Event: 0.473 Thread 0x00007fe4640bb800  553       3       com.android.dx.ssa.back.FirstFitLocalCombiningAllocator$1::processInsn (169 bytes)

GC Heap History (0 events):
No events

Deoptimization events (0 events):
No events

Internal exceptions (2 events):
Event: 0.039 Thread 0x00007fe46400a000 Exception <a 'java/lang/NoSuchMethodError': Method sun.misc.Unsafe.defineClass(Ljava/lang/String;[BII)Ljava/lang/Class; name or signature does not match> (0x00000000eab12a58) thrown at [/HUDSON/workspace/8-2-build-linux-amd64/jdk8u66/4988/hotspot/src/shar
Event: 0.039 Thread 0x00007fe46400a000 Exception <a 'java/lang/NoSuchMethodError': Method sun.misc.Unsafe.prefetchRead(Ljava/lang/Object;J)V name or signature does not match> (0x00000000eab12d40) thrown at [/HUDSON/workspace/8-2-build-linux-amd64/jdk8u66/4988/hotspot/src/share/vm/prims/jni.cpp

Events (10 events):
Event: 0.348 loading class com/android/dx/dex/file/StringDataItem
Event: 0.348 loading class com/android/dx/dex/file/StringDataItem done
Event: 0.362 loading class com/android/dx/cf/code/Ropper$ExceptionHandlerSetup
Event: 0.362 loading class com/android/dx/cf/code/Ropper$ExceptionHandlerSetup done
Event: 0.382 loading class java/util/HashMap$Values
Event: 0.382 loading class java/util/HashMap$Values done
Event: 0.382 loading class java/util/HashMap$ValueIterator
Event: 0.382 loading class java/util/HashMap$ValueIterator done
Event: 0.474 loading class com/android/dx/ssa/back/FirstFitLocalCombiningAllocator$Multiset
Event: 0.474 loading class com/android/dx/ssa/back/FirstFitLocalCombiningAllocator$Multiset done


Dynamic libraries:
00400000-00401000 r-xp 00000000 08:12 4072075                            /usr/lib/jvm/java-8-oracle/bin/java
00600000-00601000 rw-p 00000000 08:12 4072075                            /usr/lib/jvm/java-8-oracle/bin/java
017e1000-01802000 rw-p 00000000 00:00 0                                  [heap]
c0000000-c5400000 rw-p 00000000 00:00 0 
c5400000-eab00000 ---p 00000000 00:00 0 
eab00000-ed500000 rw-p 00000000 00:00 0 
ed500000-100000000 ---p 00000000 00:00 0 
100000000-1000a0000 rw-p 00000000 00:00 0 
1000a0000-140000000 ---p 00000000 00:00 0 
7fe418000000-7fe418021000 rw-p 00000000 00:00 0 
7fe418021000-7fe41c000000 ---p 00000000 00:00 0 
7fe41c000000-7fe41c021000 rw-p 00000000 00:00 0 
7fe41c021000-7fe420000000 ---p 00000000 00:00 0 
7fe420000000-7fe42007c000 rw-p 00000000 00:00 0 
7fe42007c000-7fe424000000 ---p 00000000 00:00 0 
7fe424000000-7fe4243b5000 rw-p 00000000 00:00 0 
7fe4243b5000-7fe428000000 ---p 00000000 00:00 0 
7fe428000000-7fe428021000 rw-p 00000000 00:00 0 
7fe428021000-7fe42c000000 ---p 00000000 00:00 0 
7fe42c000000-7fe42c126000 rw-p 00000000 00:00 0 
7fe42c126000-7fe430000000 ---p 00000000 00:00 0 
7fe430000000-7fe430021000 rw-p 00000000 00:00 0 
7fe430021000-7fe434000000 ---p 00000000 00:00 0 
7fe434000000-7fe434021000 rw-p 00000000 00:00 0 
7fe434021000-7fe438000000 ---p 00000000 00:00 0 
7fe438000000-7fe438021000 rw-p 00000000 00:00 0 
7fe438021000-7fe43c000000 ---p 00000000 00:00 0 
7fe43c000000-7fe43c021000 rw-p 00000000 00:00 0 
7fe43c021000-7fe440000000 ---p 00000000 00:00 0 
7fe440000000-7fe440021000 rw-p 00000000 00:00 0 
7fe440021000-7fe444000000 ---p 00000000 00:00 0 
7fe446000000-7fe448000000 rw-p 00000000 00:00 0 
7fe448000000-7fe448021000 rw-p 00000000 00:00 0 
7fe448021000-7fe44c000000 ---p 00000000 00:00 0 
7fe44de57000-7fe44de69000 r--s 001fc000 08:12 4196211                    /usr/lib/jvm/java-8-oracle/jre/lib/ext/ojdbc6.jar
7fe44de69000-7fe44de6a000 ---p 00000000 00:00 0 
7fe44de6a000-7fe44df6a000 rw-p 00000000 00:00 0                          [stack:11928]
7fe44df6a000-7fe44df6d000 ---p 00000000 00:00 0 
7fe44df6d000-7fe44e06b000 rw-p 00000000 00:00 0                          [stack:11927]
7fe44e06b000-7fe44e06e000 ---p 00000000 00:00 0 
7fe44e06e000-7fe44e16c000 rw-p 00000000 00:00 0                          [stack:11926]
7fe44e16c000-7fe44e16f000 ---p 00000000 00:00 0 
7fe44e16f000-7fe44e26d000 rw-p 00000000 00:00 0                          [stack:11925]
7fe44e26d000-7fe44e270000 ---p 00000000 00:00 0 
7fe44e270000-7fe44e36e000 rw-p 00000000 00:00 0                          [stack:11924]
7fe44e36e000-7fe44e371000 ---p 00000000 00:00 0 
7fe44e371000-7fe44e46f000 rw-p 00000000 00:00 0                          [stack:11923]
7fe44e46f000-7fe44eb91000 r--p 00000000 08:12 3546878                    /usr/lib/locale/locale-archive
7fe44eb91000-7fe44eb94000 ---p 00000000 00:00 0 
7fe44eb94000-7fe44ec92000 rw-p 00000000 00:00 0                          [stack:11922]
7fe44ec92000-7fe44ec95000 ---p 00000000 00:00 0 
7fe44ec95000-7fe44ed93000 rw-p 00000000 00:00 0                          [stack:11921]
7fe44ed93000-7fe44ed94000 ---p 00000000 00:00 0 
7fe44ed94000-7fe44fe27000 rw-p 00000000 00:00 0                          [stack:11920]
7fe44fe27000-7fe450000000 r--s 03d20000 08:12 4198918                    /usr/lib/jvm/java-8-oracle/jre/lib/rt.jar
7fe450000000-7fe450021000 rw-p 00000000 00:00 0 
7fe450021000-7fe454000000 ---p 00000000 00:00 0 
7fe454000000-7fe45400f000 r--s 000dd000 08:12 1706690                    /opt/android-sdk-linux/build-tools/22.0.1/lib/dx.jar
7fe45400f000-7fe454666000 rw-p 00000000 00:00 0 
7fe454666000-7fe4548a6000 ---p 00000000 00:00 0 
7fe4548a6000-7fe454aa6000 rw-p 00000000 00:00 0 
7fe454aa6000-7fe454aa7000 ---p 00000000 00:00 0 
7fe454aa7000-7fe454ba7000 rw-p 00000000 00:00 0                          [stack:11919]
7fe454ba7000-7fe454ba8000 ---p 00000000 00:00 0 
7fe454ba8000-7fe454ca8000 rw-p 00000000 00:00 0                          [stack:11918]
7fe454ca8000-7fe454ca9000 ---p 00000000 00:00 0 
7fe454ca9000-7fe454da9000 rw-p 00000000 00:00 0                          [stack:11917]
7fe454da9000-7fe454daa000 ---p 00000000 00:00 0 
7fe454daa000-7fe454ed4000 rw-p 00000000 00:00 0                          [stack:11915]
7fe454ed4000-7fe455000000 ---p 00000000 00:00 0 
7fe455000000-7fe455270000 rwxp 00000000 00:00 0 
7fe455270000-7fe464000000 ---p 00000000 00:00 0 
7fe464000000-7fe4644c2000 rw-p 00000000 00:00 0 
7fe4644c2000-7fe468000000 ---p 00000000 00:00 0 
7fe46800d000-7fe468037000 rw-p 00000000 00:00 0 
7fe468037000-7fe468162000 ---p 00000000 00:00 0 
7fe468162000-7fe468178000 rw-p 00000000 00:00 0 
7fe468178000-7fe46820d000 ---p 00000000 00:00 0 
7fe46820d000-7fe468218000 rw-p 00000000 00:00 0 
7fe468218000-7fe4685ce000 ---p 00000000 00:00 0 
7fe4685ce000-7fe4685e8000 r-xp 00000000 08:12 4203595                    /usr/lib/jvm/java-8-oracle/jre/lib/amd64/libzip.so
7fe4685e8000-7fe4687e8000 ---p 0001a000 08:12 4203595                    /usr/lib/jvm/java-8-oracle/jre/lib/amd64/libzip.so
7fe4687e8000-7fe4687e9000 rw-p 0001a000 08:12 4203595                    /usr/lib/jvm/java-8-oracle/jre/lib/amd64/libzip.so
7fe4687e9000-7fe4687f5000 r-xp 00000000 08:12 265436                     /lib/x86_64-linux-gnu/libnss_files-2.21.so
7fe4687f5000-7fe4689f4000 ---p 0000c000 08:12 265436                     /lib/x86_64-linux-gnu/libnss_files-2.21.so
7fe4689f4000-7fe4689f5000 r--p 0000b000 08:12 265436                     /lib/x86_64-linux-gnu/libnss_files-2.21.so
7fe4689f5000-7fe4689f6000 rw-p 0000c000 08:12 265436                     /lib/x86_64-linux-gnu/libnss_files-2.21.so
7fe4689f6000-7fe468a01000 r-xp 00000000 08:12 265447                     /lib/x86_64-linux-gnu/libnss_nis-2.21.so
7fe468a01000-7fe468c00000 ---p 0000b000 08:12 265447                     /lib/x86_64-linux-gnu/libnss_nis-2.21.so
7fe468c00000-7fe468c01000 r--p 0000a000 08:12 265447                     /lib/x86_64-linux-gnu/libnss_nis-2.21.so
7fe468c01000-7fe468c02000 rw-p 0000b000 08:12 265447                     /lib/x86_64-linux-gnu/libnss_nis-2.21.so
7fe468c02000-7fe468c19000 r-xp 00000000 08:12 265441                     /lib/x86_64-linux-gnu/libnsl-2.21.so
7fe468c19000-7fe468e18000 ---p 00017000 08:12 265441                     /lib/x86_64-linux-gnu/libnsl-2.21.so
7fe468e18000-7fe468e19000 r--p 00016000 08:12 265441                     /lib/x86_64-linux-gnu/libnsl-2.21.so
7fe468e19000-7fe468e1a000 rw-p 00017000 08:12 265441                     /lib/x86_64-linux-gnu/libnsl-2.21.so
7fe468e1a000-7fe468e1c000 rw-p 00000000 00:00 0 
7fe468e1c000-7fe468e24000 r-xp 00000000 08:12 265437                     /lib/x86_64-linux-gnu/libnss_compat-2.21.so
7fe468e24000-7fe469023000 ---p 00008000 08:12 265437                     /lib/x86_64-linux-gnu/libnss_compat-2.21.so
7fe469023000-7fe469024000 r--p 00007000 08:12 265437                     /lib/x86_64-linux-gnu/libnss_compat-2.21.so
7fe469024000-7fe469025000 rw-p 00008000 08:12 265437                     /lib/x86_64-linux-gnu/libnss_compat-2.21.so
7fe469025000-7fe46904f000 r-xp 00000000 08:12 4203590                    /usr/lib/jvm/java-8-oracle/jre/lib/amd64/libjava.so
7fe46904f000-7fe46924f000 ---p 0002a000 08:12 4203590                    /usr/lib/jvm/java-8-oracle/jre/lib/amd64/libjava.so
7fe46924f000-7fe469251000 rw-p 0002a000 08:12 4203590                    /usr/lib/jvm/java-8-oracle/jre/lib/amd64/libjava.so
7fe469251000-7fe46925e000 r-xp 00000000 08:12 4203594                    /usr/lib/jvm/java-8-oracle/jre/lib/amd64/libverify.so
7fe46925e000-7fe46945e000 ---p 0000d000 08:12 4203594                    /usr/lib/jvm/java-8-oracle/jre/lib/amd64/libverify.so
7fe46945e000-7fe469460000 rw-p 0000d000 08:12 4203594                    /usr/lib/jvm/java-8-oracle/jre/lib/amd64/libverify.so
7fe469460000-7fe469467000 r-xp 00000000 08:12 265431                     /lib/x86_64-linux-gnu/librt-2.21.so
7fe469467000-7fe469666000 ---p 00007000 08:12 265431                     /lib/x86_64-linux-gnu/librt-2.21.so
7fe469666000-7fe469667000 r--p 00006000 08:12 265431                     /lib/x86_64-linux-gnu/librt-2.21.so
7fe469667000-7fe469668000 rw-p 00007000 08:12 265431                     /lib/x86_64-linux-gnu/librt-2.21.so
7fe469668000-7fe46976f000 r-xp 00000000 08:12 265449                     /lib/x86_64-linux-gnu/libm-2.21.so
7fe46976f000-7fe46996e000 ---p 00107000 08:12 265449                     /lib/x86_64-linux-gnu/libm-2.21.so
7fe46996e000-7fe46996f000 r--p 00106000 08:12 265449                     /lib/x86_64-linux-gnu/libm-2.21.so
7fe46996f000-7fe469970000 rw-p 00107000 08:12 265449                     /lib/x86_64-linux-gnu/libm-2.21.so
7fe469970000-7fe46a62e000 r-xp 00000000 08:12 4201549                    /usr/lib/jvm/java-8-oracle/jre/lib/amd64/server/libjvm.so
7fe46a62e000-7fe46a82d000 ---p 00cbe000 08:12 4201549                    /usr/lib/jvm/java-8-oracle/jre/lib/amd64/server/libjvm.so
7fe46a82d000-7fe46a906000 rw-p 00cbd000 08:12 4201549                    /usr/lib/jvm/java-8-oracle/jre/lib/amd64/server/libjvm.so
7fe46a906000-7fe46a94a000 rw-p 00000000 00:00 0 
7fe46a94a000-7fe46ab0a000 r-xp 00000000 08:12 265450                     /lib/x86_64-linux-gnu/libc-2.21.so
7fe46ab0a000-7fe46ad0a000 ---p 001c0000 08:12 265450                     /lib/x86_64-linux-gnu/libc-2.21.so
7fe46ad0a000-7fe46ad0e000 r--p 001c0000 08:12 265450                     /lib/x86_64-linux-gnu/libc-2.21.so
7fe46ad0e000-7fe46ad10000 rw-p 001c4000 08:12 265450                     /lib/x86_64-linux-gnu/libc-2.21.so
7fe46ad10000-7fe46ad14000 rw-p 00000000 00:00 0 
7fe46ad14000-7fe46ad17000 r-xp 00000000 08:12 265446                     /lib/x86_64-linux-gnu/libdl-2.21.so
7fe46ad17000-7fe46af16000 ---p 00003000 08:12 265446                     /lib/x86_64-linux-gnu/libdl-2.21.so
7fe46af16000-7fe46af17000 r--p 00002000 08:12 265446                     /lib/x86_64-linux-gnu/libdl-2.21.so
7fe46af17000-7fe46af18000 rw-p 00003000 08:12 265446                     /lib/x86_64-linux-gnu/libdl-2.21.so
7fe46af18000-7fe46af2d000 r-xp 00000000 08:12 4198721                    /usr/lib/jvm/java-8-oracle/lib/amd64/jli/libjli.so
7fe46af2d000-7fe46b12d000 ---p 00015000 08:12 4198721                    /usr/lib/jvm/java-8-oracle/lib/amd64/jli/libjli.so
7fe46b12d000-7fe46b12e000 rw-p 00015000 08:12 4198721                    /usr/lib/jvm/java-8-oracle/lib/amd64/jli/libjli.so
7fe46b12e000-7fe46b146000 r-xp 00000000 08:12 265432                     /lib/x86_64-linux-gnu/libpthread-2.21.so
7fe46b146000-7fe46b346000 ---p 00018000 08:12 265432                     /lib/x86_64-linux-gnu/libpthread-2.21.so
7fe46b346000-7fe46b347000 r--p 00018000 08:12 265432                     /lib/x86_64-linux-gnu/libpthread-2.21.so
7fe46b347000-7fe46b348000 rw-p 00019000 08:12 265432                     /lib/x86_64-linux-gnu/libpthread-2.21.so
7fe46b348000-7fe46b34c000 rw-p 00000000 00:00 0 
7fe46b34c000-7fe46b370000 r-xp 00000000 08:12 265444                     /lib/x86_64-linux-gnu/ld-2.21.so
7fe46b374000-7fe46b446000 rw-p 00000000 00:00 0 
7fe46b446000-7fe46b449000 ---p 00000000 00:00 0 
7fe46b449000-7fe46b54b000 rw-p 00000000 00:00 0                          [stack:11911]
7fe46b54c000-7fe46b563000 rw-p 00000000 00:00 0 
7fe46b563000-7fe46b56b000 rw-s 00000000 08:12 3407975                    /tmp/hsperfdata_duke/11909
7fe46b56b000-7fe46b56c000 rw-p 00000000 00:00 0 
7fe46b56c000-7fe46b56d000 r--p 00000000 00:00 0 
7fe46b56d000-7fe46b56f000 rw-p 00000000 00:00 0 
7fe46b56f000-7fe46b570000 r--p 00023000 08:12 265444                     /lib/x86_64-linux-gnu/ld-2.21.so
7fe46b570000-7fe46b571000 rw-p 00024000 08:12 265444                     /lib/x86_64-linux-gnu/ld-2.21.so
7fe46b571000-7fe46b572000 rw-p 00000000 00:00 0 
7ffc9fb14000-7ffc9fb35000 rw-p 00000000 00:00 0                          [stack]
7ffc9fbf1000-7ffc9fbf3000 r--p 00000000 00:00 0                          [vvar]
7ffc9fbf3000-7ffc9fbf5000 r-xp 00000000 00:00 0                          [vdso]
ffffffffff600000-ffffffffff601000 r-xp 00000000 00:00 0                  [vsyscall]

VM Arguments:
jvm_args: -Xmx1024M -Dfile.encoding=UTF-8 -Duser.country=US -Duser.language=en -Duser.variant 
java_command: com.android.dx.command.Main --dex --output /home/duke/AndroidStudioProjects/MasterSahab/app/build/intermediates/dex/debug /home/duke/AndroidStudioProjects/MasterSahab/app/build/intermediates/classes/debug /home/duke/AndroidStudioProjects/MasterSahab/app/build/intermediates/pre-dexed/debug/support-annotations-23.1.0-149131c491be35e3d124446278d503abb54ec58a.jar /home/duke/AndroidStudioProjects/MasterSahab/app/build/intermediates/pre-dexed/debug/internal_impl-23.1.0-68dd1a7f8574ec1010780d01224e7f7f961b609d.jar /home/duke/AndroidStudioProjects/MasterSahab/app/build/intermediates/pre-dexed/debug/classes-a7978fbca45cb556bc78ba92279a75d463b5966e.jar /home/duke/AndroidStudioProjects/MasterSahab/app/build/intermediates/pre-dexed/debug/classes-15119f3aee5b6d8304b65a7150ff66c3b1b298bc.jar
java_class_path (initial): /opt/android-sdk-linux/build-tools/22.0.1/lib/dx.jar
Launcher Type: SUN_STANDARD

Environment Variables:
JAVA_HOME=/usr/lib/jvm/java-8-oracle
PATH=/usr/local/sbin:/usr/local/bin:/usr/sbin:/usr/bin:/sbin:/bin:/usr/games:/usr/local/games:/usr/lib/jvm/java-8-oracle/bin:/usr/lib/jvm/java-8-oracle/db/bin:/usr/lib/jvm/java-8-oracle/jre/bin
LD_LIBRARY_PATH=/home/duke/Apps/android-studio/bin:
SHELL=/bin/bash
DISPLAY=:0

Signal Handlers:
SIGSEGV: [libjvm.so+0xaba2a0], sa_mask[0]=11111111011111111101111111111110, sa_flags=SA_RESTART|SA_SIGINFO
SIGBUS: [libjvm.so+0xaba2a0], sa_mask[0]=11111111011111111101111111111110, sa_flags=SA_RESTART|SA_SIGINFO
SIGFPE: [libjvm.so+0x917710], sa_mask[0]=11111111011111111101111111111110, sa_flags=SA_RESTART|SA_SIGINFO
SIGPIPE: [libjvm.so+0x917710], sa_mask[0]=11111111011111111101111111111110, sa_flags=SA_RESTART|SA_SIGINFO
SIGXFSZ: [libjvm.so+0x917710], sa_mask[0]=11111111011111111101111111111110, sa_flags=SA_RESTART|SA_SIGINFO
SIGILL: [libjvm.so+0x917710], sa_mask[0]=11111111011111111101111111111110, sa_flags=SA_RESTART|SA_SIGINFO
SIGUSR1: SIG_DFL, sa_mask[0]=00000000000000000000000000000000, sa_flags=none
SIGUSR2: [libjvm.so+0x918d40], sa_mask[0]=00100000000000000000000000000000, sa_flags=SA_RESTART|SA_SIGINFO
SIGHUP: [libjvm.so+0x91a140], sa_mask[0]=11111111011111111101111111111110, sa_flags=SA_RESTART|SA_SIGINFO
SIGINT: [libjvm.so+0x91a140], sa_mask[0]=11111111011111111101111111111110, sa_flags=SA_RESTART|SA_SIGINFO
SIGTERM: [libjvm.so+0x91a140], sa_mask[0]=11111111011111111101111111111110, sa_flags=SA_RESTART|SA_SIGINFO
SIGQUIT: [libjvm.so+0x91a140], sa_mask[0]=11111111011111111101111111111110, sa_flags=SA_RESTART|SA_SIGINFO


---------------  S Y S T E M  ---------------

OS:DISTRIB_ID=Ubuntu
DISTRIB_RELEASE=15.10
DISTRIB_CODENAME=wily
DISTRIB_DESCRIPTION="Ubuntu 15.10"

uname:Linux 4.2.0-34-generic #39-Ubuntu SMP Thu Mar 10 22:13:01 UTC 2016 x86_64
libc:glibc 2.21 NPTL 2.21 
rlimit: STACK 8192k, CORE 0k, NPROC 31796, NOFILE 65536, AS infinity
load average:2.21 2.29 2.16

/proc/meminfo:
MemTotal:        8174560 kB
MemFree:          617652 kB
MemAvailable:    2963268 kB
Buffers:          447784 kB
Cached:          1856068 kB
SwapCached:          500 kB
Active:          5279348 kB
Inactive:        1698676 kB
Active(anon):    3948764 kB
Inactive(anon):   789068 kB
Active(file):    1330584 kB
Inactive(file):   909608 kB
Unevictable:          32 kB
Mlocked:              32 kB
SwapTotal:       1998844 kB
SwapFree:        1991532 kB
Dirty:              2832 kB
Writeback:             0 kB
AnonPages:       4673992 kB
Mapped:           673492 kB
Shmem:             63664 kB
Slab:             198392 kB
SReclaimable:     148000 kB
SUnreclaim:        50392 kB
KernelStack:        9568 kB
PageTables:        37444 kB
NFS_Unstable:          0 kB
Bounce:                0 kB
WritebackTmp:          0 kB
CommitLimit:     6086124 kB
Committed_AS:    7797148 kB
VmallocTotal:   34359738367 kB
VmallocUsed:       92060 kB
VmallocChunk:   34359586812 kB
HardwareCorrupted:     0 kB
AnonHugePages:   3219456 kB
CmaTotal:              0 kB
CmaFree:               0 kB
HugePages_Total:       0
HugePages_Free:        0
HugePages_Rsvd:        0
HugePages_Surp:        0
Hugepagesize:       2048 kB
DirectMap4k:      549824 kB
DirectMap2M:     7837696 kB


CPU:total 4 (4 cores per cpu, 1 threads per core) family 6 model 15 stepping 11, cmov, cx8, fxsr, mmx, sse, sse2, sse3, ssse3, tsc

/proc/cpuinfo:
processor	: 0
vendor_id	: GenuineIntel
cpu family	: 6
model		: 15
model name	: Intel(R) Core(TM)2 Quad CPU    Q6600  @ 2.40GHz
stepping	: 11
microcode	: 0xba
cpu MHz		: 2400.000
cache size	: 4096 KB
physical id	: 0
siblings	: 4
core id		: 0
cpu cores	: 4
apicid		: 0
initial apicid	: 0
fpu		: yes
fpu_exception	: yes
cpuid level	: 10
wp		: yes
flags		: fpu vme de pse tsc msr pae mce cx8 apic sep mtrr pge mca cmov pat pse36 clflush dts acpi mmx fxsr sse sse2 ss ht tm pbe syscall nx lm constant_tsc arch_perfmon pebs bts rep_good nopl aperfmperf pni dtes64 monitor ds_cpl vmx est tm2 ssse3 cx16 xtpr pdcm lahf_lm dtherm tpr_shadow vnmi flexpriority
bugs		:
bogomips	: 4799.74
clflush size	: 64
cache_alignment	: 64
address sizes	: 36 bits physical, 48 bits virtual
power management:

processor	: 1
vendor_id	: GenuineIntel
cpu family	: 6
model		: 15
model name	: Intel(R) Core(TM)2 Quad CPU    Q6600  @ 2.40GHz
stepping	: 11
microcode	: 0xba
cpu MHz		: 2400.000
cache size	: 4096 KB
physical id	: 0
siblings	: 4
core id		: 1
cpu cores	: 4
apicid		: 1
initial apicid	: 1
fpu		: yes
fpu_exception	: yes
cpuid level	: 10
wp		: yes
flags		: fpu vme de pse tsc msr pae mce cx8 apic sep mtrr pge mca cmov pat pse36 clflush dts acpi mmx fxsr sse sse2 ss ht tm pbe syscall nx lm constant_tsc arch_perfmon pebs bts rep_good nopl aperfmperf pni dtes64 monitor ds_cpl vmx est tm2 ssse3 cx16 xtpr pdcm lahf_lm dtherm tpr_shadow vnmi flexpriority
bugs		:
bogomips	: 4799.74
clflush size	: 64
cache_alignment	: 64
address sizes	: 36 bits physical, 48 bits virtual
power management:

processor	: 2
vendor_id	: GenuineIntel
cpu family	: 6
model		: 15
model name	: Intel(R) Core(TM)2 Quad CPU    Q6600  @ 2.40GHz
stepping	: 11
microcode	: 0xba
cpu MHz		: 2400.000
cache size	: 4096 KB
physical id	: 0
siblings	: 4
core id		: 3
cpu cores	: 4
apicid		: 3
initial apicid	: 3
fpu		: yes
fpu_exception	: yes
cpuid level	: 10
wp		: yes
flags		: fpu vme de pse tsc msr pae mce cx8 apic sep mtrr pge mca cmov pat pse36 clflush dts acpi mmx fxsr sse sse2 ss ht tm pbe syscall nx lm constant_tsc arch_perfmon pebs bts rep_good nopl aperfmperf pni dtes64 monitor ds_cpl vmx est tm2 ssse3 cx16 xtpr pdcm lahf_lm dtherm tpr_shadow vnmi flexpriority
bugs		:
bogomips	: 4799.74
clflush size	: 64
cache_alignment	: 64
address sizes	: 36 bits physical, 48 bits virtual
power management:

processor	: 3
vendor_id	: GenuineIntel
cpu family	: 6
model		: 15
model name	: Intel(R) Core(TM)2 Quad CPU    Q6600  @ 2.40GHz
stepping	: 11
microcode	: 0xba
cpu MHz		: 2400.000
cache size	: 4096 KB
physical id	: 0
siblings	: 4
core id		: 2
cpu cores	: 4
apicid		: 2
initial apicid	: 2
fpu		: yes
fpu_exception	: yes
cpuid level	: 10
wp		: yes
flags		: fpu vme de pse tsc msr pae mce cx8 apic sep mtrr pge mca cmov pat pse36 clflush dts acpi mmx fxsr sse sse2 ss ht tm pbe syscall nx lm constant_tsc arch_perfmon pebs bts rep_good nopl aperfmperf pni dtes64 monitor ds_cpl vmx est tm2 ssse3 cx16 xtpr pdcm lahf_lm dtherm tpr_shadow vnmi flexpriority
bugs		:
bogomips	: 4799.74
clflush size	: 64
cache_alignment	: 64
address sizes	: 36 bits physical, 48 bits virtual
power management:



Memory: 4k page, physical 8174560k(617652k free), swap 1998844k(1991532k free)

vm_info: Java HotSpot(TM) 64-Bit Server VM (25.66-b17) for linux-amd64 JRE (1.8.0_66-b17), built on Oct  6 2015 17:28:34 by "java_re" with gcc 4.3.0 20080428 (Red Hat 4.3.0-8)

time: Sat Mar 19 11:49:17 2016
elapsed time: 0 seconds (0d 0h 0m 0s)

