#
# A fatal error has been detected by the Java Runtime Environment:
#
#  SIGSEGV (0xb) at pc=0x00007f679e005060, pid=31693, tid=140084458514176
#
# JRE version: Java(TM) SE Runtime Environment (8.0_66-b17) (build 1.8.0_66-b17)
# Java VM: Java HotSpot(TM) 64-Bit Server VM (25.66-b17 mixed mode linux-amd64 compressed oops)
# Problematic frame:
# C  0x00007f679e005060
#
# Failed to write core dump. Core dumps have been disabled. To enable core dumping, try "ulimit -c unlimited" before starting Java again
#
# If you would like to submit a bug report, please visit:
#   http://bugreport.java.com/bugreport/crash.jsp
#

---------------  T H R E A D  ---------------

Current thread (0x00007f67ec00a000):  JavaThread "main" [_thread_in_Java, id=31696, stack(0x00007f67f4536000,0x00007f67f4637000)]

siginfo: si_signo: 11 (SIGSEGV), si_code: 1 (SEGV_MAPERR), si_addr: 0x00007f679e005060

Registers:
RAX=0x00007f67f0266af8, RBX=0x00007f67f0266af8, RCX=0x00000000ebb6a5a0, RDX=0x00000000ebb55120
RSP=0x00007f67f4634a68, RBP=0x00007f67f4634ac8, RSI=0x00000000ebb6a5a0, RDI=0x0000000000000001
R8 =0x0000000000020000, R9 =0x0000000000000001, R10=0x00007f67f3a11260, R11=0x00007f67dd1949c0
R12=0x0000000000000000, R13=0x00007f67f4634a78, R14=0x0000000000000000, R15=0x00007f67ec00a000
RIP=0x00007f679e005060, EFLAGS=0x0000000000010202, CSGSFS=0x0000000000000033, ERR=0x0000000000000014
  TRAPNO=0x000000000000000e

Top of Stack: (sp=0x00007f67f4634a68)
0x00007f67f4634a68:   00007f67dd007160 00007f67dd007160
0x00007f67f4634a78:   00000000ebb55120 00000000ebb6a5a0
0x00007f67f4634a88:   00007f67f4634a88 00007f67f06848da
0x00007f67f4634a98:   00007f67f4634b20 00007f67f06884c8
0x00007f67f4634aa8:   0000000000000000 00007f67f06849a8
0x00007f67f4634ab8:   00007f67f4634a78 00007f67f4634b10
0x00007f67f4634ac8:   00007f67f4634b68 00007f67dd00798d
0x00007f67f4634ad8:   0000000000000011 00000000ebb552d0
0x00007f67f4634ae8:   00000000ebb55338 00000000ebb55120
0x00007f67f4634af8:   00000000ebb57ef8 00000000ebb6a5a0
0x00007f67f4634b08:   00000000ebb6a570 00000000ebb6a558
0x00007f67f4634b18:   0000000000000000 00000000ebb524e8
0x00007f67f4634b28:   00007f67f4634b28 00007f67f06b480e
0x00007f67f4634b38:   00007f67f4634b80 00007f67f06bbb70
0x00007f67f4634b48:   0000000000000000 00007f67f06b4838
0x00007f67f4634b58:   00007f67f4634b10 00007f67f4634b80
0x00007f67f4634b68:   00007f67f4634bc8 00007f67dd00798d
0x00007f67f4634b78:   00000000ebb52538 00000000ebb64528
0x00007f67f4634b88:   00007f67f4634b88 00007f67f06b46e8
0x00007f67f4634b98:   00007f67f4634bf0 00007f67f06bbb70
0x00007f67f4634ba8:   0000000000000000 00007f67f06b4758
0x00007f67f4634bb8:   00007f67f4634b80 00007f67f4634bf0
0x00007f67f4634bc8:   00007f67f4634c38 00007f67dd007710
0x00007f67f4634bd8:   0000000000000000 00000000ebb670f8
0x00007f67f4634be8:   00000000ebb67088 00000000ebb64528
0x00007f67f4634bf8:   00007f67f4634bf8 00007f67f06b4531
0x00007f67f4634c08:   00007f67f4634c50 00007f67f06bbb70
0x00007f67f4634c18:   0000000000000000 00007f67f06b4558
0x00007f67f4634c28:   00007f67f4634bf0 00007f67f4634c48
0x00007f67f4634c38:   00007f67f4634c98 00007f67dd007710
0x00007f67f4634c48:   0000000000000000 00000000ebb524e8
0x00007f67f4634c58:   00007f67f4634c58 00007f67f067d7de 

Instructions: (pc=0x00007f679e005060)
0x00007f679e005040:   
[error occurred during error reporting (printing registers, top of stack, instructions near pc), id 0xb]

Register to memory mapping:

RAX={method} {0x00007f67f0266af8} 'add' '(Ljava/lang/Object;)Z' in 'java/util/Vector'
RBX={method} {0x00007f67f0266af8} 'add' '(Ljava/lang/Object;)Z' in 'java/util/Vector'
RCX=0x00000000ebb6a5a0 is an oop
java.util.Stack 
 - klass: 'java/util/Stack'
RDX=0x00000000ebb55120 is an oop
com.android.dx.ssa.SsaBasicBlock 
 - klass: 'com/android/dx/ssa/SsaBasicBlock'
RSP=0x00007f67f4634a68 is pointing into the stack for thread: 0x00007f67ec00a000
RBP=0x00007f67f4634ac8 is pointing into the stack for thread: 0x00007f67ec00a000
RSI=0x00000000ebb6a5a0 is an oop
java.util.Stack 
 - klass: 'java/util/Stack'
RDI=0x0000000000000001 is an unknown value
R8 =0x0000000000020000 is an unknown value
R9 =0x0000000000000001 is an unknown value
R10=0x00007f67f3a11260: <offset 0xfb1260> in /usr/lib/jvm/java-8-oracle/jre/lib/amd64/server/libjvm.so at 0x00007f67f2a60000
R11=0x00007f67dd1949c0 is at entry_point+32 in (nmethod*)0x00007f67dd194810
R12=0x0000000000000000 is an unknown value
R13=0x00007f67f4634a78 is pointing into the stack for thread: 0x00007f67ec00a000
R14=0x0000000000000000 is an unknown value
R15=0x00007f67ec00a000 is a thread


Stack: [0x00007f67f4536000,0x00007f67f4637000],  sp=0x00007f67f4634a68,  free space=1018k
Native frames: (J=compiled Java code, j=interpreted, Vv=VM code, C=native code)
C  0x00007f679e005060
j  com.android.dx.ssa.back.SsaToRop.removeEmptyGotos()V+22
j  com.android.dx.ssa.back.SsaToRop.convert()Lcom/android/dx/rop/code/RopMethod;+56
j  com.android.dx.ssa.back.SsaToRop.convertToRopMethod(Lcom/android/dx/ssa/SsaMethod;Z)Lcom/android/dx/rop/code/RopMethod;+9
j  com.android.dx.ssa.Optimizer.optimize(Lcom/android/dx/rop/code/RopMethod;IZZLcom/android/dx/rop/code/TranslationAdvice;Ljava/util/EnumSet;)Lcom/android/dx/rop/code/RopMethod;+30
j  com.android.dx.ssa.Optimizer.optimize(Lcom/android/dx/rop/code/RopMethod;IZZLcom/android/dx/rop/code/TranslationAdvice;)Lcom/android/dx/rop/code/RopMethod;+12
j  com.android.dx.dex.cf.CfTranslator.processMethods(Lcom/android/dx/cf/direct/DirectClassFile;Lcom/android/dx/dex/cf/CfOptions;Lcom/android/dx/dex/DexOptions;Lcom/android/dx/dex/file/ClassDefItem;Lcom/android/dx/dex/file/DexFile;)V+265
j  com.android.dx.dex.cf.CfTranslator.translate0(Lcom/android/dx/cf/direct/DirectClassFile;[BLcom/android/dx/dex/cf/CfOptions;Lcom/android/dx/dex/DexOptions;Lcom/android/dx/dex/file/DexFile;)Lcom/android/dx/dex/file/ClassDefItem;+120
j  com.android.dx.dex.cf.CfTranslator.translate(Lcom/android/dx/cf/direct/DirectClassFile;[BLcom/android/dx/dex/cf/CfOptions;Lcom/android/dx/dex/DexOptions;Lcom/android/dx/dex/file/DexFile;)Lcom/android/dx/dex/file/ClassDefItem;+6
j  com.android.dx.command.dexer.Main.processClass(Ljava/lang/String;[B)Z+251
j  com.android.dx.command.dexer.Main.processFileBytes(Ljava/lang/String;J[B)Z+188
j  com.android.dx.command.dexer.Main.access$300(Ljava/lang/String;J[B)Z+3
j  com.android.dx.command.dexer.Main$1.processFileBytes(Ljava/lang/String;J[B)Z+4
j  com.android.dx.cf.direct.ClassPathOpener.processOne(Ljava/io/File;Z)Z+82
j  com.android.dx.cf.direct.ClassPathOpener.processDirectory(Ljava/io/File;Z)Z+64
j  com.android.dx.cf.direct.ClassPathOpener.processOne(Ljava/io/File;Z)Z+10
j  com.android.dx.cf.direct.ClassPathOpener.processDirectory(Ljava/io/File;Z)Z+64
j  com.android.dx.cf.direct.ClassPathOpener.processOne(Ljava/io/File;Z)Z+10
j  com.android.dx.cf.direct.ClassPathOpener.processDirectory(Ljava/io/File;Z)Z+64
j  com.android.dx.cf.direct.ClassPathOpener.processOne(Ljava/io/File;Z)Z+10
j  com.android.dx.cf.direct.ClassPathOpener.processDirectory(Ljava/io/File;Z)Z+64
j  com.android.dx.cf.direct.ClassPathOpener.processOne(Ljava/io/File;Z)Z+10
j  com.android.dx.cf.direct.ClassPathOpener.process()Z+15
j  com.android.dx.command.dexer.Main.processOne(Ljava/lang/String;Lcom/android/dx/cf/direct/ClassPathOpener$FileNameFilter;)V+58
j  com.android.dx.command.dexer.Main.processAllFiles()Z+202
j  com.android.dx.command.dexer.Main.runMonoDex()I+58
j  com.android.dx.command.dexer.Main.run(Lcom/android/dx/command/dexer/Main$Arguments;)I+76
j  com.android.dx.command.dexer.Main.main([Ljava/lang/String;)V+14
j  com.android.dx.command.Main.main([Ljava/lang/String;)V+61
v  ~StubRoutines::call_stub
V  [libjvm.so+0x68bc46]  JavaCalls::call_helper(JavaValue*, methodHandle*, JavaCallArguments*, Thread*)+0x1056
V  [libjvm.so+0x6cd262]  jni_invoke_static(JNIEnv_*, JavaValue*, _jobject*, JNICallType, _jmethodID*, JNI_ArgumentPusher*, Thread*)+0x362
V  [libjvm.so+0x6e9c6a]  jni_CallStaticVoidMethod+0x17a
C  [libjli.so+0x7bcc]  JavaMain+0x80c
C  [libpthread.so.0+0x76aa]  start_thread+0xca


---------------  P R O C E S S  ---------------

Java Threads: ( => current thread )
  0x00007f67ec0c2800 JavaThread "Service Thread" daemon [_thread_blocked, id=31711, stack(0x00007f67d4fd5000,0x00007f67d50d6000)]
  0x00007f67ec0bd800 JavaThread "C1 CompilerThread2" daemon [_thread_in_native, id=31710, stack(0x00007f67d50d6000,0x00007f67d51d7000)]
  0x00007f67ec0bb800 JavaThread "C2 CompilerThread1" daemon [_thread_blocked, id=31709, stack(0x00007f67d51d7000,0x00007f67d52d8000)]
  0x00007f67ec0b8800 JavaThread "C2 CompilerThread0" daemon [_thread_blocked, id=31708, stack(0x00007f67d52d8000,0x00007f67d53d9000)]
  0x00007f67ec0b7000 JavaThread "Signal Dispatcher" daemon [_thread_blocked, id=31707, stack(0x00007f67d53d9000,0x00007f67d54da000)]
  0x00007f67ec07f800 JavaThread "Finalizer" daemon [_thread_blocked, id=31706, stack(0x00007f67d5bfc000,0x00007f67d5cfd000)]
  0x00007f67ec07d000 JavaThread "Reference Handler" daemon [_thread_blocked, id=31705, stack(0x00007f67d5cfd000,0x00007f67d5dfe000)]
=>0x00007f67ec00a000 JavaThread "main" [_thread_in_Java, id=31696, stack(0x00007f67f4536000,0x00007f67f4637000)]

Other Threads:
  0x00007f67ec078000 VMThread [stack: 0x00007f67d5dfe000,0x00007f67d5eff000] [id=31704]
  0x00007f67ec0c5800 WatcherThread [stack: 0x00007f67d4ed4000,0x00007f67d4fd5000] [id=31712]

VM state:not at safepoint (normal execution)

VM Mutex/Monitor currently owned by a thread: None

Heap:
 PSYoungGen      total 37888K, used 17119K [0x00000000eab00000, 0x00000000ed500000, 0x0000000100000000)
  eden space 32768K, 52% used [0x00000000eab00000,0x00000000ebbb7da8,0x00000000ecb00000)
  from space 5120K, 0% used [0x00000000ed000000,0x00000000ed000000,0x00000000ed500000)
  to   space 5120K, 0% used [0x00000000ecb00000,0x00000000ecb00000,0x00000000ed000000)
 ParOldGen       total 86016K, used 0K [0x00000000c0000000, 0x00000000c5400000, 0x00000000eab00000)
  object space 86016K, 0% used [0x00000000c0000000,0x00000000c0000000,0x00000000c5400000)
 Metaspace       used 5220K, capacity 6704K, committed 6784K, reserved 1056768K
  class space    used 533K, capacity 616K, committed 640K, reserved 1048576K

Card table byte_map: [0x00007f67f10fd000,0x00007f67f12fe000] byte_map_base: 0x00007f67f0afd000

Marking Bits: (ParMarkBitMap*) 0x00007f67f3a0f020
 Begin Bits: [0x00007f67d6000000, 0x00007f67d7000000)
 End Bits:   [0x00007f67d7000000, 0x00007f67d8000000)

Polling page: 0x00007f67f465c000

CodeCache: size=245760Kb used=3313Kb max_used=3313Kb free=242446Kb
 bounds [0x00007f67dd000000, 0x00007f67dd350000, 0x00007f67ec000000]
 total_blobs=1065 nmethods=810 adapters=171
 compilation: enabled

Compilation events (10 events):
Event: 0.605 Thread 0x00007f67ec0bd800  812       3       com.android.dx.dex.code.LocalSnapshot::<init> (25 bytes)
Event: 0.605 Thread 0x00007f67ec0bd800 nmethod 812 0x00007f67dd327c10 code [0x00007f67dd327da0, 0x00007f67dd3280b8]
Event: 0.605 Thread 0x00007f67ec0bd800  813       3       com.android.dx.dex.code.BlockAddresses::getLast (10 bytes)
Event: 0.605 Thread 0x00007f67ec0bd800 nmethod 813 0x00007f67dd327790 code [0x00007f67dd327900, 0x00007f67dd327b10]
Event: 0.605 Thread 0x00007f67ec0bd800  790   !   3       com.android.dx.rop.code.LocalVariableInfo::setStarts (40 bytes)
Event: 0.606 Thread 0x00007f67ec0bd800 nmethod 790 0x00007f67dd3358d0 code [0x00007f67dd335aa0, 0x00007f67dd336128]
Event: 0.606 Thread 0x00007f67ec0bd800  788       3       com.android.dx.rop.code.BasicBlock::getFirstInsn (9 bytes)
Event: 0.606 Thread 0x00007f67ec0bd800 nmethod 788 0x00007f67dd335250 code [0x00007f67dd3353e0, 0x00007f67dd3357c8]
Event: 0.606 Thread 0x00007f67ec0bd800  806       3       com.android.dx.rop.code.Insn$BaseVisitor::visitPlainInsn (1 bytes)
Event: 0.606 Thread 0x00007f67ec0bb800 nmethod 805 0x00007f67dd339450 code [0x00007f67dd3395c0, 0x00007f67dd339988]

GC Heap History (0 events):
No events

Deoptimization events (1 events):
Event: 0.408 Thread 0x00007f67ec00a000 Uncommon trap: reason=unstable_if action=reinterpret pc=0x00007f67dd1d665c method=java.util.HashMap.getNode(ILjava/lang/Object;)Ljava/util/HashMap$Node; @ 129

Internal exceptions (2 events):
Event: 0.040 Thread 0x00007f67ec00a000 Exception <a 'java/lang/NoSuchMethodError': Method sun.misc.Unsafe.defineClass(Ljava/lang/String;[BII)Ljava/lang/Class; name or signature does not match> (0x00000000eab12b90) thrown at [/HUDSON/workspace/8-2-build-linux-amd64/jdk8u66/4988/hotspot/src/shar
Event: 0.040 Thread 0x00007f67ec00a000 Exception <a 'java/lang/NoSuchMethodError': Method sun.misc.Unsafe.prefetchRead(Ljava/lang/Object;J)V name or signature does not match> (0x00000000eab12e78) thrown at [/HUDSON/workspace/8-2-build-linux-amd64/jdk8u66/4988/hotspot/src/share/vm/prims/jni.cpp

Events (10 events):
Event: 0.514 loading class com/android/dx/cf/attrib/BaseAnnotations
Event: 0.514 loading class com/android/dx/cf/attrib/BaseAnnotations done
Event: 0.545 loading class com/android/dx/dex/file/MethodAnnotationStruct
Event: 0.545 loading class com/android/dx/dex/file/MethodAnnotationStruct done
Event: 0.553 loading class java/util/TreeMap$EntrySet
Event: 0.554 loading class java/util/TreeMap$EntrySet done
Event: 0.554 loading class java/util/TreeMap$EntryIterator
Event: 0.554 loading class java/util/TreeMap$EntryIterator done
Event: 0.571 loading class com/android/dx/cf/code/BytecodeArray$ConstantParserVisitor
Event: 0.571 loading class com/android/dx/cf/code/BytecodeArray$ConstantParserVisitor done


Dynamic libraries:
00400000-00401000 r-xp 00000000 08:12 4072075                            /usr/lib/jvm/java-8-oracle/bin/java
00600000-00601000 rw-p 00000000 08:12 4072075                            /usr/lib/jvm/java-8-oracle/bin/java
00af6000-00b17000 rw-p 00000000 00:00 0                                  [heap]
c0000000-c5400000 rw-p 00000000 00:00 0 
c5400000-eab00000 ---p 00000000 00:00 0 
eab00000-ed500000 rw-p 00000000 00:00 0 
ed500000-100000000 ---p 00000000 00:00 0 
100000000-1000a0000 rw-p 00000000 00:00 0 
1000a0000-140000000 ---p 00000000 00:00 0 
7f67a4000000-7f67a4021000 rw-p 00000000 00:00 0 
7f67a4021000-7f67a8000000 ---p 00000000 00:00 0 
7f67a8000000-7f67a8021000 rw-p 00000000 00:00 0 
7f67a8021000-7f67ac000000 ---p 00000000 00:00 0 
7f67ac000000-7f67ac531000 rw-p 00000000 00:00 0 
7f67ac531000-7f67b0000000 ---p 00000000 00:00 0 
7f67b0000000-7f67b0487000 rw-p 00000000 00:00 0 
7f67b0487000-7f67b4000000 ---p 00000000 00:00 0 
7f67b4000000-7f67b4021000 rw-p 00000000 00:00 0 
7f67b4021000-7f67b8000000 ---p 00000000 00:00 0 
7f67b8000000-7f67b861d000 rw-p 00000000 00:00 0 
7f67b861d000-7f67bc000000 ---p 00000000 00:00 0 
7f67bc000000-7f67bc021000 rw-p 00000000 00:00 0 
7f67bc021000-7f67c0000000 ---p 00000000 00:00 0 
7f67c0000000-7f67c0021000 rw-p 00000000 00:00 0 
7f67c0021000-7f67c4000000 ---p 00000000 00:00 0 
7f67c4000000-7f67c4021000 rw-p 00000000 00:00 0 
7f67c4021000-7f67c8000000 ---p 00000000 00:00 0 
7f67c8000000-7f67c8021000 rw-p 00000000 00:00 0 
7f67c8021000-7f67cc000000 ---p 00000000 00:00 0 
7f67cc000000-7f67cc021000 rw-p 00000000 00:00 0 
7f67cc021000-7f67d0000000 ---p 00000000 00:00 0 
7f67d0000000-7f67d0021000 rw-p 00000000 00:00 0 
7f67d0021000-7f67d4000000 ---p 00000000 00:00 0 
7f67d4ed4000-7f67d4ed5000 ---p 00000000 00:00 0 
7f67d4ed5000-7f67d4fd5000 rw-p 00000000 00:00 0                          [stack:31712]
7f67d4fd5000-7f67d4fd8000 ---p 00000000 00:00 0 
7f67d4fd8000-7f67d50d6000 rw-p 00000000 00:00 0                          [stack:31711]
7f67d50d6000-7f67d50d9000 ---p 00000000 00:00 0 
7f67d50d9000-7f67d51d7000 rw-p 00000000 00:00 0                          [stack:31710]
7f67d51d7000-7f67d51da000 ---p 00000000 00:00 0 
7f67d51da000-7f67d52d8000 rw-p 00000000 00:00 0                          [stack:31709]
7f67d52d8000-7f67d52db000 ---p 00000000 00:00 0 
7f67d52db000-7f67d53d9000 rw-p 00000000 00:00 0                          [stack:31708]
7f67d53d9000-7f67d53dc000 ---p 00000000 00:00 0 
7f67d53dc000-7f67d54da000 rw-p 00000000 00:00 0                          [stack:31707]
7f67d54da000-7f67d5bfc000 r--p 00000000 08:12 3546878                    /usr/lib/locale/locale-archive
7f67d5bfc000-7f67d5bff000 ---p 00000000 00:00 0 
7f67d5bff000-7f67d5cfd000 rw-p 00000000 00:00 0                          [stack:31706]
7f67d5cfd000-7f67d5d00000 ---p 00000000 00:00 0 
7f67d5d00000-7f67d5dfe000 rw-p 00000000 00:00 0                          [stack:31705]
7f67d5dfe000-7f67d5dff000 ---p 00000000 00:00 0 
7f67d5dff000-7f67d8000000 rw-p 00000000 00:00 0                          [stack:31704]
7f67d8000000-7f67d8021000 rw-p 00000000 00:00 0 
7f67d8021000-7f67dc000000 ---p 00000000 00:00 0 
7f67dc087000-7f67dc096000 r--s 000dd000 08:12 1704044                    /opt/android-sdk-linux/build-tools/21.1.2/lib/dx.jar
7f67dc096000-7f67dce27000 rw-p 00000000 00:00 0 
7f67dce27000-7f67dd000000 r--s 03d20000 08:12 4198918                    /usr/lib/jvm/java-8-oracle/jre/lib/rt.jar
7f67dd000000-7f67dd350000 rwxp 00000000 00:00 0 
7f67dd350000-7f67ec000000 ---p 00000000 00:00 0 
7f67ec000000-7f67ec4d3000 rw-p 00000000 00:00 0 
7f67ec4d3000-7f67f0000000 ---p 00000000 00:00 0 
7f67f000b000-7f67f07a3000 rw-p 00000000 00:00 0 
7f67f07a3000-7f67f09a3000 ---p 00000000 00:00 0 
7f67f09a3000-7f67f0ba3000 rw-p 00000000 00:00 0 
7f67f0ba3000-7f67f0ba4000 ---p 00000000 00:00 0 
7f67f0ba4000-7f67f0ca4000 rw-p 00000000 00:00 0                          [stack:31703]
7f67f0ca4000-7f67f0ca5000 ---p 00000000 00:00 0 
7f67f0ca5000-7f67f0da5000 rw-p 00000000 00:00 0                          [stack:31702]
7f67f0da5000-7f67f0da6000 ---p 00000000 00:00 0 
7f67f0da6000-7f67f0ea6000 rw-p 00000000 00:00 0                          [stack:31701]
7f67f0ea6000-7f67f0ea7000 ---p 00000000 00:00 0 
7f67f0ea7000-7f67f0fd1000 rw-p 00000000 00:00 0                          [stack:31700]
7f67f0fd1000-7f67f10fd000 ---p 00000000 00:00 0 
7f67f10fd000-7f67f1127000 rw-p 00000000 00:00 0 
7f67f1127000-7f67f1252000 ---p 00000000 00:00 0 
7f67f1252000-7f67f1268000 rw-p 00000000 00:00 0 
7f67f1268000-7f67f12fd000 ---p 00000000 00:00 0 
7f67f12fd000-7f67f130c000 rw-p 00000000 00:00 0 
7f67f130c000-7f67f16be000 ---p 00000000 00:00 0 
7f67f16be000-7f67f16d8000 r-xp 00000000 08:12 4203595                    /usr/lib/jvm/java-8-oracle/jre/lib/amd64/libzip.so
7f67f16d8000-7f67f18d8000 ---p 0001a000 08:12 4203595                    /usr/lib/jvm/java-8-oracle/jre/lib/amd64/libzip.so
7f67f18d8000-7f67f18d9000 rw-p 0001a000 08:12 4203595                    /usr/lib/jvm/java-8-oracle/jre/lib/amd64/libzip.so
7f67f18d9000-7f67f18e5000 r-xp 00000000 08:12 266670                     /lib/x86_64-linux-gnu/libnss_files-2.21.so
7f67f18e5000-7f67f1ae4000 ---p 0000c000 08:12 266670                     /lib/x86_64-linux-gnu/libnss_files-2.21.so
7f67f1ae4000-7f67f1ae5000 r--p 0000b000 08:12 266670                     /lib/x86_64-linux-gnu/libnss_files-2.21.so
7f67f1ae5000-7f67f1ae6000 rw-p 0000c000 08:12 266670                     /lib/x86_64-linux-gnu/libnss_files-2.21.so
7f67f1ae6000-7f67f1af1000 r-xp 00000000 08:12 266680                     /lib/x86_64-linux-gnu/libnss_nis-2.21.so
7f67f1af1000-7f67f1cf0000 ---p 0000b000 08:12 266680                     /lib/x86_64-linux-gnu/libnss_nis-2.21.so
7f67f1cf0000-7f67f1cf1000 r--p 0000a000 08:12 266680                     /lib/x86_64-linux-gnu/libnss_nis-2.21.so
7f67f1cf1000-7f67f1cf2000 rw-p 0000b000 08:12 266680                     /lib/x86_64-linux-gnu/libnss_nis-2.21.so
7f67f1cf2000-7f67f1d09000 r-xp 00000000 08:12 266664                     /lib/x86_64-linux-gnu/libnsl-2.21.so
7f67f1d09000-7f67f1f08000 ---p 00017000 08:12 266664                     /lib/x86_64-linux-gnu/libnsl-2.21.so
7f67f1f08000-7f67f1f09000 r--p 00016000 08:12 266664                     /lib/x86_64-linux-gnu/libnsl-2.21.so
7f67f1f09000-7f67f1f0a000 rw-p 00017000 08:12 266664                     /lib/x86_64-linux-gnu/libnsl-2.21.so
7f67f1f0a000-7f67f1f0c000 rw-p 00000000 00:00 0 
7f67f1f0c000-7f67f1f14000 r-xp 00000000 08:12 266666                     /lib/x86_64-linux-gnu/libnss_compat-2.21.so
7f67f1f14000-7f67f2113000 ---p 00008000 08:12 266666                     /lib/x86_64-linux-gnu/libnss_compat-2.21.so
7f67f2113000-7f67f2114000 r--p 00007000 08:12 266666                     /lib/x86_64-linux-gnu/libnss_compat-2.21.so
7f67f2114000-7f67f2115000 rw-p 00008000 08:12 266666                     /lib/x86_64-linux-gnu/libnss_compat-2.21.so
7f67f2115000-7f67f213f000 r-xp 00000000 08:12 4203590                    /usr/lib/jvm/java-8-oracle/jre/lib/amd64/libjava.so
7f67f213f000-7f67f233f000 ---p 0002a000 08:12 4203590                    /usr/lib/jvm/java-8-oracle/jre/lib/amd64/libjava.so
7f67f233f000-7f67f2341000 rw-p 0002a000 08:12 4203590                    /usr/lib/jvm/java-8-oracle/jre/lib/amd64/libjava.so
7f67f2341000-7f67f234e000 r-xp 00000000 08:12 4203594                    /usr/lib/jvm/java-8-oracle/jre/lib/amd64/libverify.so
7f67f234e000-7f67f254e000 ---p 0000d000 08:12 4203594                    /usr/lib/jvm/java-8-oracle/jre/lib/amd64/libverify.so
7f67f254e000-7f67f2550000 rw-p 0000d000 08:12 4203594                    /usr/lib/jvm/java-8-oracle/jre/lib/amd64/libverify.so
7f67f2550000-7f67f2557000 r-xp 00000000 08:12 266725                     /lib/x86_64-linux-gnu/librt-2.21.so
7f67f2557000-7f67f2756000 ---p 00007000 08:12 266725                     /lib/x86_64-linux-gnu/librt-2.21.so
7f67f2756000-7f67f2757000 r--p 00006000 08:12 266725                     /lib/x86_64-linux-gnu/librt-2.21.so
7f67f2757000-7f67f2758000 rw-p 00007000 08:12 266725                     /lib/x86_64-linux-gnu/librt-2.21.so
7f67f2758000-7f67f285f000 r-xp 00000000 08:12 266643                     /lib/x86_64-linux-gnu/libm-2.21.so
7f67f285f000-7f67f2a5e000 ---p 00107000 08:12 266643                     /lib/x86_64-linux-gnu/libm-2.21.so
7f67f2a5e000-7f67f2a5f000 r--p 00106000 08:12 266643                     /lib/x86_64-linux-gnu/libm-2.21.so
7f67f2a5f000-7f67f2a60000 rw-p 00107000 08:12 266643                     /lib/x86_64-linux-gnu/libm-2.21.so
7f67f2a60000-7f67f371e000 r-xp 00000000 08:12 4201549                    /usr/lib/jvm/java-8-oracle/jre/lib/amd64/server/libjvm.so
7f67f371e000-7f67f391d000 ---p 00cbe000 08:12 4201549                    /usr/lib/jvm/java-8-oracle/jre/lib/amd64/server/libjvm.so
7f67f391d000-7f67f39f6000 rw-p 00cbd000 08:12 4201549                    /usr/lib/jvm/java-8-oracle/jre/lib/amd64/server/libjvm.so
7f67f39f6000-7f67f3a3a000 rw-p 00000000 00:00 0 
7f67f3a3a000-7f67f3bfa000 r-xp 00000000 08:12 266584                     /lib/x86_64-linux-gnu/libc-2.21.so
7f67f3bfa000-7f67f3dfa000 ---p 001c0000 08:12 266584                     /lib/x86_64-linux-gnu/libc-2.21.so
7f67f3dfa000-7f67f3dfe000 r--p 001c0000 08:12 266584                     /lib/x86_64-linux-gnu/libc-2.21.so
7f67f3dfe000-7f67f3e00000 rw-p 001c4000 08:12 266584                     /lib/x86_64-linux-gnu/libc-2.21.so
7f67f3e00000-7f67f3e04000 rw-p 00000000 00:00 0 
7f67f3e04000-7f67f3e07000 r-xp 00000000 08:12 266601                     /lib/x86_64-linux-gnu/libdl-2.21.so
7f67f3e07000-7f67f4006000 ---p 00003000 08:12 266601                     /lib/x86_64-linux-gnu/libdl-2.21.so
7f67f4006000-7f67f4007000 r--p 00002000 08:12 266601                     /lib/x86_64-linux-gnu/libdl-2.21.so
7f67f4007000-7f67f4008000 rw-p 00003000 08:12 266601                     /lib/x86_64-linux-gnu/libdl-2.21.so
7f67f4008000-7f67f401d000 r-xp 00000000 08:12 4198721                    /usr/lib/jvm/java-8-oracle/lib/amd64/jli/libjli.so
7f67f401d000-7f67f421d000 ---p 00015000 08:12 4198721                    /usr/lib/jvm/java-8-oracle/lib/amd64/jli/libjli.so
7f67f421d000-7f67f421e000 rw-p 00015000 08:12 4198721                    /usr/lib/jvm/java-8-oracle/lib/amd64/jli/libjli.so
7f67f421e000-7f67f4236000 r-xp 00000000 08:12 266717                     /lib/x86_64-linux-gnu/libpthread-2.21.so
7f67f4236000-7f67f4436000 ---p 00018000 08:12 266717                     /lib/x86_64-linux-gnu/libpthread-2.21.so
7f67f4436000-7f67f4437000 r--p 00018000 08:12 266717                     /lib/x86_64-linux-gnu/libpthread-2.21.so
7f67f4437000-7f67f4438000 rw-p 00019000 08:12 266717                     /lib/x86_64-linux-gnu/libpthread-2.21.so
7f67f4438000-7f67f443c000 rw-p 00000000 00:00 0 
7f67f443c000-7f67f4460000 r-xp 00000000 08:12 266556                     /lib/x86_64-linux-gnu/ld-2.21.so
7f67f4464000-7f67f4536000 rw-p 00000000 00:00 0 
7f67f4536000-7f67f4539000 ---p 00000000 00:00 0 
7f67f4539000-7f67f463b000 rw-p 00000000 00:00 0                          [stack:31696]
7f67f463c000-7f67f4653000 rw-p 00000000 00:00 0 
7f67f4653000-7f67f465b000 rw-s 00000000 08:12 3549529                    /tmp/hsperfdata_duke/31693
7f67f465b000-7f67f465c000 rw-p 00000000 00:00 0 
7f67f465c000-7f67f465d000 r--p 00000000 00:00 0 
7f67f465d000-7f67f465f000 rw-p 00000000 00:00 0 
7f67f465f000-7f67f4660000 r--p 00023000 08:12 266556                     /lib/x86_64-linux-gnu/ld-2.21.so
7f67f4660000-7f67f4661000 rw-p 00024000 08:12 266556                     /lib/x86_64-linux-gnu/ld-2.21.so
7f67f4661000-7f67f4662000 rw-p 00000000 00:00 0 
7ffdd5947000-7ffdd5968000 rw-p 00000000 00:00 0                          [stack]
7ffdd59c1000-7ffdd59c3000 r--p 00000000 00:00 0                          [vvar]
7ffdd59c3000-7ffdd59c5000 r-xp 00000000 00:00 0                          [vdso]
ffffffffff600000-ffffffffff601000 r-xp 00000000 00:00 0                  [vsyscall]

VM Arguments:
jvm_args: -Xmx1024M -Dfile.encoding=UTF-8 -Duser.country=US -Duser.language=en -Duser.variant 
java_command: com.android.dx.command.Main --dex --output /home/duke/AndroidStudioProjects/MasterSahab/app/build/intermediates/dex/debug /home/duke/AndroidStudioProjects/MasterSahab/app/build/intermediates/classes/debug /home/duke/AndroidStudioProjects/MasterSahab/app/build/intermediates/pre-dexed/debug/support-annotations-22.2.0-d11b86e8a8d5a60125987e55ed19da6fe916ed6c.jar /home/duke/AndroidStudioProjects/MasterSahab/app/build/intermediates/pre-dexed/debug/internal_impl-22.2.0-9fd2cdf11b2cb58a68c8003917e19ca6197745ad.jar /home/duke/AndroidStudioProjects/MasterSahab/app/build/intermediates/pre-dexed/debug/classes-8ef248cfe074cd8203cc4c867f71e14f57d6780a.jar /home/duke/AndroidStudioProjects/MasterSahab/app/build/intermediates/pre-dexed/debug/classes-dccf93463063885d5b233794907a60cd6aefb60c.jar
java_class_path (initial): /opt/android-sdk-linux/build-tools/21.1.2/lib/dx.jar
Launcher Type: SUN_STANDARD

Environment Variables:
JAVA_HOME=/usr/lib/jvm/java-8-oracle
PATH=/usr/local/sbin:/usr/local/bin:/usr/sbin:/usr/bin:/sbin:/bin:/usr/games:/usr/local/games:/usr/lib/jvm/java-8-oracle/bin:/usr/lib/jvm/java-8-oracle/db/bin:/usr/lib/jvm/java-8-oracle/jre/bin
LD_LIBRARY_PATH=/home/duke/Apps/android-studio/bin:
SHELL=/bin/bash
DISPLAY=:0

Signal Handlers:
SIGSEGV: [libjvm.so+0xaba2a0], sa_mask[0]=11111111011111111101111111111110, sa_flags=SA_RESTART|SA_SIGINFO
SIGBUS: [libjvm.so+0xaba2a0], sa_mask[0]=11111111011111111101111111111110, sa_flags=SA_RESTART|SA_SIGINFO
SIGFPE: [libjvm.so+0x917710], sa_mask[0]=11111111011111111101111111111110, sa_flags=SA_RESTART|SA_SIGINFO
SIGPIPE: [libjvm.so+0x917710], sa_mask[0]=11111111011111111101111111111110, sa_flags=SA_RESTART|SA_SIGINFO
SIGXFSZ: [libjvm.so+0x917710], sa_mask[0]=11111111011111111101111111111110, sa_flags=SA_RESTART|SA_SIGINFO
SIGILL: [libjvm.so+0x917710], sa_mask[0]=11111111011111111101111111111110, sa_flags=SA_RESTART|SA_SIGINFO
SIGUSR1: SIG_DFL, sa_mask[0]=00000000000000000000000000000000, sa_flags=none
SIGUSR2: [libjvm.so+0x918d40], sa_mask[0]=00100000000000000000000000000000, sa_flags=SA_RESTART|SA_SIGINFO
SIGHUP: [libjvm.so+0x91a140], sa_mask[0]=11111111011111111101111111111110, sa_flags=SA_RESTART|SA_SIGINFO
SIGINT: [libjvm.so+0x91a140], sa_mask[0]=11111111011111111101111111111110, sa_flags=SA_RESTART|SA_SIGINFO
SIGTERM: [libjvm.so+0x91a140], sa_mask[0]=11111111011111111101111111111110, sa_flags=SA_RESTART|SA_SIGINFO
SIGQUIT: [libjvm.so+0x91a140], sa_mask[0]=11111111011111111101111111111110, sa_flags=SA_RESTART|SA_SIGINFO


---------------  S Y S T E M  ---------------

OS:DISTRIB_ID=Ubuntu
DISTRIB_RELEASE=15.10
DISTRIB_CODENAME=wily
DISTRIB_DESCRIPTION="Ubuntu 15.10"

uname:Linux 4.2.0-19-generic #23-Ubuntu SMP Wed Nov 11 11:39:30 UTC 2015 x86_64
libc:glibc 2.21 NPTL 2.21 
rlimit: STACK 8192k, CORE 0k, NPROC 31796, NOFILE 65536, AS infinity
load average:1.09 0.88 0.80

/proc/meminfo:
MemTotal:        8174576 kB
MemFree:          858096 kB
MemAvailable:    3589912 kB
Buffers:          551816 kB
Cached:          2718496 kB
SwapCached:            0 kB
Active:          5066244 kB
Inactive:        1911388 kB
Active(anon):    3858016 kB
Inactive(anon):   512708 kB
Active(file):    1208228 kB
Inactive(file):  1398680 kB
Unevictable:          32 kB
Mlocked:              32 kB
SwapTotal:       1998844 kB
SwapFree:        1998844 kB
Dirty:             17856 kB
Writeback:             0 kB
AnonPages:       3707168 kB
Mapped:           587856 kB
Shmem:            663640 kB
Slab:             208916 kB
SReclaimable:     167484 kB
SUnreclaim:        41432 kB
KernelStack:        9152 kB
PageTables:        45064 kB
NFS_Unstable:          0 kB
Bounce:                0 kB
WritebackTmp:          0 kB
CommitLimit:     6086132 kB
Committed_AS:    7749376 kB
VmallocTotal:   34359738367 kB
VmallocUsed:       87708 kB
VmallocChunk:   34359586812 kB
HardwareCorrupted:     0 kB
AnonHugePages:   2232320 kB
CmaTotal:              0 kB
CmaFree:               0 kB
HugePages_Total:       0
HugePages_Free:        0
HugePages_Rsvd:        0
HugePages_Surp:        0
Hugepagesize:       2048 kB
DirectMap4k:      240576 kB
DirectMap2M:     8146944 kB


CPU:total 4 (4 cores per cpu, 1 threads per core) family 6 model 15 stepping 11, cmov, cx8, fxsr, mmx, sse, sse2, sse3, ssse3, tsc

/proc/cpuinfo:
processor	: 0
vendor_id	: GenuineIntel
cpu family	: 6
model		: 15
model name	: Intel(R) Core(TM)2 Quad CPU    Q6600  @ 2.40GHz
stepping	: 11
microcode	: 0xba
cpu MHz		: 2400.000
cache size	: 4096 KB
physical id	: 0
siblings	: 4
core id		: 0
cpu cores	: 4
apicid		: 0
initial apicid	: 0
fpu		: yes
fpu_exception	: yes
cpuid level	: 10
wp		: yes
flags		: fpu vme de pse tsc msr pae mce cx8 apic sep mtrr pge mca cmov pat pse36 clflush dts acpi mmx fxsr sse sse2 ss ht tm pbe syscall nx lm constant_tsc arch_perfmon pebs bts rep_good nopl aperfmperf pni dtes64 monitor ds_cpl vmx est tm2 ssse3 cx16 xtpr pdcm lahf_lm dtherm tpr_shadow vnmi flexpriority
bugs		:
bogomips	: 4800.09
clflush size	: 64
cache_alignment	: 64
address sizes	: 36 bits physical, 48 bits virtual
power management:

processor	: 1
vendor_id	: GenuineIntel
cpu family	: 6
model		: 15
model name	: Intel(R) Core(TM)2 Quad CPU    Q6600  @ 2.40GHz
stepping	: 11
microcode	: 0xba
cpu MHz		: 2400.000
cache size	: 4096 KB
physical id	: 0
siblings	: 4
core id		: 1
cpu cores	: 4
apicid		: 1
initial apicid	: 1
fpu		: yes
fpu_exception	: yes
cpuid level	: 10
wp		: yes
flags		: fpu vme de pse tsc msr pae mce cx8 apic sep mtrr pge mca cmov pat pse36 clflush dts acpi mmx fxsr sse sse2 ss ht tm pbe syscall nx lm constant_tsc arch_perfmon pebs bts rep_good nopl aperfmperf pni dtes64 monitor ds_cpl vmx est tm2 ssse3 cx16 xtpr pdcm lahf_lm dtherm tpr_shadow vnmi flexpriority
bugs		:
bogomips	: 4800.09
clflush size	: 64
cache_alignment	: 64
address sizes	: 36 bits physical, 48 bits virtual
power management:

processor	: 2
vendor_id	: GenuineIntel
cpu family	: 6
model		: 15
model name	: Intel(R) Core(TM)2 Quad CPU    Q6600  @ 2.40GHz
stepping	: 11
microcode	: 0xba
cpu MHz		: 2400.000
cache size	: 4096 KB
physical id	: 0
siblings	: 4
core id		: 3
cpu cores	: 4
apicid		: 3
initial apicid	: 3
fpu		: yes
fpu_exception	: yes
cpuid level	: 10
wp		: yes
flags		: fpu vme de pse tsc msr pae mce cx8 apic sep mtrr pge mca cmov pat pse36 clflush dts acpi mmx fxsr sse sse2 ss ht tm pbe syscall nx lm constant_tsc arch_perfmon pebs bts rep_good nopl aperfmperf pni dtes64 monitor ds_cpl vmx est tm2 ssse3 cx16 xtpr pdcm lahf_lm dtherm tpr_shadow vnmi flexpriority
bugs		:
bogomips	: 4800.09
clflush size	: 64
cache_alignment	: 64
address sizes	: 36 bits physical, 48 bits virtual
power management:

processor	: 3
vendor_id	: GenuineIntel
cpu family	: 6
model		: 15
model name	: Intel(R) Core(TM)2 Quad CPU    Q6600  @ 2.40GHz
stepping	: 11
microcode	: 0xba
cpu MHz		: 2400.000
cache size	: 4096 KB
physical id	: 0
siblings	: 4
core id		: 2
cpu cores	: 4
apicid		: 2
initial apicid	: 2
fpu		: yes
fpu_exception	: yes
cpuid level	: 10
wp		: yes
flags		: fpu vme de pse tsc msr pae mce cx8 apic sep mtrr pge mca cmov pat pse36 clflush dts acpi mmx fxsr sse sse2 ss ht tm pbe syscall nx lm constant_tsc arch_perfmon pebs bts rep_good nopl aperfmperf pni dtes64 monitor ds_cpl vmx est tm2 ssse3 cx16 xtpr pdcm lahf_lm dtherm tpr_shadow vnmi flexpriority
bugs		:
bogomips	: 4800.09
clflush size	: 64
cache_alignment	: 64
address sizes	: 36 bits physical, 48 bits virtual
power management:



Memory: 4k page, physical 8174576k(858096k free), swap 1998844k(1998844k free)

vm_info: Java HotSpot(TM) 64-Bit Server VM (25.66-b17) for linux-amd64 JRE (1.8.0_66-b17), built on Oct  6 2015 17:28:34 by "java_re" with gcc 4.3.0 20080428 (Red Hat 4.3.0-8)

time: Wed Dec  2 20:13:08 2015
elapsed time: 0 seconds (0d 0h 0m 0s)

