#
# A fatal error has been detected by the Java Runtime Environment:
#
#  SIGSEGV (0xb) at pc=0x00007f6716005060, pid=12105, tid=140082154632960
#
# JRE version: Java(TM) SE Runtime Environment (8.0_66-b17) (build 1.8.0_66-b17)
# Java VM: Java HotSpot(TM) 64-Bit Server VM (25.66-b17 mixed mode linux-amd64 compressed oops)
# Problematic frame:
# C  0x00007f6716005060
#
# Failed to write core dump. Core dumps have been disabled. To enable core dumping, try "ulimit -c unlimited" before starting Java again
#
# If you would like to submit a bug report, please visit:
#   http://bugreport.java.com/bugreport/crash.jsp
#

---------------  T H R E A D  ---------------

Current thread (0x00007f676400a000):  JavaThread "main" [_thread_in_Java, id=12107, stack(0x00007f676b00f000,0x00007f676b110000)]

siginfo: si_signo: 11 (SIGSEGV), si_code: 2 (SEGV_ACCERR), si_addr: 0x00007f6716005060

Registers:
RAX=0x0000000100001300, RBX=0x00007f6752086798, RCX=0x00000000c0f87b78, RDX=0x00000000f34a37e8
RSP=0x00007f676b10e2b8, RBP=0x00000000eab08708, RSI=0x00000000c08de760, RDI=0x000000010006a548
R8 =0x00000000c08de760, R9 =0x00000001000654f0, R10=0x000000010006b9b0, R11=0x0000000000000200
R12=0x0000000000000000, R13=0x00007f676b10e2f8, R14=0x0000000000000000, R15=0x00007f676400a000
RIP=0x00007f6716005060, EFLAGS=0x0000000000010246, CSGSFS=0x0000000000000033, ERR=0x0000000000000014
  TRAPNO=0x000000000000000e

Top of Stack: (sp=0x00007f676b10e2b8)
0x00007f676b10e2b8:   00007f67556df94c 00000000c08de760
0x00007f676b10e2c8:   00007f67520620dd 00007f676400a000
0x00007f676b10e2d8:   00007f676b10e3d0 00007f676b10e348
0x00007f676b10e2e8:   00007f6755007710 00007f6755007710
0x00007f676b10e2f8:   00000000c08de760 00000000c0f87b78
0x00007f676b10e308:   00007f676b10e308 00007f67520620c7
0x00007f676b10e318:   00007f676b10e368 00007f6752062290
0x00007f676b10e328:   0000000000000000 00007f6752062118
0x00007f676b10e338:   00007f676b10e2f8 00007f676b10e360
0x00007f676b10e348:   00007f676b10e3b0 00007f67550073d0
0x00007f676b10e358:   0000000000000000 00000000c08de760
0x00007f676b10e368:   00000000c0f87b50 00007f676b10e370
0x00007f676b10e378:   00007f67521ae8b5 00007f676b10e3d0
0x00007f676b10e388:   00007f67521ae9e0 0000000000000000
0x00007f676b10e398:   00007f67521ae8e8 00007f676b10e360
0x00007f676b10e3a8:   00007f676b10e3e0 00007f676b10e5b8
0x00007f676b10e3b8:   00007f67556f3d84 00000000c0f87b50
0x00007f676b10e3c8:   00000000f34a3978 00000000c0942b58
0x00007f676b10e3d8:   00007f67556f3d84 0000000000000001
0x00007f676b10e3e8:   00000000c0000748 00000000eab2f918
0x00007f676b10e3f8:   00007f67556676cc 00000000f302e680
0x00007f676b10e408:   00007f67556ec1ac 00000000f34ad1b8
0x00007f676b10e418:   00007f6769bbb0db 00007f676b10e520
0x00007f676b10e428:   00007f67556f265c 00007f676400a000
0x00007f676b10e438:   00000000f302e6c0 0000000000000000
0x00007f676b10e448:   0000000000000000 00007f676400a000
0x00007f676b10e458:   00007f676b10e5f0 00007f676b10e568
0x00007f676b10e468:   0000000000000000 00007f67556e40e0
0x00007f676b10e478:   00007f676a4ea2c0 0000000000009db2
0x00007f676b10e488:   00000000c08de648 00000000c09a5160
0x00007f676b10e498:   00000000c0942b58 00000000f34a3978
0x00007f676b10e4a8:   00000000eaf6a330 000008090000005b 

Instructions: (pc=0x00007f6716005060)
0x00007f6716005040:   
[error occurred during error reporting (printing registers, top of stack, instructions near pc), id 0xb]

Register to memory mapping:

RAX=0x0000000100001300 is pointing into metadata
RBX={method} {0x00007f6752086798} 'compareTo' '(Ljava/lang/Object;)I' in 'com/android/dx/rop/type/Prototype'
RCX=0x00000000c0f87b78 is an oop
java.util.TreeMap 
 - klass: 'java/util/TreeMap'
RDX=0x00000000f34a37e8 is an oop
com.android.dx.rop.type.Prototype 
 - klass: 'com/android/dx/rop/type/Prototype'
RSP=0x00007f676b10e2b8 is pointing into the stack for thread: 0x00007f676400a000
RBP=0x00000000eab08708 is an oop
java.util.TreeMap$Entry 
 - klass: 'java/util/TreeMap$Entry'
RSI=0x00000000c08de760 is an oop
com.android.dx.rop.type.Prototype 
 - klass: 'com/android/dx/rop/type/Prototype'
RDI=0x000000010006a548 is pointing into metadata
R8 =0x00000000c08de760 is an oop
com.android.dx.rop.type.Prototype 
 - klass: 'com/android/dx/rop/type/Prototype'
R9 =0x00000001000654f0 is pointing into metadata
R10=0x000000010006b9b0 is pointing into metadata
R11=0x0000000000000200 is an unknown value
R12=0x0000000000000000 is an unknown value
R13=0x00007f676b10e2f8 is pointing into the stack for thread: 0x00007f676400a000
R14=0x0000000000000000 is an unknown value
R15=0x00007f676400a000 is a thread


Stack: [0x00007f676b00f000,0x00007f676b110000],  sp=0x00007f676b10e2b8,  free space=1020k
Native frames: (J=compiled Java code, j=interpreted, Vv=VM code, C=native code)
C  0x00007f6716005060


---------------  P R O C E S S  ---------------

Java Threads: ( => current thread )
  0x00007f67640c2800 JavaThread "Service Thread" daemon [_thread_blocked, id=12122, stack(0x00007f6733afb000,0x00007f6733bfc000)]
  0x00007f67640bd800 JavaThread "C1 CompilerThread2" daemon [_thread_blocked, id=12121, stack(0x00007f6733bfc000,0x00007f6733cfd000)]
  0x00007f67640bb800 JavaThread "C2 CompilerThread1" daemon [_thread_in_native, id=12120, stack(0x00007f6733cfd000,0x00007f6733dfe000)]
  0x00007f67640b9000 JavaThread "C2 CompilerThread0" daemon [_thread_in_native, id=12119, stack(0x00007f6733dfe000,0x00007f6733eff000)]
  0x00007f67640b7000 JavaThread "Signal Dispatcher" daemon [_thread_blocked, id=12118, stack(0x00007f6733eff000,0x00007f6734000000)]
  0x00007f676407f800 JavaThread "Finalizer" daemon [_thread_blocked, id=12117, stack(0x00007f6750756000,0x00007f6750857000)]
  0x00007f676407d000 JavaThread "Reference Handler" daemon [_thread_blocked, id=12116, stack(0x00007f6750857000,0x00007f6750958000)]
=>0x00007f676400a000 JavaThread "main" [_thread_in_Java, id=12107, stack(0x00007f676b00f000,0x00007f676b110000)]

Other Threads:
  0x00007f6764078000 VMThread [stack: 0x00007f6750958000,0x00007f6750a59000] [id=12115]
  0x00007f67640c5800 WatcherThread [stack: 0x00007f67339fa000,0x00007f6733afb000] [id=12123]

VM state:not at safepoint (normal execution)

VM Mutex/Monitor currently owned by a thread: None

Heap:
 PSYoungGen      total 136192K, used 10693K [0x00000000eab00000, 0x00000000f3500000, 0x0000000100000000)
  eden space 131072K, 4% used [0x00000000eab00000,0x00000000eb074670,0x00000000f2b00000)
  from space 5120K, 99% used [0x00000000f3000000,0x00000000f34fd078,0x00000000f3500000)
  to   space 5120K, 0% used [0x00000000f2b00000,0x00000000f2b00000,0x00000000f3000000)
 ParOldGen       total 86016K, used 17945K [0x00000000c0000000, 0x00000000c5400000, 0x00000000eab00000)
  object space 86016K, 20% used [0x00000000c0000000,0x00000000c1186798,0x00000000c5400000)
 Metaspace       used 6135K, capacity 7344K, committed 7552K, reserved 1056768K
  class space    used 576K, capacity 616K, committed 640K, reserved 1048576K

Card table byte_map: [0x00007f6754a3f000,0x00007f6754c40000] byte_map_base: 0x00007f675443f000

Marking Bits: (ParMarkBitMap*) 0x00007f676a4e8020
 Begin Bits: [0x00007f675263b000, 0x00007f675363b000)
 End Bits:   [0x00007f675363b000, 0x00007f675463b000)

Polling page: 0x00007f676b135000

CodeCache: size=245760Kb used=7131Kb max_used=7131Kb free=238628Kb
 bounds [0x00007f6755000000, 0x00007f6755700000, 0x00007f6764000000]
 total_blobs=2175 nmethods=1912 adapters=179
 compilation: enabled

Compilation events (10 events):
Event: 3.569 Thread 0x00007f67640bd800 nmethod 1946 0x00007f67556eb990 code [0x00007f67556ebb00, 0x00007f67556ebd28]
Event: 3.569 Thread 0x00007f67640bd800 1931       2       com.android.dx.dex.code.DalvCode::getInsns (9 bytes)
Event: 3.569 Thread 0x00007f67640bd800 nmethod 1931 0x00007f67556fa1d0 code [0x00007f67556fa340, 0x00007f67556fa4c8]
Event: 3.569 Thread 0x00007f67640bd800 1932       2       com.android.dx.dex.code.DalvInsnList::codeSize (24 bytes)
Event: 3.569 Thread 0x00007f67640bd800 nmethod 1932 0x00007f67556fa550 code [0x00007f67556fa6e0, 0x00007f67556fa988]
Event: 3.569 Thread 0x00007f67640bd800 1898       2       java.util.zip.InflaterInputStream::<init> (79 bytes)
Event: 3.570 Thread 0x00007f67640bd800 nmethod 1898 0x00007f67556fab90 code [0x00007f67556fad20, 0x00007f67556fb218]
Event: 3.570 Thread 0x00007f67640bd800 1971       3       com.android.dx.rop.type.Prototype::compareTo (9 bytes)
Event: 3.570 Thread 0x00007f67640bd800 nmethod 1971 0x00007f67556fb410 code [0x00007f67556fb580, 0x00007f67556fb868]
Event: 3.570 Thread 0x00007f67640bd800 1899   !   2       java.util.zip.Inflater::reset (69 bytes)

GC Heap History (8 events):
Event: 0.987 GC heap before
{Heap before GC invocations=1 (full 0):
 PSYoungGen      total 37888K, used 32768K [0x00000000eab00000, 0x00000000ed500000, 0x0000000100000000)
  eden space 32768K, 100% used [0x00000000eab00000,0x00000000ecb00000,0x00000000ecb00000)
  from space 5120K, 0% used [0x00000000ed000000,0x00000000ed000000,0x00000000ed500000)
  to   space 5120K, 0% used [0x00000000ecb00000,0x00000000ecb00000,0x00000000ed000000)
 ParOldGen       total 86016K, used 0K [0x00000000c0000000, 0x00000000c5400000, 0x00000000eab00000)
  object space 86016K, 0% used [0x00000000c0000000,0x00000000c0000000,0x00000000c5400000)
 Metaspace       used 5275K, capacity 6768K, committed 7040K, reserved 1056768K
  class space    used 532K, capacity 616K, committed 640K, reserved 1048576K
Event: 1.019 GC heap after
Heap after GC invocations=1 (full 0):
 PSYoungGen      total 37888K, used 5104K [0x00000000eab00000, 0x00000000ef500000, 0x0000000100000000)
  eden space 32768K, 0% used [0x00000000eab00000,0x00000000eab00000,0x00000000ecb00000)
  from space 5120K, 99% used [0x00000000ecb00000,0x00000000ecffc038,0x00000000ed000000)
  to   space 5120K, 0% used [0x00000000ef000000,0x00000000ef000000,0x00000000ef500000)
 ParOldGen       total 86016K, used 3187K [0x00000000c0000000, 0x00000000c5400000, 0x00000000eab00000)
  object space 86016K, 3% used [0x00000000c0000000,0x00000000c031cdb8,0x00000000c5400000)
 Metaspace       used 5275K, capacity 6768K, committed 7040K, reserved 1056768K
  class space    used 532K, capacity 616K, committed 640K, reserved 1048576K
}
Event: 1.326 GC heap before
{Heap before GC invocations=2 (full 0):
 PSYoungGen      total 37888K, used 37872K [0x00000000eab00000, 0x00000000ef500000, 0x0000000100000000)
  eden space 32768K, 100% used [0x00000000eab00000,0x00000000ecb00000,0x00000000ecb00000)
  from space 5120K, 99% used [0x00000000ecb00000,0x00000000ecffc038,0x00000000ed000000)
  to   space 5120K, 0% used [0x00000000ef000000,0x00000000ef000000,0x00000000ef500000)
 ParOldGen       total 86016K, used 3187K [0x00000000c0000000, 0x00000000c5400000, 0x00000000eab00000)
  object space 86016K, 3% used [0x00000000c0000000,0x00000000c031cdb8,0x00000000c5400000)
 Metaspace       used 5283K, capacity 6768K, committed 7040K, reserved 1056768K
  class space    used 532K, capacity 616K, committed 640K, reserved 1048576K
Event: 1.363 GC heap after
Heap after GC invocations=2 (full 0):
 PSYoungGen      total 70656K, used 5097K [0x00000000eab00000, 0x00000000ef500000, 0x0000000100000000)
  eden space 65536K, 0% used [0x00000000eab00000,0x00000000eab00000,0x00000000eeb00000)
  from space 5120K, 99% used [0x00000000ef000000,0x00000000ef4fa688,0x00000000ef500000)
  to   space 5120K, 0% used [0x00000000eeb00000,0x00000000eeb00000,0x00000000ef000000)
 ParOldGen       total 86016K, used 5896K [0x00000000c0000000, 0x00000000c5400000, 0x00000000eab00000)
  object space 86016K, 6% used [0x00000000c0000000,0x00000000c05c2190,0x00000000c5400000)
 Metaspace       used 5283K, capacity 6768K, committed 7040K, reserved 1056768K
  class space    used 532K, capacity 616K, committed 640K, reserved 1048576K
}
Event: 1.955 GC heap before
{Heap before GC invocations=3 (full 0):
 PSYoungGen      total 70656K, used 70633K [0x00000000eab00000, 0x00000000ef500000, 0x0000000100000000)
  eden space 65536K, 100% used [0x00000000eab00000,0x00000000eeb00000,0x00000000eeb00000)
  from space 5120K, 99% used [0x00000000ef000000,0x00000000ef4fa688,0x00000000ef500000)
  to   space 5120K, 0% used [0x00000000eeb00000,0x00000000eeb00000,0x00000000ef000000)
 ParOldGen       total 86016K, used 5896K [0x00000000c0000000, 0x00000000c5400000, 0x00000000eab00000)
  object space 86016K, 6% used [0x00000000c0000000,0x00000000c05c2190,0x00000000c5400000)
 Metaspace       used 5303K, capacity 6768K, committed 7040K, reserved 1056768K
  class space    used 532K, capacity 616K, committed 640K, reserved 1048576K
Event: 1.992 GC heap after
Heap after GC invocations=3 (full 0):
 PSYoungGen      total 70656K, used 5113K [0x00000000eab00000, 0x00000000f3500000, 0x0000000100000000)
  eden space 65536K, 0% used [0x00000000eab00000,0x00000000eab00000,0x00000000eeb00000)
  from space 5120K, 99% used [0x00000000eeb00000,0x00000000eeffe538,0x00000000ef000000)
  to   space 5120K, 0% used [0x00000000f3000000,0x00000000f3000000,0x00000000f3500000)
 ParOldGen       total 86016K, used 7274K [0x00000000c0000000, 0x00000000c5400000, 0x00000000eab00000)
  object space 86016K, 8% used [0x00000000c0000000,0x00000000c071a920,0x00000000c5400000)
 Metaspace       used 5303K, capacity 6768K, committed 7040K, reserved 1056768K
  class space    used 532K, capacity 616K, committed 640K, reserved 1048576K
}
Event: 3.104 GC heap before
{Heap before GC invocations=4 (full 0):
 PSYoungGen      total 70656K, used 70649K [0x00000000eab00000, 0x00000000f3500000, 0x0000000100000000)
  eden space 65536K, 100% used [0x00000000eab00000,0x00000000eeb00000,0x00000000eeb00000)
  from space 5120K, 99% used [0x00000000eeb00000,0x00000000eeffe538,0x00000000ef000000)
  to   space 5120K, 0% used [0x00000000f3000000,0x00000000f3000000,0x00000000f3500000)
 ParOldGen       total 86016K, used 7274K [0x00000000c0000000, 0x00000000c5400000, 0x00000000eab00000)
  object space 86016K, 8% used [0x00000000c0000000,0x00000000c071a920,0x00000000c5400000)
 Metaspace       used 5839K, capacity 7088K, committed 7296K, reserved 1056768K
  class space    used 560K, capacity 616K, committed 640K, reserved 1048576K
Event: 3.209 GC heap after
Heap after GC invocations=4 (full 0):
 PSYoungGen      total 136192K, used 5108K [0x00000000eab00000, 0x00000000f3500000, 0x0000000100000000)
  eden space 131072K, 0% used [0x00000000eab00000,0x00000000eab00000,0x00000000f2b00000)
  from space 5120K, 99% used [0x00000000f3000000,0x00000000f34fd078,0x00000000f3500000)
  to   space 5120K, 0% used [0x00000000f2b00000,0x00000000f2b00000,0x00000000f3000000)
 ParOldGen       total 86016K, used 17945K [0x00000000c0000000, 0x00000000c5400000, 0x00000000eab00000)
  object space 86016K, 20% used [0x00000000c0000000,0x00000000c1186798,0x00000000c5400000)
 Metaspace       used 5839K, capacity 7088K, committed 7296K, reserved 1056768K
  class space    used 560K, capacity 616K, committed 640K, reserved 1048576K
}

Deoptimization events (10 events):
Event: 3.294 Thread 0x00007f676400a000 Uncommon trap: reason=speculate_class_check action=maybe_recompile pc=0x00007f675548da48 method=com.android.dx.util.FixedSizeList.equals(Ljava/lang/Object;)Z @ 25
Event: 3.294 Thread 0x00007f676400a000 Uncommon trap: reason=class_check action=maybe_recompile pc=0x00007f6755341408 method=java.util.Arrays.equals([Ljava/lang/Object;[Ljava/lang/Object;)Z @ 62
Event: 3.294 Thread 0x00007f676400a000 Uncommon trap: reason=speculate_class_check action=maybe_recompile pc=0x00007f675548da48 method=com.android.dx.util.FixedSizeList.equals(Ljava/lang/Object;)Z @ 25
Event: 3.294 Thread 0x00007f676400a000 Uncommon trap: reason=class_check action=maybe_recompile pc=0x00007f6755341408 method=java.util.Arrays.equals([Ljava/lang/Object;[Ljava/lang/Object;)Z @ 62
Event: 3.294 Thread 0x00007f676400a000 Uncommon trap: reason=speculate_class_check action=maybe_recompile pc=0x00007f675548da48 method=com.android.dx.util.FixedSizeList.equals(Ljava/lang/Object;)Z @ 25
Event: 3.294 Thread 0x00007f676400a000 Uncommon trap: reason=class_check action=maybe_recompile pc=0x00007f6755341408 method=java.util.Arrays.equals([Ljava/lang/Object;[Ljava/lang/Object;)Z @ 62
Event: 3.294 Thread 0x00007f676400a000 Uncommon trap: reason=speculate_class_check action=maybe_recompile pc=0x00007f675548da48 method=com.android.dx.util.FixedSizeList.equals(Ljava/lang/Object;)Z @ 25
Event: 3.294 Thread 0x00007f676400a000 Uncommon trap: reason=class_check action=maybe_recompile pc=0x00007f6755341408 method=java.util.Arrays.equals([Ljava/lang/Object;[Ljava/lang/Object;)Z @ 62
Event: 3.312 Thread 0x00007f676400a000 Uncommon trap: reason=unstable_if action=reinterpret pc=0x00007f67556690c4 method=java.util.TreeMap.put(Ljava/lang/Object;Ljava/lang/Object;)Ljava/lang/Object; @ 163
Event: 3.363 Thread 0x00007f676400a000 Uncommon trap: reason=unstable_if action=reinterpret pc=0x00007f67553fd900 method=com.android.dx.rop.code.RegisterSpecSet.equals(Ljava/lang/Object;)Z @ 30

Internal exceptions (3 events):
Event: 0.037 Thread 0x00007f676400a000 Exception <a 'java/lang/NoSuchMethodError': Method sun.misc.Unsafe.defineClass(Ljava/lang/String;[BII)Ljava/lang/Class; name or signature does not match> (0x00000000eab12b90) thrown at [/HUDSON/workspace/8-2-build-linux-amd64/jdk8u66/4988/hotspot/src/shar
Event: 0.037 Thread 0x00007f676400a000 Exception <a 'java/lang/NoSuchMethodError': Method sun.misc.Unsafe.prefetchRead(Ljava/lang/Object;J)V name or signature does not match> (0x00000000eab12e78) thrown at [/HUDSON/workspace/8-2-build-linux-amd64/jdk8u66/4988/hotspot/src/share/vm/prims/jni.cpp
Event: 0.891 Thread 0x00007f676400a000 Implicit null exception at 0x00007f67553b4d73 to 0x00007f67553b61d1

Events (10 events):
Event: 3.490 loading class com/android/dx/dex/file/DebugInfoEncoder$1
Event: 3.490 loading class com/android/dx/dex/file/DebugInfoEncoder$1 done
Event: 3.491 loading class com/android/dx/dex/file/DebugInfoEncoder$2
Event: 3.491 loading class com/android/dx/dex/file/DebugInfoEncoder$2 done
Event: 3.517 loading class com/android/dex/EncodedValueCodec
Event: 3.517 loading class com/android/dex/EncodedValueCodec done
Event: 3.540 loading class com/android/dx/dex/file/MapItem
Event: 3.540 loading class com/android/dx/dex/file/MapItem done
Event: 3.546 loading class com/android/dex/DexFormat
Event: 3.546 loading class com/android/dex/DexFormat done


Dynamic libraries:
00400000-00401000 r-xp 00000000 08:12 4072075                            /usr/lib/jvm/java-8-oracle/bin/java
00600000-00601000 rw-p 00000000 08:12 4072075                            /usr/lib/jvm/java-8-oracle/bin/java
00e49000-00e6a000 rw-p 00000000 00:00 0                                  [heap]
c0000000-c5400000 rw-p 00000000 00:00 0 
c5400000-eab00000 ---p 00000000 00:00 0 
eab00000-f3500000 rw-p 00000000 00:00 0 
f3500000-100000000 ---p 00000000 00:00 0 
100000000-1000a0000 rw-p 00000000 00:00 0 
1000a0000-140000000 ---p 00000000 00:00 0 
7f6714000000-7f6714021000 rw-p 00000000 00:00 0 
7f6714021000-7f6718000000 ---p 00000000 00:00 0 
7f671c000000-7f671c89e000 rw-p 00000000 00:00 0 
7f671c89e000-7f6720000000 ---p 00000000 00:00 0 
7f6720000000-7f6720021000 rw-p 00000000 00:00 0 
7f6720021000-7f6724000000 ---p 00000000 00:00 0 
7f6724000000-7f6724bd3000 rw-p 00000000 00:00 0 
7f6724bd3000-7f6728000000 ---p 00000000 00:00 0 
7f6728000000-7f672890b000 rw-p 00000000 00:00 0 
7f672890b000-7f672c000000 ---p 00000000 00:00 0 
7f672c000000-7f672c021000 rw-p 00000000 00:00 0 
7f672c021000-7f6730000000 ---p 00000000 00:00 0 
7f67339fa000-7f67339fb000 ---p 00000000 00:00 0 
7f67339fb000-7f6733afb000 rw-p 00000000 00:00 0                          [stack:12123]
7f6733afb000-7f6733afe000 ---p 00000000 00:00 0 
7f6733afe000-7f6733bfc000 rw-p 00000000 00:00 0                          [stack:12122]
7f6733bfc000-7f6733bff000 ---p 00000000 00:00 0 
7f6733bff000-7f6733cfd000 rw-p 00000000 00:00 0                          [stack:12121]
7f6733cfd000-7f6733d00000 ---p 00000000 00:00 0 
7f6733d00000-7f6733dfe000 rw-p 00000000 00:00 0                          [stack:12120]
7f6733dfe000-7f6733e01000 ---p 00000000 00:00 0 
7f6733e01000-7f6733eff000 rw-p 00000000 00:00 0                          [stack:12119]
7f6733eff000-7f6733f02000 ---p 00000000 00:00 0 
7f6733f02000-7f6734000000 rw-p 00000000 00:00 0                          [stack:12118]
7f6734000000-7f6734021000 rw-p 00000000 00:00 0 
7f6734021000-7f6738000000 ---p 00000000 00:00 0 
7f6738000000-7f6738021000 rw-p 00000000 00:00 0 
7f6738021000-7f673c000000 ---p 00000000 00:00 0 
7f673c000000-7f673c021000 rw-p 00000000 00:00 0 
7f673c021000-7f6740000000 ---p 00000000 00:00 0 
7f6740000000-7f6740021000 rw-p 00000000 00:00 0 
7f6740021000-7f6744000000 ---p 00000000 00:00 0 
7f6744000000-7f6744021000 rw-p 00000000 00:00 0 
7f6744021000-7f6748000000 ---p 00000000 00:00 0 
7f6748000000-7f6748021000 rw-p 00000000 00:00 0 
7f6748021000-7f674c000000 ---p 00000000 00:00 0 
7f674c000000-7f674c021000 rw-p 00000000 00:00 0 
7f674c021000-7f6750000000 ---p 00000000 00:00 0 
7f6750025000-7f6750034000 r--s 000dd000 08:12 1706690                    /opt/android-sdk-linux/build-tools/22.0.1/lib/dx.jar
7f6750034000-7f6750756000 r--p 00000000 08:12 3546878                    /usr/lib/locale/locale-archive
7f6750756000-7f6750759000 ---p 00000000 00:00 0 
7f6750759000-7f6750857000 rw-p 00000000 00:00 0                          [stack:12117]
7f6750857000-7f675085a000 ---p 00000000 00:00 0 
7f675085a000-7f6750958000 rw-p 00000000 00:00 0                          [stack:12116]
7f6750958000-7f6750959000 ---p 00000000 00:00 0 
7f6750959000-7f67519ec000 rw-p 00000000 00:00 0                          [stack:12115]
7f67519ec000-7f6751bc5000 r--s 03d20000 08:12 4198918                    /usr/lib/jvm/java-8-oracle/jre/lib/rt.jar
7f6751bc5000-7f67522fb000 rw-p 00000000 00:00 0 
7f67522fb000-7f675243b000 ---p 00000000 00:00 0 
7f675243b000-7f675463b000 rw-p 00000000 00:00 0 
7f675463b000-7f675463c000 ---p 00000000 00:00 0 
7f675463c000-7f675473c000 rw-p 00000000 00:00 0                          [stack:12114]
7f675473c000-7f675473d000 ---p 00000000 00:00 0 
7f675473d000-7f675483d000 rw-p 00000000 00:00 0                          [stack:12113]
7f675483d000-7f675483e000 ---p 00000000 00:00 0 
7f675483e000-7f675493e000 rw-p 00000000 00:00 0                          [stack:12112]
7f675493e000-7f675493f000 ---p 00000000 00:00 0 
7f675493f000-7f6754a69000 rw-p 00000000 00:00 0                          [stack:12111]
7f6754a69000-7f6754b94000 ---p 00000000 00:00 0 
7f6754b94000-7f6754bda000 rw-p 00000000 00:00 0 
7f6754bda000-7f6754c3f000 ---p 00000000 00:00 0 
7f6754c3f000-7f6754c5c000 rw-p 00000000 00:00 0 
7f6754c5c000-7f6755000000 ---p 00000000 00:00 0 
7f6755000000-7f6755700000 rwxp 00000000 00:00 0 
7f6755700000-7f6764000000 ---p 00000000 00:00 0 
7f6764000000-7f67643a7000 rw-p 00000000 00:00 0 
7f67643a7000-7f6768000000 ---p 00000000 00:00 0 
7f676800e000-7f6768020000 r--s 001fc000 08:12 4196211                    /usr/lib/jvm/java-8-oracle/jre/lib/ext/ojdbc6.jar
7f6768020000-7f676806b000 rw-p 00000000 00:00 0 
7f676806b000-7f6768197000 ---p 00000000 00:00 0 
7f6768197000-7f67681b1000 r-xp 00000000 08:12 4203595                    /usr/lib/jvm/java-8-oracle/jre/lib/amd64/libzip.so
7f67681b1000-7f67683b1000 ---p 0001a000 08:12 4203595                    /usr/lib/jvm/java-8-oracle/jre/lib/amd64/libzip.so
7f67683b1000-7f67683b2000 rw-p 0001a000 08:12 4203595                    /usr/lib/jvm/java-8-oracle/jre/lib/amd64/libzip.so
7f67683b2000-7f67683be000 r-xp 00000000 08:12 265436                     /lib/x86_64-linux-gnu/libnss_files-2.21.so
7f67683be000-7f67685bd000 ---p 0000c000 08:12 265436                     /lib/x86_64-linux-gnu/libnss_files-2.21.so
7f67685bd000-7f67685be000 r--p 0000b000 08:12 265436                     /lib/x86_64-linux-gnu/libnss_files-2.21.so
7f67685be000-7f67685bf000 rw-p 0000c000 08:12 265436                     /lib/x86_64-linux-gnu/libnss_files-2.21.so
7f67685bf000-7f67685ca000 r-xp 00000000 08:12 265447                     /lib/x86_64-linux-gnu/libnss_nis-2.21.so
7f67685ca000-7f67687c9000 ---p 0000b000 08:12 265447                     /lib/x86_64-linux-gnu/libnss_nis-2.21.so
7f67687c9000-7f67687ca000 r--p 0000a000 08:12 265447                     /lib/x86_64-linux-gnu/libnss_nis-2.21.so
7f67687ca000-7f67687cb000 rw-p 0000b000 08:12 265447                     /lib/x86_64-linux-gnu/libnss_nis-2.21.so
7f67687cb000-7f67687e2000 r-xp 00000000 08:12 265441                     /lib/x86_64-linux-gnu/libnsl-2.21.so
7f67687e2000-7f67689e1000 ---p 00017000 08:12 265441                     /lib/x86_64-linux-gnu/libnsl-2.21.so
7f67689e1000-7f67689e2000 r--p 00016000 08:12 265441                     /lib/x86_64-linux-gnu/libnsl-2.21.so
7f67689e2000-7f67689e3000 rw-p 00017000 08:12 265441                     /lib/x86_64-linux-gnu/libnsl-2.21.so
7f67689e3000-7f67689e5000 rw-p 00000000 00:00 0 
7f67689e5000-7f67689ed000 r-xp 00000000 08:12 265437                     /lib/x86_64-linux-gnu/libnss_compat-2.21.so
7f67689ed000-7f6768bec000 ---p 00008000 08:12 265437                     /lib/x86_64-linux-gnu/libnss_compat-2.21.so
7f6768bec000-7f6768bed000 r--p 00007000 08:12 265437                     /lib/x86_64-linux-gnu/libnss_compat-2.21.so
7f6768bed000-7f6768bee000 rw-p 00008000 08:12 265437                     /lib/x86_64-linux-gnu/libnss_compat-2.21.so
7f6768bee000-7f6768c18000 r-xp 00000000 08:12 4203590                    /usr/lib/jvm/java-8-oracle/jre/lib/amd64/libjava.so
7f6768c18000-7f6768e18000 ---p 0002a000 08:12 4203590                    /usr/lib/jvm/java-8-oracle/jre/lib/amd64/libjava.so
7f6768e18000-7f6768e1a000 rw-p 0002a000 08:12 4203590                    /usr/lib/jvm/java-8-oracle/jre/lib/amd64/libjava.so
7f6768e1a000-7f6768e27000 r-xp 00000000 08:12 4203594                    /usr/lib/jvm/java-8-oracle/jre/lib/amd64/libverify.so
7f6768e27000-7f6769027000 ---p 0000d000 08:12 4203594                    /usr/lib/jvm/java-8-oracle/jre/lib/amd64/libverify.so
7f6769027000-7f6769029000 rw-p 0000d000 08:12 4203594                    /usr/lib/jvm/java-8-oracle/jre/lib/amd64/libverify.so
7f6769029000-7f6769030000 r-xp 00000000 08:12 265431                     /lib/x86_64-linux-gnu/librt-2.21.so
7f6769030000-7f676922f000 ---p 00007000 08:12 265431                     /lib/x86_64-linux-gnu/librt-2.21.so
7f676922f000-7f6769230000 r--p 00006000 08:12 265431                     /lib/x86_64-linux-gnu/librt-2.21.so
7f6769230000-7f6769231000 rw-p 00007000 08:12 265431                     /lib/x86_64-linux-gnu/librt-2.21.so
7f6769231000-7f6769338000 r-xp 00000000 08:12 265449                     /lib/x86_64-linux-gnu/libm-2.21.so
7f6769338000-7f6769537000 ---p 00107000 08:12 265449                     /lib/x86_64-linux-gnu/libm-2.21.so
7f6769537000-7f6769538000 r--p 00106000 08:12 265449                     /lib/x86_64-linux-gnu/libm-2.21.so
7f6769538000-7f6769539000 rw-p 00107000 08:12 265449                     /lib/x86_64-linux-gnu/libm-2.21.so
7f6769539000-7f676a1f7000 r-xp 00000000 08:12 4201549                    /usr/lib/jvm/java-8-oracle/jre/lib/amd64/server/libjvm.so
7f676a1f7000-7f676a3f6000 ---p 00cbe000 08:12 4201549                    /usr/lib/jvm/java-8-oracle/jre/lib/amd64/server/libjvm.so
7f676a3f6000-7f676a4cf000 rw-p 00cbd000 08:12 4201549                    /usr/lib/jvm/java-8-oracle/jre/lib/amd64/server/libjvm.so
7f676a4cf000-7f676a513000 rw-p 00000000 00:00 0 
7f676a513000-7f676a6d3000 r-xp 00000000 08:12 265450                     /lib/x86_64-linux-gnu/libc-2.21.so
7f676a6d3000-7f676a8d3000 ---p 001c0000 08:12 265450                     /lib/x86_64-linux-gnu/libc-2.21.so
7f676a8d3000-7f676a8d7000 r--p 001c0000 08:12 265450                     /lib/x86_64-linux-gnu/libc-2.21.so
7f676a8d7000-7f676a8d9000 rw-p 001c4000 08:12 265450                     /lib/x86_64-linux-gnu/libc-2.21.so
7f676a8d9000-7f676a8dd000 rw-p 00000000 00:00 0 
7f676a8dd000-7f676a8e0000 r-xp 00000000 08:12 265446                     /lib/x86_64-linux-gnu/libdl-2.21.so
7f676a8e0000-7f676aadf000 ---p 00003000 08:12 265446                     /lib/x86_64-linux-gnu/libdl-2.21.so
7f676aadf000-7f676aae0000 r--p 00002000 08:12 265446                     /lib/x86_64-linux-gnu/libdl-2.21.so
7f676aae0000-7f676aae1000 rw-p 00003000 08:12 265446                     /lib/x86_64-linux-gnu/libdl-2.21.so
7f676aae1000-7f676aaf6000 r-xp 00000000 08:12 4198721                    /usr/lib/jvm/java-8-oracle/lib/amd64/jli/libjli.so
7f676aaf6000-7f676acf6000 ---p 00015000 08:12 4198721                    /usr/lib/jvm/java-8-oracle/lib/amd64/jli/libjli.so
7f676acf6000-7f676acf7000 rw-p 00015000 08:12 4198721                    /usr/lib/jvm/java-8-oracle/lib/amd64/jli/libjli.so
7f676acf7000-7f676ad0f000 r-xp 00000000 08:12 265432                     /lib/x86_64-linux-gnu/libpthread-2.21.so
7f676ad0f000-7f676af0f000 ---p 00018000 08:12 265432                     /lib/x86_64-linux-gnu/libpthread-2.21.so
7f676af0f000-7f676af10000 r--p 00018000 08:12 265432                     /lib/x86_64-linux-gnu/libpthread-2.21.so
7f676af10000-7f676af11000 rw-p 00019000 08:12 265432                     /lib/x86_64-linux-gnu/libpthread-2.21.so
7f676af11000-7f676af15000 rw-p 00000000 00:00 0 
7f676af15000-7f676af39000 r-xp 00000000 08:12 265444                     /lib/x86_64-linux-gnu/ld-2.21.so
7f676af3d000-7f676b00f000 rw-p 00000000 00:00 0 
7f676b00f000-7f676b012000 ---p 00000000 00:00 0 
7f676b012000-7f676b114000 rw-p 00000000 00:00 0                          [stack:12107]
7f676b118000-7f676b12c000 rw-p 00000000 00:00 0 
7f676b12c000-7f676b134000 rw-s 00000000 08:12 4326301                    /tmp/hsperfdata_duke/12105
7f676b134000-7f676b135000 rw-p 00000000 00:00 0 
7f676b135000-7f676b136000 r--p 00000000 00:00 0 
7f676b136000-7f676b138000 rw-p 00000000 00:00 0 
7f676b138000-7f676b139000 r--p 00023000 08:12 265444                     /lib/x86_64-linux-gnu/ld-2.21.so
7f676b139000-7f676b13a000 rw-p 00024000 08:12 265444                     /lib/x86_64-linux-gnu/ld-2.21.so
7f676b13a000-7f676b13b000 rw-p 00000000 00:00 0 
7ffff2974000-7ffff2995000 rw-p 00000000 00:00 0                          [stack]
7ffff29f0000-7ffff29f2000 r--p 00000000 00:00 0                          [vvar]
7ffff29f2000-7ffff29f4000 r-xp 00000000 00:00 0                          [vdso]
ffffffffff600000-ffffffffff601000 r-xp 00000000 00:00 0                  [vsyscall]

VM Arguments:
jvm_args: -Xmx1024M -Dfile.encoding=UTF-8 -Duser.country=US -Duser.language=en -Duser.variant 
java_command: com.android.dx.command.Main --dex --output /home/duke/AndroidStudioProjects/MasterSahab/app/build/intermediates/dex/debug /home/duke/AndroidStudioProjects/MasterSahab/app/build/intermediates/classes/debug /home/duke/AndroidStudioProjects/MasterSahab/app/build/intermediates/pre-dexed/debug/support-annotations-23.1.0-149131c491be35e3d124446278d503abb54ec58a.jar /home/duke/AndroidStudioProjects/MasterSahab/app/build/intermediates/pre-dexed/debug/internal_impl-23.1.0-68dd1a7f8574ec1010780d01224e7f7f961b609d.jar /home/duke/AndroidStudioProjects/MasterSahab/app/build/intermediates/pre-dexed/debug/classes-a7978fbca45cb556bc78ba92279a75d463b5966e.jar /home/duke/AndroidStudioProjects/MasterSahab/app/build/intermediates/pre-dexed/debug/classes-15119f3aee5b6d8304b65a7150ff66c3b1b298bc.jar
java_class_path (initial): /opt/android-sdk-linux/build-tools/22.0.1/lib/dx.jar
Launcher Type: SUN_STANDARD

Environment Variables:
JAVA_HOME=/usr/lib/jvm/java-8-oracle
PATH=/usr/local/sbin:/usr/local/bin:/usr/sbin:/usr/bin:/sbin:/bin:/usr/games:/usr/local/games:/usr/lib/jvm/java-8-oracle/bin:/usr/lib/jvm/java-8-oracle/db/bin:/usr/lib/jvm/java-8-oracle/jre/bin
LD_LIBRARY_PATH=/home/duke/Apps/android-studio/bin:
SHELL=/bin/bash
DISPLAY=:0

Signal Handlers:
SIGSEGV: [libjvm.so+0xaba2a0], sa_mask[0]=11111111011111111101111111111110, sa_flags=SA_RESTART|SA_SIGINFO
SIGBUS: [libjvm.so+0xaba2a0], sa_mask[0]=11111111011111111101111111111110, sa_flags=SA_RESTART|SA_SIGINFO
SIGFPE: [libjvm.so+0x917710], sa_mask[0]=11111111011111111101111111111110, sa_flags=SA_RESTART|SA_SIGINFO
SIGPIPE: [libjvm.so+0x917710], sa_mask[0]=11111111011111111101111111111110, sa_flags=SA_RESTART|SA_SIGINFO
SIGXFSZ: [libjvm.so+0x917710], sa_mask[0]=11111111011111111101111111111110, sa_flags=SA_RESTART|SA_SIGINFO
SIGILL: [libjvm.so+0x917710], sa_mask[0]=11111111011111111101111111111110, sa_flags=SA_RESTART|SA_SIGINFO
SIGUSR1: SIG_DFL, sa_mask[0]=00000000000000000000000000000000, sa_flags=none
SIGUSR2: [libjvm.so+0x918d40], sa_mask[0]=00100000000000000000000000000000, sa_flags=SA_RESTART|SA_SIGINFO
SIGHUP: [libjvm.so+0x91a140], sa_mask[0]=11111111011111111101111111111110, sa_flags=SA_RESTART|SA_SIGINFO
SIGINT: [libjvm.so+0x91a140], sa_mask[0]=11111111011111111101111111111110, sa_flags=SA_RESTART|SA_SIGINFO
SIGTERM: [libjvm.so+0x91a140], sa_mask[0]=11111111011111111101111111111110, sa_flags=SA_RESTART|SA_SIGINFO
SIGQUIT: [libjvm.so+0x91a140], sa_mask[0]=11111111011111111101111111111110, sa_flags=SA_RESTART|SA_SIGINFO


---------------  S Y S T E M  ---------------

OS:DISTRIB_ID=Ubuntu
DISTRIB_RELEASE=15.10
DISTRIB_CODENAME=wily
DISTRIB_DESCRIPTION="Ubuntu 15.10"

uname:Linux 4.2.0-30-generic #36-Ubuntu SMP Fri Feb 26 00:58:07 UTC 2016 x86_64
libc:glibc 2.21 NPTL 2.21 
rlimit: STACK 8192k, CORE 0k, NPROC 31796, NOFILE 65536, AS infinity
load average:3.43 2.83 1.74

/proc/meminfo:
MemTotal:        8174560 kB
MemFree:          201420 kB
MemAvailable:    3766912 kB
Buffers:          368768 kB
Cached:          3042156 kB
SwapCached:            0 kB
Active:          5785960 kB
Inactive:        1647420 kB
Active(anon):    4023816 kB
Inactive(anon):    48976 kB
Active(file):    1762144 kB
Inactive(file):  1598444 kB
Unevictable:          32 kB
Mlocked:              32 kB
SwapTotal:       1998844 kB
SwapFree:        1998844 kB
Dirty:             18220 kB
Writeback:             0 kB
AnonPages:       4022528 kB
Mapped:           603124 kB
Shmem:             50348 kB
Slab:             299348 kB
SReclaimable:     247480 kB
SUnreclaim:        51868 kB
KernelStack:        9280 kB
PageTables:        34792 kB
NFS_Unstable:          0 kB
Bounce:                0 kB
WritebackTmp:          0 kB
CommitLimit:     6086124 kB
Committed_AS:    7622016 kB
VmallocTotal:   34359738367 kB
VmallocUsed:       90524 kB
VmallocChunk:   34359586812 kB
HardwareCorrupted:     0 kB
AnonHugePages:   2275328 kB
CmaTotal:              0 kB
CmaFree:               0 kB
HugePages_Total:       0
HugePages_Free:        0
HugePages_Rsvd:        0
HugePages_Surp:        0
Hugepagesize:       2048 kB
DirectMap4k:      369600 kB
DirectMap2M:     8017920 kB


CPU:total 4 (4 cores per cpu, 1 threads per core) family 6 model 15 stepping 11, cmov, cx8, fxsr, mmx, sse, sse2, sse3, ssse3, tsc

/proc/cpuinfo:
processor	: 0
vendor_id	: GenuineIntel
cpu family	: 6
model		: 15
model name	: Intel(R) Core(TM)2 Quad CPU    Q6600  @ 2.40GHz
stepping	: 11
microcode	: 0xba
cpu MHz		: 1600.000
cache size	: 4096 KB
physical id	: 0
siblings	: 4
core id		: 0
cpu cores	: 4
apicid		: 0
initial apicid	: 0
fpu		: yes
fpu_exception	: yes
cpuid level	: 10
wp		: yes
flags		: fpu vme de pse tsc msr pae mce cx8 apic sep mtrr pge mca cmov pat pse36 clflush dts acpi mmx fxsr sse sse2 ss ht tm pbe syscall nx lm constant_tsc arch_perfmon pebs bts rep_good nopl aperfmperf pni dtes64 monitor ds_cpl vmx est tm2 ssse3 cx16 xtpr pdcm lahf_lm dtherm tpr_shadow vnmi flexpriority
bugs		:
bogomips	: 4799.99
clflush size	: 64
cache_alignment	: 64
address sizes	: 36 bits physical, 48 bits virtual
power management:

processor	: 1
vendor_id	: GenuineIntel
cpu family	: 6
model		: 15
model name	: Intel(R) Core(TM)2 Quad CPU    Q6600  @ 2.40GHz
stepping	: 11
microcode	: 0xba
cpu MHz		: 1600.000
cache size	: 4096 KB
physical id	: 0
siblings	: 4
core id		: 3
cpu cores	: 4
apicid		: 3
initial apicid	: 3
fpu		: yes
fpu_exception	: yes
cpuid level	: 10
wp		: yes
flags		: fpu vme de pse tsc msr pae mce cx8 apic sep mtrr pge mca cmov pat pse36 clflush dts acpi mmx fxsr sse sse2 ss ht tm pbe syscall nx lm constant_tsc arch_perfmon pebs bts rep_good nopl aperfmperf pni dtes64 monitor ds_cpl vmx est tm2 ssse3 cx16 xtpr pdcm lahf_lm dtherm tpr_shadow vnmi flexpriority
bugs		:
bogomips	: 4799.99
clflush size	: 64
cache_alignment	: 64
address sizes	: 36 bits physical, 48 bits virtual
power management:

processor	: 2
vendor_id	: GenuineIntel
cpu family	: 6
model		: 15
model name	: Intel(R) Core(TM)2 Quad CPU    Q6600  @ 2.40GHz
stepping	: 11
microcode	: 0xba
cpu MHz		: 1600.000
cache size	: 4096 KB
physical id	: 0
siblings	: 4
core id		: 1
cpu cores	: 4
apicid		: 1
initial apicid	: 1
fpu		: yes
fpu_exception	: yes
cpuid level	: 10
wp		: yes
flags		: fpu vme de pse tsc msr pae mce cx8 apic sep mtrr pge mca cmov pat pse36 clflush dts acpi mmx fxsr sse sse2 ss ht tm pbe syscall nx lm constant_tsc arch_perfmon pebs bts rep_good nopl aperfmperf pni dtes64 monitor ds_cpl vmx est tm2 ssse3 cx16 xtpr pdcm lahf_lm dtherm tpr_shadow vnmi flexpriority
bugs		:
bogomips	: 4799.99
clflush size	: 64
cache_alignment	: 64
address sizes	: 36 bits physical, 48 bits virtual
power management:

processor	: 3
vendor_id	: GenuineIntel
cpu family	: 6
model		: 15
model name	: Intel(R) Core(TM)2 Quad CPU    Q6600  @ 2.40GHz
stepping	: 11
microcode	: 0xba
cpu MHz		: 1600.000
cache size	: 4096 KB
physical id	: 0
siblings	: 4
core id		: 2
cpu cores	: 4
apicid		: 2
initial apicid	: 2
fpu		: yes
fpu_exception	: yes
cpuid level	: 10
wp		: yes
flags		: fpu vme de pse tsc msr pae mce cx8 apic sep mtrr pge mca cmov pat pse36 clflush dts acpi mmx fxsr sse sse2 ss ht tm pbe syscall nx lm constant_tsc arch_perfmon pebs bts rep_good nopl aperfmperf pni dtes64 monitor ds_cpl vmx est tm2 ssse3 cx16 xtpr pdcm lahf_lm dtherm tpr_shadow vnmi flexpriority
bugs		:
bogomips	: 4799.99
clflush size	: 64
cache_alignment	: 64
address sizes	: 36 bits physical, 48 bits virtual
power management:



Memory: 4k page, physical 8174560k(201420k free), swap 1998844k(1998844k free)

vm_info: Java HotSpot(TM) 64-Bit Server VM (25.66-b17) for linux-amd64 JRE (1.8.0_66-b17), built on Oct  6 2015 17:28:34 by "java_re" with gcc 4.3.0 20080428 (Red Hat 4.3.0-8)

time: Wed Mar  9 08:27:02 2016
elapsed time: 3 seconds (0d 0h 0m 3s)

