#
# A fatal error has been detected by the Java Runtime Environment:
#
#  SIGSEGV (0xb) at pc=0x00007f128a005060, pid=17875, tid=139719029065472
#
# JRE version: Java(TM) SE Runtime Environment (8.0_66-b17) (build 1.8.0_66-b17)
# Java VM: Java HotSpot(TM) 64-Bit Server VM (25.66-b17 mixed mode linux-amd64 compressed oops)
# Problematic frame:
# C  0x00007f128a005060
#
# Failed to write core dump. Core dumps have been disabled. To enable core dumping, try "ulimit -c unlimited" before starting Java again
#
# If you would like to submit a bug report, please visit:
#   http://bugreport.java.com/bugreport/crash.jsp
#

---------------  T H R E A D  ---------------

Current thread (0x00007f12d800a000):  JavaThread "main" [_thread_in_Java, id=17877, stack(0x00007f12df088000,0x00007f12df189000)]

siginfo: si_signo: 11 (SIGSEGV), si_code: 2 (SEGV_ACCERR), si_addr: 0x00007f128a005060

Registers:
RAX=0x00007f12c6357178, RBX=0x00000000eba1f700, RCX=0x00000000eba1f700, RDX=0x0000000000000005
RSP=0x00007f12df187398, RBP=0x00007f12df187450, RSI=0x00000000eba1f700, RDI=0x00000000eba1f700
R8 =0x00000000eba1f700, R9 =0x0000000000000084, R10=0x00007f12de5632c0, R11=0x00007f12c96a6260
R12=0x0000000000000000, R13=0x00007f12df187400, R14=0x00007f12df187478, R15=0x00007f12d800a000
RIP=0x00007f128a005060, EFLAGS=0x0000000000010206, CSGSFS=0x0000000000000033, ERR=0x0000000000000014
  TRAPNO=0x000000000000000e

Top of Stack: (sp=0x00007f12df187398)
0x00007f12df187398:   00007f12c96a6314 00007f12d800a000
0x00007f12df1873a8:   0000000000000001 000000000000b650
0x00007f12df1873b8:   00007f12df1873b8 00000000eba1f700
0x00007f12df1873c8:   00007f120000005c 00007f12c6349d38
0x00007f12df1873d8:   0000000000000000 00007f12df187450
0x00007f12df1873e8:   00007f12c9007415 00007f12df187408
0x00007f12df1873f8:   00007f12c9007415 000000000000005c
0x00007f12df187408:   00000000eba1f700 00007f12df187410
0x00007f12df187418:   00007f12c61625af 00007f12df187478
0x00007f12df187428:   00007f12c6165710 0000000000000000
0x00007f12df187438:   00007f12c61625f8 00007f12df187400
0x00007f12df187448:   00007f12df187460 00007f12df1874c0
0x00007f12df187458:   00007f12c900798d 000000000000005c
0x00007f12df187468:   00000000eba1dd58 00000000eba1f700
0x00007f12df187478:   00000000ef0189f8 00007f12df187480
0x00007f12df187488:   00007f12c616242d 00007f12df1874e8
0x00007f12df187498:   00007f12c6165710 0000000000000000
0x00007f12df1874a8:   00007f12c61624d8 00007f12df187460
0x00007f12df1874b8:   00007f12df1874d8 00007f12df187530
0x00007f12df1874c8:   00007f12c900798d 0000000000000000
0x00007f12df1874d8:   00000000eba1f700 00000000ef0189f8
0x00007f12df1874e8:   00000000eafd4048 00007f12df1874f0
0x00007f12df1874f8:   00007f12c6162316 00007f12df187558
0x00007f12df187508:   00007f12c6165710 0000000000000000
0x00007f12df187518:   00007f12c6162368 00007f12df1874d8
0x00007f12df187528:   00007f12df187560 00007f12df187620
0x00007f12df187538:   00007f12c9659c64 00000000eba1f700
0x00007f12df187548:   00007f1200000379 00000000ef2bf130
0x00007f12df187558:   00000000eafd4048 ffffffffffffffff
0x00007f12df187568:   00007f12c90079d2 00000000ef0a6cb8
0x00007f12df187578:   00000000ef2bf378 00007f1200000379
0x00007f12df187588:   00007f12c5dd1e92 00007f12df1875d8 

Instructions: (pc=0x00007f128a005060)
0x00007f128a005040:   
[error occurred during error reporting (printing registers, top of stack, instructions near pc), id 0xb]

Register to memory mapping:

RAX=0x00007f12c6357178 is pointing into metadata
RBX=0x00000000eba1f700 is an oop
com.android.dx.util.ByteArrayAnnotatedOutput 
 - klass: 'com/android/dx/util/ByteArrayAnnotatedOutput'
RCX=0x00000000eba1f700 is an oop
com.android.dx.util.ByteArrayAnnotatedOutput 
 - klass: 'com/android/dx/util/ByteArrayAnnotatedOutput'
RDX=0x0000000000000005 is an unknown value
RSP=0x00007f12df187398 is pointing into the stack for thread: 0x00007f12d800a000
RBP=0x00007f12df187450 is pointing into the stack for thread: 0x00007f12d800a000
RSI=0x00000000eba1f700 is an oop
com.android.dx.util.ByteArrayAnnotatedOutput 
 - klass: 'com/android/dx/util/ByteArrayAnnotatedOutput'
RDI=0x00000000eba1f700 is an oop
com.android.dx.util.ByteArrayAnnotatedOutput 
 - klass: 'com/android/dx/util/ByteArrayAnnotatedOutput'
R8 =0x00000000eba1f700 is an oop
com.android.dx.util.ByteArrayAnnotatedOutput 
 - klass: 'com/android/dx/util/ByteArrayAnnotatedOutput'
R9 =0x0000000000000084 is an unknown value
R10=0x00007f12de5632c0: <offset 0xfb12c0> in /usr/lib/jvm/java-8-oracle/jre/lib/amd64/server/libjvm.so at 0x00007f12dd5b2000
R11=0x00007f12c96a6260 is at entry_point+32 in (nmethod*)0x00007f12c96a60d0
R12=0x0000000000000000 is an unknown value
R13=0x00007f12df187400 is pointing into the stack for thread: 0x00007f12d800a000
R14=0x00007f12df187478 is pointing into the stack for thread: 0x00007f12d800a000
R15=0x00007f12d800a000 is a thread


Stack: [0x00007f12df088000,0x00007f12df189000],  sp=0x00007f12df187398,  free space=1020k
Native frames: (J=compiled Java code, j=interpreted, Vv=VM code, C=native code)
C  0x00007f128a005060
j  com.android.dx.dex.file.ClassDataItem.encodeOutput(Lcom/android/dx/dex/file/DexFile;Lcom/android/dx/util/AnnotatedOutput;)V+61
j  com.android.dx.dex.file.ClassDataItem.place0(Lcom/android/dx/dex/file/Section;I)V+14
J 1703 C1 com.android.dx.dex.file.OffsettedItem.place(Lcom/android/dx/dex/file/Section;I)I (78 bytes) @ 0x00007f12c9659c64 [0x00007f12c9659a80+0x1e4]
j  com.android.dx.dex.file.MixedItemSection.placeItems()V+94
j  com.android.dx.dex.file.DexFile.toDex0(ZZ)Lcom/android/dx/util/ByteArrayAnnotatedOutput;+195
j  com.android.dx.dex.file.DexFile.toDex(Ljava/io/Writer;Z)[B+13
j  com.android.dx.command.dexer.Main.writeDex()[B+50
j  com.android.dx.command.dexer.Main.runMonoDex()I+103
j  com.android.dx.command.dexer.Main.run(Lcom/android/dx/command/dexer/Main$Arguments;)I+76
j  com.android.dx.command.dexer.Main.main([Ljava/lang/String;)V+14
j  com.android.dx.command.Main.main([Ljava/lang/String;)V+61
v  ~StubRoutines::call_stub
V  [libjvm.so+0x68bc46]  JavaCalls::call_helper(JavaValue*, methodHandle*, JavaCallArguments*, Thread*)+0x1056
V  [libjvm.so+0x6cd262]  jni_invoke_static(JNIEnv_*, JavaValue*, _jobject*, JNICallType, _jmethodID*, JNI_ArgumentPusher*, Thread*)+0x362
V  [libjvm.so+0x6e9c6a]  jni_CallStaticVoidMethod+0x17a
C  [libjli.so+0x7bcc]  JavaMain+0x80c
C  [libpthread.so.0+0x76aa]  start_thread+0xca


---------------  P R O C E S S  ---------------

Java Threads: ( => current thread )
  0x00007f12d80c0800 JavaThread "Service Thread" daemon [_thread_blocked, id=17892, stack(0x00007f12a7afb000,0x00007f12a7bfc000)]
  0x00007f12d80bb800 JavaThread "C1 CompilerThread2" daemon [_thread_blocked, id=17891, stack(0x00007f12a7bfc000,0x00007f12a7cfd000)]
  0x00007f12d80b9800 JavaThread "C2 CompilerThread1" daemon [_thread_blocked, id=17890, stack(0x00007f12a7cfd000,0x00007f12a7dfe000)]
  0x00007f12d80b6800 JavaThread "C2 CompilerThread0" daemon [_thread_blocked, id=17889, stack(0x00007f12a7dfe000,0x00007f12a7eff000)]
  0x00007f12d80b5000 JavaThread "Signal Dispatcher" daemon [_thread_blocked, id=17888, stack(0x00007f12a7eff000,0x00007f12a8000000)]
  0x00007f12d807f800 JavaThread "Finalizer" daemon [_thread_blocked, id=17887, stack(0x00007f12c47e0000,0x00007f12c48e1000)]
  0x00007f12d807d000 JavaThread "Reference Handler" daemon [_thread_blocked, id=17886, stack(0x00007f12c48e1000,0x00007f12c49e2000)]
=>0x00007f12d800a000 JavaThread "main" [_thread_in_Java, id=17877, stack(0x00007f12df088000,0x00007f12df189000)]

Other Threads:
  0x00007f12d8078000 VMThread [stack: 0x00007f12c49e2000,0x00007f12c4ae3000] [id=17885]
  0x00007f12d80c3800 WatcherThread [stack: 0x00007f12a79fa000,0x00007f12a7afb000] [id=17893]

VM state:not at safepoint (normal execution)

VM Mutex/Monitor currently owned by a thread: None

Heap:
 PSYoungGen      total 70656K, used 21066K [0x00000000eab00000, 0x00000000ef500000, 0x0000000100000000)
  eden space 65536K, 24% used [0x00000000eab00000,0x00000000eba99ac0,0x00000000eeb00000)
  from space 5120K, 99% used [0x00000000ef000000,0x00000000ef4f8ff0,0x00000000ef500000)
  to   space 5120K, 0% used [0x00000000eeb00000,0x00000000eeb00000,0x00000000ef000000)
 ParOldGen       total 86016K, used 3214K [0x00000000c0000000, 0x00000000c5400000, 0x00000000eab00000)
  object space 86016K, 3% used [0x00000000c0000000,0x00000000c0323b70,0x00000000c5400000)
 Metaspace       used 6124K, capacity 7280K, committed 7552K, reserved 1056768K
  class space    used 574K, capacity 616K, committed 640K, reserved 1048576K

Card table byte_map: [0x00007f12dc00f000,0x00007f12dc210000] byte_map_base: 0x00007f12dba0f000

Marking Bits: (ParMarkBitMap*) 0x00007f12de561020
 Begin Bits: [0x00007f12c66e6000, 0x00007f12c76e6000)
 End Bits:   [0x00007f12c76e6000, 0x00007f12c86e6000)

Polling page: 0x00007f12df1ae000

CodeCache: size=245760Kb used=6903Kb max_used=6903Kb free=238856Kb
 bounds [0x00007f12c9000000, 0x00007f12c96d0000, 0x00007f12d8000000]
 total_blobs=2065 nmethods=1802 adapters=179
 compilation: enabled

Compilation events (10 events):
Event: 2.843 Thread 0x00007f12d80bb800 1808       1       com.android.dx.dex.code.form.Form10t::codeSize (2 bytes)
Event: 2.844 Thread 0x00007f12d80bb800 nmethod 1808 0x00007f12c96b3dd0 code [0x00007f12c96b3f20, 0x00007f12c96b4030]
Event: 2.844 Thread 0x00007f12d80bb800 1777       3       java.util.ArrayDeque::addLast (53 bytes)
Event: 2.844 Thread 0x00007f12d80bb800 nmethod 1777 0x00007f12c96bdc10 code [0x00007f12c96bdda0, 0x00007f12c96be1b8]
Event: 2.845 Thread 0x00007f12d80b9800 1824       4       com.android.dx.util.ByteArrayAnnotatedOutput::writeByte (51 bytes)
Event: 2.847 Thread 0x00007f12d80bb800 1825       1       com.android.dx.dex.file.EncodedMember::getAccessFlags (5 bytes)
Event: 2.847 Thread 0x00007f12d80bb800 nmethod 1825 0x00007f12c96be350 code [0x00007f12c96be4a0, 0x00007f12c96be5b0]
Event: 2.847 Thread 0x00007f12d80b6800 1826       4       com.android.dx.util.ByteArrayAnnotatedOutput::ensureCapacity (39 bytes)
Event: 2.849 Thread 0x00007f12d80b9800 nmethod 1824 0x00007f12c96c1510 code [0x00007f12c96c1660, 0x00007f12c96c1958]
Event: 2.850 Thread 0x00007f12d80b6800 nmethod 1826 0x00007f12c96c1ad0 code [0x00007f12c96c1c20, 0x00007f12c96c1e58]

GC Heap History (4 events):
Event: 1.443 GC heap before
{Heap before GC invocations=1 (full 0):
 PSYoungGen      total 37888K, used 32768K [0x00000000eab00000, 0x00000000ed500000, 0x0000000100000000)
  eden space 32768K, 100% used [0x00000000eab00000,0x00000000ecb00000,0x00000000ecb00000)
  from space 5120K, 0% used [0x00000000ed000000,0x00000000ed000000,0x00000000ed500000)
  to   space 5120K, 0% used [0x00000000ecb00000,0x00000000ecb00000,0x00000000ed000000)
 ParOldGen       total 86016K, used 0K [0x00000000c0000000, 0x00000000c5400000, 0x00000000eab00000)
  object space 86016K, 0% used [0x00000000c0000000,0x00000000c0000000,0x00000000c5400000)
 Metaspace       used 5357K, capacity 6768K, committed 7040K, reserved 1056768K
  class space    used 533K, capacity 616K, committed 640K, reserved 1048576K
Event: 1.487 GC heap after
Heap after GC invocations=1 (full 0):
 PSYoungGen      total 37888K, used 4663K [0x00000000eab00000, 0x00000000ef500000, 0x0000000100000000)
  eden space 32768K, 0% used [0x00000000eab00000,0x00000000eab00000,0x00000000ecb00000)
  from space 5120K, 91% used [0x00000000ecb00000,0x00000000ecf8dd60,0x00000000ed000000)
  to   space 5120K, 0% used [0x00000000ef000000,0x00000000ef000000,0x00000000ef500000)
 ParOldGen       total 86016K, used 8K [0x00000000c0000000, 0x00000000c5400000, 0x00000000eab00000)
  object space 86016K, 0% used [0x00000000c0000000,0x00000000c0002000,0x00000000c5400000)
 Metaspace       used 5357K, capacity 6768K, committed 7040K, reserved 1056768K
  class space    used 533K, capacity 616K, committed 640K, reserved 1048576K
}
Event: 2.321 GC heap before
{Heap before GC invocations=2 (full 0):
 PSYoungGen      total 37888K, used 37431K [0x00000000eab00000, 0x00000000ef500000, 0x0000000100000000)
  eden space 32768K, 100% used [0x00000000eab00000,0x00000000ecb00000,0x00000000ecb00000)
  from space 5120K, 91% used [0x00000000ecb00000,0x00000000ecf8dd60,0x00000000ed000000)
  to   space 5120K, 0% used [0x00000000ef000000,0x00000000ef000000,0x00000000ef500000)
 ParOldGen       total 86016K, used 8K [0x00000000c0000000, 0x00000000c5400000, 0x00000000eab00000)
  object space 86016K, 0% used [0x00000000c0000000,0x00000000c0002000,0x00000000c5400000)
 Metaspace       used 5614K, capacity 7024K, committed 7296K, reserved 1056768K
  class space    used 538K, capacity 616K, committed 640K, reserved 1048576K
Event: 2.379 GC heap after
Heap after GC invocations=2 (full 0):
 PSYoungGen      total 70656K, used 5091K [0x00000000eab00000, 0x00000000ef500000, 0x0000000100000000)
  eden space 65536K, 0% used [0x00000000eab00000,0x00000000eab00000,0x00000000eeb00000)
  from space 5120K, 99% used [0x00000000ef000000,0x00000000ef4f8ff0,0x00000000ef500000)
  to   space 5120K, 0% used [0x00000000eeb00000,0x00000000eeb00000,0x00000000ef000000)
 ParOldGen       total 86016K, used 3214K [0x00000000c0000000, 0x00000000c5400000, 0x00000000eab00000)
  object space 86016K, 3% used [0x00000000c0000000,0x00000000c0323b70,0x00000000c5400000)
 Metaspace       used 5614K, capacity 7024K, committed 7296K, reserved 1056768K
  class space    used 538K, capacity 616K, committed 640K, reserved 1048576K
}

Deoptimization events (10 events):
Event: 2.535 Thread 0x00007f12d800a000 Uncommon trap: reason=class_check action=maybe_recompile pc=0x00007f12c92e5438 method=java.util.HashMap.putVal(ILjava/lang/Object;Ljava/lang/Object;ZZ)Ljava/lang/Object; @ 203
Event: 2.703 Thread 0x00007f12d800a000 Uncommon trap: reason=class_check action=maybe_recompile pc=0x00007f12c9303524 method=java.util.Arrays.equals([Ljava/lang/Object;[Ljava/lang/Object;)Z @ 62
Event: 2.703 Thread 0x00007f12d800a000 Uncommon trap: reason=class_check action=maybe_recompile pc=0x00007f12c9303524 method=java.util.Arrays.equals([Ljava/lang/Object;[Ljava/lang/Object;)Z @ 62
Event: 2.703 Thread 0x00007f12d800a000 Uncommon trap: reason=class_check action=maybe_recompile pc=0x00007f12c9303524 method=java.util.Arrays.equals([Ljava/lang/Object;[Ljava/lang/Object;)Z @ 62
Event: 2.703 Thread 0x00007f12d800a000 Uncommon trap: reason=class_check action=maybe_recompile pc=0x00007f12c9303524 method=java.util.Arrays.equals([Ljava/lang/Object;[Ljava/lang/Object;)Z @ 62
Event: 2.712 Thread 0x00007f12d800a000 Uncommon trap: reason=unstable_if action=reinterpret pc=0x00007f12c96397dc method=java.util.TreeMap.put(Ljava/lang/Object;Ljava/lang/Object;)Ljava/lang/Object; @ 163
Event: 2.762 Thread 0x00007f12d800a000 Uncommon trap: reason=unstable_if action=reinterpret pc=0x00007f12c93e93c4 method=com.android.dx.rop.code.RegisterSpecSet.equals(Ljava/lang/Object;)Z @ 30
Event: 2.788 Thread 0x00007f12d800a000 Uncommon trap: reason=unstable_if action=reinterpret pc=0x00007f12c965f128 method=com.android.dx.dex.code.OutputFinisher.findOpcodeForInsn(Lcom/android/dx/dex/code/DalvInsn;Lcom/android/dx/dex/code/Dop;)Lcom/android/dx/dex/code/Dop; @ 1
Event: 2.838 Thread 0x00007f12d800a000 Uncommon trap: reason=unstable_if action=reinterpret pc=0x00007f12c96ae5f4 method=com.android.dx.util.ByteArrayAnnotatedOutput.ensureCapacity(I)V @ 6
Event: 2.840 Thread 0x00007f12d800a000 Uncommon trap: reason=unstable_if action=reinterpret pc=0x00007f12c96b0fbc method=com.android.dx.util.ByteArrayAnnotatedOutput.ensureCapacity(I)V @ 6

Internal exceptions (3 events):
Event: 0.048 Thread 0x00007f12d800a000 Exception <a 'java/lang/NoSuchMethodError': Method sun.misc.Unsafe.defineClass(Ljava/lang/String;[BII)Ljava/lang/Class; name or signature does not match> (0x00000000eab12b90) thrown at [/HUDSON/workspace/8-2-build-linux-amd64/jdk8u66/4988/hotspot/src/shar
Event: 0.048 Thread 0x00007f12d800a000 Exception <a 'java/lang/NoSuchMethodError': Method sun.misc.Unsafe.prefetchRead(Ljava/lang/Object;J)V name or signature does not match> (0x00000000eab12e78) thrown at [/HUDSON/workspace/8-2-build-linux-amd64/jdk8u66/4988/hotspot/src/share/vm/prims/jni.cpp
Event: 0.979 Thread 0x00007f12d800a000 Implicit null exception at 0x00007f12c9312db9 to 0x00007f12c93151c5

Events (10 events):
Event: 2.821 loading class com/android/dx/dex/file/DebugInfoEncoder$2
Event: 2.821 loading class com/android/dx/dex/file/DebugInfoEncoder$2 done
Event: 2.837 loading class com/android/dex/EncodedValueCodec
Event: 2.837 loading class com/android/dex/EncodedValueCodec done
Event: 2.838 Thread 0x00007f12d800a000 Uncommon trap: trap_request=0xffffff65 fr.pc=0x00007f12c96ae5f4
Event: 2.838 Thread 0x00007f12d800a000 DEOPT PACKING pc=0x00007f12c96ae5f4 sp=0x00007f12df1872f0
Event: 2.838 Thread 0x00007f12d800a000 DEOPT UNPACKING pc=0x00007f12c9004f69 sp=0x00007f12df187258 mode 2
Event: 2.840 Thread 0x00007f12d800a000 Uncommon trap: trap_request=0xffffff65 fr.pc=0x00007f12c96b0fbc
Event: 2.840 Thread 0x00007f12d800a000 DEOPT PACKING pc=0x00007f12c96b0fbc sp=0x00007f12df187290
Event: 2.840 Thread 0x00007f12d800a000 DEOPT UNPACKING pc=0x00007f12c9004f69 sp=0x00007f12df187238 mode 2


Dynamic libraries:
00400000-00401000 r-xp 00000000 08:12 4072075                            /usr/lib/jvm/java-8-oracle/bin/java
00600000-00601000 rw-p 00000000 08:12 4072075                            /usr/lib/jvm/java-8-oracle/bin/java
00ddb000-00dfc000 rw-p 00000000 00:00 0                                  [heap]
c0000000-c5400000 rw-p 00000000 00:00 0 
c5400000-eab00000 ---p 00000000 00:00 0 
eab00000-ef500000 rw-p 00000000 00:00 0 
ef500000-100000000 ---p 00000000 00:00 0 
100000000-1000a0000 rw-p 00000000 00:00 0 
1000a0000-140000000 ---p 00000000 00:00 0 
7f1288000000-7f1288021000 rw-p 00000000 00:00 0 
7f1288021000-7f128c000000 ---p 00000000 00:00 0 
7f1290000000-7f1290684000 rw-p 00000000 00:00 0 
7f1290684000-7f1294000000 ---p 00000000 00:00 0 
7f1294000000-7f1294021000 rw-p 00000000 00:00 0 
7f1294021000-7f1298000000 ---p 00000000 00:00 0 
7f1298000000-7f1298801000 rw-p 00000000 00:00 0 
7f1298801000-7f129c000000 ---p 00000000 00:00 0 
7f129c000000-7f129c54e000 rw-p 00000000 00:00 0 
7f129c54e000-7f12a0000000 ---p 00000000 00:00 0 
7f12a0000000-7f12a0021000 rw-p 00000000 00:00 0 
7f12a0021000-7f12a4000000 ---p 00000000 00:00 0 
7f12a79fa000-7f12a79fb000 ---p 00000000 00:00 0 
7f12a79fb000-7f12a7afb000 rw-p 00000000 00:00 0                          [stack:17893]
7f12a7afb000-7f12a7afe000 ---p 00000000 00:00 0 
7f12a7afe000-7f12a7bfc000 rw-p 00000000 00:00 0                          [stack:17892]
7f12a7bfc000-7f12a7bff000 ---p 00000000 00:00 0 
7f12a7bff000-7f12a7cfd000 rw-p 00000000 00:00 0                          [stack:17891]
7f12a7cfd000-7f12a7d00000 ---p 00000000 00:00 0 
7f12a7d00000-7f12a7dfe000 rw-p 00000000 00:00 0                          [stack:17890]
7f12a7dfe000-7f12a7e01000 ---p 00000000 00:00 0 
7f12a7e01000-7f12a7eff000 rw-p 00000000 00:00 0                          [stack:17889]
7f12a7eff000-7f12a7f02000 ---p 00000000 00:00 0 
7f12a7f02000-7f12a8000000 rw-p 00000000 00:00 0                          [stack:17888]
7f12a8000000-7f12a8021000 rw-p 00000000 00:00 0 
7f12a8021000-7f12ac000000 ---p 00000000 00:00 0 
7f12ac000000-7f12ac021000 rw-p 00000000 00:00 0 
7f12ac021000-7f12b0000000 ---p 00000000 00:00 0 
7f12b0000000-7f12b0021000 rw-p 00000000 00:00 0 
7f12b0021000-7f12b4000000 ---p 00000000 00:00 0 
7f12b4000000-7f12b4021000 rw-p 00000000 00:00 0 
7f12b4021000-7f12b8000000 ---p 00000000 00:00 0 
7f12b8000000-7f12b8021000 rw-p 00000000 00:00 0 
7f12b8021000-7f12bc000000 ---p 00000000 00:00 0 
7f12bc000000-7f12bc021000 rw-p 00000000 00:00 0 
7f12bc021000-7f12c0000000 ---p 00000000 00:00 0 
7f12c0000000-7f12c0021000 rw-p 00000000 00:00 0 
7f12c0021000-7f12c4000000 ---p 00000000 00:00 0 
7f12c40ac000-7f12c40be000 r--s 001fc000 08:12 4196211                    /usr/lib/jvm/java-8-oracle/jre/lib/ext/ojdbc6.jar
7f12c40be000-7f12c47e0000 r--p 00000000 08:12 3546878                    /usr/lib/locale/locale-archive
7f12c47e0000-7f12c47e3000 ---p 00000000 00:00 0 
7f12c47e3000-7f12c48e1000 rw-p 00000000 00:00 0                          [stack:17887]
7f12c48e1000-7f12c48e4000 ---p 00000000 00:00 0 
7f12c48e4000-7f12c49e2000 rw-p 00000000 00:00 0                          [stack:17886]
7f12c49e2000-7f12c49e3000 ---p 00000000 00:00 0 
7f12c49e3000-7f12c5a97000 rw-p 00000000 00:00 0                          [stack:17885]
7f12c5a97000-7f12c5c70000 r--s 03d20000 08:12 4198918                    /usr/lib/jvm/java-8-oracle/jre/lib/rt.jar
7f12c5c70000-7f12c63a6000 rw-p 00000000 00:00 0 
7f12c63a6000-7f12c64e6000 ---p 00000000 00:00 0 
7f12c64e6000-7f12c86e6000 rw-p 00000000 00:00 0 
7f12c86e6000-7f12c86e7000 ---p 00000000 00:00 0 
7f12c86e7000-7f12c87e7000 rw-p 00000000 00:00 0                          [stack:17884]
7f12c87e7000-7f12c87e8000 ---p 00000000 00:00 0 
7f12c87e8000-7f12c88e8000 rw-p 00000000 00:00 0                          [stack:17883]
7f12c88e8000-7f12c88e9000 ---p 00000000 00:00 0 
7f12c88e9000-7f12c89e9000 rw-p 00000000 00:00 0                          [stack:17882]
7f12c89e9000-7f12c89ea000 ---p 00000000 00:00 0 
7f12c89ea000-7f12c8b14000 rw-p 00000000 00:00 0                          [stack:17881]
7f12c8b14000-7f12c8c40000 ---p 00000000 00:00 0 
7f12c8c40000-7f12c8c5c000 rw-p 00000000 00:00 0 
7f12c8c5c000-7f12c9000000 ---p 00000000 00:00 0 
7f12c9000000-7f12c96d0000 rwxp 00000000 00:00 0 
7f12c96d0000-7f12d8000000 ---p 00000000 00:00 0 
7f12d8000000-7f12d844f000 rw-p 00000000 00:00 0 
7f12d844f000-7f12dc000000 ---p 00000000 00:00 0 
7f12dc000000-7f12dc00f000 r--s 000dd000 08:12 1704044                    /opt/android-sdk-linux/build-tools/21.1.2/lib/dx.jar
7f12dc00f000-7f12dc039000 rw-p 00000000 00:00 0 
7f12dc039000-7f12dc164000 ---p 00000000 00:00 0 
7f12dc164000-7f12dc18a000 rw-p 00000000 00:00 0 
7f12dc18a000-7f12dc20f000 ---p 00000000 00:00 0 
7f12dc20f000-7f12dc210000 rw-p 00000000 00:00 0 
7f12dc210000-7f12dc22a000 r-xp 00000000 08:12 4203595                    /usr/lib/jvm/java-8-oracle/jre/lib/amd64/libzip.so
7f12dc22a000-7f12dc42a000 ---p 0001a000 08:12 4203595                    /usr/lib/jvm/java-8-oracle/jre/lib/amd64/libzip.so
7f12dc42a000-7f12dc42b000 rw-p 0001a000 08:12 4203595                    /usr/lib/jvm/java-8-oracle/jre/lib/amd64/libzip.so
7f12dc42b000-7f12dc437000 r-xp 00000000 08:12 266670                     /lib/x86_64-linux-gnu/libnss_files-2.21.so
7f12dc437000-7f12dc636000 ---p 0000c000 08:12 266670                     /lib/x86_64-linux-gnu/libnss_files-2.21.so
7f12dc636000-7f12dc637000 r--p 0000b000 08:12 266670                     /lib/x86_64-linux-gnu/libnss_files-2.21.so
7f12dc637000-7f12dc638000 rw-p 0000c000 08:12 266670                     /lib/x86_64-linux-gnu/libnss_files-2.21.so
7f12dc638000-7f12dc643000 r-xp 00000000 08:12 266680                     /lib/x86_64-linux-gnu/libnss_nis-2.21.so
7f12dc643000-7f12dc842000 ---p 0000b000 08:12 266680                     /lib/x86_64-linux-gnu/libnss_nis-2.21.so
7f12dc842000-7f12dc843000 r--p 0000a000 08:12 266680                     /lib/x86_64-linux-gnu/libnss_nis-2.21.so
7f12dc843000-7f12dc844000 rw-p 0000b000 08:12 266680                     /lib/x86_64-linux-gnu/libnss_nis-2.21.so
7f12dc844000-7f12dc85b000 r-xp 00000000 08:12 266664                     /lib/x86_64-linux-gnu/libnsl-2.21.so
7f12dc85b000-7f12dca5a000 ---p 00017000 08:12 266664                     /lib/x86_64-linux-gnu/libnsl-2.21.so
7f12dca5a000-7f12dca5b000 r--p 00016000 08:12 266664                     /lib/x86_64-linux-gnu/libnsl-2.21.so
7f12dca5b000-7f12dca5c000 rw-p 00017000 08:12 266664                     /lib/x86_64-linux-gnu/libnsl-2.21.so
7f12dca5c000-7f12dca5e000 rw-p 00000000 00:00 0 
7f12dca5e000-7f12dca66000 r-xp 00000000 08:12 266666                     /lib/x86_64-linux-gnu/libnss_compat-2.21.so
7f12dca66000-7f12dcc65000 ---p 00008000 08:12 266666                     /lib/x86_64-linux-gnu/libnss_compat-2.21.so
7f12dcc65000-7f12dcc66000 r--p 00007000 08:12 266666                     /lib/x86_64-linux-gnu/libnss_compat-2.21.so
7f12dcc66000-7f12dcc67000 rw-p 00008000 08:12 266666                     /lib/x86_64-linux-gnu/libnss_compat-2.21.so
7f12dcc67000-7f12dcc91000 r-xp 00000000 08:12 4203590                    /usr/lib/jvm/java-8-oracle/jre/lib/amd64/libjava.so
7f12dcc91000-7f12dce91000 ---p 0002a000 08:12 4203590                    /usr/lib/jvm/java-8-oracle/jre/lib/amd64/libjava.so
7f12dce91000-7f12dce93000 rw-p 0002a000 08:12 4203590                    /usr/lib/jvm/java-8-oracle/jre/lib/amd64/libjava.so
7f12dce93000-7f12dcea0000 r-xp 00000000 08:12 4203594                    /usr/lib/jvm/java-8-oracle/jre/lib/amd64/libverify.so
7f12dcea0000-7f12dd0a0000 ---p 0000d000 08:12 4203594                    /usr/lib/jvm/java-8-oracle/jre/lib/amd64/libverify.so
7f12dd0a0000-7f12dd0a2000 rw-p 0000d000 08:12 4203594                    /usr/lib/jvm/java-8-oracle/jre/lib/amd64/libverify.so
7f12dd0a2000-7f12dd0a9000 r-xp 00000000 08:12 266725                     /lib/x86_64-linux-gnu/librt-2.21.so
7f12dd0a9000-7f12dd2a8000 ---p 00007000 08:12 266725                     /lib/x86_64-linux-gnu/librt-2.21.so
7f12dd2a8000-7f12dd2a9000 r--p 00006000 08:12 266725                     /lib/x86_64-linux-gnu/librt-2.21.so
7f12dd2a9000-7f12dd2aa000 rw-p 00007000 08:12 266725                     /lib/x86_64-linux-gnu/librt-2.21.so
7f12dd2aa000-7f12dd3b1000 r-xp 00000000 08:12 266643                     /lib/x86_64-linux-gnu/libm-2.21.so
7f12dd3b1000-7f12dd5b0000 ---p 00107000 08:12 266643                     /lib/x86_64-linux-gnu/libm-2.21.so
7f12dd5b0000-7f12dd5b1000 r--p 00106000 08:12 266643                     /lib/x86_64-linux-gnu/libm-2.21.so
7f12dd5b1000-7f12dd5b2000 rw-p 00107000 08:12 266643                     /lib/x86_64-linux-gnu/libm-2.21.so
7f12dd5b2000-7f12de270000 r-xp 00000000 08:12 4201549                    /usr/lib/jvm/java-8-oracle/jre/lib/amd64/server/libjvm.so
7f12de270000-7f12de46f000 ---p 00cbe000 08:12 4201549                    /usr/lib/jvm/java-8-oracle/jre/lib/amd64/server/libjvm.so
7f12de46f000-7f12de548000 rw-p 00cbd000 08:12 4201549                    /usr/lib/jvm/java-8-oracle/jre/lib/amd64/server/libjvm.so
7f12de548000-7f12de58c000 rw-p 00000000 00:00 0 
7f12de58c000-7f12de74c000 r-xp 00000000 08:12 266584                     /lib/x86_64-linux-gnu/libc-2.21.so
7f12de74c000-7f12de94c000 ---p 001c0000 08:12 266584                     /lib/x86_64-linux-gnu/libc-2.21.so
7f12de94c000-7f12de950000 r--p 001c0000 08:12 266584                     /lib/x86_64-linux-gnu/libc-2.21.so
7f12de950000-7f12de952000 rw-p 001c4000 08:12 266584                     /lib/x86_64-linux-gnu/libc-2.21.so
7f12de952000-7f12de956000 rw-p 00000000 00:00 0 
7f12de956000-7f12de959000 r-xp 00000000 08:12 266601                     /lib/x86_64-linux-gnu/libdl-2.21.so
7f12de959000-7f12deb58000 ---p 00003000 08:12 266601                     /lib/x86_64-linux-gnu/libdl-2.21.so
7f12deb58000-7f12deb59000 r--p 00002000 08:12 266601                     /lib/x86_64-linux-gnu/libdl-2.21.so
7f12deb59000-7f12deb5a000 rw-p 00003000 08:12 266601                     /lib/x86_64-linux-gnu/libdl-2.21.so
7f12deb5a000-7f12deb6f000 r-xp 00000000 08:12 4198721                    /usr/lib/jvm/java-8-oracle/lib/amd64/jli/libjli.so
7f12deb6f000-7f12ded6f000 ---p 00015000 08:12 4198721                    /usr/lib/jvm/java-8-oracle/lib/amd64/jli/libjli.so
7f12ded6f000-7f12ded70000 rw-p 00015000 08:12 4198721                    /usr/lib/jvm/java-8-oracle/lib/amd64/jli/libjli.so
7f12ded70000-7f12ded88000 r-xp 00000000 08:12 266717                     /lib/x86_64-linux-gnu/libpthread-2.21.so
7f12ded88000-7f12def88000 ---p 00018000 08:12 266717                     /lib/x86_64-linux-gnu/libpthread-2.21.so
7f12def88000-7f12def89000 r--p 00018000 08:12 266717                     /lib/x86_64-linux-gnu/libpthread-2.21.so
7f12def89000-7f12def8a000 rw-p 00019000 08:12 266717                     /lib/x86_64-linux-gnu/libpthread-2.21.so
7f12def8a000-7f12def8e000 rw-p 00000000 00:00 0 
7f12def8e000-7f12defb2000 r-xp 00000000 08:12 266556                     /lib/x86_64-linux-gnu/ld-2.21.so
7f12defb6000-7f12df088000 rw-p 00000000 00:00 0 
7f12df088000-7f12df08b000 ---p 00000000 00:00 0 
7f12df08b000-7f12df18d000 rw-p 00000000 00:00 0                          [stack:17877]
7f12df18e000-7f12df1a5000 rw-p 00000000 00:00 0 
7f12df1a5000-7f12df1ad000 rw-s 00000000 08:12 3416312                    /tmp/hsperfdata_duke/17875
7f12df1ad000-7f12df1ae000 rw-p 00000000 00:00 0 
7f12df1ae000-7f12df1af000 r--p 00000000 00:00 0 
7f12df1af000-7f12df1b1000 rw-p 00000000 00:00 0 
7f12df1b1000-7f12df1b2000 r--p 00023000 08:12 266556                     /lib/x86_64-linux-gnu/ld-2.21.so
7f12df1b2000-7f12df1b3000 rw-p 00024000 08:12 266556                     /lib/x86_64-linux-gnu/ld-2.21.so
7f12df1b3000-7f12df1b4000 rw-p 00000000 00:00 0 
7fff09879000-7fff0989a000 rw-p 00000000 00:00 0                          [stack]
7fff098af000-7fff098b1000 r--p 00000000 00:00 0                          [vvar]
7fff098b1000-7fff098b3000 r-xp 00000000 00:00 0                          [vdso]
ffffffffff600000-ffffffffff601000 r-xp 00000000 00:00 0                  [vsyscall]

VM Arguments:
jvm_args: -Xmx1024M -Dfile.encoding=UTF-8 -Duser.country=US -Duser.language=en -Duser.variant 
java_command: com.android.dx.command.Main --dex --output /home/duke/AndroidStudioProjects/MasterSahab/app/build/intermediates/dex/debug /home/duke/AndroidStudioProjects/MasterSahab/app/build/intermediates/classes/debug /home/duke/AndroidStudioProjects/MasterSahab/app/build/intermediates/pre-dexed/debug/support-annotations-22.2.0-d11b86e8a8d5a60125987e55ed19da6fe916ed6c.jar /home/duke/AndroidStudioProjects/MasterSahab/app/build/intermediates/pre-dexed/debug/internal_impl-22.2.0-9fd2cdf11b2cb58a68c8003917e19ca6197745ad.jar /home/duke/AndroidStudioProjects/MasterSahab/app/build/intermediates/pre-dexed/debug/classes-8ef248cfe074cd8203cc4c867f71e14f57d6780a.jar /home/duke/AndroidStudioProjects/MasterSahab/app/build/intermediates/pre-dexed/debug/classes-dccf93463063885d5b233794907a60cd6aefb60c.jar
java_class_path (initial): /opt/android-sdk-linux/build-tools/21.1.2/lib/dx.jar
Launcher Type: SUN_STANDARD

Environment Variables:
JAVA_HOME=/usr/lib/jvm/java-8-oracle
PATH=/usr/local/sbin:/usr/local/bin:/usr/sbin:/usr/bin:/sbin:/bin:/usr/games:/usr/local/games:/usr/lib/jvm/java-8-oracle/bin:/usr/lib/jvm/java-8-oracle/db/bin:/usr/lib/jvm/java-8-oracle/jre/bin
LD_LIBRARY_PATH=/home/duke/Apps/android-studio/bin:
SHELL=/bin/bash
DISPLAY=:0

Signal Handlers:
SIGSEGV: [libjvm.so+0xaba2a0], sa_mask[0]=11111111011111111101111111111110, sa_flags=SA_RESTART|SA_SIGINFO
SIGBUS: [libjvm.so+0xaba2a0], sa_mask[0]=11111111011111111101111111111110, sa_flags=SA_RESTART|SA_SIGINFO
SIGFPE: [libjvm.so+0x917710], sa_mask[0]=11111111011111111101111111111110, sa_flags=SA_RESTART|SA_SIGINFO
SIGPIPE: [libjvm.so+0x917710], sa_mask[0]=11111111011111111101111111111110, sa_flags=SA_RESTART|SA_SIGINFO
SIGXFSZ: [libjvm.so+0x917710], sa_mask[0]=11111111011111111101111111111110, sa_flags=SA_RESTART|SA_SIGINFO
SIGILL: [libjvm.so+0x917710], sa_mask[0]=11111111011111111101111111111110, sa_flags=SA_RESTART|SA_SIGINFO
SIGUSR1: SIG_DFL, sa_mask[0]=00000000000000000000000000000000, sa_flags=none
SIGUSR2: [libjvm.so+0x918d40], sa_mask[0]=00100000000000000000000000000000, sa_flags=SA_RESTART|SA_SIGINFO
SIGHUP: [libjvm.so+0x91a140], sa_mask[0]=11111111011111111101111111111110, sa_flags=SA_RESTART|SA_SIGINFO
SIGINT: [libjvm.so+0x91a140], sa_mask[0]=11111111011111111101111111111110, sa_flags=SA_RESTART|SA_SIGINFO
SIGTERM: [libjvm.so+0x91a140], sa_mask[0]=11111111011111111101111111111110, sa_flags=SA_RESTART|SA_SIGINFO
SIGQUIT: [libjvm.so+0x91a140], sa_mask[0]=11111111011111111101111111111110, sa_flags=SA_RESTART|SA_SIGINFO


---------------  S Y S T E M  ---------------

OS:DISTRIB_ID=Ubuntu
DISTRIB_RELEASE=15.10
DISTRIB_CODENAME=wily
DISTRIB_DESCRIPTION="Ubuntu 15.10"

uname:Linux 4.2.0-25-generic #30-Ubuntu SMP Mon Jan 18 12:31:50 UTC 2016 x86_64
libc:glibc 2.21 NPTL 2.21 
rlimit: STACK 8192k, CORE 0k, NPROC 31796, NOFILE 65536, AS infinity
load average:2.95 2.17 1.88

/proc/meminfo:
MemTotal:        8174576 kB
MemFree:           58288 kB
MemAvailable:    2706156 kB
Buffers:          532008 kB
Cached:          2369464 kB
SwapCached:        12660 kB
Active:          4638420 kB
Inactive:        3008552 kB
Active(anon):    3417828 kB
Inactive(anon):  1691416 kB
Active(file):    1220592 kB
Inactive(file):  1317136 kB
Unevictable:          32 kB
Mlocked:              32 kB
SwapTotal:       1998844 kB
SwapFree:        1604224 kB
Dirty:              8144 kB
Writeback:             0 kB
AnonPages:       4732992 kB
Mapped:           626924 kB
Shmem:            363892 kB
Slab:             218072 kB
SReclaimable:     152716 kB
SUnreclaim:        65356 kB
KernelStack:       10784 kB
PageTables:        52036 kB
NFS_Unstable:          0 kB
Bounce:                0 kB
WritebackTmp:          0 kB
CommitLimit:     6086132 kB
Committed_AS:    9379836 kB
VmallocTotal:   34359738367 kB
VmallocUsed:       89996 kB
VmallocChunk:   34359586812 kB
HardwareCorrupted:     0 kB
AnonHugePages:   1425408 kB
CmaTotal:              0 kB
CmaFree:               0 kB
HugePages_Total:       0
HugePages_Free:        0
HugePages_Rsvd:        0
HugePages_Surp:        0
Hugepagesize:       2048 kB
DirectMap4k:     1270720 kB
DirectMap2M:     7116800 kB


CPU:total 4 (4 cores per cpu, 1 threads per core) family 6 model 15 stepping 11, cmov, cx8, fxsr, mmx, sse, sse2, sse3, ssse3, tsc

/proc/cpuinfo:
processor	: 0
vendor_id	: GenuineIntel
cpu family	: 6
model		: 15
model name	: Intel(R) Core(TM)2 Quad CPU    Q6600  @ 2.40GHz
stepping	: 11
microcode	: 0xba
cpu MHz		: 2400.000
cache size	: 4096 KB
physical id	: 0
siblings	: 4
core id		: 0
cpu cores	: 4
apicid		: 0
initial apicid	: 0
fpu		: yes
fpu_exception	: yes
cpuid level	: 10
wp		: yes
flags		: fpu vme de pse tsc msr pae mce cx8 apic sep mtrr pge mca cmov pat pse36 clflush dts acpi mmx fxsr sse sse2 ss ht tm pbe syscall nx lm constant_tsc arch_perfmon pebs bts rep_good nopl aperfmperf pni dtes64 monitor ds_cpl vmx est tm2 ssse3 cx16 xtpr pdcm lahf_lm dtherm tpr_shadow vnmi flexpriority
bugs		:
bogomips	: 4800.11
clflush size	: 64
cache_alignment	: 64
address sizes	: 36 bits physical, 48 bits virtual
power management:

processor	: 1
vendor_id	: GenuineIntel
cpu family	: 6
model		: 15
model name	: Intel(R) Core(TM)2 Quad CPU    Q6600  @ 2.40GHz
stepping	: 11
microcode	: 0xba
cpu MHz		: 2400.000
cache size	: 4096 KB
physical id	: 0
siblings	: 4
core id		: 1
cpu cores	: 4
apicid		: 1
initial apicid	: 1
fpu		: yes
fpu_exception	: yes
cpuid level	: 10
wp		: yes
flags		: fpu vme de pse tsc msr pae mce cx8 apic sep mtrr pge mca cmov pat pse36 clflush dts acpi mmx fxsr sse sse2 ss ht tm pbe syscall nx lm constant_tsc arch_perfmon pebs bts rep_good nopl aperfmperf pni dtes64 monitor ds_cpl vmx est tm2 ssse3 cx16 xtpr pdcm lahf_lm dtherm tpr_shadow vnmi flexpriority
bugs		:
bogomips	: 4800.11
clflush size	: 64
cache_alignment	: 64
address sizes	: 36 bits physical, 48 bits virtual
power management:

processor	: 2
vendor_id	: GenuineIntel
cpu family	: 6
model		: 15
model name	: Intel(R) Core(TM)2 Quad CPU    Q6600  @ 2.40GHz
stepping	: 11
microcode	: 0xba
cpu MHz		: 2400.000
cache size	: 4096 KB
physical id	: 0
siblings	: 4
core id		: 3
cpu cores	: 4
apicid		: 3
initial apicid	: 3
fpu		: yes
fpu_exception	: yes
cpuid level	: 10
wp		: yes
flags		: fpu vme de pse tsc msr pae mce cx8 apic sep mtrr pge mca cmov pat pse36 clflush dts acpi mmx fxsr sse sse2 ss ht tm pbe syscall nx lm constant_tsc arch_perfmon pebs bts rep_good nopl aperfmperf pni dtes64 monitor ds_cpl vmx est tm2 ssse3 cx16 xtpr pdcm lahf_lm dtherm tpr_shadow vnmi flexpriority
bugs		:
bogomips	: 4800.11
clflush size	: 64
cache_alignment	: 64
address sizes	: 36 bits physical, 48 bits virtual
power management:

processor	: 3
vendor_id	: GenuineIntel
cpu family	: 6
model		: 15
model name	: Intel(R) Core(TM)2 Quad CPU    Q6600  @ 2.40GHz
stepping	: 11
microcode	: 0xba
cpu MHz		: 2400.000
cache size	: 4096 KB
physical id	: 0
siblings	: 4
core id		: 2
cpu cores	: 4
apicid		: 2
initial apicid	: 2
fpu		: yes
fpu_exception	: yes
cpuid level	: 10
wp		: yes
flags		: fpu vme de pse tsc msr pae mce cx8 apic sep mtrr pge mca cmov pat pse36 clflush dts acpi mmx fxsr sse sse2 ss ht tm pbe syscall nx lm constant_tsc arch_perfmon pebs bts rep_good nopl aperfmperf pni dtes64 monitor ds_cpl vmx est tm2 ssse3 cx16 xtpr pdcm lahf_lm dtherm tpr_shadow vnmi flexpriority
bugs		:
bogomips	: 4800.11
clflush size	: 64
cache_alignment	: 64
address sizes	: 36 bits physical, 48 bits virtual
power management:



Memory: 4k page, physical 8174576k(58288k free), swap 1998844k(1604224k free)

vm_info: Java HotSpot(TM) 64-Bit Server VM (25.66-b17) for linux-amd64 JRE (1.8.0_66-b17), built on Oct  6 2015 17:28:34 by "java_re" with gcc 4.3.0 20080428 (Red Hat 4.3.0-8)

time: Fri Jan 22 21:47:44 2016
elapsed time: 2 seconds (0d 0h 0m 2s)

