#
# A fatal error has been detected by the Java Runtime Environment:
#
#  SIGSEGV (0xb) at pc=0x00007ff20e005060, pid=22863, tid=140679051671296
#
# JRE version: Java(TM) SE Runtime Environment (8.0_66-b17) (build 1.8.0_66-b17)
# Java VM: Java HotSpot(TM) 64-Bit Server VM (25.66-b17 mixed mode linux-amd64 compressed oops)
# Problematic frame:
# C  0x00007ff20e005060
#
# Failed to write core dump. Core dumps have been disabled. To enable core dumping, try "ulimit -c unlimited" before starting Java again
#
# If you would like to submit a bug report, please visit:
#   http://bugreport.java.com/bugreport/crash.jsp
#

---------------  T H R E A D  ---------------

Current thread (0x00007ff25c00a000):  JavaThread "main" [_thread_in_Java, id=22869, stack(0x00007ff264d6f000,0x00007ff264e70000)]

siginfo: si_signo: 11 (SIGSEGV), si_code: 1 (SEGV_MAPERR), si_addr: 0x00007ff20e005060

Registers:
RAX=0x00007ff260f1a698, RBX=0x00007ff2610693d0, RCX=0x000000000000013f, RDX=0x0000000000000114
RSP=0x00007ff264e6e158, RBP=0x00007ff264e6e220, RSI=0x00000000ec877600, RDI=0x00000000ec877600
R8 =0x0000000000000101, R9 =0x0000000100098ae0, R10=0x00007ff26424a260, R11=0x00007ff24d6bfea0
R12=0x0000000000000000, R13=0x00007ff264e6e1c0, R14=0x00007ff264e6e240, R15=0x00007ff25c00a000
RIP=0x00007ff20e005060, EFLAGS=0x0000000000010202, CSGSFS=0x0000000000000033, ERR=0x0000000000000014
  TRAPNO=0x000000000000000e

Top of Stack: (sp=0x00007ff264e6e158)
0x00007ff264e6e158:   00007ff24d6bff3c 00007ff264e6e280
0x00007ff264e6e168:   0000000000000000 00007ff264e6e210
0x00007ff264e6e178:   00007ff2635736ad 00000000ec877600
0x00007ff264e6e188:   000001010000013f 00007ff260e503e0
0x00007ff264e6e198:   00000000ef449820 00007ff264e6e220
0x00007ff264e6e1a8:   00007ff24d00798d 00007ff260e503e0
0x00007ff264e6e1b8:   00007ff24d00798d 0000000000000101
0x00007ff264e6e1c8:   000000000000013f 0000000000000114
0x00007ff264e6e1d8:   00000000ec877600 00007ff264e6e1e0
0x00007ff264e6e1e8:   00007ff260f1a921 00007ff264e6e240
0x00007ff264e6e1f8:   00007ff260f1acc8 0000000000000000
0x00007ff264e6e208:   00007ff260f1a958 00007ff264e6e1c0
0x00007ff264e6e218:   00007ff264e6e230 00007ff264e6e288
0x00007ff264e6e228:   00007ff24d00798d 000000000101013f
0x00007ff264e6e238:   0000000000000114 00000000ec877600
0x00007ff264e6e248:   00007ff264e6e248 00007ff260f240c3
0x00007ff264e6e258:   00007ff264e6e2b8 00007ff260f24200
0x00007ff264e6e268:   0000000000000000 00007ff260f24110
0x00007ff264e6e278:   00007ff264e6e230 00007ff264e6e2c0
0x00007ff264e6e288:   00007ff264e6e368 00007ff24d6be1b4
0x00007ff264e6e298:   000000000101013f 00000000ef37df88
0x00007ff264e6e2a8:   00000000ec6c9f90 00000000ec877600
0x00007ff264e6e2b8:   00000000ef02aea0 00007ff264e6e3a0
0x00007ff264e6e2c8:   00007ff264e6e390 00007ff264e6e3b0
0x00007ff264e6e2d8:   00007ff200000004 00007ff264e6e420
0x00007ff264e6e2e8:   00007ff24d67832c 0000000000000000
0x00007ff264e6e2f8:   00007ff25c00a000 00007ff264e6e368
0x00007ff264e6e308:   00007ff24d00798d 00007ff24d00798d
0x00007ff264e6e318:   00000000ec877600 00000000ec6c9f90
0x00007ff264e6e328:   00007ff264e6e328 00007ff26102e408
0x00007ff264e6e338:   00007ff264e6e3b8 00007ff26102eb40
0x00007ff264e6e348:   00007ff26106aa78 00007ff26102e550 

Instructions: (pc=0x00007ff20e005060)
0x00007ff20e005040:   
[error occurred during error reporting (printing registers, top of stack, instructions near pc), id 0xb]

Register to memory mapping:

RAX={method} {0x00007ff260f1a698} 'write' '(Lcom/android/dx/util/AnnotatedOutput;SSS)V' in 'com/android/dx/dex/code/InsnFormat'
RBX=0x00007ff2610693d0 is pointing into metadata
RCX=0x000000000000013f is an unknown value
RDX=0x0000000000000114 is an unknown value
RSP=0x00007ff264e6e158 is pointing into the stack for thread: 0x00007ff25c00a000
RBP=0x00007ff264e6e220 is pointing into the stack for thread: 0x00007ff25c00a000
RSI=0x00000000ec877600 is an oop
com.android.dx.util.ByteArrayAnnotatedOutput 
 - klass: 'com/android/dx/util/ByteArrayAnnotatedOutput'
RDI=0x00000000ec877600 is an oop
com.android.dx.util.ByteArrayAnnotatedOutput 
 - klass: 'com/android/dx/util/ByteArrayAnnotatedOutput'
R8 =0x0000000000000101 is an unknown value
R9 =0x0000000100098ae0 is pointing into metadata
R10=0x00007ff26424a260: <offset 0xfb1260> in /usr/lib/jvm/java-8-oracle/jre/lib/amd64/server/libjvm.so at 0x00007ff263299000
R11=0x00007ff24d6bfea0 is at entry_point+0 in (nmethod*)0x00007ff24d6bfd10
R12=0x0000000000000000 is an unknown value
R13=0x00007ff264e6e1c0 is pointing into the stack for thread: 0x00007ff25c00a000
R14=0x00007ff264e6e240 is pointing into the stack for thread: 0x00007ff25c00a000
R15=0x00007ff25c00a000 is a thread


Stack: [0x00007ff264d6f000,0x00007ff264e70000],  sp=0x00007ff264e6e158,  free space=1020k
Native frames: (J=compiled Java code, j=interpreted, Vv=VM code, C=native code)
C  0x00007ff20e005060
j  com.android.dx.dex.code.form.Form31i.writeTo(Lcom/android/dx/util/AnnotatedOutput;Lcom/android/dx/dex/code/DalvInsn;)V+35
J 1863 C1 com.android.dx.dex.code.FixedSizeInsn.writeTo(Lcom/android/dx/util/AnnotatedOutput;)V (13 bytes) @ 0x00007ff24d6be1b4 [0x00007ff24d6bdf80+0x234]
j  com.android.dx.dex.code.DalvInsnList.writeTo(Lcom/android/dx/util/AnnotatedOutput;)V+152
j  com.android.dx.dex.file.CodeItem.writeCodes(Lcom/android/dx/dex/file/DexFile;Lcom/android/dx/util/AnnotatedOutput;)V+10
j  com.android.dx.dex.file.CodeItem.writeTo0(Lcom/android/dx/dex/file/DexFile;Lcom/android/dx/util/AnnotatedOutput;)V+413
j  com.android.dx.dex.file.OffsettedItem.writeTo(Lcom/android/dx/dex/file/DexFile;Lcom/android/dx/util/AnnotatedOutput;)V+68
j  com.android.dx.dex.file.MixedItemSection.writeTo0(Lcom/android/dx/util/AnnotatedOutput;)V+119
j  com.android.dx.dex.file.Section.writeTo(Lcom/android/dx/util/AnnotatedOutput;)V+155
j  com.android.dx.dex.file.DexFile.toDex0(ZZ)Lcom/android/dx/util/ByteArrayAnnotatedOutput;+369
j  com.android.dx.dex.file.DexFile.toDex(Ljava/io/Writer;Z)[B+13
j  com.android.dx.command.dexer.Main.writeDex()[B+50
j  com.android.dx.command.dexer.Main.runMonoDex()I+103
j  com.android.dx.command.dexer.Main.run(Lcom/android/dx/command/dexer/Main$Arguments;)I+76
j  com.android.dx.command.dexer.Main.main([Ljava/lang/String;)V+14
j  com.android.dx.command.Main.main([Ljava/lang/String;)V+61
v  ~StubRoutines::call_stub
V  [libjvm.so+0x68bc46]  JavaCalls::call_helper(JavaValue*, methodHandle*, JavaCallArguments*, Thread*)+0x1056
V  [libjvm.so+0x6cd262]  jni_invoke_static(JNIEnv_*, JavaValue*, _jobject*, JNICallType, _jmethodID*, JNI_ArgumentPusher*, Thread*)+0x362
V  [libjvm.so+0x6e9c6a]  jni_CallStaticVoidMethod+0x17a
C  [libjli.so+0x7bcc]  JavaMain+0x80c
C  [libpthread.so.0+0x76aa]  start_thread+0xca


---------------  P R O C E S S  ---------------

Java Threads: ( => current thread )
  0x00007ff25c0ca800 JavaThread "Service Thread" daemon [_thread_blocked, id=22881, stack(0x00007ff2457dd000,0x00007ff2458de000)]
  0x00007ff25c0bd800 JavaThread "C1 CompilerThread2" daemon [_thread_blocked, id=22880, stack(0x00007ff24c0d0000,0x00007ff24c1d1000)]
  0x00007ff25c0bb800 JavaThread "C2 CompilerThread1" daemon [_thread_in_native, id=22879, stack(0x00007ff24c1d1000,0x00007ff24c2d2000)]
  0x00007ff25c0b8800 JavaThread "C2 CompilerThread0" daemon [_thread_blocked, id=22878, stack(0x00007ff24c2d2000,0x00007ff24c3d3000)]
  0x00007ff25c0b7000 JavaThread "Signal Dispatcher" daemon [_thread_blocked, id=22877, stack(0x00007ff24c3d3000,0x00007ff24c4d4000)]
  0x00007ff25c07f800 JavaThread "Finalizer" daemon [_thread_blocked, id=22876, stack(0x00007ff24c4d4000,0x00007ff24c5d5000)]
  0x00007ff25c07d000 JavaThread "Reference Handler" daemon [_thread_blocked, id=22875, stack(0x00007ff24c5d5000,0x00007ff24c6d6000)]
=>0x00007ff25c00a000 JavaThread "main" [_thread_in_Java, id=22869, stack(0x00007ff264d6f000,0x00007ff264e70000)]

Other Threads:
  0x00007ff25c078000 VMThread [stack: 0x00007ff24c6d6000,0x00007ff24c7d7000] [id=22874]
  0x00007ff25c0cd800 WatcherThread [stack: 0x00007ff2456dc000,0x00007ff2457dd000] [id=22882]

VM state:not at safepoint (normal execution)

VM Mutex/Monitor currently owned by a thread: None

Heap:
 PSYoungGen      total 70656K, used 36208K [0x00000000eab00000, 0x00000000ef500000, 0x0000000100000000)
  eden space 65536K, 47% used [0x00000000eab00000,0x00000000ec95ffe0,0x00000000eeb00000)
  from space 5120K, 99% used [0x00000000ef000000,0x00000000ef4fc038,0x00000000ef500000)
  to   space 5120K, 0% used [0x00000000eeb00000,0x00000000eeb00000,0x00000000ef000000)
 ParOldGen       total 86016K, used 3389K [0x00000000c0000000, 0x00000000c5400000, 0x00000000eab00000)
  object space 86016K, 3% used [0x00000000c0000000,0x00000000c034f630,0x00000000c5400000)
 Metaspace       used 6179K, capacity 7344K, committed 7552K, reserved 1056768K
  class space    used 576K, capacity 616K, committed 640K, reserved 1048576K

Card table byte_map: [0x00007ff261936000,0x00007ff261b37000] byte_map_base: 0x00007ff261336000

Marking Bits: (ParMarkBitMap*) 0x00007ff264248020
 Begin Bits: [0x00007ff246000000, 0x00007ff247000000)
 End Bits:   [0x00007ff247000000, 0x00007ff248000000)

Polling page: 0x00007ff264e95000

CodeCache: size=245760Kb used=6968Kb max_used=6968Kb free=238791Kb
 bounds [0x00007ff24d000000, 0x00007ff24d6e0000, 0x00007ff25c000000]
 total_blobs=2097 nmethods=1834 adapters=179
 compilation: enabled

Compilation events (10 events):
Event: 3.041 Thread 0x00007ff25c0bd800 1871       3       com.android.dx.dex.code.form.Form35c::explicitize (105 bytes)
Event: 3.043 Thread 0x00007ff25c0bd800 nmethod 1871 0x00007ff24d6c27d0 code [0x00007ff24d6c2b00, 0x00007ff24d6c4698]
Event: 3.043 Thread 0x00007ff25c0bd800 1874       3       com.android.dx.dex.code.InsnFormat::codeUnit (89 bytes)
Event: 3.044 Thread 0x00007ff25c0bd800 nmethod 1874 0x00007ff24d6c5b10 code [0x00007ff24d6c5ce0, 0x00007ff24d6c6218]
Event: 3.045 Thread 0x00007ff25c0bd800 1876       3       com.android.dx.dex.code.DalvInsnList::getOutsSize (105 bytes)
Event: 3.048 Thread 0x00007ff25c0bd800 nmethod 1876 0x00007ff24d6c6410 code [0x00007ff24d6c6600, 0x00007ff24d6c7448]
Event: 3.048 Thread 0x00007ff25c0bd800 1877   !   3       com.android.dx.dex.code.DalvInsnList::writeTo (254 bytes)
Event: 3.053 Thread 0x00007ff25c0b8800 nmethod 1856 0x00007ff24d6cb3d0 code [0x00007ff24d6cb600, 0x00007ff24d6cc558]
Event: 3.053 Thread 0x00007ff25c0b8800 1866       4       com.android.dx.util.ByteArrayAnnotatedOutput::writeShort (64 bytes)
Event: 3.055 Thread 0x00007ff25c0b8800 nmethod 1866 0x00007ff24d6c82d0 code [0x00007ff24d6c8420, 0x00007ff24d6c8578]

GC Heap History (4 events):
Event: 1.600 GC heap before
{Heap before GC invocations=1 (full 0):
 PSYoungGen      total 37888K, used 32768K [0x00000000eab00000, 0x00000000ed500000, 0x0000000100000000)
  eden space 32768K, 100% used [0x00000000eab00000,0x00000000ecb00000,0x00000000ecb00000)
  from space 5120K, 0% used [0x00000000ed000000,0x00000000ed000000,0x00000000ed500000)
  to   space 5120K, 0% used [0x00000000ecb00000,0x00000000ecb00000,0x00000000ed000000)
 ParOldGen       total 86016K, used 0K [0x00000000c0000000, 0x00000000c5400000, 0x00000000eab00000)
  object space 86016K, 0% used [0x00000000c0000000,0x00000000c0000000,0x00000000c5400000)
 Metaspace       used 5397K, capacity 6896K, committed 7040K, reserved 1056768K
  class space    used 535K, capacity 616K, committed 640K, reserved 1048576K
Event: 1.635 GC heap after
Heap after GC invocations=1 (full 0):
 PSYoungGen      total 37888K, used 5107K [0x00000000eab00000, 0x00000000ef500000, 0x0000000100000000)
  eden space 32768K, 0% used [0x00000000eab00000,0x00000000eab00000,0x00000000ecb00000)
  from space 5120K, 99% used [0x00000000ecb00000,0x00000000ecffcd50,0x00000000ed000000)
  to   space 5120K, 0% used [0x00000000ef000000,0x00000000ef000000,0x00000000ef500000)
 ParOldGen       total 86016K, used 892K [0x00000000c0000000, 0x00000000c5400000, 0x00000000eab00000)
  object space 86016K, 1% used [0x00000000c0000000,0x00000000c00df108,0x00000000c5400000)
 Metaspace       used 5397K, capacity 6896K, committed 7040K, reserved 1056768K
  class space    used 535K, capacity 616K, committed 640K, reserved 1048576K
}
Event: 2.193 GC heap before
{Heap before GC invocations=2 (full 0):
 PSYoungGen      total 37888K, used 37875K [0x00000000eab00000, 0x00000000ef500000, 0x0000000100000000)
  eden space 32768K, 100% used [0x00000000eab00000,0x00000000ecb00000,0x00000000ecb00000)
  from space 5120K, 99% used [0x00000000ecb00000,0x00000000ecffcd50,0x00000000ed000000)
  to   space 5120K, 0% used [0x00000000ef000000,0x00000000ef000000,0x00000000ef500000)
 ParOldGen       total 86016K, used 892K [0x00000000c0000000, 0x00000000c5400000, 0x00000000eab00000)
  object space 86016K, 1% used [0x00000000c0000000,0x00000000c00df108,0x00000000c5400000)
 Metaspace       used 5591K, capacity 7024K, committed 7296K, reserved 1056768K
  class space    used 538K, capacity 616K, committed 640K, reserved 1048576K
Event: 2.238 GC heap after
Heap after GC invocations=2 (full 0):
 PSYoungGen      total 70656K, used 5104K [0x00000000eab00000, 0x00000000ef500000, 0x0000000100000000)
  eden space 65536K, 0% used [0x00000000eab00000,0x00000000eab00000,0x00000000eeb00000)
  from space 5120K, 99% used [0x00000000ef000000,0x00000000ef4fc038,0x00000000ef500000)
  to   space 5120K, 0% used [0x00000000eeb00000,0x00000000eeb00000,0x00000000ef000000)
 ParOldGen       total 86016K, used 3389K [0x00000000c0000000, 0x00000000c5400000, 0x00000000eab00000)
  object space 86016K, 3% used [0x00000000c0000000,0x00000000c034f630,0x00000000c5400000)
 Metaspace       used 5591K, capacity 7024K, committed 7296K, reserved 1056768K
  class space    used 538K, capacity 616K, committed 640K, reserved 1048576K
}

Deoptimization events (10 events):
Event: 2.746 Thread 0x00007ff25c00a000 Uncommon trap: reason=speculate_class_check action=maybe_recompile pc=0x00007ff24d294d34 method=com.android.dx.util.FixedSizeList.equals(Ljava/lang/Object;)Z @ 25
Event: 2.746 Thread 0x00007ff25c00a000 Uncommon trap: reason=speculate_class_check action=maybe_recompile pc=0x00007ff24d294d34 method=com.android.dx.util.FixedSizeList.equals(Ljava/lang/Object;)Z @ 25
Event: 2.746 Thread 0x00007ff25c00a000 Uncommon trap: reason=speculate_class_check action=maybe_recompile pc=0x00007ff24d294d34 method=com.android.dx.util.FixedSizeList.equals(Ljava/lang/Object;)Z @ 25
Event: 2.746 Thread 0x00007ff25c00a000 Uncommon trap: reason=speculate_class_check action=maybe_recompile pc=0x00007ff24d294d34 method=com.android.dx.util.FixedSizeList.equals(Ljava/lang/Object;)Z @ 25
Event: 2.778 Thread 0x00007ff25c00a000 Uncommon trap: reason=unstable_if action=reinterpret pc=0x00007ff24d60c21c method=java.util.TreeMap.put(Ljava/lang/Object;Ljava/lang/Object;)Ljava/lang/Object; @ 163
Event: 2.794 Thread 0x00007ff25c00a000 Uncommon trap: reason=unstable_if action=reinterpret pc=0x00007ff24d623368 method=com.android.dx.dex.code.OutputFinisher.findOpcodeForInsn(Lcom/android/dx/dex/code/DalvInsn;Lcom/android/dx/dex/code/Dop;)Lcom/android/dx/dex/code/Dop; @ 1
Event: 2.886 Thread 0x00007ff25c00a000 Uncommon trap: reason=unstable_if action=reinterpret pc=0x00007ff24d5307c4 method=com.android.dx.rop.code.RegisterSpecSet.equals(Ljava/lang/Object;)Z @ 30
Event: 2.960 Thread 0x00007ff25c00a000 Uncommon trap: reason=unstable_if action=reinterpret pc=0x00007ff24d68f83c method=com.android.dx.util.ByteArrayAnnotatedOutput.ensureCapacity(I)V @ 6
Event: 2.965 Thread 0x00007ff25c00a000 Uncommon trap: reason=unstable_if action=reinterpret pc=0x00007ff24d68f534 method=com.android.dx.util.ByteArrayAnnotatedOutput.ensureCapacity(I)V @ 6
Event: 3.000 Thread 0x00007ff25c00a000 Uncommon trap: reason=unstable_if action=reinterpret pc=0x00007ff24d69f9d0 method=com.android.dx.util.ByteArrayAnnotatedOutput.writeByte(I)V @ 13

Internal exceptions (3 events):
Event: 0.031 Thread 0x00007ff25c00a000 Exception <a 'java/lang/NoSuchMethodError': Method sun.misc.Unsafe.defineClass(Ljava/lang/String;[BII)Ljava/lang/Class; name or signature does not match> (0x00000000eab12b90) thrown at [/HUDSON/workspace/8-2-build-linux-amd64/jdk8u66/4988/hotspot/src/shar
Event: 0.031 Thread 0x00007ff25c00a000 Exception <a 'java/lang/NoSuchMethodError': Method sun.misc.Unsafe.prefetchRead(Ljava/lang/Object;J)V name or signature does not match> (0x00000000eab12e78) thrown at [/HUDSON/workspace/8-2-build-linux-amd64/jdk8u66/4988/hotspot/src/share/vm/prims/jni.cpp
Event: 1.314 Thread 0x00007ff25c00a000 Implicit null exception at 0x00007ff24d253fe2 to 0x00007ff24d254082

Events (10 events):
Event: 2.965 Thread 0x00007ff25c00a000 Uncommon trap: trap_request=0xffffff65 fr.pc=0x00007ff24d68f534
Event: 2.965 Thread 0x00007ff25c00a000 DEOPT PACKING pc=0x00007ff24d68f534 sp=0x00007ff264e6e2f0
Event: 2.965 Thread 0x00007ff25c00a000 DEOPT UNPACKING pc=0x00007ff24d004f69 sp=0x00007ff264e6e258 mode 2
Event: 2.987 loading class com/android/dx/dex/file/MapItem
Event: 2.987 loading class com/android/dx/dex/file/MapItem done
Event: 2.999 loading class com/android/dex/DexFormat
Event: 2.999 loading class com/android/dex/DexFormat done
Event: 3.000 Thread 0x00007ff25c00a000 Uncommon trap: trap_request=0xffffff65 fr.pc=0x00007ff24d69f9d0
Event: 3.000 Thread 0x00007ff25c00a000 DEOPT PACKING pc=0x00007ff24d69f9d0 sp=0x00007ff264e6e460
Event: 3.000 Thread 0x00007ff25c00a000 DEOPT UNPACKING pc=0x00007ff24d004f69 sp=0x00007ff264e6e448 mode 2


Dynamic libraries:
00400000-00401000 r-xp 00000000 08:12 4072075                            /usr/lib/jvm/java-8-oracle/bin/java
00600000-00601000 rw-p 00000000 08:12 4072075                            /usr/lib/jvm/java-8-oracle/bin/java
00776000-00797000 rw-p 00000000 00:00 0                                  [heap]
c0000000-c5400000 rw-p 00000000 00:00 0 
c5400000-eab00000 ---p 00000000 00:00 0 
eab00000-ef500000 rw-p 00000000 00:00 0 
ef500000-100000000 ---p 00000000 00:00 0 
100000000-1000a0000 rw-p 00000000 00:00 0 
1000a0000-140000000 ---p 00000000 00:00 0 
7ff210000000-7ff210021000 rw-p 00000000 00:00 0 
7ff210021000-7ff214000000 ---p 00000000 00:00 0 
7ff214000000-7ff214021000 rw-p 00000000 00:00 0 
7ff214021000-7ff218000000 ---p 00000000 00:00 0 
7ff218000000-7ff218a5b000 rw-p 00000000 00:00 0 
7ff218a5b000-7ff21c000000 ---p 00000000 00:00 0 
7ff21c000000-7ff21c5a2000 rw-p 00000000 00:00 0 
7ff21c5a2000-7ff220000000 ---p 00000000 00:00 0 
7ff220000000-7ff220021000 rw-p 00000000 00:00 0 
7ff220021000-7ff224000000 ---p 00000000 00:00 0 
7ff224000000-7ff224656000 rw-p 00000000 00:00 0 
7ff224656000-7ff228000000 ---p 00000000 00:00 0 
7ff228000000-7ff228021000 rw-p 00000000 00:00 0 
7ff228021000-7ff22c000000 ---p 00000000 00:00 0 
7ff22c000000-7ff22c021000 rw-p 00000000 00:00 0 
7ff22c021000-7ff230000000 ---p 00000000 00:00 0 
7ff230000000-7ff230021000 rw-p 00000000 00:00 0 
7ff230021000-7ff234000000 ---p 00000000 00:00 0 
7ff234000000-7ff234021000 rw-p 00000000 00:00 0 
7ff234021000-7ff238000000 ---p 00000000 00:00 0 
7ff238000000-7ff238021000 rw-p 00000000 00:00 0 
7ff238021000-7ff23c000000 ---p 00000000 00:00 0 
7ff240000000-7ff240021000 rw-p 00000000 00:00 0 
7ff240021000-7ff244000000 ---p 00000000 00:00 0 
7ff2456dc000-7ff2456dd000 ---p 00000000 00:00 0 
7ff2456dd000-7ff2457dd000 rw-p 00000000 00:00 0                          [stack:22882]
7ff2457dd000-7ff2457e0000 ---p 00000000 00:00 0 
7ff2457e0000-7ff2458de000 rw-p 00000000 00:00 0                          [stack:22881]
7ff2458de000-7ff246000000 r--p 00000000 08:12 3546878                    /usr/lib/locale/locale-archive
7ff246000000-7ff248000000 rw-p 00000000 00:00 0 
7ff248000000-7ff248021000 rw-p 00000000 00:00 0 
7ff248021000-7ff24c000000 ---p 00000000 00:00 0 
7ff24c0c1000-7ff24c0d0000 r--s 000dd000 08:12 1704044                    /opt/android-sdk-linux/build-tools/21.1.2/lib/dx.jar
7ff24c0d0000-7ff24c0d3000 ---p 00000000 00:00 0 
7ff24c0d3000-7ff24c1d1000 rw-p 00000000 00:00 0                          [stack:22880]
7ff24c1d1000-7ff24c1d4000 ---p 00000000 00:00 0 
7ff24c1d4000-7ff24c2d2000 rw-p 00000000 00:00 0                          [stack:22879]
7ff24c2d2000-7ff24c2d5000 ---p 00000000 00:00 0 
7ff24c2d5000-7ff24c3d3000 rw-p 00000000 00:00 0                          [stack:22878]
7ff24c3d3000-7ff24c3d6000 ---p 00000000 00:00 0 
7ff24c3d6000-7ff24c4d4000 rw-p 00000000 00:00 0                          [stack:22877]
7ff24c4d4000-7ff24c4d7000 ---p 00000000 00:00 0 
7ff24c4d7000-7ff24c5d5000 rw-p 00000000 00:00 0                          [stack:22876]
7ff24c5d5000-7ff24c5d8000 ---p 00000000 00:00 0 
7ff24c5d8000-7ff24c6d6000 rw-p 00000000 00:00 0                          [stack:22875]
7ff24c6d6000-7ff24c6d7000 ---p 00000000 00:00 0 
7ff24c6d7000-7ff24d000000 rw-p 00000000 00:00 0                          [stack:22874]
7ff24d000000-7ff24d6e0000 rwxp 00000000 00:00 0 
7ff24d6e0000-7ff25c000000 ---p 00000000 00:00 0 
7ff25c000000-7ff25c4b1000 rw-p 00000000 00:00 0 
7ff25c4b1000-7ff260000000 ---p 00000000 00:00 0 
7ff260002000-7ff26078d000 rw-p 00000000 00:00 0 
7ff26078d000-7ff260966000 r--s 03d20000 08:12 4198918                    /usr/lib/jvm/java-8-oracle/jre/lib/rt.jar
7ff260966000-7ff26109c000 rw-p 00000000 00:00 0 
7ff26109c000-7ff2611dc000 ---p 00000000 00:00 0 
7ff2611dc000-7ff2613dc000 rw-p 00000000 00:00 0 
7ff2613dc000-7ff2613dd000 ---p 00000000 00:00 0 
7ff2613dd000-7ff2614dd000 rw-p 00000000 00:00 0                          [stack:22873]
7ff2614dd000-7ff2614de000 ---p 00000000 00:00 0 
7ff2614de000-7ff2615de000 rw-p 00000000 00:00 0                          [stack:22872]
7ff2615de000-7ff2615df000 ---p 00000000 00:00 0 
7ff2615df000-7ff2616df000 rw-p 00000000 00:00 0                          [stack:22871]
7ff2616df000-7ff2616e0000 ---p 00000000 00:00 0 
7ff2616e0000-7ff26180a000 rw-p 00000000 00:00 0                          [stack:22870]
7ff26180a000-7ff261936000 ---p 00000000 00:00 0 
7ff261936000-7ff261960000 rw-p 00000000 00:00 0 
7ff261960000-7ff261a8b000 ---p 00000000 00:00 0 
7ff261a8b000-7ff261ab1000 rw-p 00000000 00:00 0 
7ff261ab1000-7ff261b36000 ---p 00000000 00:00 0 
7ff261b36000-7ff261b53000 rw-p 00000000 00:00 0 
7ff261b53000-7ff261ef7000 ---p 00000000 00:00 0 
7ff261ef7000-7ff261f11000 r-xp 00000000 08:12 4203595                    /usr/lib/jvm/java-8-oracle/jre/lib/amd64/libzip.so
7ff261f11000-7ff262111000 ---p 0001a000 08:12 4203595                    /usr/lib/jvm/java-8-oracle/jre/lib/amd64/libzip.so
7ff262111000-7ff262112000 rw-p 0001a000 08:12 4203595                    /usr/lib/jvm/java-8-oracle/jre/lib/amd64/libzip.so
7ff262112000-7ff26211e000 r-xp 00000000 08:12 266670                     /lib/x86_64-linux-gnu/libnss_files-2.21.so
7ff26211e000-7ff26231d000 ---p 0000c000 08:12 266670                     /lib/x86_64-linux-gnu/libnss_files-2.21.so
7ff26231d000-7ff26231e000 r--p 0000b000 08:12 266670                     /lib/x86_64-linux-gnu/libnss_files-2.21.so
7ff26231e000-7ff26231f000 rw-p 0000c000 08:12 266670                     /lib/x86_64-linux-gnu/libnss_files-2.21.so
7ff26231f000-7ff26232a000 r-xp 00000000 08:12 266680                     /lib/x86_64-linux-gnu/libnss_nis-2.21.so
7ff26232a000-7ff262529000 ---p 0000b000 08:12 266680                     /lib/x86_64-linux-gnu/libnss_nis-2.21.so
7ff262529000-7ff26252a000 r--p 0000a000 08:12 266680                     /lib/x86_64-linux-gnu/libnss_nis-2.21.so
7ff26252a000-7ff26252b000 rw-p 0000b000 08:12 266680                     /lib/x86_64-linux-gnu/libnss_nis-2.21.so
7ff26252b000-7ff262542000 r-xp 00000000 08:12 266664                     /lib/x86_64-linux-gnu/libnsl-2.21.so
7ff262542000-7ff262741000 ---p 00017000 08:12 266664                     /lib/x86_64-linux-gnu/libnsl-2.21.so
7ff262741000-7ff262742000 r--p 00016000 08:12 266664                     /lib/x86_64-linux-gnu/libnsl-2.21.so
7ff262742000-7ff262743000 rw-p 00017000 08:12 266664                     /lib/x86_64-linux-gnu/libnsl-2.21.so
7ff262743000-7ff262745000 rw-p 00000000 00:00 0 
7ff262745000-7ff26274d000 r-xp 00000000 08:12 266666                     /lib/x86_64-linux-gnu/libnss_compat-2.21.so
7ff26274d000-7ff26294c000 ---p 00008000 08:12 266666                     /lib/x86_64-linux-gnu/libnss_compat-2.21.so
7ff26294c000-7ff26294d000 r--p 00007000 08:12 266666                     /lib/x86_64-linux-gnu/libnss_compat-2.21.so
7ff26294d000-7ff26294e000 rw-p 00008000 08:12 266666                     /lib/x86_64-linux-gnu/libnss_compat-2.21.so
7ff26294e000-7ff262978000 r-xp 00000000 08:12 4203590                    /usr/lib/jvm/java-8-oracle/jre/lib/amd64/libjava.so
7ff262978000-7ff262b78000 ---p 0002a000 08:12 4203590                    /usr/lib/jvm/java-8-oracle/jre/lib/amd64/libjava.so
7ff262b78000-7ff262b7a000 rw-p 0002a000 08:12 4203590                    /usr/lib/jvm/java-8-oracle/jre/lib/amd64/libjava.so
7ff262b7a000-7ff262b87000 r-xp 00000000 08:12 4203594                    /usr/lib/jvm/java-8-oracle/jre/lib/amd64/libverify.so
7ff262b87000-7ff262d87000 ---p 0000d000 08:12 4203594                    /usr/lib/jvm/java-8-oracle/jre/lib/amd64/libverify.so
7ff262d87000-7ff262d89000 rw-p 0000d000 08:12 4203594                    /usr/lib/jvm/java-8-oracle/jre/lib/amd64/libverify.so
7ff262d89000-7ff262d90000 r-xp 00000000 08:12 266725                     /lib/x86_64-linux-gnu/librt-2.21.so
7ff262d90000-7ff262f8f000 ---p 00007000 08:12 266725                     /lib/x86_64-linux-gnu/librt-2.21.so
7ff262f8f000-7ff262f90000 r--p 00006000 08:12 266725                     /lib/x86_64-linux-gnu/librt-2.21.so
7ff262f90000-7ff262f91000 rw-p 00007000 08:12 266725                     /lib/x86_64-linux-gnu/librt-2.21.so
7ff262f91000-7ff263098000 r-xp 00000000 08:12 266643                     /lib/x86_64-linux-gnu/libm-2.21.so
7ff263098000-7ff263297000 ---p 00107000 08:12 266643                     /lib/x86_64-linux-gnu/libm-2.21.so
7ff263297000-7ff263298000 r--p 00106000 08:12 266643                     /lib/x86_64-linux-gnu/libm-2.21.so
7ff263298000-7ff263299000 rw-p 00107000 08:12 266643                     /lib/x86_64-linux-gnu/libm-2.21.so
7ff263299000-7ff263f57000 r-xp 00000000 08:12 4201549                    /usr/lib/jvm/java-8-oracle/jre/lib/amd64/server/libjvm.so
7ff263f57000-7ff264156000 ---p 00cbe000 08:12 4201549                    /usr/lib/jvm/java-8-oracle/jre/lib/amd64/server/libjvm.so
7ff264156000-7ff26422f000 rw-p 00cbd000 08:12 4201549                    /usr/lib/jvm/java-8-oracle/jre/lib/amd64/server/libjvm.so
7ff26422f000-7ff264273000 rw-p 00000000 00:00 0 
7ff264273000-7ff264433000 r-xp 00000000 08:12 266584                     /lib/x86_64-linux-gnu/libc-2.21.so
7ff264433000-7ff264633000 ---p 001c0000 08:12 266584                     /lib/x86_64-linux-gnu/libc-2.21.so
7ff264633000-7ff264637000 r--p 001c0000 08:12 266584                     /lib/x86_64-linux-gnu/libc-2.21.so
7ff264637000-7ff264639000 rw-p 001c4000 08:12 266584                     /lib/x86_64-linux-gnu/libc-2.21.so
7ff264639000-7ff26463d000 rw-p 00000000 00:00 0 
7ff26463d000-7ff264640000 r-xp 00000000 08:12 266601                     /lib/x86_64-linux-gnu/libdl-2.21.so
7ff264640000-7ff26483f000 ---p 00003000 08:12 266601                     /lib/x86_64-linux-gnu/libdl-2.21.so
7ff26483f000-7ff264840000 r--p 00002000 08:12 266601                     /lib/x86_64-linux-gnu/libdl-2.21.so
7ff264840000-7ff264841000 rw-p 00003000 08:12 266601                     /lib/x86_64-linux-gnu/libdl-2.21.so
7ff264841000-7ff264856000 r-xp 00000000 08:12 4198721                    /usr/lib/jvm/java-8-oracle/lib/amd64/jli/libjli.so
7ff264856000-7ff264a56000 ---p 00015000 08:12 4198721                    /usr/lib/jvm/java-8-oracle/lib/amd64/jli/libjli.so
7ff264a56000-7ff264a57000 rw-p 00015000 08:12 4198721                    /usr/lib/jvm/java-8-oracle/lib/amd64/jli/libjli.so
7ff264a57000-7ff264a6f000 r-xp 00000000 08:12 266717                     /lib/x86_64-linux-gnu/libpthread-2.21.so
7ff264a6f000-7ff264c6f000 ---p 00018000 08:12 266717                     /lib/x86_64-linux-gnu/libpthread-2.21.so
7ff264c6f000-7ff264c70000 r--p 00018000 08:12 266717                     /lib/x86_64-linux-gnu/libpthread-2.21.so
7ff264c70000-7ff264c71000 rw-p 00019000 08:12 266717                     /lib/x86_64-linux-gnu/libpthread-2.21.so
7ff264c71000-7ff264c75000 rw-p 00000000 00:00 0 
7ff264c75000-7ff264c99000 r-xp 00000000 08:12 266556                     /lib/x86_64-linux-gnu/ld-2.21.so
7ff264c9d000-7ff264d6f000 rw-p 00000000 00:00 0 
7ff264d6f000-7ff264d72000 ---p 00000000 00:00 0 
7ff264d72000-7ff264e74000 rw-p 00000000 00:00 0                          [stack:22869]
7ff264e75000-7ff264e8c000 rw-p 00000000 00:00 0 
7ff264e8c000-7ff264e94000 rw-s 00000000 08:12 4063901                    /tmp/hsperfdata_duke/22863
7ff264e94000-7ff264e95000 rw-p 00000000 00:00 0 
7ff264e95000-7ff264e96000 r--p 00000000 00:00 0 
7ff264e96000-7ff264e98000 rw-p 00000000 00:00 0 
7ff264e98000-7ff264e99000 r--p 00023000 08:12 266556                     /lib/x86_64-linux-gnu/ld-2.21.so
7ff264e99000-7ff264e9a000 rw-p 00024000 08:12 266556                     /lib/x86_64-linux-gnu/ld-2.21.so
7ff264e9a000-7ff264e9b000 rw-p 00000000 00:00 0 
7ffda3b12000-7ffda3b33000 rw-p 00000000 00:00 0                          [stack]
7ffda3bbb000-7ffda3bbd000 r--p 00000000 00:00 0                          [vvar]
7ffda3bbd000-7ffda3bbf000 r-xp 00000000 00:00 0                          [vdso]
ffffffffff600000-ffffffffff601000 r-xp 00000000 00:00 0                  [vsyscall]

VM Arguments:
jvm_args: -Xmx1024M -Dfile.encoding=UTF-8 -Duser.country=US -Duser.language=en -Duser.variant 
java_command: com.android.dx.command.Main --dex --output /home/duke/AndroidStudioProjects/MasterSahab/app/build/intermediates/dex/debug /home/duke/AndroidStudioProjects/MasterSahab/app/build/intermediates/classes/debug /home/duke/AndroidStudioProjects/MasterSahab/app/build/intermediates/pre-dexed/debug/support-annotations-22.2.0-d11b86e8a8d5a60125987e55ed19da6fe916ed6c.jar /home/duke/AndroidStudioProjects/MasterSahab/app/build/intermediates/pre-dexed/debug/internal_impl-22.2.0-9fd2cdf11b2cb58a68c8003917e19ca6197745ad.jar /home/duke/AndroidStudioProjects/MasterSahab/app/build/intermediates/pre-dexed/debug/classes-8ef248cfe074cd8203cc4c867f71e14f57d6780a.jar /home/duke/AndroidStudioProjects/MasterSahab/app/build/intermediates/pre-dexed/debug/classes-dccf93463063885d5b233794907a60cd6aefb60c.jar
java_class_path (initial): /opt/android-sdk-linux/build-tools/21.1.2/lib/dx.jar
Launcher Type: SUN_STANDARD

Environment Variables:
JAVA_HOME=/usr/lib/jvm/java-8-oracle
PATH=/usr/local/sbin:/usr/local/bin:/usr/sbin:/usr/bin:/sbin:/bin:/usr/games:/usr/local/games:/usr/lib/jvm/java-8-oracle/bin:/usr/lib/jvm/java-8-oracle/db/bin:/usr/lib/jvm/java-8-oracle/jre/bin
LD_LIBRARY_PATH=/home/duke/Apps/android-studio/bin:
SHELL=/bin/bash
DISPLAY=:0

Signal Handlers:
SIGSEGV: [libjvm.so+0xaba2a0], sa_mask[0]=11111111011111111101111111111110, sa_flags=SA_RESTART|SA_SIGINFO
SIGBUS: [libjvm.so+0xaba2a0], sa_mask[0]=11111111011111111101111111111110, sa_flags=SA_RESTART|SA_SIGINFO
SIGFPE: [libjvm.so+0x917710], sa_mask[0]=11111111011111111101111111111110, sa_flags=SA_RESTART|SA_SIGINFO
SIGPIPE: [libjvm.so+0x917710], sa_mask[0]=11111111011111111101111111111110, sa_flags=SA_RESTART|SA_SIGINFO
SIGXFSZ: [libjvm.so+0x917710], sa_mask[0]=11111111011111111101111111111110, sa_flags=SA_RESTART|SA_SIGINFO
SIGILL: [libjvm.so+0x917710], sa_mask[0]=11111111011111111101111111111110, sa_flags=SA_RESTART|SA_SIGINFO
SIGUSR1: SIG_DFL, sa_mask[0]=00000000000000000000000000000000, sa_flags=none
SIGUSR2: [libjvm.so+0x918d40], sa_mask[0]=00100000000000000000000000000000, sa_flags=SA_RESTART|SA_SIGINFO
SIGHUP: [libjvm.so+0x91a140], sa_mask[0]=11111111011111111101111111111110, sa_flags=SA_RESTART|SA_SIGINFO
SIGINT: [libjvm.so+0x91a140], sa_mask[0]=11111111011111111101111111111110, sa_flags=SA_RESTART|SA_SIGINFO
SIGTERM: [libjvm.so+0x91a140], sa_mask[0]=11111111011111111101111111111110, sa_flags=SA_RESTART|SA_SIGINFO
SIGQUIT: [libjvm.so+0x91a140], sa_mask[0]=11111111011111111101111111111110, sa_flags=SA_RESTART|SA_SIGINFO


---------------  S Y S T E M  ---------------

OS:DISTRIB_ID=Ubuntu
DISTRIB_RELEASE=15.10
DISTRIB_CODENAME=wily
DISTRIB_DESCRIPTION="Ubuntu 15.10"

uname:Linux 4.2.0-18-generic #22-Ubuntu SMP Fri Nov 6 18:25:50 UTC 2015 x86_64
libc:glibc 2.21 NPTL 2.21 
rlimit: STACK 8192k, CORE 0k, NPROC 31796, NOFILE 65536, AS infinity
load average:1.53 1.48 1.58

/proc/meminfo:
MemTotal:        8174580 kB
MemFree:           83544 kB
MemAvailable:    1696308 kB
Buffers:          291916 kB
Cached:          1888628 kB
SwapCached:        23832 kB
Active:          5300340 kB
Inactive:        2343424 kB
Active(anon):    4321112 kB
Inactive(anon):  1739612 kB
Active(file):     979228 kB
Inactive(file):   603812 kB
Unevictable:          32 kB
Mlocked:              32 kB
SwapTotal:       1998844 kB
SwapFree:        1748836 kB
Dirty:              7848 kB
Writeback:             0 kB
AnonPages:       5440008 kB
Mapped:           641736 kB
Shmem:            597504 kB
Slab:             130156 kB
SReclaimable:      72300 kB
SUnreclaim:        57856 kB
KernelStack:       10640 kB
PageTables:        51368 kB
NFS_Unstable:          0 kB
Bounce:                0 kB
WritebackTmp:          0 kB
CommitLimit:     6086132 kB
Committed_AS:    9906396 kB
VmallocTotal:   34359738367 kB
VmallocUsed:       93004 kB
VmallocChunk:   34359586812 kB
HardwareCorrupted:     0 kB
AnonHugePages:   3629056 kB
CmaTotal:              0 kB
CmaFree:               0 kB
HugePages_Total:       0
HugePages_Free:        0
HugePages_Rsvd:        0
HugePages_Surp:        0
Hugepagesize:       2048 kB
DirectMap4k:      633792 kB
DirectMap2M:     7753728 kB


CPU:total 4 (4 cores per cpu, 1 threads per core) family 6 model 15 stepping 11, cmov, cx8, fxsr, mmx, sse, sse2, sse3, ssse3, tsc

/proc/cpuinfo:
processor	: 0
vendor_id	: GenuineIntel
cpu family	: 6
model		: 15
model name	: Intel(R) Core(TM)2 Quad CPU    Q6600  @ 2.40GHz
stepping	: 11
microcode	: 0xba
cpu MHz		: 2400.000
cache size	: 4096 KB
physical id	: 0
siblings	: 4
core id		: 0
cpu cores	: 4
apicid		: 0
initial apicid	: 0
fpu		: yes
fpu_exception	: yes
cpuid level	: 10
wp		: yes
flags		: fpu vme de pse tsc msr pae mce cx8 apic sep mtrr pge mca cmov pat pse36 clflush dts acpi mmx fxsr sse sse2 ss ht tm pbe syscall nx lm constant_tsc arch_perfmon pebs bts rep_good nopl aperfmperf pni dtes64 monitor ds_cpl vmx est tm2 ssse3 cx16 xtpr pdcm lahf_lm dtherm tpr_shadow vnmi flexpriority
bugs		:
bogomips	: 4800.17
clflush size	: 64
cache_alignment	: 64
address sizes	: 36 bits physical, 48 bits virtual
power management:

processor	: 1
vendor_id	: GenuineIntel
cpu family	: 6
model		: 15
model name	: Intel(R) Core(TM)2 Quad CPU    Q6600  @ 2.40GHz
stepping	: 11
microcode	: 0xba
cpu MHz		: 2400.000
cache size	: 4096 KB
physical id	: 0
siblings	: 4
core id		: 3
cpu cores	: 4
apicid		: 3
initial apicid	: 3
fpu		: yes
fpu_exception	: yes
cpuid level	: 10
wp		: yes
flags		: fpu vme de pse tsc msr pae mce cx8 apic sep mtrr pge mca cmov pat pse36 clflush dts acpi mmx fxsr sse sse2 ss ht tm pbe syscall nx lm constant_tsc arch_perfmon pebs bts rep_good nopl aperfmperf pni dtes64 monitor ds_cpl vmx est tm2 ssse3 cx16 xtpr pdcm lahf_lm dtherm tpr_shadow vnmi flexpriority
bugs		:
bogomips	: 4800.17
clflush size	: 64
cache_alignment	: 64
address sizes	: 36 bits physical, 48 bits virtual
power management:

processor	: 2
vendor_id	: GenuineIntel
cpu family	: 6
model		: 15
model name	: Intel(R) Core(TM)2 Quad CPU    Q6600  @ 2.40GHz
stepping	: 11
microcode	: 0xba
cpu MHz		: 2400.000
cache size	: 4096 KB
physical id	: 0
siblings	: 4
core id		: 1
cpu cores	: 4
apicid		: 1
initial apicid	: 1
fpu		: yes
fpu_exception	: yes
cpuid level	: 10
wp		: yes
flags		: fpu vme de pse tsc msr pae mce cx8 apic sep mtrr pge mca cmov pat pse36 clflush dts acpi mmx fxsr sse sse2 ss ht tm pbe syscall nx lm constant_tsc arch_perfmon pebs bts rep_good nopl aperfmperf pni dtes64 monitor ds_cpl vmx est tm2 ssse3 cx16 xtpr pdcm lahf_lm dtherm tpr_shadow vnmi flexpriority
bugs		:
bogomips	: 4800.17
clflush size	: 64
cache_alignment	: 64
address sizes	: 36 bits physical, 48 bits virtual
power management:

processor	: 3
vendor_id	: GenuineIntel
cpu family	: 6
model		: 15
model name	: Intel(R) Core(TM)2 Quad CPU    Q6600  @ 2.40GHz
stepping	: 11
microcode	: 0xba
cpu MHz		: 2400.000
cache size	: 4096 KB
physical id	: 0
siblings	: 4
core id		: 2
cpu cores	: 4
apicid		: 2
initial apicid	: 2
fpu		: yes
fpu_exception	: yes
cpuid level	: 10
wp		: yes
flags		: fpu vme de pse tsc msr pae mce cx8 apic sep mtrr pge mca cmov pat pse36 clflush dts acpi mmx fxsr sse sse2 ss ht tm pbe syscall nx lm constant_tsc arch_perfmon pebs bts rep_good nopl aperfmperf pni dtes64 monitor ds_cpl vmx est tm2 ssse3 cx16 xtpr pdcm lahf_lm dtherm tpr_shadow vnmi flexpriority
bugs		:
bogomips	: 4800.17
clflush size	: 64
cache_alignment	: 64
address sizes	: 36 bits physical, 48 bits virtual
power management:



Memory: 4k page, physical 8174580k(83544k free), swap 1998844k(1748836k free)

vm_info: Java HotSpot(TM) 64-Bit Server VM (25.66-b17) for linux-amd64 JRE (1.8.0_66-b17), built on Oct  6 2015 17:28:34 by "java_re" with gcc 4.3.0 20080428 (Red Hat 4.3.0-8)

time: Sun Nov 29 20:10:12 2015
elapsed time: 3 seconds (0d 0h 0m 3s)

