#
# A fatal error has been detected by the Java Runtime Environment:
#
#  SIGSEGV (0xb) at pc=0x00007facd6005060, pid=10578, tid=140381748750080
#
# JRE version: Java(TM) SE Runtime Environment (8.0_66-b17) (build 1.8.0_66-b17)
# Java VM: Java HotSpot(TM) 64-Bit Server VM (25.66-b17 mixed mode linux-amd64 compressed oops)
# Problematic frame:
# C  0x00007facd6005060
#
# Failed to write core dump. Core dumps have been disabled. To enable core dumping, try "ulimit -c unlimited" before starting Java again
#
# If you would like to submit a bug report, please visit:
#   http://bugreport.java.com/bugreport/crash.jsp
#

---------------  T H R E A D  ---------------

Current thread (0x00007fad2400a000):  JavaThread "main" [_thread_in_Java, id=10584, stack(0x00007fad2c346000,0x00007fad2c447000)]

siginfo: si_signo: 11 (SIGSEGV), si_code: 1 (SEGV_MAPERR), si_addr: 0x00007facd6005060

Registers:
RAX=0x00007fad14d9e8e0, RBX=0x00000000ec1ab860, RCX=0x0000000000000002, RDX=0x00000000ec538b70
RSP=0x00007fad2c444878, RBP=0x00000000ec1ab4f8, RSI=0x00000000ec1ab860, RDI=0x00000000ec538b70
R8 =0x0000000000000004, R9 =0x0000000000000002, R10=0x00000001000816b8, R11=0x00000000ec003ce8
R12=0x0000000000000000, R13=0x00000000ec4510c0, R14=0x00000000000007ac, R15=0x00007fad2400a000
RIP=0x00007facd6005060, EFLAGS=0x0000000000010206, CSGSFS=0x0000000000000033, ERR=0x0000000000000014
  TRAPNO=0x000000000000000e

Top of Stack: (sp=0x00007fad2c444878)
0x00007fad2c444878:   00007fad152094cc 00007fad2400a000
0x00007fad2c444888:   00000000321ca237 00007fad2c4448e0
0x00007fad2c444898:   00007fad2af7f5e4 00000000ec538ad8
0x00007fad2c4448a8:   00000000ec1ab860 0000000000000148
0x00007fad2c4448b8:   00007fad14800640 00000000ec1ab4f8
0x00007fad2c4448c8:   00007fad153c2038 0000000000000687
0x00007fad2c4448d8:   00007fad2400a000 00007fad2c444930
0x00007fad2c4448e8:   00007fad1512a466 00000000ec16d9b0
0x00007fad2c4448f8:   ffff000000000000 00007fad2400a000
0x00007fad2c444908:   0000000000000698 00000000ec4510c0
0x00007fad2c444918:   0000000000000000 00007fad2890d000
0x00007fad2c444928:   0000000000000000 00000000ec1ab4f8
0x00007fad2c444938:   00007fad15380a04 0000000000000002
0x00007fad2c444948:   00000000ec16d9b0 000000002000fba1
0x00007fad2c444958:   00000000ec538ad8 0000000000762912
0x00007fad2c444968:   00007fad14cfb9a8 0000000000000000
0x00007fad2c444978:   00000000ec5224a0 00007fad2c444b38
0x00007fad2c444988:   00007fad1520f90c ffffffffffffffff
0x00007fad2c444998:   00007fad14cfb9a8 00007fad2c4449d0
0x00007fad2c4449a8:   00007fad2c4449d0 00000000ec5224a0
0x00007fad2c4449b8:   00007fad14cfb7c8 00000000ec170dc8
0x00007fad2c4449c8:   00000000ec5224a0 00007fad2c444b38
0x00007fad2c4449d8:   00007fad15217c3f ffffffffffffffff
0x00007fad2c4449e8:   00007fad14cfb7c8 00007fad2400a000
0x00007fad2c4449f8:   00007fad2c444b80 00007fad2c444ae0
0x00007fad2c444a08:   0000000000000000 00000000ec538ad8
0x00007fad2c444a18:   00000000ec16d6d0 0000000100000000
0x00007fad2c444a28:   00000000ec16d9b0 0000000000000001
0x00007fad2c444a38:   00000000ec538ab8 00007fad2c444a70
0x00007fad2c444a48:   00007fad2c444a70 00000000ec4532a0
0x00007fad2c444a58:   00000000ec4510c0 0000000000000000
0x00007fad2c444a68:   00007fad14cfa810 00007fad2c444b38 

Instructions: (pc=0x00007facd6005060)
0x00007facd6005040:   
[error occurred during error reporting (printing registers, top of stack, instructions near pc), id 0xb]

Register to memory mapping:

RAX=0x00007fad14d9e8e0 is pointing into metadata
RBX=0x00000000ec1ab860 is an oop
com.android.dx.ssa.NormalSsaInsn 
 - klass: 'com/android/dx/ssa/NormalSsaInsn'
RCX=0x0000000000000002 is an unknown value
RDX=0x00000000ec538b70 is an oop
com.android.dx.ssa.SsaRenamer$BlockRenamer$RenamingMapper 
 - klass: 'com/android/dx/ssa/SsaRenamer$BlockRenamer$RenamingMapper'
RSP=0x00007fad2c444878 is pointing into the stack for thread: 0x00007fad2400a000
RBP=0x00000000ec1ab4f8 is an oop
com.android.dx.ssa.SsaBasicBlock 
 - klass: 'com/android/dx/ssa/SsaBasicBlock'
RSI=0x00000000ec1ab860 is an oop
com.android.dx.ssa.NormalSsaInsn 
 - klass: 'com/android/dx/ssa/NormalSsaInsn'
RDI=0x00000000ec538b70 is an oop
com.android.dx.ssa.SsaRenamer$BlockRenamer$RenamingMapper 
 - klass: 'com/android/dx/ssa/SsaRenamer$BlockRenamer$RenamingMapper'
R8 =0x0000000000000004 is an unknown value
R9 =0x0000000000000002 is an unknown value
R10=0x00000001000816b8 is pointing into metadata
R11=0x00000000ec003ce8 is an oop
com.android.dx.rop.code.PlainInsn 
 - klass: 'com/android/dx/rop/code/PlainInsn'
R12=0x0000000000000000 is an unknown value
R13=0x00000000ec4510c0 is an oop
[[Lcom.android.dx.rop.code.RegisterSpec; 
 - klass: 'com/android/dx/rop/code/RegisterSpec'[][]
 - length: 2127
R14=0x00000000000007ac is an unknown value
R15=0x00007fad2400a000 is a thread


Stack: [0x00007fad2c346000,0x00007fad2c447000],  sp=0x00007fad2c444878,  free space=1018k
Native frames: (J=compiled Java code, j=interpreted, Vv=VM code, C=native code)
C  0x00007facd6005060


---------------  P R O C E S S  ---------------

Java Threads: ( => current thread )
  0x00007fad240cb000 JavaThread "Service Thread" daemon [_thread_blocked, id=10596, stack(0x00007fad00dd3000,0x00007fad00ed4000)]
  0x00007fad240bd800 JavaThread "C1 CompilerThread2" daemon [_thread_blocked, id=10595, stack(0x00007fad00ed4000,0x00007fad00fd5000)]
  0x00007fad240bb800 JavaThread "C2 CompilerThread1" daemon [_thread_in_native, id=10594, stack(0x00007fad00fd5000,0x00007fad010d6000)]
  0x00007fad240b8800 JavaThread "C2 CompilerThread0" daemon [_thread_in_native, id=10593, stack(0x00007fad010d6000,0x00007fad011d7000)]
  0x00007fad240b7000 JavaThread "Signal Dispatcher" daemon [_thread_blocked, id=10592, stack(0x00007fad011d7000,0x00007fad012d8000)]
  0x00007fad2407f800 JavaThread "Finalizer" daemon [_thread_blocked, id=10591, stack(0x00007fad019fa000,0x00007fad01afb000)]
  0x00007fad2407d000 JavaThread "Reference Handler" daemon [_thread_blocked, id=10590, stack(0x00007fad01afb000,0x00007fad01bfc000)]
=>0x00007fad2400a000 JavaThread "main" [_thread_in_Java, id=10584, stack(0x00007fad2c346000,0x00007fad2c447000)]

Other Threads:
  0x00007fad24078000 VMThread [stack: 0x00007fad01bfc000,0x00007fad01cfd000] [id=10589]
  0x00007fad240cd800 WatcherThread [stack: 0x00007fad00cd2000,0x00007fad00dd3000] [id=10597]

VM state:not at safepoint (normal execution)

VM Mutex/Monitor currently owned by a thread: None

Heap:
 PSYoungGen      total 37888K, used 27145K [0x00000000eab00000, 0x00000000ed500000, 0x0000000100000000)
  eden space 32768K, 82% used [0x00000000eab00000,0x00000000ec582610,0x00000000ecb00000)
  from space 5120K, 0% used [0x00000000ed000000,0x00000000ed000000,0x00000000ed500000)
  to   space 5120K, 0% used [0x00000000ecb00000,0x00000000ecb00000,0x00000000ed000000)
 ParOldGen       total 86016K, used 0K [0x00000000c0000000, 0x00000000c5400000, 0x00000000eab00000)
  object space 86016K, 0% used [0x00000000c0000000,0x00000000c0000000,0x00000000c5400000)
 Metaspace       used 5262K, capacity 6768K, committed 7040K, reserved 1056768K
  class space    used 532K, capacity 616K, committed 640K, reserved 1048576K

Card table byte_map: [0x00007fad28f0d000,0x00007fad2910e000] byte_map_base: 0x00007fad2890d000

Marking Bits: (ParMarkBitMap*) 0x00007fad2b81f020
 Begin Bits: [0x00007fad02000000, 0x00007fad03000000)
 End Bits:   [0x00007fad03000000, 0x00007fad04000000)

Polling page: 0x00007fad2c46c000

CodeCache: size=245760Kb used=3863Kb max_used=3866Kb free=241896Kb
 bounds [0x00007fad15000000, 0x00007fad153d0000, 0x00007fad24000000]
 total_blobs=1235 nmethods=979 adapters=170
 compilation: enabled

Compilation events (10 events):
Event: 0.834 Thread 0x00007fad240bd800 nmethod 989 0x00007fad153bc190 code [0x00007fad153bc300, 0x00007fad153bc548]
Event: 0.834 Thread 0x00007fad240bd800  990       2       com.android.dx.ssa.SsaBasicBlock::addPhiInsnForReg (18 bytes)
Event: 0.834 Thread 0x00007fad240bd800 nmethod 990 0x00007fad153bc750 code [0x00007fad153bc8e0, 0x00007fad153bcca8]
Event: 0.834 Thread 0x00007fad240bd800  991       2       com.android.dx.ssa.PhiInsn::<init> (29 bytes)
Event: 0.835 Thread 0x00007fad240bd800 nmethod 991 0x00007fad153be410 code [0x00007fad153be5a0, 0x00007fad153be8b8]
Event: 0.837 Thread 0x00007fad240b8800 nmethod 945 0x00007fad153c1c10 code [0x00007fad153c1fe0, 0x00007fad153c3a08]
Event: 0.837 Thread 0x00007fad240b8800  986       4       com.android.dx.rop.code.RegisterSpecSet::mutableCopy (57 bytes)
Event: 0.840 Thread 0x00007fad240bd800  993       2       com.android.dx.ssa.SsaRenamer::setNameForSsaReg (54 bytes)
Event: 0.841 Thread 0x00007fad240bd800 nmethod 993 0x00007fad153c0fd0 code [0x00007fad153c1180, 0x00007fad153c1638]
Event: 0.843 Thread 0x00007fad240bb800 nmethod 890 0x00007fad153c9050 code [0x00007fad153c92a0, 0x00007fad153ca328]

GC Heap History (0 events):
No events

Deoptimization events (10 events):
Event: 0.655 Thread 0x00007fad2400a000 Uncommon trap: reason=class_check action=maybe_recompile pc=0x00007fad15239650 method=com.android.dx.ssa.NormalSsaInsn.accept(Lcom/android/dx/ssa/SsaInsn$Visitor;)V @ 9
Event: 0.655 Thread 0x00007fad2400a000 Uncommon trap: reason=class_check action=maybe_recompile pc=0x00007fad15239650 method=com.android.dx.ssa.NormalSsaInsn.accept(Lcom/android/dx/ssa/SsaInsn$Visitor;)V @ 9
Event: 0.655 Thread 0x00007fad2400a000 Uncommon trap: reason=class_check action=maybe_recompile pc=0x00007fad15255054 method=com.android.dx.ssa.NormalSsaInsn.accept(Lcom/android/dx/ssa/SsaInsn$Visitor;)V @ 9
Event: 0.677 Thread 0x00007fad2400a000 Uncommon trap: reason=class_check action=maybe_recompile pc=0x00007fad152e81d4 method=java.util.Collections$UnmodifiableCollection$1.hasNext()Z @ 4
Event: 0.677 Thread 0x00007fad2400a000 Uncommon trap: reason=class_check action=maybe_recompile pc=0x00007fad152e81d4 method=java.util.Collections$UnmodifiableCollection$1.hasNext()Z @ 4
Event: 0.677 Thread 0x00007fad2400a000 Uncommon trap: reason=class_check action=maybe_recompile pc=0x00007fad152e81d4 method=java.util.Collections$UnmodifiableCollection$1.hasNext()Z @ 4
Event: 0.679 Thread 0x00007fad2400a000 Uncommon trap: reason=class_check action=maybe_recompile pc=0x00007fad152e81d4 method=java.util.Collections$UnmodifiableCollection$1.hasNext()Z @ 4
Event: 0.684 Thread 0x00007fad2400a000 Uncommon trap: reason=unstable_if action=reinterpret pc=0x00007fad1534de30 method=com.android.dx.rop.code.RegisterSpecSet.put(Lcom/android/dx/rop/code/RegisterSpec;)V @ 77
Event: 0.684 Thread 0x00007fad2400a000 Uncommon trap: reason=unstable_if action=reinterpret pc=0x00007fad152d6ec4 method=com.android.dx.rop.code.RegisterSpecSet.put(Lcom/android/dx/rop/code/RegisterSpec;)V @ 77
Event: 0.773 Thread 0x00007fad2400a000 Uncommon trap: reason=null_check action=make_not_entrant pc=0x00007fad1538c93c method=com.android.dx.ssa.SsaRenamer.getLocalForNewReg(I)Lcom/android/dx/rop/code/LocalItem; @ 19

Internal exceptions (3 events):
Event: 0.035 Thread 0x00007fad2400a000 Exception <a 'java/lang/NoSuchMethodError': Method sun.misc.Unsafe.defineClass(Ljava/lang/String;[BII)Ljava/lang/Class; name or signature does not match> (0x00000000eab12b90) thrown at [/HUDSON/workspace/8-2-build-linux-amd64/jdk8u66/4988/hotspot/src/shar
Event: 0.035 Thread 0x00007fad2400a000 Exception <a 'java/lang/NoSuchMethodError': Method sun.misc.Unsafe.prefetchRead(Ljava/lang/Object;J)V name or signature does not match> (0x00000000eab12e78) thrown at [/HUDSON/workspace/8-2-build-linux-amd64/jdk8u66/4988/hotspot/src/share/vm/prims/jni.cpp
Event: 0.773 Thread 0x00007fad2400a000 Implicit null exception at 0x00007fad1538b4b3 to 0x00007fad1538c90d

Events (10 events):
Event: 0.796 Thread 0x00007fad2400a000 DEOPT PACKING pc=0x00007fad151bc622 sp=0x00007fad2c4447c0
Event: 0.796 Thread 0x00007fad2400a000 DEOPT UNPACKING pc=0x00007fad15046f73 sp=0x00007fad2c444548 mode 0
Event: 0.797 Thread 0x00007fad2400a000 DEOPT PACKING pc=0x00007fad151bc622 sp=0x00007fad2c4447c0
Event: 0.797 Thread 0x00007fad2400a000 DEOPT UNPACKING pc=0x00007fad15046f73 sp=0x00007fad2c444548 mode 0
Event: 0.797 Thread 0x00007fad2400a000 DEOPT PACKING pc=0x00007fad151bc622 sp=0x00007fad2c4447c0
Event: 0.797 Thread 0x00007fad2400a000 DEOPT UNPACKING pc=0x00007fad15046f73 sp=0x00007fad2c444548 mode 0
Event: 0.799 Thread 0x00007fad2400a000 DEOPT PACKING pc=0x00007fad151bc622 sp=0x00007fad2c4447c0
Event: 0.800 Thread 0x00007fad2400a000 DEOPT UNPACKING pc=0x00007fad15046f73 sp=0x00007fad2c444548 mode 0
Event: 0.800 Thread 0x00007fad2400a000 DEOPT PACKING pc=0x00007fad151bc622 sp=0x00007fad2c444aa0
Event: 0.800 Thread 0x00007fad2400a000 DEOPT UNPACKING pc=0x00007fad15046f73 sp=0x00007fad2c444838 mode 0


Dynamic libraries:
00400000-00401000 r-xp 00000000 08:12 4072075                            /usr/lib/jvm/java-8-oracle/bin/java
00600000-00601000 rw-p 00000000 08:12 4072075                            /usr/lib/jvm/java-8-oracle/bin/java
00a44000-00a65000 rw-p 00000000 00:00 0                                  [heap]
c0000000-c5400000 rw-p 00000000 00:00 0 
c5400000-eab00000 ---p 00000000 00:00 0 
eab00000-ed500000 rw-p 00000000 00:00 0 
ed500000-100000000 ---p 00000000 00:00 0 
100000000-1000a0000 rw-p 00000000 00:00 0 
1000a0000-140000000 ---p 00000000 00:00 0 
7facdc000000-7facdc021000 rw-p 00000000 00:00 0 
7facdc021000-7face0000000 ---p 00000000 00:00 0 
7face0000000-7face0021000 rw-p 00000000 00:00 0 
7face0021000-7face4000000 ---p 00000000 00:00 0 
7face4000000-7face435c000 rw-p 00000000 00:00 0 
7face435c000-7face8000000 ---p 00000000 00:00 0 
7face8000000-7face839c000 rw-p 00000000 00:00 0 
7face839c000-7facec000000 ---p 00000000 00:00 0 
7facec000000-7facec021000 rw-p 00000000 00:00 0 
7facec021000-7facf0000000 ---p 00000000 00:00 0 
7facf0000000-7facf0412000 rw-p 00000000 00:00 0 
7facf0412000-7facf4000000 ---p 00000000 00:00 0 
7facf4000000-7facf4021000 rw-p 00000000 00:00 0 
7facf4021000-7facf8000000 ---p 00000000 00:00 0 
7facf8000000-7facf8021000 rw-p 00000000 00:00 0 
7facf8021000-7facfc000000 ---p 00000000 00:00 0 
7facfc000000-7facfc021000 rw-p 00000000 00:00 0 
7facfc021000-7fad00000000 ---p 00000000 00:00 0 
7fad00cd2000-7fad00cd3000 ---p 00000000 00:00 0 
7fad00cd3000-7fad00dd3000 rw-p 00000000 00:00 0                          [stack:10597]
7fad00dd3000-7fad00dd6000 ---p 00000000 00:00 0 
7fad00dd6000-7fad00ed4000 rw-p 00000000 00:00 0                          [stack:10596]
7fad00ed4000-7fad00ed7000 ---p 00000000 00:00 0 
7fad00ed7000-7fad00fd5000 rw-p 00000000 00:00 0                          [stack:10595]
7fad00fd5000-7fad00fd8000 ---p 00000000 00:00 0 
7fad00fd8000-7fad010d6000 rw-p 00000000 00:00 0                          [stack:10594]
7fad010d6000-7fad010d9000 ---p 00000000 00:00 0 
7fad010d9000-7fad011d7000 rw-p 00000000 00:00 0                          [stack:10593]
7fad011d7000-7fad011da000 ---p 00000000 00:00 0 
7fad011da000-7fad012d8000 rw-p 00000000 00:00 0                          [stack:10592]
7fad012d8000-7fad019fa000 r--p 00000000 08:12 3546878                    /usr/lib/locale/locale-archive
7fad019fa000-7fad019fd000 ---p 00000000 00:00 0 
7fad019fd000-7fad01afb000 rw-p 00000000 00:00 0                          [stack:10591]
7fad01afb000-7fad01afe000 ---p 00000000 00:00 0 
7fad01afe000-7fad01bfc000 rw-p 00000000 00:00 0                          [stack:10590]
7fad01bfc000-7fad01bfd000 ---p 00000000 00:00 0 
7fad01bfd000-7fad04000000 rw-p 00000000 00:00 0                          [stack:10589]
7fad04000000-7fad04021000 rw-p 00000000 00:00 0 
7fad04021000-7fad08000000 ---p 00000000 00:00 0 
7fad08000000-7fad08021000 rw-p 00000000 00:00 0 
7fad08021000-7fad0c000000 ---p 00000000 00:00 0 
7fad0c000000-7fad0c021000 rw-p 00000000 00:00 0 
7fad0c021000-7fad10000000 ---p 00000000 00:00 0 
7fad10000000-7fad10021000 rw-p 00000000 00:00 0 
7fad10021000-7fad14000000 ---p 00000000 00:00 0 
7fad14087000-7fad14096000 r--s 000dd000 08:12 1704044                    /opt/android-sdk-linux/build-tools/21.1.2/lib/dx.jar
7fad14096000-7fad14e40000 rw-p 00000000 00:00 0 
7fad14e40000-7fad15000000 ---p 00000000 00:00 0 
7fad15000000-7fad153d0000 rwxp 00000000 00:00 0 
7fad153d0000-7fad24000000 ---p 00000000 00:00 0 
7fad24000000-7fad243bf000 rw-p 00000000 00:00 0 
7fad243bf000-7fad28000000 ---p 00000000 00:00 0 
7fad2800b000-7fad2801d000 r--s 001fc000 08:12 4196211                    /usr/lib/jvm/java-8-oracle/jre/lib/ext/ojdbc6.jar
7fad2801d000-7fad28564000 rw-p 00000000 00:00 0 
7fad28564000-7fad2873d000 r--s 03d20000 08:12 4198918                    /usr/lib/jvm/java-8-oracle/jre/lib/rt.jar
7fad2873d000-7fad289b3000 rw-p 00000000 00:00 0 
7fad289b3000-7fad289b4000 ---p 00000000 00:00 0 
7fad289b4000-7fad28ab4000 rw-p 00000000 00:00 0                          [stack:10588]
7fad28ab4000-7fad28ab5000 ---p 00000000 00:00 0 
7fad28ab5000-7fad28bb5000 rw-p 00000000 00:00 0                          [stack:10587]
7fad28bb5000-7fad28bb6000 ---p 00000000 00:00 0 
7fad28bb6000-7fad28cb6000 rw-p 00000000 00:00 0                          [stack:10586]
7fad28cb6000-7fad28cb7000 ---p 00000000 00:00 0 
7fad28cb7000-7fad28de1000 rw-p 00000000 00:00 0                          [stack:10585]
7fad28de1000-7fad28f0d000 ---p 00000000 00:00 0 
7fad28f0d000-7fad28f37000 rw-p 00000000 00:00 0 
7fad28f37000-7fad29062000 ---p 00000000 00:00 0 
7fad29062000-7fad29078000 rw-p 00000000 00:00 0 
7fad29078000-7fad2910d000 ---p 00000000 00:00 0 
7fad2910d000-7fad2911e000 rw-p 00000000 00:00 0 
7fad2911e000-7fad294ce000 ---p 00000000 00:00 0 
7fad294ce000-7fad294e8000 r-xp 00000000 08:12 4203595                    /usr/lib/jvm/java-8-oracle/jre/lib/amd64/libzip.so
7fad294e8000-7fad296e8000 ---p 0001a000 08:12 4203595                    /usr/lib/jvm/java-8-oracle/jre/lib/amd64/libzip.so
7fad296e8000-7fad296e9000 rw-p 0001a000 08:12 4203595                    /usr/lib/jvm/java-8-oracle/jre/lib/amd64/libzip.so
7fad296e9000-7fad296f5000 r-xp 00000000 08:12 266670                     /lib/x86_64-linux-gnu/libnss_files-2.21.so
7fad296f5000-7fad298f4000 ---p 0000c000 08:12 266670                     /lib/x86_64-linux-gnu/libnss_files-2.21.so
7fad298f4000-7fad298f5000 r--p 0000b000 08:12 266670                     /lib/x86_64-linux-gnu/libnss_files-2.21.so
7fad298f5000-7fad298f6000 rw-p 0000c000 08:12 266670                     /lib/x86_64-linux-gnu/libnss_files-2.21.so
7fad298f6000-7fad29901000 r-xp 00000000 08:12 266680                     /lib/x86_64-linux-gnu/libnss_nis-2.21.so
7fad29901000-7fad29b00000 ---p 0000b000 08:12 266680                     /lib/x86_64-linux-gnu/libnss_nis-2.21.so
7fad29b00000-7fad29b01000 r--p 0000a000 08:12 266680                     /lib/x86_64-linux-gnu/libnss_nis-2.21.so
7fad29b01000-7fad29b02000 rw-p 0000b000 08:12 266680                     /lib/x86_64-linux-gnu/libnss_nis-2.21.so
7fad29b02000-7fad29b19000 r-xp 00000000 08:12 266664                     /lib/x86_64-linux-gnu/libnsl-2.21.so
7fad29b19000-7fad29d18000 ---p 00017000 08:12 266664                     /lib/x86_64-linux-gnu/libnsl-2.21.so
7fad29d18000-7fad29d19000 r--p 00016000 08:12 266664                     /lib/x86_64-linux-gnu/libnsl-2.21.so
7fad29d19000-7fad29d1a000 rw-p 00017000 08:12 266664                     /lib/x86_64-linux-gnu/libnsl-2.21.so
7fad29d1a000-7fad29d1c000 rw-p 00000000 00:00 0 
7fad29d1c000-7fad29d24000 r-xp 00000000 08:12 266666                     /lib/x86_64-linux-gnu/libnss_compat-2.21.so
7fad29d24000-7fad29f23000 ---p 00008000 08:12 266666                     /lib/x86_64-linux-gnu/libnss_compat-2.21.so
7fad29f23000-7fad29f24000 r--p 00007000 08:12 266666                     /lib/x86_64-linux-gnu/libnss_compat-2.21.so
7fad29f24000-7fad29f25000 rw-p 00008000 08:12 266666                     /lib/x86_64-linux-gnu/libnss_compat-2.21.so
7fad29f25000-7fad29f4f000 r-xp 00000000 08:12 4203590                    /usr/lib/jvm/java-8-oracle/jre/lib/amd64/libjava.so
7fad29f4f000-7fad2a14f000 ---p 0002a000 08:12 4203590                    /usr/lib/jvm/java-8-oracle/jre/lib/amd64/libjava.so
7fad2a14f000-7fad2a151000 rw-p 0002a000 08:12 4203590                    /usr/lib/jvm/java-8-oracle/jre/lib/amd64/libjava.so
7fad2a151000-7fad2a15e000 r-xp 00000000 08:12 4203594                    /usr/lib/jvm/java-8-oracle/jre/lib/amd64/libverify.so
7fad2a15e000-7fad2a35e000 ---p 0000d000 08:12 4203594                    /usr/lib/jvm/java-8-oracle/jre/lib/amd64/libverify.so
7fad2a35e000-7fad2a360000 rw-p 0000d000 08:12 4203594                    /usr/lib/jvm/java-8-oracle/jre/lib/amd64/libverify.so
7fad2a360000-7fad2a367000 r-xp 00000000 08:12 266725                     /lib/x86_64-linux-gnu/librt-2.21.so
7fad2a367000-7fad2a566000 ---p 00007000 08:12 266725                     /lib/x86_64-linux-gnu/librt-2.21.so
7fad2a566000-7fad2a567000 r--p 00006000 08:12 266725                     /lib/x86_64-linux-gnu/librt-2.21.so
7fad2a567000-7fad2a568000 rw-p 00007000 08:12 266725                     /lib/x86_64-linux-gnu/librt-2.21.so
7fad2a568000-7fad2a66f000 r-xp 00000000 08:12 266643                     /lib/x86_64-linux-gnu/libm-2.21.so
7fad2a66f000-7fad2a86e000 ---p 00107000 08:12 266643                     /lib/x86_64-linux-gnu/libm-2.21.so
7fad2a86e000-7fad2a86f000 r--p 00106000 08:12 266643                     /lib/x86_64-linux-gnu/libm-2.21.so
7fad2a86f000-7fad2a870000 rw-p 00107000 08:12 266643                     /lib/x86_64-linux-gnu/libm-2.21.so
7fad2a870000-7fad2b52e000 r-xp 00000000 08:12 4201549                    /usr/lib/jvm/java-8-oracle/jre/lib/amd64/server/libjvm.so
7fad2b52e000-7fad2b72d000 ---p 00cbe000 08:12 4201549                    /usr/lib/jvm/java-8-oracle/jre/lib/amd64/server/libjvm.so
7fad2b72d000-7fad2b806000 rw-p 00cbd000 08:12 4201549                    /usr/lib/jvm/java-8-oracle/jre/lib/amd64/server/libjvm.so
7fad2b806000-7fad2b84a000 rw-p 00000000 00:00 0 
7fad2b84a000-7fad2ba0a000 r-xp 00000000 08:12 266584                     /lib/x86_64-linux-gnu/libc-2.21.so
7fad2ba0a000-7fad2bc0a000 ---p 001c0000 08:12 266584                     /lib/x86_64-linux-gnu/libc-2.21.so
7fad2bc0a000-7fad2bc0e000 r--p 001c0000 08:12 266584                     /lib/x86_64-linux-gnu/libc-2.21.so
7fad2bc0e000-7fad2bc10000 rw-p 001c4000 08:12 266584                     /lib/x86_64-linux-gnu/libc-2.21.so
7fad2bc10000-7fad2bc14000 rw-p 00000000 00:00 0 
7fad2bc14000-7fad2bc17000 r-xp 00000000 08:12 266601                     /lib/x86_64-linux-gnu/libdl-2.21.so
7fad2bc17000-7fad2be16000 ---p 00003000 08:12 266601                     /lib/x86_64-linux-gnu/libdl-2.21.so
7fad2be16000-7fad2be17000 r--p 00002000 08:12 266601                     /lib/x86_64-linux-gnu/libdl-2.21.so
7fad2be17000-7fad2be18000 rw-p 00003000 08:12 266601                     /lib/x86_64-linux-gnu/libdl-2.21.so
7fad2be18000-7fad2be2d000 r-xp 00000000 08:12 4198721                    /usr/lib/jvm/java-8-oracle/lib/amd64/jli/libjli.so
7fad2be2d000-7fad2c02d000 ---p 00015000 08:12 4198721                    /usr/lib/jvm/java-8-oracle/lib/amd64/jli/libjli.so
7fad2c02d000-7fad2c02e000 rw-p 00015000 08:12 4198721                    /usr/lib/jvm/java-8-oracle/lib/amd64/jli/libjli.so
7fad2c02e000-7fad2c046000 r-xp 00000000 08:12 266717                     /lib/x86_64-linux-gnu/libpthread-2.21.so
7fad2c046000-7fad2c246000 ---p 00018000 08:12 266717                     /lib/x86_64-linux-gnu/libpthread-2.21.so
7fad2c246000-7fad2c247000 r--p 00018000 08:12 266717                     /lib/x86_64-linux-gnu/libpthread-2.21.so
7fad2c247000-7fad2c248000 rw-p 00019000 08:12 266717                     /lib/x86_64-linux-gnu/libpthread-2.21.so
7fad2c248000-7fad2c24c000 rw-p 00000000 00:00 0 
7fad2c24c000-7fad2c270000 r-xp 00000000 08:12 266556                     /lib/x86_64-linux-gnu/ld-2.21.so
7fad2c274000-7fad2c346000 rw-p 00000000 00:00 0 
7fad2c346000-7fad2c349000 ---p 00000000 00:00 0 
7fad2c349000-7fad2c44b000 rw-p 00000000 00:00 0                          [stack:10584]
7fad2c44f000-7fad2c463000 rw-p 00000000 00:00 0 
7fad2c463000-7fad2c46b000 rw-s 00000000 08:12 3408201                    /tmp/hsperfdata_duke/10578
7fad2c46b000-7fad2c46c000 rw-p 00000000 00:00 0 
7fad2c46c000-7fad2c46d000 r--p 00000000 00:00 0 
7fad2c46d000-7fad2c46f000 rw-p 00000000 00:00 0 
7fad2c46f000-7fad2c470000 r--p 00023000 08:12 266556                     /lib/x86_64-linux-gnu/ld-2.21.so
7fad2c470000-7fad2c471000 rw-p 00024000 08:12 266556                     /lib/x86_64-linux-gnu/ld-2.21.so
7fad2c471000-7fad2c472000 rw-p 00000000 00:00 0 
7ffc819c7000-7ffc819e8000 rw-p 00000000 00:00 0                          [stack]
7ffc819ee000-7ffc819f0000 r--p 00000000 00:00 0                          [vvar]
7ffc819f0000-7ffc819f2000 r-xp 00000000 00:00 0                          [vdso]
ffffffffff600000-ffffffffff601000 r-xp 00000000 00:00 0                  [vsyscall]

VM Arguments:
jvm_args: -Xmx1024M -Dfile.encoding=UTF-8 -Duser.country=US -Duser.language=en -Duser.variant 
java_command: com.android.dx.command.Main --dex --output /home/duke/AndroidStudioProjects/MasterSahab/app/build/intermediates/dex/debug /home/duke/AndroidStudioProjects/MasterSahab/app/build/intermediates/classes/debug /home/duke/AndroidStudioProjects/MasterSahab/app/build/intermediates/pre-dexed/debug/support-annotations-22.2.0-d11b86e8a8d5a60125987e55ed19da6fe916ed6c.jar /home/duke/AndroidStudioProjects/MasterSahab/app/build/intermediates/pre-dexed/debug/internal_impl-22.2.0-9fd2cdf11b2cb58a68c8003917e19ca6197745ad.jar /home/duke/AndroidStudioProjects/MasterSahab/app/build/intermediates/pre-dexed/debug/classes-8ef248cfe074cd8203cc4c867f71e14f57d6780a.jar /home/duke/AndroidStudioProjects/MasterSahab/app/build/intermediates/pre-dexed/debug/classes-dccf93463063885d5b233794907a60cd6aefb60c.jar
java_class_path (initial): /opt/android-sdk-linux/build-tools/21.1.2/lib/dx.jar
Launcher Type: SUN_STANDARD

Environment Variables:
JAVA_HOME=/usr/lib/jvm/java-8-oracle
PATH=/usr/local/sbin:/usr/local/bin:/usr/sbin:/usr/bin:/sbin:/bin:/usr/games:/usr/local/games:/usr/lib/jvm/java-8-oracle/bin:/usr/lib/jvm/java-8-oracle/db/bin:/usr/lib/jvm/java-8-oracle/jre/bin
LD_LIBRARY_PATH=/home/duke/Apps/android-studio/bin:
SHELL=/bin/bash
DISPLAY=:0

Signal Handlers:
SIGSEGV: [libjvm.so+0xaba2a0], sa_mask[0]=11111111011111111101111111111110, sa_flags=SA_RESTART|SA_SIGINFO
SIGBUS: [libjvm.so+0xaba2a0], sa_mask[0]=11111111011111111101111111111110, sa_flags=SA_RESTART|SA_SIGINFO
SIGFPE: [libjvm.so+0x917710], sa_mask[0]=11111111011111111101111111111110, sa_flags=SA_RESTART|SA_SIGINFO
SIGPIPE: [libjvm.so+0x917710], sa_mask[0]=11111111011111111101111111111110, sa_flags=SA_RESTART|SA_SIGINFO
SIGXFSZ: [libjvm.so+0x917710], sa_mask[0]=11111111011111111101111111111110, sa_flags=SA_RESTART|SA_SIGINFO
SIGILL: [libjvm.so+0x917710], sa_mask[0]=11111111011111111101111111111110, sa_flags=SA_RESTART|SA_SIGINFO
SIGUSR1: SIG_DFL, sa_mask[0]=00000000000000000000000000000000, sa_flags=none
SIGUSR2: [libjvm.so+0x918d40], sa_mask[0]=00100000000000000000000000000000, sa_flags=SA_RESTART|SA_SIGINFO
SIGHUP: [libjvm.so+0x91a140], sa_mask[0]=11111111011111111101111111111110, sa_flags=SA_RESTART|SA_SIGINFO
SIGINT: [libjvm.so+0x91a140], sa_mask[0]=11111111011111111101111111111110, sa_flags=SA_RESTART|SA_SIGINFO
SIGTERM: [libjvm.so+0x91a140], sa_mask[0]=11111111011111111101111111111110, sa_flags=SA_RESTART|SA_SIGINFO
SIGQUIT: [libjvm.so+0x91a140], sa_mask[0]=11111111011111111101111111111110, sa_flags=SA_RESTART|SA_SIGINFO


---------------  S Y S T E M  ---------------

OS:DISTRIB_ID=Ubuntu
DISTRIB_RELEASE=15.10
DISTRIB_CODENAME=wily
DISTRIB_DESCRIPTION="Ubuntu 15.10"

uname:Linux 4.2.0-27-generic #32-Ubuntu SMP Fri Jan 22 04:49:08 UTC 2016 x86_64
libc:glibc 2.21 NPTL 2.21 
rlimit: STACK 8192k, CORE 0k, NPROC 31796, NOFILE 65536, AS infinity
load average:1.70 1.68 1.70

/proc/meminfo:
MemTotal:        8174564 kB
MemFree:          315764 kB
MemAvailable:    2118872 kB
Buffers:          196100 kB
Cached:          2239796 kB
SwapCached:         2716 kB
Active:          5360372 kB
Inactive:        2106840 kB
Active(anon):    4354392 kB
Inactive(anon):  1337412 kB
Active(file):    1005980 kB
Inactive(file):   769428 kB
Unevictable:          32 kB
Mlocked:              32 kB
SwapTotal:       1998844 kB
SwapFree:        1979684 kB
Dirty:             11488 kB
Writeback:             0 kB
AnonPages:       5030732 kB
Mapped:           666756 kB
Shmem:            660496 kB
Slab:             121716 kB
SReclaimable:      70276 kB
SUnreclaim:        51440 kB
KernelStack:        9744 kB
PageTables:        48296 kB
NFS_Unstable:          0 kB
Bounce:                0 kB
WritebackTmp:          0 kB
CommitLimit:     6086124 kB
Committed_AS:    8728224 kB
VmallocTotal:   34359738367 kB
VmallocUsed:       90656 kB
VmallocChunk:   34359586812 kB
HardwareCorrupted:     0 kB
AnonHugePages:   3381248 kB
CmaTotal:              0 kB
CmaFree:               0 kB
HugePages_Total:       0
HugePages_Free:        0
HugePages_Rsvd:        0
HugePages_Surp:        0
Hugepagesize:       2048 kB
DirectMap4k:      422848 kB
DirectMap2M:     7964672 kB


CPU:total 4 (4 cores per cpu, 1 threads per core) family 6 model 15 stepping 11, cmov, cx8, fxsr, mmx, sse, sse2, sse3, ssse3, tsc

/proc/cpuinfo:
processor	: 0
vendor_id	: GenuineIntel
cpu family	: 6
model		: 15
model name	: Intel(R) Core(TM)2 Quad CPU    Q6600  @ 2.40GHz
stepping	: 11
microcode	: 0xba
cpu MHz		: 2400.000
cache size	: 4096 KB
physical id	: 0
siblings	: 4
core id		: 0
cpu cores	: 4
apicid		: 0
initial apicid	: 0
fpu		: yes
fpu_exception	: yes
cpuid level	: 10
wp		: yes
flags		: fpu vme de pse tsc msr pae mce cx8 apic sep mtrr pge mca cmov pat pse36 clflush dts acpi mmx fxsr sse sse2 ss ht tm pbe syscall nx lm constant_tsc arch_perfmon pebs bts rep_good nopl aperfmperf pni dtes64 monitor ds_cpl vmx est tm2 ssse3 cx16 xtpr pdcm lahf_lm dtherm tpr_shadow vnmi flexpriority
bugs		:
bogomips	: 4799.61
clflush size	: 64
cache_alignment	: 64
address sizes	: 36 bits physical, 48 bits virtual
power management:

processor	: 1
vendor_id	: GenuineIntel
cpu family	: 6
model		: 15
model name	: Intel(R) Core(TM)2 Quad CPU    Q6600  @ 2.40GHz
stepping	: 11
microcode	: 0xba
cpu MHz		: 2400.000
cache size	: 4096 KB
physical id	: 0
siblings	: 4
core id		: 3
cpu cores	: 4
apicid		: 3
initial apicid	: 3
fpu		: yes
fpu_exception	: yes
cpuid level	: 10
wp		: yes
flags		: fpu vme de pse tsc msr pae mce cx8 apic sep mtrr pge mca cmov pat pse36 clflush dts acpi mmx fxsr sse sse2 ss ht tm pbe syscall nx lm constant_tsc arch_perfmon pebs bts rep_good nopl aperfmperf pni dtes64 monitor ds_cpl vmx est tm2 ssse3 cx16 xtpr pdcm lahf_lm dtherm tpr_shadow vnmi flexpriority
bugs		:
bogomips	: 4799.61
clflush size	: 64
cache_alignment	: 64
address sizes	: 36 bits physical, 48 bits virtual
power management:

processor	: 2
vendor_id	: GenuineIntel
cpu family	: 6
model		: 15
model name	: Intel(R) Core(TM)2 Quad CPU    Q6600  @ 2.40GHz
stepping	: 11
microcode	: 0xba
cpu MHz		: 2400.000
cache size	: 4096 KB
physical id	: 0
siblings	: 4
core id		: 1
cpu cores	: 4
apicid		: 1
initial apicid	: 1
fpu		: yes
fpu_exception	: yes
cpuid level	: 10
wp		: yes
flags		: fpu vme de pse tsc msr pae mce cx8 apic sep mtrr pge mca cmov pat pse36 clflush dts acpi mmx fxsr sse sse2 ss ht tm pbe syscall nx lm constant_tsc arch_perfmon pebs bts rep_good nopl aperfmperf pni dtes64 monitor ds_cpl vmx est tm2 ssse3 cx16 xtpr pdcm lahf_lm dtherm tpr_shadow vnmi flexpriority
bugs		:
bogomips	: 4799.61
clflush size	: 64
cache_alignment	: 64
address sizes	: 36 bits physical, 48 bits virtual
power management:

processor	: 3
vendor_id	: GenuineIntel
cpu family	: 6
model		: 15
model name	: Intel(R) Core(TM)2 Quad CPU    Q6600  @ 2.40GHz
stepping	: 11
microcode	: 0xba
cpu MHz		: 2400.000
cache size	: 4096 KB
physical id	: 0
siblings	: 4
core id		: 2
cpu cores	: 4
apicid		: 2
initial apicid	: 2
fpu		: yes
fpu_exception	: yes
cpuid level	: 10
wp		: yes
flags		: fpu vme de pse tsc msr pae mce cx8 apic sep mtrr pge mca cmov pat pse36 clflush dts acpi mmx fxsr sse sse2 ss ht tm pbe syscall nx lm constant_tsc arch_perfmon pebs bts rep_good nopl aperfmperf pni dtes64 monitor ds_cpl vmx est tm2 ssse3 cx16 xtpr pdcm lahf_lm dtherm tpr_shadow vnmi flexpriority
bugs		:
bogomips	: 4799.61
clflush size	: 64
cache_alignment	: 64
address sizes	: 36 bits physical, 48 bits virtual
power management:



Memory: 4k page, physical 8174564k(315764k free), swap 1998844k(1979684k free)

vm_info: Java HotSpot(TM) 64-Bit Server VM (25.66-b17) for linux-amd64 JRE (1.8.0_66-b17), built on Oct  6 2015 17:28:34 by "java_re" with gcc 4.3.0 20080428 (Red Hat 4.3.0-8)

time: Mon Feb 15 01:21:14 2016
elapsed time: 0 seconds (0d 0h 0m 0s)

