#
# A fatal error has been detected by the Java Runtime Environment:
#
#  SIGSEGV (0xb) at pc=0x00007f2932005060, pid=17309, tid=139816341407488
#
# JRE version: Java(TM) SE Runtime Environment (8.0_66-b17) (build 1.8.0_66-b17)
# Java VM: Java HotSpot(TM) 64-Bit Server VM (25.66-b17 mixed mode linux-amd64 compressed oops)
# Problematic frame:
# C  0x00007f2932005060
#
# Failed to write core dump. Core dumps have been disabled. To enable core dumping, try "ulimit -c unlimited" before starting Java again
#
# If you would like to submit a bug report, please visit:
#   http://bugreport.java.com/bugreport/crash.jsp
#

---------------  T H R E A D  ---------------

Current thread (0x00007f298000a000):  JavaThread "main" [_thread_in_Java, id=17311, stack(0x00007f29874d0000,0x00007f29875d1000)]

siginfo: si_signo: 11 (SIGSEGV), si_code: 1 (SEGV_MAPERR), si_addr: 0x00007f2932005060

Registers:
RAX=0x00007f2970767228, RBX=0x00007f29875cf3e0, RCX=0x0000000081000001, RDX=0x0000000000000001
RSP=0x00007f29875cf3d8, RBP=0x00007f29875cf4d0, RSI=0x00000000ed751a80, RDI=0x00000000ed670fa8
R8 =0x0000000000000006, R9 =0x00000000ed74fbe8, R10=0x00007f29869af380, R11=0x0000000000000218
R12=0x0000000000000000, R13=0x00007f2971756f3c, R14=0x00007f29875cf3d0, R15=0x00007f298000a000
RIP=0x00007f2932005060, EFLAGS=0x0000000000010246, CSGSFS=0x0000000000000033, ERR=0x0000000000000014
  TRAPNO=0x000000000000000e

Top of Stack: (sp=0x00007f29875cf3d8)
0x00007f29875cf3d8:   00007f2971756f4c 00007f29875cf428
0x00007f29875cf3e8:   00007f29701fafc8 00007f29703e6290
0x00007f29875cf3f8:   00007f29701fa3e8 0000000000000000
0x00007f29875cf408:   00007f29875cf420 00007f29875cf470
0x00007f29875cf418:   00007f2971007710 000000000002d563
0x00007f29875cf428:   00000000ed6d4858 00007f29875cf430
0x00007f29875cf438:   00000000ed751a80 00000000ed6d4c80
0x00007f29875cf448:   00007f297074e4e0 00007f2970766d28
0x00007f29875cf458:   00007f297074dc40 00007f29875cf4d0
0x00007f29875cf468:   00007f297100798d 00007f29875cf4d0
0x00007f29875cf478:   00007f297100798d 00000000ed751a80
0x00007f29875cf488:   00000000ed6d4c80 00007f29875cf490
0x00007f29875cf498:   00007f29707622b7 00007f29875cf4e8
0x00007f29875cf4a8:   00007f2970763b88 00007f2970766ba8
0x00007f29875cf4b8:   00007f29707622e0 00007f29875cf480
0x00007f29875cf4c8:   00007f29875cf4e0 00007f29875cf530
0x00007f29875cf4d8:   00007f297100798d 00000000ed751a80
0x00007f29875cf4e8:   00000000ed6dd340 00007f29875cf4f0
0x00007f29875cf4f8:   00007f297076236d 00007f29875cf548
0x00007f29875cf508:   00007f2970763b88 00007f2970766988
0x00007f29875cf518:   00007f2970762390 00007f29875cf4e0
0x00007f29875cf528:   00007f29875cf540 00007f29875cf590
0x00007f29875cf538:   00007f297100798d 00000000ed751a80
0x00007f29875cf548:   00000000ed6dd340 00007f29875cf550
0x00007f29875cf558:   00007f2970762f3b 00007f29875cf610
0x00007f29875cf568:   00007f2970763738 0000000000000000
0x00007f29875cf578:   00007f2970763060 00007f29875cf540
0x00007f29875cf588:   00007f29875cf610 00007f29875cf658
0x00007f29875cf598:   00007f297100798d 00000000ed751a80
0x00007f29875cf5a8:   0000000000000000 0000000000000001
0x00007f29875cf5b8:   00000000ed74fbd0 0000000000000000
0x00007f29875cf5c8:   000000000000091a 000000000000007a 

Instructions: (pc=0x00007f2932005060)
0x00007f2932005040:   
[error occurred during error reporting (printing registers, top of stack, instructions near pc), id 0xb]

Register to memory mapping:

RAX=0x00007f2970767228 is pointing into metadata
RBX=0x00007f29875cf3e0 is pointing into the stack for thread: 0x00007f298000a000
RCX=0x0000000081000001 is an unknown value
RDX=0x0000000000000001 is an unknown value
RSP=0x00007f29875cf3d8 is pointing into the stack for thread: 0x00007f298000a000
RBP=0x00007f29875cf4d0 is pointing into the stack for thread: 0x00007f298000a000
RSI=0x00000000ed751a80 is an oop
java.lang.String 
 - klass: 'java/lang/String'
RDI=0x00000000ed670fa8 is an oop
[B 
 - klass: {type array byte}
 - length: 237224
R8 =0x0000000000000006 is an unknown value
R9 =0x00000000ed74fbe8 is an oop
[C 
 - klass: {type array char}
 - length: 7
R10=0x00007f29869af380: <offset 0xfb5380> in /usr/lib/jvm/java-8-oracle/jre/lib/amd64/server/libjvm.so at 0x00007f29859fa000
R11=0x0000000000000218 is an unknown value
R12=0x0000000000000000 is an unknown value
R13=0x00007f2971756f3c is at entry_point+124 in (nmethod*)0x00007f2971756d10
R14=0x00007f29875cf3d0 is pointing into the stack for thread: 0x00007f298000a000
R15=0x00007f298000a000 is a thread


Stack: [0x00007f29874d0000,0x00007f29875d1000],  sp=0x00007f29875cf3d8,  free space=1020k
Native frames: (J=compiled Java code, j=interpreted, Vv=VM code, C=native code)
C  0x00007f2932005060
j  com.android.dx.merge.DexMerger$1.write(Ljava/lang/Comparable;)V+5
j  com.android.dx.merge.DexMerger$IdMerger.mergeSorted()V+355
j  com.android.dx.merge.DexMerger.mergeStringIds()V+12
j  com.android.dx.merge.DexMerger.mergeDexes()Lcom/android/dex/Dex;+1
j  com.android.dx.merge.DexMerger.merge()Lcom/android/dex/Dex;+5
j  com.android.dx.command.dexer.Main.mergeLibraryDexBuffers([B)[B+69
j  com.android.dx.command.dexer.Main.runMonoDex()I+129
j  com.android.dx.command.dexer.Main.run(Lcom/android/dx/command/dexer/Main$Arguments;)I+76
j  com.android.dx.command.dexer.Main.main([Ljava/lang/String;)V+14
j  com.android.dx.command.Main.main([Ljava/lang/String;)V+61
v  ~StubRoutines::call_stub
V  [libjvm.so+0x68bc46]  JavaCalls::call_helper(JavaValue*, methodHandle*, JavaCallArguments*, Thread*)+0x1056
V  [libjvm.so+0x6cd262]  jni_invoke_static(JNIEnv_*, JavaValue*, _jobject*, JNICallType, _jmethodID*, JNI_ArgumentPusher*, Thread*)+0x362
V  [libjvm.so+0x6e9c6a]  jni_CallStaticVoidMethod+0x17a
C  [libjli.so+0x7bcc]  JavaMain+0x80c
C  [libpthread.so.0+0x76aa]  start_thread+0xca


---------------  P R O C E S S  ---------------

Java Threads: ( => current thread )
  0x00007f29800ca800 JavaThread "Service Thread" daemon [_thread_blocked, id=17330, stack(0x00007f2963eff000,0x00007f2964000000)]
  0x00007f29800bd800 JavaThread "C1 CompilerThread2" daemon [_thread_in_native, id=17329, stack(0x00007f29680ef000,0x00007f29681f0000)]
  0x00007f29800bb800 JavaThread "C2 CompilerThread1" daemon [_thread_in_native, id=17328, stack(0x00007f29681f0000,0x00007f29682f1000)]
  0x00007f29800b9000 JavaThread "C2 CompilerThread0" daemon [_thread_in_native, id=17327, stack(0x00007f29682f1000,0x00007f29683f2000)]
  0x00007f29800b7000 JavaThread "Signal Dispatcher" daemon [_thread_blocked, id=17326, stack(0x00007f29683f2000,0x00007f29684f3000)]
  0x00007f298007f800 JavaThread "Finalizer" daemon [_thread_blocked, id=17321, stack(0x00007f2968c15000,0x00007f2968d16000)]
  0x00007f298007d000 JavaThread "Reference Handler" daemon [_thread_blocked, id=17320, stack(0x00007f2968d16000,0x00007f2968e17000)]
=>0x00007f298000a000 JavaThread "main" [_thread_in_Java, id=17311, stack(0x00007f29874d0000,0x00007f29875d1000)]

Other Threads:
  0x00007f2980078000 VMThread [stack: 0x00007f2968e17000,0x00007f2968f18000] [id=17319]
  0x00007f29800ce000 WatcherThread [stack: 0x00007f2963dfe000,0x00007f2963eff000] [id=17331]

VM state:not at safepoint (normal execution)

VM Mutex/Monitor currently owned by a thread: None

Heap:
 PSYoungGen      total 70656K, used 50830K [0x00000000eab00000, 0x00000000ef500000, 0x0000000100000000)
  eden space 65536K, 69% used [0x00000000eab00000,0x00000000ed7a71c8,0x00000000eeb00000)
  from space 5120K, 99% used [0x00000000ef000000,0x00000000ef4fc6e0,0x00000000ef500000)
  to   space 5120K, 0% used [0x00000000eeb00000,0x00000000eeb00000,0x00000000ef000000)
 ParOldGen       total 86016K, used 3538K [0x00000000c0000000, 0x00000000c5400000, 0x00000000eab00000)
  object space 86016K, 4% used [0x00000000c0000000,0x00000000c0374bf8,0x00000000c5400000)
 Metaspace       used 6783K, capacity 7568K, committed 7936K, reserved 1056768K
  class space    used 630K, capacity 648K, committed 768K, reserved 1048576K

Card table byte_map: [0x00007f2984097000,0x00007f2984298000] byte_map_base: 0x00007f2983a97000

Marking Bits: (ParMarkBitMap*) 0x00007f29869a9020
 Begin Bits: [0x00007f296a000000, 0x00007f296b000000)
 End Bits:   [0x00007f296b000000, 0x00007f296c000000)

Polling page: 0x00007f29875f6000

CodeCache: size=245760Kb used=7516Kb max_used=7523Kb free=238243Kb
 bounds [0x00007f2971000000, 0x00007f2971760000, 0x00007f2980000000]
 total_blobs=2229 nmethods=1952 adapters=192
 compilation: enabled

Compilation events (10 events):
Event: 2.600 Thread 0x00007f29800bd800 nmethod 1991 0x00007f2971756710 code [0x00007f2971756860, 0x00007f2971756990]
Event: 2.600 Thread 0x00007f29800bd800 1992       2       java.nio.Bits::int0 (3 bytes)
Event: 2.600 Thread 0x00007f29800bd800 nmethod 1992 0x00007f2971756a10 code [0x00007f2971756b60, 0x00007f2971756c90]
Event: 2.600 Thread 0x00007f29800bd800 1993   !   2       com.android.dex.Dex$Section::writeStringData (36 bytes)
Event: 2.600 Thread 0x00007f29800bd800 nmethod 1993 0x00007f2971756d10 code [0x00007f2971756ec0, 0x00007f2971757258]
Event: 2.600 Thread 0x00007f29800bd800 2001       3       com.android.dex.Mutf8::decode (228 bytes)
Event: 2.602 Thread 0x00007f29800bd800 nmethod 2001 0x00007f2971757610 code [0x00007f2971757880, 0x00007f29717585b8]
Event: 2.602 Thread 0x00007f29800bd800 2000       3       com.android.dex.Mutf8::countBytes (98 bytes)
Event: 2.602 Thread 0x00007f29800bd800 nmethod 2000 0x00007f2971758cd0 code [0x00007f2971758ea0, 0x00007f29717595d8]
Event: 2.602 Thread 0x00007f29800bd800 1972   !   2       com.android.dex.Dex$Section::readString (172 bytes)

GC Heap History (4 events):
Event: 1.251 GC heap before
{Heap before GC invocations=1 (full 0):
 PSYoungGen      total 37888K, used 32768K [0x00000000eab00000, 0x00000000ed500000, 0x0000000100000000)
  eden space 32768K, 100% used [0x00000000eab00000,0x00000000ecb00000,0x00000000ecb00000)
  from space 5120K, 0% used [0x00000000ed000000,0x00000000ed000000,0x00000000ed500000)
  to   space 5120K, 0% used [0x00000000ecb00000,0x00000000ecb00000,0x00000000ed000000)
 ParOldGen       total 86016K, used 0K [0x00000000c0000000, 0x00000000c5400000, 0x00000000eab00000)
  object space 86016K, 0% used [0x00000000c0000000,0x00000000c0000000,0x00000000c5400000)
 Metaspace       used 5460K, capacity 6896K, committed 7040K, reserved 1056768K
  class space    used 538K, capacity 616K, committed 640K, reserved 1048576K
Event: 1.270 GC heap after
Heap after GC invocations=1 (full 0):
 PSYoungGen      total 37888K, used 5105K [0x00000000eab00000, 0x00000000ef500000, 0x0000000100000000)
  eden space 32768K, 0% used [0x00000000eab00000,0x00000000eab00000,0x00000000ecb00000)
  from space 5120K, 99% used [0x00000000ecb00000,0x00000000ecffc6e0,0x00000000ed000000)
  to   space 5120K, 0% used [0x00000000ef000000,0x00000000ef000000,0x00000000ef500000)
 ParOldGen       total 86016K, used 1041K [0x00000000c0000000, 0x00000000c5400000, 0x00000000eab00000)
  object space 86016K, 1% used [0x00000000c0000000,0x00000000c01044c8,0x00000000c5400000)
 Metaspace       used 5460K, capacity 6896K, committed 7040K, reserved 1056768K
  class space    used 538K, capacity 616K, committed 640K, reserved 1048576K
}
Event: 1.620 GC heap before
{Heap before GC invocations=2 (full 0):
 PSYoungGen      total 37888K, used 37873K [0x00000000eab00000, 0x00000000ef500000, 0x0000000100000000)
  eden space 32768K, 100% used [0x00000000eab00000,0x00000000ecb00000,0x00000000ecb00000)
  from space 5120K, 99% used [0x00000000ecb00000,0x00000000ecffc6e0,0x00000000ed000000)
  to   space 5120K, 0% used [0x00000000ef000000,0x00000000ef000000,0x00000000ef500000)
 ParOldGen       total 86016K, used 1041K [0x00000000c0000000, 0x00000000c5400000, 0x00000000eab00000)
  object space 86016K, 1% used [0x00000000c0000000,0x00000000c01044c8,0x00000000c5400000)
 Metaspace       used 5564K, capacity 6960K, committed 7040K, reserved 1056768K
  class space    used 538K, capacity 616K, committed 640K, reserved 1048576K
Event: 1.658 GC heap after
Heap after GC invocations=2 (full 0):
 PSYoungGen      total 70656K, used 5105K [0x00000000eab00000, 0x00000000ef500000, 0x0000000100000000)
  eden space 65536K, 0% used [0x00000000eab00000,0x00000000eab00000,0x00000000eeb00000)
  from space 5120K, 99% used [0x00000000ef000000,0x00000000ef4fc6e0,0x00000000ef500000)
  to   space 5120K, 0% used [0x00000000eeb00000,0x00000000eeb00000,0x00000000ef000000)
 ParOldGen       total 86016K, used 3538K [0x00000000c0000000, 0x00000000c5400000, 0x00000000eab00000)
  object space 86016K, 4% used [0x00000000c0000000,0x00000000c0374bf8,0x00000000c5400000)
 Metaspace       used 5564K, capacity 6960K, committed 7040K, reserved 1056768K
  class space    used 538K, capacity 616K, committed 640K, reserved 1048576K
}

Deoptimization events (10 events):
Event: 2.124 Thread 0x00007f298000a000 Uncommon trap: reason=bimorphic action=maybe_recompile pc=0x00007f29715e3c04 method=java.util.Arrays.hashCode([Ljava/lang/Object;)I @ 43
Event: 2.124 Thread 0x00007f298000a000 Uncommon trap: reason=bimorphic action=maybe_recompile pc=0x00007f29715e3c04 method=java.util.Arrays.hashCode([Ljava/lang/Object;)I @ 43
Event: 2.124 Thread 0x00007f298000a000 Uncommon trap: reason=bimorphic action=maybe_recompile pc=0x00007f29715e3c04 method=java.util.Arrays.hashCode([Ljava/lang/Object;)I @ 43
Event: 2.124 Thread 0x00007f298000a000 Uncommon trap: reason=bimorphic action=maybe_recompile pc=0x00007f29715e3c04 method=java.util.Arrays.hashCode([Ljava/lang/Object;)I @ 43
Event: 2.304 Thread 0x00007f298000a000 Uncommon trap: reason=unstable_if action=reinterpret pc=0x00007f2971641c98 method=java.util.TreeMap.put(Ljava/lang/Object;Ljava/lang/Object;)Ljava/lang/Object; @ 163
Event: 2.462 Thread 0x00007f298000a000 Uncommon trap: reason=unstable_if action=reinterpret pc=0x00007f29716cfbf0 method=com.android.dx.util.ByteArrayAnnotatedOutput.writeByte(I)V @ 13
Event: 2.496 Thread 0x00007f298000a000 Uncommon trap: reason=unstable_if action=reinterpret pc=0x00007f297171222c method=com.android.dx.util.ByteArrayAnnotatedOutput.writeByte(I)V @ 13
Event: 2.522 Thread 0x00007f298000a000 Uncommon trap: reason=unstable_if action=reinterpret pc=0x00007f297127c194 method=java.util.Arrays.copyOf([Ljava/lang/Object;ILjava/lang/Class;)[Ljava/lang/Object; @ 3
Event: 2.526 Thread 0x00007f298000a000 Uncommon trap: reason=class_check action=maybe_recompile pc=0x00007f297163a510 method=java.util.HashMap.putVal(ILjava/lang/Object;Ljava/lang/Object;ZZ)Ljava/lang/Object; @ 56
Event: 2.526 Thread 0x00007f298000a000 Uncommon trap: reason=class_check action=maybe_recompile pc=0x00007f297163a510 method=java.util.HashMap.putVal(ILjava/lang/Object;Ljava/lang/Object;ZZ)Ljava/lang/Object; @ 56

Internal exceptions (4 events):
Event: 0.120 Thread 0x00007f298000a000 Exception <a 'java/lang/NoSuchMethodError': Method sun.misc.Unsafe.defineClass(Ljava/lang/String;[BII)Ljava/lang/Class; name or signature does not match> (0x00000000eab12b90) thrown at [/HUDSON/workspace/8-2-build-linux-amd64/jdk8u66/4988/hotspot/src/shar
Event: 0.120 Thread 0x00007f298000a000 Exception <a 'java/lang/NoSuchMethodError': Method sun.misc.Unsafe.prefetchRead(Ljava/lang/Object;J)V name or signature does not match> (0x00000000eab12e78) thrown at [/HUDSON/workspace/8-2-build-linux-amd64/jdk8u66/4988/hotspot/src/share/vm/prims/jni.cpp
Event: 0.985 Thread 0x00007f298000a000 Implicit null exception at 0x00007f2971290ee2 to 0x00007f2971290f82
Event: 1.179 Thread 0x00007f298000a000 Implicit null exception at 0x00007f2971445209 to 0x00007f29714471e5

Events (10 events):
Event: 2.580 loading class com/android/dx/merge/DexMerger$IdMerger
Event: 2.580 loading class com/android/dx/merge/DexMerger$IdMerger done
Event: 2.581 loading class com/android/dex/Mutf8
Event: 2.581 loading class com/android/dex/Mutf8 done
Event: 2.594 Thread 0x00007f298000a000 DEOPT PACKING pc=0x00007f297174bb6b sp=0x00007f29875cf2f0
Event: 2.594 Thread 0x00007f298000a000 DEOPT UNPACKING pc=0x00007f2971046f73 sp=0x00007f29875cf088 mode 0
Event: 2.600 Thread 0x00007f298000a000 DEOPT PACKING pc=0x00007f297174b017 sp=0x00007f29875cf310
Event: 2.600 Thread 0x00007f298000a000 DEOPT UNPACKING pc=0x00007f2971046f73 sp=0x00007f29875cf088 mode 0
Event: 2.600 Thread 0x00007f298000a000 DEOPT PACKING pc=0x00007f297174a4dd sp=0x00007f29875cf380
Event: 2.600 Thread 0x00007f298000a000 DEOPT UNPACKING pc=0x00007f2971046f73 sp=0x00007f29875cf110 mode 0


Dynamic libraries:
00400000-00401000 r-xp 00000000 08:12 4072075                            /usr/lib/jvm/java-8-oracle/bin/java
00600000-00601000 rw-p 00000000 08:12 4072075                            /usr/lib/jvm/java-8-oracle/bin/java
00d46000-00d67000 rw-p 00000000 00:00 0                                  [heap]
c0000000-c5400000 rw-p 00000000 00:00 0 
c5400000-eab00000 ---p 00000000 00:00 0 
eab00000-ef500000 rw-p 00000000 00:00 0 
ef500000-100000000 ---p 00000000 00:00 0 
100000000-1000c0000 rw-p 00000000 00:00 0 
1000c0000-140000000 ---p 00000000 00:00 0 
7f2934000000-7f2934021000 rw-p 00000000 00:00 0 
7f2934021000-7f2938000000 ---p 00000000 00:00 0 
7f2938000000-7f2938021000 rw-p 00000000 00:00 0 
7f2938021000-7f293c000000 ---p 00000000 00:00 0 
7f293c000000-7f293d01d000 rw-p 00000000 00:00 0 
7f293d01d000-7f2940000000 ---p 00000000 00:00 0 
7f2940000000-7f2940729000 rw-p 00000000 00:00 0 
7f2940729000-7f2944000000 ---p 00000000 00:00 0 
7f2944000000-7f2944021000 rw-p 00000000 00:00 0 
7f2944021000-7f2948000000 ---p 00000000 00:00 0 
7f2948000000-7f2948b84000 rw-p 00000000 00:00 0 
7f2948b84000-7f294c000000 ---p 00000000 00:00 0 
7f294c000000-7f294c021000 rw-p 00000000 00:00 0 
7f294c021000-7f2950000000 ---p 00000000 00:00 0 
7f2950000000-7f2950021000 rw-p 00000000 00:00 0 
7f2950021000-7f2954000000 ---p 00000000 00:00 0 
7f2954000000-7f2954021000 rw-p 00000000 00:00 0 
7f2954021000-7f2958000000 ---p 00000000 00:00 0 
7f2958000000-7f2958021000 rw-p 00000000 00:00 0 
7f2958021000-7f295c000000 ---p 00000000 00:00 0 
7f295c000000-7f295c021000 rw-p 00000000 00:00 0 
7f295c021000-7f2960000000 ---p 00000000 00:00 0 
7f2963dfe000-7f2963dff000 ---p 00000000 00:00 0 
7f2963dff000-7f2963eff000 rw-p 00000000 00:00 0                          [stack:17331]
7f2963eff000-7f2963f02000 ---p 00000000 00:00 0 
7f2963f02000-7f2964000000 rw-p 00000000 00:00 0                          [stack:17330]
7f2964000000-7f2964021000 rw-p 00000000 00:00 0 
7f2964021000-7f2968000000 ---p 00000000 00:00 0 
7f29680ef000-7f29680f2000 ---p 00000000 00:00 0 
7f29680f2000-7f29681f0000 rw-p 00000000 00:00 0                          [stack:17329]
7f29681f0000-7f29681f3000 ---p 00000000 00:00 0 
7f29681f3000-7f29682f1000 rw-p 00000000 00:00 0                          [stack:17328]
7f29682f1000-7f29682f4000 ---p 00000000 00:00 0 
7f29682f4000-7f29683f2000 rw-p 00000000 00:00 0                          [stack:17327]
7f29683f2000-7f29683f5000 ---p 00000000 00:00 0 
7f29683f5000-7f29684f3000 rw-p 00000000 00:00 0                          [stack:17326]
7f29684f3000-7f2968c15000 r--p 00000000 08:12 3546878                    /usr/lib/locale/locale-archive
7f2968c15000-7f2968c18000 ---p 00000000 00:00 0 
7f2968c18000-7f2968d16000 rw-p 00000000 00:00 0                          [stack:17321]
7f2968d16000-7f2968d19000 ---p 00000000 00:00 0 
7f2968d19000-7f2968e17000 rw-p 00000000 00:00 0                          [stack:17320]
7f2968e17000-7f2968e18000 ---p 00000000 00:00 0 
7f2968e18000-7f2969e27000 rw-p 00000000 00:00 0                          [stack:17319]
7f2969e27000-7f296a000000 r--s 03d20000 08:12 4198918                    /usr/lib/jvm/java-8-oracle/jre/lib/rt.jar
7f296a000000-7f296c000000 rw-p 00000000 00:00 0 
7f296c000000-7f296c021000 rw-p 00000000 00:00 0 
7f296c021000-7f2970000000 ---p 00000000 00:00 0 
7f297000e000-7f2970013000 r--s 00096000 08:12 4198968                    /usr/lib/jvm/java-8-oracle/jre/lib/jsse.jar
7f2970013000-7f2970022000 r--s 000dd000 08:12 1704044                    /opt/android-sdk-linux/build-tools/21.1.2/lib/dx.jar
7f2970022000-7f29707a6000 rw-p 00000000 00:00 0 
7f29707a6000-7f29708a6000 ---p 00000000 00:00 0 
7f29708a6000-7f2970aa6000 rw-p 00000000 00:00 0 
7f2970aa6000-7f2970aa7000 ---p 00000000 00:00 0 
7f2970aa7000-7f2970ba7000 rw-p 00000000 00:00 0                          [stack:17318]
7f2970ba7000-7f2970ba8000 ---p 00000000 00:00 0 
7f2970ba8000-7f2970ca8000 rw-p 00000000 00:00 0                          [stack:17317]
7f2970ca8000-7f2970ca9000 ---p 00000000 00:00 0 
7f2970ca9000-7f2970da9000 rw-p 00000000 00:00 0                          [stack:17316]
7f2970da9000-7f2970daa000 ---p 00000000 00:00 0 
7f2970daa000-7f2970ed4000 rw-p 00000000 00:00 0                          [stack:17315]
7f2970ed4000-7f2971000000 ---p 00000000 00:00 0 
7f2971000000-7f2971760000 rwxp 00000000 00:00 0 
7f2971760000-7f2980000000 ---p 00000000 00:00 0 
7f2980000000-7f2980508000 rw-p 00000000 00:00 0 
7f2980508000-7f2984000000 ---p 00000000 00:00 0 
7f2984000000-7f29840c1000 rw-p 00000000 00:00 0 
7f29840c1000-7f29841ec000 ---p 00000000 00:00 0 
7f29841ec000-7f2984212000 rw-p 00000000 00:00 0 
7f2984212000-7f2984297000 ---p 00000000 00:00 0 
7f2984297000-7f29842b6000 rw-p 00000000 00:00 0 
7f29842b6000-7f2984658000 ---p 00000000 00:00 0 
7f2984658000-7f2984672000 r-xp 00000000 08:12 4203595                    /usr/lib/jvm/java-8-oracle/jre/lib/amd64/libzip.so
7f2984672000-7f2984872000 ---p 0001a000 08:12 4203595                    /usr/lib/jvm/java-8-oracle/jre/lib/amd64/libzip.so
7f2984872000-7f2984873000 rw-p 0001a000 08:12 4203595                    /usr/lib/jvm/java-8-oracle/jre/lib/amd64/libzip.so
7f2984873000-7f298487f000 r-xp 00000000 08:12 266670                     /lib/x86_64-linux-gnu/libnss_files-2.21.so
7f298487f000-7f2984a7e000 ---p 0000c000 08:12 266670                     /lib/x86_64-linux-gnu/libnss_files-2.21.so
7f2984a7e000-7f2984a7f000 r--p 0000b000 08:12 266670                     /lib/x86_64-linux-gnu/libnss_files-2.21.so
7f2984a7f000-7f2984a80000 rw-p 0000c000 08:12 266670                     /lib/x86_64-linux-gnu/libnss_files-2.21.so
7f2984a80000-7f2984a8b000 r-xp 00000000 08:12 266680                     /lib/x86_64-linux-gnu/libnss_nis-2.21.so
7f2984a8b000-7f2984c8a000 ---p 0000b000 08:12 266680                     /lib/x86_64-linux-gnu/libnss_nis-2.21.so
7f2984c8a000-7f2984c8b000 r--p 0000a000 08:12 266680                     /lib/x86_64-linux-gnu/libnss_nis-2.21.so
7f2984c8b000-7f2984c8c000 rw-p 0000b000 08:12 266680                     /lib/x86_64-linux-gnu/libnss_nis-2.21.so
7f2984c8c000-7f2984ca3000 r-xp 00000000 08:12 266664                     /lib/x86_64-linux-gnu/libnsl-2.21.so
7f2984ca3000-7f2984ea2000 ---p 00017000 08:12 266664                     /lib/x86_64-linux-gnu/libnsl-2.21.so
7f2984ea2000-7f2984ea3000 r--p 00016000 08:12 266664                     /lib/x86_64-linux-gnu/libnsl-2.21.so
7f2984ea3000-7f2984ea4000 rw-p 00017000 08:12 266664                     /lib/x86_64-linux-gnu/libnsl-2.21.so
7f2984ea4000-7f2984ea6000 rw-p 00000000 00:00 0 
7f2984ea6000-7f2984eae000 r-xp 00000000 08:12 266666                     /lib/x86_64-linux-gnu/libnss_compat-2.21.so
7f2984eae000-7f29850ad000 ---p 00008000 08:12 266666                     /lib/x86_64-linux-gnu/libnss_compat-2.21.so
7f29850ad000-7f29850ae000 r--p 00007000 08:12 266666                     /lib/x86_64-linux-gnu/libnss_compat-2.21.so
7f29850ae000-7f29850af000 rw-p 00008000 08:12 266666                     /lib/x86_64-linux-gnu/libnss_compat-2.21.so
7f29850af000-7f29850d9000 r-xp 00000000 08:12 4203590                    /usr/lib/jvm/java-8-oracle/jre/lib/amd64/libjava.so
7f29850d9000-7f29852d9000 ---p 0002a000 08:12 4203590                    /usr/lib/jvm/java-8-oracle/jre/lib/amd64/libjava.so
7f29852d9000-7f29852db000 rw-p 0002a000 08:12 4203590                    /usr/lib/jvm/java-8-oracle/jre/lib/amd64/libjava.so
7f29852db000-7f29852e8000 r-xp 00000000 08:12 4203594                    /usr/lib/jvm/java-8-oracle/jre/lib/amd64/libverify.so
7f29852e8000-7f29854e8000 ---p 0000d000 08:12 4203594                    /usr/lib/jvm/java-8-oracle/jre/lib/amd64/libverify.so
7f29854e8000-7f29854ea000 rw-p 0000d000 08:12 4203594                    /usr/lib/jvm/java-8-oracle/jre/lib/amd64/libverify.so
7f29854ea000-7f29854f1000 r-xp 00000000 08:12 266725                     /lib/x86_64-linux-gnu/librt-2.21.so
7f29854f1000-7f29856f0000 ---p 00007000 08:12 266725                     /lib/x86_64-linux-gnu/librt-2.21.so
7f29856f0000-7f29856f1000 r--p 00006000 08:12 266725                     /lib/x86_64-linux-gnu/librt-2.21.so
7f29856f1000-7f29856f2000 rw-p 00007000 08:12 266725                     /lib/x86_64-linux-gnu/librt-2.21.so
7f29856f2000-7f29857f9000 r-xp 00000000 08:12 266643                     /lib/x86_64-linux-gnu/libm-2.21.so
7f29857f9000-7f29859f8000 ---p 00107000 08:12 266643                     /lib/x86_64-linux-gnu/libm-2.21.so
7f29859f8000-7f29859f9000 r--p 00106000 08:12 266643                     /lib/x86_64-linux-gnu/libm-2.21.so
7f29859f9000-7f29859fa000 rw-p 00107000 08:12 266643                     /lib/x86_64-linux-gnu/libm-2.21.so
7f29859fa000-7f29866b8000 r-xp 00000000 08:12 4201549                    /usr/lib/jvm/java-8-oracle/jre/lib/amd64/server/libjvm.so
7f29866b8000-7f29868b7000 ---p 00cbe000 08:12 4201549                    /usr/lib/jvm/java-8-oracle/jre/lib/amd64/server/libjvm.so
7f29868b7000-7f2986990000 rw-p 00cbd000 08:12 4201549                    /usr/lib/jvm/java-8-oracle/jre/lib/amd64/server/libjvm.so
7f2986990000-7f29869d4000 rw-p 00000000 00:00 0 
7f29869d4000-7f2986b94000 r-xp 00000000 08:12 266584                     /lib/x86_64-linux-gnu/libc-2.21.so
7f2986b94000-7f2986d94000 ---p 001c0000 08:12 266584                     /lib/x86_64-linux-gnu/libc-2.21.so
7f2986d94000-7f2986d98000 r--p 001c0000 08:12 266584                     /lib/x86_64-linux-gnu/libc-2.21.so
7f2986d98000-7f2986d9a000 rw-p 001c4000 08:12 266584                     /lib/x86_64-linux-gnu/libc-2.21.so
7f2986d9a000-7f2986d9e000 rw-p 00000000 00:00 0 
7f2986d9e000-7f2986da1000 r-xp 00000000 08:12 266601                     /lib/x86_64-linux-gnu/libdl-2.21.so
7f2986da1000-7f2986fa0000 ---p 00003000 08:12 266601                     /lib/x86_64-linux-gnu/libdl-2.21.so
7f2986fa0000-7f2986fa1000 r--p 00002000 08:12 266601                     /lib/x86_64-linux-gnu/libdl-2.21.so
7f2986fa1000-7f2986fa2000 rw-p 00003000 08:12 266601                     /lib/x86_64-linux-gnu/libdl-2.21.so
7f2986fa2000-7f2986fb7000 r-xp 00000000 08:12 4198721                    /usr/lib/jvm/java-8-oracle/lib/amd64/jli/libjli.so
7f2986fb7000-7f29871b7000 ---p 00015000 08:12 4198721                    /usr/lib/jvm/java-8-oracle/lib/amd64/jli/libjli.so
7f29871b7000-7f29871b8000 rw-p 00015000 08:12 4198721                    /usr/lib/jvm/java-8-oracle/lib/amd64/jli/libjli.so
7f29871b8000-7f29871d0000 r-xp 00000000 08:12 266717                     /lib/x86_64-linux-gnu/libpthread-2.21.so
7f29871d0000-7f29873d0000 ---p 00018000 08:12 266717                     /lib/x86_64-linux-gnu/libpthread-2.21.so
7f29873d0000-7f29873d1000 r--p 00018000 08:12 266717                     /lib/x86_64-linux-gnu/libpthread-2.21.so
7f29873d1000-7f29873d2000 rw-p 00019000 08:12 266717                     /lib/x86_64-linux-gnu/libpthread-2.21.so
7f29873d2000-7f29873d6000 rw-p 00000000 00:00 0 
7f29873d6000-7f29873fa000 r-xp 00000000 08:12 266556                     /lib/x86_64-linux-gnu/ld-2.21.so
7f29873fe000-7f29874d0000 rw-p 00000000 00:00 0 
7f29874d0000-7f29874d3000 ---p 00000000 00:00 0 
7f29874d3000-7f29875d5000 rw-p 00000000 00:00 0                          [stack:17311]
7f29875d6000-7f29875ed000 rw-p 00000000 00:00 0 
7f29875ed000-7f29875f5000 rw-s 00000000 08:12 4063901                    /tmp/hsperfdata_duke/17309
7f29875f5000-7f29875f6000 rw-p 00000000 00:00 0 
7f29875f6000-7f29875f7000 r--p 00000000 00:00 0 
7f29875f7000-7f29875f9000 rw-p 00000000 00:00 0 
7f29875f9000-7f29875fa000 r--p 00023000 08:12 266556                     /lib/x86_64-linux-gnu/ld-2.21.so
7f29875fa000-7f29875fb000 rw-p 00024000 08:12 266556                     /lib/x86_64-linux-gnu/ld-2.21.so
7f29875fb000-7f29875fc000 rw-p 00000000 00:00 0 
7fff35f6c000-7fff35f8d000 rw-p 00000000 00:00 0                          [stack]
7fff35ff0000-7fff35ff2000 r--p 00000000 00:00 0                          [vvar]
7fff35ff2000-7fff35ff4000 r-xp 00000000 00:00 0                          [vdso]
ffffffffff600000-ffffffffff601000 r-xp 00000000 00:00 0                  [vsyscall]

VM Arguments:
jvm_args: -Xmx1024M -Dfile.encoding=UTF-8 -Duser.country=US -Duser.language=en -Duser.variant 
java_command: com.android.dx.command.Main --dex --output /home/duke/AndroidStudioProjects/MasterSahab/app/build/intermediates/dex/debug /home/duke/AndroidStudioProjects/MasterSahab/app/build/intermediates/classes/debug /home/duke/AndroidStudioProjects/MasterSahab/app/build/intermediates/pre-dexed/debug/support-annotations-22.2.0-d11b86e8a8d5a60125987e55ed19da6fe916ed6c.jar /home/duke/AndroidStudioProjects/MasterSahab/app/build/intermediates/pre-dexed/debug/internal_impl-22.2.0-9fd2cdf11b2cb58a68c8003917e19ca6197745ad.jar /home/duke/AndroidStudioProjects/MasterSahab/app/build/intermediates/pre-dexed/debug/classes-8ef248cfe074cd8203cc4c867f71e14f57d6780a.jar /home/duke/AndroidStudioProjects/MasterSahab/app/build/intermediates/pre-dexed/debug/classes-dccf93463063885d5b233794907a60cd6aefb60c.jar
java_class_path (initial): /opt/android-sdk-linux/build-tools/21.1.2/lib/dx.jar
Launcher Type: SUN_STANDARD

Environment Variables:
JAVA_HOME=/usr/lib/jvm/java-8-oracle
PATH=/usr/local/sbin:/usr/local/bin:/usr/sbin:/usr/bin:/sbin:/bin:/usr/games:/usr/local/games:/usr/lib/jvm/java-8-oracle/bin:/usr/lib/jvm/java-8-oracle/db/bin:/usr/lib/jvm/java-8-oracle/jre/bin
LD_LIBRARY_PATH=/home/duke/Apps/android-studio/bin:
SHELL=/bin/bash
DISPLAY=:0

Signal Handlers:
SIGSEGV: [libjvm.so+0xaba2a0], sa_mask[0]=11111111011111111101111111111110, sa_flags=SA_RESTART|SA_SIGINFO
SIGBUS: [libjvm.so+0xaba2a0], sa_mask[0]=11111111011111111101111111111110, sa_flags=SA_RESTART|SA_SIGINFO
SIGFPE: [libjvm.so+0x917710], sa_mask[0]=11111111011111111101111111111110, sa_flags=SA_RESTART|SA_SIGINFO
SIGPIPE: [libjvm.so+0x917710], sa_mask[0]=11111111011111111101111111111110, sa_flags=SA_RESTART|SA_SIGINFO
SIGXFSZ: [libjvm.so+0x917710], sa_mask[0]=11111111011111111101111111111110, sa_flags=SA_RESTART|SA_SIGINFO
SIGILL: [libjvm.so+0x917710], sa_mask[0]=11111111011111111101111111111110, sa_flags=SA_RESTART|SA_SIGINFO
SIGUSR1: SIG_DFL, sa_mask[0]=00000000000000000000000000000000, sa_flags=none
SIGUSR2: [libjvm.so+0x918d40], sa_mask[0]=00100000000000000000000000000000, sa_flags=SA_RESTART|SA_SIGINFO
SIGHUP: [libjvm.so+0x91a140], sa_mask[0]=11111111011111111101111111111110, sa_flags=SA_RESTART|SA_SIGINFO
SIGINT: [libjvm.so+0x91a140], sa_mask[0]=11111111011111111101111111111110, sa_flags=SA_RESTART|SA_SIGINFO
SIGTERM: [libjvm.so+0x91a140], sa_mask[0]=11111111011111111101111111111110, sa_flags=SA_RESTART|SA_SIGINFO
SIGQUIT: [libjvm.so+0x91a140], sa_mask[0]=11111111011111111101111111111110, sa_flags=SA_RESTART|SA_SIGINFO


---------------  S Y S T E M  ---------------

OS:DISTRIB_ID=Ubuntu
DISTRIB_RELEASE=15.10
DISTRIB_CODENAME=wily
DISTRIB_DESCRIPTION="Ubuntu 15.10"

uname:Linux 4.2.0-18-generic #22-Ubuntu SMP Fri Nov 6 18:25:50 UTC 2015 x86_64
libc:glibc 2.21 NPTL 2.21 
rlimit: STACK 8192k, CORE 0k, NPROC 31796, NOFILE 65536, AS infinity
load average:2.56 2.16 1.91

/proc/meminfo:
MemTotal:        8174580 kB
MemFree:          262940 kB
MemAvailable:    2344528 kB
Buffers:          373756 kB
Cached:          2337404 kB
SwapCached:          512 kB
Active:          5161660 kB
Inactive:        2331556 kB
Active(anon):    4008720 kB
Inactive(anon):  1438808 kB
Active(file):    1152940 kB
Inactive(file):   892748 kB
Unevictable:          32 kB
Mlocked:              32 kB
SwapTotal:       1998844 kB
SwapFree:        1984776 kB
Dirty:             16796 kB
Writeback:             0 kB
AnonPages:       4781872 kB
Mapped:           707884 kB
Shmem:            665472 kB
Slab:             134572 kB
SReclaimable:      78476 kB
SUnreclaim:        56096 kB
KernelStack:        9936 kB
PageTables:        48552 kB
NFS_Unstable:          0 kB
Bounce:                0 kB
WritebackTmp:          0 kB
CommitLimit:     6086132 kB
Committed_AS:    9399188 kB
VmallocTotal:   34359738367 kB
VmallocUsed:       92080 kB
VmallocChunk:   34359586812 kB
HardwareCorrupted:     0 kB
AnonHugePages:   3108864 kB
CmaTotal:              0 kB
CmaFree:               0 kB
HugePages_Total:       0
HugePages_Free:        0
HugePages_Rsvd:        0
HugePages_Surp:        0
Hugepagesize:       2048 kB
DirectMap4k:      615360 kB
DirectMap2M:     7772160 kB


CPU:total 4 (4 cores per cpu, 1 threads per core) family 6 model 15 stepping 11, cmov, cx8, fxsr, mmx, sse, sse2, sse3, ssse3, tsc

/proc/cpuinfo:
processor	: 0
vendor_id	: GenuineIntel
cpu family	: 6
model		: 15
model name	: Intel(R) Core(TM)2 Quad CPU    Q6600  @ 2.40GHz
stepping	: 11
microcode	: 0xba
cpu MHz		: 2400.000
cache size	: 4096 KB
physical id	: 0
siblings	: 4
core id		: 0
cpu cores	: 4
apicid		: 0
initial apicid	: 0
fpu		: yes
fpu_exception	: yes
cpuid level	: 10
wp		: yes
flags		: fpu vme de pse tsc msr pae mce cx8 apic sep mtrr pge mca cmov pat pse36 clflush dts acpi mmx fxsr sse sse2 ss ht tm pbe syscall nx lm constant_tsc arch_perfmon pebs bts rep_good nopl aperfmperf pni dtes64 monitor ds_cpl vmx est tm2 ssse3 cx16 xtpr pdcm lahf_lm dtherm tpr_shadow vnmi flexpriority
bugs		:
bogomips	: 4800.17
clflush size	: 64
cache_alignment	: 64
address sizes	: 36 bits physical, 48 bits virtual
power management:

processor	: 1
vendor_id	: GenuineIntel
cpu family	: 6
model		: 15
model name	: Intel(R) Core(TM)2 Quad CPU    Q6600  @ 2.40GHz
stepping	: 11
microcode	: 0xba
cpu MHz		: 2400.000
cache size	: 4096 KB
physical id	: 0
siblings	: 4
core id		: 3
cpu cores	: 4
apicid		: 3
initial apicid	: 3
fpu		: yes
fpu_exception	: yes
cpuid level	: 10
wp		: yes
flags		: fpu vme de pse tsc msr pae mce cx8 apic sep mtrr pge mca cmov pat pse36 clflush dts acpi mmx fxsr sse sse2 ss ht tm pbe syscall nx lm constant_tsc arch_perfmon pebs bts rep_good nopl aperfmperf pni dtes64 monitor ds_cpl vmx est tm2 ssse3 cx16 xtpr pdcm lahf_lm dtherm tpr_shadow vnmi flexpriority
bugs		:
bogomips	: 4800.17
clflush size	: 64
cache_alignment	: 64
address sizes	: 36 bits physical, 48 bits virtual
power management:

processor	: 2
vendor_id	: GenuineIntel
cpu family	: 6
model		: 15
model name	: Intel(R) Core(TM)2 Quad CPU    Q6600  @ 2.40GHz
stepping	: 11
microcode	: 0xba
cpu MHz		: 2400.000
cache size	: 4096 KB
physical id	: 0
siblings	: 4
core id		: 1
cpu cores	: 4
apicid		: 1
initial apicid	: 1
fpu		: yes
fpu_exception	: yes
cpuid level	: 10
wp		: yes
flags		: fpu vme de pse tsc msr pae mce cx8 apic sep mtrr pge mca cmov pat pse36 clflush dts acpi mmx fxsr sse sse2 ss ht tm pbe syscall nx lm constant_tsc arch_perfmon pebs bts rep_good nopl aperfmperf pni dtes64 monitor ds_cpl vmx est tm2 ssse3 cx16 xtpr pdcm lahf_lm dtherm tpr_shadow vnmi flexpriority
bugs		:
bogomips	: 4800.17
clflush size	: 64
cache_alignment	: 64
address sizes	: 36 bits physical, 48 bits virtual
power management:

processor	: 3
vendor_id	: GenuineIntel
cpu family	: 6
model		: 15
model name	: Intel(R) Core(TM)2 Quad CPU    Q6600  @ 2.40GHz
stepping	: 11
microcode	: 0xba
cpu MHz		: 2400.000
cache size	: 4096 KB
physical id	: 0
siblings	: 4
core id		: 2
cpu cores	: 4
apicid		: 2
initial apicid	: 2
fpu		: yes
fpu_exception	: yes
cpuid level	: 10
wp		: yes
flags		: fpu vme de pse tsc msr pae mce cx8 apic sep mtrr pge mca cmov pat pse36 clflush dts acpi mmx fxsr sse sse2 ss ht tm pbe syscall nx lm constant_tsc arch_perfmon pebs bts rep_good nopl aperfmperf pni dtes64 monitor ds_cpl vmx est tm2 ssse3 cx16 xtpr pdcm lahf_lm dtherm tpr_shadow vnmi flexpriority
bugs		:
bogomips	: 4800.17
clflush size	: 64
cache_alignment	: 64
address sizes	: 36 bits physical, 48 bits virtual
power management:



Memory: 4k page, physical 8174580k(262940k free), swap 1998844k(1984776k free)

vm_info: Java HotSpot(TM) 64-Bit Server VM (25.66-b17) for linux-amd64 JRE (1.8.0_66-b17), built on Oct  6 2015 17:28:34 by "java_re" with gcc 4.3.0 20080428 (Red Hat 4.3.0-8)

time: Sun Nov 29 15:46:35 2015
elapsed time: 2 seconds (0d 0h 0m 2s)

