#
# A fatal error has been detected by the Java Runtime Environment:
#
#  SIGSEGV (0xb) at pc=0x00007fefe5dea060, pid=12629, tid=140669755971328
#
# JRE version: Java(TM) SE Runtime Environment (8.0_66-b17) (build 1.8.0_66-b17)
# Java VM: Java HotSpot(TM) 64-Bit Server VM (25.66-b17 mixed mode linux-amd64 compressed oops)
# Problematic frame:
# C  0x00007fefe5dea060
#
# Failed to write core dump. Core dumps have been disabled. To enable core dumping, try "ulimit -c unlimited" before starting Java again
#
# If you would like to submit a bug report, please visit:
#   http://bugreport.java.com/bugreport/crash.jsp
#

---------------  T H R E A D  ---------------

Current thread (0x00007ff03400a000):  JavaThread "main" [_thread_in_Java, id=12631, stack(0x00007ff03ac5d000,0x00007ff03ad5e000)]

siginfo: si_signo: 11 (SIGSEGV), si_code: 2 (SEGV_ACCERR), si_addr: 0x00007fefe5dea060

Registers:
RAX=0x00000000ed064500, RBX=0x0000000000000000, RCX=0x00000001000985a8, RDX=0x000000000000000e
RSP=0x00007ff03ad5c0d8, RBP=0x00007ff03ad5c2e8, RSI=0x00000000ed064500, RDI=0x0000000000000000
R8 =0x00007ff021f4f840, R9 =0x0000000100096bb0, R10=0x00007ff03a138260, R11=0x000000000012c7dc
R12=0x0000000000000000, R13=0x0000000100096bb0, R14=0x00007ff03ad5c340, R15=0x00007ff03400a000
RIP=0x00007fefe5dea060, EFLAGS=0x0000000000010202, CSGSFS=0x0000000000000033, ERR=0x0000000000000014
  TRAPNO=0x000000000000000e

Top of Stack: (sp=0x00007ff03ad5c0d8)
0x00007ff03ad5c0d8:   00007ff0254a539c 00000000ecc58f78
0x00007ff03ad5c0e8:   00007ff024dec3d0 0000000000000014
0x00007ff03ad5c0f8:   00000000ed064500 00007ff000000002
0x00007ff03ad5c108:   00007ff021f4b6f0 00007ff03ad5c1d0
0x00007ff03ad5c118:   00007ff0254a3404 00007ff03ad5c230
0x00007ff03ad5c128:   00007ff02549fa64 0000000300000000
0x00007ff03ad5c138:   00000000ed064a60 00000000ed064500
0x00007ff03ad5c148:   0000000600000a64 00007ff03ad5c1d0
0x00007ff03ad5c158:   00007ff024dec3d0 00007ff03ad5c1d0
0x00007ff03ad5c168:   00007ff024dec3d0 0000000000000000
0x00007ff03ad5c178:   00000000ed0644b8 0000000000000a64
0x00007ff03ad5c188:   0000000000000000 00007ff03ad5c190
0x00007ff03ad5c198:   00007ff021f4b5f8 00007ff03ad5c1e8
0x00007ff03ad5c1a8:   00007ff021f4c358 00007ff021f51970
0x00007ff03ad5c1b8:   00007ff021f4b628 00007ff03ad5c2e8
0x00007ff03ad5c1c8:   00007ff0254a227c 00007ff03ad5c230
0x00007ff03ad5c1d8:   00007ff024dec710 00007ff024dec710
0x00007ff03ad5c1e8:   000000000000000c 00007ff03ad5c1f0
0x00007ff03ad5c1f8:   00007ff021f4acfb 00007ff03ad5c2e8
0x00007ff03ad5c208:   00007ff0254927bc 0000000000000000
0x00007ff03ad5c218:   00007ff021f4ae68 0000000000000000
0x00007ff03ad5c228:   00007ff03ad5c290 0000001700000001
0x00007ff03ad5c238:   00000000ed0644b8 00000000ed064960
0x00007ff03ad5c248:   0000000000000003 00000000ed064500
0x00007ff03ad5c258:   0000000800000007 0000000000000009
0x00007ff03ad5c268:   0000000000000003 00007ff03ad5c2e8
0x00007ff03ad5c278:   00007ff024dec3d0 00007ff03ad5c2e8
0x00007ff03ad5c288:   00007ff024dec3d0 00000000ed064960
0x00007ff03ad5c298:   0000000000000000 00000000ed0644b8
0x00007ff03ad5c2a8:   00007ff03ad5c2a8 00007ff021f4a64f
0x00007ff03ad5c2b8:   00007ff03ad5c340 00007ff021f4c358
0x00007ff03ad5c2c8:   0000000000000000 00007ff021f4a788 

Instructions: (pc=0x00007fefe5dea060)
0x00007fefe5dea040:   
[error occurred during error reporting (printing registers, top of stack, instructions near pc), id 0xb]

Register to memory mapping:

RAX=0x00000000ed064500 is an oop
com.android.dx.util.ByteArrayAnnotatedOutput 
 - klass: 'com/android/dx/util/ByteArrayAnnotatedOutput'
RBX=0x0000000000000000 is an unknown value
RCX=0x00000001000985a8 is pointing into metadata
RDX=0x000000000000000e is an unknown value
RSP=0x00007ff03ad5c0d8 is pointing into the stack for thread: 0x00007ff03400a000
RBP=0x00007ff03ad5c2e8 is pointing into the stack for thread: 0x00007ff03400a000
RSI=0x00000000ed064500 is an oop
com.android.dx.util.ByteArrayAnnotatedOutput 
 - klass: 'com/android/dx/util/ByteArrayAnnotatedOutput'
RDI=0x0000000000000000 is an unknown value
R8 =0x00007ff021f4f840 is pointing into metadata
R9 =0x0000000100096bb0 is pointing into metadata
R10=0x00007ff03a138260: <offset 0xfb1260> in /usr/lib/jvm/java-8-oracle/jre/lib/amd64/server/libjvm.so at 0x00007ff039187000
R11=0x000000000012c7dc is an unknown value
R12=0x0000000000000000 is an unknown value
R13=0x0000000100096bb0 is pointing into metadata
R14=0x00007ff03ad5c340 is pointing into the stack for thread: 0x00007ff03400a000
R15=0x00007ff03400a000 is a thread


Stack: [0x00007ff03ac5d000,0x00007ff03ad5e000],  sp=0x00007ff03ad5c0d8,  free space=1020k
Native frames: (J=compiled Java code, j=interpreted, Vv=VM code, C=native code)
C  0x00007fefe5dea060
j  com.android.dx.dex.file.DebugInfoEncoder.convert()[B+1
j  com.android.dx.dex.file.DebugInfoItem.encode0(Lcom/android/dx/dex/file/DexFile;Ljava/lang/String;Ljava/io/PrintWriter;Lcom/android/dx/util/AnnotatedOutput;Z)[B+78
j  com.android.dx.dex.file.DebugInfoItem.encode(Lcom/android/dx/dex/file/DexFile;Ljava/lang/String;Ljava/io/PrintWriter;Lcom/android/dx/util/AnnotatedOutput;Z)[B+8
j  com.android.dx.dex.file.DebugInfoItem.place0(Lcom/android/dx/dex/file/Section;I)V+10
J 1810 C1 com.android.dx.dex.file.OffsettedItem.place(Lcom/android/dx/dex/file/Section;I)I (78 bytes) @ 0x00007ff02546f0e4 [0x00007ff02546ef00+0x1e4]
j  com.android.dx.dex.file.MixedItemSection.placeItems()V+94
j  com.android.dx.dex.file.DexFile.toDex0(ZZ)Lcom/android/dx/util/ByteArrayAnnotatedOutput;+195
j  com.android.dx.dex.file.DexFile.toDex(Ljava/io/Writer;Z)[B+13
j  com.android.dx.command.dexer.Main.writeDex()[B+50
j  com.android.dx.command.dexer.Main.runMonoDex()I+103
j  com.android.dx.command.dexer.Main.run(Lcom/android/dx/command/dexer/Main$Arguments;)I+76
j  com.android.dx.command.dexer.Main.main([Ljava/lang/String;)V+14
j  com.android.dx.command.Main.main([Ljava/lang/String;)V+61
v  ~StubRoutines::call_stub
V  [libjvm.so+0x68bc46]  JavaCalls::call_helper(JavaValue*, methodHandle*, JavaCallArguments*, Thread*)+0x1056
V  [libjvm.so+0x6cd262]  jni_invoke_static(JNIEnv_*, JavaValue*, _jobject*, JNICallType, _jmethodID*, JNI_ArgumentPusher*, Thread*)+0x362
V  [libjvm.so+0x6e9c6a]  jni_CallStaticVoidMethod+0x17a
C  [libjli.so+0x7bcc]  JavaMain+0x80c
C  [libpthread.so.0+0x76aa]  start_thread+0xca


---------------  P R O C E S S  ---------------

Java Threads: ( => current thread )
  0x00007ff0340c3000 JavaThread "Service Thread" daemon [_thread_blocked, id=12647, stack(0x00007ff01b6dc000,0x00007ff01b7dd000)]
  0x00007ff0340bd800 JavaThread "C1 CompilerThread2" daemon [_thread_blocked, id=12646, stack(0x00007ff01b7dd000,0x00007ff01b8de000)]
  0x00007ff0340bb800 JavaThread "C2 CompilerThread1" daemon [_thread_in_native, id=12645, stack(0x00007ff0200c1000,0x00007ff0201c2000)]
  0x00007ff0340b9000 JavaThread "C2 CompilerThread0" daemon [_thread_blocked, id=12644, stack(0x00007ff0201c2000,0x00007ff0202c3000)]
  0x00007ff0340b7000 JavaThread "Signal Dispatcher" daemon [_thread_blocked, id=12643, stack(0x00007ff0202c3000,0x00007ff0203c4000)]
  0x00007ff03407f800 JavaThread "Finalizer" daemon [_thread_blocked, id=12642, stack(0x00007ff0203c4000,0x00007ff0204c5000)]
  0x00007ff03407d000 JavaThread "Reference Handler" daemon [_thread_blocked, id=12641, stack(0x00007ff0204c5000,0x00007ff0205c6000)]
=>0x00007ff03400a000 JavaThread "main" [_thread_in_Java, id=12631, stack(0x00007ff03ac5d000,0x00007ff03ad5e000)]

Other Threads:
  0x00007ff034078000 VMThread [stack: 0x00007ff0205c6000,0x00007ff0206c7000] [id=12640]
  0x00007ff0340c5800 WatcherThread [stack: 0x00007ff01b5db000,0x00007ff01b6dc000] [id=12648]

VM state:not at safepoint (normal execution)

VM Mutex/Monitor currently owned by a thread: None

Heap:
 PSYoungGen      total 70656K, used 44338K [0x00000000eab00000, 0x00000000ef500000, 0x0000000100000000)
  eden space 65536K, 59% used [0x00000000eab00000,0x00000000ed150aa0,0x00000000eeb00000)
  from space 5120K, 99% used [0x00000000ef000000,0x00000000ef4fc038,0x00000000ef500000)
  to   space 5120K, 0% used [0x00000000eeb00000,0x00000000eeb00000,0x00000000ef000000)
 ParOldGen       total 86016K, used 5534K [0x00000000c0000000, 0x00000000c5400000, 0x00000000eab00000)
  object space 86016K, 6% used [0x00000000c0000000,0x00000000c0567b30,0x00000000c5400000)
 Metaspace       used 6151K, capacity 7344K, committed 7552K, reserved 1056768K
  class space    used 574K, capacity 616K, committed 640K, reserved 1048576K

Card table byte_map: [0x00007ff024824000,0x00007ff024a25000] byte_map_base: 0x00007ff024224000

Marking Bits: (ParMarkBitMap*) 0x00007ff03a136020
 Begin Bits: [0x00007ff0222ca000, 0x00007ff0232ca000)
 End Bits:   [0x00007ff0232ca000, 0x00007ff0242ca000)

Polling page: 0x00007ff03ad83000

CodeCache: size=245760Kb used=6935Kb max_used=6942Kb free=238824Kb
 bounds [0x00007ff024de5000, 0x00007ff0254b5000, 0x00007ff033de5000]
 total_blobs=2133 nmethods=1869 adapters=179
 compilation: enabled

Compilation events (10 events):
Event: 3.374 Thread 0x00007ff0340bd800 1886       3       com.android.dx.dex.code.DalvInsnList::codeSize (24 bytes)
Event: 3.374 Thread 0x00007ff0340bd800 nmethod 1886 0x00007ff0254a92d0 code [0x00007ff0254a94a0, 0x00007ff0254a9d08]
Event: 3.374 Thread 0x00007ff0340bd800 1897       3       com.android.dx.dex.file.DebugInfoEncoder::getParamBase (29 bytes)
Event: 3.375 Thread 0x00007ff0340b9000 nmethod 1818 0x00007ff0254a8510 code [0x00007ff0254a8660, 0x00007ff0254a8798]
Event: 3.375 Thread 0x00007ff0340b9000 1899       4       com.android.dx.util.ByteArrayAnnotatedOutput::writeByte (51 bytes)
Event: 3.375 Thread 0x00007ff0340bd800 nmethod 1897 0x00007ff0254ad350 code [0x00007ff0254ad500, 0x00007ff0254add58]
Event: 3.375 Thread 0x00007ff0340bd800 1900       3       com.android.dx.dex.file.StringIdsSection::indexOf (49 bytes)
Event: 3.376 Thread 0x00007ff0340bd800 nmethod 1900 0x00007ff0254ac450 code [0x00007ff0254ac660, 0x00007ff0254acfa8]
Event: 3.376 Thread 0x00007ff0340bd800 1902       3       java.util.TimSort::countRunAndMakeAscending (128 bytes)
Event: 3.377 Thread 0x00007ff0340b9000 nmethod 1899 0x00007ff0254ac0d0 code [0x00007ff0254ac220, 0x00007ff0254ac338]

GC Heap History (4 events):
Event: 1.257 GC heap before
{Heap before GC invocations=1 (full 0):
 PSYoungGen      total 37888K, used 32768K [0x00000000eab00000, 0x00000000ed500000, 0x0000000100000000)
  eden space 32768K, 100% used [0x00000000eab00000,0x00000000ecb00000,0x00000000ecb00000)
  from space 5120K, 0% used [0x00000000ed000000,0x00000000ed000000,0x00000000ed500000)
  to   space 5120K, 0% used [0x00000000ecb00000,0x00000000ecb00000,0x00000000ed000000)
 ParOldGen       total 86016K, used 0K [0x00000000c0000000, 0x00000000c5400000, 0x00000000eab00000)
  object space 86016K, 0% used [0x00000000c0000000,0x00000000c0000000,0x00000000c5400000)
 Metaspace       used 5310K, capacity 6768K, committed 7040K, reserved 1056768K
  class space    used 533K, capacity 616K, committed 640K, reserved 1048576K
Event: 1.309 GC heap after
Heap after GC invocations=1 (full 0):
 PSYoungGen      total 37888K, used 5088K [0x00000000eab00000, 0x00000000ef500000, 0x0000000100000000)
  eden space 32768K, 0% used [0x00000000eab00000,0x00000000eab00000,0x00000000ecb00000)
  from space 5120K, 99% used [0x00000000ecb00000,0x00000000ecff8048,0x00000000ed000000)
  to   space 5120K, 0% used [0x00000000ef000000,0x00000000ef000000,0x00000000ef500000)
 ParOldGen       total 86016K, used 1458K [0x00000000c0000000, 0x00000000c5400000, 0x00000000eab00000)
  object space 86016K, 1% used [0x00000000c0000000,0x00000000c016c858,0x00000000c5400000)
 Metaspace       used 5310K, capacity 6768K, committed 7040K, reserved 1056768K
  class space    used 533K, capacity 616K, committed 640K, reserved 1048576K
}
Event: 2.198 GC heap before
{Heap before GC invocations=2 (full 0):
 PSYoungGen      total 37888K, used 37856K [0x00000000eab00000, 0x00000000ef500000, 0x0000000100000000)
  eden space 32768K, 100% used [0x00000000eab00000,0x00000000ecb00000,0x00000000ecb00000)
  from space 5120K, 99% used [0x00000000ecb00000,0x00000000ecff8048,0x00000000ed000000)
  to   space 5120K, 0% used [0x00000000ef000000,0x00000000ef000000,0x00000000ef500000)
 ParOldGen       total 86016K, used 1458K [0x00000000c0000000, 0x00000000c5400000, 0x00000000eab00000)
  object space 86016K, 1% used [0x00000000c0000000,0x00000000c016c858,0x00000000c5400000)
 Metaspace       used 5576K, capacity 7024K, committed 7296K, reserved 1056768K
  class space    used 535K, capacity 616K, committed 640K, reserved 1048576K
Event: 2.283 GC heap after
Heap after GC invocations=2 (full 0):
 PSYoungGen      total 70656K, used 5104K [0x00000000eab00000, 0x00000000ef500000, 0x0000000100000000)
  eden space 65536K, 0% used [0x00000000eab00000,0x00000000eab00000,0x00000000eeb00000)
  from space 5120K, 99% used [0x00000000ef000000,0x00000000ef4fc038,0x00000000ef500000)
  to   space 5120K, 0% used [0x00000000eeb00000,0x00000000eeb00000,0x00000000ef000000)
 ParOldGen       total 86016K, used 5534K [0x00000000c0000000, 0x00000000c5400000, 0x00000000eab00000)
  object space 86016K, 6% used [0x00000000c0000000,0x00000000c0567b30,0x00000000c5400000)
 Metaspace       used 5576K, capacity 7024K, committed 7296K, reserved 1056768K
  class space    used 535K, capacity 616K, committed 640K, reserved 1048576K
}

Deoptimization events (10 events):
Event: 2.951 Thread 0x00007ff03400a000 Uncommon trap: reason=unstable_if action=reinterpret pc=0x00007ff0253e942c method=java.util.HashMap.putVal(ILjava/lang/Object;Ljava/lang/Object;ZZ)Ljava/lang/Object; @ 94
Event: 2.962 Thread 0x00007ff03400a000 Uncommon trap: reason=bimorphic action=maybe_recompile pc=0x00007ff0253e6b5c method=java.util.Arrays.hashCode([Ljava/lang/Object;)I @ 43
Event: 2.962 Thread 0x00007ff03400a000 Uncommon trap: reason=bimorphic action=maybe_recompile pc=0x00007ff0253e6b5c method=java.util.Arrays.hashCode([Ljava/lang/Object;)I @ 43
Event: 2.962 Thread 0x00007ff03400a000 Uncommon trap: reason=bimorphic action=maybe_recompile pc=0x00007ff0253e6b5c method=java.util.Arrays.hashCode([Ljava/lang/Object;)I @ 43
Event: 2.962 Thread 0x00007ff03400a000 Uncommon trap: reason=bimorphic action=maybe_recompile pc=0x00007ff0253e6b5c method=java.util.Arrays.hashCode([Ljava/lang/Object;)I @ 43
Event: 3.036 Thread 0x00007ff03400a000 Uncommon trap: reason=speculate_class_check action=maybe_recompile pc=0x00007ff0250a9cac method=com.android.dx.util.FixedSizeList.equals(Ljava/lang/Object;)Z @ 25
Event: 3.036 Thread 0x00007ff03400a000 Uncommon trap: reason=speculate_class_check action=maybe_recompile pc=0x00007ff0250a9cac method=com.android.dx.util.FixedSizeList.equals(Ljava/lang/Object;)Z @ 25
Event: 3.036 Thread 0x00007ff03400a000 Uncommon trap: reason=speculate_class_check action=maybe_recompile pc=0x00007ff0250a9cac method=com.android.dx.util.FixedSizeList.equals(Ljava/lang/Object;)Z @ 25
Event: 3.036 Thread 0x00007ff03400a000 Uncommon trap: reason=speculate_class_check action=maybe_recompile pc=0x00007ff0250a9cac method=com.android.dx.util.FixedSizeList.equals(Ljava/lang/Object;)Z @ 25
Event: 3.138 Thread 0x00007ff03400a000 Uncommon trap: reason=unstable_if action=reinterpret pc=0x00007ff02540811c method=java.util.TreeMap.put(Ljava/lang/Object;Ljava/lang/Object;)Ljava/lang/Object; @ 163

Internal exceptions (2 events):
Event: 0.058 Thread 0x00007ff03400a000 Exception <a 'java/lang/NoSuchMethodError': Method sun.misc.Unsafe.defineClass(Ljava/lang/String;[BII)Ljava/lang/Class; name or signature does not match> (0x00000000eab12b90) thrown at [/HUDSON/workspace/8-2-build-linux-amd64/jdk8u66/4988/hotspot/src/shar
Event: 0.058 Thread 0x00007ff03400a000 Exception <a 'java/lang/NoSuchMethodError': Method sun.misc.Unsafe.prefetchRead(Ljava/lang/Object;J)V name or signature does not match> (0x00000000eab12e78) thrown at [/HUDSON/workspace/8-2-build-linux-amd64/jdk8u66/4988/hotspot/src/share/vm/prims/jni.cpp

Events (10 events):
Event: 3.138 Thread 0x00007ff03400a000 DEOPT PACKING pc=0x00007ff02540811c sp=0x00007ff03ad5c3d0
Event: 3.138 Thread 0x00007ff03400a000 DEOPT UNPACKING pc=0x00007ff024de9f69 sp=0x00007ff03ad5c390 mode 2
Event: 3.272 Thread 0x00007ff03400a000 DEOPT PACKING pc=0x00007ff02540fda2 sp=0x00007ff03ad5c180
Event: 3.272 Thread 0x00007ff03400a000 DEOPT UNPACKING pc=0x00007ff024e2bf73 sp=0x00007ff03ad5bf20 mode 0
Event: 3.337 loading class com/android/dx/dex/file/DebugInfoEncoder
Event: 3.337 loading class com/android/dx/dex/file/DebugInfoEncoder done
Event: 3.340 loading class com/android/dx/dex/file/DebugInfoEncoder$1
Event: 3.340 loading class com/android/dx/dex/file/DebugInfoEncoder$1 done
Event: 3.341 loading class com/android/dx/dex/file/DebugInfoEncoder$2
Event: 3.341 loading class com/android/dx/dex/file/DebugInfoEncoder$2 done


Dynamic libraries:
00400000-00401000 r-xp 00000000 08:12 4072075                            /usr/lib/jvm/java-8-oracle/bin/java
00600000-00601000 rw-p 00000000 08:12 4072075                            /usr/lib/jvm/java-8-oracle/bin/java
0238a000-023ab000 rw-p 00000000 00:00 0                                  [heap]
c0000000-c5400000 rw-p 00000000 00:00 0 
c5400000-eab00000 ---p 00000000 00:00 0 
eab00000-ef500000 rw-p 00000000 00:00 0 
ef500000-100000000 ---p 00000000 00:00 0 
100000000-1000a0000 rw-p 00000000 00:00 0 
1000a0000-140000000 ---p 00000000 00:00 0 
7fefe4000000-7fefe4021000 rw-p 00000000 00:00 0 
7fefe4021000-7fefe8000000 ---p 00000000 00:00 0 
7fefec000000-7fefec751000 rw-p 00000000 00:00 0 
7fefec751000-7feff0000000 ---p 00000000 00:00 0 
7feff0000000-7feff0021000 rw-p 00000000 00:00 0 
7feff0021000-7feff4000000 ---p 00000000 00:00 0 
7feff4000000-7feff4a83000 rw-p 00000000 00:00 0 
7feff4a83000-7feff8000000 ---p 00000000 00:00 0 
7feff8000000-7feff8b19000 rw-p 00000000 00:00 0 
7feff8b19000-7feffc000000 ---p 00000000 00:00 0 
7feffc000000-7feffc021000 rw-p 00000000 00:00 0 
7feffc021000-7ff000000000 ---p 00000000 00:00 0 
7ff000000000-7ff000021000 rw-p 00000000 00:00 0 
7ff000021000-7ff004000000 ---p 00000000 00:00 0 
7ff004000000-7ff004021000 rw-p 00000000 00:00 0 
7ff004021000-7ff008000000 ---p 00000000 00:00 0 
7ff008000000-7ff008021000 rw-p 00000000 00:00 0 
7ff008021000-7ff00c000000 ---p 00000000 00:00 0 
7ff00c000000-7ff00c021000 rw-p 00000000 00:00 0 
7ff00c021000-7ff010000000 ---p 00000000 00:00 0 
7ff010000000-7ff010021000 rw-p 00000000 00:00 0 
7ff010021000-7ff014000000 ---p 00000000 00:00 0 
7ff014000000-7ff014021000 rw-p 00000000 00:00 0 
7ff014021000-7ff018000000 ---p 00000000 00:00 0 
7ff01b5db000-7ff01b5dc000 ---p 00000000 00:00 0 
7ff01b5dc000-7ff01b6dc000 rw-p 00000000 00:00 0                          [stack:12648]
7ff01b6dc000-7ff01b6df000 ---p 00000000 00:00 0 
7ff01b6df000-7ff01b7dd000 rw-p 00000000 00:00 0                          [stack:12647]
7ff01b7dd000-7ff01b7e0000 ---p 00000000 00:00 0 
7ff01b7e0000-7ff01b8de000 rw-p 00000000 00:00 0                          [stack:12646]
7ff01b8de000-7ff01c000000 r--p 00000000 08:12 3546878                    /usr/lib/locale/locale-archive
7ff01c000000-7ff01c021000 rw-p 00000000 00:00 0 
7ff01c021000-7ff020000000 ---p 00000000 00:00 0 
7ff0200a0000-7ff0200af000 r--s 000dd000 08:12 1706690                    /opt/android-sdk-linux/build-tools/22.0.1/lib/dx.jar
7ff0200af000-7ff0200c1000 r--s 001fc000 08:12 4196211                    /usr/lib/jvm/java-8-oracle/jre/lib/ext/ojdbc6.jar
7ff0200c1000-7ff0200c4000 ---p 00000000 00:00 0 
7ff0200c4000-7ff0201c2000 rw-p 00000000 00:00 0                          [stack:12645]
7ff0201c2000-7ff0201c5000 ---p 00000000 00:00 0 
7ff0201c5000-7ff0202c3000 rw-p 00000000 00:00 0                          [stack:12644]
7ff0202c3000-7ff0202c6000 ---p 00000000 00:00 0 
7ff0202c6000-7ff0203c4000 rw-p 00000000 00:00 0                          [stack:12643]
7ff0203c4000-7ff0203c7000 ---p 00000000 00:00 0 
7ff0203c7000-7ff0204c5000 rw-p 00000000 00:00 0                          [stack:12642]
7ff0204c5000-7ff0204c8000 ---p 00000000 00:00 0 
7ff0204c8000-7ff0205c6000 rw-p 00000000 00:00 0                          [stack:12641]
7ff0205c6000-7ff0205c7000 ---p 00000000 00:00 0 
7ff0205c7000-7ff02167b000 rw-p 00000000 00:00 0                          [stack:12640]
7ff02167b000-7ff021854000 r--s 03d20000 08:12 4198918                    /usr/lib/jvm/java-8-oracle/jre/lib/rt.jar
7ff021854000-7ff021f8a000 rw-p 00000000 00:00 0 
7ff021f8a000-7ff0220ca000 ---p 00000000 00:00 0 
7ff0220ca000-7ff0242ca000 rw-p 00000000 00:00 0 
7ff0242ca000-7ff0242cb000 ---p 00000000 00:00 0 
7ff0242cb000-7ff0243cb000 rw-p 00000000 00:00 0                          [stack:12639]
7ff0243cb000-7ff0243cc000 ---p 00000000 00:00 0 
7ff0243cc000-7ff0244cc000 rw-p 00000000 00:00 0                          [stack:12638]
7ff0244cc000-7ff0244cd000 ---p 00000000 00:00 0 
7ff0244cd000-7ff0245cd000 rw-p 00000000 00:00 0                          [stack:12636]
7ff0245cd000-7ff0245ce000 ---p 00000000 00:00 0 
7ff0245ce000-7ff0246f8000 rw-p 00000000 00:00 0                          [stack:12635]
7ff0246f8000-7ff024824000 ---p 00000000 00:00 0 
7ff024824000-7ff02484e000 rw-p 00000000 00:00 0 
7ff02484e000-7ff024979000 ---p 00000000 00:00 0 
7ff024979000-7ff02499f000 rw-p 00000000 00:00 0 
7ff02499f000-7ff024a24000 ---p 00000000 00:00 0 
7ff024a24000-7ff024a41000 rw-p 00000000 00:00 0 
7ff024a41000-7ff024de5000 ---p 00000000 00:00 0 
7ff024de5000-7ff0254b5000 rwxp 00000000 00:00 0 
7ff0254b5000-7ff033de5000 ---p 00000000 00:00 0 
7ff033de5000-7ff033dff000 r-xp 00000000 08:12 4203595                    /usr/lib/jvm/java-8-oracle/jre/lib/amd64/libzip.so
7ff033dff000-7ff033fff000 ---p 0001a000 08:12 4203595                    /usr/lib/jvm/java-8-oracle/jre/lib/amd64/libzip.so
7ff033fff000-7ff034000000 rw-p 0001a000 08:12 4203595                    /usr/lib/jvm/java-8-oracle/jre/lib/amd64/libzip.so
7ff034000000-7ff034495000 rw-p 00000000 00:00 0 
7ff034495000-7ff038000000 ---p 00000000 00:00 0 
7ff038000000-7ff03800c000 r-xp 00000000 08:12 265436                     /lib/x86_64-linux-gnu/libnss_files-2.21.so
7ff03800c000-7ff03820b000 ---p 0000c000 08:12 265436                     /lib/x86_64-linux-gnu/libnss_files-2.21.so
7ff03820b000-7ff03820c000 r--p 0000b000 08:12 265436                     /lib/x86_64-linux-gnu/libnss_files-2.21.so
7ff03820c000-7ff03820d000 rw-p 0000c000 08:12 265436                     /lib/x86_64-linux-gnu/libnss_files-2.21.so
7ff03820d000-7ff038218000 r-xp 00000000 08:12 265447                     /lib/x86_64-linux-gnu/libnss_nis-2.21.so
7ff038218000-7ff038417000 ---p 0000b000 08:12 265447                     /lib/x86_64-linux-gnu/libnss_nis-2.21.so
7ff038417000-7ff038418000 r--p 0000a000 08:12 265447                     /lib/x86_64-linux-gnu/libnss_nis-2.21.so
7ff038418000-7ff038419000 rw-p 0000b000 08:12 265447                     /lib/x86_64-linux-gnu/libnss_nis-2.21.so
7ff038419000-7ff038430000 r-xp 00000000 08:12 265441                     /lib/x86_64-linux-gnu/libnsl-2.21.so
7ff038430000-7ff03862f000 ---p 00017000 08:12 265441                     /lib/x86_64-linux-gnu/libnsl-2.21.so
7ff03862f000-7ff038630000 r--p 00016000 08:12 265441                     /lib/x86_64-linux-gnu/libnsl-2.21.so
7ff038630000-7ff038631000 rw-p 00017000 08:12 265441                     /lib/x86_64-linux-gnu/libnsl-2.21.so
7ff038631000-7ff038633000 rw-p 00000000 00:00 0 
7ff038633000-7ff03863b000 r-xp 00000000 08:12 265437                     /lib/x86_64-linux-gnu/libnss_compat-2.21.so
7ff03863b000-7ff03883a000 ---p 00008000 08:12 265437                     /lib/x86_64-linux-gnu/libnss_compat-2.21.so
7ff03883a000-7ff03883b000 r--p 00007000 08:12 265437                     /lib/x86_64-linux-gnu/libnss_compat-2.21.so
7ff03883b000-7ff03883c000 rw-p 00008000 08:12 265437                     /lib/x86_64-linux-gnu/libnss_compat-2.21.so
7ff03883c000-7ff038866000 r-xp 00000000 08:12 4203590                    /usr/lib/jvm/java-8-oracle/jre/lib/amd64/libjava.so
7ff038866000-7ff038a66000 ---p 0002a000 08:12 4203590                    /usr/lib/jvm/java-8-oracle/jre/lib/amd64/libjava.so
7ff038a66000-7ff038a68000 rw-p 0002a000 08:12 4203590                    /usr/lib/jvm/java-8-oracle/jre/lib/amd64/libjava.so
7ff038a68000-7ff038a75000 r-xp 00000000 08:12 4203594                    /usr/lib/jvm/java-8-oracle/jre/lib/amd64/libverify.so
7ff038a75000-7ff038c75000 ---p 0000d000 08:12 4203594                    /usr/lib/jvm/java-8-oracle/jre/lib/amd64/libverify.so
7ff038c75000-7ff038c77000 rw-p 0000d000 08:12 4203594                    /usr/lib/jvm/java-8-oracle/jre/lib/amd64/libverify.so
7ff038c77000-7ff038c7e000 r-xp 00000000 08:12 265431                     /lib/x86_64-linux-gnu/librt-2.21.so
7ff038c7e000-7ff038e7d000 ---p 00007000 08:12 265431                     /lib/x86_64-linux-gnu/librt-2.21.so
7ff038e7d000-7ff038e7e000 r--p 00006000 08:12 265431                     /lib/x86_64-linux-gnu/librt-2.21.so
7ff038e7e000-7ff038e7f000 rw-p 00007000 08:12 265431                     /lib/x86_64-linux-gnu/librt-2.21.so
7ff038e7f000-7ff038f86000 r-xp 00000000 08:12 265449                     /lib/x86_64-linux-gnu/libm-2.21.so
7ff038f86000-7ff039185000 ---p 00107000 08:12 265449                     /lib/x86_64-linux-gnu/libm-2.21.so
7ff039185000-7ff039186000 r--p 00106000 08:12 265449                     /lib/x86_64-linux-gnu/libm-2.21.so
7ff039186000-7ff039187000 rw-p 00107000 08:12 265449                     /lib/x86_64-linux-gnu/libm-2.21.so
7ff039187000-7ff039e45000 r-xp 00000000 08:12 4201549                    /usr/lib/jvm/java-8-oracle/jre/lib/amd64/server/libjvm.so
7ff039e45000-7ff03a044000 ---p 00cbe000 08:12 4201549                    /usr/lib/jvm/java-8-oracle/jre/lib/amd64/server/libjvm.so
7ff03a044000-7ff03a11d000 rw-p 00cbd000 08:12 4201549                    /usr/lib/jvm/java-8-oracle/jre/lib/amd64/server/libjvm.so
7ff03a11d000-7ff03a161000 rw-p 00000000 00:00 0 
7ff03a161000-7ff03a321000 r-xp 00000000 08:12 265450                     /lib/x86_64-linux-gnu/libc-2.21.so
7ff03a321000-7ff03a521000 ---p 001c0000 08:12 265450                     /lib/x86_64-linux-gnu/libc-2.21.so
7ff03a521000-7ff03a525000 r--p 001c0000 08:12 265450                     /lib/x86_64-linux-gnu/libc-2.21.so
7ff03a525000-7ff03a527000 rw-p 001c4000 08:12 265450                     /lib/x86_64-linux-gnu/libc-2.21.so
7ff03a527000-7ff03a52b000 rw-p 00000000 00:00 0 
7ff03a52b000-7ff03a52e000 r-xp 00000000 08:12 265446                     /lib/x86_64-linux-gnu/libdl-2.21.so
7ff03a52e000-7ff03a72d000 ---p 00003000 08:12 265446                     /lib/x86_64-linux-gnu/libdl-2.21.so
7ff03a72d000-7ff03a72e000 r--p 00002000 08:12 265446                     /lib/x86_64-linux-gnu/libdl-2.21.so
7ff03a72e000-7ff03a72f000 rw-p 00003000 08:12 265446                     /lib/x86_64-linux-gnu/libdl-2.21.so
7ff03a72f000-7ff03a744000 r-xp 00000000 08:12 4198721                    /usr/lib/jvm/java-8-oracle/lib/amd64/jli/libjli.so
7ff03a744000-7ff03a944000 ---p 00015000 08:12 4198721                    /usr/lib/jvm/java-8-oracle/lib/amd64/jli/libjli.so
7ff03a944000-7ff03a945000 rw-p 00015000 08:12 4198721                    /usr/lib/jvm/java-8-oracle/lib/amd64/jli/libjli.so
7ff03a945000-7ff03a95d000 r-xp 00000000 08:12 265432                     /lib/x86_64-linux-gnu/libpthread-2.21.so
7ff03a95d000-7ff03ab5d000 ---p 00018000 08:12 265432                     /lib/x86_64-linux-gnu/libpthread-2.21.so
7ff03ab5d000-7ff03ab5e000 r--p 00018000 08:12 265432                     /lib/x86_64-linux-gnu/libpthread-2.21.so
7ff03ab5e000-7ff03ab5f000 rw-p 00019000 08:12 265432                     /lib/x86_64-linux-gnu/libpthread-2.21.so
7ff03ab5f000-7ff03ab63000 rw-p 00000000 00:00 0 
7ff03ab63000-7ff03ab87000 r-xp 00000000 08:12 265444                     /lib/x86_64-linux-gnu/ld-2.21.so
7ff03ab8b000-7ff03ac5d000 rw-p 00000000 00:00 0 
7ff03ac5d000-7ff03ac60000 ---p 00000000 00:00 0 
7ff03ac60000-7ff03ad62000 rw-p 00000000 00:00 0                          [stack:12631]
7ff03ad63000-7ff03ad7a000 rw-p 00000000 00:00 0 
7ff03ad7a000-7ff03ad82000 rw-s 00000000 08:12 3408200                    /tmp/hsperfdata_duke/12629
7ff03ad82000-7ff03ad83000 rw-p 00000000 00:00 0 
7ff03ad83000-7ff03ad84000 r--p 00000000 00:00 0 
7ff03ad84000-7ff03ad86000 rw-p 00000000 00:00 0 
7ff03ad86000-7ff03ad87000 r--p 00023000 08:12 265444                     /lib/x86_64-linux-gnu/ld-2.21.so
7ff03ad87000-7ff03ad88000 rw-p 00024000 08:12 265444                     /lib/x86_64-linux-gnu/ld-2.21.so
7ff03ad88000-7ff03ad89000 rw-p 00000000 00:00 0 
7ffc575de000-7ffc575ff000 rw-p 00000000 00:00 0                          [stack]
7ffc577e8000-7ffc577ea000 r--p 00000000 00:00 0                          [vvar]
7ffc577ea000-7ffc577ec000 r-xp 00000000 00:00 0                          [vdso]
ffffffffff600000-ffffffffff601000 r-xp 00000000 00:00 0                  [vsyscall]

VM Arguments:
jvm_args: -Xmx1024M -Dfile.encoding=UTF-8 -Duser.country=US -Duser.language=en -Duser.variant 
java_command: com.android.dx.command.Main --dex --output /home/duke/AndroidStudioProjects/MasterSahab/app/build/intermediates/dex/debug /home/duke/AndroidStudioProjects/MasterSahab/app/build/intermediates/classes/debug /home/duke/AndroidStudioProjects/MasterSahab/app/build/intermediates/pre-dexed/debug/support-annotations-23.1.0-149131c491be35e3d124446278d503abb54ec58a.jar /home/duke/AndroidStudioProjects/MasterSahab/app/build/intermediates/pre-dexed/debug/internal_impl-23.1.0-68dd1a7f8574ec1010780d01224e7f7f961b609d.jar /home/duke/AndroidStudioProjects/MasterSahab/app/build/intermediates/pre-dexed/debug/classes-a7978fbca45cb556bc78ba92279a75d463b5966e.jar /home/duke/AndroidStudioProjects/MasterSahab/app/build/intermediates/pre-dexed/debug/classes-15119f3aee5b6d8304b65a7150ff66c3b1b298bc.jar
java_class_path (initial): /opt/android-sdk-linux/build-tools/22.0.1/lib/dx.jar
Launcher Type: SUN_STANDARD

Environment Variables:
JAVA_HOME=/usr/lib/jvm/java-8-oracle
PATH=/usr/local/sbin:/usr/local/bin:/usr/sbin:/usr/bin:/sbin:/bin:/usr/games:/usr/local/games:/usr/lib/jvm/java-8-oracle/bin:/usr/lib/jvm/java-8-oracle/db/bin:/usr/lib/jvm/java-8-oracle/jre/bin
LD_LIBRARY_PATH=/home/duke/Apps/android-studio/bin:
SHELL=/bin/bash
DISPLAY=:0

Signal Handlers:
SIGSEGV: [libjvm.so+0xaba2a0], sa_mask[0]=11111111011111111101111111111110, sa_flags=SA_RESTART|SA_SIGINFO
SIGBUS: [libjvm.so+0xaba2a0], sa_mask[0]=11111111011111111101111111111110, sa_flags=SA_RESTART|SA_SIGINFO
SIGFPE: [libjvm.so+0x917710], sa_mask[0]=11111111011111111101111111111110, sa_flags=SA_RESTART|SA_SIGINFO
SIGPIPE: [libjvm.so+0x917710], sa_mask[0]=11111111011111111101111111111110, sa_flags=SA_RESTART|SA_SIGINFO
SIGXFSZ: [libjvm.so+0x917710], sa_mask[0]=11111111011111111101111111111110, sa_flags=SA_RESTART|SA_SIGINFO
SIGILL: [libjvm.so+0x917710], sa_mask[0]=11111111011111111101111111111110, sa_flags=SA_RESTART|SA_SIGINFO
SIGUSR1: SIG_DFL, sa_mask[0]=00000000000000000000000000000000, sa_flags=none
SIGUSR2: [libjvm.so+0x918d40], sa_mask[0]=00100000000000000000000000000000, sa_flags=SA_RESTART|SA_SIGINFO
SIGHUP: [libjvm.so+0x91a140], sa_mask[0]=11111111011111111101111111111110, sa_flags=SA_RESTART|SA_SIGINFO
SIGINT: [libjvm.so+0x91a140], sa_mask[0]=11111111011111111101111111111110, sa_flags=SA_RESTART|SA_SIGINFO
SIGTERM: [libjvm.so+0x91a140], sa_mask[0]=11111111011111111101111111111110, sa_flags=SA_RESTART|SA_SIGINFO
SIGQUIT: [libjvm.so+0x91a140], sa_mask[0]=11111111011111111101111111111110, sa_flags=SA_RESTART|SA_SIGINFO


---------------  S Y S T E M  ---------------

OS:DISTRIB_ID=Ubuntu
DISTRIB_RELEASE=15.10
DISTRIB_CODENAME=wily
DISTRIB_DESCRIPTION="Ubuntu 15.10"

uname:Linux 4.2.0-34-generic #39-Ubuntu SMP Thu Mar 10 22:13:01 UTC 2016 x86_64
libc:glibc 2.21 NPTL 2.21 
rlimit: STACK 8192k, CORE 0k, NPROC 31796, NOFILE 65536, AS infinity
load average:1.53 1.60 1.69

/proc/meminfo:
MemTotal:        8174560 kB
MemFree:          188448 kB
MemAvailable:    2052152 kB
Buffers:          299912 kB
Cached:          1589080 kB
SwapCached:          288 kB
Active:          5526776 kB
Inactive:        1966208 kB
Active(anon):    4468244 kB
Inactive(anon):  1185956 kB
Active(file):    1058532 kB
Inactive(file):   780252 kB
Unevictable:          32 kB
Mlocked:              32 kB
SwapTotal:       1998844 kB
SwapFree:        1963540 kB
Dirty:             24640 kB
Writeback:             0 kB
AnonPages:       5603880 kB
Mapped:           603912 kB
Shmem:             50216 kB
Slab:             119020 kB
SReclaimable:      67496 kB
SUnreclaim:        51524 kB
KernelStack:       10496 kB
PageTables:        40268 kB
NFS_Unstable:          0 kB
Bounce:                0 kB
WritebackTmp:          0 kB
CommitLimit:     6086124 kB
Committed_AS:    8708848 kB
VmallocTotal:   34359738367 kB
VmallocUsed:       91960 kB
VmallocChunk:   34359586812 kB
HardwareCorrupted:     0 kB
AnonHugePages:   3588096 kB
CmaTotal:              0 kB
CmaFree:               0 kB
HugePages_Total:       0
HugePages_Free:        0
HugePages_Rsvd:        0
HugePages_Surp:        0
Hugepagesize:       2048 kB
DirectMap4k:      676800 kB
DirectMap2M:     7710720 kB


CPU:total 4 (4 cores per cpu, 1 threads per core) family 6 model 15 stepping 11, cmov, cx8, fxsr, mmx, sse, sse2, sse3, ssse3, tsc

/proc/cpuinfo:
processor	: 0
vendor_id	: GenuineIntel
cpu family	: 6
model		: 15
model name	: Intel(R) Core(TM)2 Quad CPU    Q6600  @ 2.40GHz
stepping	: 11
microcode	: 0xba
cpu MHz		: 1600.000
cache size	: 4096 KB
physical id	: 0
siblings	: 4
core id		: 0
cpu cores	: 4
apicid		: 0
initial apicid	: 0
fpu		: yes
fpu_exception	: yes
cpuid level	: 10
wp		: yes
flags		: fpu vme de pse tsc msr pae mce cx8 apic sep mtrr pge mca cmov pat pse36 clflush dts acpi mmx fxsr sse sse2 ss ht tm pbe syscall nx lm constant_tsc arch_perfmon pebs bts rep_good nopl aperfmperf pni dtes64 monitor ds_cpl vmx est tm2 ssse3 cx16 xtpr pdcm lahf_lm dtherm tpr_shadow vnmi flexpriority
bugs		:
bogomips	: 4800.09
clflush size	: 64
cache_alignment	: 64
address sizes	: 36 bits physical, 48 bits virtual
power management:

processor	: 1
vendor_id	: GenuineIntel
cpu family	: 6
model		: 15
model name	: Intel(R) Core(TM)2 Quad CPU    Q6600  @ 2.40GHz
stepping	: 11
microcode	: 0xba
cpu MHz		: 1600.000
cache size	: 4096 KB
physical id	: 0
siblings	: 4
core id		: 3
cpu cores	: 4
apicid		: 3
initial apicid	: 3
fpu		: yes
fpu_exception	: yes
cpuid level	: 10
wp		: yes
flags		: fpu vme de pse tsc msr pae mce cx8 apic sep mtrr pge mca cmov pat pse36 clflush dts acpi mmx fxsr sse sse2 ss ht tm pbe syscall nx lm constant_tsc arch_perfmon pebs bts rep_good nopl aperfmperf pni dtes64 monitor ds_cpl vmx est tm2 ssse3 cx16 xtpr pdcm lahf_lm dtherm tpr_shadow vnmi flexpriority
bugs		:
bogomips	: 4800.09
clflush size	: 64
cache_alignment	: 64
address sizes	: 36 bits physical, 48 bits virtual
power management:

processor	: 2
vendor_id	: GenuineIntel
cpu family	: 6
model		: 15
model name	: Intel(R) Core(TM)2 Quad CPU    Q6600  @ 2.40GHz
stepping	: 11
microcode	: 0xba
cpu MHz		: 1600.000
cache size	: 4096 KB
physical id	: 0
siblings	: 4
core id		: 1
cpu cores	: 4
apicid		: 1
initial apicid	: 1
fpu		: yes
fpu_exception	: yes
cpuid level	: 10
wp		: yes
flags		: fpu vme de pse tsc msr pae mce cx8 apic sep mtrr pge mca cmov pat pse36 clflush dts acpi mmx fxsr sse sse2 ss ht tm pbe syscall nx lm constant_tsc arch_perfmon pebs bts rep_good nopl aperfmperf pni dtes64 monitor ds_cpl vmx est tm2 ssse3 cx16 xtpr pdcm lahf_lm dtherm tpr_shadow vnmi flexpriority
bugs		:
bogomips	: 4800.09
clflush size	: 64
cache_alignment	: 64
address sizes	: 36 bits physical, 48 bits virtual
power management:

processor	: 3
vendor_id	: GenuineIntel
cpu family	: 6
model		: 15
model name	: Intel(R) Core(TM)2 Quad CPU    Q6600  @ 2.40GHz
stepping	: 11
microcode	: 0xba
cpu MHz		: 1600.000
cache size	: 4096 KB
physical id	: 0
siblings	: 4
core id		: 2
cpu cores	: 4
apicid		: 2
initial apicid	: 2
fpu		: yes
fpu_exception	: yes
cpuid level	: 10
wp		: yes
flags		: fpu vme de pse tsc msr pae mce cx8 apic sep mtrr pge mca cmov pat pse36 clflush dts acpi mmx fxsr sse sse2 ss ht tm pbe syscall nx lm constant_tsc arch_perfmon pebs bts rep_good nopl aperfmperf pni dtes64 monitor ds_cpl vmx est tm2 ssse3 cx16 xtpr pdcm lahf_lm dtherm tpr_shadow vnmi flexpriority
bugs		:
bogomips	: 4800.09
clflush size	: 64
cache_alignment	: 64
address sizes	: 36 bits physical, 48 bits virtual
power management:



Memory: 4k page, physical 8174560k(188448k free), swap 1998844k(1963540k free)

vm_info: Java HotSpot(TM) 64-Bit Server VM (25.66-b17) for linux-amd64 JRE (1.8.0_66-b17), built on Oct  6 2015 17:28:34 by "java_re" with gcc 4.3.0 20080428 (Red Hat 4.3.0-8)

time: Sun Mar 20 13:33:11 2016
elapsed time: 3 seconds (0d 0h 0m 3s)

