#
# A fatal error has been detected by the Java Runtime Environment:
#
#  SIGSEGV (0xb) at pc=0x00007f9b1a005060, pid=13010, tid=140305590372096
#
# JRE version: Java(TM) SE Runtime Environment (8.0_66-b17) (build 1.8.0_66-b17)
# Java VM: Java HotSpot(TM) 64-Bit Server VM (25.66-b17 mixed mode linux-amd64 compressed oops)
# Problematic frame:
# C  0x00007f9b1a005060
#
# Failed to write core dump. Core dumps have been disabled. To enable core dumping, try "ulimit -c unlimited" before starting Java again
#
# If you would like to submit a bug report, please visit:
#   http://bugreport.java.com/bugreport/crash.jsp
#

---------------  T H R E A D  ---------------

Current thread (0x00007f9b6800a000):  JavaThread "main" [_thread_in_Java, id=13015, stack(0x00007f9b70cfc000,0x00007f9b70dfd000)]

siginfo: si_signo: 11 (SIGSEGV), si_code: 1 (SEGV_MAPERR), si_addr: 0x00007f9b1a005060

Registers:
RAX=0x00007f9b6d01ae90, RBX=0x00007f9b6d01ae90, RCX=0x00000000eb3f98e8, RDX=0x00000000eb4058c8
RSP=0x00007f9b70dfb518, RBP=0x00007f9b70dfb590, RSI=0x00000000eb405880, RDI=0x00007f9b6d01e180
R8 =0x00000000000002e7, R9 =0x00000000eb4056f0, R10=0x00007f9b701d7260, R11=0x00007f9b5978b760
R12=0x0000000000000000, R13=0x00007f9b70dfb530, R14=0x0000000000000000, R15=0x00007f9b6800a000
RIP=0x00007f9b1a005060, EFLAGS=0x0000000000010202, CSGSFS=0x0000000000000033, ERR=0x0000000000000014
  TRAPNO=0x000000000000000e

Top of Stack: (sp=0x00007f9b70dfb518)
0x00007f9b70dfb518:   00007f9b59007710 00007f9b70dfb590
0x00007f9b70dfb528:   00007f9b59007710 00000000000002e7
0x00007f9b70dfb538:   00000000eb3f98e8 00000000eb4058c8
0x00007f9b70dfb548:   00000000eb405880 00007f9b70dfb550
0x00007f9b70dfb558:   00007f9b6d01b8e4 00007f9b70dfb610
0x00007f9b70dfb568:   00007f9b6d01c1a8 0000000000000000
0x00007f9b70dfb578:   00007f9b6d01bad0 00007f9b70dfb530
0x00007f9b70dfb588:   00007f9b70dfb610 00007f9b70dfb658
0x00007f9b70dfb598:   00007f9b5900798d 00000000eb469b50
0x00007f9b70dfb5a8:   0000000000000000 0000000000000001
0x00007f9b70dfb5b8:   00000000eb463c80 0000000000000000
0x00007f9b70dfb5c8:   0000000000000617 0000000000000374
0x00007f9b70dfb5d8:   00000000000002e7 0000000000000e40
0x00007f9b70dfb5e8:   0000000000000c0c 00000000eb405918
0x00007f9b70dfb5f8:   00000000eb4058c8 00000000eb361678
0x00007f9b70dfb608:   00000000eb3610f8 00000000eb405880
0x00007f9b70dfb618:   00007f9b70dfb618 00007f9b6d00ab54
0x00007f9b70dfb628:   00007f9b70dfb668 00007f9b6d00dee0
0x00007f9b70dfb638:   0000000000000000 00007f9b6d00ab70
0x00007f9b70dfb648:   00007f9b70dfb610 00007f9b70dfb668
0x00007f9b70dfb658:   00007f9b70dfb6b0 00007f9b5900798d
0x00007f9b70dfb668:   00000000eb361b00 00007f9b70dfb670
0x00007f9b70dfb678:   00007f9b6d00a719 00007f9b70dfb6c0
0x00007f9b70dfb688:   00007f9b6d00dee0 0000000000000000
0x00007f9b70dfb698:   00007f9b6d00a7b0 00007f9b70dfb668
0x00007f9b70dfb6a8:   00007f9b70dfb6c0 00007f9b70dfb708
0x00007f9b70dfb6b8:   00007f9b59007710 00000000eb361b00
0x00007f9b70dfb6c8:   00007f9b70dfb6c8 00007f9b6d00a83d
0x00007f9b70dfb6d8:   00007f9b70dfb750 00007f9b6d00dee0
0x00007f9b70dfb6e8:   0000000000000000 00007f9b6d00a9b8
0x00007f9b70dfb6f8:   00007f9b70dfb6c0 00007f9b70dfb750
0x00007f9b70dfb708:   00007f9b70dfb798 00007f9b59007710 

Instructions: (pc=0x00007f9b1a005060)
0x00007f9b1a005040:   
[error occurred during error reporting (printing registers, top of stack, instructions near pc), id 0xb]

Register to memory mapping:

RAX={method} {0x00007f9b6d01ae90} 'read' '(Lcom/android/dex/Dex$Section;Lcom/android/dx/merge/IndexMap;I)Ljava/lang/Comparable;' in 'com/android/dx/merge/DexMerger$1'
RBX={method} {0x00007f9b6d01ae90} 'read' '(Lcom/android/dex/Dex$Section;Lcom/android/dx/merge/IndexMap;I)Ljava/lang/Comparable;' in 'com/android/dx/merge/DexMerger$1'
RCX=0x00000000eb3f98e8 is an oop
com.android.dx.merge.IndexMap 
 - klass: 'com/android/dx/merge/IndexMap'
RDX=0x00000000eb4058c8 is an oop
com.android.dex.Dex$Section 
 - klass: 'com/android/dex/Dex$Section'
RSP=0x00007f9b70dfb518 is pointing into the stack for thread: 0x00007f9b6800a000
RBP=0x00007f9b70dfb590 is pointing into the stack for thread: 0x00007f9b6800a000
RSI=0x00000000eb405880 is an oop
com.android.dx.merge.DexMerger$1 
 - klass: 'com/android/dx/merge/DexMerger$1'
RDI=0x00007f9b6d01e180 is pointing into metadata
R8 =0x00000000000002e7 is an unknown value
R9 =0x00000000eb4056f0 is an oop
java.nio.HeapByteBuffer 
 - klass: 'java/nio/HeapByteBuffer'
R10=0x00007f9b701d7260: <offset 0xfb1260> in /usr/lib/jvm/java-8-oracle/jre/lib/amd64/server/libjvm.so at 0x00007f9b6f226000
R11=0x00007f9b5978b760 is at entry_point+32 in (nmethod*)0x00007f9b5978b5d0
R12=0x0000000000000000 is an unknown value
R13=0x00007f9b70dfb530 is pointing into the stack for thread: 0x00007f9b6800a000
R14=0x0000000000000000 is an unknown value
R15=0x00007f9b6800a000 is a thread


Stack: [0x00007f9b70cfc000,0x00007f9b70dfd000],  sp=0x00007f9b70dfb518,  free space=1021k
Native frames: (J=compiled Java code, j=interpreted, Vv=VM code, C=native code)
C  0x00007f9b1a005060
j  com.android.dx.merge.DexMerger.mergeStringIds()V+12
j  com.android.dx.merge.DexMerger.mergeDexes()Lcom/android/dex/Dex;+1
j  com.android.dx.merge.DexMerger.merge()Lcom/android/dex/Dex;+5
j  com.android.dx.command.dexer.Main.mergeLibraryDexBuffers([B)[B+69
j  com.android.dx.command.dexer.Main.runMonoDex()I+129
j  com.android.dx.command.dexer.Main.run(Lcom/android/dx/command/dexer/Main$Arguments;)I+76
j  com.android.dx.command.dexer.Main.main([Ljava/lang/String;)V+14
j  com.android.dx.command.Main.main([Ljava/lang/String;)V+61
v  ~StubRoutines::call_stub
V  [libjvm.so+0x68bc46]  JavaCalls::call_helper(JavaValue*, methodHandle*, JavaCallArguments*, Thread*)+0x1056
V  [libjvm.so+0x6cd262]  jni_invoke_static(JNIEnv_*, JavaValue*, _jobject*, JNICallType, _jmethodID*, JNI_ArgumentPusher*, Thread*)+0x362
V  [libjvm.so+0x6e9c6a]  jni_CallStaticVoidMethod+0x17a
C  [libjli.so+0x7bcc]  JavaMain+0x80c
C  [libpthread.so.0+0x76aa]  start_thread+0xca


---------------  P R O C E S S  ---------------

Java Threads: ( => current thread )
  0x00007f9b680c2800 JavaThread "Service Thread" daemon [_thread_blocked, id=13028, stack(0x00007f9b516dc000,0x00007f9b517dd000)]
  0x00007f9b680bd800 JavaThread "C1 CompilerThread2" daemon [_thread_blocked, id=13027, stack(0x00007f9b517dd000,0x00007f9b518de000)]
  0x00007f9b680bb800 JavaThread "C2 CompilerThread1" daemon [_thread_in_native, id=13026, stack(0x00007f9b580f1000,0x00007f9b581f2000)]
  0x00007f9b680b8800 JavaThread "C2 CompilerThread0" daemon [_thread_in_native, id=13025, stack(0x00007f9b581f2000,0x00007f9b582f3000)]
  0x00007f9b680b7000 JavaThread "Signal Dispatcher" daemon [_thread_blocked, id=13024, stack(0x00007f9b582f3000,0x00007f9b583f4000)]
  0x00007f9b6807f800 JavaThread "Finalizer" daemon [_thread_blocked, id=13023, stack(0x00007f9b583f4000,0x00007f9b584f5000)]
  0x00007f9b6807d000 JavaThread "Reference Handler" daemon [_thread_blocked, id=13022, stack(0x00007f9b584f5000,0x00007f9b585f6000)]
=>0x00007f9b6800a000 JavaThread "main" [_thread_in_Java, id=13015, stack(0x00007f9b70cfc000,0x00007f9b70dfd000)]

Other Threads:
  0x00007f9b68078000 VMThread [stack: 0x00007f9b585f6000,0x00007f9b586f7000] [id=13021]
  0x00007f9b680c5800 WatcherThread [stack: 0x00007f9b515db000,0x00007f9b516dc000] [id=13030]

VM state:not at safepoint (normal execution)

VM Mutex/Monitor currently owned by a thread: None

Heap:
 PSYoungGen      total 136192K, used 15882K [0x00000000eab00000, 0x00000000f3500000, 0x0000000100000000)
  eden space 131072K, 8% used [0x00000000eab00000,0x00000000eb5889d8,0x00000000f2b00000)
  from space 5120K, 99% used [0x00000000f3000000,0x00000000f34fa028,0x00000000f3500000)
  to   space 5120K, 0% used [0x00000000f2b00000,0x00000000f2b00000,0x00000000f3000000)
 ParOldGen       total 86016K, used 16633K [0x00000000c0000000, 0x00000000c5400000, 0x00000000eab00000)
  object space 86016K, 19% used [0x00000000c0000000,0x00000000c103e420,0x00000000c5400000)
 Metaspace       used 7334K, capacity 7992K, committed 8192K, reserved 1056768K
  class space    used 706K, capacity 752K, committed 768K, reserved 1048576K

Card table byte_map: [0x00007f9b6d8c3000,0x00007f9b6dac4000] byte_map_base: 0x00007f9b6d2c3000

Marking Bits: (ParMarkBitMap*) 0x00007f9b701d5020
 Begin Bits: [0x00007f9b52000000, 0x00007f9b53000000)
 End Bits:   [0x00007f9b53000000, 0x00007f9b54000000)

Polling page: 0x00007f9b70e22000

CodeCache: size=245760Kb used=8400Kb max_used=8413Kb free=237359Kb
 bounds [0x00007f9b59000000, 0x00007f9b59840000, 0x00007f9b68000000]
 total_blobs=2645 nmethods=2354 adapters=207
 compilation: enabled

Compilation events (10 events):
Event: 3.014 Thread 0x00007f9b680bd800 2389       1       com.android.dex.Code$CatchHandler::getOffset (5 bytes)
Event: 3.014 Thread 0x00007f9b680bd800 nmethod 2389 0x00007f9b5982d310 code [0x00007f9b5982d460, 0x00007f9b5982d570]
Event: 3.014 Thread 0x00007f9b680b8800 nmethod 2379 0x00007f9b5982af90 code [0x00007f9b5982b100, 0x00007f9b5982b498]
Event: 3.016 Thread 0x00007f9b680bd800 2393       3       sun.security.provider.ByteArrayAccess::b2iBig64 (614 bytes)
Event: 3.017 Thread 0x00007f9b680bd800 nmethod 2393 0x00007f9b5982bcd0 code [0x00007f9b5982bf00, 0x00007f9b5982cca8]
Event: 3.026 Thread 0x00007f9b680bd800 2394       1       java.util.Formatter$Flags::valueOf (5 bytes)
Event: 3.026 Thread 0x00007f9b680bd800 nmethod 2394 0x00007f9b59835410 code [0x00007f9b59835560, 0x00007f9b59835670]
Event: 3.027 Thread 0x00007f9b680b8800 2395       4       com.android.dex.Mutf8::decode (228 bytes)
Event: 3.033 Thread 0x00007f9b680bd800 2398       3       com.android.dx.merge.DexMerger$1::read (8 bytes)
Event: 3.034 Thread 0x00007f9b680bd800 nmethod 2398 0x00007f9b59834f10 code [0x00007f9b59835080, 0x00007f9b598352e8]

GC Heap History (8 events):
Event: 0.838 GC heap before
{Heap before GC invocations=1 (full 0):
 PSYoungGen      total 37888K, used 32768K [0x00000000eab00000, 0x00000000ed500000, 0x0000000100000000)
  eden space 32768K, 100% used [0x00000000eab00000,0x00000000ecb00000,0x00000000ecb00000)
  from space 5120K, 0% used [0x00000000ed000000,0x00000000ed000000,0x00000000ed500000)
  to   space 5120K, 0% used [0x00000000ecb00000,0x00000000ecb00000,0x00000000ed000000)
 ParOldGen       total 86016K, used 0K [0x00000000c0000000, 0x00000000c5400000, 0x00000000eab00000)
  object space 86016K, 0% used [0x00000000c0000000,0x00000000c0000000,0x00000000c5400000)
 Metaspace       used 5278K, capacity 6768K, committed 7040K, reserved 1056768K
  class space    used 532K, capacity 616K, committed 640K, reserved 1048576K
Event: 0.871 GC heap after
Heap after GC invocations=1 (full 0):
 PSYoungGen      total 37888K, used 5088K [0x00000000eab00000, 0x00000000ef500000, 0x0000000100000000)
  eden space 32768K, 0% used [0x00000000eab00000,0x00000000eab00000,0x00000000ecb00000)
  from space 5120K, 99% used [0x00000000ecb00000,0x00000000ecff8048,0x00000000ed000000)
  to   space 5120K, 0% used [0x00000000ef000000,0x00000000ef000000,0x00000000ef500000)
 ParOldGen       total 86016K, used 3016K [0x00000000c0000000, 0x00000000c5400000, 0x00000000eab00000)
  object space 86016K, 3% used [0x00000000c0000000,0x00000000c02f2180,0x00000000c5400000)
 Metaspace       used 5278K, capacity 6768K, committed 7040K, reserved 1056768K
  class space    used 532K, capacity 616K, committed 640K, reserved 1048576K
}
Event: 1.114 GC heap before
{Heap before GC invocations=2 (full 0):
 PSYoungGen      total 37888K, used 37856K [0x00000000eab00000, 0x00000000ef500000, 0x0000000100000000)
  eden space 32768K, 100% used [0x00000000eab00000,0x00000000ecb00000,0x00000000ecb00000)
  from space 5120K, 99% used [0x00000000ecb00000,0x00000000ecff8048,0x00000000ed000000)
  to   space 5120K, 0% used [0x00000000ef000000,0x00000000ef000000,0x00000000ef500000)
 ParOldGen       total 86016K, used 3016K [0x00000000c0000000, 0x00000000c5400000, 0x00000000eab00000)
  object space 86016K, 3% used [0x00000000c0000000,0x00000000c02f2180,0x00000000c5400000)
 Metaspace       used 5287K, capacity 6768K, committed 7040K, reserved 1056768K
  class space    used 532K, capacity 616K, committed 640K, reserved 1048576K
Event: 1.147 GC heap after
Heap after GC invocations=2 (full 0):
 PSYoungGen      total 70656K, used 5088K [0x00000000eab00000, 0x00000000ef500000, 0x0000000100000000)
  eden space 65536K, 0% used [0x00000000eab00000,0x00000000eab00000,0x00000000eeb00000)
  from space 5120K, 99% used [0x00000000ef000000,0x00000000ef4f8048,0x00000000ef500000)
  to   space 5120K, 0% used [0x00000000eeb00000,0x00000000eeb00000,0x00000000ef000000)
 ParOldGen       total 86016K, used 5250K [0x00000000c0000000, 0x00000000c5400000, 0x00000000eab00000)
  object space 86016K, 6% used [0x00000000c0000000,0x00000000c0520a80,0x00000000c5400000)
 Metaspace       used 5287K, capacity 6768K, committed 7040K, reserved 1056768K
  class space    used 532K, capacity 616K, committed 640K, reserved 1048576K
}
Event: 1.682 GC heap before
{Heap before GC invocations=3 (full 0):
 PSYoungGen      total 70656K, used 70624K [0x00000000eab00000, 0x00000000ef500000, 0x0000000100000000)
  eden space 65536K, 100% used [0x00000000eab00000,0x00000000eeb00000,0x00000000eeb00000)
  from space 5120K, 99% used [0x00000000ef000000,0x00000000ef4f8048,0x00000000ef500000)
  to   space 5120K, 0% used [0x00000000eeb00000,0x00000000eeb00000,0x00000000ef000000)
 ParOldGen       total 86016K, used 5250K [0x00000000c0000000, 0x00000000c5400000, 0x00000000eab00000)
  object space 86016K, 6% used [0x00000000c0000000,0x00000000c0520a80,0x00000000c5400000)
 Metaspace       used 5310K, capacity 6768K, committed 7040K, reserved 1056768K
  class space    used 532K, capacity 616K, committed 640K, reserved 1048576K
Event: 1.711 GC heap after
Heap after GC invocations=3 (full 0):
 PSYoungGen      total 70656K, used 5104K [0x00000000eab00000, 0x00000000f3500000, 0x0000000100000000)
  eden space 65536K, 0% used [0x00000000eab00000,0x00000000eab00000,0x00000000eeb00000)
  from space 5120K, 99% used [0x00000000eeb00000,0x00000000eeffc038,0x00000000ef000000)
  to   space 5120K, 0% used [0x00000000f3000000,0x00000000f3000000,0x00000000f3500000)
 ParOldGen       total 86016K, used 6170K [0x00000000c0000000, 0x00000000c5400000, 0x00000000eab00000)
  object space 86016K, 7% used [0x00000000c0000000,0x00000000c0606b58,0x00000000c5400000)
 Metaspace       used 5310K, capacity 6768K, committed 7040K, reserved 1056768K
  class space    used 532K, capacity 616K, committed 640K, reserved 1048576K
}
Event: 2.505 GC heap before
{Heap before GC invocations=4 (full 0):
 PSYoungGen      total 70656K, used 70640K [0x00000000eab00000, 0x00000000f3500000, 0x0000000100000000)
  eden space 65536K, 100% used [0x00000000eab00000,0x00000000eeb00000,0x00000000eeb00000)
  from space 5120K, 99% used [0x00000000eeb00000,0x00000000eeffc038,0x00000000ef000000)
  to   space 5120K, 0% used [0x00000000f3000000,0x00000000f3000000,0x00000000f3500000)
 ParOldGen       total 86016K, used 6170K [0x00000000c0000000, 0x00000000c5400000, 0x00000000eab00000)
  object space 86016K, 7% used [0x00000000c0000000,0x00000000c0606b58,0x00000000c5400000)
 Metaspace       used 5984K, capacity 7152K, committed 7296K, reserved 1056768K
  class space    used 571K, capacity 616K, committed 640K, reserved 1048576K
Event: 2.602 GC heap after
Heap after GC invocations=4 (full 0):
 PSYoungGen      total 136192K, used 5096K [0x00000000eab00000, 0x00000000f3500000, 0x0000000100000000)
  eden space 131072K, 0% used [0x00000000eab00000,0x00000000eab00000,0x00000000f2b00000)
  from space 5120K, 99% used [0x00000000f3000000,0x00000000f34fa028,0x00000000f3500000)
  to   space 5120K, 0% used [0x00000000f2b00000,0x00000000f2b00000,0x00000000f3000000)
 ParOldGen       total 86016K, used 16633K [0x00000000c0000000, 0x00000000c5400000, 0x00000000eab00000)
  object space 86016K, 19% used [0x00000000c0000000,0x00000000c103e420,0x00000000c5400000)
 Metaspace       used 5984K, capacity 7152K, committed 7296K, reserved 1056768K
  class space    used 571K, capacity 616K, committed 640K, reserved 1048576K
}

Deoptimization events (10 events):
Event: 2.833 Thread 0x00007f9b6800a000 Uncommon trap: reason=class_check action=maybe_recompile pc=0x00007f9b5966d460 method=java.util.HashMap.putVal(ILjava/lang/Object;Ljava/lang/Object;ZZ)Ljava/lang/Object; @ 56
Event: 2.833 Thread 0x00007f9b6800a000 Uncommon trap: reason=class_check action=maybe_recompile pc=0x00007f9b5966d460 method=java.util.HashMap.putVal(ILjava/lang/Object;Ljava/lang/Object;ZZ)Ljava/lang/Object; @ 56
Event: 2.833 Thread 0x00007f9b6800a000 Uncommon trap: reason=class_check action=maybe_recompile pc=0x00007f9b5966d4bc method=java.util.HashMap.putVal(ILjava/lang/Object;Ljava/lang/Object;ZZ)Ljava/lang/Object; @ 152
Event: 2.833 Thread 0x00007f9b6800a000 Uncommon trap: reason=class_check action=maybe_recompile pc=0x00007f9b5966d4bc method=java.util.HashMap.putVal(ILjava/lang/Object;Ljava/lang/Object;ZZ)Ljava/lang/Object; @ 152
Event: 2.872 Thread 0x00007f9b6800a000 Uncommon trap: reason=class_check action=maybe_recompile pc=0x00007f9b597766f0 method=com.android.dex.Leb128.writeUnsignedLeb128(Lcom/android/dex/util/ByteOutput;I)V @ 40
Event: 2.872 Thread 0x00007f9b6800a000 Uncommon trap: reason=class_check action=maybe_recompile pc=0x00007f9b597766f0 method=com.android.dex.Leb128.writeUnsignedLeb128(Lcom/android/dex/util/ByteOutput;I)V @ 40
Event: 2.872 Thread 0x00007f9b6800a000 Uncommon trap: reason=class_check action=maybe_recompile pc=0x00007f9b597766f0 method=com.android.dex.Leb128.writeUnsignedLeb128(Lcom/android/dex/util/ByteOutput;I)V @ 40
Event: 2.872 Thread 0x00007f9b6800a000 Uncommon trap: reason=class_check action=maybe_recompile pc=0x00007f9b597766f0 method=com.android.dex.Leb128.writeUnsignedLeb128(Lcom/android/dex/util/ByteOutput;I)V @ 40
Event: 2.929 Thread 0x00007f9b6800a000 Uncommon trap: reason=unstable_if action=reinterpret pc=0x00007f9b5977bb5c method=java.util.HashMap.putVal(ILjava/lang/Object;Ljava/lang/Object;ZZ)Ljava/lang/Object; @ 162
Event: 2.940 Thread 0x00007f9b6800a000 Uncommon trap: reason=predicate action=maybe_recompile pc=0x00007f9b5979ef30 method=com.android.dex.Leb128.writeUnsignedLeb128(Lcom/android/dex/util/ByteOutput;I)V @ 9

Internal exceptions (3 events):
Event: 0.034 Thread 0x00007f9b6800a000 Exception <a 'java/lang/NoSuchMethodError': Method sun.misc.Unsafe.defineClass(Ljava/lang/String;[BII)Ljava/lang/Class; name or signature does not match> (0x00000000eab12b90) thrown at [/HUDSON/workspace/8-2-build-linux-amd64/jdk8u66/4988/hotspot/src/shar
Event: 0.034 Thread 0x00007f9b6800a000 Exception <a 'java/lang/NoSuchMethodError': Method sun.misc.Unsafe.prefetchRead(Ljava/lang/Object;J)V name or signature does not match> (0x00000000eab12e78) thrown at [/HUDSON/workspace/8-2-build-linux-amd64/jdk8u66/4988/hotspot/src/share/vm/prims/jni.cpp
Event: 0.734 Thread 0x00007f9b6800a000 Implicit null exception at 0x00007f9b593bc7f3 to 0x00007f9b593bdc4d

Events (10 events):
Event: 3.024 loading class java/util/Formatter$Conversion
Event: 3.024 loading class java/util/Formatter$Conversion done
Event: 3.025 loading class sun/misc/FormattedFloatingDecimal$Form
Event: 3.025 loading class sun/misc/FormattedFloatingDecimal$Form done
Event: 3.025 loading class sun/misc/FormattedFloatingDecimal
Event: 3.025 loading class sun/misc/FormattedFloatingDecimal done
Event: 3.025 loading class sun/misc/FormattedFloatingDecimal$1
Event: 3.025 loading class sun/misc/FormattedFloatingDecimal$1 done
Event: 3.025 loading class sun/misc/FormattedFloatingDecimal$2
Event: 3.025 loading class sun/misc/FormattedFloatingDecimal$2 done


Dynamic libraries:
00400000-00401000 r-xp 00000000 08:12 4072075                            /usr/lib/jvm/java-8-oracle/bin/java
00600000-00601000 rw-p 00000000 08:12 4072075                            /usr/lib/jvm/java-8-oracle/bin/java
0134f000-01370000 rw-p 00000000 00:00 0                                  [heap]
c0000000-c5400000 rw-p 00000000 00:00 0 
c5400000-eab00000 ---p 00000000 00:00 0 
eab00000-f3500000 rw-p 00000000 00:00 0 
f3500000-100000000 ---p 00000000 00:00 0 
100000000-1000c0000 rw-p 00000000 00:00 0 
1000c0000-140000000 ---p 00000000 00:00 0 
7f9b1c000000-7f9b1c021000 rw-p 00000000 00:00 0 
7f9b1c021000-7f9b20000000 ---p 00000000 00:00 0 
7f9b20000000-7f9b20021000 rw-p 00000000 00:00 0 
7f9b20021000-7f9b24000000 ---p 00000000 00:00 0 
7f9b24000000-7f9b24741000 rw-p 00000000 00:00 0 
7f9b24741000-7f9b28000000 ---p 00000000 00:00 0 
7f9b28000000-7f9b288ab000 rw-p 00000000 00:00 0 
7f9b288ab000-7f9b2c000000 ---p 00000000 00:00 0 
7f9b2c000000-7f9b2c021000 rw-p 00000000 00:00 0 
7f9b2c021000-7f9b30000000 ---p 00000000 00:00 0 
7f9b30000000-7f9b30b8f000 rw-p 00000000 00:00 0 
7f9b30b8f000-7f9b34000000 ---p 00000000 00:00 0 
7f9b34000000-7f9b34021000 rw-p 00000000 00:00 0 
7f9b34021000-7f9b38000000 ---p 00000000 00:00 0 
7f9b38000000-7f9b38021000 rw-p 00000000 00:00 0 
7f9b38021000-7f9b3c000000 ---p 00000000 00:00 0 
7f9b3c000000-7f9b3c021000 rw-p 00000000 00:00 0 
7f9b3c021000-7f9b40000000 ---p 00000000 00:00 0 
7f9b40000000-7f9b40021000 rw-p 00000000 00:00 0 
7f9b40021000-7f9b44000000 ---p 00000000 00:00 0 
7f9b44000000-7f9b44021000 rw-p 00000000 00:00 0 
7f9b44021000-7f9b48000000 ---p 00000000 00:00 0 
7f9b4c000000-7f9b4c021000 rw-p 00000000 00:00 0 
7f9b4c021000-7f9b50000000 ---p 00000000 00:00 0 
7f9b515db000-7f9b515dc000 ---p 00000000 00:00 0 
7f9b515dc000-7f9b516dc000 rw-p 00000000 00:00 0                          [stack:13030]
7f9b516dc000-7f9b516df000 ---p 00000000 00:00 0 
7f9b516df000-7f9b517dd000 rw-p 00000000 00:00 0                          [stack:13028]
7f9b517dd000-7f9b517e0000 ---p 00000000 00:00 0 
7f9b517e0000-7f9b518de000 rw-p 00000000 00:00 0                          [stack:13027]
7f9b518de000-7f9b52000000 r--p 00000000 08:12 3546878                    /usr/lib/locale/locale-archive
7f9b52000000-7f9b54000000 rw-p 00000000 00:00 0 
7f9b54000000-7f9b54021000 rw-p 00000000 00:00 0 
7f9b54021000-7f9b58000000 ---p 00000000 00:00 0 
7f9b580f1000-7f9b580f4000 ---p 00000000 00:00 0 
7f9b580f4000-7f9b581f2000 rw-p 00000000 00:00 0                          [stack:13026]
7f9b581f2000-7f9b581f5000 ---p 00000000 00:00 0 
7f9b581f5000-7f9b582f3000 rw-p 00000000 00:00 0                          [stack:13025]
7f9b582f3000-7f9b582f6000 ---p 00000000 00:00 0 
7f9b582f6000-7f9b583f4000 rw-p 00000000 00:00 0                          [stack:13024]
7f9b583f4000-7f9b583f7000 ---p 00000000 00:00 0 
7f9b583f7000-7f9b584f5000 rw-p 00000000 00:00 0                          [stack:13023]
7f9b584f5000-7f9b584f8000 ---p 00000000 00:00 0 
7f9b584f8000-7f9b585f6000 rw-p 00000000 00:00 0                          [stack:13022]
7f9b585f6000-7f9b585f7000 ---p 00000000 00:00 0 
7f9b585f7000-7f9b59000000 rw-p 00000000 00:00 0                          [stack:13021]
7f9b59000000-7f9b59840000 rwxp 00000000 00:00 0 
7f9b59840000-7f9b68000000 ---p 00000000 00:00 0 
7f9b68000000-7f9b68516000 rw-p 00000000 00:00 0 
7f9b68516000-7f9b6c000000 ---p 00000000 00:00 0 
7f9b6c049000-7f9b6c04e000 r--s 00096000 08:12 4198968                    /usr/lib/jvm/java-8-oracle/jre/lib/jsse.jar
7f9b6c04e000-7f9b6c05d000 r--s 000dd000 08:12 1706690                    /opt/android-sdk-linux/build-tools/22.0.1/lib/dx.jar
7f9b6c05d000-7f9b6c06f000 r--s 001fc000 08:12 4196211                    /usr/lib/jvm/java-8-oracle/jre/lib/ext/ojdbc6.jar
7f9b6c06f000-7f9b6c71a000 rw-p 00000000 00:00 0 
7f9b6c71a000-7f9b6c8f3000 r--s 03d20000 08:12 4198918                    /usr/lib/jvm/java-8-oracle/jre/lib/rt.jar
7f9b6c8f3000-7f9b6d0a9000 rw-p 00000000 00:00 0 
7f9b6d0a9000-7f9b6d169000 ---p 00000000 00:00 0 
7f9b6d169000-7f9b6d369000 rw-p 00000000 00:00 0 
7f9b6d369000-7f9b6d36a000 ---p 00000000 00:00 0 
7f9b6d36a000-7f9b6d46a000 rw-p 00000000 00:00 0                          [stack:13020]
7f9b6d46a000-7f9b6d46b000 ---p 00000000 00:00 0 
7f9b6d46b000-7f9b6d56b000 rw-p 00000000 00:00 0                          [stack:13019]
7f9b6d56b000-7f9b6d56c000 ---p 00000000 00:00 0 
7f9b6d56c000-7f9b6d66c000 rw-p 00000000 00:00 0                          [stack:13018]
7f9b6d66c000-7f9b6d66d000 ---p 00000000 00:00 0 
7f9b6d66d000-7f9b6d797000 rw-p 00000000 00:00 0                          [stack:13017]
7f9b6d797000-7f9b6d8c3000 ---p 00000000 00:00 0 
7f9b6d8c3000-7f9b6d8ed000 rw-p 00000000 00:00 0 
7f9b6d8ed000-7f9b6da18000 ---p 00000000 00:00 0 
7f9b6da18000-7f9b6da5e000 rw-p 00000000 00:00 0 
7f9b6da5e000-7f9b6dac3000 ---p 00000000 00:00 0 
7f9b6dac3000-7f9b6dae5000 rw-p 00000000 00:00 0 
7f9b6dae5000-7f9b6de84000 ---p 00000000 00:00 0 
7f9b6de84000-7f9b6de9e000 r-xp 00000000 08:12 4203595                    /usr/lib/jvm/java-8-oracle/jre/lib/amd64/libzip.so
7f9b6de9e000-7f9b6e09e000 ---p 0001a000 08:12 4203595                    /usr/lib/jvm/java-8-oracle/jre/lib/amd64/libzip.so
7f9b6e09e000-7f9b6e09f000 rw-p 0001a000 08:12 4203595                    /usr/lib/jvm/java-8-oracle/jre/lib/amd64/libzip.so
7f9b6e09f000-7f9b6e0ab000 r-xp 00000000 08:12 265436                     /lib/x86_64-linux-gnu/libnss_files-2.21.so
7f9b6e0ab000-7f9b6e2aa000 ---p 0000c000 08:12 265436                     /lib/x86_64-linux-gnu/libnss_files-2.21.so
7f9b6e2aa000-7f9b6e2ab000 r--p 0000b000 08:12 265436                     /lib/x86_64-linux-gnu/libnss_files-2.21.so
7f9b6e2ab000-7f9b6e2ac000 rw-p 0000c000 08:12 265436                     /lib/x86_64-linux-gnu/libnss_files-2.21.so
7f9b6e2ac000-7f9b6e2b7000 r-xp 00000000 08:12 265447                     /lib/x86_64-linux-gnu/libnss_nis-2.21.so
7f9b6e2b7000-7f9b6e4b6000 ---p 0000b000 08:12 265447                     /lib/x86_64-linux-gnu/libnss_nis-2.21.so
7f9b6e4b6000-7f9b6e4b7000 r--p 0000a000 08:12 265447                     /lib/x86_64-linux-gnu/libnss_nis-2.21.so
7f9b6e4b7000-7f9b6e4b8000 rw-p 0000b000 08:12 265447                     /lib/x86_64-linux-gnu/libnss_nis-2.21.so
7f9b6e4b8000-7f9b6e4cf000 r-xp 00000000 08:12 265441                     /lib/x86_64-linux-gnu/libnsl-2.21.so
7f9b6e4cf000-7f9b6e6ce000 ---p 00017000 08:12 265441                     /lib/x86_64-linux-gnu/libnsl-2.21.so
7f9b6e6ce000-7f9b6e6cf000 r--p 00016000 08:12 265441                     /lib/x86_64-linux-gnu/libnsl-2.21.so
7f9b6e6cf000-7f9b6e6d0000 rw-p 00017000 08:12 265441                     /lib/x86_64-linux-gnu/libnsl-2.21.so
7f9b6e6d0000-7f9b6e6d2000 rw-p 00000000 00:00 0 
7f9b6e6d2000-7f9b6e6da000 r-xp 00000000 08:12 265437                     /lib/x86_64-linux-gnu/libnss_compat-2.21.so
7f9b6e6da000-7f9b6e8d9000 ---p 00008000 08:12 265437                     /lib/x86_64-linux-gnu/libnss_compat-2.21.so
7f9b6e8d9000-7f9b6e8da000 r--p 00007000 08:12 265437                     /lib/x86_64-linux-gnu/libnss_compat-2.21.so
7f9b6e8da000-7f9b6e8db000 rw-p 00008000 08:12 265437                     /lib/x86_64-linux-gnu/libnss_compat-2.21.so
7f9b6e8db000-7f9b6e905000 r-xp 00000000 08:12 4203590                    /usr/lib/jvm/java-8-oracle/jre/lib/amd64/libjava.so
7f9b6e905000-7f9b6eb05000 ---p 0002a000 08:12 4203590                    /usr/lib/jvm/java-8-oracle/jre/lib/amd64/libjava.so
7f9b6eb05000-7f9b6eb07000 rw-p 0002a000 08:12 4203590                    /usr/lib/jvm/java-8-oracle/jre/lib/amd64/libjava.so
7f9b6eb07000-7f9b6eb14000 r-xp 00000000 08:12 4203594                    /usr/lib/jvm/java-8-oracle/jre/lib/amd64/libverify.so
7f9b6eb14000-7f9b6ed14000 ---p 0000d000 08:12 4203594                    /usr/lib/jvm/java-8-oracle/jre/lib/amd64/libverify.so
7f9b6ed14000-7f9b6ed16000 rw-p 0000d000 08:12 4203594                    /usr/lib/jvm/java-8-oracle/jre/lib/amd64/libverify.so
7f9b6ed16000-7f9b6ed1d000 r-xp 00000000 08:12 265431                     /lib/x86_64-linux-gnu/librt-2.21.so
7f9b6ed1d000-7f9b6ef1c000 ---p 00007000 08:12 265431                     /lib/x86_64-linux-gnu/librt-2.21.so
7f9b6ef1c000-7f9b6ef1d000 r--p 00006000 08:12 265431                     /lib/x86_64-linux-gnu/librt-2.21.so
7f9b6ef1d000-7f9b6ef1e000 rw-p 00007000 08:12 265431                     /lib/x86_64-linux-gnu/librt-2.21.so
7f9b6ef1e000-7f9b6f025000 r-xp 00000000 08:12 265449                     /lib/x86_64-linux-gnu/libm-2.21.so
7f9b6f025000-7f9b6f224000 ---p 00107000 08:12 265449                     /lib/x86_64-linux-gnu/libm-2.21.so
7f9b6f224000-7f9b6f225000 r--p 00106000 08:12 265449                     /lib/x86_64-linux-gnu/libm-2.21.so
7f9b6f225000-7f9b6f226000 rw-p 00107000 08:12 265449                     /lib/x86_64-linux-gnu/libm-2.21.so
7f9b6f226000-7f9b6fee4000 r-xp 00000000 08:12 4201549                    /usr/lib/jvm/java-8-oracle/jre/lib/amd64/server/libjvm.so
7f9b6fee4000-7f9b700e3000 ---p 00cbe000 08:12 4201549                    /usr/lib/jvm/java-8-oracle/jre/lib/amd64/server/libjvm.so
7f9b700e3000-7f9b701bc000 rw-p 00cbd000 08:12 4201549                    /usr/lib/jvm/java-8-oracle/jre/lib/amd64/server/libjvm.so
7f9b701bc000-7f9b70200000 rw-p 00000000 00:00 0 
7f9b70200000-7f9b703c0000 r-xp 00000000 08:12 265450                     /lib/x86_64-linux-gnu/libc-2.21.so
7f9b703c0000-7f9b705c0000 ---p 001c0000 08:12 265450                     /lib/x86_64-linux-gnu/libc-2.21.so
7f9b705c0000-7f9b705c4000 r--p 001c0000 08:12 265450                     /lib/x86_64-linux-gnu/libc-2.21.so
7f9b705c4000-7f9b705c6000 rw-p 001c4000 08:12 265450                     /lib/x86_64-linux-gnu/libc-2.21.so
7f9b705c6000-7f9b705ca000 rw-p 00000000 00:00 0 
7f9b705ca000-7f9b705cd000 r-xp 00000000 08:12 265446                     /lib/x86_64-linux-gnu/libdl-2.21.so
7f9b705cd000-7f9b707cc000 ---p 00003000 08:12 265446                     /lib/x86_64-linux-gnu/libdl-2.21.so
7f9b707cc000-7f9b707cd000 r--p 00002000 08:12 265446                     /lib/x86_64-linux-gnu/libdl-2.21.so
7f9b707cd000-7f9b707ce000 rw-p 00003000 08:12 265446                     /lib/x86_64-linux-gnu/libdl-2.21.so
7f9b707ce000-7f9b707e3000 r-xp 00000000 08:12 4198721                    /usr/lib/jvm/java-8-oracle/lib/amd64/jli/libjli.so
7f9b707e3000-7f9b709e3000 ---p 00015000 08:12 4198721                    /usr/lib/jvm/java-8-oracle/lib/amd64/jli/libjli.so
7f9b709e3000-7f9b709e4000 rw-p 00015000 08:12 4198721                    /usr/lib/jvm/java-8-oracle/lib/amd64/jli/libjli.so
7f9b709e4000-7f9b709fc000 r-xp 00000000 08:12 265432                     /lib/x86_64-linux-gnu/libpthread-2.21.so
7f9b709fc000-7f9b70bfc000 ---p 00018000 08:12 265432                     /lib/x86_64-linux-gnu/libpthread-2.21.so
7f9b70bfc000-7f9b70bfd000 r--p 00018000 08:12 265432                     /lib/x86_64-linux-gnu/libpthread-2.21.so
7f9b70bfd000-7f9b70bfe000 rw-p 00019000 08:12 265432                     /lib/x86_64-linux-gnu/libpthread-2.21.so
7f9b70bfe000-7f9b70c02000 rw-p 00000000 00:00 0 
7f9b70c02000-7f9b70c26000 r-xp 00000000 08:12 265444                     /lib/x86_64-linux-gnu/ld-2.21.so
7f9b70c2a000-7f9b70cfc000 rw-p 00000000 00:00 0 
7f9b70cfc000-7f9b70cff000 ---p 00000000 00:00 0 
7f9b70cff000-7f9b70e01000 rw-p 00000000 00:00 0                          [stack:13015]
7f9b70e02000-7f9b70e19000 rw-p 00000000 00:00 0 
7f9b70e19000-7f9b70e21000 rw-s 00000000 08:12 4331496                    /tmp/hsperfdata_duke/13010
7f9b70e21000-7f9b70e22000 rw-p 00000000 00:00 0 
7f9b70e22000-7f9b70e23000 r--p 00000000 00:00 0 
7f9b70e23000-7f9b70e25000 rw-p 00000000 00:00 0 
7f9b70e25000-7f9b70e26000 r--p 00023000 08:12 265444                     /lib/x86_64-linux-gnu/ld-2.21.so
7f9b70e26000-7f9b70e27000 rw-p 00024000 08:12 265444                     /lib/x86_64-linux-gnu/ld-2.21.so
7f9b70e27000-7f9b70e28000 rw-p 00000000 00:00 0 
7ffdd84a6000-7ffdd84c7000 rw-p 00000000 00:00 0                          [stack]
7ffdd856f000-7ffdd8571000 r--p 00000000 00:00 0                          [vvar]
7ffdd8571000-7ffdd8573000 r-xp 00000000 00:00 0                          [vdso]
ffffffffff600000-ffffffffff601000 r-xp 00000000 00:00 0                  [vsyscall]

VM Arguments:
jvm_args: -Xmx1024M -Dfile.encoding=UTF-8 -Duser.country=US -Duser.language=en -Duser.variant 
java_command: com.android.dx.command.Main --dex --output /home/duke/AndroidStudioProjects/MasterSahab/app/build/intermediates/dex/debug /home/duke/AndroidStudioProjects/MasterSahab/app/build/intermediates/classes/debug /home/duke/AndroidStudioProjects/MasterSahab/app/build/intermediates/pre-dexed/debug/support-annotations-23.1.0-149131c491be35e3d124446278d503abb54ec58a.jar /home/duke/AndroidStudioProjects/MasterSahab/app/build/intermediates/pre-dexed/debug/internal_impl-23.1.0-68dd1a7f8574ec1010780d01224e7f7f961b609d.jar /home/duke/AndroidStudioProjects/MasterSahab/app/build/intermediates/pre-dexed/debug/classes-a7978fbca45cb556bc78ba92279a75d463b5966e.jar /home/duke/AndroidStudioProjects/MasterSahab/app/build/intermediates/pre-dexed/debug/classes-15119f3aee5b6d8304b65a7150ff66c3b1b298bc.jar
java_class_path (initial): /opt/android-sdk-linux/build-tools/22.0.1/lib/dx.jar
Launcher Type: SUN_STANDARD

Environment Variables:
JAVA_HOME=/usr/lib/jvm/java-8-oracle
PATH=/usr/local/sbin:/usr/local/bin:/usr/sbin:/usr/bin:/sbin:/bin:/usr/games:/usr/local/games:/usr/lib/jvm/java-8-oracle/bin:/usr/lib/jvm/java-8-oracle/db/bin:/usr/lib/jvm/java-8-oracle/jre/bin
LD_LIBRARY_PATH=/home/duke/Apps/android-studio/bin:
SHELL=/bin/bash
DISPLAY=:0

Signal Handlers:
SIGSEGV: [libjvm.so+0xaba2a0], sa_mask[0]=11111111011111111101111111111110, sa_flags=SA_RESTART|SA_SIGINFO
SIGBUS: [libjvm.so+0xaba2a0], sa_mask[0]=11111111011111111101111111111110, sa_flags=SA_RESTART|SA_SIGINFO
SIGFPE: [libjvm.so+0x917710], sa_mask[0]=11111111011111111101111111111110, sa_flags=SA_RESTART|SA_SIGINFO
SIGPIPE: [libjvm.so+0x917710], sa_mask[0]=11111111011111111101111111111110, sa_flags=SA_RESTART|SA_SIGINFO
SIGXFSZ: [libjvm.so+0x917710], sa_mask[0]=11111111011111111101111111111110, sa_flags=SA_RESTART|SA_SIGINFO
SIGILL: [libjvm.so+0x917710], sa_mask[0]=11111111011111111101111111111110, sa_flags=SA_RESTART|SA_SIGINFO
SIGUSR1: SIG_DFL, sa_mask[0]=00000000000000000000000000000000, sa_flags=none
SIGUSR2: [libjvm.so+0x918d40], sa_mask[0]=00100000000000000000000000000000, sa_flags=SA_RESTART|SA_SIGINFO
SIGHUP: [libjvm.so+0x91a140], sa_mask[0]=11111111011111111101111111111110, sa_flags=SA_RESTART|SA_SIGINFO
SIGINT: [libjvm.so+0x91a140], sa_mask[0]=11111111011111111101111111111110, sa_flags=SA_RESTART|SA_SIGINFO
SIGTERM: [libjvm.so+0x91a140], sa_mask[0]=11111111011111111101111111111110, sa_flags=SA_RESTART|SA_SIGINFO
SIGQUIT: [libjvm.so+0x91a140], sa_mask[0]=11111111011111111101111111111110, sa_flags=SA_RESTART|SA_SIGINFO


---------------  S Y S T E M  ---------------

OS:DISTRIB_ID=Ubuntu
DISTRIB_RELEASE=15.10
DISTRIB_CODENAME=wily
DISTRIB_DESCRIPTION="Ubuntu 15.10"

uname:Linux 4.2.0-30-generic #36-Ubuntu SMP Fri Feb 26 00:58:07 UTC 2016 x86_64
libc:glibc 2.21 NPTL 2.21 
rlimit: STACK 8192k, CORE 0k, NPROC 31796, NOFILE 65536, AS infinity
load average:1.54 0.79 1.02

/proc/meminfo:
MemTotal:        8174560 kB
MemFree:          601108 kB
MemAvailable:    4109772 kB
Buffers:          768648 kB
Cached:          2577524 kB
SwapCached:           52 kB
Active:          5050508 kB
Inactive:        2100416 kB
Active(anon):    3116736 kB
Inactive(anon):   726248 kB
Active(file):    1933772 kB
Inactive(file):  1374168 kB
Unevictable:          32 kB
Mlocked:              32 kB
SwapTotal:       1998844 kB
SwapFree:        1993752 kB
Dirty:             24344 kB
Writeback:            16 kB
AnonPages:       3804796 kB
Mapped:           364860 kB
Shmem:             38244 kB
Slab:             297324 kB
SReclaimable:     243300 kB
SUnreclaim:        54024 kB
KernelStack:        9024 kB
PageTables:        34728 kB
NFS_Unstable:          0 kB
Bounce:                0 kB
WritebackTmp:          0 kB
CommitLimit:     6086124 kB
Committed_AS:    6785924 kB
VmallocTotal:   34359738367 kB
VmallocUsed:       87384 kB
VmallocChunk:   34359586812 kB
HardwareCorrupted:     0 kB
AnonHugePages:   1138688 kB
CmaTotal:              0 kB
CmaFree:               0 kB
HugePages_Total:       0
HugePages_Free:        0
HugePages_Rsvd:        0
HugePages_Surp:        0
Hugepagesize:       2048 kB
DirectMap4k:     5833664 kB
DirectMap2M:     2553856 kB


CPU:total 4 (4 cores per cpu, 1 threads per core) family 6 model 15 stepping 11, cmov, cx8, fxsr, mmx, sse, sse2, sse3, ssse3, tsc

/proc/cpuinfo:
processor	: 0
vendor_id	: GenuineIntel
cpu family	: 6
model		: 15
model name	: Intel(R) Core(TM)2 Quad CPU    Q6600  @ 2.40GHz
stepping	: 11
microcode	: 0xba
cpu MHz		: 2400.000
cache size	: 4096 KB
physical id	: 0
siblings	: 4
core id		: 0
cpu cores	: 4
apicid		: 0
initial apicid	: 0
fpu		: yes
fpu_exception	: yes
cpuid level	: 10
wp		: yes
flags		: fpu vme de pse tsc msr pae mce cx8 apic sep mtrr pge mca cmov pat pse36 clflush dts acpi mmx fxsr sse sse2 ss ht tm pbe syscall nx lm constant_tsc arch_perfmon pebs bts rep_good nopl aperfmperf pni dtes64 monitor ds_cpl vmx est tm2 ssse3 cx16 xtpr pdcm lahf_lm dtherm tpr_shadow vnmi flexpriority
bugs		:
bogomips	: 4800.11
clflush size	: 64
cache_alignment	: 64
address sizes	: 36 bits physical, 48 bits virtual
power management:

processor	: 1
vendor_id	: GenuineIntel
cpu family	: 6
model		: 15
model name	: Intel(R) Core(TM)2 Quad CPU    Q6600  @ 2.40GHz
stepping	: 11
microcode	: 0xba
cpu MHz		: 2400.000
cache size	: 4096 KB
physical id	: 0
siblings	: 4
core id		: 1
cpu cores	: 4
apicid		: 1
initial apicid	: 1
fpu		: yes
fpu_exception	: yes
cpuid level	: 10
wp		: yes
flags		: fpu vme de pse tsc msr pae mce cx8 apic sep mtrr pge mca cmov pat pse36 clflush dts acpi mmx fxsr sse sse2 ss ht tm pbe syscall nx lm constant_tsc arch_perfmon pebs bts rep_good nopl aperfmperf pni dtes64 monitor ds_cpl vmx est tm2 ssse3 cx16 xtpr pdcm lahf_lm dtherm tpr_shadow vnmi flexpriority
bugs		:
bogomips	: 4800.11
clflush size	: 64
cache_alignment	: 64
address sizes	: 36 bits physical, 48 bits virtual
power management:

processor	: 2
vendor_id	: GenuineIntel
cpu family	: 6
model		: 15
model name	: Intel(R) Core(TM)2 Quad CPU    Q6600  @ 2.40GHz
stepping	: 11
microcode	: 0xba
cpu MHz		: 2400.000
cache size	: 4096 KB
physical id	: 0
siblings	: 4
core id		: 3
cpu cores	: 4
apicid		: 3
initial apicid	: 3
fpu		: yes
fpu_exception	: yes
cpuid level	: 10
wp		: yes
flags		: fpu vme de pse tsc msr pae mce cx8 apic sep mtrr pge mca cmov pat pse36 clflush dts acpi mmx fxsr sse sse2 ss ht tm pbe syscall nx lm constant_tsc arch_perfmon pebs bts rep_good nopl aperfmperf pni dtes64 monitor ds_cpl vmx est tm2 ssse3 cx16 xtpr pdcm lahf_lm dtherm tpr_shadow vnmi flexpriority
bugs		:
bogomips	: 4800.11
clflush size	: 64
cache_alignment	: 64
address sizes	: 36 bits physical, 48 bits virtual
power management:

processor	: 3
vendor_id	: GenuineIntel
cpu family	: 6
model		: 15
model name	: Intel(R) Core(TM)2 Quad CPU    Q6600  @ 2.40GHz
stepping	: 11
microcode	: 0xba
cpu MHz		: 2400.000
cache size	: 4096 KB
physical id	: 0
siblings	: 4
core id		: 2
cpu cores	: 4
apicid		: 2
initial apicid	: 2
fpu		: yes
fpu_exception	: yes
cpuid level	: 10
wp		: yes
flags		: fpu vme de pse tsc msr pae mce cx8 apic sep mtrr pge mca cmov pat pse36 clflush dts acpi mmx fxsr sse sse2 ss ht tm pbe syscall nx lm constant_tsc arch_perfmon pebs bts rep_good nopl aperfmperf pni dtes64 monitor ds_cpl vmx est tm2 ssse3 cx16 xtpr pdcm lahf_lm dtherm tpr_shadow vnmi flexpriority
bugs		:
bogomips	: 4800.11
clflush size	: 64
cache_alignment	: 64
address sizes	: 36 bits physical, 48 bits virtual
power management:



Memory: 4k page, physical 8174560k(601108k free), swap 1998844k(1993752k free)

vm_info: Java HotSpot(TM) 64-Bit Server VM (25.66-b17) for linux-amd64 JRE (1.8.0_66-b17), built on Oct  6 2015 17:28:34 by "java_re" with gcc 4.3.0 20080428 (Red Hat 4.3.0-8)

time: Mon Mar  7 21:32:12 2016
elapsed time: 3 seconds (0d 0h 0m 3s)

