#
# A fatal error has been detected by the Java Runtime Environment:
#
#  SIGSEGV (0xb) at pc=0x00007f572d9d1060, pid=29707, tid=140013831489280
#
# JRE version: Java(TM) SE Runtime Environment (8.0_66-b17) (build 1.8.0_66-b17)
# Java VM: Java HotSpot(TM) 64-Bit Server VM (25.66-b17 mixed mode linux-amd64 compressed oops)
# Problematic frame:
# C  0x00007f572d9d1060
#
# Failed to write core dump. Core dumps have been disabled. To enable core dumping, try "ulimit -c unlimited" before starting Java again
#
# If you would like to submit a bug report, please visit:
#   http://bugreport.java.com/bugreport/crash.jsp
#

---------------  T H R E A D  ---------------

Current thread (0x00007f577c00a000):  JavaThread "main" [_thread_in_Java, id=29713, stack(0x00007f5782a08000,0x00007f5782b09000)]

siginfo: si_signo: 11 (SIGSEGV), si_code: 2 (SEGV_ACCERR), si_addr: 0x00007f572d9d1060

Registers:
RAX=0x00007f5769af33b0, RBX=0x00007f5769af33b0, RCX=0x00000000eba2c358, RDX=0x00007f5769baa078
RSP=0x00007f5782b06988, RBP=0x00007f5782b069e0, RSI=0x00000000eba2c358, RDI=0x0000000000000484
R8 =0x00000000eab2e7d8, R9 =0x0000000000000000, R10=0x00007f5781ee3260, R11=0x00007f576cb59da0
R12=0x0000000000000000, R13=0x00007f5782b06998, R14=0x00007f5769baa078, R15=0x00007f577c00a000
RIP=0x00007f572d9d1060, EFLAGS=0x0000000000010206, CSGSFS=0x0000000000000033, ERR=0x0000000000000014
  TRAPNO=0x000000000000000e

Top of Stack: (sp=0x00007f5782b06988)
0x00007f5782b06988:   00007f576c9d3710 00007f576c9d3710
0x00007f5782b06998:   00000000eba2c358 00007f5782b069a0
0x00007f5782b069a8:   00007f5769aefcf0 00007f5782b06a18
0x00007f5782b069b8:   00007f5769af3e10 00007f5769baa078
0x00007f5782b069c8:   00007f5769aefd98 00007f5782b06998
0x00007f5782b069d8:   00007f5782b06a10 00007f5782b06a60
0x00007f5782b069e8:   00007f576c9d3160 0000000000000000
0x00007f5782b069f8:   0000000000000000 0000000000000000
0x00007f5782b06a08:   00000000eba2c358 00000000eba3e880
0x00007f5782b06a18:   00000000eba250a0 00007f5782b06a20
0x00007f5782b06a28:   00007f5769b1ddb7 00007f5782b06ac0
0x00007f5782b06a38:   00007f5769b1eb10 0000000000000000
0x00007f5782b06a48:   00007f5769b1df58 00007f5782b06a10
0x00007f5782b06a58:   00007f5782b06ac0 00007f5782b06b08
0x00007f5782b06a68:   00007f576c9d3710 00000000eba27ea0
0x00007f5782b06a78:   0000000000000000 00000000eaeb4bc8
0x00007f5782b06a88:   00000000eaeb4bc8 00000000eba3e880
0x00007f5782b06a98:   00000000eba2c358 0000000000000035
0x00007f5782b06aa8:   00000000eba49ce0 00000000eba49cb0
0x00007f5782b06ab8:   000000000000004c 00000000eba49ca0
0x00007f5782b06ac8:   00007f5782b06ac8 00007f5769b1da61
0x00007f5782b06ad8:   00007f5782b06b88 00007f5769b1eb10
0x00007f5782b06ae8:   0000000000000000 00007f5769b1dc18
0x00007f5782b06af8:   00007f5782b06ac0 00007f5782b06b88
0x00007f5782b06b08:   00007f5782b06bd0 00007f576c9d398d
0x00007f5782b06b18:   0000000000000000 0000000000000000
0x00007f5782b06b28:   0000000000000000 0000000000000000
0x00007f5782b06b38:   0000000000000000 0000000000000000
0x00007f5782b06b48:   0000000000000000 0000000000000000
0x00007f5782b06b58:   0000000000000000 0000000000000000
0x00007f5782b06b68:   0000000000000000 0000000000000000
0x00007f5782b06b78:   0000000000000000 000000000000004c 

Instructions: (pc=0x00007f572d9d1060)
0x00007f572d9d1040:   
[error occurred during error reporting (printing registers, top of stack, instructions near pc), id 0xb]

Register to memory mapping:

RAX={method} {0x00007f5769af33b0} 'getLocalAssignment' '()Lcom/android/dx/rop/code/RegisterSpec;' in 'com/android/dx/ssa/NormalSsaInsn'
RBX={method} {0x00007f5769af33b0} 'getLocalAssignment' '()Lcom/android/dx/rop/code/RegisterSpec;' in 'com/android/dx/ssa/NormalSsaInsn'
RCX=0x00000000eba2c358 is an oop
com.android.dx.ssa.NormalSsaInsn 
 - klass: 'com/android/dx/ssa/NormalSsaInsn'
RDX=0x00007f5769baa078 is pointing into metadata
RSP=0x00007f5782b06988 is pointing into the stack for thread: 0x00007f577c00a000
RBP=0x00007f5782b069e0 is pointing into the stack for thread: 0x00007f577c00a000
RSI=0x00000000eba2c358 is an oop
com.android.dx.ssa.NormalSsaInsn 
 - klass: 'com/android/dx/ssa/NormalSsaInsn'
RDI=0x0000000000000484 is an unknown value
R8 =0x00000000eab2e7d8 is an oop
java.lang.Integer 
 - klass: 'java/lang/Integer'
R9 =0x0000000000000000 is an unknown value
R10=0x00007f5781ee3260: <offset 0xfb1260> in /usr/lib/jvm/java-8-oracle/jre/lib/amd64/server/libjvm.so at 0x00007f5780f32000
R11=0x00007f576cb59da0 is at entry_point+32 in (nmethod*)0x00007f576cb59bd0
R12=0x0000000000000000 is an unknown value
R13=0x00007f5782b06998 is pointing into the stack for thread: 0x00007f577c00a000
R14=0x00007f5769baa078 is pointing into metadata
R15=0x00007f577c00a000 is a thread


Stack: [0x00007f5782a08000,0x00007f5782b09000],  sp=0x00007f5782b06988,  free space=1018k
Native frames: (J=compiled Java code, j=interpreted, Vv=VM code, C=native code)
C  0x00007f572d9d1060
j  com.android.dx.ssa.ConstCollector.getConstsSortedByCountUse()Ljava/util/ArrayList;+207
j  com.android.dx.ssa.ConstCollector.run()V+9
j  com.android.dx.ssa.ConstCollector.process(Lcom/android/dx/ssa/SsaMethod;)V+10
j  com.android.dx.ssa.Optimizer.runSsaFormSteps(Lcom/android/dx/ssa/SsaMethod;Ljava/util/EnumSet;)V+95
j  com.android.dx.ssa.Optimizer.optimize(Lcom/android/dx/rop/code/RopMethod;IZZLcom/android/dx/rop/code/TranslationAdvice;Ljava/util/EnumSet;)Lcom/android/dx/rop/code/RopMethod;+24
j  com.android.dx.ssa.Optimizer.optimize(Lcom/android/dx/rop/code/RopMethod;IZZLcom/android/dx/rop/code/TranslationAdvice;)Lcom/android/dx/rop/code/RopMethod;+12
j  com.android.dx.dex.cf.CfTranslator.processMethods(Lcom/android/dx/cf/direct/DirectClassFile;Lcom/android/dx/dex/cf/CfOptions;Lcom/android/dx/dex/DexOptions;Lcom/android/dx/dex/file/ClassDefItem;Lcom/android/dx/dex/file/DexFile;)V+265
j  com.android.dx.dex.cf.CfTranslator.translate0(Lcom/android/dx/cf/direct/DirectClassFile;[BLcom/android/dx/dex/cf/CfOptions;Lcom/android/dx/dex/DexOptions;Lcom/android/dx/dex/file/DexFile;)Lcom/android/dx/dex/file/ClassDefItem;+120
j  com.android.dx.dex.cf.CfTranslator.translate(Lcom/android/dx/cf/direct/DirectClassFile;[BLcom/android/dx/dex/cf/CfOptions;Lcom/android/dx/dex/DexOptions;Lcom/android/dx/dex/file/DexFile;)Lcom/android/dx/dex/file/ClassDefItem;+6
j  com.android.dx.command.dexer.Main.processClass(Ljava/lang/String;[B)Z+251
j  com.android.dx.command.dexer.Main.processFileBytes(Ljava/lang/String;J[B)Z+188
j  com.android.dx.command.dexer.Main.access$300(Ljava/lang/String;J[B)Z+3
j  com.android.dx.command.dexer.Main$1.processFileBytes(Ljava/lang/String;J[B)Z+4
j  com.android.dx.cf.direct.ClassPathOpener.processOne(Ljava/io/File;Z)Z+82
j  com.android.dx.cf.direct.ClassPathOpener.processDirectory(Ljava/io/File;Z)Z+64
j  com.android.dx.cf.direct.ClassPathOpener.processOne(Ljava/io/File;Z)Z+10
j  com.android.dx.cf.direct.ClassPathOpener.processDirectory(Ljava/io/File;Z)Z+64
j  com.android.dx.cf.direct.ClassPathOpener.processOne(Ljava/io/File;Z)Z+10
j  com.android.dx.cf.direct.ClassPathOpener.processDirectory(Ljava/io/File;Z)Z+64
j  com.android.dx.cf.direct.ClassPathOpener.processOne(Ljava/io/File;Z)Z+10
j  com.android.dx.cf.direct.ClassPathOpener.processDirectory(Ljava/io/File;Z)Z+64
j  com.android.dx.cf.direct.ClassPathOpener.processOne(Ljava/io/File;Z)Z+10
j  com.android.dx.cf.direct.ClassPathOpener.process()Z+15
j  com.android.dx.command.dexer.Main.processOne(Ljava/lang/String;Lcom/android/dx/cf/direct/ClassPathOpener$FileNameFilter;)V+58
j  com.android.dx.command.dexer.Main.processAllFiles()Z+202
j  com.android.dx.command.dexer.Main.runMonoDex()I+58
j  com.android.dx.command.dexer.Main.run(Lcom/android/dx/command/dexer/Main$Arguments;)I+76
j  com.android.dx.command.dexer.Main.main([Ljava/lang/String;)V+14
j  com.android.dx.command.Main.main([Ljava/lang/String;)V+61
v  ~StubRoutines::call_stub
V  [libjvm.so+0x68bc46]  JavaCalls::call_helper(JavaValue*, methodHandle*, JavaCallArguments*, Thread*)+0x1056
V  [libjvm.so+0x6cd262]  jni_invoke_static(JNIEnv_*, JavaValue*, _jobject*, JNICallType, _jmethodID*, JNI_ArgumentPusher*, Thread*)+0x362
V  [libjvm.so+0x6e9c6a]  jni_CallStaticVoidMethod+0x17a
C  [libjli.so+0x7bcc]  JavaMain+0x80c
C  [libpthread.so.0+0x76aa]  start_thread+0xca


---------------  P R O C E S S  ---------------

Java Threads: ( => current thread )
  0x00007f577c0c2800 JavaThread "Service Thread" daemon [_thread_blocked, id=29725, stack(0x00007f57634da000,0x00007f57635db000)]
  0x00007f577c0bd800 JavaThread "C1 CompilerThread2" daemon [_thread_in_native, id=29724, stack(0x00007f57635db000,0x00007f57636dc000)]
  0x00007f577c0bb800 JavaThread "C2 CompilerThread1" daemon [_thread_in_native, id=29723, stack(0x00007f57636dc000,0x00007f57637dd000)]
  0x00007f577c0b9000 JavaThread "C2 CompilerThread0" daemon [_thread_blocked, id=29722, stack(0x00007f57637dd000,0x00007f57638de000)]
  0x00007f577c0b7000 JavaThread "Signal Dispatcher" daemon [_thread_blocked, id=29721, stack(0x00007f5768063000,0x00007f5768164000)]
  0x00007f577c07f800 JavaThread "Finalizer" daemon [_thread_blocked, id=29720, stack(0x00007f5768164000,0x00007f5768265000)]
  0x00007f577c07d000 JavaThread "Reference Handler" daemon [_thread_blocked, id=29719, stack(0x00007f5768265000,0x00007f5768366000)]
=>0x00007f577c00a000 JavaThread "main" [_thread_in_Java, id=29713, stack(0x00007f5782a08000,0x00007f5782b09000)]

Other Threads:
  0x00007f577c078000 VMThread [stack: 0x00007f5768366000,0x00007f5768467000] [id=29718]
  0x00007f577c0c5800 WatcherThread [stack: 0x00007f57633d9000,0x00007f57634da000] [id=29726]

VM state:not at safepoint (normal execution)

VM Mutex/Monitor currently owned by a thread:  ([mutex/lock_event])
[0x00007f577c005ad0] CodeCache_lock - owner thread: 0x0000000000000000
[0x00007f577c007250] MethodCompileQueue_lock - owner thread: 0x0000000000000000

Heap:
 PSYoungGen      total 37888K, used 15754K [0x00000000eab00000, 0x00000000ed500000, 0x0000000100000000)
  eden space 32768K, 48% used [0x00000000eab00000,0x00000000eba629b0,0x00000000ecb00000)
  from space 5120K, 0% used [0x00000000ed000000,0x00000000ed000000,0x00000000ed500000)
  to   space 5120K, 0% used [0x00000000ecb00000,0x00000000ecb00000,0x00000000ed000000)
 ParOldGen       total 86016K, used 0K [0x00000000c0000000, 0x00000000c5400000, 0x00000000eab00000)
  object space 86016K, 0% used [0x00000000c0000000,0x00000000c0000000,0x00000000c5400000)
 Metaspace       used 5128K, capacity 6640K, committed 6784K, reserved 1056768K
  class space    used 528K, capacity 616K, committed 640K, reserved 1048576K

Card table byte_map: [0x00007f576c40b000,0x00007f576c60c000] byte_map_base: 0x00007f576be0b000

Marking Bits: (ParMarkBitMap*) 0x00007f5781ee1020
 Begin Bits: [0x00007f576a007000, 0x00007f576b007000)
 End Bits:   [0x00007f576b007000, 0x00007f576c007000)

Polling page: 0x00007f5782b2e000

CodeCache: size=245760Kb used=2965Kb max_used=2965Kb free=242794Kb
 bounds [0x00007f576c9cc000, 0x00007f576ccbc000, 0x00007f577b9cc000]
 total_blobs=957 nmethods=703 adapters=170
 compilation: enabled

Compilation events (10 events):
Event: 0.803 Thread 0x00007f577c0bb800  713       4       com.android.dx.ssa.back.LivenessAnalyzer::handleTailRecursion (94 bytes)
Event: 0.804 Thread 0x00007f577c0bd800 nmethod 726 0x00007f576cc79510 code [0x00007f576cc79740, 0x00007f576cc7a3e8]
Event: 0.805 Thread 0x00007f577c0b9000 nmethod 551 0x00007f576cca0b50 code [0x00007f576cca1080, 0x00007f576cca3aa0]
Event: 0.805 Thread 0x00007f577c0bd800  718       1       com.android.dx.rop.code.PlainInsn::getCatches (4 bytes)
Event: 0.805 Thread 0x00007f577c0bd800 nmethod 718 0x00007f576cc78610 code [0x00007f576cc78760, 0x00007f576cc78870]
Event: 0.805 Thread 0x00007f577c0b9000  721       4       com.android.dx.ssa.NormalSsaInsn::getLocalAssignment (54 bytes)
Event: 0.805 Thread 0x00007f577c0bd800  730       1       com.android.dx.cf.code.BasicBlocker::setPreviousOffset (6 bytes)
Event: 0.805 Thread 0x00007f577c0bd800 nmethod 730 0x00007f576cc78350 code [0x00007f576cc784a0, 0x00007f576cc785b0]
Event: 0.805 Thread 0x00007f577c0bd800  723       3       com.android.dx.ssa.SsaRenamer$BlockRenamer::process (191 bytes)
Event: 0.807 Thread 0x00007f577c0b9000 nmethod 721 0x00007f576cc77e90 code [0x00007f576cc78000, 0x00007f576cc78138]

GC Heap History (0 events):
No events

Deoptimization events (3 events):
Event: 0.526 Thread 0x00007f577c00a000 Uncommon trap: reason=unstable_if action=reinterpret pc=0x00007f576cb9c1d0 method=java.util.HashMap.getNode(ILjava/lang/Object;)Ljava/util/HashMap$Node; @ 62
Event: 0.783 Thread 0x00007f577c00a000 Uncommon trap: reason=unstable_if action=reinterpret pc=0x00007f576cc75528 method=com.android.dx.rop.code.RegisterSpec.equals(ILcom/android/dx/rop/type/TypeBearer;Lcom/android/dx/rop/code/LocalItem;)Z @ 16
Event: 0.783 Thread 0x00007f577c00a000 Uncommon trap: reason=unstable_if action=reinterpret pc=0x00007f576cc70490 method=com.android.dx.rop.code.RegisterSpec.equals(ILcom/android/dx/rop/type/TypeBearer;Lcom/android/dx/rop/code/LocalItem;)Z @ 16

Internal exceptions (2 events):
Event: 0.040 Thread 0x00007f577c00a000 Exception <a 'java/lang/NoSuchMethodError': Method sun.misc.Unsafe.defineClass(Ljava/lang/String;[BII)Ljava/lang/Class; name or signature does not match> (0x00000000eab12b90) thrown at [/HUDSON/workspace/8-2-build-linux-amd64/jdk8u66/4988/hotspot/src/shar
Event: 0.040 Thread 0x00007f577c00a000 Exception <a 'java/lang/NoSuchMethodError': Method sun.misc.Unsafe.prefetchRead(Ljava/lang/Object;J)V name or signature does not match> (0x00000000eab12e78) thrown at [/HUDSON/workspace/8-2-build-linux-amd64/jdk8u66/4988/hotspot/src/share/vm/prims/jni.cpp

Events (10 events):
Event: 0.783 Executing VM operation: ForceSafepoint
Event: 0.783 Executing VM operation: ForceSafepoint done
Event: 0.783 Thread 0x00007f577c00a000 Uncommon trap: trap_request=0xffffff65 fr.pc=0x00007f576cc75528
Event: 0.783 Thread 0x00007f577c00a000 DEOPT PACKING pc=0x00007f576cc75528 sp=0x00007f5782b064e0
Event: 0.783 Thread 0x00007f577c00a000 DEOPT UNPACKING pc=0x00007f576c9d0f69 sp=0x00007f5782b06258 mode 2
Event: 0.783 Thread 0x00007f577c00a000 Uncommon trap: trap_request=0xffffff65 fr.pc=0x00007f576cc70490
Event: 0.783 Thread 0x00007f577c00a000 DEOPT PACKING pc=0x00007f576cc70490 sp=0x00007f5782b062d0
Event: 0.783 Thread 0x00007f577c00a000 DEOPT UNPACKING pc=0x00007f576c9d0f69 sp=0x00007f5782b06278 mode 2
Event: 0.797 loading class com/android/dx/ssa/back/FirstFitLocalCombiningAllocator$Multiset
Event: 0.797 loading class com/android/dx/ssa/back/FirstFitLocalCombiningAllocator$Multiset done


Dynamic libraries:
00400000-00401000 r-xp 00000000 08:12 4072075                            /usr/lib/jvm/java-8-oracle/bin/java
00600000-00601000 rw-p 00000000 08:12 4072075                            /usr/lib/jvm/java-8-oracle/bin/java
01d5c000-01d7d000 rw-p 00000000 00:00 0                                  [heap]
c0000000-c5400000 rw-p 00000000 00:00 0 
c5400000-eab00000 ---p 00000000 00:00 0 
eab00000-ed500000 rw-p 00000000 00:00 0 
ed500000-100000000 ---p 00000000 00:00 0 
100000000-1000a0000 rw-p 00000000 00:00 0 
1000a0000-140000000 ---p 00000000 00:00 0 
7f572c000000-7f572c021000 rw-p 00000000 00:00 0 
7f572c021000-7f5730000000 ---p 00000000 00:00 0 
7f5734000000-7f573453c000 rw-p 00000000 00:00 0 
7f573453c000-7f5738000000 ---p 00000000 00:00 0 
7f5738000000-7f5738021000 rw-p 00000000 00:00 0 
7f5738021000-7f573c000000 ---p 00000000 00:00 0 
7f573c000000-7f573c513000 rw-p 00000000 00:00 0 
7f573c513000-7f5740000000 ---p 00000000 00:00 0 
7f5740000000-7f57403c2000 rw-p 00000000 00:00 0 
7f57403c2000-7f5744000000 ---p 00000000 00:00 0 
7f5744000000-7f5744021000 rw-p 00000000 00:00 0 
7f5744021000-7f5748000000 ---p 00000000 00:00 0 
7f5748000000-7f5748021000 rw-p 00000000 00:00 0 
7f5748021000-7f574c000000 ---p 00000000 00:00 0 
7f574c000000-7f574c021000 rw-p 00000000 00:00 0 
7f574c021000-7f5750000000 ---p 00000000 00:00 0 
7f5750000000-7f5750021000 rw-p 00000000 00:00 0 
7f5750021000-7f5754000000 ---p 00000000 00:00 0 
7f5754000000-7f5754021000 rw-p 00000000 00:00 0 
7f5754021000-7f5758000000 ---p 00000000 00:00 0 
7f5758000000-7f5758021000 rw-p 00000000 00:00 0 
7f5758021000-7f575c000000 ---p 00000000 00:00 0 
7f575c000000-7f575c021000 rw-p 00000000 00:00 0 
7f575c021000-7f5760000000 ---p 00000000 00:00 0 
7f57633d9000-7f57633da000 ---p 00000000 00:00 0 
7f57633da000-7f57634da000 rw-p 00000000 00:00 0                          [stack:29726]
7f57634da000-7f57634dd000 ---p 00000000 00:00 0 
7f57634dd000-7f57635db000 rw-p 00000000 00:00 0                          [stack:29725]
7f57635db000-7f57635de000 ---p 00000000 00:00 0 
7f57635de000-7f57636dc000 rw-p 00000000 00:00 0                          [stack:29724]
7f57636dc000-7f57636df000 ---p 00000000 00:00 0 
7f57636df000-7f57637dd000 rw-p 00000000 00:00 0                          [stack:29723]
7f57637dd000-7f57637e0000 ---p 00000000 00:00 0 
7f57637e0000-7f57638de000 rw-p 00000000 00:00 0                          [stack:29722]
7f57638de000-7f5764000000 r--p 00000000 08:12 3546878                    /usr/lib/locale/locale-archive
7f5764000000-7f5764021000 rw-p 00000000 00:00 0 
7f5764021000-7f5768000000 ---p 00000000 00:00 0 
7f5768042000-7f5768051000 r--s 000dd000 08:12 1704044                    /opt/android-sdk-linux/build-tools/21.1.2/lib/dx.jar
7f5768051000-7f5768063000 r--s 001fc000 08:12 4196211                    /usr/lib/jvm/java-8-oracle/jre/lib/ext/ojdbc6.jar
7f5768063000-7f5768066000 ---p 00000000 00:00 0 
7f5768066000-7f5768164000 rw-p 00000000 00:00 0                          [stack:29721]
7f5768164000-7f5768167000 ---p 00000000 00:00 0 
7f5768167000-7f5768265000 rw-p 00000000 00:00 0                          [stack:29720]
7f5768265000-7f5768268000 ---p 00000000 00:00 0 
7f5768268000-7f5768366000 rw-p 00000000 00:00 0                          [stack:29719]
7f5768366000-7f5768367000 ---p 00000000 00:00 0 
7f5768367000-7f57693b8000 rw-p 00000000 00:00 0                          [stack:29718]
7f57693b8000-7f5769591000 r--s 03d20000 08:12 4198918                    /usr/lib/jvm/java-8-oracle/jre/lib/rt.jar
7f5769591000-7f5769c07000 rw-p 00000000 00:00 0 
7f5769c07000-7f5769e07000 ---p 00000000 00:00 0 
7f5769e07000-7f576c007000 rw-p 00000000 00:00 0 
7f576c007000-7f576c008000 ---p 00000000 00:00 0 
7f576c008000-7f576c108000 rw-p 00000000 00:00 0                          [stack:29717]
7f576c108000-7f576c109000 ---p 00000000 00:00 0 
7f576c109000-7f576c209000 rw-p 00000000 00:00 0                          [stack:29716]
7f576c209000-7f576c20a000 ---p 00000000 00:00 0 
7f576c20a000-7f576c30a000 rw-p 00000000 00:00 0                          [stack:29715]
7f576c30a000-7f576c30b000 ---p 00000000 00:00 0 
7f576c30b000-7f576c435000 rw-p 00000000 00:00 0                          [stack:29714]
7f576c435000-7f576c560000 ---p 00000000 00:00 0 
7f576c560000-7f576c576000 rw-p 00000000 00:00 0 
7f576c576000-7f576c60b000 ---p 00000000 00:00 0 
7f576c60b000-7f576c618000 rw-p 00000000 00:00 0 
7f576c618000-7f576c9cc000 ---p 00000000 00:00 0 
7f576c9cc000-7f576ccbc000 rwxp 00000000 00:00 0 
7f576ccbc000-7f577b9cc000 ---p 00000000 00:00 0 
7f577b9cc000-7f577b9e6000 r-xp 00000000 08:12 4203595                    /usr/lib/jvm/java-8-oracle/jre/lib/amd64/libzip.so
7f577b9e6000-7f577bbe6000 ---p 0001a000 08:12 4203595                    /usr/lib/jvm/java-8-oracle/jre/lib/amd64/libzip.so
7f577bbe6000-7f577bbe7000 rw-p 0001a000 08:12 4203595                    /usr/lib/jvm/java-8-oracle/jre/lib/amd64/libzip.so
7f577bbe7000-7f577bbf3000 r-xp 00000000 08:12 266670                     /lib/x86_64-linux-gnu/libnss_files-2.21.so
7f577bbf3000-7f577bdf2000 ---p 0000c000 08:12 266670                     /lib/x86_64-linux-gnu/libnss_files-2.21.so
7f577bdf2000-7f577bdf3000 r--p 0000b000 08:12 266670                     /lib/x86_64-linux-gnu/libnss_files-2.21.so
7f577bdf3000-7f577bdf4000 rw-p 0000c000 08:12 266670                     /lib/x86_64-linux-gnu/libnss_files-2.21.so
7f577bdf4000-7f577bdff000 r-xp 00000000 08:12 266680                     /lib/x86_64-linux-gnu/libnss_nis-2.21.so
7f577bdff000-7f577bffe000 ---p 0000b000 08:12 266680                     /lib/x86_64-linux-gnu/libnss_nis-2.21.so
7f577bffe000-7f577bfff000 r--p 0000a000 08:12 266680                     /lib/x86_64-linux-gnu/libnss_nis-2.21.so
7f577bfff000-7f577c000000 rw-p 0000b000 08:12 266680                     /lib/x86_64-linux-gnu/libnss_nis-2.21.so
7f577c000000-7f577c421000 rw-p 00000000 00:00 0 
7f577c421000-7f5780000000 ---p 00000000 00:00 0 
7f578000b000-7f5780098000 rw-p 00000000 00:00 0 
7f5780098000-7f57801c4000 ---p 00000000 00:00 0 
7f57801c4000-7f57801db000 r-xp 00000000 08:12 266664                     /lib/x86_64-linux-gnu/libnsl-2.21.so
7f57801db000-7f57803da000 ---p 00017000 08:12 266664                     /lib/x86_64-linux-gnu/libnsl-2.21.so
7f57803da000-7f57803db000 r--p 00016000 08:12 266664                     /lib/x86_64-linux-gnu/libnsl-2.21.so
7f57803db000-7f57803dc000 rw-p 00017000 08:12 266664                     /lib/x86_64-linux-gnu/libnsl-2.21.so
7f57803dc000-7f57803de000 rw-p 00000000 00:00 0 
7f57803de000-7f57803e6000 r-xp 00000000 08:12 266666                     /lib/x86_64-linux-gnu/libnss_compat-2.21.so
7f57803e6000-7f57805e5000 ---p 00008000 08:12 266666                     /lib/x86_64-linux-gnu/libnss_compat-2.21.so
7f57805e5000-7f57805e6000 r--p 00007000 08:12 266666                     /lib/x86_64-linux-gnu/libnss_compat-2.21.so
7f57805e6000-7f57805e7000 rw-p 00008000 08:12 266666                     /lib/x86_64-linux-gnu/libnss_compat-2.21.so
7f57805e7000-7f5780611000 r-xp 00000000 08:12 4203590                    /usr/lib/jvm/java-8-oracle/jre/lib/amd64/libjava.so
7f5780611000-7f5780811000 ---p 0002a000 08:12 4203590                    /usr/lib/jvm/java-8-oracle/jre/lib/amd64/libjava.so
7f5780811000-7f5780813000 rw-p 0002a000 08:12 4203590                    /usr/lib/jvm/java-8-oracle/jre/lib/amd64/libjava.so
7f5780813000-7f5780820000 r-xp 00000000 08:12 4203594                    /usr/lib/jvm/java-8-oracle/jre/lib/amd64/libverify.so
7f5780820000-7f5780a20000 ---p 0000d000 08:12 4203594                    /usr/lib/jvm/java-8-oracle/jre/lib/amd64/libverify.so
7f5780a20000-7f5780a22000 rw-p 0000d000 08:12 4203594                    /usr/lib/jvm/java-8-oracle/jre/lib/amd64/libverify.so
7f5780a22000-7f5780a29000 r-xp 00000000 08:12 266725                     /lib/x86_64-linux-gnu/librt-2.21.so
7f5780a29000-7f5780c28000 ---p 00007000 08:12 266725                     /lib/x86_64-linux-gnu/librt-2.21.so
7f5780c28000-7f5780c29000 r--p 00006000 08:12 266725                     /lib/x86_64-linux-gnu/librt-2.21.so
7f5780c29000-7f5780c2a000 rw-p 00007000 08:12 266725                     /lib/x86_64-linux-gnu/librt-2.21.so
7f5780c2a000-7f5780d31000 r-xp 00000000 08:12 266643                     /lib/x86_64-linux-gnu/libm-2.21.so
7f5780d31000-7f5780f30000 ---p 00107000 08:12 266643                     /lib/x86_64-linux-gnu/libm-2.21.so
7f5780f30000-7f5780f31000 r--p 00106000 08:12 266643                     /lib/x86_64-linux-gnu/libm-2.21.so
7f5780f31000-7f5780f32000 rw-p 00107000 08:12 266643                     /lib/x86_64-linux-gnu/libm-2.21.so
7f5780f32000-7f5781bf0000 r-xp 00000000 08:12 4201549                    /usr/lib/jvm/java-8-oracle/jre/lib/amd64/server/libjvm.so
7f5781bf0000-7f5781def000 ---p 00cbe000 08:12 4201549                    /usr/lib/jvm/java-8-oracle/jre/lib/amd64/server/libjvm.so
7f5781def000-7f5781ec8000 rw-p 00cbd000 08:12 4201549                    /usr/lib/jvm/java-8-oracle/jre/lib/amd64/server/libjvm.so
7f5781ec8000-7f5781f0c000 rw-p 00000000 00:00 0 
7f5781f0c000-7f57820cc000 r-xp 00000000 08:12 266584                     /lib/x86_64-linux-gnu/libc-2.21.so
7f57820cc000-7f57822cc000 ---p 001c0000 08:12 266584                     /lib/x86_64-linux-gnu/libc-2.21.so
7f57822cc000-7f57822d0000 r--p 001c0000 08:12 266584                     /lib/x86_64-linux-gnu/libc-2.21.so
7f57822d0000-7f57822d2000 rw-p 001c4000 08:12 266584                     /lib/x86_64-linux-gnu/libc-2.21.so
7f57822d2000-7f57822d6000 rw-p 00000000 00:00 0 
7f57822d6000-7f57822d9000 r-xp 00000000 08:12 266601                     /lib/x86_64-linux-gnu/libdl-2.21.so
7f57822d9000-7f57824d8000 ---p 00003000 08:12 266601                     /lib/x86_64-linux-gnu/libdl-2.21.so
7f57824d8000-7f57824d9000 r--p 00002000 08:12 266601                     /lib/x86_64-linux-gnu/libdl-2.21.so
7f57824d9000-7f57824da000 rw-p 00003000 08:12 266601                     /lib/x86_64-linux-gnu/libdl-2.21.so
7f57824da000-7f57824ef000 r-xp 00000000 08:12 4198721                    /usr/lib/jvm/java-8-oracle/lib/amd64/jli/libjli.so
7f57824ef000-7f57826ef000 ---p 00015000 08:12 4198721                    /usr/lib/jvm/java-8-oracle/lib/amd64/jli/libjli.so
7f57826ef000-7f57826f0000 rw-p 00015000 08:12 4198721                    /usr/lib/jvm/java-8-oracle/lib/amd64/jli/libjli.so
7f57826f0000-7f5782708000 r-xp 00000000 08:12 266717                     /lib/x86_64-linux-gnu/libpthread-2.21.so
7f5782708000-7f5782908000 ---p 00018000 08:12 266717                     /lib/x86_64-linux-gnu/libpthread-2.21.so
7f5782908000-7f5782909000 r--p 00018000 08:12 266717                     /lib/x86_64-linux-gnu/libpthread-2.21.so
7f5782909000-7f578290a000 rw-p 00019000 08:12 266717                     /lib/x86_64-linux-gnu/libpthread-2.21.so
7f578290a000-7f578290e000 rw-p 00000000 00:00 0 
7f578290e000-7f5782932000 r-xp 00000000 08:12 266556                     /lib/x86_64-linux-gnu/ld-2.21.so
7f5782936000-7f5782a08000 rw-p 00000000 00:00 0 
7f5782a08000-7f5782a0b000 ---p 00000000 00:00 0 
7f5782a0b000-7f5782b0d000 rw-p 00000000 00:00 0                          [stack:29713]
7f5782b0e000-7f5782b25000 rw-p 00000000 00:00 0 
7f5782b25000-7f5782b2d000 rw-s 00000000 08:12 3408131                    /tmp/hsperfdata_duke/29707
7f5782b2d000-7f5782b2e000 rw-p 00000000 00:00 0 
7f5782b2e000-7f5782b2f000 r--p 00000000 00:00 0 
7f5782b2f000-7f5782b31000 rw-p 00000000 00:00 0 
7f5782b31000-7f5782b32000 r--p 00023000 08:12 266556                     /lib/x86_64-linux-gnu/ld-2.21.so
7f5782b32000-7f5782b33000 rw-p 00024000 08:12 266556                     /lib/x86_64-linux-gnu/ld-2.21.so
7f5782b33000-7f5782b34000 rw-p 00000000 00:00 0 
7fffab147000-7fffab168000 rw-p 00000000 00:00 0                          [stack]
7fffab18a000-7fffab18c000 r--p 00000000 00:00 0                          [vvar]
7fffab18c000-7fffab18e000 r-xp 00000000 00:00 0                          [vdso]
ffffffffff600000-ffffffffff601000 r-xp 00000000 00:00 0                  [vsyscall]

VM Arguments:
jvm_args: -Xmx1024M -Dfile.encoding=UTF-8 -Duser.country=US -Duser.language=en -Duser.variant 
java_command: com.android.dx.command.Main --dex --output /home/duke/AndroidStudioProjects/MasterSahab/app/build/intermediates/dex/debug /home/duke/AndroidStudioProjects/MasterSahab/app/build/intermediates/classes/debug /home/duke/AndroidStudioProjects/MasterSahab/app/build/intermediates/pre-dexed/debug/support-annotations-22.2.0-d11b86e8a8d5a60125987e55ed19da6fe916ed6c.jar /home/duke/AndroidStudioProjects/MasterSahab/app/build/intermediates/pre-dexed/debug/internal_impl-22.2.0-9fd2cdf11b2cb58a68c8003917e19ca6197745ad.jar /home/duke/AndroidStudioProjects/MasterSahab/app/build/intermediates/pre-dexed/debug/classes-8ef248cfe074cd8203cc4c867f71e14f57d6780a.jar /home/duke/AndroidStudioProjects/MasterSahab/app/build/intermediates/pre-dexed/debug/classes-dccf93463063885d5b233794907a60cd6aefb60c.jar
java_class_path (initial): /opt/android-sdk-linux/build-tools/21.1.2/lib/dx.jar
Launcher Type: SUN_STANDARD

Environment Variables:
JAVA_HOME=/usr/lib/jvm/java-8-oracle
PATH=/usr/local/sbin:/usr/local/bin:/usr/sbin:/usr/bin:/sbin:/bin:/usr/games:/usr/local/games:/usr/lib/jvm/java-8-oracle/bin:/usr/lib/jvm/java-8-oracle/db/bin:/usr/lib/jvm/java-8-oracle/jre/bin
LD_LIBRARY_PATH=/home/duke/Apps/android-studio/bin:
SHELL=/bin/bash
DISPLAY=:0

Signal Handlers:
SIGSEGV: [libjvm.so+0xaba2a0], sa_mask[0]=11111111011111111101111111111110, sa_flags=SA_RESTART|SA_SIGINFO
SIGBUS: [libjvm.so+0xaba2a0], sa_mask[0]=11111111011111111101111111111110, sa_flags=SA_RESTART|SA_SIGINFO
SIGFPE: [libjvm.so+0x917710], sa_mask[0]=11111111011111111101111111111110, sa_flags=SA_RESTART|SA_SIGINFO
SIGPIPE: [libjvm.so+0x917710], sa_mask[0]=11111111011111111101111111111110, sa_flags=SA_RESTART|SA_SIGINFO
SIGXFSZ: [libjvm.so+0x917710], sa_mask[0]=11111111011111111101111111111110, sa_flags=SA_RESTART|SA_SIGINFO
SIGILL: [libjvm.so+0x917710], sa_mask[0]=11111111011111111101111111111110, sa_flags=SA_RESTART|SA_SIGINFO
SIGUSR1: SIG_DFL, sa_mask[0]=00000000000000000000000000000000, sa_flags=none
SIGUSR2: [libjvm.so+0x918d40], sa_mask[0]=00100000000000000000000000000000, sa_flags=SA_RESTART|SA_SIGINFO
SIGHUP: [libjvm.so+0x91a140], sa_mask[0]=11111111011111111101111111111110, sa_flags=SA_RESTART|SA_SIGINFO
SIGINT: [libjvm.so+0x91a140], sa_mask[0]=11111111011111111101111111111110, sa_flags=SA_RESTART|SA_SIGINFO
SIGTERM: [libjvm.so+0x91a140], sa_mask[0]=11111111011111111101111111111110, sa_flags=SA_RESTART|SA_SIGINFO
SIGQUIT: [libjvm.so+0x91a140], sa_mask[0]=11111111011111111101111111111110, sa_flags=SA_RESTART|SA_SIGINFO


---------------  S Y S T E M  ---------------

OS:DISTRIB_ID=Ubuntu
DISTRIB_RELEASE=15.10
DISTRIB_CODENAME=wily
DISTRIB_DESCRIPTION="Ubuntu 15.10"

uname:Linux 4.2.0-27-generic #32-Ubuntu SMP Fri Jan 22 04:49:08 UTC 2016 x86_64
libc:glibc 2.21 NPTL 2.21 
rlimit: STACK 8192k, CORE 0k, NPROC 31796, NOFILE 65536, AS infinity
load average:2.53 2.43 2.25

/proc/meminfo:
MemTotal:        8174564 kB
MemFree:           64596 kB
MemAvailable:    3072856 kB
Buffers:          581744 kB
Cached:          2835660 kB
SwapCached:          268 kB
Active:          4434048 kB
Inactive:        3176712 kB
Active(anon):    3057124 kB
Inactive(anon):  1619296 kB
Active(file):    1376924 kB
Inactive(file):  1557416 kB
Unevictable:          32 kB
Mlocked:              32 kB
SwapTotal:       1998844 kB
SwapFree:        1750900 kB
Dirty:             23160 kB
Writeback:             0 kB
AnonPages:       4193736 kB
Mapped:           617660 kB
Shmem:            482836 kB
Slab:             192992 kB
SReclaimable:     116496 kB
SUnreclaim:        76496 kB
KernelStack:        9696 kB
PageTables:        48712 kB
NFS_Unstable:          0 kB
Bounce:                0 kB
WritebackTmp:          0 kB
CommitLimit:     6086124 kB
Committed_AS:    9299704 kB
VmallocTotal:   34359738367 kB
VmallocUsed:       92472 kB
VmallocChunk:   34359586812 kB
HardwareCorrupted:     0 kB
AnonHugePages:   1333248 kB
CmaTotal:              0 kB
CmaFree:               0 kB
HugePages_Total:       0
HugePages_Free:        0
HugePages_Rsvd:        0
HugePages_Surp:        0
Hugepagesize:       2048 kB
DirectMap4k:     1123264 kB
DirectMap2M:     7264256 kB


CPU:total 4 (4 cores per cpu, 1 threads per core) family 6 model 15 stepping 11, cmov, cx8, fxsr, mmx, sse, sse2, sse3, ssse3, tsc

/proc/cpuinfo:
processor	: 0
vendor_id	: GenuineIntel
cpu family	: 6
model		: 15
model name	: Intel(R) Core(TM)2 Quad CPU    Q6600  @ 2.40GHz
stepping	: 11
microcode	: 0xba
cpu MHz		: 2400.000
cache size	: 4096 KB
physical id	: 0
siblings	: 4
core id		: 0
cpu cores	: 4
apicid		: 0
initial apicid	: 0
fpu		: yes
fpu_exception	: yes
cpuid level	: 10
wp		: yes
flags		: fpu vme de pse tsc msr pae mce cx8 apic sep mtrr pge mca cmov pat pse36 clflush dts acpi mmx fxsr sse sse2 ss ht tm pbe syscall nx lm constant_tsc arch_perfmon pebs bts rep_good nopl aperfmperf pni dtes64 monitor ds_cpl vmx est tm2 ssse3 cx16 xtpr pdcm lahf_lm dtherm tpr_shadow vnmi flexpriority
bugs		:
bogomips	: 4800.02
clflush size	: 64
cache_alignment	: 64
address sizes	: 36 bits physical, 48 bits virtual
power management:

processor	: 1
vendor_id	: GenuineIntel
cpu family	: 6
model		: 15
model name	: Intel(R) Core(TM)2 Quad CPU    Q6600  @ 2.40GHz
stepping	: 11
microcode	: 0xba
cpu MHz		: 2400.000
cache size	: 4096 KB
physical id	: 0
siblings	: 4
core id		: 3
cpu cores	: 4
apicid		: 3
initial apicid	: 3
fpu		: yes
fpu_exception	: yes
cpuid level	: 10
wp		: yes
flags		: fpu vme de pse tsc msr pae mce cx8 apic sep mtrr pge mca cmov pat pse36 clflush dts acpi mmx fxsr sse sse2 ss ht tm pbe syscall nx lm constant_tsc arch_perfmon pebs bts rep_good nopl aperfmperf pni dtes64 monitor ds_cpl vmx est tm2 ssse3 cx16 xtpr pdcm lahf_lm dtherm tpr_shadow vnmi flexpriority
bugs		:
bogomips	: 4800.02
clflush size	: 64
cache_alignment	: 64
address sizes	: 36 bits physical, 48 bits virtual
power management:

processor	: 2
vendor_id	: GenuineIntel
cpu family	: 6
model		: 15
model name	: Intel(R) Core(TM)2 Quad CPU    Q6600  @ 2.40GHz
stepping	: 11
microcode	: 0xba
cpu MHz		: 2400.000
cache size	: 4096 KB
physical id	: 0
siblings	: 4
core id		: 1
cpu cores	: 4
apicid		: 1
initial apicid	: 1
fpu		: yes
fpu_exception	: yes
cpuid level	: 10
wp		: yes
flags		: fpu vme de pse tsc msr pae mce cx8 apic sep mtrr pge mca cmov pat pse36 clflush dts acpi mmx fxsr sse sse2 ss ht tm pbe syscall nx lm constant_tsc arch_perfmon pebs bts rep_good nopl aperfmperf pni dtes64 monitor ds_cpl vmx est tm2 ssse3 cx16 xtpr pdcm lahf_lm dtherm tpr_shadow vnmi flexpriority
bugs		:
bogomips	: 4800.02
clflush size	: 64
cache_alignment	: 64
address sizes	: 36 bits physical, 48 bits virtual
power management:

processor	: 3
vendor_id	: GenuineIntel
cpu family	: 6
model		: 15
model name	: Intel(R) Core(TM)2 Quad CPU    Q6600  @ 2.40GHz
stepping	: 11
microcode	: 0xba
cpu MHz		: 2400.000
cache size	: 4096 KB
physical id	: 0
siblings	: 4
core id		: 2
cpu cores	: 4
apicid		: 2
initial apicid	: 2
fpu		: yes
fpu_exception	: yes
cpuid level	: 10
wp		: yes
flags		: fpu vme de pse tsc msr pae mce cx8 apic sep mtrr pge mca cmov pat pse36 clflush dts acpi mmx fxsr sse sse2 ss ht tm pbe syscall nx lm constant_tsc arch_perfmon pebs bts rep_good nopl aperfmperf pni dtes64 monitor ds_cpl vmx est tm2 ssse3 cx16 xtpr pdcm lahf_lm dtherm tpr_shadow vnmi flexpriority
bugs		:
bogomips	: 4800.02
clflush size	: 64
cache_alignment	: 64
address sizes	: 36 bits physical, 48 bits virtual
power management:



Memory: 4k page, physical 8174564k(64596k free), swap 1998844k(1750900k free)

vm_info: Java HotSpot(TM) 64-Bit Server VM (25.66-b17) for linux-amd64 JRE (1.8.0_66-b17), built on Oct  6 2015 17:28:34 by "java_re" with gcc 4.3.0 20080428 (Red Hat 4.3.0-8)

time: Tue Feb  9 21:04:07 2016
elapsed time: 0 seconds (0d 0h 0m 0s)

