#
# A fatal error has been detected by the Java Runtime Environment:
#
#  SIGSEGV (0xb) at pc=0x00007f14d95ae060, pid=13071, tid=139728949556992
#
# JRE version: Java(TM) SE Runtime Environment (8.0_66-b17) (build 1.8.0_66-b17)
# Java VM: Java HotSpot(TM) 64-Bit Server VM (25.66-b17 mixed mode linux-amd64 compressed oops)
# Problematic frame:
# C  0x00007f14d95ae060
#
# Failed to write core dump. Core dumps have been disabled. To enable core dumping, try "ulimit -c unlimited" before starting Java again
#
# If you would like to submit a bug report, please visit:
#   http://bugreport.java.com/bugreport/crash.jsp
#

---------------  T H R E A D  ---------------

Current thread (0x00007f152800a000):  JavaThread "main" [_thread_in_Java, id=13073, stack(0x00007f152e573000,0x00007f152e674000)]

siginfo: si_signo: 11 (SIGSEGV), si_code: 1 (SEGV_MAPERR), si_addr: 0x00007f14d95ae060

Registers:
RAX=0x000000010004be18, RBX=0x00007f151573c1b0, RCX=0x0000000000000000, RDX=0x00000000eb8a30e8
RSP=0x00007f152e671a38, RBP=0x00007f152e671b50, RSI=0x00000000eb8b2748, RDI=0x000000010004be18
R8 =0x00000000eb8a30e8, R9 =0x00007f15179e8000, R10=0x000000010004be18, R11=0x00007f15179e8000
R12=0x0000000000000000, R13=0x00007f152e671b08, R14=0x0000000000000000, R15=0x00007f152800a000
RIP=0x00007f14d95ae060, EFLAGS=0x0000000000010246, CSGSFS=0x0000000000000033, ERR=0x0000000000000014
  TRAPNO=0x000000000000000e

Top of Stack: (sp=0x00007f152e671a38)
0x00007f152e671a38:   00007f15187d454c 00007f152e671a40
0x00007f152e671a48:   00007f15156976cc 00007f152e671b50
0x00007f152e671a58:   00007f15187d68e4 00007f151573a588
0x00007f152e671a68:   00007f15156976f0 00007f152e671ae0
0x00007f152e671a78:   00007f15185b0160 00007f152e671ae0
0x00007f152e671a88:   00007f15185b0160 00000000eb8b0c80
0x00007f152e671a98:   00000000eb8b26d8 00000000eb8b26a8
0x00007f152e671aa8:   00007f15179e8000 00000000eb8b26a8
0x00007f152e671ab8:   00000000eb8b2748 00000000eb8b2710
0x00007f152e671ac8:   00007f15179e8000 00007f152e671b50
0x00007f152e671ad8:   00007f15185b098d 00007f15185b098d
0x00007f152e671ae8:   00000000eb8afb00 00007f152e671b50
0x00007f152e671af8:   00007f15185b098d 00007f15185b098d
0x00007f152e671b08:   00000000eb8b26a8 00007f152e671b10
0x00007f152e671b18:   00007f15156bb167 00007f152e671b78
0x00007f152e671b28:   00007f15156bbb80 0000000000000000
0x00007f152e671b38:   00007f15156bb1b8 00007f152e671b08
0x00007f152e671b48:   00007f152e671b78 00007f152e671bc8
0x00007f152e671b58:   00007f15185b0710 0000000000000011
0x00007f152e671b68:   00000000eb8afb00 0000000000000056
0x00007f152e671b78:   00000000eb87d918 00000000eb8afae8
0x00007f152e671b88:   00007f152e671b88 00007f15156b2888
0x00007f152e671b98:   00007f152e671be8 00007f15156b9da0
0x00007f152e671ba8:   0000000000000000 00007f15156b28c0
0x00007f152e671bb8:   00007f152e671b78 00007f152e671bd8
0x00007f152e671bc8:   00007f152e671c38 00007f15185b098d
0x00007f152e671bd8:   0000000000000000 00000000eb87d918
0x00007f152e671be8:   00000000eb8afae8 00000000eb8afae8
0x00007f152e671bf8:   00007f152e671bf8 00007f15156b27c6
0x00007f152e671c08:   00007f152e671c50 00007f15156b9da0
0x00007f152e671c18:   0000000000000000 00007f15156b27f0
0x00007f152e671c28:   00007f152e671bd8 00007f152e671c48 

Instructions: (pc=0x00007f14d95ae060)
0x00007f14d95ae040:   
[error occurred during error reporting (printing registers, top of stack, instructions near pc), id 0xb]

Register to memory mapping:

RAX=0x000000010004be18 is pointing into metadata
RBX=0x00007f151573c1b0 is pointing into metadata
RCX=0x0000000000000000 is an unknown value
RDX=0x00000000eb8a30e8 is an oop
java.util.ArrayList 
 - klass: 'java/util/ArrayList'
RSP=0x00007f152e671a38 is pointing into the stack for thread: 0x00007f152800a000
RBP=0x00007f152e671b50 is pointing into the stack for thread: 0x00007f152800a000
RSI=0x00000000eb8b2748 is an oop
java.util.Collections$UnmodifiableCollection$1 
 - klass: 'java/util/Collections$UnmodifiableCollection$1'
RDI=0x000000010004be18 is pointing into metadata
R8 =0x00000000eb8a30e8 is an oop
java.util.ArrayList 
 - klass: 'java/util/ArrayList'
R9 =0x00007f15179e8000 is an unknown value
R10=0x000000010004be18 is pointing into metadata
R11=0x00007f15179e8000 is an unknown value
R12=0x0000000000000000 is an unknown value
R13=0x00007f152e671b08 is pointing into the stack for thread: 0x00007f152800a000
R14=0x0000000000000000 is an unknown value
R15=0x00007f152800a000 is a thread


Stack: [0x00007f152e573000,0x00007f152e674000],  sp=0x00007f152e671a38,  free space=1018k
Native frames: (J=compiled Java code, j=interpreted, Vv=VM code, C=native code)
C  0x00007f14d95ae060
j  com.android.dx.ssa.back.SsaToRop.<init>(Lcom/android/dx/ssa/SsaMethod;Z)V+16
j  com.android.dx.ssa.back.SsaToRop.convertToRopMethod(Lcom/android/dx/ssa/SsaMethod;Z)Lcom/android/dx/rop/code/RopMethod;+6
j  com.android.dx.ssa.Optimizer.optimize(Lcom/android/dx/rop/code/RopMethod;IZZLcom/android/dx/rop/code/TranslationAdvice;Ljava/util/EnumSet;)Lcom/android/dx/rop/code/RopMethod;+30
j  com.android.dx.ssa.Optimizer.optimize(Lcom/android/dx/rop/code/RopMethod;IZZLcom/android/dx/rop/code/TranslationAdvice;)Lcom/android/dx/rop/code/RopMethod;+12
j  com.android.dx.dex.cf.CfTranslator.processMethods(Lcom/android/dx/cf/direct/DirectClassFile;Lcom/android/dx/dex/cf/CfOptions;Lcom/android/dx/dex/DexOptions;Lcom/android/dx/dex/file/ClassDefItem;Lcom/android/dx/dex/file/DexFile;)V+265
j  com.android.dx.dex.cf.CfTranslator.translate0(Lcom/android/dx/cf/direct/DirectClassFile;[BLcom/android/dx/dex/cf/CfOptions;Lcom/android/dx/dex/DexOptions;Lcom/android/dx/dex/file/DexFile;)Lcom/android/dx/dex/file/ClassDefItem;+120
j  com.android.dx.dex.cf.CfTranslator.translate(Lcom/android/dx/cf/direct/DirectClassFile;[BLcom/android/dx/dex/cf/CfOptions;Lcom/android/dx/dex/DexOptions;Lcom/android/dx/dex/file/DexFile;)Lcom/android/dx/dex/file/ClassDefItem;+6
j  com.android.dx.command.dexer.Main.processClass(Ljava/lang/String;[B)Z+251
j  com.android.dx.command.dexer.Main.processFileBytes(Ljava/lang/String;J[B)Z+188
j  com.android.dx.command.dexer.Main.access$300(Ljava/lang/String;J[B)Z+3
j  com.android.dx.command.dexer.Main$1.processFileBytes(Ljava/lang/String;J[B)Z+4
j  com.android.dx.cf.direct.ClassPathOpener.processOne(Ljava/io/File;Z)Z+82
j  com.android.dx.cf.direct.ClassPathOpener.processDirectory(Ljava/io/File;Z)Z+64
j  com.android.dx.cf.direct.ClassPathOpener.processOne(Ljava/io/File;Z)Z+10
j  com.android.dx.cf.direct.ClassPathOpener.processDirectory(Ljava/io/File;Z)Z+64
j  com.android.dx.cf.direct.ClassPathOpener.processOne(Ljava/io/File;Z)Z+10
j  com.android.dx.cf.direct.ClassPathOpener.processDirectory(Ljava/io/File;Z)Z+64
j  com.android.dx.cf.direct.ClassPathOpener.processOne(Ljava/io/File;Z)Z+10
j  com.android.dx.cf.direct.ClassPathOpener.processDirectory(Ljava/io/File;Z)Z+64
j  com.android.dx.cf.direct.ClassPathOpener.processOne(Ljava/io/File;Z)Z+10
j  com.android.dx.cf.direct.ClassPathOpener.process()Z+15
j  com.android.dx.command.dexer.Main.processOne(Ljava/lang/String;Lcom/android/dx/cf/direct/ClassPathOpener$FileNameFilter;)V+58
j  com.android.dx.command.dexer.Main.processAllFiles()Z+202
j  com.android.dx.command.dexer.Main.runMonoDex()I+58
j  com.android.dx.command.dexer.Main.run(Lcom/android/dx/command/dexer/Main$Arguments;)I+76
j  com.android.dx.command.dexer.Main.main([Ljava/lang/String;)V+14
j  com.android.dx.command.Main.main([Ljava/lang/String;)V+61
v  ~StubRoutines::call_stub
V  [libjvm.so+0x68bc46]  JavaCalls::call_helper(JavaValue*, methodHandle*, JavaCallArguments*, Thread*)+0x1056
V  [libjvm.so+0x6cd262]  jni_invoke_static(JNIEnv_*, JavaValue*, _jobject*, JNICallType, _jmethodID*, JNI_ArgumentPusher*, Thread*)+0x362
V  [libjvm.so+0x6e9c6a]  jni_CallStaticVoidMethod+0x17a
C  [libjli.so+0x7bcc]  JavaMain+0x80c
C  [libpthread.so.0+0x76aa]  start_thread+0xca


---------------  P R O C E S S  ---------------

Java Threads: ( => current thread )
  0x00007f15280c0800 JavaThread "Service Thread" daemon [_thread_blocked, id=13088, stack(0x00007f1506fd5000,0x00007f15070d6000)]
  0x00007f15280bb800 JavaThread "C1 CompilerThread2" daemon [_thread_in_native, id=13087, stack(0x00007f15070d6000,0x00007f15071d7000)]
  0x00007f15280b9800 JavaThread "C2 CompilerThread1" daemon [_thread_in_native, id=13086, stack(0x00007f15071d7000,0x00007f15072d8000)]
  0x00007f15280b6800 JavaThread "C2 CompilerThread0" daemon [_thread_blocked, id=13085, stack(0x00007f15072d8000,0x00007f15073d9000)]
  0x00007f15280b5000 JavaThread "Signal Dispatcher" daemon [_thread_blocked, id=13084, stack(0x00007f15073d9000,0x00007f15074da000)]
  0x00007f152807f800 JavaThread "Finalizer" daemon [_thread_blocked, id=13083, stack(0x00007f1507bfc000,0x00007f1507cfd000)]
  0x00007f152807d000 JavaThread "Reference Handler" daemon [_thread_blocked, id=13082, stack(0x00007f1507cfd000,0x00007f1507dfe000)]
=>0x00007f152800a000 JavaThread "main" [_thread_in_Java, id=13073, stack(0x00007f152e573000,0x00007f152e674000)]

Other Threads:
  0x00007f1528078000 VMThread [stack: 0x00007f1507dfe000,0x00007f1507eff000] [id=13081]
  0x00007f15280c3800 WatcherThread [stack: 0x00007f1506ed4000,0x00007f1506fd5000] [id=13089]

VM state:not at safepoint (normal execution)

VM Mutex/Monitor currently owned by a thread:  ([mutex/lock_event])
[0x00007f1528005ad0] CodeCache_lock - owner thread: 0x00007f15280bb800
[0x00007f1528007150] Compile_lock - owner thread: 0x00007f15280bb800
[0x00007f1528007250] MethodCompileQueue_lock - owner thread: 0x00007f15280bb800

Heap:
 PSYoungGen      total 37888K, used 14444K [0x00000000eab00000, 0x00000000ed500000, 0x0000000100000000)
  eden space 32768K, 44% used [0x00000000eab00000,0x00000000eb91b2b0,0x00000000ecb00000)
  from space 5120K, 0% used [0x00000000ed000000,0x00000000ed000000,0x00000000ed500000)
  to   space 5120K, 0% used [0x00000000ecb00000,0x00000000ecb00000,0x00000000ed000000)
 ParOldGen       total 86016K, used 0K [0x00000000c0000000, 0x00000000c5400000, 0x00000000eab00000)
  object space 86016K, 0% used [0x00000000c0000000,0x00000000c0000000,0x00000000c5400000)
 Metaspace       used 5014K, capacity 6512K, committed 6784K, reserved 1056768K
  class space    used 526K, capacity 616K, committed 640K, reserved 1048576K

Card table byte_map: [0x00007f1517fe8000,0x00007f15181e9000] byte_map_base: 0x00007f15179e8000

Marking Bits: (ParMarkBitMap*) 0x00007f152da4c020
 Begin Bits: [0x00007f1515b8f000, 0x00007f1516b8f000)
 End Bits:   [0x00007f1516b8f000, 0x00007f1517b8f000)

Polling page: 0x00007f152e699000

CodeCache: size=245760Kb used=2636Kb max_used=2647Kb free=243123Kb
 bounds [0x00007f15185a9000, 0x00007f1518849000, 0x00007f15275a9000]
 total_blobs=957 nmethods=703 adapters=169
 compilation: enabled

Compilation events (10 events):
Event: 0.924 Thread 0x00007f15280bb800 nmethod 723 0x00007f151883ad50 code [0x00007f151883aee0, 0x00007f151883b198]
Event: 0.924 Thread 0x00007f15280bb800  721   !   3       com.android.dx.cf.code.BytecodeArray::parseInstruction (2764 bytes)
Event: 0.931 Thread 0x00007f15280b6800 nmethod 701 0x00007f15188376d0 code [0x00007f1518837840, 0x00007f1518837978]
Event: 0.931 Thread 0x00007f15280b6800  729  s    4       java.util.Vector::add (39 bytes)
Event: 0.935 Thread 0x00007f15280b6800 nmethod 729 0x00007f151883f310 code [0x00007f151883f480, 0x00007f151883f848]
Event: 0.935 Thread 0x00007f15280b6800  737       4       com.android.dx.ssa.NormalSsaInsn::isNormalMoveInsn (20 bytes)
Event: 0.936 Thread 0x00007f15280b6800 nmethod 737 0x00007f151883f9d0 code [0x00007f151883fb20, 0x00007f151883fbb8]
Event: 0.936 Thread 0x00007f15280b6800  686       4       java.util.Collections$UnmodifiableCollection$1::hasNext (10 bytes)
Event: 0.937 Thread 0x00007f15280b6800 nmethod 686 0x00007f151883f010 code [0x00007f151883f160, 0x00007f151883f218]
Event: 0.937 Thread 0x00007f15280b6800  741       4       com.android.dx.ssa.NormalSsaInsn::hasSideEffect (76 bytes)

GC Heap History (0 events):
No events

Deoptimization events (4 events):
Event: 0.673 Thread 0x00007f152800a000 Uncommon trap: reason=unstable_if action=reinterpret pc=0x00007f1518793c24 method=java.util.HashMap.getNode(ILjava/lang/Object;)Ljava/util/HashMap$Node; @ 129
Event: 0.754 Thread 0x00007f152800a000 Uncommon trap: reason=unstable_if action=reinterpret pc=0x00007f15187d7dc0 method=com.android.dx.util.BitIntSet.ensureCapacity(I)V @ 8
Event: 0.846 Thread 0x00007f152800a000 Uncommon trap: reason=unstable_if action=reinterpret pc=0x00007f1518816c08 method=com.android.dx.ssa.SCCP.simulatePhi(Lcom/android/dx/ssa/PhiInsn;)V @ 92
Event: 0.934 Thread 0x00007f152800a000 Uncommon trap: reason=unstable_if action=reinterpret pc=0x00007f151879fff4 method=com.android.dx.rop.cst.CstLiteral32.equals(Ljava/lang/Object;)Z @ 12

Internal exceptions (2 events):
Event: 0.050 Thread 0x00007f152800a000 Exception <a 'java/lang/NoSuchMethodError': Method sun.misc.Unsafe.defineClass(Ljava/lang/String;[BII)Ljava/lang/Class; name or signature does not match> (0x00000000eab12a58) thrown at [/HUDSON/workspace/8-2-build-linux-amd64/jdk8u66/4988/hotspot/src/shar
Event: 0.050 Thread 0x00007f152800a000 Exception <a 'java/lang/NoSuchMethodError': Method sun.misc.Unsafe.prefetchRead(Ljava/lang/Object;J)V name or signature does not match> (0x00000000eab12d40) thrown at [/HUDSON/workspace/8-2-build-linux-amd64/jdk8u66/4988/hotspot/src/share/vm/prims/jni.cpp

Events (10 events):
Event: 0.755 loading class com/android/dx/ssa/back/FirstFitLocalCombiningAllocator$Multiset
Event: 0.755 loading class com/android/dx/ssa/back/FirstFitLocalCombiningAllocator$Multiset done
Event: 0.846 Thread 0x00007f152800a000 Uncommon trap: trap_request=0xffffff65 fr.pc=0x00007f1518816c08
Event: 0.846 Thread 0x00007f152800a000 DEOPT PACKING pc=0x00007f1518816c08 sp=0x00007f152e671990
Event: 0.846 Thread 0x00007f152800a000 DEOPT UNPACKING pc=0x00007f15185adf69 sp=0x00007f152e671958 mode 2
Event: 0.855 loading class java/util/ArrayList$1
Event: 0.856 loading class java/util/ArrayList$1 done
Event: 0.934 Thread 0x00007f152800a000 Uncommon trap: trap_request=0xffffff65 fr.pc=0x00007f151879fff4
Event: 0.934 Thread 0x00007f152800a000 DEOPT PACKING pc=0x00007f151879fff4 sp=0x00007f152e671580
Event: 0.934 Thread 0x00007f152800a000 DEOPT UNPACKING pc=0x00007f15185adf69 sp=0x00007f152e671540 mode 2


Dynamic libraries:
00400000-00401000 r-xp 00000000 08:12 4072075                            /usr/lib/jvm/java-8-oracle/bin/java
00600000-00601000 rw-p 00000000 08:12 4072075                            /usr/lib/jvm/java-8-oracle/bin/java
00681000-006a2000 rw-p 00000000 00:00 0                                  [heap]
c0000000-c5400000 rw-p 00000000 00:00 0 
c5400000-eab00000 ---p 00000000 00:00 0 
eab00000-ed500000 rw-p 00000000 00:00 0 
ed500000-100000000 ---p 00000000 00:00 0 
100000000-1000a0000 rw-p 00000000 00:00 0 
1000a0000-140000000 ---p 00000000 00:00 0 
7f14dc000000-7f14dc4e4000 rw-p 00000000 00:00 0 
7f14dc4e4000-7f14e0000000 ---p 00000000 00:00 0 
7f14e0000000-7f14e0021000 rw-p 00000000 00:00 0 
7f14e0021000-7f14e4000000 ---p 00000000 00:00 0 
7f14e4000000-7f14e4505000 rw-p 00000000 00:00 0 
7f14e4505000-7f14e8000000 ---p 00000000 00:00 0 
7f14e8000000-7f14e8021000 rw-p 00000000 00:00 0 
7f14e8021000-7f14ec000000 ---p 00000000 00:00 0 
7f14ec000000-7f14ec021000 rw-p 00000000 00:00 0 
7f14ec021000-7f14f0000000 ---p 00000000 00:00 0 
7f14f0000000-7f14f01ce000 rw-p 00000000 00:00 0 
7f14f01ce000-7f14f4000000 ---p 00000000 00:00 0 
7f14f4000000-7f14f4021000 rw-p 00000000 00:00 0 
7f14f4021000-7f14f8000000 ---p 00000000 00:00 0 
7f14f8000000-7f14f8021000 rw-p 00000000 00:00 0 
7f14f8021000-7f14fc000000 ---p 00000000 00:00 0 
7f14fc000000-7f14fc021000 rw-p 00000000 00:00 0 
7f14fc021000-7f1500000000 ---p 00000000 00:00 0 
7f1500000000-7f1500021000 rw-p 00000000 00:00 0 
7f1500021000-7f1504000000 ---p 00000000 00:00 0 
7f1506ed4000-7f1506ed5000 ---p 00000000 00:00 0 
7f1506ed5000-7f1506fd5000 rw-p 00000000 00:00 0                          [stack:13089]
7f1506fd5000-7f1506fd8000 ---p 00000000 00:00 0 
7f1506fd8000-7f15070d6000 rw-p 00000000 00:00 0                          [stack:13088]
7f15070d6000-7f15070d9000 ---p 00000000 00:00 0 
7f15070d9000-7f15071d7000 rw-p 00000000 00:00 0                          [stack:13087]
7f15071d7000-7f15071da000 ---p 00000000 00:00 0 
7f15071da000-7f15072d8000 rw-p 00000000 00:00 0                          [stack:13086]
7f15072d8000-7f15072db000 ---p 00000000 00:00 0 
7f15072db000-7f15073d9000 rw-p 00000000 00:00 0                          [stack:13085]
7f15073d9000-7f15073dc000 ---p 00000000 00:00 0 
7f15073dc000-7f15074da000 rw-p 00000000 00:00 0                          [stack:13084]
7f15074da000-7f1507bfc000 r--p 00000000 08:12 3546878                    /usr/lib/locale/locale-archive
7f1507bfc000-7f1507bff000 ---p 00000000 00:00 0 
7f1507bff000-7f1507cfd000 rw-p 00000000 00:00 0                          [stack:13083]
7f1507cfd000-7f1507d00000 ---p 00000000 00:00 0 
7f1507d00000-7f1507dfe000 rw-p 00000000 00:00 0                          [stack:13082]
7f1507dfe000-7f1507dff000 ---p 00000000 00:00 0 
7f1507dff000-7f1508000000 rw-p 00000000 00:00 0                          [stack:13081]
7f1508000000-7f1508021000 rw-p 00000000 00:00 0 
7f1508021000-7f150c000000 ---p 00000000 00:00 0 
7f150c000000-7f150c021000 rw-p 00000000 00:00 0 
7f150c021000-7f1510000000 ---p 00000000 00:00 0 
7f1510000000-7f1510021000 rw-p 00000000 00:00 0 
7f1510021000-7f1514000000 ---p 00000000 00:00 0 
7f15140cf000-7f1514f40000 rw-p 00000000 00:00 0 
7f1514f40000-7f1515119000 r--s 03d20000 08:12 4198918                    /usr/lib/jvm/java-8-oracle/jre/lib/rt.jar
7f1515119000-7f151578f000 rw-p 00000000 00:00 0 
7f151578f000-7f151598f000 ---p 00000000 00:00 0 
7f151598f000-7f1517b8f000 rw-p 00000000 00:00 0 
7f1517b8f000-7f1517b90000 ---p 00000000 00:00 0 
7f1517b90000-7f1517c90000 rw-p 00000000 00:00 0                          [stack:13080]
7f1517c90000-7f1517c91000 ---p 00000000 00:00 0 
7f1517c91000-7f1517d91000 rw-p 00000000 00:00 0                          [stack:13079]
7f1517d91000-7f1517d92000 ---p 00000000 00:00 0 
7f1517d92000-7f1517ebc000 rw-p 00000000 00:00 0                          [stack:13078]
7f1517ebc000-7f1517fe8000 ---p 00000000 00:00 0 
7f1517fe8000-7f1518012000 rw-p 00000000 00:00 0 
7f1518012000-7f151813d000 ---p 00000000 00:00 0 
7f151813d000-7f1518153000 rw-p 00000000 00:00 0 
7f1518153000-7f15181e8000 ---p 00000000 00:00 0 
7f15181e8000-7f15181f4000 rw-p 00000000 00:00 0 
7f15181f4000-7f15185a9000 ---p 00000000 00:00 0 
7f15185a9000-7f1518869000 rwxp 00000000 00:00 0 
7f1518869000-7f15275a9000 ---p 00000000 00:00 0 
7f15275a9000-7f15275c3000 r-xp 00000000 08:12 4203595                    /usr/lib/jvm/java-8-oracle/jre/lib/amd64/libzip.so
7f15275c3000-7f15277c3000 ---p 0001a000 08:12 4203595                    /usr/lib/jvm/java-8-oracle/jre/lib/amd64/libzip.so
7f15277c3000-7f15277c4000 rw-p 0001a000 08:12 4203595                    /usr/lib/jvm/java-8-oracle/jre/lib/amd64/libzip.so
7f15277c4000-7f15277d0000 r-xp 00000000 08:12 266670                     /lib/x86_64-linux-gnu/libnss_files-2.21.so
7f15277d0000-7f15279cf000 ---p 0000c000 08:12 266670                     /lib/x86_64-linux-gnu/libnss_files-2.21.so
7f15279cf000-7f15279d0000 r--p 0000b000 08:12 266670                     /lib/x86_64-linux-gnu/libnss_files-2.21.so
7f15279d0000-7f15279d1000 rw-p 0000c000 08:12 266670                     /lib/x86_64-linux-gnu/libnss_files-2.21.so
7f15279d1000-7f15279dc000 r-xp 00000000 08:12 266680                     /lib/x86_64-linux-gnu/libnss_nis-2.21.so
7f15279dc000-7f1527bdb000 ---p 0000b000 08:12 266680                     /lib/x86_64-linux-gnu/libnss_nis-2.21.so
7f1527bdb000-7f1527bdc000 r--p 0000a000 08:12 266680                     /lib/x86_64-linux-gnu/libnss_nis-2.21.so
7f1527bdc000-7f1527bdd000 rw-p 0000b000 08:12 266680                     /lib/x86_64-linux-gnu/libnss_nis-2.21.so
7f1527bdd000-7f1527bf4000 r-xp 00000000 08:12 266664                     /lib/x86_64-linux-gnu/libnsl-2.21.so
7f1527bf4000-7f1527df3000 ---p 00017000 08:12 266664                     /lib/x86_64-linux-gnu/libnsl-2.21.so
7f1527df3000-7f1527df4000 r--p 00016000 08:12 266664                     /lib/x86_64-linux-gnu/libnsl-2.21.so
7f1527df4000-7f1527df5000 rw-p 00017000 08:12 266664                     /lib/x86_64-linux-gnu/libnsl-2.21.so
7f1527df5000-7f1527df7000 rw-p 00000000 00:00 0 
7f1527df7000-7f1527dff000 r-xp 00000000 08:12 266666                     /lib/x86_64-linux-gnu/libnss_compat-2.21.so
7f1527dff000-7f1527ffe000 ---p 00008000 08:12 266666                     /lib/x86_64-linux-gnu/libnss_compat-2.21.so
7f1527ffe000-7f1527fff000 r--p 00007000 08:12 266666                     /lib/x86_64-linux-gnu/libnss_compat-2.21.so
7f1527fff000-7f1528000000 rw-p 00008000 08:12 266666                     /lib/x86_64-linux-gnu/libnss_compat-2.21.so
7f1528000000-7f1528486000 rw-p 00000000 00:00 0 
7f1528486000-7f152c000000 ---p 00000000 00:00 0 
7f152c000000-7f152c00f000 r--s 000dd000 08:12 1704044                    /opt/android-sdk-linux/build-tools/21.1.2/lib/dx.jar
7f152c00f000-7f152c051000 rw-p 00000000 00:00 0 
7f152c051000-7f152c052000 ---p 00000000 00:00 0 
7f152c052000-7f152c152000 rw-p 00000000 00:00 0                          [stack:13077]
7f152c152000-7f152c17c000 r-xp 00000000 08:12 4203590                    /usr/lib/jvm/java-8-oracle/jre/lib/amd64/libjava.so
7f152c17c000-7f152c37c000 ---p 0002a000 08:12 4203590                    /usr/lib/jvm/java-8-oracle/jre/lib/amd64/libjava.so
7f152c37c000-7f152c37e000 rw-p 0002a000 08:12 4203590                    /usr/lib/jvm/java-8-oracle/jre/lib/amd64/libjava.so
7f152c37e000-7f152c38b000 r-xp 00000000 08:12 4203594                    /usr/lib/jvm/java-8-oracle/jre/lib/amd64/libverify.so
7f152c38b000-7f152c58b000 ---p 0000d000 08:12 4203594                    /usr/lib/jvm/java-8-oracle/jre/lib/amd64/libverify.so
7f152c58b000-7f152c58d000 rw-p 0000d000 08:12 4203594                    /usr/lib/jvm/java-8-oracle/jre/lib/amd64/libverify.so
7f152c58d000-7f152c594000 r-xp 00000000 08:12 266725                     /lib/x86_64-linux-gnu/librt-2.21.so
7f152c594000-7f152c793000 ---p 00007000 08:12 266725                     /lib/x86_64-linux-gnu/librt-2.21.so
7f152c793000-7f152c794000 r--p 00006000 08:12 266725                     /lib/x86_64-linux-gnu/librt-2.21.so
7f152c794000-7f152c795000 rw-p 00007000 08:12 266725                     /lib/x86_64-linux-gnu/librt-2.21.so
7f152c795000-7f152c89c000 r-xp 00000000 08:12 266643                     /lib/x86_64-linux-gnu/libm-2.21.so
7f152c89c000-7f152ca9b000 ---p 00107000 08:12 266643                     /lib/x86_64-linux-gnu/libm-2.21.so
7f152ca9b000-7f152ca9c000 r--p 00106000 08:12 266643                     /lib/x86_64-linux-gnu/libm-2.21.so
7f152ca9c000-7f152ca9d000 rw-p 00107000 08:12 266643                     /lib/x86_64-linux-gnu/libm-2.21.so
7f152ca9d000-7f152d75b000 r-xp 00000000 08:12 4201549                    /usr/lib/jvm/java-8-oracle/jre/lib/amd64/server/libjvm.so
7f152d75b000-7f152d95a000 ---p 00cbe000 08:12 4201549                    /usr/lib/jvm/java-8-oracle/jre/lib/amd64/server/libjvm.so
7f152d95a000-7f152da33000 rw-p 00cbd000 08:12 4201549                    /usr/lib/jvm/java-8-oracle/jre/lib/amd64/server/libjvm.so
7f152da33000-7f152da77000 rw-p 00000000 00:00 0 
7f152da77000-7f152dc37000 r-xp 00000000 08:12 266584                     /lib/x86_64-linux-gnu/libc-2.21.so
7f152dc37000-7f152de37000 ---p 001c0000 08:12 266584                     /lib/x86_64-linux-gnu/libc-2.21.so
7f152de37000-7f152de3b000 r--p 001c0000 08:12 266584                     /lib/x86_64-linux-gnu/libc-2.21.so
7f152de3b000-7f152de3d000 rw-p 001c4000 08:12 266584                     /lib/x86_64-linux-gnu/libc-2.21.so
7f152de3d000-7f152de41000 rw-p 00000000 00:00 0 
7f152de41000-7f152de44000 r-xp 00000000 08:12 266601                     /lib/x86_64-linux-gnu/libdl-2.21.so
7f152de44000-7f152e043000 ---p 00003000 08:12 266601                     /lib/x86_64-linux-gnu/libdl-2.21.so
7f152e043000-7f152e044000 r--p 00002000 08:12 266601                     /lib/x86_64-linux-gnu/libdl-2.21.so
7f152e044000-7f152e045000 rw-p 00003000 08:12 266601                     /lib/x86_64-linux-gnu/libdl-2.21.so
7f152e045000-7f152e05a000 r-xp 00000000 08:12 4198721                    /usr/lib/jvm/java-8-oracle/lib/amd64/jli/libjli.so
7f152e05a000-7f152e25a000 ---p 00015000 08:12 4198721                    /usr/lib/jvm/java-8-oracle/lib/amd64/jli/libjli.so
7f152e25a000-7f152e25b000 rw-p 00015000 08:12 4198721                    /usr/lib/jvm/java-8-oracle/lib/amd64/jli/libjli.so
7f152e25b000-7f152e273000 r-xp 00000000 08:12 266717                     /lib/x86_64-linux-gnu/libpthread-2.21.so
7f152e273000-7f152e473000 ---p 00018000 08:12 266717                     /lib/x86_64-linux-gnu/libpthread-2.21.so
7f152e473000-7f152e474000 r--p 00018000 08:12 266717                     /lib/x86_64-linux-gnu/libpthread-2.21.so
7f152e474000-7f152e475000 rw-p 00019000 08:12 266717                     /lib/x86_64-linux-gnu/libpthread-2.21.so
7f152e475000-7f152e479000 rw-p 00000000 00:00 0 
7f152e479000-7f152e49d000 r-xp 00000000 08:12 266556                     /lib/x86_64-linux-gnu/ld-2.21.so
7f152e4a1000-7f152e573000 rw-p 00000000 00:00 0 
7f152e573000-7f152e576000 ---p 00000000 00:00 0 
7f152e576000-7f152e678000 rw-p 00000000 00:00 0                          [stack:13073]
7f152e679000-7f152e690000 rw-p 00000000 00:00 0 
7f152e690000-7f152e698000 rw-s 00000000 08:12 3546953                    /tmp/hsperfdata_duke/13071
7f152e698000-7f152e699000 rw-p 00000000 00:00 0 
7f152e699000-7f152e69a000 r--p 00000000 00:00 0 
7f152e69a000-7f152e69c000 rw-p 00000000 00:00 0 
7f152e69c000-7f152e69d000 r--p 00023000 08:12 266556                     /lib/x86_64-linux-gnu/ld-2.21.so
7f152e69d000-7f152e69e000 rw-p 00024000 08:12 266556                     /lib/x86_64-linux-gnu/ld-2.21.so
7f152e69e000-7f152e69f000 rw-p 00000000 00:00 0 
7fff64c36000-7fff64c57000 rw-p 00000000 00:00 0                          [stack]
7fff64d36000-7fff64d38000 r--p 00000000 00:00 0                          [vvar]
7fff64d38000-7fff64d3a000 r-xp 00000000 00:00 0                          [vdso]
ffffffffff600000-ffffffffff601000 r-xp 00000000 00:00 0                  [vsyscall]

VM Arguments:
jvm_args: -Xmx1024M -Dfile.encoding=UTF-8 -Duser.country=US -Duser.language=en -Duser.variant 
java_command: com.android.dx.command.Main --dex --output /home/duke/AndroidStudioProjects/MasterSahab/app/build/intermediates/dex/debug /home/duke/AndroidStudioProjects/MasterSahab/app/build/intermediates/classes/debug /home/duke/AndroidStudioProjects/MasterSahab/app/build/intermediates/pre-dexed/debug/support-annotations-22.2.0-d11b86e8a8d5a60125987e55ed19da6fe916ed6c.jar /home/duke/AndroidStudioProjects/MasterSahab/app/build/intermediates/pre-dexed/debug/internal_impl-22.2.0-9fd2cdf11b2cb58a68c8003917e19ca6197745ad.jar /home/duke/AndroidStudioProjects/MasterSahab/app/build/intermediates/pre-dexed/debug/classes-8ef248cfe074cd8203cc4c867f71e14f57d6780a.jar /home/duke/AndroidStudioProjects/MasterSahab/app/build/intermediates/pre-dexed/debug/classes-dccf93463063885d5b233794907a60cd6aefb60c.jar
java_class_path (initial): /opt/android-sdk-linux/build-tools/21.1.2/lib/dx.jar
Launcher Type: SUN_STANDARD

Environment Variables:
JAVA_HOME=/usr/lib/jvm/java-8-oracle
PATH=/usr/local/sbin:/usr/local/bin:/usr/sbin:/usr/bin:/sbin:/bin:/usr/games:/usr/local/games:/usr/lib/jvm/java-8-oracle/bin:/usr/lib/jvm/java-8-oracle/db/bin:/usr/lib/jvm/java-8-oracle/jre/bin
LD_LIBRARY_PATH=/home/duke/Apps/android-studio/bin:
SHELL=/bin/bash
DISPLAY=:0

Signal Handlers:
SIGSEGV: [libjvm.so+0xaba2a0], sa_mask[0]=11111111011111111101111111111110, sa_flags=SA_RESTART|SA_SIGINFO
SIGBUS: [libjvm.so+0xaba2a0], sa_mask[0]=11111111011111111101111111111110, sa_flags=SA_RESTART|SA_SIGINFO
SIGFPE: [libjvm.so+0x917710], sa_mask[0]=11111111011111111101111111111110, sa_flags=SA_RESTART|SA_SIGINFO
SIGPIPE: [libjvm.so+0x917710], sa_mask[0]=11111111011111111101111111111110, sa_flags=SA_RESTART|SA_SIGINFO
SIGXFSZ: [libjvm.so+0x917710], sa_mask[0]=11111111011111111101111111111110, sa_flags=SA_RESTART|SA_SIGINFO
SIGILL: [libjvm.so+0x917710], sa_mask[0]=11111111011111111101111111111110, sa_flags=SA_RESTART|SA_SIGINFO
SIGUSR1: SIG_DFL, sa_mask[0]=00000000000000000000000000000000, sa_flags=none
SIGUSR2: [libjvm.so+0x918d40], sa_mask[0]=00100000000000000000000000000000, sa_flags=SA_RESTART|SA_SIGINFO
SIGHUP: [libjvm.so+0x91a140], sa_mask[0]=11111111011111111101111111111110, sa_flags=SA_RESTART|SA_SIGINFO
SIGINT: [libjvm.so+0x91a140], sa_mask[0]=11111111011111111101111111111110, sa_flags=SA_RESTART|SA_SIGINFO
SIGTERM: [libjvm.so+0x91a140], sa_mask[0]=11111111011111111101111111111110, sa_flags=SA_RESTART|SA_SIGINFO
SIGQUIT: [libjvm.so+0x91a140], sa_mask[0]=11111111011111111101111111111110, sa_flags=SA_RESTART|SA_SIGINFO


---------------  S Y S T E M  ---------------

OS:DISTRIB_ID=Ubuntu
DISTRIB_RELEASE=15.10
DISTRIB_CODENAME=wily
DISTRIB_DESCRIPTION="Ubuntu 15.10"

uname:Linux 4.2.0-19-generic #23-Ubuntu SMP Wed Nov 11 11:39:30 UTC 2015 x86_64
libc:glibc 2.21 NPTL 2.21 
rlimit: STACK 8192k, CORE 0k, NPROC 31796, NOFILE 65536, AS infinity
load average:6.97 6.06 3.48

/proc/meminfo:
MemTotal:        8174576 kB
MemFree:          313152 kB
MemAvailable:    3389820 kB
Buffers:          496224 kB
Cached:          3078152 kB
SwapCached:          524 kB
Active:          4276832 kB
Inactive:        3185892 kB
Active(anon):    2930316 kB
Inactive(anon):  1594324 kB
Active(file):    1346516 kB
Inactive(file):  1591568 kB
Unevictable:          32 kB
Mlocked:              32 kB
SwapTotal:       1998844 kB
SwapFree:        1970536 kB
Dirty:            287532 kB
Writeback:             0 kB
AnonPages:       3888096 kB
Mapped:           578944 kB
Shmem:            636120 kB
Slab:             222860 kB
SReclaimable:     181160 kB
SUnreclaim:        41700 kB
KernelStack:       10640 kB
PageTables:        47140 kB
NFS_Unstable:          0 kB
Bounce:                0 kB
WritebackTmp:          0 kB
CommitLimit:     6086132 kB
Committed_AS:    9218116 kB
VmallocTotal:   34359738367 kB
VmallocUsed:       90628 kB
VmallocChunk:   34359586812 kB
HardwareCorrupted:     0 kB
AnonHugePages:   1550336 kB
CmaTotal:              0 kB
CmaFree:               0 kB
HugePages_Total:       0
HugePages_Free:        0
HugePages_Rsvd:        0
HugePages_Surp:        0
Hugepagesize:       2048 kB
DirectMap4k:      502720 kB
DirectMap2M:     7884800 kB


CPU:total 4 (4 cores per cpu, 1 threads per core) family 6 model 15 stepping 11, cmov, cx8, fxsr, mmx, sse, sse2, sse3, ssse3, tsc

/proc/cpuinfo:
processor	: 0
vendor_id	: GenuineIntel
cpu family	: 6
model		: 15
model name	: Intel(R) Core(TM)2 Quad CPU    Q6600  @ 2.40GHz
stepping	: 11
microcode	: 0xba
cpu MHz		: 2400.000
cache size	: 4096 KB
physical id	: 0
siblings	: 4
core id		: 0
cpu cores	: 4
apicid		: 0
initial apicid	: 0
fpu		: yes
fpu_exception	: yes
cpuid level	: 10
wp		: yes
flags		: fpu vme de pse tsc msr pae mce cx8 apic sep mtrr pge mca cmov pat pse36 clflush dts acpi mmx fxsr sse sse2 ss ht tm pbe syscall nx lm constant_tsc arch_perfmon pebs bts rep_good nopl aperfmperf pni dtes64 monitor ds_cpl vmx est tm2 ssse3 cx16 xtpr pdcm lahf_lm dtherm tpr_shadow vnmi flexpriority
bugs		:
bogomips	: 4800.09
clflush size	: 64
cache_alignment	: 64
address sizes	: 36 bits physical, 48 bits virtual
power management:

processor	: 1
vendor_id	: GenuineIntel
cpu family	: 6
model		: 15
model name	: Intel(R) Core(TM)2 Quad CPU    Q6600  @ 2.40GHz
stepping	: 11
microcode	: 0xba
cpu MHz		: 2400.000
cache size	: 4096 KB
physical id	: 0
siblings	: 4
core id		: 1
cpu cores	: 4
apicid		: 1
initial apicid	: 1
fpu		: yes
fpu_exception	: yes
cpuid level	: 10
wp		: yes
flags		: fpu vme de pse tsc msr pae mce cx8 apic sep mtrr pge mca cmov pat pse36 clflush dts acpi mmx fxsr sse sse2 ss ht tm pbe syscall nx lm constant_tsc arch_perfmon pebs bts rep_good nopl aperfmperf pni dtes64 monitor ds_cpl vmx est tm2 ssse3 cx16 xtpr pdcm lahf_lm dtherm tpr_shadow vnmi flexpriority
bugs		:
bogomips	: 4800.09
clflush size	: 64
cache_alignment	: 64
address sizes	: 36 bits physical, 48 bits virtual
power management:

processor	: 2
vendor_id	: GenuineIntel
cpu family	: 6
model		: 15
model name	: Intel(R) Core(TM)2 Quad CPU    Q6600  @ 2.40GHz
stepping	: 11
microcode	: 0xba
cpu MHz		: 2400.000
cache size	: 4096 KB
physical id	: 0
siblings	: 4
core id		: 3
cpu cores	: 4
apicid		: 3
initial apicid	: 3
fpu		: yes
fpu_exception	: yes
cpuid level	: 10
wp		: yes
flags		: fpu vme de pse tsc msr pae mce cx8 apic sep mtrr pge mca cmov pat pse36 clflush dts acpi mmx fxsr sse sse2 ss ht tm pbe syscall nx lm constant_tsc arch_perfmon pebs bts rep_good nopl aperfmperf pni dtes64 monitor ds_cpl vmx est tm2 ssse3 cx16 xtpr pdcm lahf_lm dtherm tpr_shadow vnmi flexpriority
bugs		:
bogomips	: 4800.09
clflush size	: 64
cache_alignment	: 64
address sizes	: 36 bits physical, 48 bits virtual
power management:

processor	: 3
vendor_id	: GenuineIntel
cpu family	: 6
model		: 15
model name	: Intel(R) Core(TM)2 Quad CPU    Q6600  @ 2.40GHz
stepping	: 11
microcode	: 0xba
cpu MHz		: 2400.000
cache size	: 4096 KB
physical id	: 0
siblings	: 4
core id		: 2
cpu cores	: 4
apicid		: 2
initial apicid	: 2
fpu		: yes
fpu_exception	: yes
cpuid level	: 10
wp		: yes
flags		: fpu vme de pse tsc msr pae mce cx8 apic sep mtrr pge mca cmov pat pse36 clflush dts acpi mmx fxsr sse sse2 ss ht tm pbe syscall nx lm constant_tsc arch_perfmon pebs bts rep_good nopl aperfmperf pni dtes64 monitor ds_cpl vmx est tm2 ssse3 cx16 xtpr pdcm lahf_lm dtherm tpr_shadow vnmi flexpriority
bugs		:
bogomips	: 4800.09
clflush size	: 64
cache_alignment	: 64
address sizes	: 36 bits physical, 48 bits virtual
power management:



Memory: 4k page, physical 8174576k(313152k free), swap 1998844k(1970536k free)

vm_info: Java HotSpot(TM) 64-Bit Server VM (25.66-b17) for linux-amd64 JRE (1.8.0_66-b17), built on Oct  6 2015 17:28:34 by "java_re" with gcc 4.3.0 20080428 (Red Hat 4.3.0-8)

time: Mon Dec  7 18:07:43 2015
elapsed time: 0 seconds (0d 0h 0m 0s)

