#
# A fatal error has been detected by the Java Runtime Environment:
#
#  SIGSEGV (0xb) at pc=0x00007f664e005060, pid=28502, tid=140078807578368
#
# JRE version: Java(TM) SE Runtime Environment (8.0_66-b17) (build 1.8.0_66-b17)
# Java VM: Java HotSpot(TM) 64-Bit Server VM (25.66-b17 mixed mode linux-amd64 compressed oops)
# Problematic frame:
# C  0x00007f664e005060
#
# Failed to write core dump. Core dumps have been disabled. To enable core dumping, try "ulimit -c unlimited" before starting Java again
#
# If you would like to submit a bug report, please visit:
#   http://bugreport.java.com/bugreport/crash.jsp
#

---------------  T H R E A D  ---------------

Current thread (0x00007f669c00a000):  JavaThread "main" [_thread_in_Java, id=28507, stack(0x00007f66a380f000,0x00007f66a3910000)]

siginfo: si_signo: 11 (SIGSEGV), si_code: 2 (SEGV_ACCERR), si_addr: 0x00007f664e005060

Registers:
RAX=0x0000000100028e20, RBX=0x00000000eb8a80d8, RCX=0x00000000eb8a8108, RDX=0x0000000000000002
RSP=0x00007f66a390e1f8, RBP=0x00007f66a390e3b0, RSI=0x00000000eb8a80d8, RDI=0x0000000100028e20
R8 =0x0000000000002050, R9 =0xfffffffffffffff8, R10=0x0000000100028e20, R11=0x00007f668d69e620
R12=0x0000000000000000, R13=0x00007f66a390e360, R14=0x00007f66a390e418, R15=0x00007f669c00a000
RIP=0x00007f664e005060, EFLAGS=0x0000000000010206, CSGSFS=0x0000000000000033, ERR=0x0000000000000014
  TRAPNO=0x000000000000000e

Top of Stack: (sp=0x00007f66a390e1f8)
0x00007f66a390e1f8:   00007f668d6eca14 00007f668d00798d
0x00007f66a390e208:   00000000ebb7a5d0 00007f66a390e210
0x00007f66a390e218:   00007f668aac62b9 00007f66a390e298
0x00007f66a390e228:   00007f668aac6830 0000000000000000
0x00007f66a390e238:   00007f668aac6358 0000000000000000
0x00007f66a390e248:   00007f66a390e260 00007f66a390e2e8
0x00007f66a390e258:   00007f668d00798d 00000000ebb7a5c0
0x00007f66a390e268:   00000000ebb7a5b0 00000000ebb7a588
0x00007f66a390e278:   0000000000024b11 0000000000000001
0x00007f66a390e288:   00000000eb8a80d8 0000000000000001
0x00007f66a390e298:   00000000ebb7a5d0 00007f66a390e3b0
0x00007f66a390e2a8:   00007f668d69e68c 00007f668aa8e39c
0x00007f66a390e2b8:   00007f66a390e348 00007f668aa90120
0x00007f66a390e2c8:   0000000000000000 00007f668aa8e458
0x00007f66a390e2d8:   0000000000000000 00007f66a390e348
0x00007f66a390e2e8:   00007f66a390e390 00007f66a390e358
0x00007f66a390e2f8:   00007f668d0073d0 00000000ebb7a5c0
0x00007f66a390e308:   00007f668d0073d0 00007f66a390e310
0x00007f66a390e318:   00007f668aac6480 00007f66a390e360
0x00007f66a390e328:   00007f668aac6830 0000000000000000
0x00007f66a390e338:   00007f668aac6498 00007f66a390e3b0
0x00007f66a390e348:   00007f668d00798d 00007f66a390e3b0
0x00007f66a390e358:   00007f668d00798d 0000000000000001
0x00007f66a390e368:   00000000eb8a8108 00007f66a390e370
0x00007f66a390e378:   00007f668aa9586a 00007f66a390e418
0x00007f66a390e388:   00007f668aa970b8 0000000000000000
0x00007f66a390e398:   00007f668aa959f0 00007f66a390e360
0x00007f66a390e3a8:   00007f66a390e400 00007f66a390e460
0x00007f66a390e3b8:   00007f668d00798d 0000000000000000
0x00007f66a390e3c8:   0000000000000000 0000000000000000
0x00007f66a390e3d8:   0000000000000000 0000000000000000
0x00007f66a390e3e8:   0000000000000000 0000000000000000 

Instructions: (pc=0x00007f664e005060)
0x00007f664e005040:   
[error occurred during error reporting (printing registers, top of stack, instructions near pc), id 0xb]

Register to memory mapping:

RAX=0x0000000100028e20 is pointing into metadata
RBX=0x00000000eb8a80d8 is an oop
java.nio.HeapByteBuffer 
 - klass: 'java/nio/HeapByteBuffer'
RCX=0x00000000eb8a8108 is an oop
com.android.dex.Dex$Section 
 - klass: 'com/android/dex/Dex$Section'
RDX=0x0000000000000002 is an unknown value
RSP=0x00007f66a390e1f8 is pointing into the stack for thread: 0x00007f669c00a000
RBP=0x00007f66a390e3b0 is pointing into the stack for thread: 0x00007f669c00a000
RSI=0x00000000eb8a80d8 is an oop
java.nio.HeapByteBuffer 
 - klass: 'java/nio/HeapByteBuffer'
RDI=0x0000000100028e20 is pointing into metadata
R8 =0x0000000000002050 is an unknown value
R9 =0xfffffffffffffff8 is an unknown value
R10=0x0000000100028e20 is pointing into metadata
R11=0x00007f668d69e620 is at entry_point+32 in (nmethod*)0x00007f668d69e450
R12=0x0000000000000000 is an unknown value
R13=0x00007f66a390e360 is pointing into the stack for thread: 0x00007f669c00a000
R14=0x00007f66a390e418 is pointing into the stack for thread: 0x00007f669c00a000
R15=0x00007f669c00a000 is a thread


Stack: [0x00007f66a380f000,0x00007f66a3910000],  sp=0x00007f66a390e1f8,  free space=1020k
Native frames: (J=compiled Java code, j=interpreted, Vv=VM code, C=native code)
C  0x00007f664e005060
j  com.android.dx.merge.DexMerger.transformMethods(Lcom/android/dex/Dex;Lcom/android/dx/merge/IndexMap;[Lcom/android/dex/ClassData$Method;)V+116
j  com.android.dx.merge.DexMerger.transformClassData(Lcom/android/dex/Dex;Lcom/android/dex/ClassData;Lcom/android/dx/merge/IndexMap;)V+107
j  com.android.dx.merge.DexMerger.transformClassDef(Lcom/android/dex/Dex;Lcom/android/dex/ClassDef;Lcom/android/dx/merge/IndexMap;)V+137
j  com.android.dx.merge.DexMerger.mergeClassDefs()V+93
j  com.android.dx.merge.DexMerger.mergeDexes()Lcom/android/dex/Dex;+33
j  com.android.dx.merge.DexMerger.merge()Lcom/android/dex/Dex;+5
j  com.android.dx.command.dexer.Main.mergeLibraryDexBuffers([B)[B+69
j  com.android.dx.command.dexer.Main.runMonoDex()I+129
j  com.android.dx.command.dexer.Main.run(Lcom/android/dx/command/dexer/Main$Arguments;)I+76
j  com.android.dx.command.dexer.Main.main([Ljava/lang/String;)V+14
j  com.android.dx.command.Main.main([Ljava/lang/String;)V+61
v  ~StubRoutines::call_stub
V  [libjvm.so+0x68bc46]  JavaCalls::call_helper(JavaValue*, methodHandle*, JavaCallArguments*, Thread*)+0x1056
V  [libjvm.so+0x6cd262]  jni_invoke_static(JNIEnv_*, JavaValue*, _jobject*, JNICallType, _jmethodID*, JNI_ArgumentPusher*, Thread*)+0x362
V  [libjvm.so+0x6e9c6a]  jni_CallStaticVoidMethod+0x17a
C  [libjli.so+0x7bcc]  JavaMain+0x80c
C  [libpthread.so.0+0x76aa]  start_thread+0xca


---------------  P R O C E S S  ---------------

Java Threads: ( => current thread )
  0x00007f669c0d2800 JavaThread "Service Thread" daemon [_thread_blocked, id=28519, stack(0x00007f6688347000,0x00007f6688448000)]
  0x00007f669c0bd800 JavaThread "C1 CompilerThread2" daemon [_thread_blocked, id=28518, stack(0x00007f6688448000,0x00007f6688549000)]
  0x00007f669c0bb800 JavaThread "C2 CompilerThread1" daemon [_thread_blocked, id=28517, stack(0x00007f6688549000,0x00007f668864a000)]
  0x00007f669c0b8800 JavaThread "C2 CompilerThread0" daemon [_thread_blocked, id=28516, stack(0x00007f668864a000,0x00007f668874b000)]
  0x00007f669c0b7000 JavaThread "Signal Dispatcher" daemon [_thread_blocked, id=28515, stack(0x00007f668874b000,0x00007f668884c000)]
  0x00007f669c07f800 JavaThread "Finalizer" daemon [_thread_blocked, id=28514, stack(0x00007f6688f6e000,0x00007f668906f000)]
  0x00007f669c07d000 JavaThread "Reference Handler" daemon [_thread_blocked, id=28513, stack(0x00007f668906f000,0x00007f6689170000)]
=>0x00007f669c00a000 JavaThread "main" [_thread_in_Java, id=28507, stack(0x00007f66a380f000,0x00007f66a3910000)]

Other Threads:
  0x00007f669c078000 VMThread [stack: 0x00007f6689170000,0x00007f6689271000] [id=28512]
  0x00007f669c0dd800 WatcherThread [stack: 0x00007f6688246000,0x00007f6688347000] [id=28520]

VM state:not at safepoint (normal execution)

VM Mutex/Monitor currently owned by a thread: None

Heap:
 PSYoungGen      total 70656K, used 22402K [0x00000000eab00000, 0x00000000f3500000, 0x0000000100000000)
  eden space 65536K, 26% used [0x00000000eab00000,0x00000000ebbe41e8,0x00000000eeb00000)
  from space 5120K, 99% used [0x00000000eeb00000,0x00000000eeffc6e0,0x00000000ef000000)
  to   space 5120K, 0% used [0x00000000f3000000,0x00000000f3000000,0x00000000f3500000)
 ParOldGen       total 86016K, used 8977K [0x00000000c0000000, 0x00000000c5400000, 0x00000000eab00000)
  object space 86016K, 10% used [0x00000000c0000000,0x00000000c08c4468,0x00000000c5400000)
 Metaspace       used 7064K, capacity 7888K, committed 8192K, reserved 1056768K
  class space    used 681K, capacity 712K, committed 768K, reserved 1048576K

Card table byte_map: [0x00007f66a03d6000,0x00007f66a05d7000] byte_map_base: 0x00007f669fdd6000

Marking Bits: (ParMarkBitMap*) 0x00007f66a2ce8020
 Begin Bits: [0x00007f668adfe000, 0x00007f668bdfe000)
 End Bits:   [0x00007f668bdfe000, 0x00007f668cdfe000)

Polling page: 0x00007f66a3935000

CodeCache: size=245760Kb used=7089Kb max_used=7095Kb free=238670Kb
 bounds [0x00007f668d000000, 0x00007f668d700000, 0x00007f669c000000]
 total_blobs=2340 nmethods=2056 adapters=199
 compilation: enabled

Compilation events (10 events):
Event: 2.206 Thread 0x00007f669c0b8800 2057       4       com.android.dx.io.Opcodes::isValidShape (46 bytes)
Event: 2.206 Thread 0x00007f669c0bd800 nmethod 2051 0x00007f668d6ec710 code [0x00007f668d6ec900, 0x00007f668d6ed0c8]
Event: 2.206 Thread 0x00007f669c0b8800 nmethod 2057 0x00007f668d6ed790 code [0x00007f668d6ed8e0, 0x00007f668d6ed978]
Event: 2.206 Thread 0x00007f669c0bd800 2058       3       com.android.dex.Leb128::writeUnsignedLeb128 (46 bytes)
Event: 2.207 Thread 0x00007f669c0bd800 nmethod 2058 0x00007f668d6e2250 code [0x00007f668d6e23e0, 0x00007f668d6e2758]
Event: 2.207 Thread 0x00007f669c0bd800 2048       3       java.nio.Buffer::nextGetIndex (38 bytes)
Event: 2.207 Thread 0x00007f669c0bd800 nmethod 2048 0x00007f668d6e1dd0 code [0x00007f668d6e1f40, 0x00007f668d6e2168]
Event: 2.207 Thread 0x00007f669c0bd800 2059       3       java.nio.Buffer::nextPutIndex (38 bytes)
Event: 2.207 Thread 0x00007f669c0bd800 nmethod 2059 0x00007f668d6e1950 code [0x00007f668d6e1ac0, 0x00007f668d6e1ce8]
Event: 2.207 Thread 0x00007f669c0bd800 2050       3       com.android.dex.Dex$Section::writeShort (10 bytes)

GC Heap History (6 events):
Event: 0.867 GC heap before
{Heap before GC invocations=1 (full 0):
 PSYoungGen      total 37888K, used 32768K [0x00000000eab00000, 0x00000000ed500000, 0x0000000100000000)
  eden space 32768K, 100% used [0x00000000eab00000,0x00000000ecb00000,0x00000000ecb00000)
  from space 5120K, 0% used [0x00000000ed000000,0x00000000ed000000,0x00000000ed500000)
  to   space 5120K, 0% used [0x00000000ecb00000,0x00000000ecb00000,0x00000000ed000000)
 ParOldGen       total 86016K, used 0K [0x00000000c0000000, 0x00000000c5400000, 0x00000000eab00000)
  object space 86016K, 0% used [0x00000000c0000000,0x00000000c0000000,0x00000000c5400000)
 Metaspace       used 5366K, capacity 6832K, committed 7040K, reserved 1056768K
  class space    used 534K, capacity 616K, committed 640K, reserved 1048576K
Event: 0.897 GC heap after
Heap after GC invocations=1 (full 0):
 PSYoungGen      total 37888K, used 5109K [0x00000000eab00000, 0x00000000ef500000, 0x0000000100000000)
  eden space 32768K, 0% used [0x00000000eab00000,0x00000000eab00000,0x00000000ecb00000)
  from space 5120K, 99% used [0x00000000ecb00000,0x00000000ecffd738,0x00000000ed000000)
  to   space 5120K, 0% used [0x00000000ef000000,0x00000000ef000000,0x00000000ef500000)
 ParOldGen       total 86016K, used 537K [0x00000000c0000000, 0x00000000c5400000, 0x00000000eab00000)
  object space 86016K, 0% used [0x00000000c0000000,0x00000000c00864a0,0x00000000c5400000)
 Metaspace       used 5366K, capacity 6832K, committed 7040K, reserved 1056768K
  class space    used 534K, capacity 616K, committed 640K, reserved 1048576K
}
Event: 1.221 GC heap before
{Heap before GC invocations=2 (full 0):
 PSYoungGen      total 37888K, used 37877K [0x00000000eab00000, 0x00000000ef500000, 0x0000000100000000)
  eden space 32768K, 100% used [0x00000000eab00000,0x00000000ecb00000,0x00000000ecb00000)
  from space 5120K, 99% used [0x00000000ecb00000,0x00000000ecffd738,0x00000000ed000000)
  to   space 5120K, 0% used [0x00000000ef000000,0x00000000ef000000,0x00000000ef500000)
 ParOldGen       total 86016K, used 537K [0x00000000c0000000, 0x00000000c5400000, 0x00000000eab00000)
  object space 86016K, 0% used [0x00000000c0000000,0x00000000c00864a0,0x00000000c5400000)
 Metaspace       used 5537K, capacity 6960K, committed 7040K, reserved 1056768K
  class space    used 538K, capacity 616K, committed 640K, reserved 1048576K
Event: 1.287 GC heap after
Heap after GC invocations=2 (full 0):
 PSYoungGen      total 70656K, used 5104K [0x00000000eab00000, 0x00000000ef500000, 0x0000000100000000)
  eden space 65536K, 0% used [0x00000000eab00000,0x00000000eab00000,0x00000000eeb00000)
  from space 5120K, 99% used [0x00000000ef000000,0x00000000ef4fc038,0x00000000ef500000)
  to   space 5120K, 0% used [0x00000000eeb00000,0x00000000eeb00000,0x00000000ef000000)
 ParOldGen       total 86016K, used 6487K [0x00000000c0000000, 0x00000000c5400000, 0x00000000eab00000)
  object space 86016K, 7% used [0x00000000c0000000,0x00000000c0655e28,0x00000000c5400000)
 Metaspace       used 5537K, capacity 6960K, committed 7040K, reserved 1056768K
  class space    used 538K, capacity 616K, committed 640K, reserved 1048576K
}
Event: 1.706 GC heap before
{Heap before GC invocations=3 (full 0):
 PSYoungGen      total 70656K, used 70640K [0x00000000eab00000, 0x00000000ef500000, 0x0000000100000000)
  eden space 65536K, 100% used [0x00000000eab00000,0x00000000eeb00000,0x00000000eeb00000)
  from space 5120K, 99% used [0x00000000ef000000,0x00000000ef4fc038,0x00000000ef500000)
  to   space 5120K, 0% used [0x00000000eeb00000,0x00000000eeb00000,0x00000000ef000000)
 ParOldGen       total 86016K, used 6487K [0x00000000c0000000, 0x00000000c5400000, 0x00000000eab00000)
  object space 86016K, 7% used [0x00000000c0000000,0x00000000c0655e28,0x00000000c5400000)
 Metaspace       used 5575K, capacity 7024K, committed 7296K, reserved 1056768K
  class space    used 538K, capacity 616K, committed 640K, reserved 1048576K
Event: 1.767 GC heap after
Heap after GC invocations=3 (full 0):
 PSYoungGen      total 70656K, used 5105K [0x00000000eab00000, 0x00000000f3500000, 0x0000000100000000)
  eden space 65536K, 0% used [0x00000000eab00000,0x00000000eab00000,0x00000000eeb00000)
  from space 5120K, 99% used [0x00000000eeb00000,0x00000000eeffc6e0,0x00000000ef000000)
  to   space 5120K, 0% used [0x00000000f3000000,0x00000000f3000000,0x00000000f3500000)
 ParOldGen       total 86016K, used 8977K [0x00000000c0000000, 0x00000000c5400000, 0x00000000eab00000)
  object space 86016K, 10% used [0x00000000c0000000,0x00000000c08c4468,0x00000000c5400000)
 Metaspace       used 5575K, capacity 7024K, committed 7296K, reserved 1056768K
  class space    used 538K, capacity 616K, committed 640K, reserved 1048576K
}

Deoptimization events (10 events):
Event: 1.854 Thread 0x00007f669c00a000 Uncommon trap: reason=bimorphic action=maybe_recompile pc=0x00007f668d46ee08 method=java.util.HashMap.putVal(ILjava/lang/Object;Ljava/lang/Object;ZZ)Ljava/lang/Object; @ 91
Event: 1.854 Thread 0x00007f669c00a000 Uncommon trap: reason=bimorphic action=maybe_recompile pc=0x00007f668d20d260 method=java.util.HashMap.getNode(ILjava/lang/Object;)Ljava/util/HashMap$Node; @ 126
Event: 1.854 Thread 0x00007f669c00a000 Uncommon trap: reason=bimorphic action=maybe_recompile pc=0x00007f668d20c648 method=java.util.HashMap.getNode(ILjava/lang/Object;)Ljava/util/HashMap$Node; @ 126
Event: 1.957 Thread 0x00007f669c00a000 Uncommon trap: reason=unstable_if action=reinterpret pc=0x00007f668d5f450c method=com.android.dx.rop.code.RegisterSpecSet.equals(Ljava/lang/Object;)Z @ 30
Event: 2.071 Thread 0x00007f669c00a000 Uncommon trap: reason=unstable_if action=reinterpret pc=0x00007f668d28d694 method=java.util.Arrays.copyOf([Ljava/lang/Object;ILjava/lang/Class;)[Ljava/lang/Object; @ 3
Event: 2.076 Thread 0x00007f669c00a000 Uncommon trap: reason=class_check action=maybe_recompile pc=0x00007f668d5e9bf8 method=java.util.HashMap.putVal(ILjava/lang/Object;Ljava/lang/Object;ZZ)Ljava/lang/Object; @ 56
Event: 2.076 Thread 0x00007f669c00a000 Uncommon trap: reason=class_check action=maybe_recompile pc=0x00007f668d5e9bf8 method=java.util.HashMap.putVal(ILjava/lang/Object;Ljava/lang/Object;ZZ)Ljava/lang/Object; @ 56
Event: 2.076 Thread 0x00007f669c00a000 Uncommon trap: reason=class_check action=maybe_recompile pc=0x00007f668d5e9bf8 method=java.util.HashMap.putVal(ILjava/lang/Object;Ljava/lang/Object;ZZ)Ljava/lang/Object; @ 56
Event: 2.076 Thread 0x00007f669c00a000 Uncommon trap: reason=class_check action=maybe_recompile pc=0x00007f668d5e9cb0 method=java.util.HashMap.putVal(ILjava/lang/Object;Ljava/lang/Object;ZZ)Ljava/lang/Object; @ 152
Event: 2.076 Thread 0x00007f669c00a000 Uncommon trap: reason=class_check action=maybe_recompile pc=0x00007f668d5e9cb0 method=java.util.HashMap.putVal(ILjava/lang/Object;Ljava/lang/Object;ZZ)Ljava/lang/Object; @ 152

Internal exceptions (3 events):
Event: 0.042 Thread 0x00007f669c00a000 Exception <a 'java/lang/NoSuchMethodError': Method sun.misc.Unsafe.defineClass(Ljava/lang/String;[BII)Ljava/lang/Class; name or signature does not match> (0x00000000eab12b90) thrown at [/HUDSON/workspace/8-2-build-linux-amd64/jdk8u66/4988/hotspot/src/shar
Event: 0.042 Thread 0x00007f669c00a000 Exception <a 'java/lang/NoSuchMethodError': Method sun.misc.Unsafe.prefetchRead(Ljava/lang/Object;J)V name or signature does not match> (0x00000000eab12e78) thrown at [/HUDSON/workspace/8-2-build-linux-amd64/jdk8u66/4988/hotspot/src/share/vm/prims/jni.cpp
Event: 0.750 Thread 0x00007f669c00a000 Implicit null exception at 0x00007f668d3b94e6 to 0x00007f668d3ba881

Events (10 events):
Event: 2.179 loading class com/android/dx/io/instructions/SparseSwitchPayloadDecodedInstruction
Event: 2.179 loading class com/android/dx/io/instructions/SparseSwitchPayloadDecodedInstruction done
Event: 2.179 loading class com/android/dx/io/instructions/FillArrayDataPayloadDecodedInstruction
Event: 2.179 loading class com/android/dx/io/instructions/FillArrayDataPayloadDecodedInstruction done
Event: 2.179 loading class com/android/dx/io/IndexType
Event: 2.179 loading class com/android/dx/io/IndexType done
Event: 2.183 loading class com/android/dx/io/CodeReader$1
Event: 2.183 loading class com/android/dx/io/CodeReader$1 done
Event: 2.183 loading class com/android/dx/io/instructions/ShortArrayCodeOutput
Event: 2.183 loading class com/android/dx/io/instructions/ShortArrayCodeOutput done


Dynamic libraries:
00400000-00401000 r-xp 00000000 08:12 4072075                            /usr/lib/jvm/java-8-oracle/bin/java
00600000-00601000 rw-p 00000000 08:12 4072075                            /usr/lib/jvm/java-8-oracle/bin/java
00c8f000-00cb0000 rw-p 00000000 00:00 0                                  [heap]
c0000000-c5400000 rw-p 00000000 00:00 0 
c5400000-eab00000 ---p 00000000 00:00 0 
eab00000-f3500000 rw-p 00000000 00:00 0 
f3500000-100000000 ---p 00000000 00:00 0 
100000000-1000c0000 rw-p 00000000 00:00 0 
1000c0000-140000000 ---p 00000000 00:00 0 
7f664c000000-7f664c021000 rw-p 00000000 00:00 0 
7f664c021000-7f6650000000 ---p 00000000 00:00 0 
7f6654000000-7f66548c7000 rw-p 00000000 00:00 0 
7f66548c7000-7f6658000000 ---p 00000000 00:00 0 
7f6658000000-7f6658021000 rw-p 00000000 00:00 0 
7f6658021000-7f665c000000 ---p 00000000 00:00 0 
7f665c000000-7f665c925000 rw-p 00000000 00:00 0 
7f665c925000-7f6660000000 ---p 00000000 00:00 0 
7f6660000000-7f6660cd1000 rw-p 00000000 00:00 0 
7f6660cd1000-7f6664000000 ---p 00000000 00:00 0 
7f6664000000-7f6664021000 rw-p 00000000 00:00 0 
7f6664021000-7f6668000000 ---p 00000000 00:00 0 
7f6668000000-7f6668021000 rw-p 00000000 00:00 0 
7f6668021000-7f666c000000 ---p 00000000 00:00 0 
7f666c000000-7f666c021000 rw-p 00000000 00:00 0 
7f666c021000-7f6670000000 ---p 00000000 00:00 0 
7f6670000000-7f6670021000 rw-p 00000000 00:00 0 
7f6670021000-7f6674000000 ---p 00000000 00:00 0 
7f6674000000-7f6674021000 rw-p 00000000 00:00 0 
7f6674021000-7f6678000000 ---p 00000000 00:00 0 
7f6678000000-7f6678021000 rw-p 00000000 00:00 0 
7f6678021000-7f667c000000 ---p 00000000 00:00 0 
7f667c000000-7f667c021000 rw-p 00000000 00:00 0 
7f667c021000-7f6680000000 ---p 00000000 00:00 0 
7f6684000000-7f6684021000 rw-p 00000000 00:00 0 
7f6684021000-7f6688000000 ---p 00000000 00:00 0 
7f6688225000-7f6688234000 r--s 000dd000 08:12 1704044                    /opt/android-sdk-linux/build-tools/21.1.2/lib/dx.jar
7f6688234000-7f6688246000 r--s 001fc000 08:12 4196211                    /usr/lib/jvm/java-8-oracle/jre/lib/ext/ojdbc6.jar
7f6688246000-7f6688247000 ---p 00000000 00:00 0 
7f6688247000-7f6688347000 rw-p 00000000 00:00 0                          [stack:28520]
7f6688347000-7f668834a000 ---p 00000000 00:00 0 
7f668834a000-7f6688448000 rw-p 00000000 00:00 0                          [stack:28519]
7f6688448000-7f668844b000 ---p 00000000 00:00 0 
7f668844b000-7f6688549000 rw-p 00000000 00:00 0                          [stack:28518]
7f6688549000-7f668854c000 ---p 00000000 00:00 0 
7f668854c000-7f668864a000 rw-p 00000000 00:00 0                          [stack:28517]
7f668864a000-7f668864d000 ---p 00000000 00:00 0 
7f668864d000-7f668874b000 rw-p 00000000 00:00 0                          [stack:28516]
7f668874b000-7f668874e000 ---p 00000000 00:00 0 
7f668874e000-7f668884c000 rw-p 00000000 00:00 0                          [stack:28515]
7f668884c000-7f6688f6e000 r--p 00000000 08:12 3546878                    /usr/lib/locale/locale-archive
7f6688f6e000-7f6688f71000 ---p 00000000 00:00 0 
7f6688f71000-7f668906f000 rw-p 00000000 00:00 0                          [stack:28514]
7f668906f000-7f6689072000 ---p 00000000 00:00 0 
7f6689072000-7f6689170000 rw-p 00000000 00:00 0                          [stack:28513]
7f6689170000-7f6689171000 ---p 00000000 00:00 0 
7f6689171000-7f668a225000 rw-p 00000000 00:00 0                          [stack:28512]
7f668a225000-7f668a3fe000 r--s 03d20000 08:12 4198918                    /usr/lib/jvm/java-8-oracle/jre/lib/rt.jar
7f668a3fe000-7f668ab3e000 rw-p 00000000 00:00 0 
7f668ab3e000-7f668abfe000 ---p 00000000 00:00 0 
7f668abfe000-7f668cdfe000 rw-p 00000000 00:00 0 
7f668cdfe000-7f668cdff000 ---p 00000000 00:00 0 
7f668cdff000-7f668ceff000 rw-p 00000000 00:00 0                          [stack:28511]
7f668ceff000-7f668cf00000 ---p 00000000 00:00 0 
7f668cf00000-7f668d000000 rw-p 00000000 00:00 0                          [stack:28510]
7f668d000000-7f668d700000 rwxp 00000000 00:00 0 
7f668d700000-7f669c000000 ---p 00000000 00:00 0 
7f669c000000-7f669c550000 rw-p 00000000 00:00 0 
7f669c550000-7f66a0000000 ---p 00000000 00:00 0 
7f66a0003000-7f66a0008000 r--s 00096000 08:12 4198968                    /usr/lib/jvm/java-8-oracle/jre/lib/jsse.jar
7f66a0008000-7f66a007e000 rw-p 00000000 00:00 0 
7f66a007e000-7f66a007f000 ---p 00000000 00:00 0 
7f66a007f000-7f66a017f000 rw-p 00000000 00:00 0                          [stack:28509]
7f66a017f000-7f66a0180000 ---p 00000000 00:00 0 
7f66a0180000-7f66a02aa000 rw-p 00000000 00:00 0                          [stack:28508]
7f66a02aa000-7f66a03d6000 ---p 00000000 00:00 0 
7f66a03d6000-7f66a0400000 rw-p 00000000 00:00 0 
7f66a0400000-7f66a052b000 ---p 00000000 00:00 0 
7f66a052b000-7f66a0571000 rw-p 00000000 00:00 0 
7f66a0571000-7f66a05d6000 ---p 00000000 00:00 0 
7f66a05d6000-7f66a05f3000 rw-p 00000000 00:00 0 
7f66a05f3000-7f66a0997000 ---p 00000000 00:00 0 
7f66a0997000-7f66a09b1000 r-xp 00000000 08:12 4203595                    /usr/lib/jvm/java-8-oracle/jre/lib/amd64/libzip.so
7f66a09b1000-7f66a0bb1000 ---p 0001a000 08:12 4203595                    /usr/lib/jvm/java-8-oracle/jre/lib/amd64/libzip.so
7f66a0bb1000-7f66a0bb2000 rw-p 0001a000 08:12 4203595                    /usr/lib/jvm/java-8-oracle/jre/lib/amd64/libzip.so
7f66a0bb2000-7f66a0bbe000 r-xp 00000000 08:12 266670                     /lib/x86_64-linux-gnu/libnss_files-2.21.so
7f66a0bbe000-7f66a0dbd000 ---p 0000c000 08:12 266670                     /lib/x86_64-linux-gnu/libnss_files-2.21.so
7f66a0dbd000-7f66a0dbe000 r--p 0000b000 08:12 266670                     /lib/x86_64-linux-gnu/libnss_files-2.21.so
7f66a0dbe000-7f66a0dbf000 rw-p 0000c000 08:12 266670                     /lib/x86_64-linux-gnu/libnss_files-2.21.so
7f66a0dbf000-7f66a0dca000 r-xp 00000000 08:12 266680                     /lib/x86_64-linux-gnu/libnss_nis-2.21.so
7f66a0dca000-7f66a0fc9000 ---p 0000b000 08:12 266680                     /lib/x86_64-linux-gnu/libnss_nis-2.21.so
7f66a0fc9000-7f66a0fca000 r--p 0000a000 08:12 266680                     /lib/x86_64-linux-gnu/libnss_nis-2.21.so
7f66a0fca000-7f66a0fcb000 rw-p 0000b000 08:12 266680                     /lib/x86_64-linux-gnu/libnss_nis-2.21.so
7f66a0fcb000-7f66a0fe2000 r-xp 00000000 08:12 266664                     /lib/x86_64-linux-gnu/libnsl-2.21.so
7f66a0fe2000-7f66a11e1000 ---p 00017000 08:12 266664                     /lib/x86_64-linux-gnu/libnsl-2.21.so
7f66a11e1000-7f66a11e2000 r--p 00016000 08:12 266664                     /lib/x86_64-linux-gnu/libnsl-2.21.so
7f66a11e2000-7f66a11e3000 rw-p 00017000 08:12 266664                     /lib/x86_64-linux-gnu/libnsl-2.21.so
7f66a11e3000-7f66a11e5000 rw-p 00000000 00:00 0 
7f66a11e5000-7f66a11ed000 r-xp 00000000 08:12 266666                     /lib/x86_64-linux-gnu/libnss_compat-2.21.so
7f66a11ed000-7f66a13ec000 ---p 00008000 08:12 266666                     /lib/x86_64-linux-gnu/libnss_compat-2.21.so
7f66a13ec000-7f66a13ed000 r--p 00007000 08:12 266666                     /lib/x86_64-linux-gnu/libnss_compat-2.21.so
7f66a13ed000-7f66a13ee000 rw-p 00008000 08:12 266666                     /lib/x86_64-linux-gnu/libnss_compat-2.21.so
7f66a13ee000-7f66a1418000 r-xp 00000000 08:12 4203590                    /usr/lib/jvm/java-8-oracle/jre/lib/amd64/libjava.so
7f66a1418000-7f66a1618000 ---p 0002a000 08:12 4203590                    /usr/lib/jvm/java-8-oracle/jre/lib/amd64/libjava.so
7f66a1618000-7f66a161a000 rw-p 0002a000 08:12 4203590                    /usr/lib/jvm/java-8-oracle/jre/lib/amd64/libjava.so
7f66a161a000-7f66a1627000 r-xp 00000000 08:12 4203594                    /usr/lib/jvm/java-8-oracle/jre/lib/amd64/libverify.so
7f66a1627000-7f66a1827000 ---p 0000d000 08:12 4203594                    /usr/lib/jvm/java-8-oracle/jre/lib/amd64/libverify.so
7f66a1827000-7f66a1829000 rw-p 0000d000 08:12 4203594                    /usr/lib/jvm/java-8-oracle/jre/lib/amd64/libverify.so
7f66a1829000-7f66a1830000 r-xp 00000000 08:12 266725                     /lib/x86_64-linux-gnu/librt-2.21.so
7f66a1830000-7f66a1a2f000 ---p 00007000 08:12 266725                     /lib/x86_64-linux-gnu/librt-2.21.so
7f66a1a2f000-7f66a1a30000 r--p 00006000 08:12 266725                     /lib/x86_64-linux-gnu/librt-2.21.so
7f66a1a30000-7f66a1a31000 rw-p 00007000 08:12 266725                     /lib/x86_64-linux-gnu/librt-2.21.so
7f66a1a31000-7f66a1b38000 r-xp 00000000 08:12 266643                     /lib/x86_64-linux-gnu/libm-2.21.so
7f66a1b38000-7f66a1d37000 ---p 00107000 08:12 266643                     /lib/x86_64-linux-gnu/libm-2.21.so
7f66a1d37000-7f66a1d38000 r--p 00106000 08:12 266643                     /lib/x86_64-linux-gnu/libm-2.21.so
7f66a1d38000-7f66a1d39000 rw-p 00107000 08:12 266643                     /lib/x86_64-linux-gnu/libm-2.21.so
7f66a1d39000-7f66a29f7000 r-xp 00000000 08:12 4201549                    /usr/lib/jvm/java-8-oracle/jre/lib/amd64/server/libjvm.so
7f66a29f7000-7f66a2bf6000 ---p 00cbe000 08:12 4201549                    /usr/lib/jvm/java-8-oracle/jre/lib/amd64/server/libjvm.so
7f66a2bf6000-7f66a2ccf000 rw-p 00cbd000 08:12 4201549                    /usr/lib/jvm/java-8-oracle/jre/lib/amd64/server/libjvm.so
7f66a2ccf000-7f66a2d13000 rw-p 00000000 00:00 0 
7f66a2d13000-7f66a2ed3000 r-xp 00000000 08:12 266584                     /lib/x86_64-linux-gnu/libc-2.21.so
7f66a2ed3000-7f66a30d3000 ---p 001c0000 08:12 266584                     /lib/x86_64-linux-gnu/libc-2.21.so
7f66a30d3000-7f66a30d7000 r--p 001c0000 08:12 266584                     /lib/x86_64-linux-gnu/libc-2.21.so
7f66a30d7000-7f66a30d9000 rw-p 001c4000 08:12 266584                     /lib/x86_64-linux-gnu/libc-2.21.so
7f66a30d9000-7f66a30dd000 rw-p 00000000 00:00 0 
7f66a30dd000-7f66a30e0000 r-xp 00000000 08:12 266601                     /lib/x86_64-linux-gnu/libdl-2.21.so
7f66a30e0000-7f66a32df000 ---p 00003000 08:12 266601                     /lib/x86_64-linux-gnu/libdl-2.21.so
7f66a32df000-7f66a32e0000 r--p 00002000 08:12 266601                     /lib/x86_64-linux-gnu/libdl-2.21.so
7f66a32e0000-7f66a32e1000 rw-p 00003000 08:12 266601                     /lib/x86_64-linux-gnu/libdl-2.21.so
7f66a32e1000-7f66a32f6000 r-xp 00000000 08:12 4198721                    /usr/lib/jvm/java-8-oracle/lib/amd64/jli/libjli.so
7f66a32f6000-7f66a34f6000 ---p 00015000 08:12 4198721                    /usr/lib/jvm/java-8-oracle/lib/amd64/jli/libjli.so
7f66a34f6000-7f66a34f7000 rw-p 00015000 08:12 4198721                    /usr/lib/jvm/java-8-oracle/lib/amd64/jli/libjli.so
7f66a34f7000-7f66a350f000 r-xp 00000000 08:12 266717                     /lib/x86_64-linux-gnu/libpthread-2.21.so
7f66a350f000-7f66a370f000 ---p 00018000 08:12 266717                     /lib/x86_64-linux-gnu/libpthread-2.21.so
7f66a370f000-7f66a3710000 r--p 00018000 08:12 266717                     /lib/x86_64-linux-gnu/libpthread-2.21.so
7f66a3710000-7f66a3711000 rw-p 00019000 08:12 266717                     /lib/x86_64-linux-gnu/libpthread-2.21.so
7f66a3711000-7f66a3715000 rw-p 00000000 00:00 0 
7f66a3715000-7f66a3739000 r-xp 00000000 08:12 266556                     /lib/x86_64-linux-gnu/ld-2.21.so
7f66a373d000-7f66a380f000 rw-p 00000000 00:00 0 
7f66a380f000-7f66a3812000 ---p 00000000 00:00 0 
7f66a3812000-7f66a3914000 rw-p 00000000 00:00 0                          [stack:28507]
7f66a3915000-7f66a392c000 rw-p 00000000 00:00 0 
7f66a392c000-7f66a3934000 rw-s 00000000 08:12 3408076                    /tmp/hsperfdata_duke/28502
7f66a3934000-7f66a3935000 rw-p 00000000 00:00 0 
7f66a3935000-7f66a3936000 r--p 00000000 00:00 0 
7f66a3936000-7f66a3938000 rw-p 00000000 00:00 0 
7f66a3938000-7f66a3939000 r--p 00023000 08:12 266556                     /lib/x86_64-linux-gnu/ld-2.21.so
7f66a3939000-7f66a393a000 rw-p 00024000 08:12 266556                     /lib/x86_64-linux-gnu/ld-2.21.so
7f66a393a000-7f66a393b000 rw-p 00000000 00:00 0 
7ffc80234000-7ffc80255000 rw-p 00000000 00:00 0                          [stack]
7ffc803f2000-7ffc803f4000 r--p 00000000 00:00 0                          [vvar]
7ffc803f4000-7ffc803f6000 r-xp 00000000 00:00 0                          [vdso]
ffffffffff600000-ffffffffff601000 r-xp 00000000 00:00 0                  [vsyscall]

VM Arguments:
jvm_args: -Xmx1024M -Dfile.encoding=UTF-8 -Duser.country=US -Duser.language=en -Duser.variant 
java_command: com.android.dx.command.Main --dex --output /home/duke/AndroidStudioProjects/MasterSahab/app/build/intermediates/dex/debug /home/duke/AndroidStudioProjects/MasterSahab/app/build/intermediates/classes/debug /home/duke/AndroidStudioProjects/MasterSahab/app/build/intermediates/pre-dexed/debug/support-annotations-22.2.0-d11b86e8a8d5a60125987e55ed19da6fe916ed6c.jar /home/duke/AndroidStudioProjects/MasterSahab/app/build/intermediates/pre-dexed/debug/internal_impl-22.2.0-9fd2cdf11b2cb58a68c8003917e19ca6197745ad.jar /home/duke/AndroidStudioProjects/MasterSahab/app/build/intermediates/pre-dexed/debug/classes-8ef248cfe074cd8203cc4c867f71e14f57d6780a.jar /home/duke/AndroidStudioProjects/MasterSahab/app/build/intermediates/pre-dexed/debug/classes-dccf93463063885d5b233794907a60cd6aefb60c.jar
java_class_path (initial): /opt/android-sdk-linux/build-tools/21.1.2/lib/dx.jar
Launcher Type: SUN_STANDARD

Environment Variables:
JAVA_HOME=/usr/lib/jvm/java-8-oracle
PATH=/usr/local/sbin:/usr/local/bin:/usr/sbin:/usr/bin:/sbin:/bin:/usr/games:/usr/local/games:/usr/lib/jvm/java-8-oracle/bin:/usr/lib/jvm/java-8-oracle/db/bin:/usr/lib/jvm/java-8-oracle/jre/bin
LD_LIBRARY_PATH=/home/duke/Apps/android-studio/bin:
SHELL=/bin/bash
DISPLAY=:0

Signal Handlers:
SIGSEGV: [libjvm.so+0xaba2a0], sa_mask[0]=11111111011111111101111111111110, sa_flags=SA_RESTART|SA_SIGINFO
SIGBUS: [libjvm.so+0xaba2a0], sa_mask[0]=11111111011111111101111111111110, sa_flags=SA_RESTART|SA_SIGINFO
SIGFPE: [libjvm.so+0x917710], sa_mask[0]=11111111011111111101111111111110, sa_flags=SA_RESTART|SA_SIGINFO
SIGPIPE: [libjvm.so+0x917710], sa_mask[0]=11111111011111111101111111111110, sa_flags=SA_RESTART|SA_SIGINFO
SIGXFSZ: [libjvm.so+0x917710], sa_mask[0]=11111111011111111101111111111110, sa_flags=SA_RESTART|SA_SIGINFO
SIGILL: [libjvm.so+0x917710], sa_mask[0]=11111111011111111101111111111110, sa_flags=SA_RESTART|SA_SIGINFO
SIGUSR1: SIG_DFL, sa_mask[0]=00000000000000000000000000000000, sa_flags=none
SIGUSR2: [libjvm.so+0x918d40], sa_mask[0]=00100000000000000000000000000000, sa_flags=SA_RESTART|SA_SIGINFO
SIGHUP: [libjvm.so+0x91a140], sa_mask[0]=11111111011111111101111111111110, sa_flags=SA_RESTART|SA_SIGINFO
SIGINT: [libjvm.so+0x91a140], sa_mask[0]=11111111011111111101111111111110, sa_flags=SA_RESTART|SA_SIGINFO
SIGTERM: [libjvm.so+0x91a140], sa_mask[0]=11111111011111111101111111111110, sa_flags=SA_RESTART|SA_SIGINFO
SIGQUIT: [libjvm.so+0x91a140], sa_mask[0]=11111111011111111101111111111110, sa_flags=SA_RESTART|SA_SIGINFO


---------------  S Y S T E M  ---------------

OS:DISTRIB_ID=Ubuntu
DISTRIB_RELEASE=15.10
DISTRIB_CODENAME=wily
DISTRIB_DESCRIPTION="Ubuntu 15.10"

uname:Linux 4.2.0-27-generic #32-Ubuntu SMP Fri Jan 22 04:49:08 UTC 2016 x86_64
libc:glibc 2.21 NPTL 2.21 
rlimit: STACK 8192k, CORE 0k, NPROC 31796, NOFILE 65536, AS infinity
load average:1.16 0.82 0.80

/proc/meminfo:
MemTotal:        8174564 kB
MemFree:          791452 kB
MemAvailable:    3751016 kB
Buffers:          587716 kB
Cached:          2933924 kB
SwapCached:            0 kB
Active:          5172880 kB
Inactive:        1906240 kB
Active(anon):    3807192 kB
Inactive(anon):   408572 kB
Active(file):    1365688 kB
Inactive(file):  1497668 kB
Unevictable:          32 kB
Mlocked:              32 kB
SwapTotal:       1998844 kB
SwapFree:        1998844 kB
Dirty:              2424 kB
Writeback:             0 kB
AnonPages:       3557620 kB
Mapped:           563484 kB
Shmem:            658296 kB
Slab:             177968 kB
SReclaimable:     138784 kB
SUnreclaim:        39184 kB
KernelStack:        9328 kB
PageTables:        44888 kB
NFS_Unstable:          0 kB
Bounce:                0 kB
WritebackTmp:          0 kB
CommitLimit:     6086124 kB
Committed_AS:    7055272 kB
VmallocTotal:   34359738367 kB
VmallocUsed:       87400 kB
VmallocChunk:   34359586812 kB
HardwareCorrupted:     0 kB
AnonHugePages:   2467840 kB
CmaTotal:              0 kB
CmaFree:               0 kB
HugePages_Total:       0
HugePages_Free:        0
HugePages_Rsvd:        0
HugePages_Surp:        0
Hugepagesize:       2048 kB
DirectMap4k:      240576 kB
DirectMap2M:     8146944 kB


CPU:total 4 (4 cores per cpu, 1 threads per core) family 6 model 15 stepping 11, cmov, cx8, fxsr, mmx, sse, sse2, sse3, ssse3, tsc

/proc/cpuinfo:
processor	: 0
vendor_id	: GenuineIntel
cpu family	: 6
model		: 15
model name	: Intel(R) Core(TM)2 Quad CPU    Q6600  @ 2.40GHz
stepping	: 11
microcode	: 0xba
cpu MHz		: 2400.000
cache size	: 4096 KB
physical id	: 0
siblings	: 4
core id		: 0
cpu cores	: 4
apicid		: 0
initial apicid	: 0
fpu		: yes
fpu_exception	: yes
cpuid level	: 10
wp		: yes
flags		: fpu vme de pse tsc msr pae mce cx8 apic sep mtrr pge mca cmov pat pse36 clflush dts acpi mmx fxsr sse sse2 ss ht tm pbe syscall nx lm constant_tsc arch_perfmon pebs bts rep_good nopl aperfmperf pni dtes64 monitor ds_cpl vmx est tm2 ssse3 cx16 xtpr pdcm lahf_lm dtherm tpr_shadow vnmi flexpriority
bugs		:
bogomips	: 4800.11
clflush size	: 64
cache_alignment	: 64
address sizes	: 36 bits physical, 48 bits virtual
power management:

processor	: 1
vendor_id	: GenuineIntel
cpu family	: 6
model		: 15
model name	: Intel(R) Core(TM)2 Quad CPU    Q6600  @ 2.40GHz
stepping	: 11
microcode	: 0xba
cpu MHz		: 2400.000
cache size	: 4096 KB
physical id	: 0
siblings	: 4
core id		: 1
cpu cores	: 4
apicid		: 1
initial apicid	: 1
fpu		: yes
fpu_exception	: yes
cpuid level	: 10
wp		: yes
flags		: fpu vme de pse tsc msr pae mce cx8 apic sep mtrr pge mca cmov pat pse36 clflush dts acpi mmx fxsr sse sse2 ss ht tm pbe syscall nx lm constant_tsc arch_perfmon pebs bts rep_good nopl aperfmperf pni dtes64 monitor ds_cpl vmx est tm2 ssse3 cx16 xtpr pdcm lahf_lm dtherm tpr_shadow vnmi flexpriority
bugs		:
bogomips	: 4800.11
clflush size	: 64
cache_alignment	: 64
address sizes	: 36 bits physical, 48 bits virtual
power management:

processor	: 2
vendor_id	: GenuineIntel
cpu family	: 6
model		: 15
model name	: Intel(R) Core(TM)2 Quad CPU    Q6600  @ 2.40GHz
stepping	: 11
microcode	: 0xba
cpu MHz		: 2400.000
cache size	: 4096 KB
physical id	: 0
siblings	: 4
core id		: 3
cpu cores	: 4
apicid		: 3
initial apicid	: 3
fpu		: yes
fpu_exception	: yes
cpuid level	: 10
wp		: yes
flags		: fpu vme de pse tsc msr pae mce cx8 apic sep mtrr pge mca cmov pat pse36 clflush dts acpi mmx fxsr sse sse2 ss ht tm pbe syscall nx lm constant_tsc arch_perfmon pebs bts rep_good nopl aperfmperf pni dtes64 monitor ds_cpl vmx est tm2 ssse3 cx16 xtpr pdcm lahf_lm dtherm tpr_shadow vnmi flexpriority
bugs		:
bogomips	: 4800.11
clflush size	: 64
cache_alignment	: 64
address sizes	: 36 bits physical, 48 bits virtual
power management:

processor	: 3
vendor_id	: GenuineIntel
cpu family	: 6
model		: 15
model name	: Intel(R) Core(TM)2 Quad CPU    Q6600  @ 2.40GHz
stepping	: 11
microcode	: 0xba
cpu MHz		: 2400.000
cache size	: 4096 KB
physical id	: 0
siblings	: 4
core id		: 2
cpu cores	: 4
apicid		: 2
initial apicid	: 2
fpu		: yes
fpu_exception	: yes
cpuid level	: 10
wp		: yes
flags		: fpu vme de pse tsc msr pae mce cx8 apic sep mtrr pge mca cmov pat pse36 clflush dts acpi mmx fxsr sse sse2 ss ht tm pbe syscall nx lm constant_tsc arch_perfmon pebs bts rep_good nopl aperfmperf pni dtes64 monitor ds_cpl vmx est tm2 ssse3 cx16 xtpr pdcm lahf_lm dtherm tpr_shadow vnmi flexpriority
bugs		:
bogomips	: 4800.11
clflush size	: 64
cache_alignment	: 64
address sizes	: 36 bits physical, 48 bits virtual
power management:



Memory: 4k page, physical 8174564k(791452k free), swap 1998844k(1998844k free)

vm_info: Java HotSpot(TM) 64-Bit Server VM (25.66-b17) for linux-amd64 JRE (1.8.0_66-b17), built on Oct  6 2015 17:28:34 by "java_re" with gcc 4.3.0 20080428 (Red Hat 4.3.0-8)

time: Sat Feb 13 11:26:50 2016
elapsed time: 2 seconds (0d 0h 0m 2s)

