#
# A fatal error has been detected by the Java Runtime Environment:
#
#  SIGSEGV (0xb) at pc=0x00007f6cae005060, pid=4604, tid=140106204002048
#
# JRE version: Java(TM) SE Runtime Environment (8.0_66-b17) (build 1.8.0_66-b17)
# Java VM: Java HotSpot(TM) 64-Bit Server VM (25.66-b17 mixed mode linux-amd64 compressed oops)
# Problematic frame:
# C  0x00007f6cae005060
#
# Failed to write core dump. Core dumps have been disabled. To enable core dumping, try "ulimit -c unlimited" before starting Java again
#
# If you would like to submit a bug report, please visit:
#   http://bugreport.java.com/bugreport/crash.jsp
#

---------------  T H R E A D  ---------------

Current thread (0x00007f6cfc00a000):  JavaThread "main" [_thread_in_Java, id=4610, stack(0x00007f6d04753000,0x00007f6d04854000)]

siginfo: si_signo: 11 (SIGSEGV), si_code: 1 (SEGV_MAPERR), si_addr: 0x00007f6cae005060

Registers:
RAX=0x00007f6d00644de0, RBX=0x00007f6d00644de0, RCX=0x00000000eb36d418, RDX=0x00007f6d0093a028
RSP=0x00007f6d04851aa8, RBP=0x00007f6d04851b00, RSI=0x00000000eb36d418, RDI=0x0000000000000001
R8 =0x0000000000000048, R9 =0x000000010007dd08, R10=0x00007f6d03c2e2c0, R11=0x00007f6ced1795a0
R12=0x0000000000000000, R13=0x00007f6d04851ab8, R14=0x000000010004ce90, R15=0x00007f6cfc00a000
RIP=0x00007f6cae005060, EFLAGS=0x0000000000010202, CSGSFS=0x0000000000000033, ERR=0x0000000000000014
  TRAPNO=0x000000000000000e

Top of Stack: (sp=0x00007f6d04851aa8)
0x00007f6d04851aa8:   00007f6ced0077e4 00007f6ced0077e4
0x00007f6d04851ab8:   00000000eb36d418 00007f6d04851ac0
0x00007f6d04851ac8:   00007f6d008a1662 00007f6d04851b28
0x00007f6d04851ad8:   00007f6d008a54c8 00007f6d0093a028
0x00007f6d04851ae8:   00007f6d008a16b0 00007f6d04851ab8
0x00007f6d04851af8:   00007f6d04851b20 00007f6d04851b70
0x00007f6d04851b08:   00007f6ced00798d 00000000eb356c98
0x00007f6d04851b18:   00000000eb36d418 00000000eb36d400
0x00007f6d04851b28:   00000000eb34aed0 00007f6d04851b30
0x00007f6d04851b38:   00007f6d008c9cc1 00007f6d04851b88
0x00007f6d04851b48:   00007f6d008ca318 0000000000000000
0x00007f6d04851b58:   00007f6d008c9ce8 00007f6d04851b20
0x00007f6d04851b68:   00007f6d04851b88 00007f6d04851bd0
0x00007f6d04851b78:   00007f6ced00798d 00000000eaedb6d8
0x00007f6d04851b88:   00000000eb36d3f0 00007f6d04851b90
0x00007f6d04851b98:   00007f6d008c9a5a 00007f6d04851be8
0x00007f6d04851ba8:   00007f6d008ca318 0000000000000000
0x00007f6d04851bb8:   00007f6d008c9a80 00007f6d04851b88
0x00007f6d04851bc8:   00007f6d04851be8 00007f6d04851c30
0x00007f6d04851bd8:   00007f6ced00798d 00000000eb36d3f0
0x00007f6d04851be8:   00000000eb34aed0 00007f6d04851bf0
0x00007f6d04851bf8:   00007f6d0089aa5f 00007f6d04851c50
0x00007f6d04851c08:   00007f6d0089b0b8 0000000000000000
0x00007f6d04851c18:   00007f6d0089aaf0 00007f6d04851be8
0x00007f6d04851c28:   00007f6d04851c48 00007f6d04851c98
0x00007f6d04851c38:   00007f6ced00798d 0000000000000000
0x00007f6d04851c48:   00000000eb34aeb0 00000000eb34aed0
0x00007f6d04851c58:   00007f6d04851c58 00007f6d0089a7d8
0x00007f6d04851c68:   00007f6d04851ce0 00007f6d0089b0b8
0x00007f6d04851c78:   0000000000000000 00007f6d0089a878
0x00007f6d04851c88:   00007f6d04851c48 00007f6d04851cb8
0x00007f6d04851c98:   00007f6d04851d28 00007f6ced007710 

Instructions: (pc=0x00007f6cae005060)
0x00007f6cae005040:   
[error occurred during error reporting (printing registers, top of stack, instructions near pc), id 0xb]

Register to memory mapping:

RAX={method} {0x00007f6d00644de0} 'next' '()Ljava/lang/Object;' in 'java/util/ArrayList$Itr'
RBX={method} {0x00007f6d00644de0} 'next' '()Ljava/lang/Object;' in 'java/util/ArrayList$Itr'
RCX=0x00000000eb36d418 is an oop
java.util.ArrayList$Itr 
 - klass: 'java/util/ArrayList$Itr'
RDX=0x00007f6d0093a028 is pointing into metadata
RSP=0x00007f6d04851aa8 is pointing into the stack for thread: 0x00007f6cfc00a000
RBP=0x00007f6d04851b00 is pointing into the stack for thread: 0x00007f6cfc00a000
RSI=0x00000000eb36d418 is an oop
java.util.ArrayList$Itr 
 - klass: 'java/util/ArrayList$Itr'
RDI=0x0000000000000001 is an unknown value
R8 =0x0000000000000048 is an unknown value
R9 =0x000000010007dd08 is pointing into metadata
R10=0x00007f6d03c2e2c0: <offset 0xfb12c0> in /usr/lib/jvm/java-8-oracle/jre/lib/amd64/server/libjvm.so at 0x00007f6d02c7d000
R11=0x00007f6ced1795a0 is at entry_point+32 in (nmethod*)0x00007f6ced1793d0
R12=0x0000000000000000 is an unknown value
R13=0x00007f6d04851ab8 is pointing into the stack for thread: 0x00007f6cfc00a000
R14=0x000000010004ce90 is pointing into metadata
R15=0x00007f6cfc00a000 is a thread


Stack: [0x00007f6d04753000,0x00007f6d04854000],  sp=0x00007f6d04851aa8,  free space=1018k
Native frames: (J=compiled Java code, j=interpreted, Vv=VM code, C=native code)
C  0x00007f6cae005060
j  com.android.dx.ssa.LiteralOpUpgrader.run()V+17
j  com.android.dx.ssa.LiteralOpUpgrader.process(Lcom/android/dx/ssa/SsaMethod;)V+10
j  com.android.dx.ssa.Optimizer.runSsaFormSteps(Lcom/android/dx/ssa/SsaMethod;Ljava/util/EnumSet;)V+47
j  com.android.dx.ssa.Optimizer.optimize(Lcom/android/dx/rop/code/RopMethod;IZZLcom/android/dx/rop/code/TranslationAdvice;Ljava/util/EnumSet;)Lcom/android/dx/rop/code/RopMethod;+24
j  com.android.dx.ssa.Optimizer.optimize(Lcom/android/dx/rop/code/RopMethod;IZZLcom/android/dx/rop/code/TranslationAdvice;)Lcom/android/dx/rop/code/RopMethod;+12
j  com.android.dx.dex.cf.CfTranslator.processMethods(Lcom/android/dx/cf/direct/DirectClassFile;Lcom/android/dx/dex/cf/CfOptions;Lcom/android/dx/dex/DexOptions;Lcom/android/dx/dex/file/ClassDefItem;Lcom/android/dx/dex/file/DexFile;)V+265
j  com.android.dx.dex.cf.CfTranslator.translate0(Lcom/android/dx/cf/direct/DirectClassFile;[BLcom/android/dx/dex/cf/CfOptions;Lcom/android/dx/dex/DexOptions;Lcom/android/dx/dex/file/DexFile;)Lcom/android/dx/dex/file/ClassDefItem;+120
j  com.android.dx.dex.cf.CfTranslator.translate(Lcom/android/dx/cf/direct/DirectClassFile;[BLcom/android/dx/dex/cf/CfOptions;Lcom/android/dx/dex/DexOptions;Lcom/android/dx/dex/file/DexFile;)Lcom/android/dx/dex/file/ClassDefItem;+6
j  com.android.dx.command.dexer.Main.processClass(Ljava/lang/String;[B)Z+251
j  com.android.dx.command.dexer.Main.processFileBytes(Ljava/lang/String;J[B)Z+188
j  com.android.dx.command.dexer.Main.access$300(Ljava/lang/String;J[B)Z+3
j  com.android.dx.command.dexer.Main$1.processFileBytes(Ljava/lang/String;J[B)Z+4
j  com.android.dx.cf.direct.ClassPathOpener.processOne(Ljava/io/File;Z)Z+82
j  com.android.dx.cf.direct.ClassPathOpener.processDirectory(Ljava/io/File;Z)Z+64
j  com.android.dx.cf.direct.ClassPathOpener.processOne(Ljava/io/File;Z)Z+10
j  com.android.dx.cf.direct.ClassPathOpener.processDirectory(Ljava/io/File;Z)Z+64
j  com.android.dx.cf.direct.ClassPathOpener.processOne(Ljava/io/File;Z)Z+10
j  com.android.dx.cf.direct.ClassPathOpener.processDirectory(Ljava/io/File;Z)Z+64
j  com.android.dx.cf.direct.ClassPathOpener.processOne(Ljava/io/File;Z)Z+10
j  com.android.dx.cf.direct.ClassPathOpener.processDirectory(Ljava/io/File;Z)Z+64
j  com.android.dx.cf.direct.ClassPathOpener.processOne(Ljava/io/File;Z)Z+10
j  com.android.dx.cf.direct.ClassPathOpener.process()Z+15
j  com.android.dx.command.dexer.Main.processOne(Ljava/lang/String;Lcom/android/dx/cf/direct/ClassPathOpener$FileNameFilter;)V+58
j  com.android.dx.command.dexer.Main.processAllFiles()Z+202
j  com.android.dx.command.dexer.Main.runMonoDex()I+58
j  com.android.dx.command.dexer.Main.run(Lcom/android/dx/command/dexer/Main$Arguments;)I+76
j  com.android.dx.command.dexer.Main.main([Ljava/lang/String;)V+14
j  com.android.dx.command.Main.main([Ljava/lang/String;)V+61
v  ~StubRoutines::call_stub
V  [libjvm.so+0x68bc46]  JavaCalls::call_helper(JavaValue*, methodHandle*, JavaCallArguments*, Thread*)+0x1056
V  [libjvm.so+0x6cd262]  jni_invoke_static(JNIEnv_*, JavaValue*, _jobject*, JNICallType, _jmethodID*, JNI_ArgumentPusher*, Thread*)+0x362
V  [libjvm.so+0x6e9c6a]  jni_CallStaticVoidMethod+0x17a
C  [libjli.so+0x7bcc]  JavaMain+0x80c
C  [libpthread.so.0+0x76aa]  start_thread+0xca


---------------  P R O C E S S  ---------------

Java Threads: ( => current thread )
  0x00007f6cfc0ca800 JavaThread "Service Thread" daemon [_thread_blocked, id=4622, stack(0x00007f6ce9286000,0x00007f6ce9387000)]
  0x00007f6cfc0bd800 JavaThread "C1 CompilerThread2" daemon [_thread_blocked, id=4621, stack(0x00007f6ce9387000,0x00007f6ce9488000)]
  0x00007f6cfc0bb800 JavaThread "C2 CompilerThread1" daemon [_thread_blocked, id=4620, stack(0x00007f6ce9488000,0x00007f6ce9589000)]
  0x00007f6cfc0b8800 JavaThread "C2 CompilerThread0" daemon [_thread_blocked, id=4619, stack(0x00007f6ce9589000,0x00007f6ce968a000)]
  0x00007f6cfc0b7000 JavaThread "Signal Dispatcher" daemon [_thread_blocked, id=4618, stack(0x00007f6ce968a000,0x00007f6ce978b000)]
  0x00007f6cfc07f800 JavaThread "Finalizer" daemon [_thread_blocked, id=4617, stack(0x00007f6ce9ead000,0x00007f6ce9fae000)]
  0x00007f6cfc07d000 JavaThread "Reference Handler" daemon [_thread_blocked, id=4616, stack(0x00007f6ce9fae000,0x00007f6cea0af000)]
=>0x00007f6cfc00a000 JavaThread "main" [_thread_in_Java, id=4610, stack(0x00007f6d04753000,0x00007f6d04854000)]

Other Threads:
  0x00007f6cfc078000 VMThread [stack: 0x00007f6cea0af000,0x00007f6cea1b0000] [id=4615]
  0x00007f6cfc0cd800 WatcherThread [stack: 0x00007f6ce9185000,0x00007f6ce9286000] [id=4623]

VM state:not at safepoint (normal execution)

VM Mutex/Monitor currently owned by a thread: None

Heap:
 PSYoungGen      total 37888K, used 9250K [0x00000000eab00000, 0x00000000ed500000, 0x0000000100000000)
  eden space 32768K, 28% used [0x00000000eab00000,0x00000000eb408990,0x00000000ecb00000)
  from space 5120K, 0% used [0x00000000ed000000,0x00000000ed000000,0x00000000ed500000)
  to   space 5120K, 0% used [0x00000000ecb00000,0x00000000ecb00000,0x00000000ed000000)
 ParOldGen       total 86016K, used 0K [0x00000000c0000000, 0x00000000c5400000, 0x00000000eab00000)
  object space 86016K, 0% used [0x00000000c0000000,0x00000000c0000000,0x00000000c5400000)
 Metaspace       used 4810K, capacity 6384K, committed 6528K, reserved 1056768K
  class space    used 527K, capacity 616K, committed 640K, reserved 1048576K

Card table byte_map: [0x00007f6d0131a000,0x00007f6d0151b000] byte_map_base: 0x00007f6d00d1a000

Marking Bits: (ParMarkBitMap*) 0x00007f6d03c2c020
 Begin Bits: [0x00007f6ceb000000, 0x00007f6cec000000)
 End Bits:   [0x00007f6cec000000, 0x00007f6ced000000)

Polling page: 0x00007f6d04879000

CodeCache: size=245760Kb used=1745Kb max_used=1749Kb free=244014Kb
 bounds [0x00007f6ced000000, 0x00007f6ced270000, 0x00007f6cfc000000]
 total_blobs=621 nmethods=367 adapters=170
 compilation: enabled

Compilation events (10 events):
Event: 0.427 Thread 0x00007f6cfc0bd800  361       1       com.android.dx.ssa.SsaMethod::access$100 (5 bytes)
Event: 0.427 Thread 0x00007f6cfc0bd800 nmethod 361 0x00007f6ced1b26d0 code [0x00007f6ced1b2820, 0x00007f6ced1b2910]
Event: 0.427 Thread 0x00007f6cfc0bd800  326       1       com.android.dx.rop.code.RegisterSpec::getTypeBearer (5 bytes)
Event: 0.427 Thread 0x00007f6cfc0bd800 nmethod 326 0x00007f6ced1b2990 code [0x00007f6ced1b2ae0, 0x00007f6ced1b2bf0]
Event: 0.427 Thread 0x00007f6cfc0bd800  338       1       com.android.dx.cf.code.BaseMachine::argCount (5 bytes)
Event: 0.427 Thread 0x00007f6cfc0bd800 nmethod 338 0x00007f6ced1b2c50 code [0x00007f6ced1b2da0, 0x00007f6ced1b2eb0]
Event: 0.427 Thread 0x00007f6cfc0bd800  364       3       com.android.dx.ssa.DeadCodeRemover::hasSideEffect (11 bytes)
Event: 0.427 Thread 0x00007f6cfc0bd800 nmethod 364 0x00007f6ced1b2f10 code [0x00007f6ced1b3080, 0x00007f6ced1b32c8]
Event: 0.427 Thread 0x00007f6cfc0bd800  365       3       com.android.dx.ssa.NormalSsaInsn::hasSideEffect (76 bytes)
Event: 0.428 Thread 0x00007f6cfc0bb800 nmethod 362 0x00007f6ced1b60d0 code [0x00007f6ced1b6220, 0x00007f6ced1b6358]

GC Heap History (0 events):
No events

Deoptimization events (0 events):
No events

Internal exceptions (2 events):
Event: 0.054 Thread 0x00007f6cfc00a000 Exception <a 'java/lang/NoSuchMethodError': Method sun.misc.Unsafe.defineClass(Ljava/lang/String;[BII)Ljava/lang/Class; name or signature does not match> (0x00000000eab12b90) thrown at [/HUDSON/workspace/8-2-build-linux-amd64/jdk8u66/4988/hotspot/src/shar
Event: 0.054 Thread 0x00007f6cfc00a000 Exception <a 'java/lang/NoSuchMethodError': Method sun.misc.Unsafe.prefetchRead(Ljava/lang/Object;J)V name or signature does not match> (0x00000000eab12e78) thrown at [/HUDSON/workspace/8-2-build-linux-amd64/jdk8u66/4988/hotspot/src/share/vm/prims/jni.cpp

Events (10 events):
Event: 0.405 loading class com/android/dx/dex/file/AnnotationItem$TypeIdSorter
Event: 0.405 loading class com/android/dx/dex/file/AnnotationItem$TypeIdSorter done
Event: 0.406 loading class com/android/dx/dex/file/TypeIdItem
Event: 0.406 loading class com/android/dx/dex/file/TypeIdItem done
Event: 0.406 loading class com/android/dx/dex/file/ValueEncoder
Event: 0.406 loading class com/android/dx/dex/file/ValueEncoder done
Event: 0.407 loading class com/android/dx/dex/file/StringIdItem
Event: 0.407 loading class com/android/dx/dex/file/StringIdItem done
Event: 0.408 loading class com/android/dx/dex/file/StringDataItem
Event: 0.408 loading class com/android/dx/dex/file/StringDataItem done


Dynamic libraries:
00400000-00401000 r-xp 00000000 08:12 4072075                            /usr/lib/jvm/java-8-oracle/bin/java
00600000-00601000 rw-p 00000000 08:12 4072075                            /usr/lib/jvm/java-8-oracle/bin/java
00f50000-00f71000 rw-p 00000000 00:00 0                                  [heap]
c0000000-c5400000 rw-p 00000000 00:00 0 
c5400000-eab00000 ---p 00000000 00:00 0 
eab00000-ed500000 rw-p 00000000 00:00 0 
ed500000-100000000 ---p 00000000 00:00 0 
100000000-1000a0000 rw-p 00000000 00:00 0 
1000a0000-140000000 ---p 00000000 00:00 0 
7f6cb4000000-7f6cb4021000 rw-p 00000000 00:00 0 
7f6cb4021000-7f6cb8000000 ---p 00000000 00:00 0 
7f6cb8000000-7f6cb8021000 rw-p 00000000 00:00 0 
7f6cb8021000-7f6cbc000000 ---p 00000000 00:00 0 
7f6cbc000000-7f6cbc0db000 rw-p 00000000 00:00 0 
7f6cbc0db000-7f6cc0000000 ---p 00000000 00:00 0 
7f6cc0000000-7f6cc013d000 rw-p 00000000 00:00 0 
7f6cc013d000-7f6cc4000000 ---p 00000000 00:00 0 
7f6cc4000000-7f6cc4021000 rw-p 00000000 00:00 0 
7f6cc4021000-7f6cc8000000 ---p 00000000 00:00 0 
7f6cc8000000-7f6cc808a000 rw-p 00000000 00:00 0 
7f6cc808a000-7f6ccc000000 ---p 00000000 00:00 0 
7f6ccc000000-7f6ccc021000 rw-p 00000000 00:00 0 
7f6ccc021000-7f6cd0000000 ---p 00000000 00:00 0 
7f6cd0000000-7f6cd0021000 rw-p 00000000 00:00 0 
7f6cd0021000-7f6cd4000000 ---p 00000000 00:00 0 
7f6cd4000000-7f6cd4021000 rw-p 00000000 00:00 0 
7f6cd4021000-7f6cd8000000 ---p 00000000 00:00 0 
7f6cd8000000-7f6cd8021000 rw-p 00000000 00:00 0 
7f6cd8021000-7f6cdc000000 ---p 00000000 00:00 0 
7f6cdc000000-7f6cdc021000 rw-p 00000000 00:00 0 
7f6cdc021000-7f6ce0000000 ---p 00000000 00:00 0 
7f6ce0000000-7f6ce0021000 rw-p 00000000 00:00 0 
7f6ce0021000-7f6ce4000000 ---p 00000000 00:00 0 
7f6ce4000000-7f6ce4021000 rw-p 00000000 00:00 0 
7f6ce4021000-7f6ce8000000 ---p 00000000 00:00 0 
7f6ce9176000-7f6ce9185000 r--s 000dd000 08:12 1704044                    /opt/android-sdk-linux/build-tools/21.1.2/lib/dx.jar
7f6ce9185000-7f6ce9186000 ---p 00000000 00:00 0 
7f6ce9186000-7f6ce9286000 rw-p 00000000 00:00 0                          [stack:4623]
7f6ce9286000-7f6ce9289000 ---p 00000000 00:00 0 
7f6ce9289000-7f6ce9387000 rw-p 00000000 00:00 0                          [stack:4622]
7f6ce9387000-7f6ce938a000 ---p 00000000 00:00 0 
7f6ce938a000-7f6ce9488000 rw-p 00000000 00:00 0                          [stack:4621]
7f6ce9488000-7f6ce948b000 ---p 00000000 00:00 0 
7f6ce948b000-7f6ce9589000 rw-p 00000000 00:00 0                          [stack:4620]
7f6ce9589000-7f6ce958c000 ---p 00000000 00:00 0 
7f6ce958c000-7f6ce968a000 rw-p 00000000 00:00 0                          [stack:4619]
7f6ce968a000-7f6ce968d000 ---p 00000000 00:00 0 
7f6ce968d000-7f6ce978b000 rw-p 00000000 00:00 0                          [stack:4618]
7f6ce978b000-7f6ce9ead000 r--p 00000000 08:12 3546878                    /usr/lib/locale/locale-archive
7f6ce9ead000-7f6ce9eb0000 ---p 00000000 00:00 0 
7f6ce9eb0000-7f6ce9fae000 rw-p 00000000 00:00 0                          [stack:4617]
7f6ce9fae000-7f6ce9fb1000 ---p 00000000 00:00 0 
7f6ce9fb1000-7f6cea0af000 rw-p 00000000 00:00 0                          [stack:4616]
7f6cea0af000-7f6cea0b0000 ---p 00000000 00:00 0 
7f6cea0b0000-7f6ced000000 rw-p 00000000 00:00 0                          [stack:4615]
7f6ced000000-7f6ced270000 rwxp 00000000 00:00 0 
7f6ced270000-7f6cfc000000 ---p 00000000 00:00 0 
7f6cfc000000-7f6cfc47e000 rw-p 00000000 00:00 0 
7f6cfc47e000-7f6d00000000 ---p 00000000 00:00 0 
7f6d0000d000-7f6d00171000 rw-p 00000000 00:00 0 
7f6d00171000-7f6d0034a000 r--s 03d20000 08:12 4198918                    /usr/lib/jvm/java-8-oracle/jre/lib/rt.jar
7f6d0034a000-7f6d00980000 rw-p 00000000 00:00 0 
7f6d00980000-7f6d00bc0000 ---p 00000000 00:00 0 
7f6d00bc0000-7f6d00dc0000 rw-p 00000000 00:00 0 
7f6d00dc0000-7f6d00dc1000 ---p 00000000 00:00 0 
7f6d00dc1000-7f6d00ec1000 rw-p 00000000 00:00 0                          [stack:4614]
7f6d00ec1000-7f6d00ec2000 ---p 00000000 00:00 0 
7f6d00ec2000-7f6d00fc2000 rw-p 00000000 00:00 0                          [stack:4613]
7f6d00fc2000-7f6d00fc3000 ---p 00000000 00:00 0 
7f6d00fc3000-7f6d010c3000 rw-p 00000000 00:00 0                          [stack:4612]
7f6d010c3000-7f6d010c4000 ---p 00000000 00:00 0 
7f6d010c4000-7f6d011ee000 rw-p 00000000 00:00 0                          [stack:4611]
7f6d011ee000-7f6d0131a000 ---p 00000000 00:00 0 
7f6d0131a000-7f6d01344000 rw-p 00000000 00:00 0 
7f6d01344000-7f6d0146f000 ---p 00000000 00:00 0 
7f6d0146f000-7f6d01485000 rw-p 00000000 00:00 0 
7f6d01485000-7f6d0151a000 ---p 00000000 00:00 0 
7f6d0151a000-7f6d01525000 rw-p 00000000 00:00 0 
7f6d01525000-7f6d018db000 ---p 00000000 00:00 0 
7f6d018db000-7f6d018f5000 r-xp 00000000 08:12 4203595                    /usr/lib/jvm/java-8-oracle/jre/lib/amd64/libzip.so
7f6d018f5000-7f6d01af5000 ---p 0001a000 08:12 4203595                    /usr/lib/jvm/java-8-oracle/jre/lib/amd64/libzip.so
7f6d01af5000-7f6d01af6000 rw-p 0001a000 08:12 4203595                    /usr/lib/jvm/java-8-oracle/jre/lib/amd64/libzip.so
7f6d01af6000-7f6d01b02000 r-xp 00000000 08:12 266670                     /lib/x86_64-linux-gnu/libnss_files-2.21.so
7f6d01b02000-7f6d01d01000 ---p 0000c000 08:12 266670                     /lib/x86_64-linux-gnu/libnss_files-2.21.so
7f6d01d01000-7f6d01d02000 r--p 0000b000 08:12 266670                     /lib/x86_64-linux-gnu/libnss_files-2.21.so
7f6d01d02000-7f6d01d03000 rw-p 0000c000 08:12 266670                     /lib/x86_64-linux-gnu/libnss_files-2.21.so
7f6d01d03000-7f6d01d0e000 r-xp 00000000 08:12 266680                     /lib/x86_64-linux-gnu/libnss_nis-2.21.so
7f6d01d0e000-7f6d01f0d000 ---p 0000b000 08:12 266680                     /lib/x86_64-linux-gnu/libnss_nis-2.21.so
7f6d01f0d000-7f6d01f0e000 r--p 0000a000 08:12 266680                     /lib/x86_64-linux-gnu/libnss_nis-2.21.so
7f6d01f0e000-7f6d01f0f000 rw-p 0000b000 08:12 266680                     /lib/x86_64-linux-gnu/libnss_nis-2.21.so
7f6d01f0f000-7f6d01f26000 r-xp 00000000 08:12 266664                     /lib/x86_64-linux-gnu/libnsl-2.21.so
7f6d01f26000-7f6d02125000 ---p 00017000 08:12 266664                     /lib/x86_64-linux-gnu/libnsl-2.21.so
7f6d02125000-7f6d02126000 r--p 00016000 08:12 266664                     /lib/x86_64-linux-gnu/libnsl-2.21.so
7f6d02126000-7f6d02127000 rw-p 00017000 08:12 266664                     /lib/x86_64-linux-gnu/libnsl-2.21.so
7f6d02127000-7f6d02129000 rw-p 00000000 00:00 0 
7f6d02129000-7f6d02131000 r-xp 00000000 08:12 266666                     /lib/x86_64-linux-gnu/libnss_compat-2.21.so
7f6d02131000-7f6d02330000 ---p 00008000 08:12 266666                     /lib/x86_64-linux-gnu/libnss_compat-2.21.so
7f6d02330000-7f6d02331000 r--p 00007000 08:12 266666                     /lib/x86_64-linux-gnu/libnss_compat-2.21.so
7f6d02331000-7f6d02332000 rw-p 00008000 08:12 266666                     /lib/x86_64-linux-gnu/libnss_compat-2.21.so
7f6d02332000-7f6d0235c000 r-xp 00000000 08:12 4203590                    /usr/lib/jvm/java-8-oracle/jre/lib/amd64/libjava.so
7f6d0235c000-7f6d0255c000 ---p 0002a000 08:12 4203590                    /usr/lib/jvm/java-8-oracle/jre/lib/amd64/libjava.so
7f6d0255c000-7f6d0255e000 rw-p 0002a000 08:12 4203590                    /usr/lib/jvm/java-8-oracle/jre/lib/amd64/libjava.so
7f6d0255e000-7f6d0256b000 r-xp 00000000 08:12 4203594                    /usr/lib/jvm/java-8-oracle/jre/lib/amd64/libverify.so
7f6d0256b000-7f6d0276b000 ---p 0000d000 08:12 4203594                    /usr/lib/jvm/java-8-oracle/jre/lib/amd64/libverify.so
7f6d0276b000-7f6d0276d000 rw-p 0000d000 08:12 4203594                    /usr/lib/jvm/java-8-oracle/jre/lib/amd64/libverify.so
7f6d0276d000-7f6d02774000 r-xp 00000000 08:12 266725                     /lib/x86_64-linux-gnu/librt-2.21.so
7f6d02774000-7f6d02973000 ---p 00007000 08:12 266725                     /lib/x86_64-linux-gnu/librt-2.21.so
7f6d02973000-7f6d02974000 r--p 00006000 08:12 266725                     /lib/x86_64-linux-gnu/librt-2.21.so
7f6d02974000-7f6d02975000 rw-p 00007000 08:12 266725                     /lib/x86_64-linux-gnu/librt-2.21.so
7f6d02975000-7f6d02a7c000 r-xp 00000000 08:12 266643                     /lib/x86_64-linux-gnu/libm-2.21.so
7f6d02a7c000-7f6d02c7b000 ---p 00107000 08:12 266643                     /lib/x86_64-linux-gnu/libm-2.21.so
7f6d02c7b000-7f6d02c7c000 r--p 00106000 08:12 266643                     /lib/x86_64-linux-gnu/libm-2.21.so
7f6d02c7c000-7f6d02c7d000 rw-p 00107000 08:12 266643                     /lib/x86_64-linux-gnu/libm-2.21.so
7f6d02c7d000-7f6d0393b000 r-xp 00000000 08:12 4201549                    /usr/lib/jvm/java-8-oracle/jre/lib/amd64/server/libjvm.so
7f6d0393b000-7f6d03b3a000 ---p 00cbe000 08:12 4201549                    /usr/lib/jvm/java-8-oracle/jre/lib/amd64/server/libjvm.so
7f6d03b3a000-7f6d03c13000 rw-p 00cbd000 08:12 4201549                    /usr/lib/jvm/java-8-oracle/jre/lib/amd64/server/libjvm.so
7f6d03c13000-7f6d03c57000 rw-p 00000000 00:00 0 
7f6d03c57000-7f6d03e17000 r-xp 00000000 08:12 266584                     /lib/x86_64-linux-gnu/libc-2.21.so
7f6d03e17000-7f6d04017000 ---p 001c0000 08:12 266584                     /lib/x86_64-linux-gnu/libc-2.21.so
7f6d04017000-7f6d0401b000 r--p 001c0000 08:12 266584                     /lib/x86_64-linux-gnu/libc-2.21.so
7f6d0401b000-7f6d0401d000 rw-p 001c4000 08:12 266584                     /lib/x86_64-linux-gnu/libc-2.21.so
7f6d0401d000-7f6d04021000 rw-p 00000000 00:00 0 
7f6d04021000-7f6d04024000 r-xp 00000000 08:12 266601                     /lib/x86_64-linux-gnu/libdl-2.21.so
7f6d04024000-7f6d04223000 ---p 00003000 08:12 266601                     /lib/x86_64-linux-gnu/libdl-2.21.so
7f6d04223000-7f6d04224000 r--p 00002000 08:12 266601                     /lib/x86_64-linux-gnu/libdl-2.21.so
7f6d04224000-7f6d04225000 rw-p 00003000 08:12 266601                     /lib/x86_64-linux-gnu/libdl-2.21.so
7f6d04225000-7f6d0423a000 r-xp 00000000 08:12 4198721                    /usr/lib/jvm/java-8-oracle/lib/amd64/jli/libjli.so
7f6d0423a000-7f6d0443a000 ---p 00015000 08:12 4198721                    /usr/lib/jvm/java-8-oracle/lib/amd64/jli/libjli.so
7f6d0443a000-7f6d0443b000 rw-p 00015000 08:12 4198721                    /usr/lib/jvm/java-8-oracle/lib/amd64/jli/libjli.so
7f6d0443b000-7f6d04453000 r-xp 00000000 08:12 266717                     /lib/x86_64-linux-gnu/libpthread-2.21.so
7f6d04453000-7f6d04653000 ---p 00018000 08:12 266717                     /lib/x86_64-linux-gnu/libpthread-2.21.so
7f6d04653000-7f6d04654000 r--p 00018000 08:12 266717                     /lib/x86_64-linux-gnu/libpthread-2.21.so
7f6d04654000-7f6d04655000 rw-p 00019000 08:12 266717                     /lib/x86_64-linux-gnu/libpthread-2.21.so
7f6d04655000-7f6d04659000 rw-p 00000000 00:00 0 
7f6d04659000-7f6d0467d000 r-xp 00000000 08:12 266556                     /lib/x86_64-linux-gnu/ld-2.21.so
7f6d04681000-7f6d04753000 rw-p 00000000 00:00 0 
7f6d04753000-7f6d04756000 ---p 00000000 00:00 0 
7f6d04756000-7f6d04858000 rw-p 00000000 00:00 0                          [stack:4610]
7f6d04859000-7f6d04870000 rw-p 00000000 00:00 0 
7f6d04870000-7f6d04878000 rw-s 00000000 08:12 3549530                    /tmp/hsperfdata_duke/4604
7f6d04878000-7f6d04879000 rw-p 00000000 00:00 0 
7f6d04879000-7f6d0487a000 r--p 00000000 00:00 0 
7f6d0487a000-7f6d0487c000 rw-p 00000000 00:00 0 
7f6d0487c000-7f6d0487d000 r--p 00023000 08:12 266556                     /lib/x86_64-linux-gnu/ld-2.21.so
7f6d0487d000-7f6d0487e000 rw-p 00024000 08:12 266556                     /lib/x86_64-linux-gnu/ld-2.21.so
7f6d0487e000-7f6d0487f000 rw-p 00000000 00:00 0 
7ffd03b12000-7ffd03b33000 rw-p 00000000 00:00 0                          [stack]
7ffd03b9f000-7ffd03ba1000 r--p 00000000 00:00 0                          [vvar]
7ffd03ba1000-7ffd03ba3000 r-xp 00000000 00:00 0                          [vdso]
ffffffffff600000-ffffffffff601000 r-xp 00000000 00:00 0                  [vsyscall]

VM Arguments:
jvm_args: -Xmx1024M -Dfile.encoding=UTF-8 -Duser.country=US -Duser.language=en -Duser.variant 
java_command: com.android.dx.command.Main --dex --output /home/duke/AndroidStudioProjects/MasterSahab/app/build/intermediates/dex/debug /home/duke/AndroidStudioProjects/MasterSahab/app/build/intermediates/classes/debug /home/duke/AndroidStudioProjects/MasterSahab/app/build/intermediates/pre-dexed/debug/support-annotations-22.2.0-d11b86e8a8d5a60125987e55ed19da6fe916ed6c.jar /home/duke/AndroidStudioProjects/MasterSahab/app/build/intermediates/pre-dexed/debug/internal_impl-22.2.0-9fd2cdf11b2cb58a68c8003917e19ca6197745ad.jar /home/duke/AndroidStudioProjects/MasterSahab/app/build/intermediates/pre-dexed/debug/classes-8ef248cfe074cd8203cc4c867f71e14f57d6780a.jar /home/duke/AndroidStudioProjects/MasterSahab/app/build/intermediates/pre-dexed/debug/classes-dccf93463063885d5b233794907a60cd6aefb60c.jar
java_class_path (initial): /opt/android-sdk-linux/build-tools/21.1.2/lib/dx.jar
Launcher Type: SUN_STANDARD

Environment Variables:
JAVA_HOME=/usr/lib/jvm/java-8-oracle
PATH=/usr/local/sbin:/usr/local/bin:/usr/sbin:/usr/bin:/sbin:/bin:/usr/games:/usr/local/games:/usr/lib/jvm/java-8-oracle/bin:/usr/lib/jvm/java-8-oracle/db/bin:/usr/lib/jvm/java-8-oracle/jre/bin
LD_LIBRARY_PATH=/home/duke/Apps/android-studio/bin:
SHELL=/bin/bash
DISPLAY=:0

Signal Handlers:
SIGSEGV: [libjvm.so+0xaba2a0], sa_mask[0]=11111111011111111101111111111110, sa_flags=SA_RESTART|SA_SIGINFO
SIGBUS: [libjvm.so+0xaba2a0], sa_mask[0]=11111111011111111101111111111110, sa_flags=SA_RESTART|SA_SIGINFO
SIGFPE: [libjvm.so+0x917710], sa_mask[0]=11111111011111111101111111111110, sa_flags=SA_RESTART|SA_SIGINFO
SIGPIPE: [libjvm.so+0x917710], sa_mask[0]=11111111011111111101111111111110, sa_flags=SA_RESTART|SA_SIGINFO
SIGXFSZ: [libjvm.so+0x917710], sa_mask[0]=11111111011111111101111111111110, sa_flags=SA_RESTART|SA_SIGINFO
SIGILL: [libjvm.so+0x917710], sa_mask[0]=11111111011111111101111111111110, sa_flags=SA_RESTART|SA_SIGINFO
SIGUSR1: SIG_DFL, sa_mask[0]=00000000000000000000000000000000, sa_flags=none
SIGUSR2: [libjvm.so+0x918d40], sa_mask[0]=00100000000000000000000000000000, sa_flags=SA_RESTART|SA_SIGINFO
SIGHUP: [libjvm.so+0x91a140], sa_mask[0]=11111111011111111101111111111110, sa_flags=SA_RESTART|SA_SIGINFO
SIGINT: [libjvm.so+0x91a140], sa_mask[0]=11111111011111111101111111111110, sa_flags=SA_RESTART|SA_SIGINFO
SIGTERM: [libjvm.so+0x91a140], sa_mask[0]=11111111011111111101111111111110, sa_flags=SA_RESTART|SA_SIGINFO
SIGQUIT: [libjvm.so+0x91a140], sa_mask[0]=11111111011111111101111111111110, sa_flags=SA_RESTART|SA_SIGINFO


---------------  S Y S T E M  ---------------

OS:DISTRIB_ID=Ubuntu
DISTRIB_RELEASE=15.10
DISTRIB_CODENAME=wily
DISTRIB_DESCRIPTION="Ubuntu 15.10"

uname:Linux 4.2.0-19-generic #23-Ubuntu SMP Wed Nov 11 11:39:30 UTC 2015 x86_64
libc:glibc 2.21 NPTL 2.21 
rlimit: STACK 8192k, CORE 0k, NPROC 31796, NOFILE 65536, AS infinity
load average:0.69 0.78 0.78

/proc/meminfo:
MemTotal:        8174576 kB
MemFree:           63468 kB
MemAvailable:    2474244 kB
Buffers:          452468 kB
Cached:          2508264 kB
SwapCached:          848 kB
Active:          5349064 kB
Inactive:        2437708 kB
Active(anon):    4139328 kB
Inactive(anon):  1344256 kB
Active(file):    1209736 kB
Inactive(file):  1093452 kB
Unevictable:          32 kB
Mlocked:              32 kB
SwapTotal:       1998844 kB
SwapFree:        1971820 kB
Dirty:               936 kB
Writeback:             0 kB
AnonPages:       4825328 kB
Mapped:           625360 kB
Shmem:            657552 kB
Slab:             192212 kB
SReclaimable:     150164 kB
SUnreclaim:        42048 kB
KernelStack:       10400 kB
PageTables:        49196 kB
NFS_Unstable:          0 kB
Bounce:                0 kB
WritebackTmp:          0 kB
CommitLimit:     6086132 kB
Committed_AS:    8673872 kB
VmallocTotal:   34359738367 kB
VmallocUsed:       87708 kB
VmallocChunk:   34359586812 kB
HardwareCorrupted:     0 kB
AnonHugePages:   2570240 kB
CmaTotal:              0 kB
CmaFree:               0 kB
HugePages_Total:       0
HugePages_Free:        0
HugePages_Rsvd:        0
HugePages_Surp:        0
Hugepagesize:       2048 kB
DirectMap4k:      240576 kB
DirectMap2M:     8146944 kB


CPU:total 4 (4 cores per cpu, 1 threads per core) family 6 model 15 stepping 11, cmov, cx8, fxsr, mmx, sse, sse2, sse3, ssse3, tsc

/proc/cpuinfo:
processor	: 0
vendor_id	: GenuineIntel
cpu family	: 6
model		: 15
model name	: Intel(R) Core(TM)2 Quad CPU    Q6600  @ 2.40GHz
stepping	: 11
microcode	: 0xba
cpu MHz		: 2400.000
cache size	: 4096 KB
physical id	: 0
siblings	: 4
core id		: 0
cpu cores	: 4
apicid		: 0
initial apicid	: 0
fpu		: yes
fpu_exception	: yes
cpuid level	: 10
wp		: yes
flags		: fpu vme de pse tsc msr pae mce cx8 apic sep mtrr pge mca cmov pat pse36 clflush dts acpi mmx fxsr sse sse2 ss ht tm pbe syscall nx lm constant_tsc arch_perfmon pebs bts rep_good nopl aperfmperf pni dtes64 monitor ds_cpl vmx est tm2 ssse3 cx16 xtpr pdcm lahf_lm dtherm tpr_shadow vnmi flexpriority
bugs		:
bogomips	: 4800.09
clflush size	: 64
cache_alignment	: 64
address sizes	: 36 bits physical, 48 bits virtual
power management:

processor	: 1
vendor_id	: GenuineIntel
cpu family	: 6
model		: 15
model name	: Intel(R) Core(TM)2 Quad CPU    Q6600  @ 2.40GHz
stepping	: 11
microcode	: 0xba
cpu MHz		: 2400.000
cache size	: 4096 KB
physical id	: 0
siblings	: 4
core id		: 1
cpu cores	: 4
apicid		: 1
initial apicid	: 1
fpu		: yes
fpu_exception	: yes
cpuid level	: 10
wp		: yes
flags		: fpu vme de pse tsc msr pae mce cx8 apic sep mtrr pge mca cmov pat pse36 clflush dts acpi mmx fxsr sse sse2 ss ht tm pbe syscall nx lm constant_tsc arch_perfmon pebs bts rep_good nopl aperfmperf pni dtes64 monitor ds_cpl vmx est tm2 ssse3 cx16 xtpr pdcm lahf_lm dtherm tpr_shadow vnmi flexpriority
bugs		:
bogomips	: 4800.09
clflush size	: 64
cache_alignment	: 64
address sizes	: 36 bits physical, 48 bits virtual
power management:

processor	: 2
vendor_id	: GenuineIntel
cpu family	: 6
model		: 15
model name	: Intel(R) Core(TM)2 Quad CPU    Q6600  @ 2.40GHz
stepping	: 11
microcode	: 0xba
cpu MHz		: 2400.000
cache size	: 4096 KB
physical id	: 0
siblings	: 4
core id		: 3
cpu cores	: 4
apicid		: 3
initial apicid	: 3
fpu		: yes
fpu_exception	: yes
cpuid level	: 10
wp		: yes
flags		: fpu vme de pse tsc msr pae mce cx8 apic sep mtrr pge mca cmov pat pse36 clflush dts acpi mmx fxsr sse sse2 ss ht tm pbe syscall nx lm constant_tsc arch_perfmon pebs bts rep_good nopl aperfmperf pni dtes64 monitor ds_cpl vmx est tm2 ssse3 cx16 xtpr pdcm lahf_lm dtherm tpr_shadow vnmi flexpriority
bugs		:
bogomips	: 4800.09
clflush size	: 64
cache_alignment	: 64
address sizes	: 36 bits physical, 48 bits virtual
power management:

processor	: 3
vendor_id	: GenuineIntel
cpu family	: 6
model		: 15
model name	: Intel(R) Core(TM)2 Quad CPU    Q6600  @ 2.40GHz
stepping	: 11
microcode	: 0xba
cpu MHz		: 2400.000
cache size	: 4096 KB
physical id	: 0
siblings	: 4
core id		: 2
cpu cores	: 4
apicid		: 2
initial apicid	: 2
fpu		: yes
fpu_exception	: yes
cpuid level	: 10
wp		: yes
flags		: fpu vme de pse tsc msr pae mce cx8 apic sep mtrr pge mca cmov pat pse36 clflush dts acpi mmx fxsr sse sse2 ss ht tm pbe syscall nx lm constant_tsc arch_perfmon pebs bts rep_good nopl aperfmperf pni dtes64 monitor ds_cpl vmx est tm2 ssse3 cx16 xtpr pdcm lahf_lm dtherm tpr_shadow vnmi flexpriority
bugs		:
bogomips	: 4800.09
clflush size	: 64
cache_alignment	: 64
address sizes	: 36 bits physical, 48 bits virtual
power management:



Memory: 4k page, physical 8174576k(63468k free), swap 1998844k(1971820k free)

vm_info: Java HotSpot(TM) 64-Bit Server VM (25.66-b17) for linux-amd64 JRE (1.8.0_66-b17), built on Oct  6 2015 17:28:34 by "java_re" with gcc 4.3.0 20080428 (Red Hat 4.3.0-8)

time: Wed Dec  2 22:34:23 2015
elapsed time: 0 seconds (0d 0h 0m 0s)

